[2024-10-18T10:57:55.026+0000] {local_task_job_runner.py:123} INFO - ::group::Pre task execution logs
[2024-10-18T10:57:55.058+0000] {taskinstance.py:2612} INFO - Dependencies all met for dep_context=non-requeueable deps ti=<TaskInstance: conditional_dataset_and_time_based_timetable.conditional_dataset_and_time_based_timetable scheduled__2024-10-16T01:00:00+00:00 [queued]>
[2024-10-18T10:57:55.074+0000] {taskinstance.py:2612} INFO - Dependencies all met for dep_context=requeueable deps ti=<TaskInstance: conditional_dataset_and_time_based_timetable.conditional_dataset_and_time_based_timetable scheduled__2024-10-16T01:00:00+00:00 [queued]>
[2024-10-18T10:57:55.075+0000] {taskinstance.py:2865} INFO - Starting attempt 1 of 1
[2024-10-18T10:57:55.103+0000] {taskinstance.py:2888} INFO - Executing <Task(BashOperator): conditional_dataset_and_time_based_timetable> on 2024-10-16 01:00:00+00:00
[2024-10-18T10:57:55.121+0000] {standard_task_runner.py:104} INFO - Running: ['***', 'tasks', 'run', 'conditional_dataset_and_time_based_timetable', 'conditional_dataset_and_time_based_timetable', 'scheduled__2024-10-16T01:00:00+00:00', '--job-id', '3', '--raw', '--subdir', '/home/***/.local/lib/python3.12/site-packages/***/example_dags/example_datasets.py', '--cfg-path', '/tmp/tmpsn8wqn45']
[2024-10-18T10:57:55.126+0000] {standard_task_runner.py:105} INFO - Job 3: Subtask conditional_dataset_and_time_based_timetable
[2024-10-18T10:57:55.130+0000] {logging_mixin.py:190} WARNING - /home/***/.local/lib/python3.12/site-packages/***/task/task_runner/standard_task_runner.py:70 DeprecationWarning: This process (pid=1069) is multi-threaded, use of fork() may lead to deadlocks in the child.
[2024-10-18T10:57:55.132+0000] {standard_task_runner.py:72} INFO - Started process 1079 to run task
[2024-10-18T10:57:55.206+0000] {task_command.py:467} INFO - Running <TaskInstance: conditional_dataset_and_time_based_timetable.conditional_dataset_and_time_based_timetable scheduled__2024-10-16T01:00:00+00:00 [running]> on host c2844c525d2a
[2024-10-18T10:57:55.347+0000] {taskinstance.py:3131} INFO - Exporting env vars: AIRFLOW_CTX_DAG_OWNER='***' AIRFLOW_CTX_DAG_ID='conditional_dataset_and_time_based_timetable' AIRFLOW_CTX_TASK_ID='conditional_dataset_and_time_based_timetable' AIRFLOW_CTX_EXECUTION_DATE='2024-10-16T01:00:00+00:00' AIRFLOW_CTX_TRY_NUMBER='1' AIRFLOW_CTX_DAG_RUN_ID='scheduled__2024-10-16T01:00:00+00:00'
[2024-10-18T10:57:55.351+0000] {logging_mixin.py:190} INFO - Task instance is in running state
[2024-10-18T10:57:55.352+0000] {logging_mixin.py:190} INFO -  Previous state of the Task instance: queued
[2024-10-18T10:57:55.353+0000] {logging_mixin.py:190} INFO - Current task name:conditional_dataset_and_time_based_timetable state:running start_date:2024-10-18 10:57:55.059641+00:00
[2024-10-18T10:57:55.353+0000] {logging_mixin.py:190} INFO - Dag name:conditional_dataset_and_time_based_timetable and current dag run status:running
[2024-10-18T10:57:55.354+0000] {taskinstance.py:731} INFO - ::endgroup::
[2024-10-18T10:57:55.356+0000] {subprocess.py:63} INFO - Tmp dir root location: /tmp
[2024-10-18T10:57:55.359+0000] {subprocess.py:75} INFO - Running command: ['/usr/bin/bash', '-c', 'sleep 5']
[2024-10-18T10:57:55.371+0000] {subprocess.py:86} INFO - Output:
[2024-10-18T10:58:00.376+0000] {subprocess.py:97} INFO - Command exited with return code 0
[2024-10-18T10:58:00.407+0000] {taskinstance.py:340} INFO - ::group::Post task execution logs
[2024-10-18T10:58:00.408+0000] {taskinstance.py:352} INFO - Marking task as SUCCESS. dag_id=conditional_dataset_and_time_based_timetable, task_id=conditional_dataset_and_time_based_timetable, run_id=scheduled__2024-10-16T01:00:00+00:00, execution_date=20241016T010000, start_date=20241018T105755, end_date=20241018T105800
[2024-10-18T10:58:00.430+0000] {logging_mixin.py:190} INFO - Task instance in success state
[2024-10-18T10:58:00.430+0000] {logging_mixin.py:190} INFO -  Previous state of the Task instance: running
[2024-10-18T10:58:00.431+0000] {logging_mixin.py:190} INFO - Dag name:conditional_dataset_and_time_based_timetable queued_at:2024-10-18 10:57:54.164889+00:00
[2024-10-18T10:58:00.431+0000] {logging_mixin.py:190} INFO - Task hostname:c2844c525d2a operator:BashOperator
[2024-10-18T10:58:00.447+0000] {local_task_job_runner.py:266} INFO - Task exited with return code 0
[2024-10-18T10:58:00.462+0000] {taskinstance.py:3900} INFO - 0 downstream tasks scheduled from follow-on schedule check
[2024-10-18T10:58:00.465+0000] {local_task_job_runner.py:245} INFO - ::endgroup::
