[2024-10-18T13:26:31.005+0000] {local_task_job_runner.py:123} INFO - ::group::Pre task execution logs
[2024-10-18T13:26:31.044+0000] {taskinstance.py:2612} INFO - Dependencies all met for dep_context=non-requeueable deps ti=<TaskInstance: our_first_dag_v4.this_is_1st_task scheduled__2021-09-29T00:00:00+00:00 [queued]>
[2024-10-18T13:26:31.061+0000] {taskinstance.py:2612} INFO - Dependencies all met for dep_context=requeueable deps ti=<TaskInstance: our_first_dag_v4.this_is_1st_task scheduled__2021-09-29T00:00:00+00:00 [queued]>
[2024-10-18T13:26:31.061+0000] {taskinstance.py:2865} INFO - Starting attempt 1 of 2
[2024-10-18T13:26:31.078+0000] {taskinstance.py:2888} INFO - Executing <Task(BashOperator): this_is_1st_task> on 2021-09-29 00:00:00+00:00
[2024-10-18T13:26:31.137+0000] {standard_task_runner.py:104} INFO - Running: ['***', 'tasks', 'run', 'our_first_dag_v4', 'this_is_1st_task', 'scheduled__2021-09-29T00:00:00+00:00', '--job-id', '2675', '--raw', '--subdir', 'DAGS_FOLDER/our_first_dag.py', '--cfg-path', '/tmp/tmpsdxw32nu']
[2024-10-18T13:26:31.141+0000] {logging_mixin.py:190} WARNING - /home/***/.local/lib/python3.12/site-packages/***/task/task_runner/standard_task_runner.py:70 DeprecationWarning: This process (pid=5878) is multi-threaded, use of fork() may lead to deadlocks in the child.
[2024-10-18T13:26:31.158+0000] {standard_task_runner.py:105} INFO - Job 2675: Subtask this_is_1st_task
[2024-10-18T13:26:31.161+0000] {standard_task_runner.py:72} INFO - Started process 5896 to run task
[2024-10-18T13:26:31.347+0000] {task_command.py:467} INFO - Running <TaskInstance: our_first_dag_v4.this_is_1st_task scheduled__2021-09-29T00:00:00+00:00 [running]> on host ad4831ffc3d7
[2024-10-18T13:26:31.581+0000] {taskinstance.py:3131} INFO - Exporting env vars: AIRFLOW_CTX_DAG_OWNER='sourabh' AIRFLOW_CTX_DAG_ID='our_first_dag_v4' AIRFLOW_CTX_TASK_ID='this_is_1st_task' AIRFLOW_CTX_EXECUTION_DATE='2021-09-29T00:00:00+00:00' AIRFLOW_CTX_TRY_NUMBER='1' AIRFLOW_CTX_DAG_RUN_ID='scheduled__2021-09-29T00:00:00+00:00'
[2024-10-18T13:26:31.586+0000] {taskinstance.py:731} INFO - ::endgroup::
[2024-10-18T13:26:31.617+0000] {subprocess.py:63} INFO - Tmp dir root location: /tmp
[2024-10-18T13:26:31.627+0000] {subprocess.py:75} INFO - Running command: ['/usr/bin/bash', '-c', 'echo Hello world, this is my first task']
[2024-10-18T13:26:31.672+0000] {subprocess.py:86} INFO - Output:
[2024-10-18T13:26:31.675+0000] {subprocess.py:93} INFO - Hello world, this is my first task
[2024-10-18T13:26:31.676+0000] {subprocess.py:97} INFO - Command exited with return code 0
[2024-10-18T13:26:31.715+0000] {taskinstance.py:340} INFO - ::group::Post task execution logs
[2024-10-18T13:26:31.726+0000] {taskinstance.py:352} INFO - Marking task as SUCCESS. dag_id=our_first_dag_v4, task_id=this_is_1st_task, run_id=scheduled__2021-09-29T00:00:00+00:00, execution_date=20210929T000000, start_date=20241018T132631, end_date=20241018T132631
[2024-10-18T13:26:31.992+0000] {local_task_job_runner.py:266} INFO - Task exited with return code 0
[2024-10-18T13:26:32.141+0000] {taskinstance.py:3900} INFO - 2 downstream tasks scheduled from follow-on schedule check
[2024-10-18T13:26:32.185+0000] {local_task_job_runner.py:245} INFO - ::endgroup::
