[2024-10-18T13:29:53.935+0000] {local_task_job_runner.py:123} INFO - ::group::Pre task execution logs
[2024-10-18T13:29:53.951+0000] {taskinstance.py:2612} INFO - Dependencies all met for dep_context=non-requeueable deps ti=<TaskInstance: our_first_dag_v4.this_is_1st_task scheduled__2023-01-05T00:00:00+00:00 [queued]>
[2024-10-18T13:29:53.955+0000] {taskinstance.py:2612} INFO - Dependencies all met for dep_context=requeueable deps ti=<TaskInstance: our_first_dag_v4.this_is_1st_task scheduled__2023-01-05T00:00:00+00:00 [queued]>
[2024-10-18T13:29:53.957+0000] {taskinstance.py:2865} INFO - Starting attempt 1 of 2
[2024-10-18T13:29:53.993+0000] {taskinstance.py:2888} INFO - Executing <Task(BashOperator): this_is_1st_task> on 2023-01-05 00:00:00+00:00
[2024-10-18T13:29:54.015+0000] {logging_mixin.py:190} WARNING - /home/***/.local/lib/python3.12/site-packages/***/task/task_runner/standard_task_runner.py:70 DeprecationWarning: This process (pid=11538) is multi-threaded, use of fork() may lead to deadlocks in the child.
[2024-10-18T13:29:54.018+0000] {standard_task_runner.py:72} INFO - Started process 11548 to run task
[2024-10-18T13:29:54.011+0000] {standard_task_runner.py:104} INFO - Running: ['***', 'tasks', 'run', 'our_first_dag_v4', 'this_is_1st_task', 'scheduled__2023-01-05T00:00:00+00:00', '--job-id', '4070', '--raw', '--subdir', 'DAGS_FOLDER/our_first_dag.py', '--cfg-path', '/tmp/tmpejgd5eem']
[2024-10-18T13:29:54.020+0000] {standard_task_runner.py:105} INFO - Job 4070: Subtask this_is_1st_task
[2024-10-18T13:29:54.099+0000] {task_command.py:467} INFO - Running <TaskInstance: our_first_dag_v4.this_is_1st_task scheduled__2023-01-05T00:00:00+00:00 [running]> on host ad4831ffc3d7
[2024-10-18T13:29:54.321+0000] {taskinstance.py:3131} INFO - Exporting env vars: AIRFLOW_CTX_DAG_OWNER='sourabh' AIRFLOW_CTX_DAG_ID='our_first_dag_v4' AIRFLOW_CTX_TASK_ID='this_is_1st_task' AIRFLOW_CTX_EXECUTION_DATE='2023-01-05T00:00:00+00:00' AIRFLOW_CTX_TRY_NUMBER='1' AIRFLOW_CTX_DAG_RUN_ID='scheduled__2023-01-05T00:00:00+00:00'
[2024-10-18T13:29:54.323+0000] {taskinstance.py:731} INFO - ::endgroup::
[2024-10-18T13:29:54.361+0000] {subprocess.py:63} INFO - Tmp dir root location: /tmp
[2024-10-18T13:29:54.362+0000] {subprocess.py:75} INFO - Running command: ['/usr/bin/bash', '-c', 'echo Hello world, this is my first task']
[2024-10-18T13:29:54.376+0000] {subprocess.py:86} INFO - Output:
[2024-10-18T13:29:54.378+0000] {subprocess.py:93} INFO - Hello world, this is my first task
[2024-10-18T13:29:54.379+0000] {subprocess.py:97} INFO - Command exited with return code 0
[2024-10-18T13:29:54.511+0000] {taskinstance.py:340} INFO - ::group::Post task execution logs
[2024-10-18T13:29:54.519+0000] {taskinstance.py:352} INFO - Marking task as SUCCESS. dag_id=our_first_dag_v4, task_id=this_is_1st_task, run_id=scheduled__2023-01-05T00:00:00+00:00, execution_date=20230105T000000, start_date=20241018T132953, end_date=20241018T132954
[2024-10-18T13:29:54.765+0000] {local_task_job_runner.py:266} INFO - Task exited with return code 0
[2024-10-18T13:29:54.892+0000] {taskinstance.py:3900} INFO - 2 downstream tasks scheduled from follow-on schedule check
[2024-10-18T13:29:54.899+0000] {local_task_job_runner.py:245} INFO - ::endgroup::
