[2024-10-18T13:37:47.056+0000] {local_task_job_runner.py:123} INFO - ::group::Pre task execution logs
[2024-10-18T13:37:47.197+0000] {taskinstance.py:2612} INFO - Dependencies all met for dep_context=non-requeueable deps ti=<TaskInstance: our_first_dag_v4.this_is_2nd_task scheduled__2024-09-16T00:00:00+00:00 [queued]>
[2024-10-18T13:37:47.270+0000] {taskinstance.py:2612} INFO - Dependencies all met for dep_context=requeueable deps ti=<TaskInstance: our_first_dag_v4.this_is_2nd_task scheduled__2024-09-16T00:00:00+00:00 [queued]>
[2024-10-18T13:37:47.302+0000] {taskinstance.py:2865} INFO - Starting attempt 1 of 2
[2024-10-18T13:37:47.476+0000] {taskinstance.py:2888} INFO - Executing <Task(BashOperator): this_is_2nd_task> on 2024-09-16 00:00:00+00:00
[2024-10-18T13:37:47.550+0000] {standard_task_runner.py:104} INFO - Running: ['***', 'tasks', 'run', 'our_first_dag_v4', 'this_is_2nd_task', 'scheduled__2024-09-16T00:00:00+00:00', '--job-id', '5947', '--raw', '--subdir', 'DAGS_FOLDER/our_first_dag.py', '--cfg-path', '/tmp/tmpsguwit3v']
[2024-10-18T13:37:47.558+0000] {standard_task_runner.py:105} INFO - Job 5947: Subtask this_is_2nd_task
[2024-10-18T13:37:47.566+0000] {logging_mixin.py:190} WARNING - /home/***/.local/lib/python3.12/site-packages/***/task/task_runner/standard_task_runner.py:70 DeprecationWarning: This process (pid=19198) is multi-threaded, use of fork() may lead to deadlocks in the child.
[2024-10-18T13:37:47.588+0000] {standard_task_runner.py:72} INFO - Started process 19223 to run task
[2024-10-18T13:37:47.899+0000] {task_command.py:467} INFO - Running <TaskInstance: our_first_dag_v4.this_is_2nd_task scheduled__2024-09-16T00:00:00+00:00 [running]> on host ad4831ffc3d7
[2024-10-18T13:37:48.620+0000] {taskinstance.py:3131} INFO - Exporting env vars: AIRFLOW_CTX_DAG_OWNER='sourabh' AIRFLOW_CTX_DAG_ID='our_first_dag_v4' AIRFLOW_CTX_TASK_ID='this_is_2nd_task' AIRFLOW_CTX_EXECUTION_DATE='2024-09-16T00:00:00+00:00' AIRFLOW_CTX_TRY_NUMBER='1' AIRFLOW_CTX_DAG_RUN_ID='scheduled__2024-09-16T00:00:00+00:00'
[2024-10-18T13:37:48.637+0000] {taskinstance.py:731} INFO - ::endgroup::
[2024-10-18T13:37:48.704+0000] {subprocess.py:63} INFO - Tmp dir root location: /tmp
[2024-10-18T13:37:48.723+0000] {subprocess.py:75} INFO - Running command: ['/usr/bin/bash', '-c', 'echo Hello world, this is my second task and will run after task one ']
[2024-10-18T13:37:48.764+0000] {subprocess.py:86} INFO - Output:
[2024-10-18T13:37:48.771+0000] {subprocess.py:93} INFO - Hello world, this is my second task and will run after task one
[2024-10-18T13:37:48.773+0000] {subprocess.py:97} INFO - Command exited with return code 0
[2024-10-18T13:37:48.858+0000] {taskinstance.py:340} INFO - ::group::Post task execution logs
[2024-10-18T13:37:48.862+0000] {taskinstance.py:352} INFO - Marking task as SUCCESS. dag_id=our_first_dag_v4, task_id=this_is_2nd_task, run_id=scheduled__2024-09-16T00:00:00+00:00, execution_date=20240916T000000, start_date=20241018T133747, end_date=20241018T133748
[2024-10-18T13:37:49.008+0000] {local_task_job_runner.py:266} INFO - Task exited with return code 0
[2024-10-18T13:37:49.277+0000] {taskinstance.py:3900} INFO - 0 downstream tasks scheduled from follow-on schedule check
[2024-10-18T13:37:49.300+0000] {local_task_job_runner.py:245} INFO - ::endgroup::
