[2024-10-18T12:05:22.130+0000] {local_task_job_runner.py:123} INFO - ::group::Pre task execution logs
[2024-10-18T12:05:22.204+0000] {taskinstance.py:2612} INFO - Dependencies all met for dep_context=non-requeueable deps ti=<TaskInstance: our_first_dag.this_is_1st_task scheduled__2023-05-26T00:00:00+00:00 [queued]>
[2024-10-18T12:05:22.240+0000] {taskinstance.py:2612} INFO - Dependencies all met for dep_context=requeueable deps ti=<TaskInstance: our_first_dag.this_is_1st_task scheduled__2023-05-26T00:00:00+00:00 [queued]>
[2024-10-18T12:05:22.242+0000] {taskinstance.py:2865} INFO - Starting attempt 1 of 2
[2024-10-18T12:05:22.323+0000] {taskinstance.py:2888} INFO - Executing <Task(BashOperator): this_is_1st_task> on 2023-05-26 00:00:00+00:00
[2024-10-18T12:05:22.346+0000] {logging_mixin.py:190} WARNING - /home/***/.local/lib/python3.12/site-packages/***/task/task_runner/standard_task_runner.py:70 DeprecationWarning: This process (pid=3017) is multi-threaded, use of fork() may lead to deadlocks in the child.
[2024-10-18T12:05:22.350+0000] {standard_task_runner.py:72} INFO - Started process 3032 to run task
[2024-10-18T12:05:22.348+0000] {standard_task_runner.py:104} INFO - Running: ['***', 'tasks', 'run', 'our_first_dag', 'this_is_1st_task', 'scheduled__2023-05-26T00:00:00+00:00', '--job-id', '672', '--raw', '--subdir', 'DAGS_FOLDER/our_first_dag.py', '--cfg-path', '/tmp/tmp9b92923z']
[2024-10-18T12:05:22.358+0000] {standard_task_runner.py:105} INFO - Job 672: Subtask this_is_1st_task
[2024-10-18T12:05:22.895+0000] {task_command.py:467} INFO - Running <TaskInstance: our_first_dag.this_is_1st_task scheduled__2023-05-26T00:00:00+00:00 [running]> on host 8e48fbd237c9
[2024-10-18T12:05:23.682+0000] {taskinstance.py:3131} INFO - Exporting env vars: AIRFLOW_CTX_DAG_OWNER='sourabh' AIRFLOW_CTX_DAG_ID='our_first_dag' AIRFLOW_CTX_TASK_ID='this_is_1st_task' AIRFLOW_CTX_EXECUTION_DATE='2023-05-26T00:00:00+00:00' AIRFLOW_CTX_TRY_NUMBER='1' AIRFLOW_CTX_DAG_RUN_ID='scheduled__2023-05-26T00:00:00+00:00'
[2024-10-18T12:05:23.695+0000] {taskinstance.py:731} INFO - ::endgroup::
[2024-10-18T12:05:23.826+0000] {subprocess.py:63} INFO - Tmp dir root location: /tmp
[2024-10-18T12:05:23.843+0000] {subprocess.py:75} INFO - Running command: ['/usr/bin/bash', '-c', 'echo Hello world, this is my first task']
[2024-10-18T12:05:23.904+0000] {subprocess.py:86} INFO - Output:
[2024-10-18T12:05:23.906+0000] {subprocess.py:93} INFO - Hello world, this is my first task
[2024-10-18T12:05:23.909+0000] {subprocess.py:97} INFO - Command exited with return code 0
[2024-10-18T12:05:24.065+0000] {taskinstance.py:340} INFO - ::group::Post task execution logs
[2024-10-18T12:05:24.066+0000] {taskinstance.py:352} INFO - Marking task as SUCCESS. dag_id=our_first_dag, task_id=this_is_1st_task, run_id=scheduled__2023-05-26T00:00:00+00:00, execution_date=20230526T000000, start_date=20241018T120522, end_date=20241018T120524
[2024-10-18T12:05:24.170+0000] {local_task_job_runner.py:266} INFO - Task exited with return code 0
[2024-10-18T12:05:24.218+0000] {taskinstance.py:3900} INFO - 0 downstream tasks scheduled from follow-on schedule check
[2024-10-18T12:05:24.222+0000] {local_task_job_runner.py:245} INFO - ::endgroup::
