[2024-10-18T13:28:59.874+0000] {local_task_job_runner.py:123} INFO - ::group::Pre task execution logs
[2024-10-18T13:28:59.890+0000] {taskinstance.py:2612} INFO - Dependencies all met for dep_context=non-requeueable deps ti=<TaskInstance: our_first_dag_v4.this_is_2nd_task scheduled__2022-08-30T00:00:00+00:00 [queued]>
[2024-10-18T13:28:59.901+0000] {taskinstance.py:2612} INFO - Dependencies all met for dep_context=requeueable deps ti=<TaskInstance: our_first_dag_v4.this_is_2nd_task scheduled__2022-08-30T00:00:00+00:00 [queued]>
[2024-10-18T13:28:59.904+0000] {taskinstance.py:2865} INFO - Starting attempt 1 of 2
[2024-10-18T13:28:59.974+0000] {taskinstance.py:2888} INFO - Executing <Task(BashOperator): this_is_2nd_task> on 2022-08-30 00:00:00+00:00
[2024-10-18T13:29:00.018+0000] {standard_task_runner.py:104} INFO - Running: ['***', 'tasks', 'run', 'our_first_dag_v4', 'this_is_2nd_task', 'scheduled__2022-08-30T00:00:00+00:00', '--job-id', '3701', '--raw', '--subdir', 'DAGS_FOLDER/our_first_dag.py', '--cfg-path', '/tmp/tmpcmt7qb7l']
[2024-10-18T13:29:00.022+0000] {logging_mixin.py:190} WARNING - /home/***/.local/lib/python3.12/site-packages/***/task/task_runner/standard_task_runner.py:70 DeprecationWarning: This process (pid=10027) is multi-threaded, use of fork() may lead to deadlocks in the child.
[2024-10-18T13:29:00.024+0000] {standard_task_runner.py:72} INFO - Started process 10049 to run task
[2024-10-18T13:29:00.024+0000] {standard_task_runner.py:105} INFO - Job 3701: Subtask this_is_2nd_task
[2024-10-18T13:29:00.222+0000] {task_command.py:467} INFO - Running <TaskInstance: our_first_dag_v4.this_is_2nd_task scheduled__2022-08-30T00:00:00+00:00 [running]> on host ad4831ffc3d7
[2024-10-18T13:29:00.371+0000] {taskinstance.py:3131} INFO - Exporting env vars: AIRFLOW_CTX_DAG_OWNER='sourabh' AIRFLOW_CTX_DAG_ID='our_first_dag_v4' AIRFLOW_CTX_TASK_ID='this_is_2nd_task' AIRFLOW_CTX_EXECUTION_DATE='2022-08-30T00:00:00+00:00' AIRFLOW_CTX_TRY_NUMBER='1' AIRFLOW_CTX_DAG_RUN_ID='scheduled__2022-08-30T00:00:00+00:00'
[2024-10-18T13:29:00.382+0000] {taskinstance.py:731} INFO - ::endgroup::
[2024-10-18T13:29:00.435+0000] {subprocess.py:63} INFO - Tmp dir root location: /tmp
[2024-10-18T13:29:00.442+0000] {subprocess.py:75} INFO - Running command: ['/usr/bin/bash', '-c', 'echo Hello world, this is my second task and will run after task one ']
[2024-10-18T13:29:00.470+0000] {subprocess.py:86} INFO - Output:
[2024-10-18T13:29:00.471+0000] {subprocess.py:93} INFO - Hello world, this is my second task and will run after task one
[2024-10-18T13:29:00.471+0000] {subprocess.py:97} INFO - Command exited with return code 0
[2024-10-18T13:29:00.560+0000] {taskinstance.py:340} INFO - ::group::Post task execution logs
[2024-10-18T13:29:00.562+0000] {taskinstance.py:352} INFO - Marking task as SUCCESS. dag_id=our_first_dag_v4, task_id=this_is_2nd_task, run_id=scheduled__2022-08-30T00:00:00+00:00, execution_date=20220830T000000, start_date=20241018T132859, end_date=20241018T132900
[2024-10-18T13:29:00.632+0000] {local_task_job_runner.py:266} INFO - Task exited with return code 0
[2024-10-18T13:29:00.670+0000] {local_task_job_runner.py:245} INFO - ::endgroup::
