[2024-10-18T13:21:19.701+0000] {local_task_job_runner.py:123} INFO - ::group::Pre task execution logs
[2024-10-18T13:21:19.740+0000] {taskinstance.py:2612} INFO - Dependencies all met for dep_context=non-requeueable deps ti=<TaskInstance: our_first_dag_v3.this_is_1st_task scheduled__2021-09-07T00:00:00+00:00 [queued]>
[2024-10-18T13:21:19.752+0000] {taskinstance.py:2612} INFO - Dependencies all met for dep_context=requeueable deps ti=<TaskInstance: our_first_dag_v3.this_is_1st_task scheduled__2021-09-07T00:00:00+00:00 [queued]>
[2024-10-18T13:21:19.752+0000] {taskinstance.py:2865} INFO - Starting attempt 1 of 2
[2024-10-18T13:21:19.793+0000] {taskinstance.py:2888} INFO - Executing <Task(BashOperator): this_is_1st_task> on 2021-09-07 00:00:00+00:00
[2024-10-18T13:21:19.810+0000] {logging_mixin.py:190} WARNING - /home/***/.local/lib/python3.12/site-packages/***/task/task_runner/standard_task_runner.py:70 DeprecationWarning: This process (pid=703) is multi-threaded, use of fork() may lead to deadlocks in the child.
[2024-10-18T13:21:19.812+0000] {standard_task_runner.py:72} INFO - Started process 731 to run task
[2024-10-18T13:21:19.812+0000] {standard_task_runner.py:104} INFO - Running: ['***', 'tasks', 'run', 'our_first_dag_v3', 'this_is_1st_task', 'scheduled__2021-09-07T00:00:00+00:00', '--job-id', '1450', '--raw', '--subdir', 'DAGS_FOLDER/our_first_dag.py', '--cfg-path', '/tmp/tmpwhdghngb']
[2024-10-18T13:21:19.816+0000] {standard_task_runner.py:105} INFO - Job 1450: Subtask this_is_1st_task
[2024-10-18T13:21:19.960+0000] {task_command.py:467} INFO - Running <TaskInstance: our_first_dag_v3.this_is_1st_task scheduled__2021-09-07T00:00:00+00:00 [running]> on host ad4831ffc3d7
[2024-10-18T13:21:20.152+0000] {taskinstance.py:3131} INFO - Exporting env vars: AIRFLOW_CTX_DAG_OWNER='sourabh' AIRFLOW_CTX_DAG_ID='our_first_dag_v3' AIRFLOW_CTX_TASK_ID='this_is_1st_task' AIRFLOW_CTX_EXECUTION_DATE='2021-09-07T00:00:00+00:00' AIRFLOW_CTX_TRY_NUMBER='1' AIRFLOW_CTX_DAG_RUN_ID='scheduled__2021-09-07T00:00:00+00:00'
[2024-10-18T13:21:20.155+0000] {taskinstance.py:731} INFO - ::endgroup::
[2024-10-18T13:21:20.197+0000] {subprocess.py:63} INFO - Tmp dir root location: /tmp
[2024-10-18T13:21:20.201+0000] {subprocess.py:75} INFO - Running command: ['/usr/bin/bash', '-c', 'echo Hello world, this is my first task']
[2024-10-18T13:21:20.225+0000] {subprocess.py:86} INFO - Output:
[2024-10-18T13:21:20.226+0000] {subprocess.py:93} INFO - Hello world, this is my first task
[2024-10-18T13:21:20.231+0000] {subprocess.py:97} INFO - Command exited with return code 0
[2024-10-18T13:21:20.293+0000] {taskinstance.py:340} INFO - ::group::Post task execution logs
[2024-10-18T13:21:20.296+0000] {taskinstance.py:352} INFO - Marking task as SUCCESS. dag_id=our_first_dag_v3, task_id=this_is_1st_task, run_id=scheduled__2021-09-07T00:00:00+00:00, execution_date=20210907T000000, start_date=20241018T132119, end_date=20241018T132120
[2024-10-18T13:21:20.343+0000] {local_task_job_runner.py:266} INFO - Task exited with return code 0
[2024-10-18T13:21:20.376+0000] {local_task_job_runner.py:245} INFO - ::endgroup::
