[2024-10-18T12:05:00.396+0000] {local_task_job_runner.py:123} INFO - ::group::Pre task execution logs
[2024-10-18T12:05:00.446+0000] {taskinstance.py:2612} INFO - Dependencies all met for dep_context=non-requeueable deps ti=<TaskInstance: our_first_dag.this_is_1st_task scheduled__2023-04-17T00:00:00+00:00 [queued]>
[2024-10-18T12:05:00.469+0000] {taskinstance.py:2612} INFO - Dependencies all met for dep_context=requeueable deps ti=<TaskInstance: our_first_dag.this_is_1st_task scheduled__2023-04-17T00:00:00+00:00 [queued]>
[2024-10-18T12:05:00.471+0000] {taskinstance.py:2865} INFO - Starting attempt 1 of 2
[2024-10-18T12:05:00.529+0000] {taskinstance.py:2888} INFO - Executing <Task(BashOperator): this_is_1st_task> on 2023-04-17 00:00:00+00:00
[2024-10-18T12:05:00.548+0000] {logging_mixin.py:190} WARNING - /home/***/.local/lib/python3.12/site-packages/***/task/task_runner/standard_task_runner.py:70 DeprecationWarning: This process (pid=2861) is multi-threaded, use of fork() may lead to deadlocks in the child.
[2024-10-18T12:05:00.551+0000] {standard_task_runner.py:72} INFO - Started process 2866 to run task
[2024-10-18T12:05:00.568+0000] {standard_task_runner.py:104} INFO - Running: ['***', 'tasks', 'run', 'our_first_dag', 'this_is_1st_task', 'scheduled__2023-04-17T00:00:00+00:00', '--job-id', '633', '--raw', '--subdir', 'DAGS_FOLDER/our_first_dag.py', '--cfg-path', '/tmp/tmp14kelziv']
[2024-10-18T12:05:00.581+0000] {standard_task_runner.py:105} INFO - Job 633: Subtask this_is_1st_task
[2024-10-18T12:05:00.724+0000] {task_command.py:467} INFO - Running <TaskInstance: our_first_dag.this_is_1st_task scheduled__2023-04-17T00:00:00+00:00 [running]> on host 8e48fbd237c9
[2024-10-18T12:05:01.180+0000] {taskinstance.py:3131} INFO - Exporting env vars: AIRFLOW_CTX_DAG_OWNER='sourabh' AIRFLOW_CTX_DAG_ID='our_first_dag' AIRFLOW_CTX_TASK_ID='this_is_1st_task' AIRFLOW_CTX_EXECUTION_DATE='2023-04-17T00:00:00+00:00' AIRFLOW_CTX_TRY_NUMBER='1' AIRFLOW_CTX_DAG_RUN_ID='scheduled__2023-04-17T00:00:00+00:00'
[2024-10-18T12:05:01.189+0000] {taskinstance.py:731} INFO - ::endgroup::
[2024-10-18T12:05:01.285+0000] {subprocess.py:63} INFO - Tmp dir root location: /tmp
[2024-10-18T12:05:01.288+0000] {subprocess.py:75} INFO - Running command: ['/usr/bin/bash', '-c', 'echo Hello world, this is my first task']
[2024-10-18T12:05:01.353+0000] {subprocess.py:86} INFO - Output:
[2024-10-18T12:05:01.359+0000] {subprocess.py:93} INFO - Hello world, this is my first task
[2024-10-18T12:05:01.376+0000] {subprocess.py:97} INFO - Command exited with return code 0
[2024-10-18T12:05:01.803+0000] {taskinstance.py:340} INFO - ::group::Post task execution logs
[2024-10-18T12:05:01.808+0000] {taskinstance.py:352} INFO - Marking task as SUCCESS. dag_id=our_first_dag, task_id=this_is_1st_task, run_id=scheduled__2023-04-17T00:00:00+00:00, execution_date=20230417T000000, start_date=20241018T120500, end_date=20241018T120501
[2024-10-18T12:05:01.973+0000] {local_task_job_runner.py:266} INFO - Task exited with return code 0
[2024-10-18T12:05:02.064+0000] {taskinstance.py:3900} INFO - 0 downstream tasks scheduled from follow-on schedule check
[2024-10-18T12:05:02.081+0000] {local_task_job_runner.py:245} INFO - ::endgroup::
