[2024-10-18T13:27:59.891+0000] {local_task_job_runner.py:123} INFO - ::group::Pre task execution logs
[2024-10-18T13:27:59.952+0000] {taskinstance.py:2612} INFO - Dependencies all met for dep_context=non-requeueable deps ti=<TaskInstance: our_first_dag_v4.this_is_2nd_task scheduled__2022-04-08T00:00:00+00:00 [queued]>
[2024-10-18T13:27:59.958+0000] {taskinstance.py:2612} INFO - Dependencies all met for dep_context=requeueable deps ti=<TaskInstance: our_first_dag_v4.this_is_2nd_task scheduled__2022-04-08T00:00:00+00:00 [queued]>
[2024-10-18T13:27:59.958+0000] {taskinstance.py:2865} INFO - Starting attempt 1 of 2
[2024-10-18T13:28:00.057+0000] {taskinstance.py:2888} INFO - Executing <Task(BashOperator): this_is_2nd_task> on 2022-04-08 00:00:00+00:00
[2024-10-18T13:28:00.083+0000] {standard_task_runner.py:104} INFO - Running: ['***', 'tasks', 'run', 'our_first_dag_v4', 'this_is_2nd_task', 'scheduled__2022-04-08T00:00:00+00:00', '--job-id', '3271', '--raw', '--subdir', 'DAGS_FOLDER/our_first_dag.py', '--cfg-path', '/tmp/tmpxck8_6yo']
[2024-10-18T13:28:00.088+0000] {standard_task_runner.py:105} INFO - Job 3271: Subtask this_is_2nd_task
[2024-10-18T13:28:00.084+0000] {logging_mixin.py:190} WARNING - /home/***/.local/lib/python3.12/site-packages/***/task/task_runner/standard_task_runner.py:70 DeprecationWarning: This process (pid=8288) is multi-threaded, use of fork() may lead to deadlocks in the child.
[2024-10-18T13:28:00.096+0000] {standard_task_runner.py:72} INFO - Started process 8314 to run task
[2024-10-18T13:28:00.226+0000] {task_command.py:467} INFO - Running <TaskInstance: our_first_dag_v4.this_is_2nd_task scheduled__2022-04-08T00:00:00+00:00 [running]> on host ad4831ffc3d7
[2024-10-18T13:28:00.406+0000] {taskinstance.py:3131} INFO - Exporting env vars: AIRFLOW_CTX_DAG_OWNER='sourabh' AIRFLOW_CTX_DAG_ID='our_first_dag_v4' AIRFLOW_CTX_TASK_ID='this_is_2nd_task' AIRFLOW_CTX_EXECUTION_DATE='2022-04-08T00:00:00+00:00' AIRFLOW_CTX_TRY_NUMBER='1' AIRFLOW_CTX_DAG_RUN_ID='scheduled__2022-04-08T00:00:00+00:00'
[2024-10-18T13:28:00.410+0000] {taskinstance.py:731} INFO - ::endgroup::
[2024-10-18T13:28:00.446+0000] {subprocess.py:63} INFO - Tmp dir root location: /tmp
[2024-10-18T13:28:00.447+0000] {subprocess.py:75} INFO - Running command: ['/usr/bin/bash', '-c', 'echo Hello world, this is my second task and will run after task one ']
[2024-10-18T13:28:00.462+0000] {subprocess.py:86} INFO - Output:
[2024-10-18T13:28:00.465+0000] {subprocess.py:93} INFO - Hello world, this is my second task and will run after task one
[2024-10-18T13:28:00.466+0000] {subprocess.py:97} INFO - Command exited with return code 0
[2024-10-18T13:28:00.539+0000] {taskinstance.py:340} INFO - ::group::Post task execution logs
[2024-10-18T13:28:00.540+0000] {taskinstance.py:352} INFO - Marking task as SUCCESS. dag_id=our_first_dag_v4, task_id=this_is_2nd_task, run_id=scheduled__2022-04-08T00:00:00+00:00, execution_date=20220408T000000, start_date=20241018T132759, end_date=20241018T132800
[2024-10-18T13:28:00.667+0000] {local_task_job_runner.py:266} INFO - Task exited with return code 0
[2024-10-18T13:28:00.732+0000] {taskinstance.py:3900} INFO - 0 downstream tasks scheduled from follow-on schedule check
[2024-10-18T13:28:00.744+0000] {local_task_job_runner.py:245} INFO - ::endgroup::
