[2024-10-18T11:16:36.559+0000] {local_task_job_runner.py:123} INFO - ::group::Pre task execution logs
[2024-10-18T11:16:36.596+0000] {taskinstance.py:2612} INFO - Dependencies all met for dep_context=non-requeueable deps ti=<TaskInstance: example_bash_operator.run_after_loop scheduled__2024-10-17T00:00:00+00:00 [queued]>
[2024-10-18T11:16:36.613+0000] {taskinstance.py:2612} INFO - Dependencies all met for dep_context=requeueable deps ti=<TaskInstance: example_bash_operator.run_after_loop scheduled__2024-10-17T00:00:00+00:00 [queued]>
[2024-10-18T11:16:36.619+0000] {taskinstance.py:2865} INFO - Starting attempt 1 of 1
[2024-10-18T11:16:36.654+0000] {taskinstance.py:2888} INFO - Executing <Task(BashOperator): run_after_loop> on 2024-10-17 00:00:00+00:00
[2024-10-18T11:16:36.671+0000] {standard_task_runner.py:104} INFO - Running: ['***', 'tasks', 'run', 'example_bash_operator', 'run_after_loop', 'scheduled__2024-10-17T00:00:00+00:00', '--job-id', '10', '--raw', '--subdir', '/home/***/.local/lib/python3.12/site-packages/***/example_dags/example_bash_operator.py', '--cfg-path', '/tmp/tmpvjs5s_zt']
[2024-10-18T11:16:36.677+0000] {standard_task_runner.py:105} INFO - Job 10: Subtask run_after_loop
[2024-10-18T11:16:36.684+0000] {logging_mixin.py:190} WARNING - /home/***/.local/lib/python3.12/site-packages/***/task/task_runner/standard_task_runner.py:70 DeprecationWarning: This process (pid=11698) is multi-threaded, use of fork() may lead to deadlocks in the child.
[2024-10-18T11:16:36.687+0000] {standard_task_runner.py:72} INFO - Started process 11699 to run task
[2024-10-18T11:16:36.796+0000] {task_command.py:467} INFO - Running <TaskInstance: example_bash_operator.run_after_loop scheduled__2024-10-17T00:00:00+00:00 [running]> on host c2844c525d2a
[2024-10-18T11:16:37.146+0000] {taskinstance.py:3131} INFO - Exporting env vars: AIRFLOW_CTX_DAG_OWNER='***' AIRFLOW_CTX_DAG_ID='example_bash_operator' AIRFLOW_CTX_TASK_ID='run_after_loop' AIRFLOW_CTX_EXECUTION_DATE='2024-10-17T00:00:00+00:00' AIRFLOW_CTX_TRY_NUMBER='1' AIRFLOW_CTX_DAG_RUN_ID='scheduled__2024-10-17T00:00:00+00:00'
[2024-10-18T11:16:37.161+0000] {logging_mixin.py:190} INFO - Task instance is in running state
[2024-10-18T11:16:37.164+0000] {logging_mixin.py:190} INFO -  Previous state of the Task instance: queued
[2024-10-18T11:16:37.172+0000] {logging_mixin.py:190} INFO - Current task name:run_after_loop state:running start_date:2024-10-18 11:16:36.597591+00:00
[2024-10-18T11:16:37.175+0000] {logging_mixin.py:190} INFO - Dag name:example_bash_operator and current dag run status:running
[2024-10-18T11:16:37.176+0000] {taskinstance.py:731} INFO - ::endgroup::
[2024-10-18T11:16:37.178+0000] {subprocess.py:63} INFO - Tmp dir root location: /tmp
[2024-10-18T11:16:37.180+0000] {subprocess.py:75} INFO - Running command: ['/usr/bin/bash', '-c', 'echo https://***.apache.org/']
[2024-10-18T11:16:37.211+0000] {subprocess.py:86} INFO - Output:
[2024-10-18T11:16:37.219+0000] {subprocess.py:93} INFO - https://***.apache.org/
[2024-10-18T11:16:37.223+0000] {subprocess.py:97} INFO - Command exited with return code 0
[2024-10-18T11:16:37.290+0000] {taskinstance.py:340} INFO - ::group::Post task execution logs
[2024-10-18T11:16:37.291+0000] {taskinstance.py:352} INFO - Marking task as SUCCESS. dag_id=example_bash_operator, task_id=run_after_loop, run_id=scheduled__2024-10-17T00:00:00+00:00, execution_date=20241017T000000, start_date=20241018T111636, end_date=20241018T111637
[2024-10-18T11:16:37.313+0000] {logging_mixin.py:190} INFO - Task instance in success state
[2024-10-18T11:16:37.329+0000] {logging_mixin.py:190} INFO -  Previous state of the Task instance: running
[2024-10-18T11:16:37.332+0000] {logging_mixin.py:190} INFO - Dag name:example_bash_operator queued_at:2024-10-18 11:16:30.450458+00:00
[2024-10-18T11:16:37.338+0000] {logging_mixin.py:190} INFO - Task hostname:c2844c525d2a operator:BashOperator
[2024-10-18T11:16:37.394+0000] {local_task_job_runner.py:266} INFO - Task exited with return code 0
[2024-10-18T11:16:37.446+0000] {taskinstance.py:3900} INFO - 0 downstream tasks scheduled from follow-on schedule check
[2024-10-18T11:16:37.458+0000] {local_task_job_runner.py:245} INFO - ::endgroup::
