[2024-10-18T13:13:10.169+0000] {local_task_job_runner.py:123} INFO - ::group::Pre task execution logs
[2024-10-18T13:13:10.193+0000] {taskinstance.py:2612} INFO - Dependencies all met for dep_context=non-requeueable deps ti=<TaskInstance: our_first_dag.this_is_1st_task scheduled__2024-08-20T00:00:00+00:00 [queued]>
[2024-10-18T13:13:10.207+0000] {taskinstance.py:2612} INFO - Dependencies all met for dep_context=requeueable deps ti=<TaskInstance: our_first_dag.this_is_1st_task scheduled__2024-08-20T00:00:00+00:00 [queued]>
[2024-10-18T13:13:10.208+0000] {taskinstance.py:2865} INFO - Starting attempt 1 of 2
[2024-10-18T13:13:10.307+0000] {taskinstance.py:2888} INFO - Executing <Task(BashOperator): this_is_1st_task> on 2024-08-20 00:00:00+00:00
[2024-10-18T13:13:10.315+0000] {standard_task_runner.py:104} INFO - Running: ['***', 'tasks', 'run', 'our_first_dag', 'this_is_1st_task', 'scheduled__2024-08-20T00:00:00+00:00', '--job-id', '1205', '--raw', '--subdir', 'DAGS_FOLDER/our_first_dag.py', '--cfg-path', '/tmp/tmpwx_3b3ts']
[2024-10-18T13:13:10.317+0000] {standard_task_runner.py:105} INFO - Job 1205: Subtask this_is_1st_task
[2024-10-18T13:13:10.327+0000] {logging_mixin.py:190} WARNING - /home/***/.local/lib/python3.12/site-packages/***/task/task_runner/standard_task_runner.py:70 DeprecationWarning: This process (pid=500) is multi-threaded, use of fork() may lead to deadlocks in the child.
[2024-10-18T13:13:10.332+0000] {standard_task_runner.py:72} INFO - Started process 518 to run task
[2024-10-18T13:13:10.457+0000] {task_command.py:467} INFO - Running <TaskInstance: our_first_dag.this_is_1st_task scheduled__2024-08-20T00:00:00+00:00 [running]> on host cde595967714
[2024-10-18T13:13:10.576+0000] {taskinstance.py:3131} INFO - Exporting env vars: AIRFLOW_CTX_DAG_OWNER='sourabh' AIRFLOW_CTX_DAG_ID='our_first_dag' AIRFLOW_CTX_TASK_ID='this_is_1st_task' AIRFLOW_CTX_EXECUTION_DATE='2024-08-20T00:00:00+00:00' AIRFLOW_CTX_TRY_NUMBER='1' AIRFLOW_CTX_DAG_RUN_ID='scheduled__2024-08-20T00:00:00+00:00'
[2024-10-18T13:13:10.580+0000] {taskinstance.py:731} INFO - ::endgroup::
[2024-10-18T13:13:10.596+0000] {subprocess.py:63} INFO - Tmp dir root location: /tmp
[2024-10-18T13:13:10.597+0000] {subprocess.py:75} INFO - Running command: ['/usr/bin/bash', '-c', 'echo Hello world, this is my first task']
[2024-10-18T13:13:10.636+0000] {subprocess.py:86} INFO - Output:
[2024-10-18T13:13:10.638+0000] {subprocess.py:93} INFO - Hello world, this is my first task
[2024-10-18T13:13:10.638+0000] {subprocess.py:97} INFO - Command exited with return code 0
[2024-10-18T13:13:10.667+0000] {taskinstance.py:340} INFO - ::group::Post task execution logs
[2024-10-18T13:13:10.669+0000] {taskinstance.py:352} INFO - Marking task as SUCCESS. dag_id=our_first_dag, task_id=this_is_1st_task, run_id=scheduled__2024-08-20T00:00:00+00:00, execution_date=20240820T000000, start_date=20241018T131310, end_date=20241018T131310
[2024-10-18T13:13:10.736+0000] {local_task_job_runner.py:266} INFO - Task exited with return code 0
[2024-10-18T13:13:10.783+0000] {taskinstance.py:3900} INFO - 1 downstream tasks scheduled from follow-on schedule check
[2024-10-18T13:13:10.789+0000] {local_task_job_runner.py:245} INFO - ::endgroup::
