[2024-10-18T13:08:56.584+0000] {local_task_job_runner.py:123} INFO - ::group::Pre task execution logs
[2024-10-18T13:08:56.671+0000] {taskinstance.py:2612} INFO - Dependencies all met for dep_context=non-requeueable deps ti=<TaskInstance: our_first_dag.this_is_2nd_task scheduled__2024-06-07T00:00:00+00:00 [queued]>
[2024-10-18T13:08:56.727+0000] {taskinstance.py:2612} INFO - Dependencies all met for dep_context=requeueable deps ti=<TaskInstance: our_first_dag.this_is_2nd_task scheduled__2024-06-07T00:00:00+00:00 [queued]>
[2024-10-18T13:08:56.727+0000] {taskinstance.py:2865} INFO - Starting attempt 1 of 2
[2024-10-18T13:08:57.002+0000] {taskinstance.py:2888} INFO - Executing <Task(BashOperator): this_is_2nd_task> on 2024-06-07 00:00:00+00:00
[2024-10-18T13:08:57.296+0000] {logging_mixin.py:190} WARNING - /home/***/.local/lib/python3.12/site-packages/***/task/task_runner/standard_task_runner.py:70 DeprecationWarning: This process (pid=4601) is multi-threaded, use of fork() may lead to deadlocks in the child.
[2024-10-18T13:08:57.316+0000] {standard_task_runner.py:72} INFO - Started process 4618 to run task
[2024-10-18T13:08:57.320+0000] {standard_task_runner.py:104} INFO - Running: ['***', 'tasks', 'run', 'our_first_dag', 'this_is_2nd_task', 'scheduled__2024-06-07T00:00:00+00:00', '--job-id', '1062', '--raw', '--subdir', 'DAGS_FOLDER/our_first_dag.py', '--cfg-path', '/tmp/tmpvypjhodk']
[2024-10-18T13:08:57.364+0000] {standard_task_runner.py:105} INFO - Job 1062: Subtask this_is_2nd_task
[2024-10-18T13:08:58.438+0000] {task_command.py:467} INFO - Running <TaskInstance: our_first_dag.this_is_2nd_task scheduled__2024-06-07T00:00:00+00:00 [running]> on host 54181b66ed4e
[2024-10-18T13:08:59.536+0000] {taskinstance.py:3131} INFO - Exporting env vars: AIRFLOW_CTX_DAG_OWNER='sourabh' AIRFLOW_CTX_DAG_ID='our_first_dag' AIRFLOW_CTX_TASK_ID='this_is_2nd_task' AIRFLOW_CTX_EXECUTION_DATE='2024-06-07T00:00:00+00:00' AIRFLOW_CTX_TRY_NUMBER='1' AIRFLOW_CTX_DAG_RUN_ID='scheduled__2024-06-07T00:00:00+00:00'
[2024-10-18T13:08:59.546+0000] {taskinstance.py:731} INFO - ::endgroup::
[2024-10-18T13:08:59.930+0000] {subprocess.py:63} INFO - Tmp dir root location: /tmp
[2024-10-18T13:08:59.957+0000] {subprocess.py:75} INFO - Running command: ['/usr/bin/bash', '-c', 'echo Hello world, this is my second task']
[2024-10-18T13:09:00.210+0000] {subprocess.py:86} INFO - Output:
[2024-10-18T13:09:00.395+0000] {subprocess.py:93} INFO - Hello world, this is my second task
[2024-10-18T13:09:00.400+0000] {subprocess.py:97} INFO - Command exited with return code 0
[2024-10-18T13:09:00.935+0000] {taskinstance.py:340} INFO - ::group::Post task execution logs
[2024-10-18T13:09:00.949+0000] {taskinstance.py:352} INFO - Marking task as SUCCESS. dag_id=our_first_dag, task_id=this_is_2nd_task, run_id=scheduled__2024-06-07T00:00:00+00:00, execution_date=20240607T000000, start_date=20241018T130856, end_date=20241018T130900
[2024-10-18T13:09:01.247+0000] {local_task_job_runner.py:266} INFO - Task exited with return code 0
[2024-10-18T13:09:01.447+0000] {taskinstance.py:3900} INFO - 0 downstream tasks scheduled from follow-on schedule check
[2024-10-18T13:09:01.490+0000] {local_task_job_runner.py:245} INFO - ::endgroup::
