[2024-10-18T11:16:31.407+0000] {local_task_job_runner.py:123} INFO - ::group::Pre task execution logs
[2024-10-18T11:16:31.436+0000] {taskinstance.py:2612} INFO - Dependencies all met for dep_context=non-requeueable deps ti=<TaskInstance: example_bash_operator.this_will_skip scheduled__2024-10-17T00:00:00+00:00 [queued]>
[2024-10-18T11:16:31.452+0000] {taskinstance.py:2612} INFO - Dependencies all met for dep_context=requeueable deps ti=<TaskInstance: example_bash_operator.this_will_skip scheduled__2024-10-17T00:00:00+00:00 [queued]>
[2024-10-18T11:16:31.453+0000] {taskinstance.py:2865} INFO - Starting attempt 1 of 1
[2024-10-18T11:16:31.474+0000] {taskinstance.py:2888} INFO - Executing <Task(BashOperator): this_will_skip> on 2024-10-17 00:00:00+00:00
[2024-10-18T11:16:31.492+0000] {standard_task_runner.py:104} INFO - Running: ['***', 'tasks', 'run', 'example_bash_operator', 'this_will_skip', 'scheduled__2024-10-17T00:00:00+00:00', '--job-id', '6', '--raw', '--subdir', '/home/***/.local/lib/python3.12/site-packages/***/example_dags/example_bash_operator.py', '--cfg-path', '/tmp/tmpapm_1jsk']
[2024-10-18T11:16:31.496+0000] {logging_mixin.py:190} WARNING - /home/***/.local/lib/python3.12/site-packages/***/task/task_runner/standard_task_runner.py:70 DeprecationWarning: This process (pid=11677) is multi-threaded, use of fork() may lead to deadlocks in the child.
[2024-10-18T11:16:31.498+0000] {standard_task_runner.py:105} INFO - Job 6: Subtask this_will_skip
[2024-10-18T11:16:31.498+0000] {standard_task_runner.py:72} INFO - Started process 11679 to run task
[2024-10-18T11:16:31.622+0000] {task_command.py:467} INFO - Running <TaskInstance: example_bash_operator.this_will_skip scheduled__2024-10-17T00:00:00+00:00 [running]> on host c2844c525d2a
[2024-10-18T11:16:31.799+0000] {taskinstance.py:3131} INFO - Exporting env vars: AIRFLOW_CTX_DAG_OWNER='***' AIRFLOW_CTX_DAG_ID='example_bash_operator' AIRFLOW_CTX_TASK_ID='this_will_skip' AIRFLOW_CTX_EXECUTION_DATE='2024-10-17T00:00:00+00:00' AIRFLOW_CTX_TRY_NUMBER='1' AIRFLOW_CTX_DAG_RUN_ID='scheduled__2024-10-17T00:00:00+00:00'
[2024-10-18T11:16:31.802+0000] {logging_mixin.py:190} INFO - Task instance is in running state
[2024-10-18T11:16:31.803+0000] {logging_mixin.py:190} INFO -  Previous state of the Task instance: queued
[2024-10-18T11:16:31.805+0000] {logging_mixin.py:190} INFO - Current task name:this_will_skip state:running start_date:2024-10-18 11:16:31.437899+00:00
[2024-10-18T11:16:31.806+0000] {logging_mixin.py:190} INFO - Dag name:example_bash_operator and current dag run status:running
[2024-10-18T11:16:31.807+0000] {taskinstance.py:731} INFO - ::endgroup::
[2024-10-18T11:16:31.809+0000] {subprocess.py:63} INFO - Tmp dir root location: /tmp
[2024-10-18T11:16:31.811+0000] {subprocess.py:75} INFO - Running command: ['/usr/bin/bash', '-c', 'echo "hello world"; exit 99;']
[2024-10-18T11:16:31.836+0000] {subprocess.py:86} INFO - Output:
[2024-10-18T11:16:31.838+0000] {subprocess.py:93} INFO - hello world
[2024-10-18T11:16:31.840+0000] {subprocess.py:97} INFO - Command exited with return code 99
[2024-10-18T11:16:31.841+0000] {taskinstance.py:301} INFO - Bash command returned exit code 99. Skipping.
[2024-10-18T11:16:31.869+0000] {taskinstance.py:340} INFO - ::group::Post task execution logs
[2024-10-18T11:16:31.870+0000] {taskinstance.py:352} INFO - Marking task as SKIPPED. dag_id=example_bash_operator, task_id=this_will_skip, run_id=scheduled__2024-10-17T00:00:00+00:00, execution_date=20241017T000000, start_date=20241018T111631, end_date=20241018T111631
[2024-10-18T11:16:31.929+0000] {local_task_job_runner.py:266} INFO - Task exited with return code 0
[2024-10-18T11:16:31.942+0000] {local_task_job_runner.py:245} INFO - ::endgroup::
