[2024-10-18T13:32:07.104+0000] {local_task_job_runner.py:123} INFO - ::group::Pre task execution logs
[2024-10-18T13:32:07.128+0000] {taskinstance.py:2612} INFO - Dependencies all met for dep_context=non-requeueable deps ti=<TaskInstance: our_first_dag_v4.this_is_2nd_task scheduled__2023-08-28T00:00:00+00:00 [queued]>
[2024-10-18T13:32:07.153+0000] {taskinstance.py:2612} INFO - Dependencies all met for dep_context=requeueable deps ti=<TaskInstance: our_first_dag_v4.this_is_2nd_task scheduled__2023-08-28T00:00:00+00:00 [queued]>
[2024-10-18T13:32:07.155+0000] {taskinstance.py:2865} INFO - Starting attempt 1 of 2
[2024-10-18T13:32:07.226+0000] {taskinstance.py:2888} INFO - Executing <Task(BashOperator): this_is_2nd_task> on 2023-08-28 00:00:00+00:00
[2024-10-18T13:32:07.263+0000] {logging_mixin.py:190} WARNING - /home/***/.local/lib/python3.12/site-packages/***/task/task_runner/standard_task_runner.py:70 DeprecationWarning: This process (pid=14485) is multi-threaded, use of fork() may lead to deadlocks in the child.
[2024-10-18T13:32:07.269+0000] {standard_task_runner.py:72} INFO - Started process 14498 to run task
[2024-10-18T13:32:07.261+0000] {standard_task_runner.py:104} INFO - Running: ['***', 'tasks', 'run', 'our_first_dag_v4', 'this_is_2nd_task', 'scheduled__2023-08-28T00:00:00+00:00', '--job-id', '4795', '--raw', '--subdir', 'DAGS_FOLDER/our_first_dag.py', '--cfg-path', '/tmp/tmpo2kqdy1i']
[2024-10-18T13:32:07.280+0000] {standard_task_runner.py:105} INFO - Job 4795: Subtask this_is_2nd_task
[2024-10-18T13:32:07.616+0000] {task_command.py:467} INFO - Running <TaskInstance: our_first_dag_v4.this_is_2nd_task scheduled__2023-08-28T00:00:00+00:00 [running]> on host ad4831ffc3d7
[2024-10-18T13:32:08.270+0000] {taskinstance.py:3131} INFO - Exporting env vars: AIRFLOW_CTX_DAG_OWNER='sourabh' AIRFLOW_CTX_DAG_ID='our_first_dag_v4' AIRFLOW_CTX_TASK_ID='this_is_2nd_task' AIRFLOW_CTX_EXECUTION_DATE='2023-08-28T00:00:00+00:00' AIRFLOW_CTX_TRY_NUMBER='1' AIRFLOW_CTX_DAG_RUN_ID='scheduled__2023-08-28T00:00:00+00:00'
[2024-10-18T13:32:08.278+0000] {taskinstance.py:731} INFO - ::endgroup::
[2024-10-18T13:32:08.348+0000] {subprocess.py:63} INFO - Tmp dir root location: /tmp
[2024-10-18T13:32:08.349+0000] {subprocess.py:75} INFO - Running command: ['/usr/bin/bash', '-c', 'echo Hello world, this is my second task and will run after task one ']
[2024-10-18T13:32:08.365+0000] {subprocess.py:86} INFO - Output:
[2024-10-18T13:32:08.370+0000] {subprocess.py:93} INFO - Hello world, this is my second task and will run after task one
[2024-10-18T13:32:08.372+0000] {subprocess.py:97} INFO - Command exited with return code 0
[2024-10-18T13:32:08.436+0000] {taskinstance.py:340} INFO - ::group::Post task execution logs
[2024-10-18T13:32:08.438+0000] {taskinstance.py:352} INFO - Marking task as SUCCESS. dag_id=our_first_dag_v4, task_id=this_is_2nd_task, run_id=scheduled__2023-08-28T00:00:00+00:00, execution_date=20230828T000000, start_date=20241018T133207, end_date=20241018T133208
[2024-10-18T13:32:08.571+0000] {local_task_job_runner.py:266} INFO - Task exited with return code 0
[2024-10-18T13:32:08.809+0000] {taskinstance.py:3900} INFO - 0 downstream tasks scheduled from follow-on schedule check
[2024-10-18T13:32:08.819+0000] {local_task_job_runner.py:245} INFO - ::endgroup::
