[2024-10-18T13:26:40.240+0000] {local_task_job_runner.py:123} INFO - ::group::Pre task execution logs
[2024-10-18T13:26:40.253+0000] {taskinstance.py:2612} INFO - Dependencies all met for dep_context=non-requeueable deps ti=<TaskInstance: our_first_dag_v4.this_is_1st_task scheduled__2021-10-15T00:00:00+00:00 [queued]>
[2024-10-18T13:26:40.258+0000] {taskinstance.py:2612} INFO - Dependencies all met for dep_context=requeueable deps ti=<TaskInstance: our_first_dag_v4.this_is_1st_task scheduled__2021-10-15T00:00:00+00:00 [queued]>
[2024-10-18T13:26:40.259+0000] {taskinstance.py:2865} INFO - Starting attempt 1 of 2
[2024-10-18T13:26:40.270+0000] {taskinstance.py:2888} INFO - Executing <Task(BashOperator): this_is_1st_task> on 2021-10-15 00:00:00+00:00
[2024-10-18T13:26:40.277+0000] {logging_mixin.py:190} WARNING - /home/***/.local/lib/python3.12/site-packages/***/task/task_runner/standard_task_runner.py:70 DeprecationWarning: This process (pid=6132) is multi-threaded, use of fork() may lead to deadlocks in the child.
[2024-10-18T13:26:40.277+0000] {standard_task_runner.py:104} INFO - Running: ['***', 'tasks', 'run', 'our_first_dag_v4', 'this_is_1st_task', 'scheduled__2021-10-15T00:00:00+00:00', '--job-id', '2737', '--raw', '--subdir', 'DAGS_FOLDER/our_first_dag.py', '--cfg-path', '/tmp/tmp32vbnqj6']
[2024-10-18T13:26:40.278+0000] {standard_task_runner.py:72} INFO - Started process 6137 to run task
[2024-10-18T13:26:40.279+0000] {standard_task_runner.py:105} INFO - Job 2737: Subtask this_is_1st_task
[2024-10-18T13:26:40.307+0000] {task_command.py:467} INFO - Running <TaskInstance: our_first_dag_v4.this_is_1st_task scheduled__2021-10-15T00:00:00+00:00 [running]> on host ad4831ffc3d7
[2024-10-18T13:26:40.362+0000] {taskinstance.py:3131} INFO - Exporting env vars: AIRFLOW_CTX_DAG_OWNER='sourabh' AIRFLOW_CTX_DAG_ID='our_first_dag_v4' AIRFLOW_CTX_TASK_ID='this_is_1st_task' AIRFLOW_CTX_EXECUTION_DATE='2021-10-15T00:00:00+00:00' AIRFLOW_CTX_TRY_NUMBER='1' AIRFLOW_CTX_DAG_RUN_ID='scheduled__2021-10-15T00:00:00+00:00'
[2024-10-18T13:26:40.363+0000] {taskinstance.py:731} INFO - ::endgroup::
[2024-10-18T13:26:40.374+0000] {subprocess.py:63} INFO - Tmp dir root location: /tmp
[2024-10-18T13:26:40.375+0000] {subprocess.py:75} INFO - Running command: ['/usr/bin/bash', '-c', 'echo Hello world, this is my first task']
[2024-10-18T13:26:40.380+0000] {subprocess.py:86} INFO - Output:
[2024-10-18T13:26:40.381+0000] {subprocess.py:93} INFO - Hello world, this is my first task
[2024-10-18T13:26:40.382+0000] {subprocess.py:97} INFO - Command exited with return code 0
[2024-10-18T13:26:40.401+0000] {taskinstance.py:340} INFO - ::group::Post task execution logs
[2024-10-18T13:26:40.403+0000] {taskinstance.py:352} INFO - Marking task as SUCCESS. dag_id=our_first_dag_v4, task_id=this_is_1st_task, run_id=scheduled__2021-10-15T00:00:00+00:00, execution_date=20211015T000000, start_date=20241018T132640, end_date=20241018T132640
[2024-10-18T13:26:40.463+0000] {local_task_job_runner.py:266} INFO - Task exited with return code 0
[2024-10-18T13:26:40.476+0000] {local_task_job_runner.py:245} INFO - ::endgroup::
