[2024-10-18T13:26:45.183+0000] {local_task_job_runner.py:123} INFO - ::group::Pre task execution logs
[2024-10-18T13:26:45.214+0000] {taskinstance.py:2612} INFO - Dependencies all met for dep_context=non-requeueable deps ti=<TaskInstance: our_first_dag_v4.this_is_2nd_task scheduled__2021-10-28T00:00:00+00:00 [queued]>
[2024-10-18T13:26:45.238+0000] {taskinstance.py:2612} INFO - Dependencies all met for dep_context=requeueable deps ti=<TaskInstance: our_first_dag_v4.this_is_2nd_task scheduled__2021-10-28T00:00:00+00:00 [queued]>
[2024-10-18T13:26:45.240+0000] {taskinstance.py:2865} INFO - Starting attempt 1 of 2
[2024-10-18T13:26:45.282+0000] {taskinstance.py:2888} INFO - Executing <Task(BashOperator): this_is_2nd_task> on 2021-10-28 00:00:00+00:00
[2024-10-18T13:26:45.303+0000] {standard_task_runner.py:104} INFO - Running: ['***', 'tasks', 'run', 'our_first_dag_v4', 'this_is_2nd_task', 'scheduled__2021-10-28T00:00:00+00:00', '--job-id', '2786', '--raw', '--subdir', 'DAGS_FOLDER/our_first_dag.py', '--cfg-path', '/tmp/tmp6h30a8ce']
[2024-10-18T13:26:45.307+0000] {logging_mixin.py:190} WARNING - /home/***/.local/lib/python3.12/site-packages/***/task/task_runner/standard_task_runner.py:70 DeprecationWarning: This process (pid=6306) is multi-threaded, use of fork() may lead to deadlocks in the child.
[2024-10-18T13:26:45.308+0000] {standard_task_runner.py:105} INFO - Job 2786: Subtask this_is_2nd_task
[2024-10-18T13:26:45.308+0000] {standard_task_runner.py:72} INFO - Started process 6326 to run task
[2024-10-18T13:26:45.410+0000] {task_command.py:467} INFO - Running <TaskInstance: our_first_dag_v4.this_is_2nd_task scheduled__2021-10-28T00:00:00+00:00 [running]> on host ad4831ffc3d7
[2024-10-18T13:26:45.532+0000] {taskinstance.py:3131} INFO - Exporting env vars: AIRFLOW_CTX_DAG_OWNER='sourabh' AIRFLOW_CTX_DAG_ID='our_first_dag_v4' AIRFLOW_CTX_TASK_ID='this_is_2nd_task' AIRFLOW_CTX_EXECUTION_DATE='2021-10-28T00:00:00+00:00' AIRFLOW_CTX_TRY_NUMBER='1' AIRFLOW_CTX_DAG_RUN_ID='scheduled__2021-10-28T00:00:00+00:00'
[2024-10-18T13:26:45.533+0000] {taskinstance.py:731} INFO - ::endgroup::
[2024-10-18T13:26:45.544+0000] {subprocess.py:63} INFO - Tmp dir root location: /tmp
[2024-10-18T13:26:45.547+0000] {subprocess.py:75} INFO - Running command: ['/usr/bin/bash', '-c', 'echo Hello world, this is my second task and will run after task one ']
[2024-10-18T13:26:45.566+0000] {subprocess.py:86} INFO - Output:
[2024-10-18T13:26:45.571+0000] {subprocess.py:93} INFO - Hello world, this is my second task and will run after task one
[2024-10-18T13:26:45.572+0000] {subprocess.py:97} INFO - Command exited with return code 0
[2024-10-18T13:26:45.643+0000] {taskinstance.py:340} INFO - ::group::Post task execution logs
[2024-10-18T13:26:45.649+0000] {taskinstance.py:352} INFO - Marking task as SUCCESS. dag_id=our_first_dag_v4, task_id=this_is_2nd_task, run_id=scheduled__2021-10-28T00:00:00+00:00, execution_date=20211028T000000, start_date=20241018T132645, end_date=20241018T132645
[2024-10-18T13:26:45.747+0000] {local_task_job_runner.py:266} INFO - Task exited with return code 0
[2024-10-18T13:26:45.763+0000] {taskinstance.py:3900} INFO - 0 downstream tasks scheduled from follow-on schedule check
[2024-10-18T13:26:45.765+0000] {local_task_job_runner.py:245} INFO - ::endgroup::
