[2024-10-18T13:32:05.645+0000] {local_task_job_runner.py:123} INFO - ::group::Pre task execution logs
[2024-10-18T13:32:05.700+0000] {taskinstance.py:2612} INFO - Dependencies all met for dep_context=non-requeueable deps ti=<TaskInstance: our_first_dag_v4.this_is_1st_task scheduled__2023-09-02T00:00:00+00:00 [queued]>
[2024-10-18T13:32:05.744+0000] {taskinstance.py:2612} INFO - Dependencies all met for dep_context=requeueable deps ti=<TaskInstance: our_first_dag_v4.this_is_1st_task scheduled__2023-09-02T00:00:00+00:00 [queued]>
[2024-10-18T13:32:05.747+0000] {taskinstance.py:2865} INFO - Starting attempt 1 of 2
[2024-10-18T13:32:05.821+0000] {taskinstance.py:2888} INFO - Executing <Task(BashOperator): this_is_1st_task> on 2023-09-02 00:00:00+00:00
[2024-10-18T13:32:05.846+0000] {logging_mixin.py:190} WARNING - /home/***/.local/lib/python3.12/site-packages/***/task/task_runner/standard_task_runner.py:70 DeprecationWarning: This process (pid=14452) is multi-threaded, use of fork() may lead to deadlocks in the child.
[2024-10-18T13:32:05.856+0000] {standard_task_runner.py:72} INFO - Started process 14468 to run task
[2024-10-18T13:32:05.847+0000] {standard_task_runner.py:104} INFO - Running: ['***', 'tasks', 'run', 'our_first_dag_v4', 'this_is_1st_task', 'scheduled__2023-09-02T00:00:00+00:00', '--job-id', '4786', '--raw', '--subdir', 'DAGS_FOLDER/our_first_dag.py', '--cfg-path', '/tmp/tmp587cyp6p']
[2024-10-18T13:32:05.871+0000] {standard_task_runner.py:105} INFO - Job 4786: Subtask this_is_1st_task
[2024-10-18T13:32:06.078+0000] {task_command.py:467} INFO - Running <TaskInstance: our_first_dag_v4.this_is_1st_task scheduled__2023-09-02T00:00:00+00:00 [running]> on host ad4831ffc3d7
[2024-10-18T13:32:06.220+0000] {taskinstance.py:3131} INFO - Exporting env vars: AIRFLOW_CTX_DAG_OWNER='sourabh' AIRFLOW_CTX_DAG_ID='our_first_dag_v4' AIRFLOW_CTX_TASK_ID='this_is_1st_task' AIRFLOW_CTX_EXECUTION_DATE='2023-09-02T00:00:00+00:00' AIRFLOW_CTX_TRY_NUMBER='1' AIRFLOW_CTX_DAG_RUN_ID='scheduled__2023-09-02T00:00:00+00:00'
[2024-10-18T13:32:06.222+0000] {taskinstance.py:731} INFO - ::endgroup::
[2024-10-18T13:32:06.276+0000] {subprocess.py:63} INFO - Tmp dir root location: /tmp
[2024-10-18T13:32:06.277+0000] {subprocess.py:75} INFO - Running command: ['/usr/bin/bash', '-c', 'echo Hello world, this is my first task']
[2024-10-18T13:32:06.318+0000] {subprocess.py:86} INFO - Output:
[2024-10-18T13:32:06.328+0000] {subprocess.py:93} INFO - Hello world, this is my first task
[2024-10-18T13:32:06.334+0000] {subprocess.py:97} INFO - Command exited with return code 0
[2024-10-18T13:32:06.494+0000] {taskinstance.py:340} INFO - ::group::Post task execution logs
[2024-10-18T13:32:06.495+0000] {taskinstance.py:352} INFO - Marking task as SUCCESS. dag_id=our_first_dag_v4, task_id=this_is_1st_task, run_id=scheduled__2023-09-02T00:00:00+00:00, execution_date=20230902T000000, start_date=20241018T133205, end_date=20241018T133206
[2024-10-18T13:32:06.689+0000] {local_task_job_runner.py:266} INFO - Task exited with return code 0
[2024-10-18T13:32:06.781+0000] {local_task_job_runner.py:245} INFO - ::endgroup::
