[2024-10-18T13:30:55.269+0000] {local_task_job_runner.py:123} INFO - ::group::Pre task execution logs
[2024-10-18T13:30:55.287+0000] {taskinstance.py:2612} INFO - Dependencies all met for dep_context=non-requeueable deps ti=<TaskInstance: our_first_dag_v4.this_is_1st_task scheduled__2023-04-25T00:00:00+00:00 [queued]>
[2024-10-18T13:30:55.306+0000] {taskinstance.py:2612} INFO - Dependencies all met for dep_context=requeueable deps ti=<TaskInstance: our_first_dag_v4.this_is_1st_task scheduled__2023-04-25T00:00:00+00:00 [queued]>
[2024-10-18T13:30:55.307+0000] {taskinstance.py:2865} INFO - Starting attempt 1 of 2
[2024-10-18T13:30:55.330+0000] {taskinstance.py:2888} INFO - Executing <Task(BashOperator): this_is_1st_task> on 2023-04-25 00:00:00+00:00
[2024-10-18T13:30:55.340+0000] {standard_task_runner.py:104} INFO - Running: ['***', 'tasks', 'run', 'our_first_dag_v4', 'this_is_1st_task', 'scheduled__2023-04-25T00:00:00+00:00', '--job-id', '4410', '--raw', '--subdir', 'DAGS_FOLDER/our_first_dag.py', '--cfg-path', '/tmp/tmpfcw_z4jh']
[2024-10-18T13:30:55.343+0000] {standard_task_runner.py:105} INFO - Job 4410: Subtask this_is_1st_task
[2024-10-18T13:30:55.342+0000] {logging_mixin.py:190} WARNING - /home/***/.local/lib/python3.12/site-packages/***/task/task_runner/standard_task_runner.py:70 DeprecationWarning: This process (pid=12929) is multi-threaded, use of fork() may lead to deadlocks in the child.
[2024-10-18T13:30:55.344+0000] {standard_task_runner.py:72} INFO - Started process 12933 to run task
[2024-10-18T13:30:55.409+0000] {task_command.py:467} INFO - Running <TaskInstance: our_first_dag_v4.this_is_1st_task scheduled__2023-04-25T00:00:00+00:00 [running]> on host ad4831ffc3d7
[2024-10-18T13:30:55.565+0000] {taskinstance.py:3131} INFO - Exporting env vars: AIRFLOW_CTX_DAG_OWNER='sourabh' AIRFLOW_CTX_DAG_ID='our_first_dag_v4' AIRFLOW_CTX_TASK_ID='this_is_1st_task' AIRFLOW_CTX_EXECUTION_DATE='2023-04-25T00:00:00+00:00' AIRFLOW_CTX_TRY_NUMBER='1' AIRFLOW_CTX_DAG_RUN_ID='scheduled__2023-04-25T00:00:00+00:00'
[2024-10-18T13:30:55.567+0000] {taskinstance.py:731} INFO - ::endgroup::
[2024-10-18T13:30:55.611+0000] {subprocess.py:63} INFO - Tmp dir root location: /tmp
[2024-10-18T13:30:55.612+0000] {subprocess.py:75} INFO - Running command: ['/usr/bin/bash', '-c', 'echo Hello world, this is my first task']
[2024-10-18T13:30:55.625+0000] {subprocess.py:86} INFO - Output:
[2024-10-18T13:30:55.632+0000] {subprocess.py:93} INFO - Hello world, this is my first task
[2024-10-18T13:30:55.635+0000] {subprocess.py:97} INFO - Command exited with return code 0
[2024-10-18T13:30:55.685+0000] {taskinstance.py:340} INFO - ::group::Post task execution logs
[2024-10-18T13:30:55.686+0000] {taskinstance.py:352} INFO - Marking task as SUCCESS. dag_id=our_first_dag_v4, task_id=this_is_1st_task, run_id=scheduled__2023-04-25T00:00:00+00:00, execution_date=20230425T000000, start_date=20241018T133055, end_date=20241018T133055
[2024-10-18T13:30:55.780+0000] {local_task_job_runner.py:266} INFO - Task exited with return code 0
[2024-10-18T13:30:55.811+0000] {local_task_job_runner.py:245} INFO - ::endgroup::
