[2024-10-18T13:28:39.101+0000] {local_task_job_runner.py:123} INFO - ::group::Pre task execution logs
[2024-10-18T13:28:39.159+0000] {taskinstance.py:2612} INFO - Dependencies all met for dep_context=non-requeueable deps ti=<TaskInstance: our_first_dag_v4.this_is_2nd_task scheduled__2022-07-14T00:00:00+00:00 [queued]>
[2024-10-18T13:28:39.189+0000] {taskinstance.py:2612} INFO - Dependencies all met for dep_context=requeueable deps ti=<TaskInstance: our_first_dag_v4.this_is_2nd_task scheduled__2022-07-14T00:00:00+00:00 [queued]>
[2024-10-18T13:28:39.193+0000] {taskinstance.py:2865} INFO - Starting attempt 1 of 2
[2024-10-18T13:28:39.256+0000] {taskinstance.py:2888} INFO - Executing <Task(BashOperator): this_is_2nd_task> on 2022-07-14 00:00:00+00:00
[2024-10-18T13:28:39.280+0000] {standard_task_runner.py:104} INFO - Running: ['***', 'tasks', 'run', 'our_first_dag_v4', 'this_is_2nd_task', 'scheduled__2022-07-14T00:00:00+00:00', '--job-id', '3561', '--raw', '--subdir', 'DAGS_FOLDER/our_first_dag.py', '--cfg-path', '/tmp/tmpf6xh734a']
[2024-10-18T13:28:39.288+0000] {standard_task_runner.py:105} INFO - Job 3561: Subtask this_is_2nd_task
[2024-10-18T13:28:39.291+0000] {logging_mixin.py:190} WARNING - /home/***/.local/lib/python3.12/site-packages/***/task/task_runner/standard_task_runner.py:70 DeprecationWarning: This process (pid=9459) is multi-threaded, use of fork() may lead to deadlocks in the child.
[2024-10-18T13:28:39.297+0000] {standard_task_runner.py:72} INFO - Started process 9481 to run task
[2024-10-18T13:28:39.423+0000] {task_command.py:467} INFO - Running <TaskInstance: our_first_dag_v4.this_is_2nd_task scheduled__2022-07-14T00:00:00+00:00 [running]> on host ad4831ffc3d7
[2024-10-18T13:28:39.660+0000] {taskinstance.py:3131} INFO - Exporting env vars: AIRFLOW_CTX_DAG_OWNER='sourabh' AIRFLOW_CTX_DAG_ID='our_first_dag_v4' AIRFLOW_CTX_TASK_ID='this_is_2nd_task' AIRFLOW_CTX_EXECUTION_DATE='2022-07-14T00:00:00+00:00' AIRFLOW_CTX_TRY_NUMBER='1' AIRFLOW_CTX_DAG_RUN_ID='scheduled__2022-07-14T00:00:00+00:00'
[2024-10-18T13:28:39.662+0000] {taskinstance.py:731} INFO - ::endgroup::
[2024-10-18T13:28:39.730+0000] {subprocess.py:63} INFO - Tmp dir root location: /tmp
[2024-10-18T13:28:39.738+0000] {subprocess.py:75} INFO - Running command: ['/usr/bin/bash', '-c', 'echo Hello world, this is my second task and will run after task one ']
[2024-10-18T13:28:39.763+0000] {subprocess.py:86} INFO - Output:
[2024-10-18T13:28:39.773+0000] {subprocess.py:93} INFO - Hello world, this is my second task and will run after task one
[2024-10-18T13:28:39.775+0000] {subprocess.py:97} INFO - Command exited with return code 0
[2024-10-18T13:28:39.837+0000] {taskinstance.py:340} INFO - ::group::Post task execution logs
[2024-10-18T13:28:39.839+0000] {taskinstance.py:352} INFO - Marking task as SUCCESS. dag_id=our_first_dag_v4, task_id=this_is_2nd_task, run_id=scheduled__2022-07-14T00:00:00+00:00, execution_date=20220714T000000, start_date=20241018T132839, end_date=20241018T132839
[2024-10-18T13:28:39.897+0000] {local_task_job_runner.py:266} INFO - Task exited with return code 0
[2024-10-18T13:28:39.971+0000] {taskinstance.py:3900} INFO - 0 downstream tasks scheduled from follow-on schedule check
[2024-10-18T13:28:39.982+0000] {local_task_job_runner.py:245} INFO - ::endgroup::
