[2024-10-18T13:28:05.248+0000] {local_task_job_runner.py:123} INFO - ::group::Pre task execution logs
[2024-10-18T13:28:05.310+0000] {taskinstance.py:2612} INFO - Dependencies all met for dep_context=non-requeueable deps ti=<TaskInstance: our_first_dag_v4.this_is_3rd_task scheduled__2022-04-22T00:00:00+00:00 [queued]>
[2024-10-18T13:28:05.333+0000] {taskinstance.py:2612} INFO - Dependencies all met for dep_context=requeueable deps ti=<TaskInstance: our_first_dag_v4.this_is_3rd_task scheduled__2022-04-22T00:00:00+00:00 [queued]>
[2024-10-18T13:28:05.340+0000] {taskinstance.py:2865} INFO - Starting attempt 1 of 2
[2024-10-18T13:28:05.372+0000] {taskinstance.py:2888} INFO - Executing <Task(BashOperator): this_is_3rd_task> on 2022-04-22 00:00:00+00:00
[2024-10-18T13:28:05.389+0000] {logging_mixin.py:190} WARNING - /home/***/.local/lib/python3.12/site-packages/***/task/task_runner/standard_task_runner.py:70 DeprecationWarning: This process (pid=8472) is multi-threaded, use of fork() may lead to deadlocks in the child.
[2024-10-18T13:28:05.401+0000] {standard_task_runner.py:72} INFO - Started process 8494 to run task
[2024-10-18T13:28:05.383+0000] {standard_task_runner.py:104} INFO - Running: ['***', 'tasks', 'run', 'our_first_dag_v4', 'this_is_3rd_task', 'scheduled__2022-04-22T00:00:00+00:00', '--job-id', '3317', '--raw', '--subdir', 'DAGS_FOLDER/our_first_dag.py', '--cfg-path', '/tmp/tmp01prg_ka']
[2024-10-18T13:28:05.406+0000] {standard_task_runner.py:105} INFO - Job 3317: Subtask this_is_3rd_task
[2024-10-18T13:28:05.587+0000] {task_command.py:467} INFO - Running <TaskInstance: our_first_dag_v4.this_is_3rd_task scheduled__2022-04-22T00:00:00+00:00 [running]> on host ad4831ffc3d7
[2024-10-18T13:28:05.822+0000] {taskinstance.py:3131} INFO - Exporting env vars: AIRFLOW_CTX_DAG_OWNER='sourabh' AIRFLOW_CTX_DAG_ID='our_first_dag_v4' AIRFLOW_CTX_TASK_ID='this_is_3rd_task' AIRFLOW_CTX_EXECUTION_DATE='2022-04-22T00:00:00+00:00' AIRFLOW_CTX_TRY_NUMBER='1' AIRFLOW_CTX_DAG_RUN_ID='scheduled__2022-04-22T00:00:00+00:00'
[2024-10-18T13:28:05.825+0000] {taskinstance.py:731} INFO - ::endgroup::
[2024-10-18T13:28:05.850+0000] {subprocess.py:63} INFO - Tmp dir root location: /tmp
[2024-10-18T13:28:05.851+0000] {subprocess.py:75} INFO - Running command: ['/usr/bin/bash', '-c', 'echo Hello world, this is my third task and will run after task1 and at same time task2']
[2024-10-18T13:28:05.863+0000] {subprocess.py:86} INFO - Output:
[2024-10-18T13:28:05.864+0000] {subprocess.py:93} INFO - Hello world, this is my third task and will run after task1 and at same time task2
[2024-10-18T13:28:05.864+0000] {subprocess.py:97} INFO - Command exited with return code 0
[2024-10-18T13:28:05.919+0000] {taskinstance.py:340} INFO - ::group::Post task execution logs
[2024-10-18T13:28:05.924+0000] {taskinstance.py:352} INFO - Marking task as SUCCESS. dag_id=our_first_dag_v4, task_id=this_is_3rd_task, run_id=scheduled__2022-04-22T00:00:00+00:00, execution_date=20220422T000000, start_date=20241018T132805, end_date=20241018T132805
[2024-10-18T13:28:05.975+0000] {local_task_job_runner.py:266} INFO - Task exited with return code 0
[2024-10-18T13:28:06.008+0000] {taskinstance.py:3900} INFO - 0 downstream tasks scheduled from follow-on schedule check
[2024-10-18T13:28:06.014+0000] {local_task_job_runner.py:245} INFO - ::endgroup::
