[2024-10-18T13:31:19.127+0000] {local_task_job_runner.py:123} INFO - ::group::Pre task execution logs
[2024-10-18T13:31:19.311+0000] {taskinstance.py:2612} INFO - Dependencies all met for dep_context=non-requeueable deps ti=<TaskInstance: our_first_dag_v4.this_is_2nd_task scheduled__2023-06-10T00:00:00+00:00 [queued]>
[2024-10-18T13:31:19.359+0000] {taskinstance.py:2612} INFO - Dependencies all met for dep_context=requeueable deps ti=<TaskInstance: our_first_dag_v4.this_is_2nd_task scheduled__2023-06-10T00:00:00+00:00 [queued]>
[2024-10-18T13:31:19.375+0000] {taskinstance.py:2865} INFO - Starting attempt 1 of 2
[2024-10-18T13:31:19.505+0000] {taskinstance.py:2888} INFO - Executing <Task(BashOperator): this_is_2nd_task> on 2023-06-10 00:00:00+00:00
[2024-10-18T13:31:19.548+0000] {logging_mixin.py:190} WARNING - /home/***/.local/lib/python3.12/site-packages/***/task/task_runner/standard_task_runner.py:70 DeprecationWarning: This process (pid=13493) is multi-threaded, use of fork() may lead to deadlocks in the child.
[2024-10-18T13:31:19.560+0000] {standard_task_runner.py:72} INFO - Started process 13512 to run task
[2024-10-18T13:31:19.547+0000] {standard_task_runner.py:104} INFO - Running: ['***', 'tasks', 'run', 'our_first_dag_v4', 'this_is_2nd_task', 'scheduled__2023-06-10T00:00:00+00:00', '--job-id', '4554', '--raw', '--subdir', 'DAGS_FOLDER/our_first_dag.py', '--cfg-path', '/tmp/tmpmifb17xw']
[2024-10-18T13:31:19.571+0000] {standard_task_runner.py:105} INFO - Job 4554: Subtask this_is_2nd_task
[2024-10-18T13:31:19.865+0000] {task_command.py:467} INFO - Running <TaskInstance: our_first_dag_v4.this_is_2nd_task scheduled__2023-06-10T00:00:00+00:00 [running]> on host ad4831ffc3d7
[2024-10-18T13:31:20.165+0000] {taskinstance.py:3131} INFO - Exporting env vars: AIRFLOW_CTX_DAG_OWNER='sourabh' AIRFLOW_CTX_DAG_ID='our_first_dag_v4' AIRFLOW_CTX_TASK_ID='this_is_2nd_task' AIRFLOW_CTX_EXECUTION_DATE='2023-06-10T00:00:00+00:00' AIRFLOW_CTX_TRY_NUMBER='1' AIRFLOW_CTX_DAG_RUN_ID='scheduled__2023-06-10T00:00:00+00:00'
[2024-10-18T13:31:20.168+0000] {taskinstance.py:731} INFO - ::endgroup::
[2024-10-18T13:31:20.212+0000] {subprocess.py:63} INFO - Tmp dir root location: /tmp
[2024-10-18T13:31:20.213+0000] {subprocess.py:75} INFO - Running command: ['/usr/bin/bash', '-c', 'echo Hello world, this is my second task and will run after task one ']
[2024-10-18T13:31:20.227+0000] {subprocess.py:86} INFO - Output:
[2024-10-18T13:31:20.229+0000] {subprocess.py:93} INFO - Hello world, this is my second task and will run after task one
[2024-10-18T13:31:20.230+0000] {subprocess.py:97} INFO - Command exited with return code 0
[2024-10-18T13:31:20.296+0000] {taskinstance.py:340} INFO - ::group::Post task execution logs
[2024-10-18T13:31:20.300+0000] {taskinstance.py:352} INFO - Marking task as SUCCESS. dag_id=our_first_dag_v4, task_id=this_is_2nd_task, run_id=scheduled__2023-06-10T00:00:00+00:00, execution_date=20230610T000000, start_date=20241018T133119, end_date=20241018T133120
[2024-10-18T13:31:20.382+0000] {local_task_job_runner.py:266} INFO - Task exited with return code 0
[2024-10-18T13:31:20.441+0000] {taskinstance.py:3900} INFO - 0 downstream tasks scheduled from follow-on schedule check
[2024-10-18T13:31:20.444+0000] {local_task_job_runner.py:245} INFO - ::endgroup::
