[2024-10-18T12:04:55.600+0000] {local_task_job_runner.py:123} INFO - ::group::Pre task execution logs
[2024-10-18T12:04:55.680+0000] {taskinstance.py:2612} INFO - Dependencies all met for dep_context=non-requeueable deps ti=<TaskInstance: our_first_dag.this_is_1st_task scheduled__2023-04-13T00:00:00+00:00 [queued]>
[2024-10-18T12:04:55.717+0000] {taskinstance.py:2612} INFO - Dependencies all met for dep_context=requeueable deps ti=<TaskInstance: our_first_dag.this_is_1st_task scheduled__2023-04-13T00:00:00+00:00 [queued]>
[2024-10-18T12:04:55.720+0000] {taskinstance.py:2865} INFO - Starting attempt 1 of 2
[2024-10-18T12:04:55.835+0000] {taskinstance.py:2888} INFO - Executing <Task(BashOperator): this_is_1st_task> on 2023-04-13 00:00:00+00:00
[2024-10-18T12:04:55.864+0000] {logging_mixin.py:190} WARNING - /home/***/.local/lib/python3.12/site-packages/***/task/task_runner/standard_task_runner.py:70 DeprecationWarning: This process (pid=2839) is multi-threaded, use of fork() may lead to deadlocks in the child.
[2024-10-18T12:04:55.869+0000] {standard_task_runner.py:72} INFO - Started process 2849 to run task
[2024-10-18T12:04:55.997+0000] {standard_task_runner.py:104} INFO - Running: ['***', 'tasks', 'run', 'our_first_dag', 'this_is_1st_task', 'scheduled__2023-04-13T00:00:00+00:00', '--job-id', '629', '--raw', '--subdir', 'DAGS_FOLDER/our_first_dag.py', '--cfg-path', '/tmp/tmp3j0adzh_']
[2024-10-18T12:04:56.005+0000] {standard_task_runner.py:105} INFO - Job 629: Subtask this_is_1st_task
[2024-10-18T12:04:56.401+0000] {task_command.py:467} INFO - Running <TaskInstance: our_first_dag.this_is_1st_task scheduled__2023-04-13T00:00:00+00:00 [running]> on host 8e48fbd237c9
[2024-10-18T12:04:56.805+0000] {taskinstance.py:3131} INFO - Exporting env vars: AIRFLOW_CTX_DAG_OWNER='sourabh' AIRFLOW_CTX_DAG_ID='our_first_dag' AIRFLOW_CTX_TASK_ID='this_is_1st_task' AIRFLOW_CTX_EXECUTION_DATE='2023-04-13T00:00:00+00:00' AIRFLOW_CTX_TRY_NUMBER='1' AIRFLOW_CTX_DAG_RUN_ID='scheduled__2023-04-13T00:00:00+00:00'
[2024-10-18T12:04:56.812+0000] {taskinstance.py:731} INFO - ::endgroup::
[2024-10-18T12:04:57.004+0000] {subprocess.py:63} INFO - Tmp dir root location: /tmp
[2024-10-18T12:04:57.020+0000] {subprocess.py:75} INFO - Running command: ['/usr/bin/bash', '-c', 'echo Hello world, this is my first task']
[2024-10-18T12:04:57.231+0000] {subprocess.py:86} INFO - Output:
[2024-10-18T12:04:57.243+0000] {subprocess.py:93} INFO - Hello world, this is my first task
[2024-10-18T12:04:57.249+0000] {subprocess.py:97} INFO - Command exited with return code 0
[2024-10-18T12:04:57.481+0000] {taskinstance.py:340} INFO - ::group::Post task execution logs
[2024-10-18T12:04:57.490+0000] {taskinstance.py:352} INFO - Marking task as SUCCESS. dag_id=our_first_dag, task_id=this_is_1st_task, run_id=scheduled__2023-04-13T00:00:00+00:00, execution_date=20230413T000000, start_date=20241018T120455, end_date=20241018T120457
[2024-10-18T12:04:57.591+0000] {local_task_job_runner.py:266} INFO - Task exited with return code 0
[2024-10-18T12:04:57.649+0000] {local_task_job_runner.py:245} INFO - ::endgroup::
