[2024-10-18T13:28:22.522+0000] {local_task_job_runner.py:123} INFO - ::group::Pre task execution logs
[2024-10-18T13:28:22.565+0000] {taskinstance.py:2612} INFO - Dependencies all met for dep_context=non-requeueable deps ti=<TaskInstance: our_first_dag_v4.this_is_2nd_task scheduled__2022-06-08T00:00:00+00:00 [queued]>
[2024-10-18T13:28:22.581+0000] {taskinstance.py:2612} INFO - Dependencies all met for dep_context=requeueable deps ti=<TaskInstance: our_first_dag_v4.this_is_2nd_task scheduled__2022-06-08T00:00:00+00:00 [queued]>
[2024-10-18T13:28:22.583+0000] {taskinstance.py:2865} INFO - Starting attempt 1 of 2
[2024-10-18T13:28:22.632+0000] {taskinstance.py:2888} INFO - Executing <Task(BashOperator): this_is_2nd_task> on 2022-06-08 00:00:00+00:00
[2024-10-18T13:28:22.659+0000] {logging_mixin.py:190} WARNING - /home/***/.local/lib/python3.12/site-packages/***/task/task_runner/standard_task_runner.py:70 DeprecationWarning: This process (pid=9024) is multi-threaded, use of fork() may lead to deadlocks in the child.
[2024-10-18T13:28:22.662+0000] {standard_task_runner.py:72} INFO - Started process 9051 to run task
[2024-10-18T13:28:22.663+0000] {standard_task_runner.py:104} INFO - Running: ['***', 'tasks', 'run', 'our_first_dag_v4', 'this_is_2nd_task', 'scheduled__2022-06-08T00:00:00+00:00', '--job-id', '3455', '--raw', '--subdir', 'DAGS_FOLDER/our_first_dag.py', '--cfg-path', '/tmp/tmp_5swy4dh']
[2024-10-18T13:28:22.671+0000] {standard_task_runner.py:105} INFO - Job 3455: Subtask this_is_2nd_task
[2024-10-18T13:28:22.809+0000] {task_command.py:467} INFO - Running <TaskInstance: our_first_dag_v4.this_is_2nd_task scheduled__2022-06-08T00:00:00+00:00 [running]> on host ad4831ffc3d7
[2024-10-18T13:28:22.924+0000] {taskinstance.py:3131} INFO - Exporting env vars: AIRFLOW_CTX_DAG_OWNER='sourabh' AIRFLOW_CTX_DAG_ID='our_first_dag_v4' AIRFLOW_CTX_TASK_ID='this_is_2nd_task' AIRFLOW_CTX_EXECUTION_DATE='2022-06-08T00:00:00+00:00' AIRFLOW_CTX_TRY_NUMBER='1' AIRFLOW_CTX_DAG_RUN_ID='scheduled__2022-06-08T00:00:00+00:00'
[2024-10-18T13:28:22.929+0000] {taskinstance.py:731} INFO - ::endgroup::
[2024-10-18T13:28:22.944+0000] {subprocess.py:63} INFO - Tmp dir root location: /tmp
[2024-10-18T13:28:22.946+0000] {subprocess.py:75} INFO - Running command: ['/usr/bin/bash', '-c', 'echo Hello world, this is my second task and will run after task one ']
[2024-10-18T13:28:22.966+0000] {subprocess.py:86} INFO - Output:
[2024-10-18T13:28:22.973+0000] {subprocess.py:93} INFO - Hello world, this is my second task and will run after task one
[2024-10-18T13:28:22.975+0000] {subprocess.py:97} INFO - Command exited with return code 0
[2024-10-18T13:28:23.053+0000] {taskinstance.py:340} INFO - ::group::Post task execution logs
[2024-10-18T13:28:23.056+0000] {taskinstance.py:352} INFO - Marking task as SUCCESS. dag_id=our_first_dag_v4, task_id=this_is_2nd_task, run_id=scheduled__2022-06-08T00:00:00+00:00, execution_date=20220608T000000, start_date=20241018T132822, end_date=20241018T132823
[2024-10-18T13:28:23.110+0000] {local_task_job_runner.py:266} INFO - Task exited with return code 0
[2024-10-18T13:28:23.145+0000] {local_task_job_runner.py:245} INFO - ::endgroup::
