[2024-10-18T11:59:23.739+0000] {local_task_job_runner.py:123} INFO - ::group::Pre task execution logs
[2024-10-18T11:59:23.779+0000] {taskinstance.py:2612} INFO - Dependencies all met for dep_context=non-requeueable deps ti=<TaskInstance: our_first_dag.this_is_1st_task scheduled__2021-12-07T00:00:00+00:00 [queued]>
[2024-10-18T11:59:23.797+0000] {taskinstance.py:2612} INFO - Dependencies all met for dep_context=requeueable deps ti=<TaskInstance: our_first_dag.this_is_1st_task scheduled__2021-12-07T00:00:00+00:00 [queued]>
[2024-10-18T11:59:23.798+0000] {taskinstance.py:2865} INFO - Starting attempt 1 of 2
[2024-10-18T11:59:23.853+0000] {taskinstance.py:2888} INFO - Executing <Task(BashOperator): this_is_1st_task> on 2021-12-07 00:00:00+00:00
[2024-10-18T11:59:23.866+0000] {logging_mixin.py:190} WARNING - /home/***/.local/lib/python3.12/site-packages/***/task/task_runner/standard_task_runner.py:70 DeprecationWarning: This process (pid=762) is multi-threaded, use of fork() may lead to deadlocks in the child.
[2024-10-18T11:59:23.869+0000] {standard_task_runner.py:72} INFO - Started process 767 to run task
[2024-10-18T11:59:23.864+0000] {standard_task_runner.py:104} INFO - Running: ['***', 'tasks', 'run', 'our_first_dag', 'this_is_1st_task', 'scheduled__2021-12-07T00:00:00+00:00', '--job-id', '137', '--raw', '--subdir', 'DAGS_FOLDER/our_first_dag.py', '--cfg-path', '/tmp/tmpk826ecmx']
[2024-10-18T11:59:23.872+0000] {standard_task_runner.py:105} INFO - Job 137: Subtask this_is_1st_task
[2024-10-18T11:59:23.999+0000] {task_command.py:467} INFO - Running <TaskInstance: our_first_dag.this_is_1st_task scheduled__2021-12-07T00:00:00+00:00 [running]> on host 8e48fbd237c9
[2024-10-18T11:59:24.235+0000] {taskinstance.py:3131} INFO - Exporting env vars: AIRFLOW_CTX_DAG_OWNER='sourabh' AIRFLOW_CTX_DAG_ID='our_first_dag' AIRFLOW_CTX_TASK_ID='this_is_1st_task' AIRFLOW_CTX_EXECUTION_DATE='2021-12-07T00:00:00+00:00' AIRFLOW_CTX_TRY_NUMBER='1' AIRFLOW_CTX_DAG_RUN_ID='scheduled__2021-12-07T00:00:00+00:00'
[2024-10-18T11:59:24.237+0000] {taskinstance.py:731} INFO - ::endgroup::
[2024-10-18T11:59:24.296+0000] {subprocess.py:63} INFO - Tmp dir root location: /tmp
[2024-10-18T11:59:24.298+0000] {subprocess.py:75} INFO - Running command: ['/usr/bin/bash', '-c', 'echo Hello world, this is my first task']
[2024-10-18T11:59:24.324+0000] {subprocess.py:86} INFO - Output:
[2024-10-18T11:59:24.328+0000] {subprocess.py:93} INFO - Hello world, this is my first task
[2024-10-18T11:59:24.329+0000] {subprocess.py:97} INFO - Command exited with return code 0
[2024-10-18T11:59:24.384+0000] {taskinstance.py:340} INFO - ::group::Post task execution logs
[2024-10-18T11:59:24.385+0000] {taskinstance.py:352} INFO - Marking task as SUCCESS. dag_id=our_first_dag, task_id=this_is_1st_task, run_id=scheduled__2021-12-07T00:00:00+00:00, execution_date=20211207T000000, start_date=20241018T115923, end_date=20241018T115924
[2024-10-18T11:59:24.451+0000] {local_task_job_runner.py:266} INFO - Task exited with return code 0
[2024-10-18T11:59:24.503+0000] {local_task_job_runner.py:245} INFO - ::endgroup::
