[2024-10-18T13:29:05.904+0000] {local_task_job_runner.py:123} INFO - ::group::Pre task execution logs
[2024-10-18T13:29:05.936+0000] {taskinstance.py:2612} INFO - Dependencies all met for dep_context=non-requeueable deps ti=<TaskInstance: our_first_dag_v4.this_is_2nd_task scheduled__2022-09-17T00:00:00+00:00 [queued]>
[2024-10-18T13:29:05.948+0000] {taskinstance.py:2612} INFO - Dependencies all met for dep_context=requeueable deps ti=<TaskInstance: our_first_dag_v4.this_is_2nd_task scheduled__2022-09-17T00:00:00+00:00 [queued]>
[2024-10-18T13:29:05.948+0000] {taskinstance.py:2865} INFO - Starting attempt 1 of 2
[2024-10-18T13:29:05.974+0000] {taskinstance.py:2888} INFO - Executing <Task(BashOperator): this_is_2nd_task> on 2022-09-17 00:00:00+00:00
[2024-10-18T13:29:05.986+0000] {logging_mixin.py:190} WARNING - /home/***/.local/lib/python3.12/site-packages/***/task/task_runner/standard_task_runner.py:70 DeprecationWarning: This process (pid=10254) is multi-threaded, use of fork() may lead to deadlocks in the child.
[2024-10-18T13:29:05.991+0000] {standard_task_runner.py:72} INFO - Started process 10263 to run task
[2024-10-18T13:29:05.985+0000] {standard_task_runner.py:104} INFO - Running: ['***', 'tasks', 'run', 'our_first_dag_v4', 'this_is_2nd_task', 'scheduled__2022-09-17T00:00:00+00:00', '--job-id', '3752', '--raw', '--subdir', 'DAGS_FOLDER/our_first_dag.py', '--cfg-path', '/tmp/tmp4zrzi7xh']
[2024-10-18T13:29:05.993+0000] {standard_task_runner.py:105} INFO - Job 3752: Subtask this_is_2nd_task
[2024-10-18T13:29:06.194+0000] {task_command.py:467} INFO - Running <TaskInstance: our_first_dag_v4.this_is_2nd_task scheduled__2022-09-17T00:00:00+00:00 [running]> on host ad4831ffc3d7
[2024-10-18T13:29:06.470+0000] {taskinstance.py:3131} INFO - Exporting env vars: AIRFLOW_CTX_DAG_OWNER='sourabh' AIRFLOW_CTX_DAG_ID='our_first_dag_v4' AIRFLOW_CTX_TASK_ID='this_is_2nd_task' AIRFLOW_CTX_EXECUTION_DATE='2022-09-17T00:00:00+00:00' AIRFLOW_CTX_TRY_NUMBER='1' AIRFLOW_CTX_DAG_RUN_ID='scheduled__2022-09-17T00:00:00+00:00'
[2024-10-18T13:29:06.473+0000] {taskinstance.py:731} INFO - ::endgroup::
[2024-10-18T13:29:06.497+0000] {subprocess.py:63} INFO - Tmp dir root location: /tmp
[2024-10-18T13:29:06.503+0000] {subprocess.py:75} INFO - Running command: ['/usr/bin/bash', '-c', 'echo Hello world, this is my second task and will run after task one ']
[2024-10-18T13:29:06.516+0000] {subprocess.py:86} INFO - Output:
[2024-10-18T13:29:06.519+0000] {subprocess.py:93} INFO - Hello world, this is my second task and will run after task one
[2024-10-18T13:29:06.520+0000] {subprocess.py:97} INFO - Command exited with return code 0
[2024-10-18T13:29:06.562+0000] {taskinstance.py:340} INFO - ::group::Post task execution logs
[2024-10-18T13:29:06.563+0000] {taskinstance.py:352} INFO - Marking task as SUCCESS. dag_id=our_first_dag_v4, task_id=this_is_2nd_task, run_id=scheduled__2022-09-17T00:00:00+00:00, execution_date=20220917T000000, start_date=20241018T132905, end_date=20241018T132906
[2024-10-18T13:29:06.589+0000] {local_task_job_runner.py:266} INFO - Task exited with return code 0
[2024-10-18T13:29:06.604+0000] {local_task_job_runner.py:245} INFO - ::endgroup::
