[2024-10-18T11:59:16.734+0000] {local_task_job_runner.py:123} INFO - ::group::Pre task execution logs
[2024-10-18T11:59:16.796+0000] {taskinstance.py:2612} INFO - Dependencies all met for dep_context=non-requeueable deps ti=<TaskInstance: our_first_dag.this_is_1st_task scheduled__2021-11-23T00:00:00+00:00 [queued]>
[2024-10-18T11:59:16.828+0000] {taskinstance.py:2612} INFO - Dependencies all met for dep_context=requeueable deps ti=<TaskInstance: our_first_dag.this_is_1st_task scheduled__2021-11-23T00:00:00+00:00 [queued]>
[2024-10-18T11:59:16.830+0000] {taskinstance.py:2865} INFO - Starting attempt 1 of 2
[2024-10-18T11:59:16.884+0000] {taskinstance.py:2888} INFO - Executing <Task(BashOperator): this_is_1st_task> on 2021-11-23 00:00:00+00:00
[2024-10-18T11:59:16.904+0000] {logging_mixin.py:190} WARNING - /home/***/.local/lib/python3.12/site-packages/***/task/task_runner/standard_task_runner.py:70 DeprecationWarning: This process (pid=693) is multi-threaded, use of fork() may lead to deadlocks in the child.
[2024-10-18T11:59:16.907+0000] {standard_task_runner.py:72} INFO - Started process 700 to run task
[2024-10-18T11:59:16.910+0000] {standard_task_runner.py:104} INFO - Running: ['***', 'tasks', 'run', 'our_first_dag', 'this_is_1st_task', 'scheduled__2021-11-23T00:00:00+00:00', '--job-id', '123', '--raw', '--subdir', 'DAGS_FOLDER/our_first_dag.py', '--cfg-path', '/tmp/tmp9ih606sq']
[2024-10-18T11:59:16.918+0000] {standard_task_runner.py:105} INFO - Job 123: Subtask this_is_1st_task
[2024-10-18T11:59:17.089+0000] {task_command.py:467} INFO - Running <TaskInstance: our_first_dag.this_is_1st_task scheduled__2021-11-23T00:00:00+00:00 [running]> on host 8e48fbd237c9
[2024-10-18T11:59:17.358+0000] {taskinstance.py:3131} INFO - Exporting env vars: AIRFLOW_CTX_DAG_OWNER='sourabh' AIRFLOW_CTX_DAG_ID='our_first_dag' AIRFLOW_CTX_TASK_ID='this_is_1st_task' AIRFLOW_CTX_EXECUTION_DATE='2021-11-23T00:00:00+00:00' AIRFLOW_CTX_TRY_NUMBER='1' AIRFLOW_CTX_DAG_RUN_ID='scheduled__2021-11-23T00:00:00+00:00'
[2024-10-18T11:59:17.359+0000] {taskinstance.py:731} INFO - ::endgroup::
[2024-10-18T11:59:17.430+0000] {subprocess.py:63} INFO - Tmp dir root location: /tmp
[2024-10-18T11:59:17.444+0000] {subprocess.py:75} INFO - Running command: ['/usr/bin/bash', '-c', 'echo Hello world, this is my first task']
[2024-10-18T11:59:17.476+0000] {subprocess.py:86} INFO - Output:
[2024-10-18T11:59:17.479+0000] {subprocess.py:93} INFO - Hello world, this is my first task
[2024-10-18T11:59:17.481+0000] {subprocess.py:97} INFO - Command exited with return code 0
[2024-10-18T11:59:17.590+0000] {taskinstance.py:340} INFO - ::group::Post task execution logs
[2024-10-18T11:59:17.593+0000] {taskinstance.py:352} INFO - Marking task as SUCCESS. dag_id=our_first_dag, task_id=this_is_1st_task, run_id=scheduled__2021-11-23T00:00:00+00:00, execution_date=20211123T000000, start_date=20241018T115916, end_date=20241018T115917
[2024-10-18T11:59:17.819+0000] {local_task_job_runner.py:266} INFO - Task exited with return code 0
[2024-10-18T11:59:17.860+0000] {taskinstance.py:3900} INFO - 0 downstream tasks scheduled from follow-on schedule check
[2024-10-18T11:59:17.877+0000] {local_task_job_runner.py:245} INFO - ::endgroup::
