[2024-10-18T13:22:42.021+0000] {local_task_job_runner.py:123} INFO - ::group::Pre task execution logs
[2024-10-18T13:22:42.035+0000] {taskinstance.py:2612} INFO - Dependencies all met for dep_context=non-requeueable deps ti=<TaskInstance: our_first_dag_v3.this_is_2nd_task scheduled__2022-03-11T00:00:00+00:00 [queued]>
[2024-10-18T13:22:42.046+0000] {taskinstance.py:2612} INFO - Dependencies all met for dep_context=requeueable deps ti=<TaskInstance: our_first_dag_v3.this_is_2nd_task scheduled__2022-03-11T00:00:00+00:00 [queued]>
[2024-10-18T13:22:42.047+0000] {taskinstance.py:2865} INFO - Starting attempt 1 of 2
[2024-10-18T13:22:42.076+0000] {taskinstance.py:2888} INFO - Executing <Task(BashOperator): this_is_2nd_task> on 2022-03-11 00:00:00+00:00
[2024-10-18T13:22:42.085+0000] {logging_mixin.py:190} WARNING - /home/***/.local/lib/python3.12/site-packages/***/task/task_runner/standard_task_runner.py:70 DeprecationWarning: This process (pid=3000) is multi-threaded, use of fork() may lead to deadlocks in the child.
[2024-10-18T13:22:42.087+0000] {standard_task_runner.py:72} INFO - Started process 3015 to run task
[2024-10-18T13:22:42.089+0000] {standard_task_runner.py:104} INFO - Running: ['***', 'tasks', 'run', 'our_first_dag_v3', 'this_is_2nd_task', 'scheduled__2022-03-11T00:00:00+00:00', '--job-id', '2009', '--raw', '--subdir', 'DAGS_FOLDER/our_first_dag.py', '--cfg-path', '/tmp/tmp_qxekhap']
[2024-10-18T13:22:42.092+0000] {standard_task_runner.py:105} INFO - Job 2009: Subtask this_is_2nd_task
[2024-10-18T13:22:42.195+0000] {task_command.py:467} INFO - Running <TaskInstance: our_first_dag_v3.this_is_2nd_task scheduled__2022-03-11T00:00:00+00:00 [running]> on host ad4831ffc3d7
[2024-10-18T13:22:42.399+0000] {taskinstance.py:3131} INFO - Exporting env vars: AIRFLOW_CTX_DAG_OWNER='sourabh' AIRFLOW_CTX_DAG_ID='our_first_dag_v3' AIRFLOW_CTX_TASK_ID='this_is_2nd_task' AIRFLOW_CTX_EXECUTION_DATE='2022-03-11T00:00:00+00:00' AIRFLOW_CTX_TRY_NUMBER='1' AIRFLOW_CTX_DAG_RUN_ID='scheduled__2022-03-11T00:00:00+00:00'
[2024-10-18T13:22:42.405+0000] {taskinstance.py:731} INFO - ::endgroup::
[2024-10-18T13:22:42.420+0000] {subprocess.py:63} INFO - Tmp dir root location: /tmp
[2024-10-18T13:22:42.431+0000] {subprocess.py:75} INFO - Running command: ['/usr/bin/bash', '-c', 'echo Hello world, this is my second task and will run after task one ']
[2024-10-18T13:22:42.456+0000] {subprocess.py:86} INFO - Output:
[2024-10-18T13:22:42.462+0000] {subprocess.py:93} INFO - Hello world, this is my second task and will run after task one
[2024-10-18T13:22:42.470+0000] {subprocess.py:97} INFO - Command exited with return code 0
[2024-10-18T13:22:42.544+0000] {taskinstance.py:340} INFO - ::group::Post task execution logs
[2024-10-18T13:22:42.548+0000] {taskinstance.py:352} INFO - Marking task as SUCCESS. dag_id=our_first_dag_v3, task_id=this_is_2nd_task, run_id=scheduled__2022-03-11T00:00:00+00:00, execution_date=20220311T000000, start_date=20241018T132242, end_date=20241018T132242
[2024-10-18T13:22:42.699+0000] {local_task_job_runner.py:266} INFO - Task exited with return code 0
[2024-10-18T13:22:42.720+0000] {local_task_job_runner.py:245} INFO - ::endgroup::
