[2024-10-18T11:59:23.890+0000] {local_task_job_runner.py:123} INFO - ::group::Pre task execution logs
[2024-10-18T11:59:23.928+0000] {taskinstance.py:2612} INFO - Dependencies all met for dep_context=non-requeueable deps ti=<TaskInstance: our_first_dag.this_is_1st_task scheduled__2021-12-08T00:00:00+00:00 [queued]>
[2024-10-18T11:59:23.954+0000] {taskinstance.py:2612} INFO - Dependencies all met for dep_context=requeueable deps ti=<TaskInstance: our_first_dag.this_is_1st_task scheduled__2021-12-08T00:00:00+00:00 [queued]>
[2024-10-18T11:59:23.963+0000] {taskinstance.py:2865} INFO - Starting attempt 1 of 2
[2024-10-18T11:59:24.076+0000] {taskinstance.py:2888} INFO - Executing <Task(BashOperator): this_is_1st_task> on 2021-12-08 00:00:00+00:00
[2024-10-18T11:59:24.092+0000] {standard_task_runner.py:104} INFO - Running: ['***', 'tasks', 'run', 'our_first_dag', 'this_is_1st_task', 'scheduled__2021-12-08T00:00:00+00:00', '--job-id', '138', '--raw', '--subdir', 'DAGS_FOLDER/our_first_dag.py', '--cfg-path', '/tmp/tmpzl7v19i4']
[2024-10-18T11:59:24.099+0000] {logging_mixin.py:190} WARNING - /home/***/.local/lib/python3.12/site-packages/***/task/task_runner/standard_task_runner.py:70 DeprecationWarning: This process (pid=763) is multi-threaded, use of fork() may lead to deadlocks in the child.
[2024-10-18T11:59:24.101+0000] {standard_task_runner.py:72} INFO - Started process 771 to run task
[2024-10-18T11:59:24.100+0000] {standard_task_runner.py:105} INFO - Job 138: Subtask this_is_1st_task
[2024-10-18T11:59:24.240+0000] {task_command.py:467} INFO - Running <TaskInstance: our_first_dag.this_is_1st_task scheduled__2021-12-08T00:00:00+00:00 [running]> on host 8e48fbd237c9
[2024-10-18T11:59:24.501+0000] {taskinstance.py:3131} INFO - Exporting env vars: AIRFLOW_CTX_DAG_OWNER='sourabh' AIRFLOW_CTX_DAG_ID='our_first_dag' AIRFLOW_CTX_TASK_ID='this_is_1st_task' AIRFLOW_CTX_EXECUTION_DATE='2021-12-08T00:00:00+00:00' AIRFLOW_CTX_TRY_NUMBER='1' AIRFLOW_CTX_DAG_RUN_ID='scheduled__2021-12-08T00:00:00+00:00'
[2024-10-18T11:59:24.503+0000] {taskinstance.py:731} INFO - ::endgroup::
[2024-10-18T11:59:24.554+0000] {subprocess.py:63} INFO - Tmp dir root location: /tmp
[2024-10-18T11:59:24.556+0000] {subprocess.py:75} INFO - Running command: ['/usr/bin/bash', '-c', 'echo Hello world, this is my first task']
[2024-10-18T11:59:24.577+0000] {subprocess.py:86} INFO - Output:
[2024-10-18T11:59:24.580+0000] {subprocess.py:93} INFO - Hello world, this is my first task
[2024-10-18T11:59:24.581+0000] {subprocess.py:97} INFO - Command exited with return code 0
[2024-10-18T11:59:24.634+0000] {taskinstance.py:340} INFO - ::group::Post task execution logs
[2024-10-18T11:59:24.636+0000] {taskinstance.py:352} INFO - Marking task as SUCCESS. dag_id=our_first_dag, task_id=this_is_1st_task, run_id=scheduled__2021-12-08T00:00:00+00:00, execution_date=20211208T000000, start_date=20241018T115923, end_date=20241018T115924
[2024-10-18T11:59:24.697+0000] {local_task_job_runner.py:266} INFO - Task exited with return code 0
[2024-10-18T11:59:24.739+0000] {taskinstance.py:3900} INFO - 0 downstream tasks scheduled from follow-on schedule check
[2024-10-18T11:59:24.743+0000] {local_task_job_runner.py:245} INFO - ::endgroup::
