[2024-10-18T10:56:34.108+0000] {processor.py:186} INFO - Started process (PID=379) to work on /home/airflow/.local/lib/python3.12/site-packages/airflow/example_dags/example_bash_operator.py
[2024-10-18T10:56:34.110+0000] {processor.py:914} INFO - Processing file /home/airflow/.local/lib/python3.12/site-packages/airflow/example_dags/example_bash_operator.py for tasks to queue
[2024-10-18T10:56:34.114+0000] {logging_mixin.py:190} INFO - [2024-10-18T10:56:34.113+0000] {dagbag.py:588} INFO - Filling up the DagBag from /home/airflow/.local/lib/python3.12/site-packages/airflow/example_dags/example_bash_operator.py
[2024-10-18T10:56:34.134+0000] {processor.py:925} INFO - DAG(s) 'example_bash_operator' retrieved from /home/airflow/.local/lib/python3.12/site-packages/airflow/example_dags/example_bash_operator.py
[2024-10-18T10:56:34.321+0000] {logging_mixin.py:190} INFO - [2024-10-18T10:56:34.320+0000] {override.py:1900} INFO - Created Permission View: can delete on DAG:example_bash_operator
[2024-10-18T10:56:34.340+0000] {logging_mixin.py:190} INFO - [2024-10-18T10:56:34.339+0000] {override.py:1900} INFO - Created Permission View: can edit on DAG:example_bash_operator
[2024-10-18T10:56:34.353+0000] {logging_mixin.py:190} INFO - [2024-10-18T10:56:34.353+0000] {override.py:1900} INFO - Created Permission View: can read on DAG:example_bash_operator
[2024-10-18T10:56:34.367+0000] {logging_mixin.py:190} INFO - [2024-10-18T10:56:34.367+0000] {override.py:1900} INFO - Created Permission View: can delete on DAG Run:example_bash_operator
[2024-10-18T10:56:34.384+0000] {logging_mixin.py:190} INFO - [2024-10-18T10:56:34.384+0000] {override.py:1900} INFO - Created Permission View: menu access on DAG Run:example_bash_operator
[2024-10-18T10:56:34.397+0000] {logging_mixin.py:190} INFO - [2024-10-18T10:56:34.396+0000] {override.py:1900} INFO - Created Permission View: can read on DAG Run:example_bash_operator
[2024-10-18T10:56:34.412+0000] {logging_mixin.py:190} INFO - [2024-10-18T10:56:34.412+0000] {override.py:1900} INFO - Created Permission View: can create on DAG Run:example_bash_operator
[2024-10-18T10:56:34.414+0000] {logging_mixin.py:190} INFO - [2024-10-18T10:56:34.413+0000] {dag.py:3239} INFO - Sync 1 DAGs
[2024-10-18T10:56:34.436+0000] {logging_mixin.py:190} INFO - [2024-10-18T10:56:34.435+0000] {dag.py:3262} INFO - Creating ORM DAG for example_bash_operator
[2024-10-18T10:56:34.456+0000] {logging_mixin.py:190} INFO - [2024-10-18T10:56:34.456+0000] {dag.py:4180} INFO - Setting next_dagrun for example_bash_operator to 2024-10-17 00:00:00+00:00, run_after=2024-10-18 00:00:00+00:00
[2024-10-18T10:56:34.486+0000] {processor.py:208} INFO - Processing /home/airflow/.local/lib/python3.12/site-packages/airflow/example_dags/example_bash_operator.py took 0.390 seconds
[2024-10-18T10:57:05.129+0000] {processor.py:186} INFO - Started process (PID=665) to work on /home/airflow/.local/lib/python3.12/site-packages/airflow/example_dags/example_bash_operator.py
[2024-10-18T10:57:05.133+0000] {processor.py:914} INFO - Processing file /home/airflow/.local/lib/python3.12/site-packages/airflow/example_dags/example_bash_operator.py for tasks to queue
[2024-10-18T10:57:05.137+0000] {logging_mixin.py:190} INFO - [2024-10-18T10:57:05.137+0000] {dagbag.py:588} INFO - Filling up the DagBag from /home/airflow/.local/lib/python3.12/site-packages/airflow/example_dags/example_bash_operator.py
[2024-10-18T10:57:05.164+0000] {processor.py:925} INFO - DAG(s) 'example_bash_operator' retrieved from /home/airflow/.local/lib/python3.12/site-packages/airflow/example_dags/example_bash_operator.py
[2024-10-18T10:57:05.221+0000] {logging_mixin.py:190} INFO - [2024-10-18T10:57:05.221+0000] {dag.py:3239} INFO - Sync 1 DAGs
[2024-10-18T10:57:05.276+0000] {logging_mixin.py:190} INFO - [2024-10-18T10:57:05.276+0000] {dag.py:4180} INFO - Setting next_dagrun for example_bash_operator to 2024-10-17 00:00:00+00:00, run_after=2024-10-18 00:00:00+00:00
[2024-10-18T10:57:05.312+0000] {processor.py:208} INFO - Processing /home/airflow/.local/lib/python3.12/site-packages/airflow/example_dags/example_bash_operator.py took 0.192 seconds
[2024-10-18T10:57:35.865+0000] {processor.py:186} INFO - Started process (PID=951) to work on /home/airflow/.local/lib/python3.12/site-packages/airflow/example_dags/example_bash_operator.py
[2024-10-18T10:57:35.866+0000] {processor.py:914} INFO - Processing file /home/airflow/.local/lib/python3.12/site-packages/airflow/example_dags/example_bash_operator.py for tasks to queue
[2024-10-18T10:57:35.872+0000] {logging_mixin.py:190} INFO - [2024-10-18T10:57:35.870+0000] {dagbag.py:588} INFO - Filling up the DagBag from /home/airflow/.local/lib/python3.12/site-packages/airflow/example_dags/example_bash_operator.py
[2024-10-18T10:57:35.898+0000] {processor.py:925} INFO - DAG(s) 'example_bash_operator' retrieved from /home/airflow/.local/lib/python3.12/site-packages/airflow/example_dags/example_bash_operator.py
[2024-10-18T10:57:35.951+0000] {logging_mixin.py:190} INFO - [2024-10-18T10:57:35.950+0000] {dag.py:3239} INFO - Sync 1 DAGs
[2024-10-18T10:57:36.008+0000] {logging_mixin.py:190} INFO - [2024-10-18T10:57:36.008+0000] {dag.py:4180} INFO - Setting next_dagrun for example_bash_operator to 2024-10-17 00:00:00+00:00, run_after=2024-10-18 00:00:00+00:00
[2024-10-18T10:57:36.060+0000] {processor.py:208} INFO - Processing /home/airflow/.local/lib/python3.12/site-packages/airflow/example_dags/example_bash_operator.py took 0.209 seconds
[2024-10-18T10:58:06.399+0000] {processor.py:186} INFO - Started process (PID=1241) to work on /home/airflow/.local/lib/python3.12/site-packages/airflow/example_dags/example_bash_operator.py
[2024-10-18T10:58:06.400+0000] {processor.py:914} INFO - Processing file /home/airflow/.local/lib/python3.12/site-packages/airflow/example_dags/example_bash_operator.py for tasks to queue
[2024-10-18T10:58:06.404+0000] {logging_mixin.py:190} INFO - [2024-10-18T10:58:06.403+0000] {dagbag.py:588} INFO - Filling up the DagBag from /home/airflow/.local/lib/python3.12/site-packages/airflow/example_dags/example_bash_operator.py
[2024-10-18T10:58:06.425+0000] {processor.py:925} INFO - DAG(s) 'example_bash_operator' retrieved from /home/airflow/.local/lib/python3.12/site-packages/airflow/example_dags/example_bash_operator.py
[2024-10-18T10:58:06.475+0000] {logging_mixin.py:190} INFO - [2024-10-18T10:58:06.474+0000] {dag.py:3239} INFO - Sync 1 DAGs
[2024-10-18T10:58:06.523+0000] {logging_mixin.py:190} INFO - [2024-10-18T10:58:06.523+0000] {dag.py:4180} INFO - Setting next_dagrun for example_bash_operator to 2024-10-17 00:00:00+00:00, run_after=2024-10-18 00:00:00+00:00
[2024-10-18T10:58:06.561+0000] {processor.py:208} INFO - Processing /home/airflow/.local/lib/python3.12/site-packages/airflow/example_dags/example_bash_operator.py took 0.172 seconds
[2024-10-18T10:58:36.729+0000] {processor.py:186} INFO - Started process (PID=1527) to work on /home/airflow/.local/lib/python3.12/site-packages/airflow/example_dags/example_bash_operator.py
[2024-10-18T10:58:36.730+0000] {processor.py:914} INFO - Processing file /home/airflow/.local/lib/python3.12/site-packages/airflow/example_dags/example_bash_operator.py for tasks to queue
[2024-10-18T10:58:36.732+0000] {logging_mixin.py:190} INFO - [2024-10-18T10:58:36.732+0000] {dagbag.py:588} INFO - Filling up the DagBag from /home/airflow/.local/lib/python3.12/site-packages/airflow/example_dags/example_bash_operator.py
[2024-10-18T10:58:36.744+0000] {processor.py:925} INFO - DAG(s) 'example_bash_operator' retrieved from /home/airflow/.local/lib/python3.12/site-packages/airflow/example_dags/example_bash_operator.py
[2024-10-18T10:58:36.768+0000] {logging_mixin.py:190} INFO - [2024-10-18T10:58:36.768+0000] {dag.py:3239} INFO - Sync 1 DAGs
[2024-10-18T10:58:36.790+0000] {logging_mixin.py:190} INFO - [2024-10-18T10:58:36.790+0000] {dag.py:4180} INFO - Setting next_dagrun for example_bash_operator to 2024-10-17 00:00:00+00:00, run_after=2024-10-18 00:00:00+00:00
[2024-10-18T10:58:36.808+0000] {processor.py:208} INFO - Processing /home/airflow/.local/lib/python3.12/site-packages/airflow/example_dags/example_bash_operator.py took 0.083 seconds
[2024-10-18T10:59:07.043+0000] {processor.py:186} INFO - Started process (PID=1812) to work on /home/airflow/.local/lib/python3.12/site-packages/airflow/example_dags/example_bash_operator.py
[2024-10-18T10:59:07.044+0000] {processor.py:914} INFO - Processing file /home/airflow/.local/lib/python3.12/site-packages/airflow/example_dags/example_bash_operator.py for tasks to queue
[2024-10-18T10:59:07.046+0000] {logging_mixin.py:190} INFO - [2024-10-18T10:59:07.046+0000] {dagbag.py:588} INFO - Filling up the DagBag from /home/airflow/.local/lib/python3.12/site-packages/airflow/example_dags/example_bash_operator.py
[2024-10-18T10:59:07.059+0000] {processor.py:925} INFO - DAG(s) 'example_bash_operator' retrieved from /home/airflow/.local/lib/python3.12/site-packages/airflow/example_dags/example_bash_operator.py
[2024-10-18T10:59:07.085+0000] {logging_mixin.py:190} INFO - [2024-10-18T10:59:07.085+0000] {dag.py:3239} INFO - Sync 1 DAGs
[2024-10-18T10:59:07.109+0000] {logging_mixin.py:190} INFO - [2024-10-18T10:59:07.109+0000] {dag.py:4180} INFO - Setting next_dagrun for example_bash_operator to 2024-10-17 00:00:00+00:00, run_after=2024-10-18 00:00:00+00:00
[2024-10-18T10:59:07.131+0000] {processor.py:208} INFO - Processing /home/airflow/.local/lib/python3.12/site-packages/airflow/example_dags/example_bash_operator.py took 0.093 seconds
[2024-10-18T10:59:37.620+0000] {processor.py:186} INFO - Started process (PID=2098) to work on /home/airflow/.local/lib/python3.12/site-packages/airflow/example_dags/example_bash_operator.py
[2024-10-18T10:59:37.621+0000] {processor.py:914} INFO - Processing file /home/airflow/.local/lib/python3.12/site-packages/airflow/example_dags/example_bash_operator.py for tasks to queue
[2024-10-18T10:59:37.623+0000] {logging_mixin.py:190} INFO - [2024-10-18T10:59:37.623+0000] {dagbag.py:588} INFO - Filling up the DagBag from /home/airflow/.local/lib/python3.12/site-packages/airflow/example_dags/example_bash_operator.py
[2024-10-18T10:59:37.636+0000] {processor.py:925} INFO - DAG(s) 'example_bash_operator' retrieved from /home/airflow/.local/lib/python3.12/site-packages/airflow/example_dags/example_bash_operator.py
[2024-10-18T10:59:37.666+0000] {logging_mixin.py:190} INFO - [2024-10-18T10:59:37.666+0000] {dag.py:3239} INFO - Sync 1 DAGs
[2024-10-18T10:59:37.691+0000] {logging_mixin.py:190} INFO - [2024-10-18T10:59:37.691+0000] {dag.py:4180} INFO - Setting next_dagrun for example_bash_operator to 2024-10-17 00:00:00+00:00, run_after=2024-10-18 00:00:00+00:00
[2024-10-18T10:59:37.711+0000] {processor.py:208} INFO - Processing /home/airflow/.local/lib/python3.12/site-packages/airflow/example_dags/example_bash_operator.py took 0.097 seconds
[2024-10-18T11:00:07.912+0000] {processor.py:186} INFO - Started process (PID=2384) to work on /home/airflow/.local/lib/python3.12/site-packages/airflow/example_dags/example_bash_operator.py
[2024-10-18T11:00:07.913+0000] {processor.py:914} INFO - Processing file /home/airflow/.local/lib/python3.12/site-packages/airflow/example_dags/example_bash_operator.py for tasks to queue
[2024-10-18T11:00:07.915+0000] {logging_mixin.py:190} INFO - [2024-10-18T11:00:07.915+0000] {dagbag.py:588} INFO - Filling up the DagBag from /home/airflow/.local/lib/python3.12/site-packages/airflow/example_dags/example_bash_operator.py
[2024-10-18T11:00:07.928+0000] {processor.py:925} INFO - DAG(s) 'example_bash_operator' retrieved from /home/airflow/.local/lib/python3.12/site-packages/airflow/example_dags/example_bash_operator.py
[2024-10-18T11:00:07.953+0000] {logging_mixin.py:190} INFO - [2024-10-18T11:00:07.953+0000] {dag.py:3239} INFO - Sync 1 DAGs
[2024-10-18T11:00:07.975+0000] {logging_mixin.py:190} INFO - [2024-10-18T11:00:07.975+0000] {dag.py:4180} INFO - Setting next_dagrun for example_bash_operator to 2024-10-17 00:00:00+00:00, run_after=2024-10-18 00:00:00+00:00
[2024-10-18T11:00:07.996+0000] {processor.py:208} INFO - Processing /home/airflow/.local/lib/python3.12/site-packages/airflow/example_dags/example_bash_operator.py took 0.088 seconds
[2024-10-18T11:00:38.438+0000] {processor.py:186} INFO - Started process (PID=2670) to work on /home/airflow/.local/lib/python3.12/site-packages/airflow/example_dags/example_bash_operator.py
[2024-10-18T11:00:38.439+0000] {processor.py:914} INFO - Processing file /home/airflow/.local/lib/python3.12/site-packages/airflow/example_dags/example_bash_operator.py for tasks to queue
[2024-10-18T11:00:38.441+0000] {logging_mixin.py:190} INFO - [2024-10-18T11:00:38.441+0000] {dagbag.py:588} INFO - Filling up the DagBag from /home/airflow/.local/lib/python3.12/site-packages/airflow/example_dags/example_bash_operator.py
[2024-10-18T11:00:38.452+0000] {processor.py:925} INFO - DAG(s) 'example_bash_operator' retrieved from /home/airflow/.local/lib/python3.12/site-packages/airflow/example_dags/example_bash_operator.py
[2024-10-18T11:00:38.479+0000] {logging_mixin.py:190} INFO - [2024-10-18T11:00:38.479+0000] {dag.py:3239} INFO - Sync 1 DAGs
[2024-10-18T11:00:38.501+0000] {logging_mixin.py:190} INFO - [2024-10-18T11:00:38.501+0000] {dag.py:4180} INFO - Setting next_dagrun for example_bash_operator to 2024-10-17 00:00:00+00:00, run_after=2024-10-18 00:00:00+00:00
[2024-10-18T11:00:38.522+0000] {processor.py:208} INFO - Processing /home/airflow/.local/lib/python3.12/site-packages/airflow/example_dags/example_bash_operator.py took 0.090 seconds
[2024-10-18T11:01:08.885+0000] {processor.py:186} INFO - Started process (PID=2956) to work on /home/airflow/.local/lib/python3.12/site-packages/airflow/example_dags/example_bash_operator.py
[2024-10-18T11:01:08.886+0000] {processor.py:914} INFO - Processing file /home/airflow/.local/lib/python3.12/site-packages/airflow/example_dags/example_bash_operator.py for tasks to queue
[2024-10-18T11:01:08.888+0000] {logging_mixin.py:190} INFO - [2024-10-18T11:01:08.888+0000] {dagbag.py:588} INFO - Filling up the DagBag from /home/airflow/.local/lib/python3.12/site-packages/airflow/example_dags/example_bash_operator.py
[2024-10-18T11:01:08.899+0000] {processor.py:925} INFO - DAG(s) 'example_bash_operator' retrieved from /home/airflow/.local/lib/python3.12/site-packages/airflow/example_dags/example_bash_operator.py
[2024-10-18T11:01:08.924+0000] {logging_mixin.py:190} INFO - [2024-10-18T11:01:08.923+0000] {dag.py:3239} INFO - Sync 1 DAGs
[2024-10-18T11:01:08.945+0000] {logging_mixin.py:190} INFO - [2024-10-18T11:01:08.945+0000] {dag.py:4180} INFO - Setting next_dagrun for example_bash_operator to 2024-10-17 00:00:00+00:00, run_after=2024-10-18 00:00:00+00:00
[2024-10-18T11:01:08.964+0000] {processor.py:208} INFO - Processing /home/airflow/.local/lib/python3.12/site-packages/airflow/example_dags/example_bash_operator.py took 0.084 seconds
[2024-10-18T11:01:39.352+0000] {processor.py:186} INFO - Started process (PID=3242) to work on /home/airflow/.local/lib/python3.12/site-packages/airflow/example_dags/example_bash_operator.py
[2024-10-18T11:01:39.353+0000] {processor.py:914} INFO - Processing file /home/airflow/.local/lib/python3.12/site-packages/airflow/example_dags/example_bash_operator.py for tasks to queue
[2024-10-18T11:01:39.356+0000] {logging_mixin.py:190} INFO - [2024-10-18T11:01:39.355+0000] {dagbag.py:588} INFO - Filling up the DagBag from /home/airflow/.local/lib/python3.12/site-packages/airflow/example_dags/example_bash_operator.py
[2024-10-18T11:01:39.374+0000] {processor.py:925} INFO - DAG(s) 'example_bash_operator' retrieved from /home/airflow/.local/lib/python3.12/site-packages/airflow/example_dags/example_bash_operator.py
[2024-10-18T11:01:39.416+0000] {logging_mixin.py:190} INFO - [2024-10-18T11:01:39.407+0000] {dag.py:3239} INFO - Sync 1 DAGs
[2024-10-18T11:01:39.471+0000] {logging_mixin.py:190} INFO - [2024-10-18T11:01:39.470+0000] {dag.py:4180} INFO - Setting next_dagrun for example_bash_operator to 2024-10-17 00:00:00+00:00, run_after=2024-10-18 00:00:00+00:00
[2024-10-18T11:01:39.504+0000] {processor.py:208} INFO - Processing /home/airflow/.local/lib/python3.12/site-packages/airflow/example_dags/example_bash_operator.py took 0.158 seconds
[2024-10-18T11:02:09.917+0000] {processor.py:186} INFO - Started process (PID=3528) to work on /home/airflow/.local/lib/python3.12/site-packages/airflow/example_dags/example_bash_operator.py
[2024-10-18T11:02:09.918+0000] {processor.py:914} INFO - Processing file /home/airflow/.local/lib/python3.12/site-packages/airflow/example_dags/example_bash_operator.py for tasks to queue
[2024-10-18T11:02:09.920+0000] {logging_mixin.py:190} INFO - [2024-10-18T11:02:09.920+0000] {dagbag.py:588} INFO - Filling up the DagBag from /home/airflow/.local/lib/python3.12/site-packages/airflow/example_dags/example_bash_operator.py
[2024-10-18T11:02:09.932+0000] {processor.py:925} INFO - DAG(s) 'example_bash_operator' retrieved from /home/airflow/.local/lib/python3.12/site-packages/airflow/example_dags/example_bash_operator.py
[2024-10-18T11:02:09.960+0000] {logging_mixin.py:190} INFO - [2024-10-18T11:02:09.960+0000] {dag.py:3239} INFO - Sync 1 DAGs
[2024-10-18T11:02:09.982+0000] {logging_mixin.py:190} INFO - [2024-10-18T11:02:09.982+0000] {dag.py:4180} INFO - Setting next_dagrun for example_bash_operator to 2024-10-17 00:00:00+00:00, run_after=2024-10-18 00:00:00+00:00
[2024-10-18T11:02:10.002+0000] {processor.py:208} INFO - Processing /home/airflow/.local/lib/python3.12/site-packages/airflow/example_dags/example_bash_operator.py took 0.089 seconds
[2024-10-18T11:02:40.249+0000] {processor.py:186} INFO - Started process (PID=3814) to work on /home/airflow/.local/lib/python3.12/site-packages/airflow/example_dags/example_bash_operator.py
[2024-10-18T11:02:40.250+0000] {processor.py:914} INFO - Processing file /home/airflow/.local/lib/python3.12/site-packages/airflow/example_dags/example_bash_operator.py for tasks to queue
[2024-10-18T11:02:40.253+0000] {logging_mixin.py:190} INFO - [2024-10-18T11:02:40.253+0000] {dagbag.py:588} INFO - Filling up the DagBag from /home/airflow/.local/lib/python3.12/site-packages/airflow/example_dags/example_bash_operator.py
[2024-10-18T11:02:40.271+0000] {processor.py:925} INFO - DAG(s) 'example_bash_operator' retrieved from /home/airflow/.local/lib/python3.12/site-packages/airflow/example_dags/example_bash_operator.py
[2024-10-18T11:02:40.310+0000] {logging_mixin.py:190} INFO - [2024-10-18T11:02:40.310+0000] {dag.py:3239} INFO - Sync 1 DAGs
[2024-10-18T11:02:40.341+0000] {logging_mixin.py:190} INFO - [2024-10-18T11:02:40.340+0000] {dag.py:4180} INFO - Setting next_dagrun for example_bash_operator to 2024-10-17 00:00:00+00:00, run_after=2024-10-18 00:00:00+00:00
[2024-10-18T11:02:40.364+0000] {processor.py:208} INFO - Processing /home/airflow/.local/lib/python3.12/site-packages/airflow/example_dags/example_bash_operator.py took 0.122 seconds
[2024-10-18T11:03:10.681+0000] {processor.py:186} INFO - Started process (PID=4100) to work on /home/airflow/.local/lib/python3.12/site-packages/airflow/example_dags/example_bash_operator.py
[2024-10-18T11:03:10.682+0000] {processor.py:914} INFO - Processing file /home/airflow/.local/lib/python3.12/site-packages/airflow/example_dags/example_bash_operator.py for tasks to queue
[2024-10-18T11:03:10.684+0000] {logging_mixin.py:190} INFO - [2024-10-18T11:03:10.684+0000] {dagbag.py:588} INFO - Filling up the DagBag from /home/airflow/.local/lib/python3.12/site-packages/airflow/example_dags/example_bash_operator.py
[2024-10-18T11:03:10.695+0000] {processor.py:925} INFO - DAG(s) 'example_bash_operator' retrieved from /home/airflow/.local/lib/python3.12/site-packages/airflow/example_dags/example_bash_operator.py
[2024-10-18T11:03:10.720+0000] {logging_mixin.py:190} INFO - [2024-10-18T11:03:10.720+0000] {dag.py:3239} INFO - Sync 1 DAGs
[2024-10-18T11:03:10.743+0000] {logging_mixin.py:190} INFO - [2024-10-18T11:03:10.743+0000] {dag.py:4180} INFO - Setting next_dagrun for example_bash_operator to 2024-10-17 00:00:00+00:00, run_after=2024-10-18 00:00:00+00:00
[2024-10-18T11:03:10.763+0000] {processor.py:208} INFO - Processing /home/airflow/.local/lib/python3.12/site-packages/airflow/example_dags/example_bash_operator.py took 0.087 seconds
[2024-10-18T11:03:41.078+0000] {processor.py:186} INFO - Started process (PID=4386) to work on /home/airflow/.local/lib/python3.12/site-packages/airflow/example_dags/example_bash_operator.py
[2024-10-18T11:03:41.079+0000] {processor.py:914} INFO - Processing file /home/airflow/.local/lib/python3.12/site-packages/airflow/example_dags/example_bash_operator.py for tasks to queue
[2024-10-18T11:03:41.081+0000] {logging_mixin.py:190} INFO - [2024-10-18T11:03:41.080+0000] {dagbag.py:588} INFO - Filling up the DagBag from /home/airflow/.local/lib/python3.12/site-packages/airflow/example_dags/example_bash_operator.py
[2024-10-18T11:03:41.092+0000] {processor.py:925} INFO - DAG(s) 'example_bash_operator' retrieved from /home/airflow/.local/lib/python3.12/site-packages/airflow/example_dags/example_bash_operator.py
[2024-10-18T11:03:41.116+0000] {logging_mixin.py:190} INFO - [2024-10-18T11:03:41.116+0000] {dag.py:3239} INFO - Sync 1 DAGs
[2024-10-18T11:03:41.138+0000] {logging_mixin.py:190} INFO - [2024-10-18T11:03:41.137+0000] {dag.py:4180} INFO - Setting next_dagrun for example_bash_operator to 2024-10-17 00:00:00+00:00, run_after=2024-10-18 00:00:00+00:00
[2024-10-18T11:03:41.162+0000] {processor.py:208} INFO - Processing /home/airflow/.local/lib/python3.12/site-packages/airflow/example_dags/example_bash_operator.py took 0.089 seconds
[2024-10-18T11:04:11.196+0000] {processor.py:186} INFO - Started process (PID=4667) to work on /home/airflow/.local/lib/python3.12/site-packages/airflow/example_dags/example_bash_operator.py
[2024-10-18T11:04:11.198+0000] {processor.py:914} INFO - Processing file /home/airflow/.local/lib/python3.12/site-packages/airflow/example_dags/example_bash_operator.py for tasks to queue
[2024-10-18T11:04:11.200+0000] {logging_mixin.py:190} INFO - [2024-10-18T11:04:11.199+0000] {dagbag.py:588} INFO - Filling up the DagBag from /home/airflow/.local/lib/python3.12/site-packages/airflow/example_dags/example_bash_operator.py
[2024-10-18T11:04:11.211+0000] {processor.py:925} INFO - DAG(s) 'example_bash_operator' retrieved from /home/airflow/.local/lib/python3.12/site-packages/airflow/example_dags/example_bash_operator.py
[2024-10-18T11:04:11.235+0000] {logging_mixin.py:190} INFO - [2024-10-18T11:04:11.235+0000] {dag.py:3239} INFO - Sync 1 DAGs
[2024-10-18T11:04:11.258+0000] {logging_mixin.py:190} INFO - [2024-10-18T11:04:11.258+0000] {dag.py:4180} INFO - Setting next_dagrun for example_bash_operator to 2024-10-17 00:00:00+00:00, run_after=2024-10-18 00:00:00+00:00
[2024-10-18T11:04:11.278+0000] {processor.py:208} INFO - Processing /home/airflow/.local/lib/python3.12/site-packages/airflow/example_dags/example_bash_operator.py took 0.086 seconds
[2024-10-18T11:04:41.466+0000] {processor.py:186} INFO - Started process (PID=4953) to work on /home/airflow/.local/lib/python3.12/site-packages/airflow/example_dags/example_bash_operator.py
[2024-10-18T11:04:41.467+0000] {processor.py:914} INFO - Processing file /home/airflow/.local/lib/python3.12/site-packages/airflow/example_dags/example_bash_operator.py for tasks to queue
[2024-10-18T11:04:41.469+0000] {logging_mixin.py:190} INFO - [2024-10-18T11:04:41.469+0000] {dagbag.py:588} INFO - Filling up the DagBag from /home/airflow/.local/lib/python3.12/site-packages/airflow/example_dags/example_bash_operator.py
[2024-10-18T11:04:41.482+0000] {processor.py:925} INFO - DAG(s) 'example_bash_operator' retrieved from /home/airflow/.local/lib/python3.12/site-packages/airflow/example_dags/example_bash_operator.py
[2024-10-18T11:04:41.507+0000] {logging_mixin.py:190} INFO - [2024-10-18T11:04:41.506+0000] {dag.py:3239} INFO - Sync 1 DAGs
[2024-10-18T11:04:41.528+0000] {logging_mixin.py:190} INFO - [2024-10-18T11:04:41.528+0000] {dag.py:4180} INFO - Setting next_dagrun for example_bash_operator to 2024-10-17 00:00:00+00:00, run_after=2024-10-18 00:00:00+00:00
[2024-10-18T11:04:41.546+0000] {processor.py:208} INFO - Processing /home/airflow/.local/lib/python3.12/site-packages/airflow/example_dags/example_bash_operator.py took 0.087 seconds
[2024-10-18T11:05:11.855+0000] {processor.py:186} INFO - Started process (PID=5239) to work on /home/airflow/.local/lib/python3.12/site-packages/airflow/example_dags/example_bash_operator.py
[2024-10-18T11:05:11.856+0000] {processor.py:914} INFO - Processing file /home/airflow/.local/lib/python3.12/site-packages/airflow/example_dags/example_bash_operator.py for tasks to queue
[2024-10-18T11:05:11.858+0000] {logging_mixin.py:190} INFO - [2024-10-18T11:05:11.858+0000] {dagbag.py:588} INFO - Filling up the DagBag from /home/airflow/.local/lib/python3.12/site-packages/airflow/example_dags/example_bash_operator.py
[2024-10-18T11:05:11.870+0000] {processor.py:925} INFO - DAG(s) 'example_bash_operator' retrieved from /home/airflow/.local/lib/python3.12/site-packages/airflow/example_dags/example_bash_operator.py
[2024-10-18T11:05:11.895+0000] {logging_mixin.py:190} INFO - [2024-10-18T11:05:11.895+0000] {dag.py:3239} INFO - Sync 1 DAGs
[2024-10-18T11:05:11.918+0000] {logging_mixin.py:190} INFO - [2024-10-18T11:05:11.918+0000] {dag.py:4180} INFO - Setting next_dagrun for example_bash_operator to 2024-10-17 00:00:00+00:00, run_after=2024-10-18 00:00:00+00:00
[2024-10-18T11:05:11.937+0000] {processor.py:208} INFO - Processing /home/airflow/.local/lib/python3.12/site-packages/airflow/example_dags/example_bash_operator.py took 0.086 seconds
[2024-10-18T11:05:42.113+0000] {processor.py:186} INFO - Started process (PID=5525) to work on /home/airflow/.local/lib/python3.12/site-packages/airflow/example_dags/example_bash_operator.py
[2024-10-18T11:05:42.114+0000] {processor.py:914} INFO - Processing file /home/airflow/.local/lib/python3.12/site-packages/airflow/example_dags/example_bash_operator.py for tasks to queue
[2024-10-18T11:05:42.116+0000] {logging_mixin.py:190} INFO - [2024-10-18T11:05:42.116+0000] {dagbag.py:588} INFO - Filling up the DagBag from /home/airflow/.local/lib/python3.12/site-packages/airflow/example_dags/example_bash_operator.py
[2024-10-18T11:05:42.128+0000] {processor.py:925} INFO - DAG(s) 'example_bash_operator' retrieved from /home/airflow/.local/lib/python3.12/site-packages/airflow/example_dags/example_bash_operator.py
[2024-10-18T11:05:42.152+0000] {logging_mixin.py:190} INFO - [2024-10-18T11:05:42.152+0000] {dag.py:3239} INFO - Sync 1 DAGs
[2024-10-18T11:05:42.175+0000] {logging_mixin.py:190} INFO - [2024-10-18T11:05:42.175+0000] {dag.py:4180} INFO - Setting next_dagrun for example_bash_operator to 2024-10-17 00:00:00+00:00, run_after=2024-10-18 00:00:00+00:00
[2024-10-18T11:05:42.192+0000] {processor.py:208} INFO - Processing /home/airflow/.local/lib/python3.12/site-packages/airflow/example_dags/example_bash_operator.py took 0.083 seconds
[2024-10-18T11:06:12.430+0000] {processor.py:186} INFO - Started process (PID=5808) to work on /home/airflow/.local/lib/python3.12/site-packages/airflow/example_dags/example_bash_operator.py
[2024-10-18T11:06:12.431+0000] {processor.py:914} INFO - Processing file /home/airflow/.local/lib/python3.12/site-packages/airflow/example_dags/example_bash_operator.py for tasks to queue
[2024-10-18T11:06:12.433+0000] {logging_mixin.py:190} INFO - [2024-10-18T11:06:12.433+0000] {dagbag.py:588} INFO - Filling up the DagBag from /home/airflow/.local/lib/python3.12/site-packages/airflow/example_dags/example_bash_operator.py
[2024-10-18T11:06:12.444+0000] {processor.py:925} INFO - DAG(s) 'example_bash_operator' retrieved from /home/airflow/.local/lib/python3.12/site-packages/airflow/example_dags/example_bash_operator.py
[2024-10-18T11:06:12.469+0000] {logging_mixin.py:190} INFO - [2024-10-18T11:06:12.468+0000] {dag.py:3239} INFO - Sync 1 DAGs
[2024-10-18T11:06:12.490+0000] {logging_mixin.py:190} INFO - [2024-10-18T11:06:12.490+0000] {dag.py:4180} INFO - Setting next_dagrun for example_bash_operator to 2024-10-17 00:00:00+00:00, run_after=2024-10-18 00:00:00+00:00
[2024-10-18T11:06:12.509+0000] {processor.py:208} INFO - Processing /home/airflow/.local/lib/python3.12/site-packages/airflow/example_dags/example_bash_operator.py took 0.084 seconds
[2024-10-18T11:06:42.866+0000] {processor.py:186} INFO - Started process (PID=6097) to work on /home/airflow/.local/lib/python3.12/site-packages/airflow/example_dags/example_bash_operator.py
[2024-10-18T11:06:42.867+0000] {processor.py:914} INFO - Processing file /home/airflow/.local/lib/python3.12/site-packages/airflow/example_dags/example_bash_operator.py for tasks to queue
[2024-10-18T11:06:42.869+0000] {logging_mixin.py:190} INFO - [2024-10-18T11:06:42.869+0000] {dagbag.py:588} INFO - Filling up the DagBag from /home/airflow/.local/lib/python3.12/site-packages/airflow/example_dags/example_bash_operator.py
[2024-10-18T11:06:42.880+0000] {processor.py:925} INFO - DAG(s) 'example_bash_operator' retrieved from /home/airflow/.local/lib/python3.12/site-packages/airflow/example_dags/example_bash_operator.py
[2024-10-18T11:06:42.903+0000] {logging_mixin.py:190} INFO - [2024-10-18T11:06:42.903+0000] {dag.py:3239} INFO - Sync 1 DAGs
[2024-10-18T11:06:42.924+0000] {logging_mixin.py:190} INFO - [2024-10-18T11:06:42.924+0000] {dag.py:4180} INFO - Setting next_dagrun for example_bash_operator to 2024-10-17 00:00:00+00:00, run_after=2024-10-18 00:00:00+00:00
[2024-10-18T11:06:42.948+0000] {processor.py:208} INFO - Processing /home/airflow/.local/lib/python3.12/site-packages/airflow/example_dags/example_bash_operator.py took 0.087 seconds
[2024-10-18T11:07:13.045+0000] {processor.py:186} INFO - Started process (PID=6378) to work on /home/airflow/.local/lib/python3.12/site-packages/airflow/example_dags/example_bash_operator.py
[2024-10-18T11:07:13.046+0000] {processor.py:914} INFO - Processing file /home/airflow/.local/lib/python3.12/site-packages/airflow/example_dags/example_bash_operator.py for tasks to queue
[2024-10-18T11:07:13.049+0000] {logging_mixin.py:190} INFO - [2024-10-18T11:07:13.049+0000] {dagbag.py:588} INFO - Filling up the DagBag from /home/airflow/.local/lib/python3.12/site-packages/airflow/example_dags/example_bash_operator.py
[2024-10-18T11:07:13.067+0000] {processor.py:925} INFO - DAG(s) 'example_bash_operator' retrieved from /home/airflow/.local/lib/python3.12/site-packages/airflow/example_dags/example_bash_operator.py
[2024-10-18T11:07:13.093+0000] {logging_mixin.py:190} INFO - [2024-10-18T11:07:13.093+0000] {dag.py:3239} INFO - Sync 1 DAGs
[2024-10-18T11:07:13.122+0000] {logging_mixin.py:190} INFO - [2024-10-18T11:07:13.122+0000] {dag.py:4180} INFO - Setting next_dagrun for example_bash_operator to 2024-10-17 00:00:00+00:00, run_after=2024-10-18 00:00:00+00:00
[2024-10-18T11:07:13.144+0000] {processor.py:208} INFO - Processing /home/airflow/.local/lib/python3.12/site-packages/airflow/example_dags/example_bash_operator.py took 0.105 seconds
[2024-10-18T11:07:43.647+0000] {processor.py:186} INFO - Started process (PID=6671) to work on /home/airflow/.local/lib/python3.12/site-packages/airflow/example_dags/example_bash_operator.py
[2024-10-18T11:07:43.648+0000] {processor.py:914} INFO - Processing file /home/airflow/.local/lib/python3.12/site-packages/airflow/example_dags/example_bash_operator.py for tasks to queue
[2024-10-18T11:07:43.650+0000] {logging_mixin.py:190} INFO - [2024-10-18T11:07:43.650+0000] {dagbag.py:588} INFO - Filling up the DagBag from /home/airflow/.local/lib/python3.12/site-packages/airflow/example_dags/example_bash_operator.py
[2024-10-18T11:07:43.661+0000] {processor.py:925} INFO - DAG(s) 'example_bash_operator' retrieved from /home/airflow/.local/lib/python3.12/site-packages/airflow/example_dags/example_bash_operator.py
[2024-10-18T11:07:43.685+0000] {logging_mixin.py:190} INFO - [2024-10-18T11:07:43.685+0000] {dag.py:3239} INFO - Sync 1 DAGs
[2024-10-18T11:07:43.707+0000] {logging_mixin.py:190} INFO - [2024-10-18T11:07:43.707+0000] {dag.py:4180} INFO - Setting next_dagrun for example_bash_operator to 2024-10-17 00:00:00+00:00, run_after=2024-10-18 00:00:00+00:00
[2024-10-18T11:07:43.726+0000] {processor.py:208} INFO - Processing /home/airflow/.local/lib/python3.12/site-packages/airflow/example_dags/example_bash_operator.py took 0.084 seconds
[2024-10-18T11:08:13.903+0000] {processor.py:186} INFO - Started process (PID=6957) to work on /home/airflow/.local/lib/python3.12/site-packages/airflow/example_dags/example_bash_operator.py
[2024-10-18T11:08:13.904+0000] {processor.py:914} INFO - Processing file /home/airflow/.local/lib/python3.12/site-packages/airflow/example_dags/example_bash_operator.py for tasks to queue
[2024-10-18T11:08:13.906+0000] {logging_mixin.py:190} INFO - [2024-10-18T11:08:13.906+0000] {dagbag.py:588} INFO - Filling up the DagBag from /home/airflow/.local/lib/python3.12/site-packages/airflow/example_dags/example_bash_operator.py
[2024-10-18T11:08:13.917+0000] {processor.py:925} INFO - DAG(s) 'example_bash_operator' retrieved from /home/airflow/.local/lib/python3.12/site-packages/airflow/example_dags/example_bash_operator.py
[2024-10-18T11:08:13.941+0000] {logging_mixin.py:190} INFO - [2024-10-18T11:08:13.941+0000] {dag.py:3239} INFO - Sync 1 DAGs
[2024-10-18T11:08:13.963+0000] {logging_mixin.py:190} INFO - [2024-10-18T11:08:13.962+0000] {dag.py:4180} INFO - Setting next_dagrun for example_bash_operator to 2024-10-17 00:00:00+00:00, run_after=2024-10-18 00:00:00+00:00
[2024-10-18T11:08:13.983+0000] {processor.py:208} INFO - Processing /home/airflow/.local/lib/python3.12/site-packages/airflow/example_dags/example_bash_operator.py took 0.085 seconds
[2024-10-18T11:08:44.070+0000] {processor.py:186} INFO - Started process (PID=7241) to work on /home/airflow/.local/lib/python3.12/site-packages/airflow/example_dags/example_bash_operator.py
[2024-10-18T11:08:44.071+0000] {processor.py:914} INFO - Processing file /home/airflow/.local/lib/python3.12/site-packages/airflow/example_dags/example_bash_operator.py for tasks to queue
[2024-10-18T11:08:44.074+0000] {logging_mixin.py:190} INFO - [2024-10-18T11:08:44.073+0000] {dagbag.py:588} INFO - Filling up the DagBag from /home/airflow/.local/lib/python3.12/site-packages/airflow/example_dags/example_bash_operator.py
[2024-10-18T11:08:44.086+0000] {processor.py:925} INFO - DAG(s) 'example_bash_operator' retrieved from /home/airflow/.local/lib/python3.12/site-packages/airflow/example_dags/example_bash_operator.py
[2024-10-18T11:08:44.111+0000] {logging_mixin.py:190} INFO - [2024-10-18T11:08:44.110+0000] {dag.py:3239} INFO - Sync 1 DAGs
[2024-10-18T11:08:44.131+0000] {logging_mixin.py:190} INFO - [2024-10-18T11:08:44.131+0000] {dag.py:4180} INFO - Setting next_dagrun for example_bash_operator to 2024-10-17 00:00:00+00:00, run_after=2024-10-18 00:00:00+00:00
[2024-10-18T11:08:44.148+0000] {processor.py:208} INFO - Processing /home/airflow/.local/lib/python3.12/site-packages/airflow/example_dags/example_bash_operator.py took 0.084 seconds
[2024-10-18T11:09:14.454+0000] {processor.py:186} INFO - Started process (PID=7527) to work on /home/airflow/.local/lib/python3.12/site-packages/airflow/example_dags/example_bash_operator.py
[2024-10-18T11:09:14.455+0000] {processor.py:914} INFO - Processing file /home/airflow/.local/lib/python3.12/site-packages/airflow/example_dags/example_bash_operator.py for tasks to queue
[2024-10-18T11:09:14.457+0000] {logging_mixin.py:190} INFO - [2024-10-18T11:09:14.457+0000] {dagbag.py:588} INFO - Filling up the DagBag from /home/airflow/.local/lib/python3.12/site-packages/airflow/example_dags/example_bash_operator.py
[2024-10-18T11:09:14.469+0000] {processor.py:925} INFO - DAG(s) 'example_bash_operator' retrieved from /home/airflow/.local/lib/python3.12/site-packages/airflow/example_dags/example_bash_operator.py
[2024-10-18T11:09:14.494+0000] {logging_mixin.py:190} INFO - [2024-10-18T11:09:14.493+0000] {dag.py:3239} INFO - Sync 1 DAGs
[2024-10-18T11:09:14.517+0000] {logging_mixin.py:190} INFO - [2024-10-18T11:09:14.517+0000] {dag.py:4180} INFO - Setting next_dagrun for example_bash_operator to 2024-10-17 00:00:00+00:00, run_after=2024-10-18 00:00:00+00:00
[2024-10-18T11:09:14.535+0000] {processor.py:208} INFO - Processing /home/airflow/.local/lib/python3.12/site-packages/airflow/example_dags/example_bash_operator.py took 0.085 seconds
[2024-10-18T11:09:44.696+0000] {processor.py:186} INFO - Started process (PID=7813) to work on /home/airflow/.local/lib/python3.12/site-packages/airflow/example_dags/example_bash_operator.py
[2024-10-18T11:09:44.697+0000] {processor.py:914} INFO - Processing file /home/airflow/.local/lib/python3.12/site-packages/airflow/example_dags/example_bash_operator.py for tasks to queue
[2024-10-18T11:09:44.699+0000] {logging_mixin.py:190} INFO - [2024-10-18T11:09:44.699+0000] {dagbag.py:588} INFO - Filling up the DagBag from /home/airflow/.local/lib/python3.12/site-packages/airflow/example_dags/example_bash_operator.py
[2024-10-18T11:09:44.710+0000] {processor.py:925} INFO - DAG(s) 'example_bash_operator' retrieved from /home/airflow/.local/lib/python3.12/site-packages/airflow/example_dags/example_bash_operator.py
[2024-10-18T11:09:44.734+0000] {logging_mixin.py:190} INFO - [2024-10-18T11:09:44.734+0000] {dag.py:3239} INFO - Sync 1 DAGs
[2024-10-18T11:09:44.755+0000] {logging_mixin.py:190} INFO - [2024-10-18T11:09:44.755+0000] {dag.py:4180} INFO - Setting next_dagrun for example_bash_operator to 2024-10-17 00:00:00+00:00, run_after=2024-10-18 00:00:00+00:00
[2024-10-18T11:09:44.774+0000] {processor.py:208} INFO - Processing /home/airflow/.local/lib/python3.12/site-packages/airflow/example_dags/example_bash_operator.py took 0.084 seconds
[2024-10-18T11:10:14.978+0000] {processor.py:186} INFO - Started process (PID=8099) to work on /home/airflow/.local/lib/python3.12/site-packages/airflow/example_dags/example_bash_operator.py
[2024-10-18T11:10:14.979+0000] {processor.py:914} INFO - Processing file /home/airflow/.local/lib/python3.12/site-packages/airflow/example_dags/example_bash_operator.py for tasks to queue
[2024-10-18T11:10:14.981+0000] {logging_mixin.py:190} INFO - [2024-10-18T11:10:14.981+0000] {dagbag.py:588} INFO - Filling up the DagBag from /home/airflow/.local/lib/python3.12/site-packages/airflow/example_dags/example_bash_operator.py
[2024-10-18T11:10:14.993+0000] {processor.py:925} INFO - DAG(s) 'example_bash_operator' retrieved from /home/airflow/.local/lib/python3.12/site-packages/airflow/example_dags/example_bash_operator.py
[2024-10-18T11:10:15.017+0000] {logging_mixin.py:190} INFO - [2024-10-18T11:10:15.017+0000] {dag.py:3239} INFO - Sync 1 DAGs
[2024-10-18T11:10:15.038+0000] {logging_mixin.py:190} INFO - [2024-10-18T11:10:15.038+0000] {dag.py:4180} INFO - Setting next_dagrun for example_bash_operator to 2024-10-17 00:00:00+00:00, run_after=2024-10-18 00:00:00+00:00
[2024-10-18T11:10:15.058+0000] {processor.py:208} INFO - Processing /home/airflow/.local/lib/python3.12/site-packages/airflow/example_dags/example_bash_operator.py took 0.084 seconds
[2024-10-18T11:10:46.948+0000] {processor.py:186} INFO - Started process (PID=8390) to work on /home/airflow/.local/lib/python3.12/site-packages/airflow/example_dags/example_bash_operator.py
[2024-10-18T11:10:46.949+0000] {processor.py:914} INFO - Processing file /home/airflow/.local/lib/python3.12/site-packages/airflow/example_dags/example_bash_operator.py for tasks to queue
[2024-10-18T11:10:46.957+0000] {logging_mixin.py:190} INFO - [2024-10-18T11:10:46.956+0000] {dagbag.py:588} INFO - Filling up the DagBag from /home/airflow/.local/lib/python3.12/site-packages/airflow/example_dags/example_bash_operator.py
[2024-10-18T11:10:46.978+0000] {processor.py:925} INFO - DAG(s) 'example_bash_operator' retrieved from /home/airflow/.local/lib/python3.12/site-packages/airflow/example_dags/example_bash_operator.py
[2024-10-18T11:10:47.029+0000] {logging_mixin.py:190} INFO - [2024-10-18T11:10:47.028+0000] {dag.py:3239} INFO - Sync 1 DAGs
[2024-10-18T11:10:47.071+0000] {logging_mixin.py:190} INFO - [2024-10-18T11:10:47.070+0000] {dag.py:4180} INFO - Setting next_dagrun for example_bash_operator to 2024-10-17 00:00:00+00:00, run_after=2024-10-18 00:00:00+00:00
[2024-10-18T11:10:47.103+0000] {processor.py:208} INFO - Processing /home/airflow/.local/lib/python3.12/site-packages/airflow/example_dags/example_bash_operator.py took 0.162 seconds
[2024-10-18T11:11:17.441+0000] {processor.py:186} INFO - Started process (PID=8676) to work on /home/airflow/.local/lib/python3.12/site-packages/airflow/example_dags/example_bash_operator.py
[2024-10-18T11:11:17.442+0000] {processor.py:914} INFO - Processing file /home/airflow/.local/lib/python3.12/site-packages/airflow/example_dags/example_bash_operator.py for tasks to queue
[2024-10-18T11:11:17.444+0000] {logging_mixin.py:190} INFO - [2024-10-18T11:11:17.444+0000] {dagbag.py:588} INFO - Filling up the DagBag from /home/airflow/.local/lib/python3.12/site-packages/airflow/example_dags/example_bash_operator.py
[2024-10-18T11:11:17.456+0000] {processor.py:925} INFO - DAG(s) 'example_bash_operator' retrieved from /home/airflow/.local/lib/python3.12/site-packages/airflow/example_dags/example_bash_operator.py
[2024-10-18T11:11:17.479+0000] {logging_mixin.py:190} INFO - [2024-10-18T11:11:17.479+0000] {dag.py:3239} INFO - Sync 1 DAGs
[2024-10-18T11:11:17.502+0000] {logging_mixin.py:190} INFO - [2024-10-18T11:11:17.502+0000] {dag.py:4180} INFO - Setting next_dagrun for example_bash_operator to 2024-10-17 00:00:00+00:00, run_after=2024-10-18 00:00:00+00:00
[2024-10-18T11:11:17.524+0000] {processor.py:208} INFO - Processing /home/airflow/.local/lib/python3.12/site-packages/airflow/example_dags/example_bash_operator.py took 0.088 seconds
[2024-10-18T11:11:47.593+0000] {processor.py:186} INFO - Started process (PID=8957) to work on /home/airflow/.local/lib/python3.12/site-packages/airflow/example_dags/example_bash_operator.py
[2024-10-18T11:11:47.596+0000] {processor.py:914} INFO - Processing file /home/airflow/.local/lib/python3.12/site-packages/airflow/example_dags/example_bash_operator.py for tasks to queue
[2024-10-18T11:11:47.600+0000] {logging_mixin.py:190} INFO - [2024-10-18T11:11:47.600+0000] {dagbag.py:588} INFO - Filling up the DagBag from /home/airflow/.local/lib/python3.12/site-packages/airflow/example_dags/example_bash_operator.py
[2024-10-18T11:11:47.623+0000] {processor.py:925} INFO - DAG(s) 'example_bash_operator' retrieved from /home/airflow/.local/lib/python3.12/site-packages/airflow/example_dags/example_bash_operator.py
[2024-10-18T11:11:47.661+0000] {logging_mixin.py:190} INFO - [2024-10-18T11:11:47.660+0000] {dag.py:3239} INFO - Sync 1 DAGs
[2024-10-18T11:11:47.698+0000] {logging_mixin.py:190} INFO - [2024-10-18T11:11:47.697+0000] {dag.py:4180} INFO - Setting next_dagrun for example_bash_operator to 2024-10-17 00:00:00+00:00, run_after=2024-10-18 00:00:00+00:00
[2024-10-18T11:11:47.730+0000] {processor.py:208} INFO - Processing /home/airflow/.local/lib/python3.12/site-packages/airflow/example_dags/example_bash_operator.py took 0.149 seconds
[2024-10-18T11:12:18.524+0000] {processor.py:186} INFO - Started process (PID=9253) to work on /home/airflow/.local/lib/python3.12/site-packages/airflow/example_dags/example_bash_operator.py
[2024-10-18T11:12:18.526+0000] {processor.py:914} INFO - Processing file /home/airflow/.local/lib/python3.12/site-packages/airflow/example_dags/example_bash_operator.py for tasks to queue
[2024-10-18T11:12:18.528+0000] {logging_mixin.py:190} INFO - [2024-10-18T11:12:18.527+0000] {dagbag.py:588} INFO - Filling up the DagBag from /home/airflow/.local/lib/python3.12/site-packages/airflow/example_dags/example_bash_operator.py
[2024-10-18T11:12:18.541+0000] {processor.py:925} INFO - DAG(s) 'example_bash_operator' retrieved from /home/airflow/.local/lib/python3.12/site-packages/airflow/example_dags/example_bash_operator.py
[2024-10-18T11:12:18.573+0000] {logging_mixin.py:190} INFO - [2024-10-18T11:12:18.572+0000] {dag.py:3239} INFO - Sync 1 DAGs
[2024-10-18T11:12:18.601+0000] {logging_mixin.py:190} INFO - [2024-10-18T11:12:18.601+0000] {dag.py:4180} INFO - Setting next_dagrun for example_bash_operator to 2024-10-17 00:00:00+00:00, run_after=2024-10-18 00:00:00+00:00
[2024-10-18T11:12:18.626+0000] {processor.py:208} INFO - Processing /home/airflow/.local/lib/python3.12/site-packages/airflow/example_dags/example_bash_operator.py took 0.108 seconds
[2024-10-18T11:12:48.995+0000] {processor.py:186} INFO - Started process (PID=9540) to work on /home/airflow/.local/lib/python3.12/site-packages/airflow/example_dags/example_bash_operator.py
[2024-10-18T11:12:48.997+0000] {processor.py:914} INFO - Processing file /home/airflow/.local/lib/python3.12/site-packages/airflow/example_dags/example_bash_operator.py for tasks to queue
[2024-10-18T11:12:49.000+0000] {logging_mixin.py:190} INFO - [2024-10-18T11:12:48.999+0000] {dagbag.py:588} INFO - Filling up the DagBag from /home/airflow/.local/lib/python3.12/site-packages/airflow/example_dags/example_bash_operator.py
[2024-10-18T11:12:49.016+0000] {processor.py:925} INFO - DAG(s) 'example_bash_operator' retrieved from /home/airflow/.local/lib/python3.12/site-packages/airflow/example_dags/example_bash_operator.py
[2024-10-18T11:12:49.053+0000] {logging_mixin.py:190} INFO - [2024-10-18T11:12:49.053+0000] {dag.py:3239} INFO - Sync 1 DAGs
[2024-10-18T11:12:49.094+0000] {logging_mixin.py:190} INFO - [2024-10-18T11:12:49.093+0000] {dag.py:4180} INFO - Setting next_dagrun for example_bash_operator to 2024-10-17 00:00:00+00:00, run_after=2024-10-18 00:00:00+00:00
[2024-10-18T11:12:49.120+0000] {processor.py:208} INFO - Processing /home/airflow/.local/lib/python3.12/site-packages/airflow/example_dags/example_bash_operator.py took 0.132 seconds
[2024-10-18T11:13:19.238+0000] {processor.py:186} INFO - Started process (PID=9826) to work on /home/airflow/.local/lib/python3.12/site-packages/airflow/example_dags/example_bash_operator.py
[2024-10-18T11:13:19.239+0000] {processor.py:914} INFO - Processing file /home/airflow/.local/lib/python3.12/site-packages/airflow/example_dags/example_bash_operator.py for tasks to queue
[2024-10-18T11:13:19.241+0000] {logging_mixin.py:190} INFO - [2024-10-18T11:13:19.241+0000] {dagbag.py:588} INFO - Filling up the DagBag from /home/airflow/.local/lib/python3.12/site-packages/airflow/example_dags/example_bash_operator.py
[2024-10-18T11:13:19.253+0000] {processor.py:925} INFO - DAG(s) 'example_bash_operator' retrieved from /home/airflow/.local/lib/python3.12/site-packages/airflow/example_dags/example_bash_operator.py
[2024-10-18T11:13:19.277+0000] {logging_mixin.py:190} INFO - [2024-10-18T11:13:19.277+0000] {dag.py:3239} INFO - Sync 1 DAGs
[2024-10-18T11:13:19.301+0000] {logging_mixin.py:190} INFO - [2024-10-18T11:13:19.301+0000] {dag.py:4180} INFO - Setting next_dagrun for example_bash_operator to 2024-10-17 00:00:00+00:00, run_after=2024-10-18 00:00:00+00:00
[2024-10-18T11:13:19.319+0000] {processor.py:208} INFO - Processing /home/airflow/.local/lib/python3.12/site-packages/airflow/example_dags/example_bash_operator.py took 0.086 seconds
[2024-10-18T11:13:50.725+0000] {processor.py:186} INFO - Started process (PID=10112) to work on /home/airflow/.local/lib/python3.12/site-packages/airflow/example_dags/example_bash_operator.py
[2024-10-18T11:13:50.726+0000] {processor.py:914} INFO - Processing file /home/airflow/.local/lib/python3.12/site-packages/airflow/example_dags/example_bash_operator.py for tasks to queue
[2024-10-18T11:13:50.730+0000] {logging_mixin.py:190} INFO - [2024-10-18T11:13:50.729+0000] {dagbag.py:588} INFO - Filling up the DagBag from /home/airflow/.local/lib/python3.12/site-packages/airflow/example_dags/example_bash_operator.py
[2024-10-18T11:13:50.751+0000] {processor.py:925} INFO - DAG(s) 'example_bash_operator' retrieved from /home/airflow/.local/lib/python3.12/site-packages/airflow/example_dags/example_bash_operator.py
[2024-10-18T11:13:50.797+0000] {logging_mixin.py:190} INFO - [2024-10-18T11:13:50.797+0000] {dag.py:3239} INFO - Sync 1 DAGs
[2024-10-18T11:13:50.848+0000] {logging_mixin.py:190} INFO - [2024-10-18T11:13:50.848+0000] {dag.py:4180} INFO - Setting next_dagrun for example_bash_operator to 2024-10-17 00:00:00+00:00, run_after=2024-10-18 00:00:00+00:00
[2024-10-18T11:13:50.879+0000] {processor.py:208} INFO - Processing /home/airflow/.local/lib/python3.12/site-packages/airflow/example_dags/example_bash_operator.py took 0.165 seconds
[2024-10-18T11:14:21.022+0000] {processor.py:186} INFO - Started process (PID=10412) to work on /home/airflow/.local/lib/python3.12/site-packages/airflow/example_dags/example_bash_operator.py
[2024-10-18T11:14:21.023+0000] {processor.py:914} INFO - Processing file /home/airflow/.local/lib/python3.12/site-packages/airflow/example_dags/example_bash_operator.py for tasks to queue
[2024-10-18T11:14:21.025+0000] {logging_mixin.py:190} INFO - [2024-10-18T11:14:21.025+0000] {dagbag.py:588} INFO - Filling up the DagBag from /home/airflow/.local/lib/python3.12/site-packages/airflow/example_dags/example_bash_operator.py
[2024-10-18T11:14:21.037+0000] {processor.py:925} INFO - DAG(s) 'example_bash_operator' retrieved from /home/airflow/.local/lib/python3.12/site-packages/airflow/example_dags/example_bash_operator.py
[2024-10-18T11:14:21.067+0000] {logging_mixin.py:190} INFO - [2024-10-18T11:14:21.067+0000] {dag.py:3239} INFO - Sync 1 DAGs
[2024-10-18T11:14:21.092+0000] {logging_mixin.py:190} INFO - [2024-10-18T11:14:21.092+0000] {dag.py:4180} INFO - Setting next_dagrun for example_bash_operator to 2024-10-17 00:00:00+00:00, run_after=2024-10-18 00:00:00+00:00
[2024-10-18T11:14:21.117+0000] {processor.py:208} INFO - Processing /home/airflow/.local/lib/python3.12/site-packages/airflow/example_dags/example_bash_operator.py took 0.100 seconds
[2024-10-18T11:14:52.074+0000] {processor.py:186} INFO - Started process (PID=10708) to work on /home/airflow/.local/lib/python3.12/site-packages/airflow/example_dags/example_bash_operator.py
[2024-10-18T11:14:52.076+0000] {processor.py:914} INFO - Processing file /home/airflow/.local/lib/python3.12/site-packages/airflow/example_dags/example_bash_operator.py for tasks to queue
[2024-10-18T11:14:52.080+0000] {logging_mixin.py:190} INFO - [2024-10-18T11:14:52.079+0000] {dagbag.py:588} INFO - Filling up the DagBag from /home/airflow/.local/lib/python3.12/site-packages/airflow/example_dags/example_bash_operator.py
[2024-10-18T11:14:52.111+0000] {processor.py:925} INFO - DAG(s) 'example_bash_operator' retrieved from /home/airflow/.local/lib/python3.12/site-packages/airflow/example_dags/example_bash_operator.py
[2024-10-18T11:14:52.173+0000] {logging_mixin.py:190} INFO - [2024-10-18T11:14:52.172+0000] {dag.py:3239} INFO - Sync 1 DAGs
[2024-10-18T11:14:52.227+0000] {logging_mixin.py:190} INFO - [2024-10-18T11:14:52.227+0000] {dag.py:4180} INFO - Setting next_dagrun for example_bash_operator to 2024-10-17 00:00:00+00:00, run_after=2024-10-18 00:00:00+00:00
[2024-10-18T11:14:52.268+0000] {processor.py:208} INFO - Processing /home/airflow/.local/lib/python3.12/site-packages/airflow/example_dags/example_bash_operator.py took 0.204 seconds
[2024-10-18T11:15:23.028+0000] {processor.py:186} INFO - Started process (PID=10994) to work on /home/airflow/.local/lib/python3.12/site-packages/airflow/example_dags/example_bash_operator.py
[2024-10-18T11:15:23.030+0000] {processor.py:914} INFO - Processing file /home/airflow/.local/lib/python3.12/site-packages/airflow/example_dags/example_bash_operator.py for tasks to queue
[2024-10-18T11:15:23.033+0000] {logging_mixin.py:190} INFO - [2024-10-18T11:15:23.032+0000] {dagbag.py:588} INFO - Filling up the DagBag from /home/airflow/.local/lib/python3.12/site-packages/airflow/example_dags/example_bash_operator.py
[2024-10-18T11:15:23.047+0000] {processor.py:925} INFO - DAG(s) 'example_bash_operator' retrieved from /home/airflow/.local/lib/python3.12/site-packages/airflow/example_dags/example_bash_operator.py
[2024-10-18T11:15:23.081+0000] {logging_mixin.py:190} INFO - [2024-10-18T11:15:23.080+0000] {dag.py:3239} INFO - Sync 1 DAGs
[2024-10-18T11:15:23.107+0000] {logging_mixin.py:190} INFO - [2024-10-18T11:15:23.107+0000] {dag.py:4180} INFO - Setting next_dagrun for example_bash_operator to 2024-10-17 00:00:00+00:00, run_after=2024-10-18 00:00:00+00:00
[2024-10-18T11:15:23.137+0000] {processor.py:208} INFO - Processing /home/airflow/.local/lib/python3.12/site-packages/airflow/example_dags/example_bash_operator.py took 0.115 seconds
[2024-10-18T11:15:53.877+0000] {processor.py:186} INFO - Started process (PID=11280) to work on /home/airflow/.local/lib/python3.12/site-packages/airflow/example_dags/example_bash_operator.py
[2024-10-18T11:15:53.878+0000] {processor.py:914} INFO - Processing file /home/airflow/.local/lib/python3.12/site-packages/airflow/example_dags/example_bash_operator.py for tasks to queue
[2024-10-18T11:15:53.881+0000] {logging_mixin.py:190} INFO - [2024-10-18T11:15:53.881+0000] {dagbag.py:588} INFO - Filling up the DagBag from /home/airflow/.local/lib/python3.12/site-packages/airflow/example_dags/example_bash_operator.py
[2024-10-18T11:15:53.899+0000] {processor.py:925} INFO - DAG(s) 'example_bash_operator' retrieved from /home/airflow/.local/lib/python3.12/site-packages/airflow/example_dags/example_bash_operator.py
[2024-10-18T11:15:53.937+0000] {logging_mixin.py:190} INFO - [2024-10-18T11:15:53.937+0000] {dag.py:3239} INFO - Sync 1 DAGs
[2024-10-18T11:15:53.971+0000] {logging_mixin.py:190} INFO - [2024-10-18T11:15:53.971+0000] {dag.py:4180} INFO - Setting next_dagrun for example_bash_operator to 2024-10-17 00:00:00+00:00, run_after=2024-10-18 00:00:00+00:00
[2024-10-18T11:15:54.011+0000] {processor.py:208} INFO - Processing /home/airflow/.local/lib/python3.12/site-packages/airflow/example_dags/example_bash_operator.py took 0.142 seconds
[2024-10-18T11:16:24.068+0000] {processor.py:186} INFO - Started process (PID=11560) to work on /home/airflow/.local/lib/python3.12/site-packages/airflow/example_dags/example_bash_operator.py
[2024-10-18T11:16:24.070+0000] {processor.py:914} INFO - Processing file /home/airflow/.local/lib/python3.12/site-packages/airflow/example_dags/example_bash_operator.py for tasks to queue
[2024-10-18T11:16:24.072+0000] {logging_mixin.py:190} INFO - [2024-10-18T11:16:24.071+0000] {dagbag.py:588} INFO - Filling up the DagBag from /home/airflow/.local/lib/python3.12/site-packages/airflow/example_dags/example_bash_operator.py
[2024-10-18T11:16:24.084+0000] {processor.py:925} INFO - DAG(s) 'example_bash_operator' retrieved from /home/airflow/.local/lib/python3.12/site-packages/airflow/example_dags/example_bash_operator.py
[2024-10-18T11:16:24.112+0000] {logging_mixin.py:190} INFO - [2024-10-18T11:16:24.112+0000] {dag.py:3239} INFO - Sync 1 DAGs
[2024-10-18T11:16:24.140+0000] {logging_mixin.py:190} INFO - [2024-10-18T11:16:24.139+0000] {dag.py:4180} INFO - Setting next_dagrun for example_bash_operator to 2024-10-17 00:00:00+00:00, run_after=2024-10-18 00:00:00+00:00
[2024-10-18T11:16:24.160+0000] {processor.py:208} INFO - Processing /home/airflow/.local/lib/python3.12/site-packages/airflow/example_dags/example_bash_operator.py took 0.097 seconds
[2024-10-18T11:16:47.131+0000] {processor.py:186} INFO - Started process (PID=11800) to work on /home/airflow/.local/lib/python3.12/site-packages/airflow/example_dags/example_bash_operator.py
[2024-10-18T11:16:47.133+0000] {processor.py:914} INFO - Processing file /home/airflow/.local/lib/python3.12/site-packages/airflow/example_dags/example_bash_operator.py for tasks to queue
[2024-10-18T11:16:47.138+0000] {logging_mixin.py:190} INFO - [2024-10-18T11:16:47.137+0000] {dagbag.py:588} INFO - Filling up the DagBag from /home/airflow/.local/lib/python3.12/site-packages/airflow/example_dags/example_bash_operator.py
[2024-10-18T11:16:47.173+0000] {processor.py:925} INFO - DAG(s) 'example_bash_operator' retrieved from /home/airflow/.local/lib/python3.12/site-packages/airflow/example_dags/example_bash_operator.py
[2024-10-18T11:16:47.262+0000] {logging_mixin.py:190} INFO - [2024-10-18T11:16:47.261+0000] {dag.py:3239} INFO - Sync 1 DAGs
[2024-10-18T11:16:47.342+0000] {logging_mixin.py:190} INFO - [2024-10-18T11:16:47.341+0000] {dag.py:4180} INFO - Setting next_dagrun for example_bash_operator to 2024-10-18 00:00:00+00:00, run_after=2024-10-19 00:00:00+00:00
[2024-10-18T11:16:47.406+0000] {processor.py:208} INFO - Processing /home/airflow/.local/lib/python3.12/site-packages/airflow/example_dags/example_bash_operator.py took 0.290 seconds
[2024-10-18T11:16:51.880+0000] {processor.py:186} INFO - Started process (PID=11842) to work on /home/airflow/.local/lib/python3.12/site-packages/airflow/example_dags/example_bash_operator.py
[2024-10-18T11:16:51.881+0000] {processor.py:914} INFO - Processing file /home/airflow/.local/lib/python3.12/site-packages/airflow/example_dags/example_bash_operator.py for tasks to queue
[2024-10-18T11:16:51.884+0000] {logging_mixin.py:190} INFO - [2024-10-18T11:16:51.884+0000] {dagbag.py:588} INFO - Filling up the DagBag from /home/airflow/.local/lib/python3.12/site-packages/airflow/example_dags/example_bash_operator.py
[2024-10-18T11:16:51.901+0000] {processor.py:925} INFO - DAG(s) 'example_bash_operator' retrieved from /home/airflow/.local/lib/python3.12/site-packages/airflow/example_dags/example_bash_operator.py
[2024-10-18T11:16:51.935+0000] {logging_mixin.py:190} INFO - [2024-10-18T11:16:51.935+0000] {dag.py:3239} INFO - Sync 1 DAGs
[2024-10-18T11:16:51.969+0000] {logging_mixin.py:190} INFO - [2024-10-18T11:16:51.969+0000] {dag.py:4180} INFO - Setting next_dagrun for example_bash_operator to 2024-10-18 00:00:00+00:00, run_after=2024-10-19 00:00:00+00:00
[2024-10-18T11:16:51.995+0000] {processor.py:208} INFO - Processing /home/airflow/.local/lib/python3.12/site-packages/airflow/example_dags/example_bash_operator.py took 0.122 seconds
[2024-10-18T11:16:53.095+0000] {processor.py:186} INFO - Started process (PID=11857) to work on /home/airflow/.local/lib/python3.12/site-packages/airflow/example_dags/example_bash_operator.py
[2024-10-18T11:16:53.097+0000] {processor.py:914} INFO - Processing file /home/airflow/.local/lib/python3.12/site-packages/airflow/example_dags/example_bash_operator.py for tasks to queue
[2024-10-18T11:16:53.101+0000] {logging_mixin.py:190} INFO - [2024-10-18T11:16:53.100+0000] {dagbag.py:588} INFO - Filling up the DagBag from /home/airflow/.local/lib/python3.12/site-packages/airflow/example_dags/example_bash_operator.py
[2024-10-18T11:16:53.122+0000] {processor.py:925} INFO - DAG(s) 'example_bash_operator' retrieved from /home/airflow/.local/lib/python3.12/site-packages/airflow/example_dags/example_bash_operator.py
[2024-10-18T11:16:53.185+0000] {logging_mixin.py:190} INFO - [2024-10-18T11:16:53.184+0000] {dag.py:3239} INFO - Sync 1 DAGs
[2024-10-18T11:16:53.245+0000] {logging_mixin.py:190} INFO - [2024-10-18T11:16:53.244+0000] {dag.py:4180} INFO - Setting next_dagrun for example_bash_operator to 2024-10-18 00:00:00+00:00, run_after=2024-10-19 00:00:00+00:00
[2024-10-18T11:16:53.305+0000] {processor.py:208} INFO - Processing /home/airflow/.local/lib/python3.12/site-packages/airflow/example_dags/example_bash_operator.py took 0.226 seconds
[2024-10-18T11:16:56.314+0000] {processor.py:186} INFO - Started process (PID=11906) to work on /home/airflow/.local/lib/python3.12/site-packages/airflow/example_dags/example_bash_operator.py
[2024-10-18T11:16:56.315+0000] {processor.py:914} INFO - Processing file /home/airflow/.local/lib/python3.12/site-packages/airflow/example_dags/example_bash_operator.py for tasks to queue
[2024-10-18T11:16:56.323+0000] {logging_mixin.py:190} INFO - [2024-10-18T11:16:56.321+0000] {dagbag.py:588} INFO - Filling up the DagBag from /home/airflow/.local/lib/python3.12/site-packages/airflow/example_dags/example_bash_operator.py
[2024-10-18T11:16:56.367+0000] {processor.py:925} INFO - DAG(s) 'example_bash_operator' retrieved from /home/airflow/.local/lib/python3.12/site-packages/airflow/example_dags/example_bash_operator.py
[2024-10-18T11:16:56.445+0000] {logging_mixin.py:190} INFO - [2024-10-18T11:16:56.444+0000] {dag.py:3239} INFO - Sync 1 DAGs
[2024-10-18T11:16:56.516+0000] {logging_mixin.py:190} INFO - [2024-10-18T11:16:56.515+0000] {dag.py:4180} INFO - Setting next_dagrun for example_bash_operator to 2024-10-18 00:00:00+00:00, run_after=2024-10-19 00:00:00+00:00
[2024-10-18T11:16:56.578+0000] {processor.py:208} INFO - Processing /home/airflow/.local/lib/python3.12/site-packages/airflow/example_dags/example_bash_operator.py took 0.276 seconds
[2024-10-18T11:17:26.853+0000] {processor.py:186} INFO - Started process (PID=12182) to work on /home/airflow/.local/lib/python3.12/site-packages/airflow/example_dags/example_bash_operator.py
[2024-10-18T11:17:26.860+0000] {processor.py:914} INFO - Processing file /home/airflow/.local/lib/python3.12/site-packages/airflow/example_dags/example_bash_operator.py for tasks to queue
[2024-10-18T11:17:26.864+0000] {logging_mixin.py:190} INFO - [2024-10-18T11:17:26.863+0000] {dagbag.py:588} INFO - Filling up the DagBag from /home/airflow/.local/lib/python3.12/site-packages/airflow/example_dags/example_bash_operator.py
[2024-10-18T11:17:26.885+0000] {processor.py:925} INFO - DAG(s) 'example_bash_operator' retrieved from /home/airflow/.local/lib/python3.12/site-packages/airflow/example_dags/example_bash_operator.py
[2024-10-18T11:17:26.934+0000] {logging_mixin.py:190} INFO - [2024-10-18T11:17:26.933+0000] {dag.py:3239} INFO - Sync 1 DAGs
[2024-10-18T11:17:27.003+0000] {logging_mixin.py:190} INFO - [2024-10-18T11:17:27.002+0000] {dag.py:4180} INFO - Setting next_dagrun for example_bash_operator to 2024-10-18 00:00:00+00:00, run_after=2024-10-19 00:00:00+00:00
[2024-10-18T11:17:27.041+0000] {processor.py:208} INFO - Processing /home/airflow/.local/lib/python3.12/site-packages/airflow/example_dags/example_bash_operator.py took 0.197 seconds
[2024-10-18T11:17:58.059+0000] {processor.py:186} INFO - Started process (PID=12468) to work on /home/airflow/.local/lib/python3.12/site-packages/airflow/example_dags/example_bash_operator.py
[2024-10-18T11:17:58.061+0000] {processor.py:914} INFO - Processing file /home/airflow/.local/lib/python3.12/site-packages/airflow/example_dags/example_bash_operator.py for tasks to queue
[2024-10-18T11:17:58.071+0000] {logging_mixin.py:190} INFO - [2024-10-18T11:17:58.069+0000] {dagbag.py:588} INFO - Filling up the DagBag from /home/airflow/.local/lib/python3.12/site-packages/airflow/example_dags/example_bash_operator.py
[2024-10-18T11:17:58.105+0000] {processor.py:925} INFO - DAG(s) 'example_bash_operator' retrieved from /home/airflow/.local/lib/python3.12/site-packages/airflow/example_dags/example_bash_operator.py
[2024-10-18T11:17:58.214+0000] {logging_mixin.py:190} INFO - [2024-10-18T11:17:58.210+0000] {dag.py:3239} INFO - Sync 1 DAGs
[2024-10-18T11:17:58.310+0000] {logging_mixin.py:190} INFO - [2024-10-18T11:17:58.309+0000] {dag.py:4180} INFO - Setting next_dagrun for example_bash_operator to 2024-10-18 00:00:00+00:00, run_after=2024-10-19 00:00:00+00:00
[2024-10-18T11:17:58.402+0000] {processor.py:208} INFO - Processing /home/airflow/.local/lib/python3.12/site-packages/airflow/example_dags/example_bash_operator.py took 0.361 seconds
[2024-10-18T11:18:28.919+0000] {processor.py:186} INFO - Started process (PID=12751) to work on /home/airflow/.local/lib/python3.12/site-packages/airflow/example_dags/example_bash_operator.py
[2024-10-18T11:18:28.925+0000] {processor.py:914} INFO - Processing file /home/airflow/.local/lib/python3.12/site-packages/airflow/example_dags/example_bash_operator.py for tasks to queue
[2024-10-18T11:18:28.930+0000] {logging_mixin.py:190} INFO - [2024-10-18T11:18:28.929+0000] {dagbag.py:588} INFO - Filling up the DagBag from /home/airflow/.local/lib/python3.12/site-packages/airflow/example_dags/example_bash_operator.py
[2024-10-18T11:18:28.961+0000] {processor.py:925} INFO - DAG(s) 'example_bash_operator' retrieved from /home/airflow/.local/lib/python3.12/site-packages/airflow/example_dags/example_bash_operator.py
[2024-10-18T11:18:29.015+0000] {logging_mixin.py:190} INFO - [2024-10-18T11:18:29.014+0000] {dag.py:3239} INFO - Sync 1 DAGs
[2024-10-18T11:18:29.070+0000] {logging_mixin.py:190} INFO - [2024-10-18T11:18:29.069+0000] {dag.py:4180} INFO - Setting next_dagrun for example_bash_operator to 2024-10-18 00:00:00+00:00, run_after=2024-10-19 00:00:00+00:00
[2024-10-18T11:18:29.119+0000] {processor.py:208} INFO - Processing /home/airflow/.local/lib/python3.12/site-packages/airflow/example_dags/example_bash_operator.py took 0.208 seconds
[2024-10-18T11:18:59.211+0000] {processor.py:186} INFO - Started process (PID=13038) to work on /home/airflow/.local/lib/python3.12/site-packages/airflow/example_dags/example_bash_operator.py
[2024-10-18T11:18:59.212+0000] {processor.py:914} INFO - Processing file /home/airflow/.local/lib/python3.12/site-packages/airflow/example_dags/example_bash_operator.py for tasks to queue
[2024-10-18T11:18:59.215+0000] {logging_mixin.py:190} INFO - [2024-10-18T11:18:59.214+0000] {dagbag.py:588} INFO - Filling up the DagBag from /home/airflow/.local/lib/python3.12/site-packages/airflow/example_dags/example_bash_operator.py
[2024-10-18T11:18:59.227+0000] {processor.py:925} INFO - DAG(s) 'example_bash_operator' retrieved from /home/airflow/.local/lib/python3.12/site-packages/airflow/example_dags/example_bash_operator.py
[2024-10-18T11:18:59.255+0000] {logging_mixin.py:190} INFO - [2024-10-18T11:18:59.255+0000] {dag.py:3239} INFO - Sync 1 DAGs
[2024-10-18T11:18:59.280+0000] {logging_mixin.py:190} INFO - [2024-10-18T11:18:59.280+0000] {dag.py:4180} INFO - Setting next_dagrun for example_bash_operator to 2024-10-18 00:00:00+00:00, run_after=2024-10-19 00:00:00+00:00
[2024-10-18T11:18:59.454+0000] {processor.py:208} INFO - Processing /home/airflow/.local/lib/python3.12/site-packages/airflow/example_dags/example_bash_operator.py took 0.248 seconds
[2024-10-18T11:19:29.970+0000] {processor.py:186} INFO - Started process (PID=13322) to work on /home/airflow/.local/lib/python3.12/site-packages/airflow/example_dags/example_bash_operator.py
[2024-10-18T11:19:29.972+0000] {processor.py:914} INFO - Processing file /home/airflow/.local/lib/python3.12/site-packages/airflow/example_dags/example_bash_operator.py for tasks to queue
[2024-10-18T11:19:29.976+0000] {logging_mixin.py:190} INFO - [2024-10-18T11:19:29.976+0000] {dagbag.py:588} INFO - Filling up the DagBag from /home/airflow/.local/lib/python3.12/site-packages/airflow/example_dags/example_bash_operator.py
[2024-10-18T11:19:29.997+0000] {processor.py:925} INFO - DAG(s) 'example_bash_operator' retrieved from /home/airflow/.local/lib/python3.12/site-packages/airflow/example_dags/example_bash_operator.py
[2024-10-18T11:19:30.039+0000] {logging_mixin.py:190} INFO - [2024-10-18T11:19:30.038+0000] {dag.py:3239} INFO - Sync 1 DAGs
[2024-10-18T11:19:30.075+0000] {logging_mixin.py:190} INFO - [2024-10-18T11:19:30.075+0000] {dag.py:4180} INFO - Setting next_dagrun for example_bash_operator to 2024-10-18 00:00:00+00:00, run_after=2024-10-19 00:00:00+00:00
[2024-10-18T11:19:30.101+0000] {processor.py:208} INFO - Processing /home/airflow/.local/lib/python3.12/site-packages/airflow/example_dags/example_bash_operator.py took 0.140 seconds
[2024-10-18T11:20:00.858+0000] {processor.py:186} INFO - Started process (PID=13608) to work on /home/airflow/.local/lib/python3.12/site-packages/airflow/example_dags/example_bash_operator.py
[2024-10-18T11:20:00.859+0000] {processor.py:914} INFO - Processing file /home/airflow/.local/lib/python3.12/site-packages/airflow/example_dags/example_bash_operator.py for tasks to queue
[2024-10-18T11:20:00.861+0000] {logging_mixin.py:190} INFO - [2024-10-18T11:20:00.861+0000] {dagbag.py:588} INFO - Filling up the DagBag from /home/airflow/.local/lib/python3.12/site-packages/airflow/example_dags/example_bash_operator.py
[2024-10-18T11:20:00.874+0000] {processor.py:925} INFO - DAG(s) 'example_bash_operator' retrieved from /home/airflow/.local/lib/python3.12/site-packages/airflow/example_dags/example_bash_operator.py
[2024-10-18T11:20:00.904+0000] {logging_mixin.py:190} INFO - [2024-10-18T11:20:00.904+0000] {dag.py:3239} INFO - Sync 1 DAGs
[2024-10-18T11:20:00.933+0000] {logging_mixin.py:190} INFO - [2024-10-18T11:20:00.932+0000] {dag.py:4180} INFO - Setting next_dagrun for example_bash_operator to 2024-10-18 00:00:00+00:00, run_after=2024-10-19 00:00:00+00:00
[2024-10-18T11:20:00.956+0000] {processor.py:208} INFO - Processing /home/airflow/.local/lib/python3.12/site-packages/airflow/example_dags/example_bash_operator.py took 0.104 seconds
[2024-10-18T11:20:31.438+0000] {processor.py:186} INFO - Started process (PID=13895) to work on /home/airflow/.local/lib/python3.12/site-packages/airflow/example_dags/example_bash_operator.py
[2024-10-18T11:20:31.440+0000] {processor.py:914} INFO - Processing file /home/airflow/.local/lib/python3.12/site-packages/airflow/example_dags/example_bash_operator.py for tasks to queue
[2024-10-18T11:20:31.447+0000] {logging_mixin.py:190} INFO - [2024-10-18T11:20:31.446+0000] {dagbag.py:588} INFO - Filling up the DagBag from /home/airflow/.local/lib/python3.12/site-packages/airflow/example_dags/example_bash_operator.py
[2024-10-18T11:20:31.479+0000] {processor.py:925} INFO - DAG(s) 'example_bash_operator' retrieved from /home/airflow/.local/lib/python3.12/site-packages/airflow/example_dags/example_bash_operator.py
[2024-10-18T11:20:31.558+0000] {logging_mixin.py:190} INFO - [2024-10-18T11:20:31.557+0000] {dag.py:3239} INFO - Sync 1 DAGs
[2024-10-18T11:20:31.633+0000] {logging_mixin.py:190} INFO - [2024-10-18T11:20:31.633+0000] {dag.py:4180} INFO - Setting next_dagrun for example_bash_operator to 2024-10-18 00:00:00+00:00, run_after=2024-10-19 00:00:00+00:00
[2024-10-18T11:20:31.701+0000] {processor.py:208} INFO - Processing /home/airflow/.local/lib/python3.12/site-packages/airflow/example_dags/example_bash_operator.py took 0.277 seconds
[2024-10-18T11:21:02.112+0000] {processor.py:186} INFO - Started process (PID=14178) to work on /home/airflow/.local/lib/python3.12/site-packages/airflow/example_dags/example_bash_operator.py
[2024-10-18T11:21:02.113+0000] {processor.py:914} INFO - Processing file /home/airflow/.local/lib/python3.12/site-packages/airflow/example_dags/example_bash_operator.py for tasks to queue
[2024-10-18T11:21:02.116+0000] {logging_mixin.py:190} INFO - [2024-10-18T11:21:02.115+0000] {dagbag.py:588} INFO - Filling up the DagBag from /home/airflow/.local/lib/python3.12/site-packages/airflow/example_dags/example_bash_operator.py
[2024-10-18T11:21:02.128+0000] {processor.py:925} INFO - DAG(s) 'example_bash_operator' retrieved from /home/airflow/.local/lib/python3.12/site-packages/airflow/example_dags/example_bash_operator.py
[2024-10-18T11:21:02.156+0000] {logging_mixin.py:190} INFO - [2024-10-18T11:21:02.156+0000] {dag.py:3239} INFO - Sync 1 DAGs
[2024-10-18T11:21:02.370+0000] {logging_mixin.py:190} INFO - [2024-10-18T11:21:02.370+0000] {dag.py:4180} INFO - Setting next_dagrun for example_bash_operator to 2024-10-18 00:00:00+00:00, run_after=2024-10-19 00:00:00+00:00
[2024-10-18T11:21:02.392+0000] {processor.py:208} INFO - Processing /home/airflow/.local/lib/python3.12/site-packages/airflow/example_dags/example_bash_operator.py took 0.285 seconds
[2024-10-18T11:21:32.655+0000] {processor.py:186} INFO - Started process (PID=14464) to work on /home/airflow/.local/lib/python3.12/site-packages/airflow/example_dags/example_bash_operator.py
[2024-10-18T11:21:32.656+0000] {processor.py:914} INFO - Processing file /home/airflow/.local/lib/python3.12/site-packages/airflow/example_dags/example_bash_operator.py for tasks to queue
[2024-10-18T11:21:32.661+0000] {logging_mixin.py:190} INFO - [2024-10-18T11:21:32.660+0000] {dagbag.py:588} INFO - Filling up the DagBag from /home/airflow/.local/lib/python3.12/site-packages/airflow/example_dags/example_bash_operator.py
[2024-10-18T11:21:32.687+0000] {processor.py:925} INFO - DAG(s) 'example_bash_operator' retrieved from /home/airflow/.local/lib/python3.12/site-packages/airflow/example_dags/example_bash_operator.py
[2024-10-18T11:21:32.735+0000] {logging_mixin.py:190} INFO - [2024-10-18T11:21:32.735+0000] {dag.py:3239} INFO - Sync 1 DAGs
[2024-10-18T11:21:32.983+0000] {logging_mixin.py:190} INFO - [2024-10-18T11:21:32.983+0000] {dag.py:4180} INFO - Setting next_dagrun for example_bash_operator to 2024-10-18 00:00:00+00:00, run_after=2024-10-19 00:00:00+00:00
[2024-10-18T11:21:33.014+0000] {processor.py:208} INFO - Processing /home/airflow/.local/lib/python3.12/site-packages/airflow/example_dags/example_bash_operator.py took 0.367 seconds
[2024-10-18T11:22:04.036+0000] {processor.py:186} INFO - Started process (PID=14753) to work on /home/airflow/.local/lib/python3.12/site-packages/airflow/example_dags/example_bash_operator.py
[2024-10-18T11:22:04.038+0000] {processor.py:914} INFO - Processing file /home/airflow/.local/lib/python3.12/site-packages/airflow/example_dags/example_bash_operator.py for tasks to queue
[2024-10-18T11:22:04.044+0000] {logging_mixin.py:190} INFO - [2024-10-18T11:22:04.043+0000] {dagbag.py:588} INFO - Filling up the DagBag from /home/airflow/.local/lib/python3.12/site-packages/airflow/example_dags/example_bash_operator.py
[2024-10-18T11:22:04.070+0000] {processor.py:925} INFO - DAG(s) 'example_bash_operator' retrieved from /home/airflow/.local/lib/python3.12/site-packages/airflow/example_dags/example_bash_operator.py
[2024-10-18T11:22:04.110+0000] {logging_mixin.py:190} INFO - [2024-10-18T11:22:04.110+0000] {dag.py:3239} INFO - Sync 1 DAGs
[2024-10-18T11:22:04.145+0000] {logging_mixin.py:190} INFO - [2024-10-18T11:22:04.144+0000] {dag.py:4180} INFO - Setting next_dagrun for example_bash_operator to 2024-10-18 00:00:00+00:00, run_after=2024-10-19 00:00:00+00:00
[2024-10-18T11:22:04.170+0000] {processor.py:208} INFO - Processing /home/airflow/.local/lib/python3.12/site-packages/airflow/example_dags/example_bash_operator.py took 0.144 seconds
[2024-10-18T11:22:34.866+0000] {processor.py:186} INFO - Started process (PID=15039) to work on /home/airflow/.local/lib/python3.12/site-packages/airflow/example_dags/example_bash_operator.py
[2024-10-18T11:22:34.868+0000] {processor.py:914} INFO - Processing file /home/airflow/.local/lib/python3.12/site-packages/airflow/example_dags/example_bash_operator.py for tasks to queue
[2024-10-18T11:22:34.872+0000] {logging_mixin.py:190} INFO - [2024-10-18T11:22:34.871+0000] {dagbag.py:588} INFO - Filling up the DagBag from /home/airflow/.local/lib/python3.12/site-packages/airflow/example_dags/example_bash_operator.py
[2024-10-18T11:22:34.893+0000] {processor.py:925} INFO - DAG(s) 'example_bash_operator' retrieved from /home/airflow/.local/lib/python3.12/site-packages/airflow/example_dags/example_bash_operator.py
[2024-10-18T11:22:34.944+0000] {logging_mixin.py:190} INFO - [2024-10-18T11:22:34.944+0000] {dag.py:3239} INFO - Sync 1 DAGs
[2024-10-18T11:22:34.982+0000] {logging_mixin.py:190} INFO - [2024-10-18T11:22:34.982+0000] {dag.py:4180} INFO - Setting next_dagrun for example_bash_operator to 2024-10-18 00:00:00+00:00, run_after=2024-10-19 00:00:00+00:00
[2024-10-18T11:22:35.016+0000] {processor.py:208} INFO - Processing /home/airflow/.local/lib/python3.12/site-packages/airflow/example_dags/example_bash_operator.py took 0.158 seconds
[2024-10-18T11:23:05.235+0000] {processor.py:186} INFO - Started process (PID=15325) to work on /home/airflow/.local/lib/python3.12/site-packages/airflow/example_dags/example_bash_operator.py
[2024-10-18T11:23:05.237+0000] {processor.py:914} INFO - Processing file /home/airflow/.local/lib/python3.12/site-packages/airflow/example_dags/example_bash_operator.py for tasks to queue
[2024-10-18T11:23:05.241+0000] {logging_mixin.py:190} INFO - [2024-10-18T11:23:05.240+0000] {dagbag.py:588} INFO - Filling up the DagBag from /home/airflow/.local/lib/python3.12/site-packages/airflow/example_dags/example_bash_operator.py
[2024-10-18T11:23:05.257+0000] {processor.py:925} INFO - DAG(s) 'example_bash_operator' retrieved from /home/airflow/.local/lib/python3.12/site-packages/airflow/example_dags/example_bash_operator.py
[2024-10-18T11:23:05.294+0000] {logging_mixin.py:190} INFO - [2024-10-18T11:23:05.294+0000] {dag.py:3239} INFO - Sync 1 DAGs
[2024-10-18T11:23:05.331+0000] {logging_mixin.py:190} INFO - [2024-10-18T11:23:05.330+0000] {dag.py:4180} INFO - Setting next_dagrun for example_bash_operator to 2024-10-18 00:00:00+00:00, run_after=2024-10-19 00:00:00+00:00
[2024-10-18T11:23:05.359+0000] {processor.py:208} INFO - Processing /home/airflow/.local/lib/python3.12/site-packages/airflow/example_dags/example_bash_operator.py took 0.131 seconds
[2024-10-18T11:23:35.425+0000] {processor.py:186} INFO - Started process (PID=15608) to work on /home/airflow/.local/lib/python3.12/site-packages/airflow/example_dags/example_bash_operator.py
[2024-10-18T11:23:35.427+0000] {processor.py:914} INFO - Processing file /home/airflow/.local/lib/python3.12/site-packages/airflow/example_dags/example_bash_operator.py for tasks to queue
[2024-10-18T11:23:35.431+0000] {logging_mixin.py:190} INFO - [2024-10-18T11:23:35.430+0000] {dagbag.py:588} INFO - Filling up the DagBag from /home/airflow/.local/lib/python3.12/site-packages/airflow/example_dags/example_bash_operator.py
[2024-10-18T11:23:35.456+0000] {processor.py:925} INFO - DAG(s) 'example_bash_operator' retrieved from /home/airflow/.local/lib/python3.12/site-packages/airflow/example_dags/example_bash_operator.py
[2024-10-18T11:23:35.495+0000] {logging_mixin.py:190} INFO - [2024-10-18T11:23:35.495+0000] {dag.py:3239} INFO - Sync 1 DAGs
[2024-10-18T11:23:35.533+0000] {logging_mixin.py:190} INFO - [2024-10-18T11:23:35.533+0000] {dag.py:4180} INFO - Setting next_dagrun for example_bash_operator to 2024-10-18 00:00:00+00:00, run_after=2024-10-19 00:00:00+00:00
[2024-10-18T11:23:35.570+0000] {processor.py:208} INFO - Processing /home/airflow/.local/lib/python3.12/site-packages/airflow/example_dags/example_bash_operator.py took 0.155 seconds
[2024-10-18T11:24:06.071+0000] {processor.py:186} INFO - Started process (PID=15894) to work on /home/airflow/.local/lib/python3.12/site-packages/airflow/example_dags/example_bash_operator.py
[2024-10-18T11:24:06.073+0000] {processor.py:914} INFO - Processing file /home/airflow/.local/lib/python3.12/site-packages/airflow/example_dags/example_bash_operator.py for tasks to queue
[2024-10-18T11:24:06.078+0000] {logging_mixin.py:190} INFO - [2024-10-18T11:24:06.077+0000] {dagbag.py:588} INFO - Filling up the DagBag from /home/airflow/.local/lib/python3.12/site-packages/airflow/example_dags/example_bash_operator.py
[2024-10-18T11:24:06.108+0000] {processor.py:925} INFO - DAG(s) 'example_bash_operator' retrieved from /home/airflow/.local/lib/python3.12/site-packages/airflow/example_dags/example_bash_operator.py
[2024-10-18T11:24:06.174+0000] {logging_mixin.py:190} INFO - [2024-10-18T11:24:06.173+0000] {dag.py:3239} INFO - Sync 1 DAGs
[2024-10-18T11:24:06.239+0000] {logging_mixin.py:190} INFO - [2024-10-18T11:24:06.239+0000] {dag.py:4180} INFO - Setting next_dagrun for example_bash_operator to 2024-10-18 00:00:00+00:00, run_after=2024-10-19 00:00:00+00:00
[2024-10-18T11:24:06.276+0000] {processor.py:208} INFO - Processing /home/airflow/.local/lib/python3.12/site-packages/airflow/example_dags/example_bash_operator.py took 0.225 seconds
[2024-10-18T11:24:36.816+0000] {processor.py:186} INFO - Started process (PID=16180) to work on /home/airflow/.local/lib/python3.12/site-packages/airflow/example_dags/example_bash_operator.py
[2024-10-18T11:24:36.818+0000] {processor.py:914} INFO - Processing file /home/airflow/.local/lib/python3.12/site-packages/airflow/example_dags/example_bash_operator.py for tasks to queue
[2024-10-18T11:24:36.821+0000] {logging_mixin.py:190} INFO - [2024-10-18T11:24:36.821+0000] {dagbag.py:588} INFO - Filling up the DagBag from /home/airflow/.local/lib/python3.12/site-packages/airflow/example_dags/example_bash_operator.py
[2024-10-18T11:24:36.847+0000] {processor.py:925} INFO - DAG(s) 'example_bash_operator' retrieved from /home/airflow/.local/lib/python3.12/site-packages/airflow/example_dags/example_bash_operator.py
[2024-10-18T11:24:36.885+0000] {logging_mixin.py:190} INFO - [2024-10-18T11:24:36.885+0000] {dag.py:3239} INFO - Sync 1 DAGs
[2024-10-18T11:24:36.923+0000] {logging_mixin.py:190} INFO - [2024-10-18T11:24:36.922+0000] {dag.py:4180} INFO - Setting next_dagrun for example_bash_operator to 2024-10-18 00:00:00+00:00, run_after=2024-10-19 00:00:00+00:00
[2024-10-18T11:24:36.955+0000] {processor.py:208} INFO - Processing /home/airflow/.local/lib/python3.12/site-packages/airflow/example_dags/example_bash_operator.py took 0.145 seconds
[2024-10-18T11:25:07.062+0000] {processor.py:186} INFO - Started process (PID=16466) to work on /home/airflow/.local/lib/python3.12/site-packages/airflow/example_dags/example_bash_operator.py
[2024-10-18T11:25:07.063+0000] {processor.py:914} INFO - Processing file /home/airflow/.local/lib/python3.12/site-packages/airflow/example_dags/example_bash_operator.py for tasks to queue
[2024-10-18T11:25:07.067+0000] {logging_mixin.py:190} INFO - [2024-10-18T11:25:07.067+0000] {dagbag.py:588} INFO - Filling up the DagBag from /home/airflow/.local/lib/python3.12/site-packages/airflow/example_dags/example_bash_operator.py
[2024-10-18T11:25:07.083+0000] {processor.py:925} INFO - DAG(s) 'example_bash_operator' retrieved from /home/airflow/.local/lib/python3.12/site-packages/airflow/example_dags/example_bash_operator.py
[2024-10-18T11:25:07.112+0000] {logging_mixin.py:190} INFO - [2024-10-18T11:25:07.112+0000] {dag.py:3239} INFO - Sync 1 DAGs
[2024-10-18T11:25:07.141+0000] {logging_mixin.py:190} INFO - [2024-10-18T11:25:07.141+0000] {dag.py:4180} INFO - Setting next_dagrun for example_bash_operator to 2024-10-18 00:00:00+00:00, run_after=2024-10-19 00:00:00+00:00
[2024-10-18T11:25:07.165+0000] {processor.py:208} INFO - Processing /home/airflow/.local/lib/python3.12/site-packages/airflow/example_dags/example_bash_operator.py took 0.109 seconds
