[2024-10-18T10:56:37.184+0000] {processor.py:186} INFO - Started process (PID=444) to work on /home/airflow/.local/lib/python3.12/site-packages/airflow/example_dags/example_xcomargs.py
[2024-10-18T10:56:37.186+0000] {processor.py:914} INFO - Processing file /home/airflow/.local/lib/python3.12/site-packages/airflow/example_dags/example_xcomargs.py for tasks to queue
[2024-10-18T10:56:37.189+0000] {logging_mixin.py:190} INFO - [2024-10-18T10:56:37.188+0000] {dagbag.py:588} INFO - Filling up the DagBag from /home/airflow/.local/lib/python3.12/site-packages/airflow/example_dags/example_xcomargs.py
[2024-10-18T10:56:37.205+0000] {processor.py:925} INFO - DAG(s) 'example_xcom_args', 'example_xcom_args_with_operators' retrieved from /home/airflow/.local/lib/python3.12/site-packages/airflow/example_dags/example_xcomargs.py
[2024-10-18T10:56:37.363+0000] {logging_mixin.py:190} INFO - [2024-10-18T10:56:37.362+0000] {override.py:1900} INFO - Created Permission View: can delete on DAG:example_xcom_args
[2024-10-18T10:56:37.380+0000] {logging_mixin.py:190} INFO - [2024-10-18T10:56:37.380+0000] {override.py:1900} INFO - Created Permission View: can edit on DAG:example_xcom_args
[2024-10-18T10:56:37.390+0000] {logging_mixin.py:190} INFO - [2024-10-18T10:56:37.389+0000] {override.py:1900} INFO - Created Permission View: can read on DAG:example_xcom_args
[2024-10-18T10:56:37.401+0000] {logging_mixin.py:190} INFO - [2024-10-18T10:56:37.401+0000] {override.py:1900} INFO - Created Permission View: can delete on DAG Run:example_xcom_args
[2024-10-18T10:56:37.414+0000] {logging_mixin.py:190} INFO - [2024-10-18T10:56:37.414+0000] {override.py:1900} INFO - Created Permission View: menu access on DAG Run:example_xcom_args
[2024-10-18T10:56:37.425+0000] {logging_mixin.py:190} INFO - [2024-10-18T10:56:37.424+0000] {override.py:1900} INFO - Created Permission View: can read on DAG Run:example_xcom_args
[2024-10-18T10:56:37.437+0000] {logging_mixin.py:190} INFO - [2024-10-18T10:56:37.437+0000] {override.py:1900} INFO - Created Permission View: can create on DAG Run:example_xcom_args
[2024-10-18T10:56:37.460+0000] {logging_mixin.py:190} INFO - [2024-10-18T10:56:37.459+0000] {override.py:1900} INFO - Created Permission View: can delete on DAG:example_xcom_args_with_operators
[2024-10-18T10:56:37.470+0000] {logging_mixin.py:190} INFO - [2024-10-18T10:56:37.470+0000] {override.py:1900} INFO - Created Permission View: can edit on DAG:example_xcom_args_with_operators
[2024-10-18T10:56:37.480+0000] {logging_mixin.py:190} INFO - [2024-10-18T10:56:37.480+0000] {override.py:1900} INFO - Created Permission View: can read on DAG:example_xcom_args_with_operators
[2024-10-18T10:56:37.490+0000] {logging_mixin.py:190} INFO - [2024-10-18T10:56:37.490+0000] {override.py:1900} INFO - Created Permission View: can delete on DAG Run:example_xcom_args_with_operators
[2024-10-18T10:56:37.504+0000] {logging_mixin.py:190} INFO - [2024-10-18T10:56:37.503+0000] {override.py:1900} INFO - Created Permission View: menu access on DAG Run:example_xcom_args_with_operators
[2024-10-18T10:56:37.514+0000] {logging_mixin.py:190} INFO - [2024-10-18T10:56:37.514+0000] {override.py:1900} INFO - Created Permission View: can read on DAG Run:example_xcom_args_with_operators
[2024-10-18T10:56:37.525+0000] {logging_mixin.py:190} INFO - [2024-10-18T10:56:37.524+0000] {override.py:1900} INFO - Created Permission View: can create on DAG Run:example_xcom_args_with_operators
[2024-10-18T10:56:37.525+0000] {logging_mixin.py:190} INFO - [2024-10-18T10:56:37.525+0000] {dag.py:3239} INFO - Sync 2 DAGs
[2024-10-18T10:56:37.546+0000] {logging_mixin.py:190} INFO - [2024-10-18T10:56:37.546+0000] {dag.py:3262} INFO - Creating ORM DAG for example_xcom_args_with_operators
[2024-10-18T10:56:37.547+0000] {logging_mixin.py:190} INFO - [2024-10-18T10:56:37.547+0000] {dag.py:3262} INFO - Creating ORM DAG for example_xcom_args
[2024-10-18T10:56:37.548+0000] {logging_mixin.py:190} INFO - [2024-10-18T10:56:37.548+0000] {dag.py:4180} INFO - Setting next_dagrun for example_xcom_args to None, run_after=None
[2024-10-18T10:56:37.549+0000] {logging_mixin.py:190} INFO - [2024-10-18T10:56:37.549+0000] {dag.py:4180} INFO - Setting next_dagrun for example_xcom_args_with_operators to None, run_after=None
[2024-10-18T10:56:37.572+0000] {processor.py:208} INFO - Processing /home/airflow/.local/lib/python3.12/site-packages/airflow/example_dags/example_xcomargs.py took 0.396 seconds
[2024-10-18T10:57:09.168+0000] {processor.py:186} INFO - Started process (PID=730) to work on /home/airflow/.local/lib/python3.12/site-packages/airflow/example_dags/example_xcomargs.py
[2024-10-18T10:57:09.169+0000] {processor.py:914} INFO - Processing file /home/airflow/.local/lib/python3.12/site-packages/airflow/example_dags/example_xcomargs.py for tasks to queue
[2024-10-18T10:57:09.172+0000] {logging_mixin.py:190} INFO - [2024-10-18T10:57:09.172+0000] {dagbag.py:588} INFO - Filling up the DagBag from /home/airflow/.local/lib/python3.12/site-packages/airflow/example_dags/example_xcomargs.py
[2024-10-18T10:57:09.197+0000] {processor.py:925} INFO - DAG(s) 'example_xcom_args_with_operators', 'example_xcom_args' retrieved from /home/airflow/.local/lib/python3.12/site-packages/airflow/example_dags/example_xcomargs.py
[2024-10-18T10:57:09.249+0000] {logging_mixin.py:190} INFO - [2024-10-18T10:57:09.248+0000] {dag.py:3239} INFO - Sync 2 DAGs
[2024-10-18T10:57:09.296+0000] {logging_mixin.py:190} INFO - [2024-10-18T10:57:09.296+0000] {dag.py:4180} INFO - Setting next_dagrun for example_xcom_args to None, run_after=None
[2024-10-18T10:57:09.302+0000] {logging_mixin.py:190} INFO - [2024-10-18T10:57:09.302+0000] {dag.py:4180} INFO - Setting next_dagrun for example_xcom_args_with_operators to None, run_after=None
[2024-10-18T10:57:09.342+0000] {processor.py:208} INFO - Processing /home/airflow/.local/lib/python3.12/site-packages/airflow/example_dags/example_xcomargs.py took 0.186 seconds
[2024-10-18T10:57:39.737+0000] {processor.py:186} INFO - Started process (PID=1016) to work on /home/airflow/.local/lib/python3.12/site-packages/airflow/example_dags/example_xcomargs.py
[2024-10-18T10:57:39.744+0000] {processor.py:914} INFO - Processing file /home/airflow/.local/lib/python3.12/site-packages/airflow/example_dags/example_xcomargs.py for tasks to queue
[2024-10-18T10:57:39.754+0000] {logging_mixin.py:190} INFO - [2024-10-18T10:57:39.754+0000] {dagbag.py:588} INFO - Filling up the DagBag from /home/airflow/.local/lib/python3.12/site-packages/airflow/example_dags/example_xcomargs.py
[2024-10-18T10:57:39.827+0000] {processor.py:925} INFO - DAG(s) 'example_xcom_args_with_operators', 'example_xcom_args' retrieved from /home/airflow/.local/lib/python3.12/site-packages/airflow/example_dags/example_xcomargs.py
[2024-10-18T10:57:39.978+0000] {logging_mixin.py:190} INFO - [2024-10-18T10:57:39.977+0000] {dag.py:3239} INFO - Sync 2 DAGs
[2024-10-18T10:57:40.072+0000] {logging_mixin.py:190} INFO - [2024-10-18T10:57:40.071+0000] {dag.py:4180} INFO - Setting next_dagrun for example_xcom_args to None, run_after=None
[2024-10-18T10:57:40.084+0000] {logging_mixin.py:190} INFO - [2024-10-18T10:57:40.083+0000] {dag.py:4180} INFO - Setting next_dagrun for example_xcom_args_with_operators to None, run_after=None
[2024-10-18T10:57:40.149+0000] {processor.py:208} INFO - Processing /home/airflow/.local/lib/python3.12/site-packages/airflow/example_dags/example_xcomargs.py took 0.438 seconds
[2024-10-18T10:58:10.961+0000] {processor.py:186} INFO - Started process (PID=1303) to work on /home/airflow/.local/lib/python3.12/site-packages/airflow/example_dags/example_xcomargs.py
[2024-10-18T10:58:10.962+0000] {processor.py:914} INFO - Processing file /home/airflow/.local/lib/python3.12/site-packages/airflow/example_dags/example_xcomargs.py for tasks to queue
[2024-10-18T10:58:10.964+0000] {logging_mixin.py:190} INFO - [2024-10-18T10:58:10.964+0000] {dagbag.py:588} INFO - Filling up the DagBag from /home/airflow/.local/lib/python3.12/site-packages/airflow/example_dags/example_xcomargs.py
[2024-10-18T10:58:10.973+0000] {processor.py:925} INFO - DAG(s) 'example_xcom_args', 'example_xcom_args_with_operators' retrieved from /home/airflow/.local/lib/python3.12/site-packages/airflow/example_dags/example_xcomargs.py
[2024-10-18T10:58:10.995+0000] {logging_mixin.py:190} INFO - [2024-10-18T10:58:10.995+0000] {dag.py:3239} INFO - Sync 2 DAGs
[2024-10-18T10:58:11.009+0000] {logging_mixin.py:190} INFO - [2024-10-18T10:58:11.009+0000] {dag.py:4180} INFO - Setting next_dagrun for example_xcom_args to None, run_after=None
[2024-10-18T10:58:11.014+0000] {logging_mixin.py:190} INFO - [2024-10-18T10:58:11.013+0000] {dag.py:4180} INFO - Setting next_dagrun for example_xcom_args_with_operators to None, run_after=None
[2024-10-18T10:58:11.033+0000] {processor.py:208} INFO - Processing /home/airflow/.local/lib/python3.12/site-packages/airflow/example_dags/example_xcomargs.py took 0.077 seconds
[2024-10-18T10:58:41.394+0000] {processor.py:186} INFO - Started process (PID=1589) to work on /home/airflow/.local/lib/python3.12/site-packages/airflow/example_dags/example_xcomargs.py
[2024-10-18T10:58:41.395+0000] {processor.py:914} INFO - Processing file /home/airflow/.local/lib/python3.12/site-packages/airflow/example_dags/example_xcomargs.py for tasks to queue
[2024-10-18T10:58:41.398+0000] {logging_mixin.py:190} INFO - [2024-10-18T10:58:41.397+0000] {dagbag.py:588} INFO - Filling up the DagBag from /home/airflow/.local/lib/python3.12/site-packages/airflow/example_dags/example_xcomargs.py
[2024-10-18T10:58:41.411+0000] {processor.py:925} INFO - DAG(s) 'example_xcom_args_with_operators', 'example_xcom_args' retrieved from /home/airflow/.local/lib/python3.12/site-packages/airflow/example_dags/example_xcomargs.py
[2024-10-18T10:58:41.440+0000] {logging_mixin.py:190} INFO - [2024-10-18T10:58:41.440+0000] {dag.py:3239} INFO - Sync 2 DAGs
[2024-10-18T10:58:41.454+0000] {logging_mixin.py:190} INFO - [2024-10-18T10:58:41.454+0000] {dag.py:4180} INFO - Setting next_dagrun for example_xcom_args to None, run_after=None
[2024-10-18T10:58:41.458+0000] {logging_mixin.py:190} INFO - [2024-10-18T10:58:41.458+0000] {dag.py:4180} INFO - Setting next_dagrun for example_xcom_args_with_operators to None, run_after=None
[2024-10-18T10:58:41.475+0000] {processor.py:208} INFO - Processing /home/airflow/.local/lib/python3.12/site-packages/airflow/example_dags/example_xcomargs.py took 0.088 seconds
[2024-10-18T10:59:11.969+0000] {processor.py:186} INFO - Started process (PID=1874) to work on /home/airflow/.local/lib/python3.12/site-packages/airflow/example_dags/example_xcomargs.py
[2024-10-18T10:59:11.970+0000] {processor.py:914} INFO - Processing file /home/airflow/.local/lib/python3.12/site-packages/airflow/example_dags/example_xcomargs.py for tasks to queue
[2024-10-18T10:59:11.972+0000] {logging_mixin.py:190} INFO - [2024-10-18T10:59:11.972+0000] {dagbag.py:588} INFO - Filling up the DagBag from /home/airflow/.local/lib/python3.12/site-packages/airflow/example_dags/example_xcomargs.py
[2024-10-18T10:59:11.981+0000] {processor.py:925} INFO - DAG(s) 'example_xcom_args_with_operators', 'example_xcom_args' retrieved from /home/airflow/.local/lib/python3.12/site-packages/airflow/example_dags/example_xcomargs.py
[2024-10-18T10:59:12.004+0000] {logging_mixin.py:190} INFO - [2024-10-18T10:59:12.003+0000] {dag.py:3239} INFO - Sync 2 DAGs
[2024-10-18T10:59:12.018+0000] {logging_mixin.py:190} INFO - [2024-10-18T10:59:12.018+0000] {dag.py:4180} INFO - Setting next_dagrun for example_xcom_args to None, run_after=None
[2024-10-18T10:59:12.022+0000] {logging_mixin.py:190} INFO - [2024-10-18T10:59:12.022+0000] {dag.py:4180} INFO - Setting next_dagrun for example_xcom_args_with_operators to None, run_after=None
[2024-10-18T10:59:12.042+0000] {processor.py:208} INFO - Processing /home/airflow/.local/lib/python3.12/site-packages/airflow/example_dags/example_xcomargs.py took 0.078 seconds
[2024-10-18T10:59:42.294+0000] {processor.py:186} INFO - Started process (PID=2160) to work on /home/airflow/.local/lib/python3.12/site-packages/airflow/example_dags/example_xcomargs.py
[2024-10-18T10:59:42.295+0000] {processor.py:914} INFO - Processing file /home/airflow/.local/lib/python3.12/site-packages/airflow/example_dags/example_xcomargs.py for tasks to queue
[2024-10-18T10:59:42.297+0000] {logging_mixin.py:190} INFO - [2024-10-18T10:59:42.297+0000] {dagbag.py:588} INFO - Filling up the DagBag from /home/airflow/.local/lib/python3.12/site-packages/airflow/example_dags/example_xcomargs.py
[2024-10-18T10:59:42.306+0000] {processor.py:925} INFO - DAG(s) 'example_xcom_args_with_operators', 'example_xcom_args' retrieved from /home/airflow/.local/lib/python3.12/site-packages/airflow/example_dags/example_xcomargs.py
[2024-10-18T10:59:42.329+0000] {logging_mixin.py:190} INFO - [2024-10-18T10:59:42.329+0000] {dag.py:3239} INFO - Sync 2 DAGs
[2024-10-18T10:59:42.344+0000] {logging_mixin.py:190} INFO - [2024-10-18T10:59:42.344+0000] {dag.py:4180} INFO - Setting next_dagrun for example_xcom_args to None, run_after=None
[2024-10-18T10:59:42.348+0000] {logging_mixin.py:190} INFO - [2024-10-18T10:59:42.348+0000] {dag.py:4180} INFO - Setting next_dagrun for example_xcom_args_with_operators to None, run_after=None
[2024-10-18T10:59:42.368+0000] {processor.py:208} INFO - Processing /home/airflow/.local/lib/python3.12/site-packages/airflow/example_dags/example_xcomargs.py took 0.079 seconds
[2024-10-18T11:00:12.671+0000] {processor.py:186} INFO - Started process (PID=2446) to work on /home/airflow/.local/lib/python3.12/site-packages/airflow/example_dags/example_xcomargs.py
[2024-10-18T11:00:12.672+0000] {processor.py:914} INFO - Processing file /home/airflow/.local/lib/python3.12/site-packages/airflow/example_dags/example_xcomargs.py for tasks to queue
[2024-10-18T11:00:12.674+0000] {logging_mixin.py:190} INFO - [2024-10-18T11:00:12.673+0000] {dagbag.py:588} INFO - Filling up the DagBag from /home/airflow/.local/lib/python3.12/site-packages/airflow/example_dags/example_xcomargs.py
[2024-10-18T11:00:12.682+0000] {processor.py:925} INFO - DAG(s) 'example_xcom_args', 'example_xcom_args_with_operators' retrieved from /home/airflow/.local/lib/python3.12/site-packages/airflow/example_dags/example_xcomargs.py
[2024-10-18T11:00:12.703+0000] {logging_mixin.py:190} INFO - [2024-10-18T11:00:12.703+0000] {dag.py:3239} INFO - Sync 2 DAGs
[2024-10-18T11:00:12.717+0000] {logging_mixin.py:190} INFO - [2024-10-18T11:00:12.717+0000] {dag.py:4180} INFO - Setting next_dagrun for example_xcom_args to None, run_after=None
[2024-10-18T11:00:12.721+0000] {logging_mixin.py:190} INFO - [2024-10-18T11:00:12.721+0000] {dag.py:4180} INFO - Setting next_dagrun for example_xcom_args_with_operators to None, run_after=None
[2024-10-18T11:00:12.737+0000] {processor.py:208} INFO - Processing /home/airflow/.local/lib/python3.12/site-packages/airflow/example_dags/example_xcomargs.py took 0.071 seconds
[2024-10-18T11:00:43.113+0000] {processor.py:186} INFO - Started process (PID=2732) to work on /home/airflow/.local/lib/python3.12/site-packages/airflow/example_dags/example_xcomargs.py
[2024-10-18T11:00:43.114+0000] {processor.py:914} INFO - Processing file /home/airflow/.local/lib/python3.12/site-packages/airflow/example_dags/example_xcomargs.py for tasks to queue
[2024-10-18T11:00:43.116+0000] {logging_mixin.py:190} INFO - [2024-10-18T11:00:43.116+0000] {dagbag.py:588} INFO - Filling up the DagBag from /home/airflow/.local/lib/python3.12/site-packages/airflow/example_dags/example_xcomargs.py
[2024-10-18T11:00:43.125+0000] {processor.py:925} INFO - DAG(s) 'example_xcom_args_with_operators', 'example_xcom_args' retrieved from /home/airflow/.local/lib/python3.12/site-packages/airflow/example_dags/example_xcomargs.py
[2024-10-18T11:00:43.148+0000] {logging_mixin.py:190} INFO - [2024-10-18T11:00:43.147+0000] {dag.py:3239} INFO - Sync 2 DAGs
[2024-10-18T11:00:43.162+0000] {logging_mixin.py:190} INFO - [2024-10-18T11:00:43.162+0000] {dag.py:4180} INFO - Setting next_dagrun for example_xcom_args to None, run_after=None
[2024-10-18T11:00:43.166+0000] {logging_mixin.py:190} INFO - [2024-10-18T11:00:43.166+0000] {dag.py:4180} INFO - Setting next_dagrun for example_xcom_args_with_operators to None, run_after=None
[2024-10-18T11:00:43.185+0000] {processor.py:208} INFO - Processing /home/airflow/.local/lib/python3.12/site-packages/airflow/example_dags/example_xcomargs.py took 0.077 seconds
[2024-10-18T11:01:13.580+0000] {processor.py:186} INFO - Started process (PID=3018) to work on /home/airflow/.local/lib/python3.12/site-packages/airflow/example_dags/example_xcomargs.py
[2024-10-18T11:01:13.581+0000] {processor.py:914} INFO - Processing file /home/airflow/.local/lib/python3.12/site-packages/airflow/example_dags/example_xcomargs.py for tasks to queue
[2024-10-18T11:01:13.583+0000] {logging_mixin.py:190} INFO - [2024-10-18T11:01:13.583+0000] {dagbag.py:588} INFO - Filling up the DagBag from /home/airflow/.local/lib/python3.12/site-packages/airflow/example_dags/example_xcomargs.py
[2024-10-18T11:01:13.592+0000] {processor.py:925} INFO - DAG(s) 'example_xcom_args', 'example_xcom_args_with_operators' retrieved from /home/airflow/.local/lib/python3.12/site-packages/airflow/example_dags/example_xcomargs.py
[2024-10-18T11:01:13.615+0000] {logging_mixin.py:190} INFO - [2024-10-18T11:01:13.614+0000] {dag.py:3239} INFO - Sync 2 DAGs
[2024-10-18T11:01:13.629+0000] {logging_mixin.py:190} INFO - [2024-10-18T11:01:13.628+0000] {dag.py:4180} INFO - Setting next_dagrun for example_xcom_args to None, run_after=None
[2024-10-18T11:01:13.633+0000] {logging_mixin.py:190} INFO - [2024-10-18T11:01:13.633+0000] {dag.py:4180} INFO - Setting next_dagrun for example_xcom_args_with_operators to None, run_after=None
[2024-10-18T11:01:13.652+0000] {processor.py:208} INFO - Processing /home/airflow/.local/lib/python3.12/site-packages/airflow/example_dags/example_xcomargs.py took 0.077 seconds
[2024-10-18T11:01:44.134+0000] {processor.py:186} INFO - Started process (PID=3304) to work on /home/airflow/.local/lib/python3.12/site-packages/airflow/example_dags/example_xcomargs.py
[2024-10-18T11:01:44.135+0000] {processor.py:914} INFO - Processing file /home/airflow/.local/lib/python3.12/site-packages/airflow/example_dags/example_xcomargs.py for tasks to queue
[2024-10-18T11:01:44.137+0000] {logging_mixin.py:190} INFO - [2024-10-18T11:01:44.137+0000] {dagbag.py:588} INFO - Filling up the DagBag from /home/airflow/.local/lib/python3.12/site-packages/airflow/example_dags/example_xcomargs.py
[2024-10-18T11:01:44.147+0000] {processor.py:925} INFO - DAG(s) 'example_xcom_args', 'example_xcom_args_with_operators' retrieved from /home/airflow/.local/lib/python3.12/site-packages/airflow/example_dags/example_xcomargs.py
[2024-10-18T11:01:44.171+0000] {logging_mixin.py:190} INFO - [2024-10-18T11:01:44.171+0000] {dag.py:3239} INFO - Sync 2 DAGs
[2024-10-18T11:01:44.186+0000] {logging_mixin.py:190} INFO - [2024-10-18T11:01:44.185+0000] {dag.py:4180} INFO - Setting next_dagrun for example_xcom_args to None, run_after=None
[2024-10-18T11:01:44.191+0000] {logging_mixin.py:190} INFO - [2024-10-18T11:01:44.191+0000] {dag.py:4180} INFO - Setting next_dagrun for example_xcom_args_with_operators to None, run_after=None
[2024-10-18T11:01:44.214+0000] {processor.py:208} INFO - Processing /home/airflow/.local/lib/python3.12/site-packages/airflow/example_dags/example_xcomargs.py took 0.085 seconds
[2024-10-18T11:02:14.593+0000] {processor.py:186} INFO - Started process (PID=3590) to work on /home/airflow/.local/lib/python3.12/site-packages/airflow/example_dags/example_xcomargs.py
[2024-10-18T11:02:14.594+0000] {processor.py:914} INFO - Processing file /home/airflow/.local/lib/python3.12/site-packages/airflow/example_dags/example_xcomargs.py for tasks to queue
[2024-10-18T11:02:14.596+0000] {logging_mixin.py:190} INFO - [2024-10-18T11:02:14.596+0000] {dagbag.py:588} INFO - Filling up the DagBag from /home/airflow/.local/lib/python3.12/site-packages/airflow/example_dags/example_xcomargs.py
[2024-10-18T11:02:14.605+0000] {processor.py:925} INFO - DAG(s) 'example_xcom_args', 'example_xcom_args_with_operators' retrieved from /home/airflow/.local/lib/python3.12/site-packages/airflow/example_dags/example_xcomargs.py
[2024-10-18T11:02:14.629+0000] {logging_mixin.py:190} INFO - [2024-10-18T11:02:14.628+0000] {dag.py:3239} INFO - Sync 2 DAGs
[2024-10-18T11:02:14.642+0000] {logging_mixin.py:190} INFO - [2024-10-18T11:02:14.642+0000] {dag.py:4180} INFO - Setting next_dagrun for example_xcom_args to None, run_after=None
[2024-10-18T11:02:14.647+0000] {logging_mixin.py:190} INFO - [2024-10-18T11:02:14.646+0000] {dag.py:4180} INFO - Setting next_dagrun for example_xcom_args_with_operators to None, run_after=None
[2024-10-18T11:02:14.667+0000] {processor.py:208} INFO - Processing /home/airflow/.local/lib/python3.12/site-packages/airflow/example_dags/example_xcomargs.py took 0.079 seconds
[2024-10-18T11:02:45.084+0000] {processor.py:186} INFO - Started process (PID=3876) to work on /home/airflow/.local/lib/python3.12/site-packages/airflow/example_dags/example_xcomargs.py
[2024-10-18T11:02:45.085+0000] {processor.py:914} INFO - Processing file /home/airflow/.local/lib/python3.12/site-packages/airflow/example_dags/example_xcomargs.py for tasks to queue
[2024-10-18T11:02:45.087+0000] {logging_mixin.py:190} INFO - [2024-10-18T11:02:45.087+0000] {dagbag.py:588} INFO - Filling up the DagBag from /home/airflow/.local/lib/python3.12/site-packages/airflow/example_dags/example_xcomargs.py
[2024-10-18T11:02:45.097+0000] {processor.py:925} INFO - DAG(s) 'example_xcom_args_with_operators', 'example_xcom_args' retrieved from /home/airflow/.local/lib/python3.12/site-packages/airflow/example_dags/example_xcomargs.py
[2024-10-18T11:02:45.120+0000] {logging_mixin.py:190} INFO - [2024-10-18T11:02:45.120+0000] {dag.py:3239} INFO - Sync 2 DAGs
[2024-10-18T11:02:45.133+0000] {logging_mixin.py:190} INFO - [2024-10-18T11:02:45.133+0000] {dag.py:4180} INFO - Setting next_dagrun for example_xcom_args to None, run_after=None
[2024-10-18T11:02:45.137+0000] {logging_mixin.py:190} INFO - [2024-10-18T11:02:45.137+0000] {dag.py:4180} INFO - Setting next_dagrun for example_xcom_args_with_operators to None, run_after=None
[2024-10-18T11:02:45.155+0000] {processor.py:208} INFO - Processing /home/airflow/.local/lib/python3.12/site-packages/airflow/example_dags/example_xcomargs.py took 0.076 seconds
[2024-10-18T11:03:15.382+0000] {processor.py:186} INFO - Started process (PID=4162) to work on /home/airflow/.local/lib/python3.12/site-packages/airflow/example_dags/example_xcomargs.py
[2024-10-18T11:03:15.383+0000] {processor.py:914} INFO - Processing file /home/airflow/.local/lib/python3.12/site-packages/airflow/example_dags/example_xcomargs.py for tasks to queue
[2024-10-18T11:03:15.385+0000] {logging_mixin.py:190} INFO - [2024-10-18T11:03:15.385+0000] {dagbag.py:588} INFO - Filling up the DagBag from /home/airflow/.local/lib/python3.12/site-packages/airflow/example_dags/example_xcomargs.py
[2024-10-18T11:03:15.394+0000] {processor.py:925} INFO - DAG(s) 'example_xcom_args_with_operators', 'example_xcom_args' retrieved from /home/airflow/.local/lib/python3.12/site-packages/airflow/example_dags/example_xcomargs.py
[2024-10-18T11:03:15.418+0000] {logging_mixin.py:190} INFO - [2024-10-18T11:03:15.418+0000] {dag.py:3239} INFO - Sync 2 DAGs
[2024-10-18T11:03:15.432+0000] {logging_mixin.py:190} INFO - [2024-10-18T11:03:15.432+0000] {dag.py:4180} INFO - Setting next_dagrun for example_xcom_args to None, run_after=None
[2024-10-18T11:03:15.436+0000] {logging_mixin.py:190} INFO - [2024-10-18T11:03:15.436+0000] {dag.py:4180} INFO - Setting next_dagrun for example_xcom_args_with_operators to None, run_after=None
[2024-10-18T11:03:15.456+0000] {processor.py:208} INFO - Processing /home/airflow/.local/lib/python3.12/site-packages/airflow/example_dags/example_xcomargs.py took 0.078 seconds
[2024-10-18T11:03:45.783+0000] {processor.py:186} INFO - Started process (PID=4448) to work on /home/airflow/.local/lib/python3.12/site-packages/airflow/example_dags/example_xcomargs.py
[2024-10-18T11:03:45.784+0000] {processor.py:914} INFO - Processing file /home/airflow/.local/lib/python3.12/site-packages/airflow/example_dags/example_xcomargs.py for tasks to queue
[2024-10-18T11:03:45.786+0000] {logging_mixin.py:190} INFO - [2024-10-18T11:03:45.786+0000] {dagbag.py:588} INFO - Filling up the DagBag from /home/airflow/.local/lib/python3.12/site-packages/airflow/example_dags/example_xcomargs.py
[2024-10-18T11:03:45.795+0000] {processor.py:925} INFO - DAG(s) 'example_xcom_args', 'example_xcom_args_with_operators' retrieved from /home/airflow/.local/lib/python3.12/site-packages/airflow/example_dags/example_xcomargs.py
[2024-10-18T11:03:45.818+0000] {logging_mixin.py:190} INFO - [2024-10-18T11:03:45.817+0000] {dag.py:3239} INFO - Sync 2 DAGs
[2024-10-18T11:03:45.831+0000] {logging_mixin.py:190} INFO - [2024-10-18T11:03:45.831+0000] {dag.py:4180} INFO - Setting next_dagrun for example_xcom_args to None, run_after=None
[2024-10-18T11:03:45.834+0000] {logging_mixin.py:190} INFO - [2024-10-18T11:03:45.834+0000] {dag.py:4180} INFO - Setting next_dagrun for example_xcom_args_with_operators to None, run_after=None
[2024-10-18T11:03:45.852+0000] {processor.py:208} INFO - Processing /home/airflow/.local/lib/python3.12/site-packages/airflow/example_dags/example_xcomargs.py took 0.074 seconds
[2024-10-18T11:04:16.051+0000] {processor.py:186} INFO - Started process (PID=4734) to work on /home/airflow/.local/lib/python3.12/site-packages/airflow/example_dags/example_xcomargs.py
[2024-10-18T11:04:16.052+0000] {processor.py:914} INFO - Processing file /home/airflow/.local/lib/python3.12/site-packages/airflow/example_dags/example_xcomargs.py for tasks to queue
[2024-10-18T11:04:16.055+0000] {logging_mixin.py:190} INFO - [2024-10-18T11:04:16.054+0000] {dagbag.py:588} INFO - Filling up the DagBag from /home/airflow/.local/lib/python3.12/site-packages/airflow/example_dags/example_xcomargs.py
[2024-10-18T11:04:16.064+0000] {processor.py:925} INFO - DAG(s) 'example_xcom_args_with_operators', 'example_xcom_args' retrieved from /home/airflow/.local/lib/python3.12/site-packages/airflow/example_dags/example_xcomargs.py
[2024-10-18T11:04:16.087+0000] {logging_mixin.py:190} INFO - [2024-10-18T11:04:16.087+0000] {dag.py:3239} INFO - Sync 2 DAGs
[2024-10-18T11:04:16.101+0000] {logging_mixin.py:190} INFO - [2024-10-18T11:04:16.101+0000] {dag.py:4180} INFO - Setting next_dagrun for example_xcom_args to None, run_after=None
[2024-10-18T11:04:16.106+0000] {logging_mixin.py:190} INFO - [2024-10-18T11:04:16.105+0000] {dag.py:4180} INFO - Setting next_dagrun for example_xcom_args_with_operators to None, run_after=None
[2024-10-18T11:04:16.125+0000] {processor.py:208} INFO - Processing /home/airflow/.local/lib/python3.12/site-packages/airflow/example_dags/example_xcomargs.py took 0.078 seconds
[2024-10-18T11:04:46.339+0000] {processor.py:186} INFO - Started process (PID=5020) to work on /home/airflow/.local/lib/python3.12/site-packages/airflow/example_dags/example_xcomargs.py
[2024-10-18T11:04:46.340+0000] {processor.py:914} INFO - Processing file /home/airflow/.local/lib/python3.12/site-packages/airflow/example_dags/example_xcomargs.py for tasks to queue
[2024-10-18T11:04:46.342+0000] {logging_mixin.py:190} INFO - [2024-10-18T11:04:46.342+0000] {dagbag.py:588} INFO - Filling up the DagBag from /home/airflow/.local/lib/python3.12/site-packages/airflow/example_dags/example_xcomargs.py
[2024-10-18T11:04:46.351+0000] {processor.py:925} INFO - DAG(s) 'example_xcom_args_with_operators', 'example_xcom_args' retrieved from /home/airflow/.local/lib/python3.12/site-packages/airflow/example_dags/example_xcomargs.py
[2024-10-18T11:04:46.375+0000] {logging_mixin.py:190} INFO - [2024-10-18T11:04:46.375+0000] {dag.py:3239} INFO - Sync 2 DAGs
[2024-10-18T11:04:46.389+0000] {logging_mixin.py:190} INFO - [2024-10-18T11:04:46.389+0000] {dag.py:4180} INFO - Setting next_dagrun for example_xcom_args to None, run_after=None
[2024-10-18T11:04:46.393+0000] {logging_mixin.py:190} INFO - [2024-10-18T11:04:46.393+0000] {dag.py:4180} INFO - Setting next_dagrun for example_xcom_args_with_operators to None, run_after=None
[2024-10-18T11:04:46.412+0000] {processor.py:208} INFO - Processing /home/airflow/.local/lib/python3.12/site-packages/airflow/example_dags/example_xcomargs.py took 0.078 seconds
[2024-10-18T11:05:16.629+0000] {processor.py:186} INFO - Started process (PID=5306) to work on /home/airflow/.local/lib/python3.12/site-packages/airflow/example_dags/example_xcomargs.py
[2024-10-18T11:05:16.630+0000] {processor.py:914} INFO - Processing file /home/airflow/.local/lib/python3.12/site-packages/airflow/example_dags/example_xcomargs.py for tasks to queue
[2024-10-18T11:05:16.632+0000] {logging_mixin.py:190} INFO - [2024-10-18T11:05:16.632+0000] {dagbag.py:588} INFO - Filling up the DagBag from /home/airflow/.local/lib/python3.12/site-packages/airflow/example_dags/example_xcomargs.py
[2024-10-18T11:05:16.642+0000] {processor.py:925} INFO - DAG(s) 'example_xcom_args_with_operators', 'example_xcom_args' retrieved from /home/airflow/.local/lib/python3.12/site-packages/airflow/example_dags/example_xcomargs.py
[2024-10-18T11:05:16.665+0000] {logging_mixin.py:190} INFO - [2024-10-18T11:05:16.664+0000] {dag.py:3239} INFO - Sync 2 DAGs
[2024-10-18T11:05:16.679+0000] {logging_mixin.py:190} INFO - [2024-10-18T11:05:16.679+0000] {dag.py:4180} INFO - Setting next_dagrun for example_xcom_args to None, run_after=None
[2024-10-18T11:05:16.683+0000] {logging_mixin.py:190} INFO - [2024-10-18T11:05:16.683+0000] {dag.py:4180} INFO - Setting next_dagrun for example_xcom_args_with_operators to None, run_after=None
[2024-10-18T11:05:16.702+0000] {processor.py:208} INFO - Processing /home/airflow/.local/lib/python3.12/site-packages/airflow/example_dags/example_xcomargs.py took 0.077 seconds
[2024-10-18T11:05:46.851+0000] {processor.py:186} INFO - Started process (PID=5592) to work on /home/airflow/.local/lib/python3.12/site-packages/airflow/example_dags/example_xcomargs.py
[2024-10-18T11:05:46.852+0000] {processor.py:914} INFO - Processing file /home/airflow/.local/lib/python3.12/site-packages/airflow/example_dags/example_xcomargs.py for tasks to queue
[2024-10-18T11:05:46.854+0000] {logging_mixin.py:190} INFO - [2024-10-18T11:05:46.853+0000] {dagbag.py:588} INFO - Filling up the DagBag from /home/airflow/.local/lib/python3.12/site-packages/airflow/example_dags/example_xcomargs.py
[2024-10-18T11:05:46.862+0000] {processor.py:925} INFO - DAG(s) 'example_xcom_args_with_operators', 'example_xcom_args' retrieved from /home/airflow/.local/lib/python3.12/site-packages/airflow/example_dags/example_xcomargs.py
[2024-10-18T11:05:46.884+0000] {logging_mixin.py:190} INFO - [2024-10-18T11:05:46.884+0000] {dag.py:3239} INFO - Sync 2 DAGs
[2024-10-18T11:05:46.897+0000] {logging_mixin.py:190} INFO - [2024-10-18T11:05:46.897+0000] {dag.py:4180} INFO - Setting next_dagrun for example_xcom_args to None, run_after=None
[2024-10-18T11:05:46.902+0000] {logging_mixin.py:190} INFO - [2024-10-18T11:05:46.901+0000] {dag.py:4180} INFO - Setting next_dagrun for example_xcom_args_with_operators to None, run_after=None
[2024-10-18T11:05:46.917+0000] {processor.py:208} INFO - Processing /home/airflow/.local/lib/python3.12/site-packages/airflow/example_dags/example_xcomargs.py took 0.072 seconds
[2024-10-18T11:06:17.346+0000] {processor.py:186} INFO - Started process (PID=5878) to work on /home/airflow/.local/lib/python3.12/site-packages/airflow/example_dags/example_xcomargs.py
[2024-10-18T11:06:17.347+0000] {processor.py:914} INFO - Processing file /home/airflow/.local/lib/python3.12/site-packages/airflow/example_dags/example_xcomargs.py for tasks to queue
[2024-10-18T11:06:17.349+0000] {logging_mixin.py:190} INFO - [2024-10-18T11:06:17.349+0000] {dagbag.py:588} INFO - Filling up the DagBag from /home/airflow/.local/lib/python3.12/site-packages/airflow/example_dags/example_xcomargs.py
[2024-10-18T11:06:17.358+0000] {processor.py:925} INFO - DAG(s) 'example_xcom_args_with_operators', 'example_xcom_args' retrieved from /home/airflow/.local/lib/python3.12/site-packages/airflow/example_dags/example_xcomargs.py
[2024-10-18T11:06:17.381+0000] {logging_mixin.py:190} INFO - [2024-10-18T11:06:17.381+0000] {dag.py:3239} INFO - Sync 2 DAGs
[2024-10-18T11:06:17.396+0000] {logging_mixin.py:190} INFO - [2024-10-18T11:06:17.395+0000] {dag.py:4180} INFO - Setting next_dagrun for example_xcom_args to None, run_after=None
[2024-10-18T11:06:17.400+0000] {logging_mixin.py:190} INFO - [2024-10-18T11:06:17.400+0000] {dag.py:4180} INFO - Setting next_dagrun for example_xcom_args_with_operators to None, run_after=None
[2024-10-18T11:06:17.418+0000] {processor.py:208} INFO - Processing /home/airflow/.local/lib/python3.12/site-packages/airflow/example_dags/example_xcomargs.py took 0.077 seconds
[2024-10-18T11:06:47.756+0000] {processor.py:186} INFO - Started process (PID=6164) to work on /home/airflow/.local/lib/python3.12/site-packages/airflow/example_dags/example_xcomargs.py
[2024-10-18T11:06:47.757+0000] {processor.py:914} INFO - Processing file /home/airflow/.local/lib/python3.12/site-packages/airflow/example_dags/example_xcomargs.py for tasks to queue
[2024-10-18T11:06:47.759+0000] {logging_mixin.py:190} INFO - [2024-10-18T11:06:47.759+0000] {dagbag.py:588} INFO - Filling up the DagBag from /home/airflow/.local/lib/python3.12/site-packages/airflow/example_dags/example_xcomargs.py
[2024-10-18T11:06:47.768+0000] {processor.py:925} INFO - DAG(s) 'example_xcom_args', 'example_xcom_args_with_operators' retrieved from /home/airflow/.local/lib/python3.12/site-packages/airflow/example_dags/example_xcomargs.py
[2024-10-18T11:06:47.791+0000] {logging_mixin.py:190} INFO - [2024-10-18T11:06:47.790+0000] {dag.py:3239} INFO - Sync 2 DAGs
[2024-10-18T11:06:47.804+0000] {logging_mixin.py:190} INFO - [2024-10-18T11:06:47.804+0000] {dag.py:4180} INFO - Setting next_dagrun for example_xcom_args to None, run_after=None
[2024-10-18T11:06:47.808+0000] {logging_mixin.py:190} INFO - [2024-10-18T11:06:47.808+0000] {dag.py:4180} INFO - Setting next_dagrun for example_xcom_args_with_operators to None, run_after=None
[2024-10-18T11:06:47.825+0000] {processor.py:208} INFO - Processing /home/airflow/.local/lib/python3.12/site-packages/airflow/example_dags/example_xcomargs.py took 0.074 seconds
[2024-10-18T11:07:17.919+0000] {processor.py:186} INFO - Started process (PID=6450) to work on /home/airflow/.local/lib/python3.12/site-packages/airflow/example_dags/example_xcomargs.py
[2024-10-18T11:07:17.920+0000] {processor.py:914} INFO - Processing file /home/airflow/.local/lib/python3.12/site-packages/airflow/example_dags/example_xcomargs.py for tasks to queue
[2024-10-18T11:07:17.922+0000] {logging_mixin.py:190} INFO - [2024-10-18T11:07:17.921+0000] {dagbag.py:588} INFO - Filling up the DagBag from /home/airflow/.local/lib/python3.12/site-packages/airflow/example_dags/example_xcomargs.py
[2024-10-18T11:07:17.931+0000] {processor.py:925} INFO - DAG(s) 'example_xcom_args', 'example_xcom_args_with_operators' retrieved from /home/airflow/.local/lib/python3.12/site-packages/airflow/example_dags/example_xcomargs.py
[2024-10-18T11:07:17.952+0000] {logging_mixin.py:190} INFO - [2024-10-18T11:07:17.952+0000] {dag.py:3239} INFO - Sync 2 DAGs
[2024-10-18T11:07:17.967+0000] {logging_mixin.py:190} INFO - [2024-10-18T11:07:17.966+0000] {dag.py:4180} INFO - Setting next_dagrun for example_xcom_args to None, run_after=None
[2024-10-18T11:07:17.971+0000] {logging_mixin.py:190} INFO - [2024-10-18T11:07:17.970+0000] {dag.py:4180} INFO - Setting next_dagrun for example_xcom_args_with_operators to None, run_after=None
[2024-10-18T11:07:17.987+0000] {processor.py:208} INFO - Processing /home/airflow/.local/lib/python3.12/site-packages/airflow/example_dags/example_xcomargs.py took 0.074 seconds
[2024-10-18T11:07:48.403+0000] {processor.py:186} INFO - Started process (PID=6736) to work on /home/airflow/.local/lib/python3.12/site-packages/airflow/example_dags/example_xcomargs.py
[2024-10-18T11:07:48.404+0000] {processor.py:914} INFO - Processing file /home/airflow/.local/lib/python3.12/site-packages/airflow/example_dags/example_xcomargs.py for tasks to queue
[2024-10-18T11:07:48.407+0000] {logging_mixin.py:190} INFO - [2024-10-18T11:07:48.406+0000] {dagbag.py:588} INFO - Filling up the DagBag from /home/airflow/.local/lib/python3.12/site-packages/airflow/example_dags/example_xcomargs.py
[2024-10-18T11:07:48.416+0000] {processor.py:925} INFO - DAG(s) 'example_xcom_args', 'example_xcom_args_with_operators' retrieved from /home/airflow/.local/lib/python3.12/site-packages/airflow/example_dags/example_xcomargs.py
[2024-10-18T11:07:48.439+0000] {logging_mixin.py:190} INFO - [2024-10-18T11:07:48.438+0000] {dag.py:3239} INFO - Sync 2 DAGs
[2024-10-18T11:07:48.454+0000] {logging_mixin.py:190} INFO - [2024-10-18T11:07:48.453+0000] {dag.py:4180} INFO - Setting next_dagrun for example_xcom_args to None, run_after=None
[2024-10-18T11:07:48.458+0000] {logging_mixin.py:190} INFO - [2024-10-18T11:07:48.458+0000] {dag.py:4180} INFO - Setting next_dagrun for example_xcom_args_with_operators to None, run_after=None
[2024-10-18T11:07:48.477+0000] {processor.py:208} INFO - Processing /home/airflow/.local/lib/python3.12/site-packages/airflow/example_dags/example_xcomargs.py took 0.079 seconds
[2024-10-18T11:08:18.523+0000] {processor.py:186} INFO - Started process (PID=7022) to work on /home/airflow/.local/lib/python3.12/site-packages/airflow/example_dags/example_xcomargs.py
[2024-10-18T11:08:18.524+0000] {processor.py:914} INFO - Processing file /home/airflow/.local/lib/python3.12/site-packages/airflow/example_dags/example_xcomargs.py for tasks to queue
[2024-10-18T11:08:18.526+0000] {logging_mixin.py:190} INFO - [2024-10-18T11:08:18.525+0000] {dagbag.py:588} INFO - Filling up the DagBag from /home/airflow/.local/lib/python3.12/site-packages/airflow/example_dags/example_xcomargs.py
[2024-10-18T11:08:18.535+0000] {processor.py:925} INFO - DAG(s) 'example_xcom_args', 'example_xcom_args_with_operators' retrieved from /home/airflow/.local/lib/python3.12/site-packages/airflow/example_dags/example_xcomargs.py
[2024-10-18T11:08:18.557+0000] {logging_mixin.py:190} INFO - [2024-10-18T11:08:18.557+0000] {dag.py:3239} INFO - Sync 2 DAGs
[2024-10-18T11:08:18.570+0000] {logging_mixin.py:190} INFO - [2024-10-18T11:08:18.570+0000] {dag.py:4180} INFO - Setting next_dagrun for example_xcom_args to None, run_after=None
[2024-10-18T11:08:18.574+0000] {logging_mixin.py:190} INFO - [2024-10-18T11:08:18.574+0000] {dag.py:4180} INFO - Setting next_dagrun for example_xcom_args_with_operators to None, run_after=None
[2024-10-18T11:08:18.590+0000] {processor.py:208} INFO - Processing /home/airflow/.local/lib/python3.12/site-packages/airflow/example_dags/example_xcomargs.py took 0.073 seconds
[2024-10-18T11:08:48.846+0000] {processor.py:186} INFO - Started process (PID=7308) to work on /home/airflow/.local/lib/python3.12/site-packages/airflow/example_dags/example_xcomargs.py
[2024-10-18T11:08:48.847+0000] {processor.py:914} INFO - Processing file /home/airflow/.local/lib/python3.12/site-packages/airflow/example_dags/example_xcomargs.py for tasks to queue
[2024-10-18T11:08:48.849+0000] {logging_mixin.py:190} INFO - [2024-10-18T11:08:48.849+0000] {dagbag.py:588} INFO - Filling up the DagBag from /home/airflow/.local/lib/python3.12/site-packages/airflow/example_dags/example_xcomargs.py
[2024-10-18T11:08:48.858+0000] {processor.py:925} INFO - DAG(s) 'example_xcom_args_with_operators', 'example_xcom_args' retrieved from /home/airflow/.local/lib/python3.12/site-packages/airflow/example_dags/example_xcomargs.py
[2024-10-18T11:08:48.879+0000] {logging_mixin.py:190} INFO - [2024-10-18T11:08:48.879+0000] {dag.py:3239} INFO - Sync 2 DAGs
[2024-10-18T11:08:48.893+0000] {logging_mixin.py:190} INFO - [2024-10-18T11:08:48.893+0000] {dag.py:4180} INFO - Setting next_dagrun for example_xcom_args to None, run_after=None
[2024-10-18T11:08:48.897+0000] {logging_mixin.py:190} INFO - [2024-10-18T11:08:48.897+0000] {dag.py:4180} INFO - Setting next_dagrun for example_xcom_args_with_operators to None, run_after=None
[2024-10-18T11:08:48.914+0000] {processor.py:208} INFO - Processing /home/airflow/.local/lib/python3.12/site-packages/airflow/example_dags/example_xcomargs.py took 0.073 seconds
[2024-10-18T11:09:19.083+0000] {processor.py:186} INFO - Started process (PID=7594) to work on /home/airflow/.local/lib/python3.12/site-packages/airflow/example_dags/example_xcomargs.py
[2024-10-18T11:09:19.084+0000] {processor.py:914} INFO - Processing file /home/airflow/.local/lib/python3.12/site-packages/airflow/example_dags/example_xcomargs.py for tasks to queue
[2024-10-18T11:09:19.086+0000] {logging_mixin.py:190} INFO - [2024-10-18T11:09:19.086+0000] {dagbag.py:588} INFO - Filling up the DagBag from /home/airflow/.local/lib/python3.12/site-packages/airflow/example_dags/example_xcomargs.py
[2024-10-18T11:09:19.095+0000] {processor.py:925} INFO - DAG(s) 'example_xcom_args_with_operators', 'example_xcom_args' retrieved from /home/airflow/.local/lib/python3.12/site-packages/airflow/example_dags/example_xcomargs.py
[2024-10-18T11:09:19.119+0000] {logging_mixin.py:190} INFO - [2024-10-18T11:09:19.119+0000] {dag.py:3239} INFO - Sync 2 DAGs
[2024-10-18T11:09:19.133+0000] {logging_mixin.py:190} INFO - [2024-10-18T11:09:19.133+0000] {dag.py:4180} INFO - Setting next_dagrun for example_xcom_args to None, run_after=None
[2024-10-18T11:09:19.137+0000] {logging_mixin.py:190} INFO - [2024-10-18T11:09:19.137+0000] {dag.py:4180} INFO - Setting next_dagrun for example_xcom_args_with_operators to None, run_after=None
[2024-10-18T11:09:19.169+0000] {processor.py:208} INFO - Processing /home/airflow/.local/lib/python3.12/site-packages/airflow/example_dags/example_xcomargs.py took 0.091 seconds
[2024-10-18T11:09:49.452+0000] {processor.py:186} INFO - Started process (PID=7880) to work on /home/airflow/.local/lib/python3.12/site-packages/airflow/example_dags/example_xcomargs.py
[2024-10-18T11:09:49.453+0000] {processor.py:914} INFO - Processing file /home/airflow/.local/lib/python3.12/site-packages/airflow/example_dags/example_xcomargs.py for tasks to queue
[2024-10-18T11:09:49.455+0000] {logging_mixin.py:190} INFO - [2024-10-18T11:09:49.455+0000] {dagbag.py:588} INFO - Filling up the DagBag from /home/airflow/.local/lib/python3.12/site-packages/airflow/example_dags/example_xcomargs.py
[2024-10-18T11:09:49.464+0000] {processor.py:925} INFO - DAG(s) 'example_xcom_args_with_operators', 'example_xcom_args' retrieved from /home/airflow/.local/lib/python3.12/site-packages/airflow/example_dags/example_xcomargs.py
[2024-10-18T11:09:49.487+0000] {logging_mixin.py:190} INFO - [2024-10-18T11:09:49.487+0000] {dag.py:3239} INFO - Sync 2 DAGs
[2024-10-18T11:09:49.501+0000] {logging_mixin.py:190} INFO - [2024-10-18T11:09:49.501+0000] {dag.py:4180} INFO - Setting next_dagrun for example_xcom_args to None, run_after=None
[2024-10-18T11:09:49.506+0000] {logging_mixin.py:190} INFO - [2024-10-18T11:09:49.505+0000] {dag.py:4180} INFO - Setting next_dagrun for example_xcom_args_with_operators to None, run_after=None
[2024-10-18T11:09:49.526+0000] {processor.py:208} INFO - Processing /home/airflow/.local/lib/python3.12/site-packages/airflow/example_dags/example_xcomargs.py took 0.078 seconds
[2024-10-18T11:10:19.904+0000] {processor.py:186} INFO - Started process (PID=8166) to work on /home/airflow/.local/lib/python3.12/site-packages/airflow/example_dags/example_xcomargs.py
[2024-10-18T11:10:19.905+0000] {processor.py:914} INFO - Processing file /home/airflow/.local/lib/python3.12/site-packages/airflow/example_dags/example_xcomargs.py for tasks to queue
[2024-10-18T11:10:19.907+0000] {logging_mixin.py:190} INFO - [2024-10-18T11:10:19.907+0000] {dagbag.py:588} INFO - Filling up the DagBag from /home/airflow/.local/lib/python3.12/site-packages/airflow/example_dags/example_xcomargs.py
[2024-10-18T11:10:19.916+0000] {processor.py:925} INFO - DAG(s) 'example_xcom_args_with_operators', 'example_xcom_args' retrieved from /home/airflow/.local/lib/python3.12/site-packages/airflow/example_dags/example_xcomargs.py
[2024-10-18T11:10:19.940+0000] {logging_mixin.py:190} INFO - [2024-10-18T11:10:19.939+0000] {dag.py:3239} INFO - Sync 2 DAGs
[2024-10-18T11:10:19.955+0000] {logging_mixin.py:190} INFO - [2024-10-18T11:10:19.954+0000] {dag.py:4180} INFO - Setting next_dagrun for example_xcom_args to None, run_after=None
[2024-10-18T11:10:19.959+0000] {logging_mixin.py:190} INFO - [2024-10-18T11:10:19.959+0000] {dag.py:4180} INFO - Setting next_dagrun for example_xcom_args_with_operators to None, run_after=None
[2024-10-18T11:10:19.980+0000] {processor.py:208} INFO - Processing /home/airflow/.local/lib/python3.12/site-packages/airflow/example_dags/example_xcomargs.py took 0.082 seconds
[2024-10-18T11:10:50.045+0000] {processor.py:186} INFO - Started process (PID=8452) to work on /home/airflow/.local/lib/python3.12/site-packages/airflow/example_dags/example_xcomargs.py
[2024-10-18T11:10:50.047+0000] {processor.py:914} INFO - Processing file /home/airflow/.local/lib/python3.12/site-packages/airflow/example_dags/example_xcomargs.py for tasks to queue
[2024-10-18T11:10:50.056+0000] {logging_mixin.py:190} INFO - [2024-10-18T11:10:50.056+0000] {dagbag.py:588} INFO - Filling up the DagBag from /home/airflow/.local/lib/python3.12/site-packages/airflow/example_dags/example_xcomargs.py
[2024-10-18T11:10:50.075+0000] {processor.py:925} INFO - DAG(s) 'example_xcom_args_with_operators', 'example_xcom_args' retrieved from /home/airflow/.local/lib/python3.12/site-packages/airflow/example_dags/example_xcomargs.py
[2024-10-18T11:10:50.130+0000] {logging_mixin.py:190} INFO - [2024-10-18T11:10:50.130+0000] {dag.py:3239} INFO - Sync 2 DAGs
[2024-10-18T11:10:50.163+0000] {logging_mixin.py:190} INFO - [2024-10-18T11:10:50.163+0000] {dag.py:4180} INFO - Setting next_dagrun for example_xcom_args to None, run_after=None
[2024-10-18T11:10:50.175+0000] {logging_mixin.py:190} INFO - [2024-10-18T11:10:50.174+0000] {dag.py:4180} INFO - Setting next_dagrun for example_xcom_args_with_operators to None, run_after=None
[2024-10-18T11:10:50.212+0000] {processor.py:208} INFO - Processing /home/airflow/.local/lib/python3.12/site-packages/airflow/example_dags/example_xcomargs.py took 0.175 seconds
[2024-10-18T11:11:20.504+0000] {processor.py:186} INFO - Started process (PID=8738) to work on /home/airflow/.local/lib/python3.12/site-packages/airflow/example_dags/example_xcomargs.py
[2024-10-18T11:11:20.505+0000] {processor.py:914} INFO - Processing file /home/airflow/.local/lib/python3.12/site-packages/airflow/example_dags/example_xcomargs.py for tasks to queue
[2024-10-18T11:11:20.508+0000] {logging_mixin.py:190} INFO - [2024-10-18T11:11:20.508+0000] {dagbag.py:588} INFO - Filling up the DagBag from /home/airflow/.local/lib/python3.12/site-packages/airflow/example_dags/example_xcomargs.py
[2024-10-18T11:11:20.527+0000] {processor.py:925} INFO - DAG(s) 'example_xcom_args', 'example_xcom_args_with_operators' retrieved from /home/airflow/.local/lib/python3.12/site-packages/airflow/example_dags/example_xcomargs.py
[2024-10-18T11:11:20.564+0000] {logging_mixin.py:190} INFO - [2024-10-18T11:11:20.563+0000] {dag.py:3239} INFO - Sync 2 DAGs
[2024-10-18T11:11:20.577+0000] {logging_mixin.py:190} INFO - [2024-10-18T11:11:20.577+0000] {dag.py:4180} INFO - Setting next_dagrun for example_xcom_args to None, run_after=None
[2024-10-18T11:11:20.582+0000] {logging_mixin.py:190} INFO - [2024-10-18T11:11:20.582+0000] {dag.py:4180} INFO - Setting next_dagrun for example_xcom_args_with_operators to None, run_after=None
[2024-10-18T11:11:20.605+0000] {processor.py:208} INFO - Processing /home/airflow/.local/lib/python3.12/site-packages/airflow/example_dags/example_xcomargs.py took 0.110 seconds
[2024-10-18T11:11:50.959+0000] {processor.py:186} INFO - Started process (PID=9027) to work on /home/airflow/.local/lib/python3.12/site-packages/airflow/example_dags/example_xcomargs.py
[2024-10-18T11:11:50.960+0000] {processor.py:914} INFO - Processing file /home/airflow/.local/lib/python3.12/site-packages/airflow/example_dags/example_xcomargs.py for tasks to queue
[2024-10-18T11:11:50.963+0000] {logging_mixin.py:190} INFO - [2024-10-18T11:11:50.962+0000] {dagbag.py:588} INFO - Filling up the DagBag from /home/airflow/.local/lib/python3.12/site-packages/airflow/example_dags/example_xcomargs.py
[2024-10-18T11:11:50.973+0000] {processor.py:925} INFO - DAG(s) 'example_xcom_args', 'example_xcom_args_with_operators' retrieved from /home/airflow/.local/lib/python3.12/site-packages/airflow/example_dags/example_xcomargs.py
[2024-10-18T11:11:51.000+0000] {logging_mixin.py:190} INFO - [2024-10-18T11:11:51.000+0000] {dag.py:3239} INFO - Sync 2 DAGs
[2024-10-18T11:11:51.017+0000] {logging_mixin.py:190} INFO - [2024-10-18T11:11:51.016+0000] {dag.py:4180} INFO - Setting next_dagrun for example_xcom_args to None, run_after=None
[2024-10-18T11:11:51.021+0000] {logging_mixin.py:190} INFO - [2024-10-18T11:11:51.021+0000] {dag.py:4180} INFO - Setting next_dagrun for example_xcom_args_with_operators to None, run_after=None
[2024-10-18T11:11:51.039+0000] {processor.py:208} INFO - Processing /home/airflow/.local/lib/python3.12/site-packages/airflow/example_dags/example_xcomargs.py took 0.085 seconds
[2024-10-18T11:12:21.497+0000] {processor.py:186} INFO - Started process (PID=9313) to work on /home/airflow/.local/lib/python3.12/site-packages/airflow/example_dags/example_xcomargs.py
[2024-10-18T11:12:21.499+0000] {processor.py:914} INFO - Processing file /home/airflow/.local/lib/python3.12/site-packages/airflow/example_dags/example_xcomargs.py for tasks to queue
[2024-10-18T11:12:21.502+0000] {logging_mixin.py:190} INFO - [2024-10-18T11:12:21.501+0000] {dagbag.py:588} INFO - Filling up the DagBag from /home/airflow/.local/lib/python3.12/site-packages/airflow/example_dags/example_xcomargs.py
[2024-10-18T11:12:21.512+0000] {processor.py:925} INFO - DAG(s) 'example_xcom_args', 'example_xcom_args_with_operators' retrieved from /home/airflow/.local/lib/python3.12/site-packages/airflow/example_dags/example_xcomargs.py
[2024-10-18T11:12:21.540+0000] {logging_mixin.py:190} INFO - [2024-10-18T11:12:21.540+0000] {dag.py:3239} INFO - Sync 2 DAGs
[2024-10-18T11:12:21.558+0000] {logging_mixin.py:190} INFO - [2024-10-18T11:12:21.558+0000] {dag.py:4180} INFO - Setting next_dagrun for example_xcom_args to None, run_after=None
[2024-10-18T11:12:21.564+0000] {logging_mixin.py:190} INFO - [2024-10-18T11:12:21.563+0000] {dag.py:4180} INFO - Setting next_dagrun for example_xcom_args_with_operators to None, run_after=None
[2024-10-18T11:12:21.584+0000] {processor.py:208} INFO - Processing /home/airflow/.local/lib/python3.12/site-packages/airflow/example_dags/example_xcomargs.py took 0.095 seconds
[2024-10-18T11:12:52.157+0000] {processor.py:186} INFO - Started process (PID=9600) to work on /home/airflow/.local/lib/python3.12/site-packages/airflow/example_dags/example_xcomargs.py
[2024-10-18T11:12:52.158+0000] {processor.py:914} INFO - Processing file /home/airflow/.local/lib/python3.12/site-packages/airflow/example_dags/example_xcomargs.py for tasks to queue
[2024-10-18T11:12:52.161+0000] {logging_mixin.py:190} INFO - [2024-10-18T11:12:52.160+0000] {dagbag.py:588} INFO - Filling up the DagBag from /home/airflow/.local/lib/python3.12/site-packages/airflow/example_dags/example_xcomargs.py
[2024-10-18T11:12:52.171+0000] {processor.py:925} INFO - DAG(s) 'example_xcom_args', 'example_xcom_args_with_operators' retrieved from /home/airflow/.local/lib/python3.12/site-packages/airflow/example_dags/example_xcomargs.py
[2024-10-18T11:12:52.195+0000] {logging_mixin.py:190} INFO - [2024-10-18T11:12:52.195+0000] {dag.py:3239} INFO - Sync 2 DAGs
[2024-10-18T11:12:52.210+0000] {logging_mixin.py:190} INFO - [2024-10-18T11:12:52.210+0000] {dag.py:4180} INFO - Setting next_dagrun for example_xcom_args to None, run_after=None
[2024-10-18T11:12:52.215+0000] {logging_mixin.py:190} INFO - [2024-10-18T11:12:52.215+0000] {dag.py:4180} INFO - Setting next_dagrun for example_xcom_args_with_operators to None, run_after=None
[2024-10-18T11:12:52.235+0000] {processor.py:208} INFO - Processing /home/airflow/.local/lib/python3.12/site-packages/airflow/example_dags/example_xcomargs.py took 0.084 seconds
[2024-10-18T11:13:22.330+0000] {processor.py:186} INFO - Started process (PID=9886) to work on /home/airflow/.local/lib/python3.12/site-packages/airflow/example_dags/example_xcomargs.py
[2024-10-18T11:13:22.331+0000] {processor.py:914} INFO - Processing file /home/airflow/.local/lib/python3.12/site-packages/airflow/example_dags/example_xcomargs.py for tasks to queue
[2024-10-18T11:13:22.333+0000] {logging_mixin.py:190} INFO - [2024-10-18T11:13:22.333+0000] {dagbag.py:588} INFO - Filling up the DagBag from /home/airflow/.local/lib/python3.12/site-packages/airflow/example_dags/example_xcomargs.py
[2024-10-18T11:13:22.342+0000] {processor.py:925} INFO - DAG(s) 'example_xcom_args_with_operators', 'example_xcom_args' retrieved from /home/airflow/.local/lib/python3.12/site-packages/airflow/example_dags/example_xcomargs.py
[2024-10-18T11:13:22.367+0000] {logging_mixin.py:190} INFO - [2024-10-18T11:13:22.366+0000] {dag.py:3239} INFO - Sync 2 DAGs
[2024-10-18T11:13:22.382+0000] {logging_mixin.py:190} INFO - [2024-10-18T11:13:22.382+0000] {dag.py:4180} INFO - Setting next_dagrun for example_xcom_args to None, run_after=None
[2024-10-18T11:13:22.386+0000] {logging_mixin.py:190} INFO - [2024-10-18T11:13:22.386+0000] {dag.py:4180} INFO - Setting next_dagrun for example_xcom_args_with_operators to None, run_after=None
[2024-10-18T11:13:22.406+0000] {processor.py:208} INFO - Processing /home/airflow/.local/lib/python3.12/site-packages/airflow/example_dags/example_xcomargs.py took 0.081 seconds
[2024-10-18T11:13:53.067+0000] {processor.py:186} INFO - Started process (PID=10172) to work on /home/airflow/.local/lib/python3.12/site-packages/airflow/example_dags/example_xcomargs.py
[2024-10-18T11:13:53.068+0000] {processor.py:914} INFO - Processing file /home/airflow/.local/lib/python3.12/site-packages/airflow/example_dags/example_xcomargs.py for tasks to queue
[2024-10-18T11:13:53.072+0000] {logging_mixin.py:190} INFO - [2024-10-18T11:13:53.072+0000] {dagbag.py:588} INFO - Filling up the DagBag from /home/airflow/.local/lib/python3.12/site-packages/airflow/example_dags/example_xcomargs.py
[2024-10-18T11:13:53.088+0000] {processor.py:925} INFO - DAG(s) 'example_xcom_args', 'example_xcom_args_with_operators' retrieved from /home/airflow/.local/lib/python3.12/site-packages/airflow/example_dags/example_xcomargs.py
[2024-10-18T11:13:53.132+0000] {logging_mixin.py:190} INFO - [2024-10-18T11:13:53.132+0000] {dag.py:3239} INFO - Sync 2 DAGs
[2024-10-18T11:13:53.160+0000] {logging_mixin.py:190} INFO - [2024-10-18T11:13:53.159+0000] {dag.py:4180} INFO - Setting next_dagrun for example_xcom_args to None, run_after=None
[2024-10-18T11:13:53.167+0000] {logging_mixin.py:190} INFO - [2024-10-18T11:13:53.167+0000] {dag.py:4180} INFO - Setting next_dagrun for example_xcom_args_with_operators to None, run_after=None
[2024-10-18T11:13:53.198+0000] {processor.py:208} INFO - Processing /home/airflow/.local/lib/python3.12/site-packages/airflow/example_dags/example_xcomargs.py took 0.141 seconds
[2024-10-18T11:14:23.949+0000] {processor.py:186} INFO - Started process (PID=10477) to work on /home/airflow/.local/lib/python3.12/site-packages/airflow/example_dags/example_xcomargs.py
[2024-10-18T11:14:23.950+0000] {processor.py:914} INFO - Processing file /home/airflow/.local/lib/python3.12/site-packages/airflow/example_dags/example_xcomargs.py for tasks to queue
[2024-10-18T11:14:23.953+0000] {logging_mixin.py:190} INFO - [2024-10-18T11:14:23.952+0000] {dagbag.py:588} INFO - Filling up the DagBag from /home/airflow/.local/lib/python3.12/site-packages/airflow/example_dags/example_xcomargs.py
[2024-10-18T11:14:23.963+0000] {processor.py:925} INFO - DAG(s) 'example_xcom_args_with_operators', 'example_xcom_args' retrieved from /home/airflow/.local/lib/python3.12/site-packages/airflow/example_dags/example_xcomargs.py
[2024-10-18T11:14:23.989+0000] {logging_mixin.py:190} INFO - [2024-10-18T11:14:23.989+0000] {dag.py:3239} INFO - Sync 2 DAGs
[2024-10-18T11:14:24.006+0000] {logging_mixin.py:190} INFO - [2024-10-18T11:14:24.005+0000] {dag.py:4180} INFO - Setting next_dagrun for example_xcom_args to None, run_after=None
[2024-10-18T11:14:24.011+0000] {logging_mixin.py:190} INFO - [2024-10-18T11:14:24.011+0000] {dag.py:4180} INFO - Setting next_dagrun for example_xcom_args_with_operators to None, run_after=None
[2024-10-18T11:14:24.037+0000] {processor.py:208} INFO - Processing /home/airflow/.local/lib/python3.12/site-packages/airflow/example_dags/example_xcomargs.py took 0.094 seconds
[2024-10-18T11:14:55.350+0000] {processor.py:186} INFO - Started process (PID=10779) to work on /home/airflow/.local/lib/python3.12/site-packages/airflow/example_dags/example_xcomargs.py
[2024-10-18T11:14:55.351+0000] {processor.py:914} INFO - Processing file /home/airflow/.local/lib/python3.12/site-packages/airflow/example_dags/example_xcomargs.py for tasks to queue
[2024-10-18T11:14:55.356+0000] {logging_mixin.py:190} INFO - [2024-10-18T11:14:55.355+0000] {dagbag.py:588} INFO - Filling up the DagBag from /home/airflow/.local/lib/python3.12/site-packages/airflow/example_dags/example_xcomargs.py
[2024-10-18T11:14:55.376+0000] {processor.py:925} INFO - DAG(s) 'example_xcom_args', 'example_xcom_args_with_operators' retrieved from /home/airflow/.local/lib/python3.12/site-packages/airflow/example_dags/example_xcomargs.py
[2024-10-18T11:14:55.423+0000] {logging_mixin.py:190} INFO - [2024-10-18T11:14:55.423+0000] {dag.py:3239} INFO - Sync 2 DAGs
[2024-10-18T11:14:55.459+0000] {logging_mixin.py:190} INFO - [2024-10-18T11:14:55.458+0000] {dag.py:4180} INFO - Setting next_dagrun for example_xcom_args to None, run_after=None
[2024-10-18T11:14:55.469+0000] {logging_mixin.py:190} INFO - [2024-10-18T11:14:55.469+0000] {dag.py:4180} INFO - Setting next_dagrun for example_xcom_args_with_operators to None, run_after=None
[2024-10-18T11:14:55.505+0000] {processor.py:208} INFO - Processing /home/airflow/.local/lib/python3.12/site-packages/airflow/example_dags/example_xcomargs.py took 0.167 seconds
[2024-10-18T11:15:26.313+0000] {processor.py:186} INFO - Started process (PID=11065) to work on /home/airflow/.local/lib/python3.12/site-packages/airflow/example_dags/example_xcomargs.py
[2024-10-18T11:15:26.315+0000] {processor.py:914} INFO - Processing file /home/airflow/.local/lib/python3.12/site-packages/airflow/example_dags/example_xcomargs.py for tasks to queue
[2024-10-18T11:15:26.319+0000] {logging_mixin.py:190} INFO - [2024-10-18T11:15:26.319+0000] {dagbag.py:588} INFO - Filling up the DagBag from /home/airflow/.local/lib/python3.12/site-packages/airflow/example_dags/example_xcomargs.py
[2024-10-18T11:15:26.339+0000] {processor.py:925} INFO - DAG(s) 'example_xcom_args', 'example_xcom_args_with_operators' retrieved from /home/airflow/.local/lib/python3.12/site-packages/airflow/example_dags/example_xcomargs.py
[2024-10-18T11:15:26.382+0000] {logging_mixin.py:190} INFO - [2024-10-18T11:15:26.382+0000] {dag.py:3239} INFO - Sync 2 DAGs
[2024-10-18T11:15:26.406+0000] {logging_mixin.py:190} INFO - [2024-10-18T11:15:26.406+0000] {dag.py:4180} INFO - Setting next_dagrun for example_xcom_args to None, run_after=None
[2024-10-18T11:15:26.412+0000] {logging_mixin.py:190} INFO - [2024-10-18T11:15:26.412+0000] {dag.py:4180} INFO - Setting next_dagrun for example_xcom_args_with_operators to None, run_after=None
[2024-10-18T11:15:26.445+0000] {processor.py:208} INFO - Processing /home/airflow/.local/lib/python3.12/site-packages/airflow/example_dags/example_xcomargs.py took 0.139 seconds
[2024-10-18T11:15:56.558+0000] {processor.py:186} INFO - Started process (PID=11347) to work on /home/airflow/.local/lib/python3.12/site-packages/airflow/example_dags/example_xcomargs.py
[2024-10-18T11:15:56.559+0000] {processor.py:914} INFO - Processing file /home/airflow/.local/lib/python3.12/site-packages/airflow/example_dags/example_xcomargs.py for tasks to queue
[2024-10-18T11:15:56.561+0000] {logging_mixin.py:190} INFO - [2024-10-18T11:15:56.561+0000] {dagbag.py:588} INFO - Filling up the DagBag from /home/airflow/.local/lib/python3.12/site-packages/airflow/example_dags/example_xcomargs.py
[2024-10-18T11:15:56.573+0000] {processor.py:925} INFO - DAG(s) 'example_xcom_args', 'example_xcom_args_with_operators' retrieved from /home/airflow/.local/lib/python3.12/site-packages/airflow/example_dags/example_xcomargs.py
[2024-10-18T11:15:56.601+0000] {logging_mixin.py:190} INFO - [2024-10-18T11:15:56.600+0000] {dag.py:3239} INFO - Sync 2 DAGs
[2024-10-18T11:15:56.620+0000] {logging_mixin.py:190} INFO - [2024-10-18T11:15:56.620+0000] {dag.py:4180} INFO - Setting next_dagrun for example_xcom_args to None, run_after=None
[2024-10-18T11:15:56.625+0000] {logging_mixin.py:190} INFO - [2024-10-18T11:15:56.625+0000] {dag.py:4180} INFO - Setting next_dagrun for example_xcom_args_with_operators to None, run_after=None
[2024-10-18T11:15:56.648+0000] {processor.py:208} INFO - Processing /home/airflow/.local/lib/python3.12/site-packages/airflow/example_dags/example_xcomargs.py took 0.098 seconds
[2024-10-18T11:16:26.854+0000] {processor.py:186} INFO - Started process (PID=11633) to work on /home/airflow/.local/lib/python3.12/site-packages/airflow/example_dags/example_xcomargs.py
[2024-10-18T11:16:26.855+0000] {processor.py:914} INFO - Processing file /home/airflow/.local/lib/python3.12/site-packages/airflow/example_dags/example_xcomargs.py for tasks to queue
[2024-10-18T11:16:26.858+0000] {logging_mixin.py:190} INFO - [2024-10-18T11:16:26.858+0000] {dagbag.py:588} INFO - Filling up the DagBag from /home/airflow/.local/lib/python3.12/site-packages/airflow/example_dags/example_xcomargs.py
[2024-10-18T11:16:26.871+0000] {processor.py:925} INFO - DAG(s) 'example_xcom_args', 'example_xcom_args_with_operators' retrieved from /home/airflow/.local/lib/python3.12/site-packages/airflow/example_dags/example_xcomargs.py
[2024-10-18T11:16:26.900+0000] {logging_mixin.py:190} INFO - [2024-10-18T11:16:26.900+0000] {dag.py:3239} INFO - Sync 2 DAGs
[2024-10-18T11:16:26.920+0000] {logging_mixin.py:190} INFO - [2024-10-18T11:16:26.920+0000] {dag.py:4180} INFO - Setting next_dagrun for example_xcom_args to None, run_after=None
[2024-10-18T11:16:26.925+0000] {logging_mixin.py:190} INFO - [2024-10-18T11:16:26.925+0000] {dag.py:4180} INFO - Setting next_dagrun for example_xcom_args_with_operators to None, run_after=None
[2024-10-18T11:16:26.950+0000] {processor.py:208} INFO - Processing /home/airflow/.local/lib/python3.12/site-packages/airflow/example_dags/example_xcomargs.py took 0.104 seconds
[2024-10-18T11:16:58.073+0000] {processor.py:186} INFO - Started process (PID=11956) to work on /home/airflow/.local/lib/python3.12/site-packages/airflow/example_dags/example_xcomargs.py
[2024-10-18T11:16:58.074+0000] {processor.py:914} INFO - Processing file /home/airflow/.local/lib/python3.12/site-packages/airflow/example_dags/example_xcomargs.py for tasks to queue
[2024-10-18T11:16:58.078+0000] {logging_mixin.py:190} INFO - [2024-10-18T11:16:58.078+0000] {dagbag.py:588} INFO - Filling up the DagBag from /home/airflow/.local/lib/python3.12/site-packages/airflow/example_dags/example_xcomargs.py
[2024-10-18T11:16:58.097+0000] {processor.py:925} INFO - DAG(s) 'example_xcom_args_with_operators', 'example_xcom_args' retrieved from /home/airflow/.local/lib/python3.12/site-packages/airflow/example_dags/example_xcomargs.py
[2024-10-18T11:16:58.131+0000] {logging_mixin.py:190} INFO - [2024-10-18T11:16:58.131+0000] {dag.py:3239} INFO - Sync 2 DAGs
[2024-10-18T11:16:58.161+0000] {logging_mixin.py:190} INFO - [2024-10-18T11:16:58.160+0000] {dag.py:4180} INFO - Setting next_dagrun for example_xcom_args to None, run_after=None
[2024-10-18T11:16:58.168+0000] {logging_mixin.py:190} INFO - [2024-10-18T11:16:58.167+0000] {dag.py:4180} INFO - Setting next_dagrun for example_xcom_args_with_operators to None, run_after=None
[2024-10-18T11:16:58.200+0000] {processor.py:208} INFO - Processing /home/airflow/.local/lib/python3.12/site-packages/airflow/example_dags/example_xcomargs.py took 0.136 seconds
[2024-10-18T11:17:29.361+0000] {processor.py:186} INFO - Started process (PID=12242) to work on /home/airflow/.local/lib/python3.12/site-packages/airflow/example_dags/example_xcomargs.py
[2024-10-18T11:17:29.363+0000] {processor.py:914} INFO - Processing file /home/airflow/.local/lib/python3.12/site-packages/airflow/example_dags/example_xcomargs.py for tasks to queue
[2024-10-18T11:17:29.368+0000] {logging_mixin.py:190} INFO - [2024-10-18T11:17:29.367+0000] {dagbag.py:588} INFO - Filling up the DagBag from /home/airflow/.local/lib/python3.12/site-packages/airflow/example_dags/example_xcomargs.py
[2024-10-18T11:17:29.399+0000] {processor.py:925} INFO - DAG(s) 'example_xcom_args', 'example_xcom_args_with_operators' retrieved from /home/airflow/.local/lib/python3.12/site-packages/airflow/example_dags/example_xcomargs.py
[2024-10-18T11:17:29.467+0000] {logging_mixin.py:190} INFO - [2024-10-18T11:17:29.467+0000] {dag.py:3239} INFO - Sync 2 DAGs
[2024-10-18T11:17:29.514+0000] {logging_mixin.py:190} INFO - [2024-10-18T11:17:29.513+0000] {dag.py:4180} INFO - Setting next_dagrun for example_xcom_args to None, run_after=None
[2024-10-18T11:17:29.528+0000] {logging_mixin.py:190} INFO - [2024-10-18T11:17:29.527+0000] {dag.py:4180} INFO - Setting next_dagrun for example_xcom_args_with_operators to None, run_after=None
[2024-10-18T11:17:29.577+0000] {processor.py:208} INFO - Processing /home/airflow/.local/lib/python3.12/site-packages/airflow/example_dags/example_xcomargs.py took 0.227 seconds
[2024-10-18T11:18:01.855+0000] {processor.py:186} INFO - Started process (PID=12528) to work on /home/airflow/.local/lib/python3.12/site-packages/airflow/example_dags/example_xcomargs.py
[2024-10-18T11:18:01.856+0000] {processor.py:914} INFO - Processing file /home/airflow/.local/lib/python3.12/site-packages/airflow/example_dags/example_xcomargs.py for tasks to queue
[2024-10-18T11:18:01.863+0000] {logging_mixin.py:190} INFO - [2024-10-18T11:18:01.860+0000] {dagbag.py:588} INFO - Filling up the DagBag from /home/airflow/.local/lib/python3.12/site-packages/airflow/example_dags/example_xcomargs.py
[2024-10-18T11:18:01.891+0000] {processor.py:925} INFO - DAG(s) 'example_xcom_args_with_operators', 'example_xcom_args' retrieved from /home/airflow/.local/lib/python3.12/site-packages/airflow/example_dags/example_xcomargs.py
[2024-10-18T11:18:01.999+0000] {logging_mixin.py:190} INFO - [2024-10-18T11:18:01.997+0000] {dag.py:3239} INFO - Sync 2 DAGs
[2024-10-18T11:18:02.072+0000] {logging_mixin.py:190} INFO - [2024-10-18T11:18:02.072+0000] {dag.py:4180} INFO - Setting next_dagrun for example_xcom_args to None, run_after=None
[2024-10-18T11:18:02.101+0000] {logging_mixin.py:190} INFO - [2024-10-18T11:18:02.100+0000] {dag.py:4180} INFO - Setting next_dagrun for example_xcom_args_with_operators to None, run_after=None
[2024-10-18T11:18:02.176+0000] {processor.py:208} INFO - Processing /home/airflow/.local/lib/python3.12/site-packages/airflow/example_dags/example_xcomargs.py took 0.336 seconds
[2024-10-18T11:18:32.395+0000] {processor.py:186} INFO - Started process (PID=12816) to work on /home/airflow/.local/lib/python3.12/site-packages/airflow/example_dags/example_xcomargs.py
[2024-10-18T11:18:32.397+0000] {processor.py:914} INFO - Processing file /home/airflow/.local/lib/python3.12/site-packages/airflow/example_dags/example_xcomargs.py for tasks to queue
[2024-10-18T11:18:32.400+0000] {logging_mixin.py:190} INFO - [2024-10-18T11:18:32.400+0000] {dagbag.py:588} INFO - Filling up the DagBag from /home/airflow/.local/lib/python3.12/site-packages/airflow/example_dags/example_xcomargs.py
[2024-10-18T11:18:32.428+0000] {processor.py:925} INFO - DAG(s) 'example_xcom_args_with_operators', 'example_xcom_args' retrieved from /home/airflow/.local/lib/python3.12/site-packages/airflow/example_dags/example_xcomargs.py
[2024-10-18T11:18:32.480+0000] {logging_mixin.py:190} INFO - [2024-10-18T11:18:32.480+0000] {dag.py:3239} INFO - Sync 2 DAGs
[2024-10-18T11:18:32.510+0000] {logging_mixin.py:190} INFO - [2024-10-18T11:18:32.509+0000] {dag.py:4180} INFO - Setting next_dagrun for example_xcom_args to None, run_after=None
[2024-10-18T11:18:32.515+0000] {logging_mixin.py:190} INFO - [2024-10-18T11:18:32.515+0000] {dag.py:4180} INFO - Setting next_dagrun for example_xcom_args_with_operators to None, run_after=None
[2024-10-18T11:18:32.559+0000] {processor.py:208} INFO - Processing /home/airflow/.local/lib/python3.12/site-packages/airflow/example_dags/example_xcomargs.py took 0.181 seconds
[2024-10-18T11:19:02.836+0000] {processor.py:186} INFO - Started process (PID=13101) to work on /home/airflow/.local/lib/python3.12/site-packages/airflow/example_dags/example_xcomargs.py
[2024-10-18T11:19:02.839+0000] {processor.py:914} INFO - Processing file /home/airflow/.local/lib/python3.12/site-packages/airflow/example_dags/example_xcomargs.py for tasks to queue
[2024-10-18T11:19:02.844+0000] {logging_mixin.py:190} INFO - [2024-10-18T11:19:02.843+0000] {dagbag.py:588} INFO - Filling up the DagBag from /home/airflow/.local/lib/python3.12/site-packages/airflow/example_dags/example_xcomargs.py
[2024-10-18T11:19:02.865+0000] {processor.py:925} INFO - DAG(s) 'example_xcom_args', 'example_xcom_args_with_operators' retrieved from /home/airflow/.local/lib/python3.12/site-packages/airflow/example_dags/example_xcomargs.py
[2024-10-18T11:19:02.902+0000] {logging_mixin.py:190} INFO - [2024-10-18T11:19:02.902+0000] {dag.py:3239} INFO - Sync 2 DAGs
[2024-10-18T11:19:02.937+0000] {logging_mixin.py:190} INFO - [2024-10-18T11:19:02.936+0000] {dag.py:4180} INFO - Setting next_dagrun for example_xcom_args to None, run_after=None
[2024-10-18T11:19:02.946+0000] {logging_mixin.py:190} INFO - [2024-10-18T11:19:02.945+0000] {dag.py:4180} INFO - Setting next_dagrun for example_xcom_args_with_operators to None, run_after=None
[2024-10-18T11:19:02.979+0000] {processor.py:208} INFO - Processing /home/airflow/.local/lib/python3.12/site-packages/airflow/example_dags/example_xcomargs.py took 0.151 seconds
[2024-10-18T11:19:33.990+0000] {processor.py:186} INFO - Started process (PID=13387) to work on /home/airflow/.local/lib/python3.12/site-packages/airflow/example_dags/example_xcomargs.py
[2024-10-18T11:19:33.992+0000] {processor.py:914} INFO - Processing file /home/airflow/.local/lib/python3.12/site-packages/airflow/example_dags/example_xcomargs.py for tasks to queue
[2024-10-18T11:19:33.995+0000] {logging_mixin.py:190} INFO - [2024-10-18T11:19:33.994+0000] {dagbag.py:588} INFO - Filling up the DagBag from /home/airflow/.local/lib/python3.12/site-packages/airflow/example_dags/example_xcomargs.py
[2024-10-18T11:19:34.007+0000] {processor.py:925} INFO - DAG(s) 'example_xcom_args', 'example_xcom_args_with_operators' retrieved from /home/airflow/.local/lib/python3.12/site-packages/airflow/example_dags/example_xcomargs.py
[2024-10-18T11:19:34.037+0000] {logging_mixin.py:190} INFO - [2024-10-18T11:19:34.037+0000] {dag.py:3239} INFO - Sync 2 DAGs
[2024-10-18T11:19:34.059+0000] {logging_mixin.py:190} INFO - [2024-10-18T11:19:34.059+0000] {dag.py:4180} INFO - Setting next_dagrun for example_xcom_args to None, run_after=None
[2024-10-18T11:19:34.065+0000] {logging_mixin.py:190} INFO - [2024-10-18T11:19:34.064+0000] {dag.py:4180} INFO - Setting next_dagrun for example_xcom_args_with_operators to None, run_after=None
[2024-10-18T11:19:34.087+0000] {processor.py:208} INFO - Processing /home/airflow/.local/lib/python3.12/site-packages/airflow/example_dags/example_xcomargs.py took 0.104 seconds
[2024-10-18T11:20:04.461+0000] {processor.py:186} INFO - Started process (PID=13675) to work on /home/airflow/.local/lib/python3.12/site-packages/airflow/example_dags/example_xcomargs.py
[2024-10-18T11:20:04.462+0000] {processor.py:914} INFO - Processing file /home/airflow/.local/lib/python3.12/site-packages/airflow/example_dags/example_xcomargs.py for tasks to queue
[2024-10-18T11:20:04.466+0000] {logging_mixin.py:190} INFO - [2024-10-18T11:20:04.466+0000] {dagbag.py:588} INFO - Filling up the DagBag from /home/airflow/.local/lib/python3.12/site-packages/airflow/example_dags/example_xcomargs.py
[2024-10-18T11:20:04.485+0000] {processor.py:925} INFO - DAG(s) 'example_xcom_args_with_operators', 'example_xcom_args' retrieved from /home/airflow/.local/lib/python3.12/site-packages/airflow/example_dags/example_xcomargs.py
[2024-10-18T11:20:04.525+0000] {logging_mixin.py:190} INFO - [2024-10-18T11:20:04.524+0000] {dag.py:3239} INFO - Sync 2 DAGs
[2024-10-18T11:20:04.551+0000] {logging_mixin.py:190} INFO - [2024-10-18T11:20:04.551+0000] {dag.py:4180} INFO - Setting next_dagrun for example_xcom_args to None, run_after=None
[2024-10-18T11:20:04.558+0000] {logging_mixin.py:190} INFO - [2024-10-18T11:20:04.558+0000] {dag.py:4180} INFO - Setting next_dagrun for example_xcom_args_with_operators to None, run_after=None
[2024-10-18T11:20:04.589+0000] {processor.py:208} INFO - Processing /home/airflow/.local/lib/python3.12/site-packages/airflow/example_dags/example_xcomargs.py took 0.140 seconds
[2024-10-18T11:20:35.846+0000] {processor.py:186} INFO - Started process (PID=13960) to work on /home/airflow/.local/lib/python3.12/site-packages/airflow/example_dags/example_xcomargs.py
[2024-10-18T11:20:35.868+0000] {processor.py:914} INFO - Processing file /home/airflow/.local/lib/python3.12/site-packages/airflow/example_dags/example_xcomargs.py for tasks to queue
[2024-10-18T11:20:35.881+0000] {logging_mixin.py:190} INFO - [2024-10-18T11:20:35.880+0000] {dagbag.py:588} INFO - Filling up the DagBag from /home/airflow/.local/lib/python3.12/site-packages/airflow/example_dags/example_xcomargs.py
[2024-10-18T11:20:35.925+0000] {processor.py:925} INFO - DAG(s) 'example_xcom_args_with_operators', 'example_xcom_args' retrieved from /home/airflow/.local/lib/python3.12/site-packages/airflow/example_dags/example_xcomargs.py
[2024-10-18T11:20:36.047+0000] {logging_mixin.py:190} INFO - [2024-10-18T11:20:36.046+0000] {dag.py:3239} INFO - Sync 2 DAGs
[2024-10-18T11:20:36.111+0000] {logging_mixin.py:190} INFO - [2024-10-18T11:20:36.111+0000] {dag.py:4180} INFO - Setting next_dagrun for example_xcom_args to None, run_after=None
[2024-10-18T11:20:36.129+0000] {logging_mixin.py:190} INFO - [2024-10-18T11:20:36.128+0000] {dag.py:4180} INFO - Setting next_dagrun for example_xcom_args_with_operators to None, run_after=None
[2024-10-18T11:20:36.206+0000] {processor.py:208} INFO - Processing /home/airflow/.local/lib/python3.12/site-packages/airflow/example_dags/example_xcomargs.py took 0.400 seconds
[2024-10-18T11:21:06.850+0000] {processor.py:186} INFO - Started process (PID=14246) to work on /home/airflow/.local/lib/python3.12/site-packages/airflow/example_dags/example_xcomargs.py
[2024-10-18T11:21:06.851+0000] {processor.py:914} INFO - Processing file /home/airflow/.local/lib/python3.12/site-packages/airflow/example_dags/example_xcomargs.py for tasks to queue
[2024-10-18T11:21:06.854+0000] {logging_mixin.py:190} INFO - [2024-10-18T11:21:06.854+0000] {dagbag.py:588} INFO - Filling up the DagBag from /home/airflow/.local/lib/python3.12/site-packages/airflow/example_dags/example_xcomargs.py
[2024-10-18T11:21:06.871+0000] {processor.py:925} INFO - DAG(s) 'example_xcom_args_with_operators', 'example_xcom_args' retrieved from /home/airflow/.local/lib/python3.12/site-packages/airflow/example_dags/example_xcomargs.py
[2024-10-18T11:21:06.901+0000] {logging_mixin.py:190} INFO - [2024-10-18T11:21:06.900+0000] {dag.py:3239} INFO - Sync 2 DAGs
[2024-10-18T11:21:06.926+0000] {logging_mixin.py:190} INFO - [2024-10-18T11:21:06.925+0000] {dag.py:4180} INFO - Setting next_dagrun for example_xcom_args to None, run_after=None
[2024-10-18T11:21:06.931+0000] {logging_mixin.py:190} INFO - [2024-10-18T11:21:06.931+0000] {dag.py:4180} INFO - Setting next_dagrun for example_xcom_args_with_operators to None, run_after=None
[2024-10-18T11:21:06.959+0000] {processor.py:208} INFO - Processing /home/airflow/.local/lib/python3.12/site-packages/airflow/example_dags/example_xcomargs.py took 0.116 seconds
