[2024-10-18T10:56:21.531+0000] {processor.py:186} INFO - Started process (PID=195) to work on /home/airflow/.local/lib/python3.12/site-packages/airflow/example_dags/example_skip_dag.py
[2024-10-18T10:56:21.533+0000] {processor.py:914} INFO - Processing file /home/airflow/.local/lib/python3.12/site-packages/airflow/example_dags/example_skip_dag.py for tasks to queue
[2024-10-18T10:56:21.536+0000] {logging_mixin.py:190} INFO - [2024-10-18T10:56:21.536+0000] {dagbag.py:588} INFO - Filling up the DagBag from /home/airflow/.local/lib/python3.12/site-packages/airflow/example_dags/example_skip_dag.py
[2024-10-18T10:56:21.566+0000] {processor.py:925} INFO - DAG(s) 'example_skip_dag' retrieved from /home/airflow/.local/lib/python3.12/site-packages/airflow/example_dags/example_skip_dag.py
[2024-10-18T10:56:21.899+0000] {logging_mixin.py:190} INFO - [2024-10-18T10:56:21.899+0000] {override.py:1900} INFO - Created Permission View: can delete on DAG:example_skip_dag
[2024-10-18T10:56:21.914+0000] {logging_mixin.py:190} INFO - [2024-10-18T10:56:21.914+0000] {override.py:1900} INFO - Created Permission View: can edit on DAG:example_skip_dag
[2024-10-18T10:56:21.923+0000] {logging_mixin.py:190} INFO - [2024-10-18T10:56:21.922+0000] {override.py:1900} INFO - Created Permission View: can read on DAG:example_skip_dag
[2024-10-18T10:56:21.934+0000] {logging_mixin.py:190} INFO - [2024-10-18T10:56:21.934+0000] {override.py:1900} INFO - Created Permission View: can delete on DAG Run:example_skip_dag
[2024-10-18T10:56:21.942+0000] {logging_mixin.py:190} INFO - [2024-10-18T10:56:21.942+0000] {override.py:1900} INFO - Created Permission View: menu access on DAG Run:example_skip_dag
[2024-10-18T10:56:21.953+0000] {logging_mixin.py:190} INFO - [2024-10-18T10:56:21.952+0000] {override.py:1900} INFO - Created Permission View: can read on DAG Run:example_skip_dag
[2024-10-18T10:56:21.962+0000] {logging_mixin.py:190} INFO - [2024-10-18T10:56:21.961+0000] {override.py:1900} INFO - Created Permission View: can create on DAG Run:example_skip_dag
[2024-10-18T10:56:21.963+0000] {logging_mixin.py:190} INFO - [2024-10-18T10:56:21.962+0000] {dag.py:3239} INFO - Sync 1 DAGs
[2024-10-18T10:56:21.979+0000] {logging_mixin.py:190} INFO - [2024-10-18T10:56:21.979+0000] {dag.py:3262} INFO - Creating ORM DAG for example_skip_dag
[2024-10-18T10:56:21.997+0000] {logging_mixin.py:190} INFO - [2024-10-18T10:56:21.997+0000] {dag.py:4180} INFO - Setting next_dagrun for example_skip_dag to 2024-10-17 00:00:00+00:00, run_after=2024-10-18 00:00:00+00:00
[2024-10-18T10:56:22.022+0000] {processor.py:208} INFO - Processing /home/airflow/.local/lib/python3.12/site-packages/airflow/example_dags/example_skip_dag.py took 0.501 seconds
[2024-10-18T10:56:52.253+0000] {processor.py:186} INFO - Started process (PID=481) to work on /home/airflow/.local/lib/python3.12/site-packages/airflow/example_dags/example_skip_dag.py
[2024-10-18T10:56:52.270+0000] {processor.py:914} INFO - Processing file /home/airflow/.local/lib/python3.12/site-packages/airflow/example_dags/example_skip_dag.py for tasks to queue
[2024-10-18T10:56:52.298+0000] {logging_mixin.py:190} INFO - [2024-10-18T10:56:52.297+0000] {dagbag.py:588} INFO - Filling up the DagBag from /home/airflow/.local/lib/python3.12/site-packages/airflow/example_dags/example_skip_dag.py
[2024-10-18T10:56:52.338+0000] {processor.py:925} INFO - DAG(s) 'example_skip_dag' retrieved from /home/airflow/.local/lib/python3.12/site-packages/airflow/example_dags/example_skip_dag.py
[2024-10-18T10:56:52.473+0000] {logging_mixin.py:190} INFO - [2024-10-18T10:56:52.472+0000] {dag.py:3239} INFO - Sync 1 DAGs
[2024-10-18T10:56:52.589+0000] {logging_mixin.py:190} INFO - [2024-10-18T10:56:52.588+0000] {dag.py:4180} INFO - Setting next_dagrun for example_skip_dag to 2024-10-17 00:00:00+00:00, run_after=2024-10-18 00:00:00+00:00
[2024-10-18T10:56:52.738+0000] {processor.py:208} INFO - Processing /home/airflow/.local/lib/python3.12/site-packages/airflow/example_dags/example_skip_dag.py took 0.523 seconds
[2024-10-18T10:57:23.545+0000] {processor.py:186} INFO - Started process (PID=773) to work on /home/airflow/.local/lib/python3.12/site-packages/airflow/example_dags/example_skip_dag.py
[2024-10-18T10:57:23.551+0000] {processor.py:914} INFO - Processing file /home/airflow/.local/lib/python3.12/site-packages/airflow/example_dags/example_skip_dag.py for tasks to queue
[2024-10-18T10:57:23.557+0000] {logging_mixin.py:190} INFO - [2024-10-18T10:57:23.555+0000] {dagbag.py:588} INFO - Filling up the DagBag from /home/airflow/.local/lib/python3.12/site-packages/airflow/example_dags/example_skip_dag.py
[2024-10-18T10:57:23.577+0000] {processor.py:925} INFO - DAG(s) 'example_skip_dag' retrieved from /home/airflow/.local/lib/python3.12/site-packages/airflow/example_dags/example_skip_dag.py
[2024-10-18T10:57:23.640+0000] {logging_mixin.py:190} INFO - [2024-10-18T10:57:23.640+0000] {dag.py:3239} INFO - Sync 1 DAGs
[2024-10-18T10:57:23.709+0000] {logging_mixin.py:190} INFO - [2024-10-18T10:57:23.709+0000] {dag.py:4180} INFO - Setting next_dagrun for example_skip_dag to 2024-10-17 00:00:00+00:00, run_after=2024-10-18 00:00:00+00:00
[2024-10-18T10:57:23.761+0000] {processor.py:208} INFO - Processing /home/airflow/.local/lib/python3.12/site-packages/airflow/example_dags/example_skip_dag.py took 0.232 seconds
[2024-10-18T10:57:53.894+0000] {processor.py:186} INFO - Started process (PID=1059) to work on /home/airflow/.local/lib/python3.12/site-packages/airflow/example_dags/example_skip_dag.py
[2024-10-18T10:57:53.895+0000] {processor.py:914} INFO - Processing file /home/airflow/.local/lib/python3.12/site-packages/airflow/example_dags/example_skip_dag.py for tasks to queue
[2024-10-18T10:57:53.898+0000] {logging_mixin.py:190} INFO - [2024-10-18T10:57:53.898+0000] {dagbag.py:588} INFO - Filling up the DagBag from /home/airflow/.local/lib/python3.12/site-packages/airflow/example_dags/example_skip_dag.py
[2024-10-18T10:57:53.906+0000] {processor.py:925} INFO - DAG(s) 'example_skip_dag' retrieved from /home/airflow/.local/lib/python3.12/site-packages/airflow/example_dags/example_skip_dag.py
[2024-10-18T10:57:53.930+0000] {logging_mixin.py:190} INFO - [2024-10-18T10:57:53.930+0000] {dag.py:3239} INFO - Sync 1 DAGs
[2024-10-18T10:57:53.958+0000] {logging_mixin.py:190} INFO - [2024-10-18T10:57:53.957+0000] {dag.py:4180} INFO - Setting next_dagrun for example_skip_dag to 2024-10-17 00:00:00+00:00, run_after=2024-10-18 00:00:00+00:00
[2024-10-18T10:57:53.983+0000] {processor.py:208} INFO - Processing /home/airflow/.local/lib/python3.12/site-packages/airflow/example_dags/example_skip_dag.py took 0.096 seconds
[2024-10-18T10:58:24.464+0000] {processor.py:186} INFO - Started process (PID=1354) to work on /home/airflow/.local/lib/python3.12/site-packages/airflow/example_dags/example_skip_dag.py
[2024-10-18T10:58:24.465+0000] {processor.py:914} INFO - Processing file /home/airflow/.local/lib/python3.12/site-packages/airflow/example_dags/example_skip_dag.py for tasks to queue
[2024-10-18T10:58:24.467+0000] {logging_mixin.py:190} INFO - [2024-10-18T10:58:24.467+0000] {dagbag.py:588} INFO - Filling up the DagBag from /home/airflow/.local/lib/python3.12/site-packages/airflow/example_dags/example_skip_dag.py
[2024-10-18T10:58:24.474+0000] {processor.py:925} INFO - DAG(s) 'example_skip_dag' retrieved from /home/airflow/.local/lib/python3.12/site-packages/airflow/example_dags/example_skip_dag.py
[2024-10-18T10:58:24.495+0000] {logging_mixin.py:190} INFO - [2024-10-18T10:58:24.495+0000] {dag.py:3239} INFO - Sync 1 DAGs
[2024-10-18T10:58:24.519+0000] {logging_mixin.py:190} INFO - [2024-10-18T10:58:24.518+0000] {dag.py:4180} INFO - Setting next_dagrun for example_skip_dag to 2024-10-17 00:00:00+00:00, run_after=2024-10-18 00:00:00+00:00
[2024-10-18T10:58:24.537+0000] {processor.py:208} INFO - Processing /home/airflow/.local/lib/python3.12/site-packages/airflow/example_dags/example_skip_dag.py took 0.078 seconds
[2024-10-18T10:58:54.890+0000] {processor.py:186} INFO - Started process (PID=1639) to work on /home/airflow/.local/lib/python3.12/site-packages/airflow/example_dags/example_skip_dag.py
[2024-10-18T10:58:54.891+0000] {processor.py:914} INFO - Processing file /home/airflow/.local/lib/python3.12/site-packages/airflow/example_dags/example_skip_dag.py for tasks to queue
[2024-10-18T10:58:54.893+0000] {logging_mixin.py:190} INFO - [2024-10-18T10:58:54.893+0000] {dagbag.py:588} INFO - Filling up the DagBag from /home/airflow/.local/lib/python3.12/site-packages/airflow/example_dags/example_skip_dag.py
[2024-10-18T10:58:54.900+0000] {processor.py:925} INFO - DAG(s) 'example_skip_dag' retrieved from /home/airflow/.local/lib/python3.12/site-packages/airflow/example_dags/example_skip_dag.py
[2024-10-18T10:58:54.922+0000] {logging_mixin.py:190} INFO - [2024-10-18T10:58:54.922+0000] {dag.py:3239} INFO - Sync 1 DAGs
[2024-10-18T10:58:54.948+0000] {logging_mixin.py:190} INFO - [2024-10-18T10:58:54.948+0000] {dag.py:4180} INFO - Setting next_dagrun for example_skip_dag to 2024-10-17 00:00:00+00:00, run_after=2024-10-18 00:00:00+00:00
[2024-10-18T10:58:54.966+0000] {processor.py:208} INFO - Processing /home/airflow/.local/lib/python3.12/site-packages/airflow/example_dags/example_skip_dag.py took 0.081 seconds
[2024-10-18T10:59:25.478+0000] {processor.py:186} INFO - Started process (PID=1925) to work on /home/airflow/.local/lib/python3.12/site-packages/airflow/example_dags/example_skip_dag.py
[2024-10-18T10:59:25.479+0000] {processor.py:914} INFO - Processing file /home/airflow/.local/lib/python3.12/site-packages/airflow/example_dags/example_skip_dag.py for tasks to queue
[2024-10-18T10:59:25.482+0000] {logging_mixin.py:190} INFO - [2024-10-18T10:59:25.481+0000] {dagbag.py:588} INFO - Filling up the DagBag from /home/airflow/.local/lib/python3.12/site-packages/airflow/example_dags/example_skip_dag.py
[2024-10-18T10:59:25.489+0000] {processor.py:925} INFO - DAG(s) 'example_skip_dag' retrieved from /home/airflow/.local/lib/python3.12/site-packages/airflow/example_dags/example_skip_dag.py
[2024-10-18T10:59:25.509+0000] {logging_mixin.py:190} INFO - [2024-10-18T10:59:25.509+0000] {dag.py:3239} INFO - Sync 1 DAGs
[2024-10-18T10:59:25.534+0000] {logging_mixin.py:190} INFO - [2024-10-18T10:59:25.534+0000] {dag.py:4180} INFO - Setting next_dagrun for example_skip_dag to 2024-10-17 00:00:00+00:00, run_after=2024-10-18 00:00:00+00:00
[2024-10-18T10:59:25.555+0000] {processor.py:208} INFO - Processing /home/airflow/.local/lib/python3.12/site-packages/airflow/example_dags/example_skip_dag.py took 0.082 seconds
[2024-10-18T10:59:55.779+0000] {processor.py:186} INFO - Started process (PID=2211) to work on /home/airflow/.local/lib/python3.12/site-packages/airflow/example_dags/example_skip_dag.py
[2024-10-18T10:59:55.780+0000] {processor.py:914} INFO - Processing file /home/airflow/.local/lib/python3.12/site-packages/airflow/example_dags/example_skip_dag.py for tasks to queue
[2024-10-18T10:59:55.782+0000] {logging_mixin.py:190} INFO - [2024-10-18T10:59:55.782+0000] {dagbag.py:588} INFO - Filling up the DagBag from /home/airflow/.local/lib/python3.12/site-packages/airflow/example_dags/example_skip_dag.py
[2024-10-18T10:59:55.791+0000] {processor.py:925} INFO - DAG(s) 'example_skip_dag' retrieved from /home/airflow/.local/lib/python3.12/site-packages/airflow/example_dags/example_skip_dag.py
[2024-10-18T10:59:55.811+0000] {logging_mixin.py:190} INFO - [2024-10-18T10:59:55.811+0000] {dag.py:3239} INFO - Sync 1 DAGs
[2024-10-18T10:59:55.835+0000] {logging_mixin.py:190} INFO - [2024-10-18T10:59:55.834+0000] {dag.py:4180} INFO - Setting next_dagrun for example_skip_dag to 2024-10-17 00:00:00+00:00, run_after=2024-10-18 00:00:00+00:00
[2024-10-18T10:59:55.854+0000] {processor.py:208} INFO - Processing /home/airflow/.local/lib/python3.12/site-packages/airflow/example_dags/example_skip_dag.py took 0.080 seconds
[2024-10-18T11:00:26.173+0000] {processor.py:186} INFO - Started process (PID=2497) to work on /home/airflow/.local/lib/python3.12/site-packages/airflow/example_dags/example_skip_dag.py
[2024-10-18T11:00:26.174+0000] {processor.py:914} INFO - Processing file /home/airflow/.local/lib/python3.12/site-packages/airflow/example_dags/example_skip_dag.py for tasks to queue
[2024-10-18T11:00:26.176+0000] {logging_mixin.py:190} INFO - [2024-10-18T11:00:26.176+0000] {dagbag.py:588} INFO - Filling up the DagBag from /home/airflow/.local/lib/python3.12/site-packages/airflow/example_dags/example_skip_dag.py
[2024-10-18T11:00:26.183+0000] {processor.py:925} INFO - DAG(s) 'example_skip_dag' retrieved from /home/airflow/.local/lib/python3.12/site-packages/airflow/example_dags/example_skip_dag.py
[2024-10-18T11:00:26.203+0000] {logging_mixin.py:190} INFO - [2024-10-18T11:00:26.203+0000] {dag.py:3239} INFO - Sync 1 DAGs
[2024-10-18T11:00:26.226+0000] {logging_mixin.py:190} INFO - [2024-10-18T11:00:26.226+0000] {dag.py:4180} INFO - Setting next_dagrun for example_skip_dag to 2024-10-17 00:00:00+00:00, run_after=2024-10-18 00:00:00+00:00
[2024-10-18T11:00:26.247+0000] {processor.py:208} INFO - Processing /home/airflow/.local/lib/python3.12/site-packages/airflow/example_dags/example_skip_dag.py took 0.079 seconds
[2024-10-18T11:00:56.688+0000] {processor.py:186} INFO - Started process (PID=2783) to work on /home/airflow/.local/lib/python3.12/site-packages/airflow/example_dags/example_skip_dag.py
[2024-10-18T11:00:56.689+0000] {processor.py:914} INFO - Processing file /home/airflow/.local/lib/python3.12/site-packages/airflow/example_dags/example_skip_dag.py for tasks to queue
[2024-10-18T11:00:56.692+0000] {logging_mixin.py:190} INFO - [2024-10-18T11:00:56.691+0000] {dagbag.py:588} INFO - Filling up the DagBag from /home/airflow/.local/lib/python3.12/site-packages/airflow/example_dags/example_skip_dag.py
[2024-10-18T11:00:56.698+0000] {processor.py:925} INFO - DAG(s) 'example_skip_dag' retrieved from /home/airflow/.local/lib/python3.12/site-packages/airflow/example_dags/example_skip_dag.py
[2024-10-18T11:00:56.718+0000] {logging_mixin.py:190} INFO - [2024-10-18T11:00:56.718+0000] {dag.py:3239} INFO - Sync 1 DAGs
[2024-10-18T11:00:56.740+0000] {logging_mixin.py:190} INFO - [2024-10-18T11:00:56.739+0000] {dag.py:4180} INFO - Setting next_dagrun for example_skip_dag to 2024-10-17 00:00:00+00:00, run_after=2024-10-18 00:00:00+00:00
[2024-10-18T11:00:56.760+0000] {processor.py:208} INFO - Processing /home/airflow/.local/lib/python3.12/site-packages/airflow/example_dags/example_skip_dag.py took 0.077 seconds
[2024-10-18T11:01:27.150+0000] {processor.py:186} INFO - Started process (PID=3069) to work on /home/airflow/.local/lib/python3.12/site-packages/airflow/example_dags/example_skip_dag.py
[2024-10-18T11:01:27.151+0000] {processor.py:914} INFO - Processing file /home/airflow/.local/lib/python3.12/site-packages/airflow/example_dags/example_skip_dag.py for tasks to queue
[2024-10-18T11:01:27.153+0000] {logging_mixin.py:190} INFO - [2024-10-18T11:01:27.153+0000] {dagbag.py:588} INFO - Filling up the DagBag from /home/airflow/.local/lib/python3.12/site-packages/airflow/example_dags/example_skip_dag.py
[2024-10-18T11:01:27.160+0000] {processor.py:925} INFO - DAG(s) 'example_skip_dag' retrieved from /home/airflow/.local/lib/python3.12/site-packages/airflow/example_dags/example_skip_dag.py
[2024-10-18T11:01:27.181+0000] {logging_mixin.py:190} INFO - [2024-10-18T11:01:27.181+0000] {dag.py:3239} INFO - Sync 1 DAGs
[2024-10-18T11:01:27.204+0000] {logging_mixin.py:190} INFO - [2024-10-18T11:01:27.204+0000] {dag.py:4180} INFO - Setting next_dagrun for example_skip_dag to 2024-10-17 00:00:00+00:00, run_after=2024-10-18 00:00:00+00:00
[2024-10-18T11:01:27.225+0000] {processor.py:208} INFO - Processing /home/airflow/.local/lib/python3.12/site-packages/airflow/example_dags/example_skip_dag.py took 0.080 seconds
[2024-10-18T11:01:57.667+0000] {processor.py:186} INFO - Started process (PID=3355) to work on /home/airflow/.local/lib/python3.12/site-packages/airflow/example_dags/example_skip_dag.py
[2024-10-18T11:01:57.668+0000] {processor.py:914} INFO - Processing file /home/airflow/.local/lib/python3.12/site-packages/airflow/example_dags/example_skip_dag.py for tasks to queue
[2024-10-18T11:01:57.670+0000] {logging_mixin.py:190} INFO - [2024-10-18T11:01:57.669+0000] {dagbag.py:588} INFO - Filling up the DagBag from /home/airflow/.local/lib/python3.12/site-packages/airflow/example_dags/example_skip_dag.py
[2024-10-18T11:01:57.676+0000] {processor.py:925} INFO - DAG(s) 'example_skip_dag' retrieved from /home/airflow/.local/lib/python3.12/site-packages/airflow/example_dags/example_skip_dag.py
[2024-10-18T11:01:57.696+0000] {logging_mixin.py:190} INFO - [2024-10-18T11:01:57.695+0000] {dag.py:3239} INFO - Sync 1 DAGs
[2024-10-18T11:01:57.719+0000] {logging_mixin.py:190} INFO - [2024-10-18T11:01:57.719+0000] {dag.py:4180} INFO - Setting next_dagrun for example_skip_dag to 2024-10-17 00:00:00+00:00, run_after=2024-10-18 00:00:00+00:00
[2024-10-18T11:01:57.737+0000] {processor.py:208} INFO - Processing /home/airflow/.local/lib/python3.12/site-packages/airflow/example_dags/example_skip_dag.py took 0.076 seconds
[2024-10-18T11:02:28.143+0000] {processor.py:186} INFO - Started process (PID=3641) to work on /home/airflow/.local/lib/python3.12/site-packages/airflow/example_dags/example_skip_dag.py
[2024-10-18T11:02:28.144+0000] {processor.py:914} INFO - Processing file /home/airflow/.local/lib/python3.12/site-packages/airflow/example_dags/example_skip_dag.py for tasks to queue
[2024-10-18T11:02:28.146+0000] {logging_mixin.py:190} INFO - [2024-10-18T11:02:28.146+0000] {dagbag.py:588} INFO - Filling up the DagBag from /home/airflow/.local/lib/python3.12/site-packages/airflow/example_dags/example_skip_dag.py
[2024-10-18T11:02:28.153+0000] {processor.py:925} INFO - DAG(s) 'example_skip_dag' retrieved from /home/airflow/.local/lib/python3.12/site-packages/airflow/example_dags/example_skip_dag.py
[2024-10-18T11:02:28.173+0000] {logging_mixin.py:190} INFO - [2024-10-18T11:02:28.173+0000] {dag.py:3239} INFO - Sync 1 DAGs
[2024-10-18T11:02:28.195+0000] {logging_mixin.py:190} INFO - [2024-10-18T11:02:28.195+0000] {dag.py:4180} INFO - Setting next_dagrun for example_skip_dag to 2024-10-17 00:00:00+00:00, run_after=2024-10-18 00:00:00+00:00
[2024-10-18T11:02:28.215+0000] {processor.py:208} INFO - Processing /home/airflow/.local/lib/python3.12/site-packages/airflow/example_dags/example_skip_dag.py took 0.077 seconds
[2024-10-18T11:02:58.641+0000] {processor.py:186} INFO - Started process (PID=3927) to work on /home/airflow/.local/lib/python3.12/site-packages/airflow/example_dags/example_skip_dag.py
[2024-10-18T11:02:58.643+0000] {processor.py:914} INFO - Processing file /home/airflow/.local/lib/python3.12/site-packages/airflow/example_dags/example_skip_dag.py for tasks to queue
[2024-10-18T11:02:58.645+0000] {logging_mixin.py:190} INFO - [2024-10-18T11:02:58.644+0000] {dagbag.py:588} INFO - Filling up the DagBag from /home/airflow/.local/lib/python3.12/site-packages/airflow/example_dags/example_skip_dag.py
[2024-10-18T11:02:58.652+0000] {processor.py:925} INFO - DAG(s) 'example_skip_dag' retrieved from /home/airflow/.local/lib/python3.12/site-packages/airflow/example_dags/example_skip_dag.py
[2024-10-18T11:02:58.674+0000] {logging_mixin.py:190} INFO - [2024-10-18T11:02:58.674+0000] {dag.py:3239} INFO - Sync 1 DAGs
[2024-10-18T11:02:58.697+0000] {logging_mixin.py:190} INFO - [2024-10-18T11:02:58.697+0000] {dag.py:4180} INFO - Setting next_dagrun for example_skip_dag to 2024-10-17 00:00:00+00:00, run_after=2024-10-18 00:00:00+00:00
[2024-10-18T11:02:58.719+0000] {processor.py:208} INFO - Processing /home/airflow/.local/lib/python3.12/site-packages/airflow/example_dags/example_skip_dag.py took 0.083 seconds
[2024-10-18T11:03:28.981+0000] {processor.py:186} INFO - Started process (PID=4213) to work on /home/airflow/.local/lib/python3.12/site-packages/airflow/example_dags/example_skip_dag.py
[2024-10-18T11:03:28.982+0000] {processor.py:914} INFO - Processing file /home/airflow/.local/lib/python3.12/site-packages/airflow/example_dags/example_skip_dag.py for tasks to queue
[2024-10-18T11:03:28.984+0000] {logging_mixin.py:190} INFO - [2024-10-18T11:03:28.983+0000] {dagbag.py:588} INFO - Filling up the DagBag from /home/airflow/.local/lib/python3.12/site-packages/airflow/example_dags/example_skip_dag.py
[2024-10-18T11:03:28.990+0000] {processor.py:925} INFO - DAG(s) 'example_skip_dag' retrieved from /home/airflow/.local/lib/python3.12/site-packages/airflow/example_dags/example_skip_dag.py
[2024-10-18T11:03:29.010+0000] {logging_mixin.py:190} INFO - [2024-10-18T11:03:29.010+0000] {dag.py:3239} INFO - Sync 1 DAGs
[2024-10-18T11:03:29.032+0000] {logging_mixin.py:190} INFO - [2024-10-18T11:03:29.031+0000] {dag.py:4180} INFO - Setting next_dagrun for example_skip_dag to 2024-10-17 00:00:00+00:00, run_after=2024-10-18 00:00:00+00:00
[2024-10-18T11:03:29.053+0000] {processor.py:208} INFO - Processing /home/airflow/.local/lib/python3.12/site-packages/airflow/example_dags/example_skip_dag.py took 0.077 seconds
[2024-10-18T11:03:59.333+0000] {processor.py:186} INFO - Started process (PID=4499) to work on /home/airflow/.local/lib/python3.12/site-packages/airflow/example_dags/example_skip_dag.py
[2024-10-18T11:03:59.334+0000] {processor.py:914} INFO - Processing file /home/airflow/.local/lib/python3.12/site-packages/airflow/example_dags/example_skip_dag.py for tasks to queue
[2024-10-18T11:03:59.336+0000] {logging_mixin.py:190} INFO - [2024-10-18T11:03:59.335+0000] {dagbag.py:588} INFO - Filling up the DagBag from /home/airflow/.local/lib/python3.12/site-packages/airflow/example_dags/example_skip_dag.py
[2024-10-18T11:03:59.342+0000] {processor.py:925} INFO - DAG(s) 'example_skip_dag' retrieved from /home/airflow/.local/lib/python3.12/site-packages/airflow/example_dags/example_skip_dag.py
[2024-10-18T11:03:59.363+0000] {logging_mixin.py:190} INFO - [2024-10-18T11:03:59.362+0000] {dag.py:3239} INFO - Sync 1 DAGs
[2024-10-18T11:03:59.386+0000] {logging_mixin.py:190} INFO - [2024-10-18T11:03:59.386+0000] {dag.py:4180} INFO - Setting next_dagrun for example_skip_dag to 2024-10-17 00:00:00+00:00, run_after=2024-10-18 00:00:00+00:00
[2024-10-18T11:03:59.407+0000] {processor.py:208} INFO - Processing /home/airflow/.local/lib/python3.12/site-packages/airflow/example_dags/example_skip_dag.py took 0.079 seconds
[2024-10-18T11:04:29.596+0000] {processor.py:186} INFO - Started process (PID=4785) to work on /home/airflow/.local/lib/python3.12/site-packages/airflow/example_dags/example_skip_dag.py
[2024-10-18T11:04:29.597+0000] {processor.py:914} INFO - Processing file /home/airflow/.local/lib/python3.12/site-packages/airflow/example_dags/example_skip_dag.py for tasks to queue
[2024-10-18T11:04:29.599+0000] {logging_mixin.py:190} INFO - [2024-10-18T11:04:29.598+0000] {dagbag.py:588} INFO - Filling up the DagBag from /home/airflow/.local/lib/python3.12/site-packages/airflow/example_dags/example_skip_dag.py
[2024-10-18T11:04:29.605+0000] {processor.py:925} INFO - DAG(s) 'example_skip_dag' retrieved from /home/airflow/.local/lib/python3.12/site-packages/airflow/example_dags/example_skip_dag.py
[2024-10-18T11:04:29.626+0000] {logging_mixin.py:190} INFO - [2024-10-18T11:04:29.626+0000] {dag.py:3239} INFO - Sync 1 DAGs
[2024-10-18T11:04:29.647+0000] {logging_mixin.py:190} INFO - [2024-10-18T11:04:29.647+0000] {dag.py:4180} INFO - Setting next_dagrun for example_skip_dag to 2024-10-17 00:00:00+00:00, run_after=2024-10-18 00:00:00+00:00
[2024-10-18T11:04:29.668+0000] {processor.py:208} INFO - Processing /home/airflow/.local/lib/python3.12/site-packages/airflow/example_dags/example_skip_dag.py took 0.077 seconds
[2024-10-18T11:04:59.822+0000] {processor.py:186} INFO - Started process (PID=5071) to work on /home/airflow/.local/lib/python3.12/site-packages/airflow/example_dags/example_skip_dag.py
[2024-10-18T11:04:59.823+0000] {processor.py:914} INFO - Processing file /home/airflow/.local/lib/python3.12/site-packages/airflow/example_dags/example_skip_dag.py for tasks to queue
[2024-10-18T11:04:59.825+0000] {logging_mixin.py:190} INFO - [2024-10-18T11:04:59.825+0000] {dagbag.py:588} INFO - Filling up the DagBag from /home/airflow/.local/lib/python3.12/site-packages/airflow/example_dags/example_skip_dag.py
[2024-10-18T11:04:59.832+0000] {processor.py:925} INFO - DAG(s) 'example_skip_dag' retrieved from /home/airflow/.local/lib/python3.12/site-packages/airflow/example_dags/example_skip_dag.py
[2024-10-18T11:04:59.853+0000] {logging_mixin.py:190} INFO - [2024-10-18T11:04:59.853+0000] {dag.py:3239} INFO - Sync 1 DAGs
[2024-10-18T11:04:59.877+0000] {logging_mixin.py:190} INFO - [2024-10-18T11:04:59.877+0000] {dag.py:4180} INFO - Setting next_dagrun for example_skip_dag to 2024-10-17 00:00:00+00:00, run_after=2024-10-18 00:00:00+00:00
[2024-10-18T11:04:59.899+0000] {processor.py:208} INFO - Processing /home/airflow/.local/lib/python3.12/site-packages/airflow/example_dags/example_skip_dag.py took 0.083 seconds
[2024-10-18T11:05:30.204+0000] {processor.py:186} INFO - Started process (PID=5357) to work on /home/airflow/.local/lib/python3.12/site-packages/airflow/example_dags/example_skip_dag.py
[2024-10-18T11:05:30.205+0000] {processor.py:914} INFO - Processing file /home/airflow/.local/lib/python3.12/site-packages/airflow/example_dags/example_skip_dag.py for tasks to queue
[2024-10-18T11:05:30.207+0000] {logging_mixin.py:190} INFO - [2024-10-18T11:05:30.207+0000] {dagbag.py:588} INFO - Filling up the DagBag from /home/airflow/.local/lib/python3.12/site-packages/airflow/example_dags/example_skip_dag.py
[2024-10-18T11:05:30.214+0000] {processor.py:925} INFO - DAG(s) 'example_skip_dag' retrieved from /home/airflow/.local/lib/python3.12/site-packages/airflow/example_dags/example_skip_dag.py
[2024-10-18T11:05:30.235+0000] {logging_mixin.py:190} INFO - [2024-10-18T11:05:30.235+0000] {dag.py:3239} INFO - Sync 1 DAGs
[2024-10-18T11:05:30.259+0000] {logging_mixin.py:190} INFO - [2024-10-18T11:05:30.259+0000] {dag.py:4180} INFO - Setting next_dagrun for example_skip_dag to 2024-10-17 00:00:00+00:00, run_after=2024-10-18 00:00:00+00:00
[2024-10-18T11:05:30.278+0000] {processor.py:208} INFO - Processing /home/airflow/.local/lib/python3.12/site-packages/airflow/example_dags/example_skip_dag.py took 0.078 seconds
[2024-10-18T11:06:00.530+0000] {processor.py:186} INFO - Started process (PID=5643) to work on /home/airflow/.local/lib/python3.12/site-packages/airflow/example_dags/example_skip_dag.py
[2024-10-18T11:06:00.531+0000] {processor.py:914} INFO - Processing file /home/airflow/.local/lib/python3.12/site-packages/airflow/example_dags/example_skip_dag.py for tasks to queue
[2024-10-18T11:06:00.534+0000] {logging_mixin.py:190} INFO - [2024-10-18T11:06:00.533+0000] {dagbag.py:588} INFO - Filling up the DagBag from /home/airflow/.local/lib/python3.12/site-packages/airflow/example_dags/example_skip_dag.py
[2024-10-18T11:06:00.540+0000] {processor.py:925} INFO - DAG(s) 'example_skip_dag' retrieved from /home/airflow/.local/lib/python3.12/site-packages/airflow/example_dags/example_skip_dag.py
[2024-10-18T11:06:00.559+0000] {logging_mixin.py:190} INFO - [2024-10-18T11:06:00.559+0000] {dag.py:3239} INFO - Sync 1 DAGs
[2024-10-18T11:06:00.580+0000] {logging_mixin.py:190} INFO - [2024-10-18T11:06:00.580+0000] {dag.py:4180} INFO - Setting next_dagrun for example_skip_dag to 2024-10-17 00:00:00+00:00, run_after=2024-10-18 00:00:00+00:00
[2024-10-18T11:06:00.600+0000] {processor.py:208} INFO - Processing /home/airflow/.local/lib/python3.12/site-packages/airflow/example_dags/example_skip_dag.py took 0.076 seconds
[2024-10-18T11:06:30.949+0000] {processor.py:186} INFO - Started process (PID=5929) to work on /home/airflow/.local/lib/python3.12/site-packages/airflow/example_dags/example_skip_dag.py
[2024-10-18T11:06:30.951+0000] {processor.py:914} INFO - Processing file /home/airflow/.local/lib/python3.12/site-packages/airflow/example_dags/example_skip_dag.py for tasks to queue
[2024-10-18T11:06:30.953+0000] {logging_mixin.py:190} INFO - [2024-10-18T11:06:30.953+0000] {dagbag.py:588} INFO - Filling up the DagBag from /home/airflow/.local/lib/python3.12/site-packages/airflow/example_dags/example_skip_dag.py
[2024-10-18T11:06:30.959+0000] {processor.py:925} INFO - DAG(s) 'example_skip_dag' retrieved from /home/airflow/.local/lib/python3.12/site-packages/airflow/example_dags/example_skip_dag.py
[2024-10-18T11:06:30.980+0000] {logging_mixin.py:190} INFO - [2024-10-18T11:06:30.980+0000] {dag.py:3239} INFO - Sync 1 DAGs
[2024-10-18T11:06:31.001+0000] {logging_mixin.py:190} INFO - [2024-10-18T11:06:31.001+0000] {dag.py:4180} INFO - Setting next_dagrun for example_skip_dag to 2024-10-17 00:00:00+00:00, run_after=2024-10-18 00:00:00+00:00
[2024-10-18T11:06:31.022+0000] {processor.py:208} INFO - Processing /home/airflow/.local/lib/python3.12/site-packages/airflow/example_dags/example_skip_dag.py took 0.078 seconds
[2024-10-18T11:07:01.287+0000] {processor.py:186} INFO - Started process (PID=6215) to work on /home/airflow/.local/lib/python3.12/site-packages/airflow/example_dags/example_skip_dag.py
[2024-10-18T11:07:01.288+0000] {processor.py:914} INFO - Processing file /home/airflow/.local/lib/python3.12/site-packages/airflow/example_dags/example_skip_dag.py for tasks to queue
[2024-10-18T11:07:01.290+0000] {logging_mixin.py:190} INFO - [2024-10-18T11:07:01.290+0000] {dagbag.py:588} INFO - Filling up the DagBag from /home/airflow/.local/lib/python3.12/site-packages/airflow/example_dags/example_skip_dag.py
[2024-10-18T11:07:01.296+0000] {processor.py:925} INFO - DAG(s) 'example_skip_dag' retrieved from /home/airflow/.local/lib/python3.12/site-packages/airflow/example_dags/example_skip_dag.py
[2024-10-18T11:07:01.315+0000] {logging_mixin.py:190} INFO - [2024-10-18T11:07:01.315+0000] {dag.py:3239} INFO - Sync 1 DAGs
[2024-10-18T11:07:01.336+0000] {logging_mixin.py:190} INFO - [2024-10-18T11:07:01.336+0000] {dag.py:4180} INFO - Setting next_dagrun for example_skip_dag to 2024-10-17 00:00:00+00:00, run_after=2024-10-18 00:00:00+00:00
[2024-10-18T11:07:01.354+0000] {processor.py:208} INFO - Processing /home/airflow/.local/lib/python3.12/site-packages/airflow/example_dags/example_skip_dag.py took 0.072 seconds
[2024-10-18T11:07:31.486+0000] {processor.py:186} INFO - Started process (PID=6501) to work on /home/airflow/.local/lib/python3.12/site-packages/airflow/example_dags/example_skip_dag.py
[2024-10-18T11:07:31.487+0000] {processor.py:914} INFO - Processing file /home/airflow/.local/lib/python3.12/site-packages/airflow/example_dags/example_skip_dag.py for tasks to queue
[2024-10-18T11:07:31.489+0000] {logging_mixin.py:190} INFO - [2024-10-18T11:07:31.489+0000] {dagbag.py:588} INFO - Filling up the DagBag from /home/airflow/.local/lib/python3.12/site-packages/airflow/example_dags/example_skip_dag.py
[2024-10-18T11:07:31.496+0000] {processor.py:925} INFO - DAG(s) 'example_skip_dag' retrieved from /home/airflow/.local/lib/python3.12/site-packages/airflow/example_dags/example_skip_dag.py
[2024-10-18T11:07:31.517+0000] {logging_mixin.py:190} INFO - [2024-10-18T11:07:31.517+0000] {dag.py:3239} INFO - Sync 1 DAGs
[2024-10-18T11:07:31.538+0000] {logging_mixin.py:190} INFO - [2024-10-18T11:07:31.538+0000] {dag.py:4180} INFO - Setting next_dagrun for example_skip_dag to 2024-10-17 00:00:00+00:00, run_after=2024-10-18 00:00:00+00:00
[2024-10-18T11:07:31.559+0000] {processor.py:208} INFO - Processing /home/airflow/.local/lib/python3.12/site-packages/airflow/example_dags/example_skip_dag.py took 0.078 seconds
[2024-10-18T11:08:01.946+0000] {processor.py:186} INFO - Started process (PID=6787) to work on /home/airflow/.local/lib/python3.12/site-packages/airflow/example_dags/example_skip_dag.py
[2024-10-18T11:08:01.947+0000] {processor.py:914} INFO - Processing file /home/airflow/.local/lib/python3.12/site-packages/airflow/example_dags/example_skip_dag.py for tasks to queue
[2024-10-18T11:08:01.949+0000] {logging_mixin.py:190} INFO - [2024-10-18T11:08:01.949+0000] {dagbag.py:588} INFO - Filling up the DagBag from /home/airflow/.local/lib/python3.12/site-packages/airflow/example_dags/example_skip_dag.py
[2024-10-18T11:08:01.956+0000] {processor.py:925} INFO - DAG(s) 'example_skip_dag' retrieved from /home/airflow/.local/lib/python3.12/site-packages/airflow/example_dags/example_skip_dag.py
[2024-10-18T11:08:01.976+0000] {logging_mixin.py:190} INFO - [2024-10-18T11:08:01.976+0000] {dag.py:3239} INFO - Sync 1 DAGs
[2024-10-18T11:08:01.997+0000] {logging_mixin.py:190} INFO - [2024-10-18T11:08:01.996+0000] {dag.py:4180} INFO - Setting next_dagrun for example_skip_dag to 2024-10-17 00:00:00+00:00, run_after=2024-10-18 00:00:00+00:00
[2024-10-18T11:08:02.017+0000] {processor.py:208} INFO - Processing /home/airflow/.local/lib/python3.12/site-packages/airflow/example_dags/example_skip_dag.py took 0.075 seconds
[2024-10-18T11:08:32.142+0000] {processor.py:186} INFO - Started process (PID=7073) to work on /home/airflow/.local/lib/python3.12/site-packages/airflow/example_dags/example_skip_dag.py
[2024-10-18T11:08:32.143+0000] {processor.py:914} INFO - Processing file /home/airflow/.local/lib/python3.12/site-packages/airflow/example_dags/example_skip_dag.py for tasks to queue
[2024-10-18T11:08:32.145+0000] {logging_mixin.py:190} INFO - [2024-10-18T11:08:32.145+0000] {dagbag.py:588} INFO - Filling up the DagBag from /home/airflow/.local/lib/python3.12/site-packages/airflow/example_dags/example_skip_dag.py
[2024-10-18T11:08:32.152+0000] {processor.py:925} INFO - DAG(s) 'example_skip_dag' retrieved from /home/airflow/.local/lib/python3.12/site-packages/airflow/example_dags/example_skip_dag.py
[2024-10-18T11:08:32.173+0000] {logging_mixin.py:190} INFO - [2024-10-18T11:08:32.172+0000] {dag.py:3239} INFO - Sync 1 DAGs
[2024-10-18T11:08:32.193+0000] {logging_mixin.py:190} INFO - [2024-10-18T11:08:32.193+0000] {dag.py:4180} INFO - Setting next_dagrun for example_skip_dag to 2024-10-17 00:00:00+00:00, run_after=2024-10-18 00:00:00+00:00
[2024-10-18T11:08:32.214+0000] {processor.py:208} INFO - Processing /home/airflow/.local/lib/python3.12/site-packages/airflow/example_dags/example_skip_dag.py took 0.078 seconds
[2024-10-18T11:09:02.464+0000] {processor.py:186} INFO - Started process (PID=7359) to work on /home/airflow/.local/lib/python3.12/site-packages/airflow/example_dags/example_skip_dag.py
[2024-10-18T11:09:02.465+0000] {processor.py:914} INFO - Processing file /home/airflow/.local/lib/python3.12/site-packages/airflow/example_dags/example_skip_dag.py for tasks to queue
[2024-10-18T11:09:02.467+0000] {logging_mixin.py:190} INFO - [2024-10-18T11:09:02.467+0000] {dagbag.py:588} INFO - Filling up the DagBag from /home/airflow/.local/lib/python3.12/site-packages/airflow/example_dags/example_skip_dag.py
[2024-10-18T11:09:02.474+0000] {processor.py:925} INFO - DAG(s) 'example_skip_dag' retrieved from /home/airflow/.local/lib/python3.12/site-packages/airflow/example_dags/example_skip_dag.py
[2024-10-18T11:09:02.494+0000] {logging_mixin.py:190} INFO - [2024-10-18T11:09:02.493+0000] {dag.py:3239} INFO - Sync 1 DAGs
[2024-10-18T11:09:02.515+0000] {logging_mixin.py:190} INFO - [2024-10-18T11:09:02.515+0000] {dag.py:4180} INFO - Setting next_dagrun for example_skip_dag to 2024-10-17 00:00:00+00:00, run_after=2024-10-18 00:00:00+00:00
[2024-10-18T11:09:02.533+0000] {processor.py:208} INFO - Processing /home/airflow/.local/lib/python3.12/site-packages/airflow/example_dags/example_skip_dag.py took 0.074 seconds
[2024-10-18T11:09:32.746+0000] {processor.py:186} INFO - Started process (PID=7645) to work on /home/airflow/.local/lib/python3.12/site-packages/airflow/example_dags/example_skip_dag.py
[2024-10-18T11:09:32.747+0000] {processor.py:914} INFO - Processing file /home/airflow/.local/lib/python3.12/site-packages/airflow/example_dags/example_skip_dag.py for tasks to queue
[2024-10-18T11:09:32.749+0000] {logging_mixin.py:190} INFO - [2024-10-18T11:09:32.749+0000] {dagbag.py:588} INFO - Filling up the DagBag from /home/airflow/.local/lib/python3.12/site-packages/airflow/example_dags/example_skip_dag.py
[2024-10-18T11:09:32.756+0000] {processor.py:925} INFO - DAG(s) 'example_skip_dag' retrieved from /home/airflow/.local/lib/python3.12/site-packages/airflow/example_dags/example_skip_dag.py
[2024-10-18T11:09:32.776+0000] {logging_mixin.py:190} INFO - [2024-10-18T11:09:32.776+0000] {dag.py:3239} INFO - Sync 1 DAGs
[2024-10-18T11:09:32.797+0000] {logging_mixin.py:190} INFO - [2024-10-18T11:09:32.797+0000] {dag.py:4180} INFO - Setting next_dagrun for example_skip_dag to 2024-10-17 00:00:00+00:00, run_after=2024-10-18 00:00:00+00:00
[2024-10-18T11:09:32.815+0000] {processor.py:208} INFO - Processing /home/airflow/.local/lib/python3.12/site-packages/airflow/example_dags/example_skip_dag.py took 0.074 seconds
[2024-10-18T11:10:03.124+0000] {processor.py:186} INFO - Started process (PID=7931) to work on /home/airflow/.local/lib/python3.12/site-packages/airflow/example_dags/example_skip_dag.py
[2024-10-18T11:10:03.126+0000] {processor.py:914} INFO - Processing file /home/airflow/.local/lib/python3.12/site-packages/airflow/example_dags/example_skip_dag.py for tasks to queue
[2024-10-18T11:10:03.128+0000] {logging_mixin.py:190} INFO - [2024-10-18T11:10:03.128+0000] {dagbag.py:588} INFO - Filling up the DagBag from /home/airflow/.local/lib/python3.12/site-packages/airflow/example_dags/example_skip_dag.py
[2024-10-18T11:10:03.134+0000] {processor.py:925} INFO - DAG(s) 'example_skip_dag' retrieved from /home/airflow/.local/lib/python3.12/site-packages/airflow/example_dags/example_skip_dag.py
[2024-10-18T11:10:03.155+0000] {logging_mixin.py:190} INFO - [2024-10-18T11:10:03.154+0000] {dag.py:3239} INFO - Sync 1 DAGs
[2024-10-18T11:10:03.175+0000] {logging_mixin.py:190} INFO - [2024-10-18T11:10:03.175+0000] {dag.py:4180} INFO - Setting next_dagrun for example_skip_dag to 2024-10-17 00:00:00+00:00, run_after=2024-10-18 00:00:00+00:00
[2024-10-18T11:10:03.194+0000] {processor.py:208} INFO - Processing /home/airflow/.local/lib/python3.12/site-packages/airflow/example_dags/example_skip_dag.py took 0.074 seconds
[2024-10-18T11:10:33.469+0000] {processor.py:186} INFO - Started process (PID=8217) to work on /home/airflow/.local/lib/python3.12/site-packages/airflow/example_dags/example_skip_dag.py
[2024-10-18T11:10:33.470+0000] {processor.py:914} INFO - Processing file /home/airflow/.local/lib/python3.12/site-packages/airflow/example_dags/example_skip_dag.py for tasks to queue
[2024-10-18T11:10:33.473+0000] {logging_mixin.py:190} INFO - [2024-10-18T11:10:33.472+0000] {dagbag.py:588} INFO - Filling up the DagBag from /home/airflow/.local/lib/python3.12/site-packages/airflow/example_dags/example_skip_dag.py
[2024-10-18T11:10:33.479+0000] {processor.py:925} INFO - DAG(s) 'example_skip_dag' retrieved from /home/airflow/.local/lib/python3.12/site-packages/airflow/example_dags/example_skip_dag.py
[2024-10-18T11:10:33.499+0000] {logging_mixin.py:190} INFO - [2024-10-18T11:10:33.499+0000] {dag.py:3239} INFO - Sync 1 DAGs
[2024-10-18T11:10:33.520+0000] {logging_mixin.py:190} INFO - [2024-10-18T11:10:33.520+0000] {dag.py:4180} INFO - Setting next_dagrun for example_skip_dag to 2024-10-17 00:00:00+00:00, run_after=2024-10-18 00:00:00+00:00
[2024-10-18T11:10:33.542+0000] {processor.py:208} INFO - Processing /home/airflow/.local/lib/python3.12/site-packages/airflow/example_dags/example_skip_dag.py took 0.078 seconds
[2024-10-18T11:11:04.164+0000] {processor.py:186} INFO - Started process (PID=8503) to work on /home/airflow/.local/lib/python3.12/site-packages/airflow/example_dags/example_skip_dag.py
[2024-10-18T11:11:04.165+0000] {processor.py:914} INFO - Processing file /home/airflow/.local/lib/python3.12/site-packages/airflow/example_dags/example_skip_dag.py for tasks to queue
[2024-10-18T11:11:04.167+0000] {logging_mixin.py:190} INFO - [2024-10-18T11:11:04.167+0000] {dagbag.py:588} INFO - Filling up the DagBag from /home/airflow/.local/lib/python3.12/site-packages/airflow/example_dags/example_skip_dag.py
[2024-10-18T11:11:04.175+0000] {processor.py:925} INFO - DAG(s) 'example_skip_dag' retrieved from /home/airflow/.local/lib/python3.12/site-packages/airflow/example_dags/example_skip_dag.py
[2024-10-18T11:11:04.196+0000] {logging_mixin.py:190} INFO - [2024-10-18T11:11:04.195+0000] {dag.py:3239} INFO - Sync 1 DAGs
[2024-10-18T11:11:04.217+0000] {logging_mixin.py:190} INFO - [2024-10-18T11:11:04.217+0000] {dag.py:4180} INFO - Setting next_dagrun for example_skip_dag to 2024-10-17 00:00:00+00:00, run_after=2024-10-18 00:00:00+00:00
[2024-10-18T11:11:04.240+0000] {processor.py:208} INFO - Processing /home/airflow/.local/lib/python3.12/site-packages/airflow/example_dags/example_skip_dag.py took 0.083 seconds
[2024-10-18T11:11:34.454+0000] {processor.py:186} INFO - Started process (PID=8789) to work on /home/airflow/.local/lib/python3.12/site-packages/airflow/example_dags/example_skip_dag.py
[2024-10-18T11:11:34.462+0000] {processor.py:914} INFO - Processing file /home/airflow/.local/lib/python3.12/site-packages/airflow/example_dags/example_skip_dag.py for tasks to queue
[2024-10-18T11:11:34.471+0000] {logging_mixin.py:190} INFO - [2024-10-18T11:11:34.470+0000] {dagbag.py:588} INFO - Filling up the DagBag from /home/airflow/.local/lib/python3.12/site-packages/airflow/example_dags/example_skip_dag.py
[2024-10-18T11:11:34.492+0000] {processor.py:925} INFO - DAG(s) 'example_skip_dag' retrieved from /home/airflow/.local/lib/python3.12/site-packages/airflow/example_dags/example_skip_dag.py
[2024-10-18T11:11:34.559+0000] {logging_mixin.py:190} INFO - [2024-10-18T11:11:34.559+0000] {dag.py:3239} INFO - Sync 1 DAGs
[2024-10-18T11:11:34.633+0000] {logging_mixin.py:190} INFO - [2024-10-18T11:11:34.632+0000] {dag.py:4180} INFO - Setting next_dagrun for example_skip_dag to 2024-10-17 00:00:00+00:00, run_after=2024-10-18 00:00:00+00:00
[2024-10-18T11:11:34.692+0000] {processor.py:208} INFO - Processing /home/airflow/.local/lib/python3.12/site-packages/airflow/example_dags/example_skip_dag.py took 0.254 seconds
[2024-10-18T11:12:04.766+0000] {processor.py:186} INFO - Started process (PID=9075) to work on /home/airflow/.local/lib/python3.12/site-packages/airflow/example_dags/example_skip_dag.py
[2024-10-18T11:12:04.767+0000] {processor.py:914} INFO - Processing file /home/airflow/.local/lib/python3.12/site-packages/airflow/example_dags/example_skip_dag.py for tasks to queue
[2024-10-18T11:12:04.769+0000] {logging_mixin.py:190} INFO - [2024-10-18T11:12:04.769+0000] {dagbag.py:588} INFO - Filling up the DagBag from /home/airflow/.local/lib/python3.12/site-packages/airflow/example_dags/example_skip_dag.py
[2024-10-18T11:12:04.777+0000] {processor.py:925} INFO - DAG(s) 'example_skip_dag' retrieved from /home/airflow/.local/lib/python3.12/site-packages/airflow/example_dags/example_skip_dag.py
[2024-10-18T11:12:04.799+0000] {logging_mixin.py:190} INFO - [2024-10-18T11:12:04.799+0000] {dag.py:3239} INFO - Sync 1 DAGs
[2024-10-18T11:12:04.825+0000] {logging_mixin.py:190} INFO - [2024-10-18T11:12:04.825+0000] {dag.py:4180} INFO - Setting next_dagrun for example_skip_dag to 2024-10-17 00:00:00+00:00, run_after=2024-10-18 00:00:00+00:00
[2024-10-18T11:12:04.848+0000] {processor.py:208} INFO - Processing /home/airflow/.local/lib/python3.12/site-packages/airflow/example_dags/example_skip_dag.py took 0.088 seconds
[2024-10-18T11:12:35.536+0000] {processor.py:186} INFO - Started process (PID=9367) to work on /home/airflow/.local/lib/python3.12/site-packages/airflow/example_dags/example_skip_dag.py
[2024-10-18T11:12:35.537+0000] {processor.py:914} INFO - Processing file /home/airflow/.local/lib/python3.12/site-packages/airflow/example_dags/example_skip_dag.py for tasks to queue
[2024-10-18T11:12:35.540+0000] {logging_mixin.py:190} INFO - [2024-10-18T11:12:35.540+0000] {dagbag.py:588} INFO - Filling up the DagBag from /home/airflow/.local/lib/python3.12/site-packages/airflow/example_dags/example_skip_dag.py
[2024-10-18T11:12:35.548+0000] {processor.py:925} INFO - DAG(s) 'example_skip_dag' retrieved from /home/airflow/.local/lib/python3.12/site-packages/airflow/example_dags/example_skip_dag.py
[2024-10-18T11:12:35.570+0000] {logging_mixin.py:190} INFO - [2024-10-18T11:12:35.569+0000] {dag.py:3239} INFO - Sync 1 DAGs
[2024-10-18T11:12:35.598+0000] {logging_mixin.py:190} INFO - [2024-10-18T11:12:35.597+0000] {dag.py:4180} INFO - Setting next_dagrun for example_skip_dag to 2024-10-17 00:00:00+00:00, run_after=2024-10-18 00:00:00+00:00
[2024-10-18T11:12:35.624+0000] {processor.py:208} INFO - Processing /home/airflow/.local/lib/python3.12/site-packages/airflow/example_dags/example_skip_dag.py took 0.093 seconds
[2024-10-18T11:13:05.961+0000] {processor.py:186} INFO - Started process (PID=9653) to work on /home/airflow/.local/lib/python3.12/site-packages/airflow/example_dags/example_skip_dag.py
[2024-10-18T11:13:05.962+0000] {processor.py:914} INFO - Processing file /home/airflow/.local/lib/python3.12/site-packages/airflow/example_dags/example_skip_dag.py for tasks to queue
[2024-10-18T11:13:05.964+0000] {logging_mixin.py:190} INFO - [2024-10-18T11:13:05.964+0000] {dagbag.py:588} INFO - Filling up the DagBag from /home/airflow/.local/lib/python3.12/site-packages/airflow/example_dags/example_skip_dag.py
[2024-10-18T11:13:05.970+0000] {processor.py:925} INFO - DAG(s) 'example_skip_dag' retrieved from /home/airflow/.local/lib/python3.12/site-packages/airflow/example_dags/example_skip_dag.py
[2024-10-18T11:13:05.991+0000] {logging_mixin.py:190} INFO - [2024-10-18T11:13:05.990+0000] {dag.py:3239} INFO - Sync 1 DAGs
[2024-10-18T11:13:06.011+0000] {logging_mixin.py:190} INFO - [2024-10-18T11:13:06.011+0000] {dag.py:4180} INFO - Setting next_dagrun for example_skip_dag to 2024-10-17 00:00:00+00:00, run_after=2024-10-18 00:00:00+00:00
[2024-10-18T11:13:06.034+0000] {processor.py:208} INFO - Processing /home/airflow/.local/lib/python3.12/site-packages/airflow/example_dags/example_skip_dag.py took 0.078 seconds
[2024-10-18T11:13:36.293+0000] {processor.py:186} INFO - Started process (PID=9939) to work on /home/airflow/.local/lib/python3.12/site-packages/airflow/example_dags/example_skip_dag.py
[2024-10-18T11:13:36.294+0000] {processor.py:914} INFO - Processing file /home/airflow/.local/lib/python3.12/site-packages/airflow/example_dags/example_skip_dag.py for tasks to queue
[2024-10-18T11:13:36.296+0000] {logging_mixin.py:190} INFO - [2024-10-18T11:13:36.296+0000] {dagbag.py:588} INFO - Filling up the DagBag from /home/airflow/.local/lib/python3.12/site-packages/airflow/example_dags/example_skip_dag.py
[2024-10-18T11:13:36.302+0000] {processor.py:925} INFO - DAG(s) 'example_skip_dag' retrieved from /home/airflow/.local/lib/python3.12/site-packages/airflow/example_dags/example_skip_dag.py
[2024-10-18T11:13:36.323+0000] {logging_mixin.py:190} INFO - [2024-10-18T11:13:36.322+0000] {dag.py:3239} INFO - Sync 1 DAGs
[2024-10-18T11:13:36.345+0000] {logging_mixin.py:190} INFO - [2024-10-18T11:13:36.345+0000] {dag.py:4180} INFO - Setting next_dagrun for example_skip_dag to 2024-10-17 00:00:00+00:00, run_after=2024-10-18 00:00:00+00:00
[2024-10-18T11:13:36.373+0000] {processor.py:208} INFO - Processing /home/airflow/.local/lib/python3.12/site-packages/airflow/example_dags/example_skip_dag.py took 0.087 seconds
[2024-10-18T11:14:06.717+0000] {processor.py:186} INFO - Started process (PID=10230) to work on /home/airflow/.local/lib/python3.12/site-packages/airflow/example_dags/example_skip_dag.py
[2024-10-18T11:14:06.718+0000] {processor.py:914} INFO - Processing file /home/airflow/.local/lib/python3.12/site-packages/airflow/example_dags/example_skip_dag.py for tasks to queue
[2024-10-18T11:14:06.720+0000] {logging_mixin.py:190} INFO - [2024-10-18T11:14:06.720+0000] {dagbag.py:588} INFO - Filling up the DagBag from /home/airflow/.local/lib/python3.12/site-packages/airflow/example_dags/example_skip_dag.py
[2024-10-18T11:14:06.729+0000] {processor.py:925} INFO - DAG(s) 'example_skip_dag' retrieved from /home/airflow/.local/lib/python3.12/site-packages/airflow/example_dags/example_skip_dag.py
[2024-10-18T11:14:06.750+0000] {logging_mixin.py:190} INFO - [2024-10-18T11:14:06.750+0000] {dag.py:3239} INFO - Sync 1 DAGs
[2024-10-18T11:14:06.775+0000] {logging_mixin.py:190} INFO - [2024-10-18T11:14:06.775+0000] {dag.py:4180} INFO - Setting next_dagrun for example_skip_dag to 2024-10-17 00:00:00+00:00, run_after=2024-10-18 00:00:00+00:00
[2024-10-18T11:14:06.798+0000] {processor.py:208} INFO - Processing /home/airflow/.local/lib/python3.12/site-packages/airflow/example_dags/example_skip_dag.py took 0.087 seconds
[2024-10-18T11:14:36.980+0000] {processor.py:186} INFO - Started process (PID=10535) to work on /home/airflow/.local/lib/python3.12/site-packages/airflow/example_dags/example_skip_dag.py
[2024-10-18T11:14:36.981+0000] {processor.py:914} INFO - Processing file /home/airflow/.local/lib/python3.12/site-packages/airflow/example_dags/example_skip_dag.py for tasks to queue
[2024-10-18T11:14:36.985+0000] {logging_mixin.py:190} INFO - [2024-10-18T11:14:36.984+0000] {dagbag.py:588} INFO - Filling up the DagBag from /home/airflow/.local/lib/python3.12/site-packages/airflow/example_dags/example_skip_dag.py
[2024-10-18T11:14:36.998+0000] {processor.py:925} INFO - DAG(s) 'example_skip_dag' retrieved from /home/airflow/.local/lib/python3.12/site-packages/airflow/example_dags/example_skip_dag.py
[2024-10-18T11:14:37.036+0000] {logging_mixin.py:190} INFO - [2024-10-18T11:14:37.035+0000] {dag.py:3239} INFO - Sync 1 DAGs
[2024-10-18T11:14:37.084+0000] {logging_mixin.py:190} INFO - [2024-10-18T11:14:37.083+0000] {dag.py:4180} INFO - Setting next_dagrun for example_skip_dag to 2024-10-17 00:00:00+00:00, run_after=2024-10-18 00:00:00+00:00
[2024-10-18T11:14:37.117+0000] {processor.py:208} INFO - Processing /home/airflow/.local/lib/python3.12/site-packages/airflow/example_dags/example_skip_dag.py took 0.149 seconds
[2024-10-18T11:15:07.495+0000] {processor.py:186} INFO - Started process (PID=10821) to work on /home/airflow/.local/lib/python3.12/site-packages/airflow/example_dags/example_skip_dag.py
[2024-10-18T11:15:07.497+0000] {processor.py:914} INFO - Processing file /home/airflow/.local/lib/python3.12/site-packages/airflow/example_dags/example_skip_dag.py for tasks to queue
[2024-10-18T11:15:07.500+0000] {logging_mixin.py:190} INFO - [2024-10-18T11:15:07.500+0000] {dagbag.py:588} INFO - Filling up the DagBag from /home/airflow/.local/lib/python3.12/site-packages/airflow/example_dags/example_skip_dag.py
[2024-10-18T11:15:07.510+0000] {processor.py:925} INFO - DAG(s) 'example_skip_dag' retrieved from /home/airflow/.local/lib/python3.12/site-packages/airflow/example_dags/example_skip_dag.py
[2024-10-18T11:15:07.539+0000] {logging_mixin.py:190} INFO - [2024-10-18T11:15:07.538+0000] {dag.py:3239} INFO - Sync 1 DAGs
[2024-10-18T11:15:07.572+0000] {logging_mixin.py:190} INFO - [2024-10-18T11:15:07.572+0000] {dag.py:4180} INFO - Setting next_dagrun for example_skip_dag to 2024-10-17 00:00:00+00:00, run_after=2024-10-18 00:00:00+00:00
[2024-10-18T11:15:07.600+0000] {processor.py:208} INFO - Processing /home/airflow/.local/lib/python3.12/site-packages/airflow/example_dags/example_skip_dag.py took 0.113 seconds
[2024-10-18T11:15:38.090+0000] {processor.py:186} INFO - Started process (PID=11107) to work on /home/airflow/.local/lib/python3.12/site-packages/airflow/example_dags/example_skip_dag.py
[2024-10-18T11:15:38.093+0000] {processor.py:914} INFO - Processing file /home/airflow/.local/lib/python3.12/site-packages/airflow/example_dags/example_skip_dag.py for tasks to queue
[2024-10-18T11:15:38.102+0000] {logging_mixin.py:190} INFO - [2024-10-18T11:15:38.098+0000] {dagbag.py:588} INFO - Filling up the DagBag from /home/airflow/.local/lib/python3.12/site-packages/airflow/example_dags/example_skip_dag.py
[2024-10-18T11:15:38.137+0000] {processor.py:925} INFO - DAG(s) 'example_skip_dag' retrieved from /home/airflow/.local/lib/python3.12/site-packages/airflow/example_dags/example_skip_dag.py
[2024-10-18T11:15:38.212+0000] {logging_mixin.py:190} INFO - [2024-10-18T11:15:38.211+0000] {dag.py:3239} INFO - Sync 1 DAGs
[2024-10-18T11:15:38.283+0000] {logging_mixin.py:190} INFO - [2024-10-18T11:15:38.282+0000] {dag.py:4180} INFO - Setting next_dagrun for example_skip_dag to 2024-10-17 00:00:00+00:00, run_after=2024-10-18 00:00:00+00:00
[2024-10-18T11:15:38.348+0000] {processor.py:208} INFO - Processing /home/airflow/.local/lib/python3.12/site-packages/airflow/example_dags/example_skip_dag.py took 0.284 seconds
[2024-10-18T11:16:08.679+0000] {processor.py:186} INFO - Started process (PID=11392) to work on /home/airflow/.local/lib/python3.12/site-packages/airflow/example_dags/example_skip_dag.py
[2024-10-18T11:16:08.680+0000] {processor.py:914} INFO - Processing file /home/airflow/.local/lib/python3.12/site-packages/airflow/example_dags/example_skip_dag.py for tasks to queue
[2024-10-18T11:16:08.683+0000] {logging_mixin.py:190} INFO - [2024-10-18T11:16:08.682+0000] {dagbag.py:588} INFO - Filling up the DagBag from /home/airflow/.local/lib/python3.12/site-packages/airflow/example_dags/example_skip_dag.py
[2024-10-18T11:16:08.692+0000] {processor.py:925} INFO - DAG(s) 'example_skip_dag' retrieved from /home/airflow/.local/lib/python3.12/site-packages/airflow/example_dags/example_skip_dag.py
[2024-10-18T11:16:08.716+0000] {logging_mixin.py:190} INFO - [2024-10-18T11:16:08.715+0000] {dag.py:3239} INFO - Sync 1 DAGs
[2024-10-18T11:16:08.743+0000] {logging_mixin.py:190} INFO - [2024-10-18T11:16:08.743+0000] {dag.py:4180} INFO - Setting next_dagrun for example_skip_dag to 2024-10-17 00:00:00+00:00, run_after=2024-10-18 00:00:00+00:00
[2024-10-18T11:16:08.766+0000] {processor.py:208} INFO - Processing /home/airflow/.local/lib/python3.12/site-packages/airflow/example_dags/example_skip_dag.py took 0.093 seconds
[2024-10-18T11:16:39.171+0000] {processor.py:186} INFO - Started process (PID=11702) to work on /home/airflow/.local/lib/python3.12/site-packages/airflow/example_dags/example_skip_dag.py
[2024-10-18T11:16:39.175+0000] {processor.py:914} INFO - Processing file /home/airflow/.local/lib/python3.12/site-packages/airflow/example_dags/example_skip_dag.py for tasks to queue
[2024-10-18T11:16:39.178+0000] {logging_mixin.py:190} INFO - [2024-10-18T11:16:39.178+0000] {dagbag.py:588} INFO - Filling up the DagBag from /home/airflow/.local/lib/python3.12/site-packages/airflow/example_dags/example_skip_dag.py
[2024-10-18T11:16:39.204+0000] {processor.py:925} INFO - DAG(s) 'example_skip_dag' retrieved from /home/airflow/.local/lib/python3.12/site-packages/airflow/example_dags/example_skip_dag.py
[2024-10-18T11:16:39.256+0000] {logging_mixin.py:190} INFO - [2024-10-18T11:16:39.256+0000] {dag.py:3239} INFO - Sync 1 DAGs
[2024-10-18T11:16:39.324+0000] {logging_mixin.py:190} INFO - [2024-10-18T11:16:39.324+0000] {dag.py:4180} INFO - Setting next_dagrun for example_skip_dag to 2024-10-17 00:00:00+00:00, run_after=2024-10-18 00:00:00+00:00
[2024-10-18T11:16:39.376+0000] {processor.py:208} INFO - Processing /home/airflow/.local/lib/python3.12/site-packages/airflow/example_dags/example_skip_dag.py took 0.218 seconds
[2024-10-18T11:17:09.809+0000] {processor.py:186} INFO - Started process (PID=12003) to work on /home/airflow/.local/lib/python3.12/site-packages/airflow/example_dags/example_skip_dag.py
[2024-10-18T11:17:09.811+0000] {processor.py:914} INFO - Processing file /home/airflow/.local/lib/python3.12/site-packages/airflow/example_dags/example_skip_dag.py for tasks to queue
[2024-10-18T11:17:09.816+0000] {logging_mixin.py:190} INFO - [2024-10-18T11:17:09.815+0000] {dagbag.py:588} INFO - Filling up the DagBag from /home/airflow/.local/lib/python3.12/site-packages/airflow/example_dags/example_skip_dag.py
[2024-10-18T11:17:09.847+0000] {processor.py:925} INFO - DAG(s) 'example_skip_dag' retrieved from /home/airflow/.local/lib/python3.12/site-packages/airflow/example_dags/example_skip_dag.py
[2024-10-18T11:17:09.921+0000] {logging_mixin.py:190} INFO - [2024-10-18T11:17:09.920+0000] {dag.py:3239} INFO - Sync 1 DAGs
[2024-10-18T11:17:10.008+0000] {logging_mixin.py:190} INFO - [2024-10-18T11:17:10.007+0000] {dag.py:4180} INFO - Setting next_dagrun for example_skip_dag to 2024-10-17 00:00:00+00:00, run_after=2024-10-18 00:00:00+00:00
[2024-10-18T11:17:10.064+0000] {processor.py:208} INFO - Processing /home/airflow/.local/lib/python3.12/site-packages/airflow/example_dags/example_skip_dag.py took 0.269 seconds
[2024-10-18T11:17:40.470+0000] {processor.py:186} INFO - Started process (PID=12289) to work on /home/airflow/.local/lib/python3.12/site-packages/airflow/example_dags/example_skip_dag.py
[2024-10-18T11:17:40.472+0000] {processor.py:914} INFO - Processing file /home/airflow/.local/lib/python3.12/site-packages/airflow/example_dags/example_skip_dag.py for tasks to queue
[2024-10-18T11:17:40.478+0000] {logging_mixin.py:190} INFO - [2024-10-18T11:17:40.476+0000] {dagbag.py:588} INFO - Filling up the DagBag from /home/airflow/.local/lib/python3.12/site-packages/airflow/example_dags/example_skip_dag.py
[2024-10-18T11:17:40.487+0000] {processor.py:925} INFO - DAG(s) 'example_skip_dag' retrieved from /home/airflow/.local/lib/python3.12/site-packages/airflow/example_dags/example_skip_dag.py
[2024-10-18T11:17:40.533+0000] {logging_mixin.py:190} INFO - [2024-10-18T11:17:40.533+0000] {dag.py:3239} INFO - Sync 1 DAGs
[2024-10-18T11:17:40.589+0000] {logging_mixin.py:190} INFO - [2024-10-18T11:17:40.589+0000] {dag.py:4180} INFO - Setting next_dagrun for example_skip_dag to 2024-10-17 00:00:00+00:00, run_after=2024-10-18 00:00:00+00:00
[2024-10-18T11:17:40.632+0000] {processor.py:208} INFO - Processing /home/airflow/.local/lib/python3.12/site-packages/airflow/example_dags/example_skip_dag.py took 0.169 seconds
[2024-10-18T11:18:11.250+0000] {processor.py:186} INFO - Started process (PID=12575) to work on /home/airflow/.local/lib/python3.12/site-packages/airflow/example_dags/example_skip_dag.py
[2024-10-18T11:18:11.255+0000] {processor.py:914} INFO - Processing file /home/airflow/.local/lib/python3.12/site-packages/airflow/example_dags/example_skip_dag.py for tasks to queue
[2024-10-18T11:18:11.262+0000] {logging_mixin.py:190} INFO - [2024-10-18T11:18:11.262+0000] {dagbag.py:588} INFO - Filling up the DagBag from /home/airflow/.local/lib/python3.12/site-packages/airflow/example_dags/example_skip_dag.py
[2024-10-18T11:18:11.284+0000] {processor.py:925} INFO - DAG(s) 'example_skip_dag' retrieved from /home/airflow/.local/lib/python3.12/site-packages/airflow/example_dags/example_skip_dag.py
[2024-10-18T11:18:11.360+0000] {logging_mixin.py:190} INFO - [2024-10-18T11:18:11.349+0000] {dag.py:3239} INFO - Sync 1 DAGs
[2024-10-18T11:18:11.442+0000] {logging_mixin.py:190} INFO - [2024-10-18T11:18:11.441+0000] {dag.py:4180} INFO - Setting next_dagrun for example_skip_dag to 2024-10-17 00:00:00+00:00, run_after=2024-10-18 00:00:00+00:00
[2024-10-18T11:18:11.509+0000] {processor.py:208} INFO - Processing /home/airflow/.local/lib/python3.12/site-packages/airflow/example_dags/example_skip_dag.py took 0.270 seconds
[2024-10-18T11:18:41.951+0000] {processor.py:186} INFO - Started process (PID=12861) to work on /home/airflow/.local/lib/python3.12/site-packages/airflow/example_dags/example_skip_dag.py
[2024-10-18T11:18:41.953+0000] {processor.py:914} INFO - Processing file /home/airflow/.local/lib/python3.12/site-packages/airflow/example_dags/example_skip_dag.py for tasks to queue
[2024-10-18T11:18:41.959+0000] {logging_mixin.py:190} INFO - [2024-10-18T11:18:41.958+0000] {dagbag.py:588} INFO - Filling up the DagBag from /home/airflow/.local/lib/python3.12/site-packages/airflow/example_dags/example_skip_dag.py
[2024-10-18T11:18:41.976+0000] {processor.py:925} INFO - DAG(s) 'example_skip_dag' retrieved from /home/airflow/.local/lib/python3.12/site-packages/airflow/example_dags/example_skip_dag.py
[2024-10-18T11:18:42.035+0000] {logging_mixin.py:190} INFO - [2024-10-18T11:18:42.035+0000] {dag.py:3239} INFO - Sync 1 DAGs
[2024-10-18T11:18:42.093+0000] {logging_mixin.py:190} INFO - [2024-10-18T11:18:42.092+0000] {dag.py:4180} INFO - Setting next_dagrun for example_skip_dag to 2024-10-17 00:00:00+00:00, run_after=2024-10-18 00:00:00+00:00
[2024-10-18T11:18:42.150+0000] {processor.py:208} INFO - Processing /home/airflow/.local/lib/python3.12/site-packages/airflow/example_dags/example_skip_dag.py took 0.215 seconds
[2024-10-18T11:19:12.572+0000] {processor.py:186} INFO - Started process (PID=13148) to work on /home/airflow/.local/lib/python3.12/site-packages/airflow/example_dags/example_skip_dag.py
[2024-10-18T11:19:12.573+0000] {processor.py:914} INFO - Processing file /home/airflow/.local/lib/python3.12/site-packages/airflow/example_dags/example_skip_dag.py for tasks to queue
[2024-10-18T11:19:12.581+0000] {logging_mixin.py:190} INFO - [2024-10-18T11:19:12.580+0000] {dagbag.py:588} INFO - Filling up the DagBag from /home/airflow/.local/lib/python3.12/site-packages/airflow/example_dags/example_skip_dag.py
[2024-10-18T11:19:12.597+0000] {processor.py:925} INFO - DAG(s) 'example_skip_dag' retrieved from /home/airflow/.local/lib/python3.12/site-packages/airflow/example_dags/example_skip_dag.py
[2024-10-18T11:19:12.637+0000] {logging_mixin.py:190} INFO - [2024-10-18T11:19:12.636+0000] {dag.py:3239} INFO - Sync 1 DAGs
[2024-10-18T11:19:12.685+0000] {logging_mixin.py:190} INFO - [2024-10-18T11:19:12.685+0000] {dag.py:4180} INFO - Setting next_dagrun for example_skip_dag to 2024-10-17 00:00:00+00:00, run_after=2024-10-18 00:00:00+00:00
[2024-10-18T11:19:12.717+0000] {processor.py:208} INFO - Processing /home/airflow/.local/lib/python3.12/site-packages/airflow/example_dags/example_skip_dag.py took 0.159 seconds
[2024-10-18T11:19:42.963+0000] {processor.py:186} INFO - Started process (PID=13434) to work on /home/airflow/.local/lib/python3.12/site-packages/airflow/example_dags/example_skip_dag.py
[2024-10-18T11:19:42.964+0000] {processor.py:914} INFO - Processing file /home/airflow/.local/lib/python3.12/site-packages/airflow/example_dags/example_skip_dag.py for tasks to queue
[2024-10-18T11:19:42.967+0000] {logging_mixin.py:190} INFO - [2024-10-18T11:19:42.966+0000] {dagbag.py:588} INFO - Filling up the DagBag from /home/airflow/.local/lib/python3.12/site-packages/airflow/example_dags/example_skip_dag.py
[2024-10-18T11:19:42.974+0000] {processor.py:925} INFO - DAG(s) 'example_skip_dag' retrieved from /home/airflow/.local/lib/python3.12/site-packages/airflow/example_dags/example_skip_dag.py
[2024-10-18T11:19:42.996+0000] {logging_mixin.py:190} INFO - [2024-10-18T11:19:42.996+0000] {dag.py:3239} INFO - Sync 1 DAGs
[2024-10-18T11:19:43.021+0000] {logging_mixin.py:190} INFO - [2024-10-18T11:19:43.021+0000] {dag.py:4180} INFO - Setting next_dagrun for example_skip_dag to 2024-10-17 00:00:00+00:00, run_after=2024-10-18 00:00:00+00:00
[2024-10-18T11:19:43.044+0000] {processor.py:208} INFO - Processing /home/airflow/.local/lib/python3.12/site-packages/airflow/example_dags/example_skip_dag.py took 0.087 seconds
[2024-10-18T11:20:13.131+0000] {processor.py:186} INFO - Started process (PID=13720) to work on /home/airflow/.local/lib/python3.12/site-packages/airflow/example_dags/example_skip_dag.py
[2024-10-18T11:20:13.133+0000] {processor.py:914} INFO - Processing file /home/airflow/.local/lib/python3.12/site-packages/airflow/example_dags/example_skip_dag.py for tasks to queue
[2024-10-18T11:20:13.135+0000] {logging_mixin.py:190} INFO - [2024-10-18T11:20:13.135+0000] {dagbag.py:588} INFO - Filling up the DagBag from /home/airflow/.local/lib/python3.12/site-packages/airflow/example_dags/example_skip_dag.py
[2024-10-18T11:20:13.142+0000] {processor.py:925} INFO - DAG(s) 'example_skip_dag' retrieved from /home/airflow/.local/lib/python3.12/site-packages/airflow/example_dags/example_skip_dag.py
[2024-10-18T11:20:13.163+0000] {logging_mixin.py:190} INFO - [2024-10-18T11:20:13.163+0000] {dag.py:3239} INFO - Sync 1 DAGs
[2024-10-18T11:20:13.193+0000] {logging_mixin.py:190} INFO - [2024-10-18T11:20:13.193+0000] {dag.py:4180} INFO - Setting next_dagrun for example_skip_dag to 2024-10-17 00:00:00+00:00, run_after=2024-10-18 00:00:00+00:00
[2024-10-18T11:20:13.380+0000] {processor.py:208} INFO - Processing /home/airflow/.local/lib/python3.12/site-packages/airflow/example_dags/example_skip_dag.py took 0.254 seconds
[2024-10-18T11:20:43.866+0000] {processor.py:186} INFO - Started process (PID=14007) to work on /home/airflow/.local/lib/python3.12/site-packages/airflow/example_dags/example_skip_dag.py
[2024-10-18T11:20:43.868+0000] {processor.py:914} INFO - Processing file /home/airflow/.local/lib/python3.12/site-packages/airflow/example_dags/example_skip_dag.py for tasks to queue
[2024-10-18T11:20:43.872+0000] {logging_mixin.py:190} INFO - [2024-10-18T11:20:43.871+0000] {dagbag.py:588} INFO - Filling up the DagBag from /home/airflow/.local/lib/python3.12/site-packages/airflow/example_dags/example_skip_dag.py
[2024-10-18T11:20:43.883+0000] {processor.py:925} INFO - DAG(s) 'example_skip_dag' retrieved from /home/airflow/.local/lib/python3.12/site-packages/airflow/example_dags/example_skip_dag.py
[2024-10-18T11:20:43.913+0000] {logging_mixin.py:190} INFO - [2024-10-18T11:20:43.913+0000] {dag.py:3239} INFO - Sync 1 DAGs
[2024-10-18T11:20:43.943+0000] {logging_mixin.py:190} INFO - [2024-10-18T11:20:43.943+0000] {dag.py:4180} INFO - Setting next_dagrun for example_skip_dag to 2024-10-17 00:00:00+00:00, run_after=2024-10-18 00:00:00+00:00
[2024-10-18T11:20:43.968+0000] {processor.py:208} INFO - Processing /home/airflow/.local/lib/python3.12/site-packages/airflow/example_dags/example_skip_dag.py took 0.109 seconds
[2024-10-18T11:21:14.468+0000] {processor.py:186} INFO - Started process (PID=14293) to work on /home/airflow/.local/lib/python3.12/site-packages/airflow/example_dags/example_skip_dag.py
[2024-10-18T11:21:14.470+0000] {processor.py:914} INFO - Processing file /home/airflow/.local/lib/python3.12/site-packages/airflow/example_dags/example_skip_dag.py for tasks to queue
[2024-10-18T11:21:14.472+0000] {logging_mixin.py:190} INFO - [2024-10-18T11:21:14.471+0000] {dagbag.py:588} INFO - Filling up the DagBag from /home/airflow/.local/lib/python3.12/site-packages/airflow/example_dags/example_skip_dag.py
[2024-10-18T11:21:14.478+0000] {processor.py:925} INFO - DAG(s) 'example_skip_dag' retrieved from /home/airflow/.local/lib/python3.12/site-packages/airflow/example_dags/example_skip_dag.py
[2024-10-18T11:21:14.499+0000] {logging_mixin.py:190} INFO - [2024-10-18T11:21:14.499+0000] {dag.py:3239} INFO - Sync 1 DAGs
[2024-10-18T11:21:14.521+0000] {logging_mixin.py:190} INFO - [2024-10-18T11:21:14.521+0000] {dag.py:4180} INFO - Setting next_dagrun for example_skip_dag to 2024-10-17 00:00:00+00:00, run_after=2024-10-18 00:00:00+00:00
[2024-10-18T11:21:14.543+0000] {processor.py:208} INFO - Processing /home/airflow/.local/lib/python3.12/site-packages/airflow/example_dags/example_skip_dag.py took 0.079 seconds
