[2024-10-18T10:56:25.042+0000] {processor.py:186} INFO - Started process (PID=261) to work on /home/airflow/.local/lib/python3.12/site-packages/airflow/example_dags/example_branch_day_of_week_operator.py
[2024-10-18T10:56:25.043+0000] {processor.py:914} INFO - Processing file /home/airflow/.local/lib/python3.12/site-packages/airflow/example_dags/example_branch_day_of_week_operator.py for tasks to queue
[2024-10-18T10:56:25.046+0000] {logging_mixin.py:190} INFO - [2024-10-18T10:56:25.046+0000] {dagbag.py:588} INFO - Filling up the DagBag from /home/airflow/.local/lib/python3.12/site-packages/airflow/example_dags/example_branch_day_of_week_operator.py
[2024-10-18T10:56:25.060+0000] {processor.py:925} INFO - DAG(s) 'example_weekday_branch_operator' retrieved from /home/airflow/.local/lib/python3.12/site-packages/airflow/example_dags/example_branch_day_of_week_operator.py
[2024-10-18T10:56:25.241+0000] {logging_mixin.py:190} INFO - [2024-10-18T10:56:25.237+0000] {override.py:1900} INFO - Created Permission View: can delete on DAG:example_weekday_branch_operator
[2024-10-18T10:56:25.256+0000] {logging_mixin.py:190} INFO - [2024-10-18T10:56:25.255+0000] {override.py:1900} INFO - Created Permission View: can edit on DAG:example_weekday_branch_operator
[2024-10-18T10:56:25.268+0000] {logging_mixin.py:190} INFO - [2024-10-18T10:56:25.268+0000] {override.py:1900} INFO - Created Permission View: can read on DAG:example_weekday_branch_operator
[2024-10-18T10:56:25.280+0000] {logging_mixin.py:190} INFO - [2024-10-18T10:56:25.280+0000] {override.py:1900} INFO - Created Permission View: can delete on DAG Run:example_weekday_branch_operator
[2024-10-18T10:56:25.290+0000] {logging_mixin.py:190} INFO - [2024-10-18T10:56:25.289+0000] {override.py:1900} INFO - Created Permission View: menu access on DAG Run:example_weekday_branch_operator
[2024-10-18T10:56:25.301+0000] {logging_mixin.py:190} INFO - [2024-10-18T10:56:25.300+0000] {override.py:1900} INFO - Created Permission View: can read on DAG Run:example_weekday_branch_operator
[2024-10-18T10:56:25.311+0000] {logging_mixin.py:190} INFO - [2024-10-18T10:56:25.310+0000] {override.py:1900} INFO - Created Permission View: can create on DAG Run:example_weekday_branch_operator
[2024-10-18T10:56:25.312+0000] {logging_mixin.py:190} INFO - [2024-10-18T10:56:25.312+0000] {dag.py:3239} INFO - Sync 1 DAGs
[2024-10-18T10:56:25.331+0000] {logging_mixin.py:190} INFO - [2024-10-18T10:56:25.331+0000] {dag.py:3262} INFO - Creating ORM DAG for example_weekday_branch_operator
[2024-10-18T10:56:25.349+0000] {logging_mixin.py:190} INFO - [2024-10-18T10:56:25.349+0000] {dag.py:4180} INFO - Setting next_dagrun for example_weekday_branch_operator to 2024-10-17 00:00:00+00:00, run_after=2024-10-18 00:00:00+00:00
[2024-10-18T10:56:25.376+0000] {processor.py:208} INFO - Processing /home/airflow/.local/lib/python3.12/site-packages/airflow/example_dags/example_branch_day_of_week_operator.py took 0.341 seconds
[2024-10-18T10:56:55.827+0000] {processor.py:186} INFO - Started process (PID=545) to work on /home/airflow/.local/lib/python3.12/site-packages/airflow/example_dags/example_branch_day_of_week_operator.py
[2024-10-18T10:56:55.829+0000] {processor.py:914} INFO - Processing file /home/airflow/.local/lib/python3.12/site-packages/airflow/example_dags/example_branch_day_of_week_operator.py for tasks to queue
[2024-10-18T10:56:55.831+0000] {logging_mixin.py:190} INFO - [2024-10-18T10:56:55.831+0000] {dagbag.py:588} INFO - Filling up the DagBag from /home/airflow/.local/lib/python3.12/site-packages/airflow/example_dags/example_branch_day_of_week_operator.py
[2024-10-18T10:56:55.847+0000] {processor.py:925} INFO - DAG(s) 'example_weekday_branch_operator' retrieved from /home/airflow/.local/lib/python3.12/site-packages/airflow/example_dags/example_branch_day_of_week_operator.py
[2024-10-18T10:56:55.883+0000] {logging_mixin.py:190} INFO - [2024-10-18T10:56:55.883+0000] {dag.py:3239} INFO - Sync 1 DAGs
[2024-10-18T10:56:55.931+0000] {logging_mixin.py:190} INFO - [2024-10-18T10:56:55.931+0000] {dag.py:4180} INFO - Setting next_dagrun for example_weekday_branch_operator to 2024-10-17 00:00:00+00:00, run_after=2024-10-18 00:00:00+00:00
[2024-10-18T10:56:55.968+0000] {processor.py:208} INFO - Processing /home/airflow/.local/lib/python3.12/site-packages/airflow/example_dags/example_branch_day_of_week_operator.py took 0.151 seconds
[2024-10-18T10:57:26.867+0000] {processor.py:186} INFO - Started process (PID=833) to work on /home/airflow/.local/lib/python3.12/site-packages/airflow/example_dags/example_branch_day_of_week_operator.py
[2024-10-18T10:57:26.869+0000] {processor.py:914} INFO - Processing file /home/airflow/.local/lib/python3.12/site-packages/airflow/example_dags/example_branch_day_of_week_operator.py for tasks to queue
[2024-10-18T10:57:26.873+0000] {logging_mixin.py:190} INFO - [2024-10-18T10:57:26.872+0000] {dagbag.py:588} INFO - Filling up the DagBag from /home/airflow/.local/lib/python3.12/site-packages/airflow/example_dags/example_branch_day_of_week_operator.py
[2024-10-18T10:57:26.905+0000] {processor.py:925} INFO - DAG(s) 'example_weekday_branch_operator' retrieved from /home/airflow/.local/lib/python3.12/site-packages/airflow/example_dags/example_branch_day_of_week_operator.py
[2024-10-18T10:57:26.967+0000] {logging_mixin.py:190} INFO - [2024-10-18T10:57:26.960+0000] {dag.py:3239} INFO - Sync 1 DAGs
[2024-10-18T10:57:27.042+0000] {logging_mixin.py:190} INFO - [2024-10-18T10:57:27.042+0000] {dag.py:4180} INFO - Setting next_dagrun for example_weekday_branch_operator to 2024-10-17 00:00:00+00:00, run_after=2024-10-18 00:00:00+00:00
[2024-10-18T10:57:27.106+0000] {processor.py:208} INFO - Processing /home/airflow/.local/lib/python3.12/site-packages/airflow/example_dags/example_branch_day_of_week_operator.py took 0.255 seconds
[2024-10-18T10:57:58.038+0000] {processor.py:186} INFO - Started process (PID=1121) to work on /home/airflow/.local/lib/python3.12/site-packages/airflow/example_dags/example_branch_day_of_week_operator.py
[2024-10-18T10:57:58.040+0000] {processor.py:914} INFO - Processing file /home/airflow/.local/lib/python3.12/site-packages/airflow/example_dags/example_branch_day_of_week_operator.py for tasks to queue
[2024-10-18T10:57:58.046+0000] {logging_mixin.py:190} INFO - [2024-10-18T10:57:58.045+0000] {dagbag.py:588} INFO - Filling up the DagBag from /home/airflow/.local/lib/python3.12/site-packages/airflow/example_dags/example_branch_day_of_week_operator.py
[2024-10-18T10:57:58.066+0000] {processor.py:925} INFO - DAG(s) 'example_weekday_branch_operator' retrieved from /home/airflow/.local/lib/python3.12/site-packages/airflow/example_dags/example_branch_day_of_week_operator.py
[2024-10-18T10:57:58.106+0000] {logging_mixin.py:190} INFO - [2024-10-18T10:57:58.105+0000] {dag.py:3239} INFO - Sync 1 DAGs
[2024-10-18T10:57:58.152+0000] {logging_mixin.py:190} INFO - [2024-10-18T10:57:58.152+0000] {dag.py:4180} INFO - Setting next_dagrun for example_weekday_branch_operator to 2024-10-17 00:00:00+00:00, run_after=2024-10-18 00:00:00+00:00
[2024-10-18T10:57:58.184+0000] {processor.py:208} INFO - Processing /home/airflow/.local/lib/python3.12/site-packages/airflow/example_dags/example_branch_day_of_week_operator.py took 0.160 seconds
[2024-10-18T10:58:29.074+0000] {processor.py:186} INFO - Started process (PID=1412) to work on /home/airflow/.local/lib/python3.12/site-packages/airflow/example_dags/example_branch_day_of_week_operator.py
[2024-10-18T10:58:29.075+0000] {processor.py:914} INFO - Processing file /home/airflow/.local/lib/python3.12/site-packages/airflow/example_dags/example_branch_day_of_week_operator.py for tasks to queue
[2024-10-18T10:58:29.077+0000] {logging_mixin.py:190} INFO - [2024-10-18T10:58:29.077+0000] {dagbag.py:588} INFO - Filling up the DagBag from /home/airflow/.local/lib/python3.12/site-packages/airflow/example_dags/example_branch_day_of_week_operator.py
[2024-10-18T10:58:29.086+0000] {processor.py:925} INFO - DAG(s) 'example_weekday_branch_operator' retrieved from /home/airflow/.local/lib/python3.12/site-packages/airflow/example_dags/example_branch_day_of_week_operator.py
[2024-10-18T10:58:29.106+0000] {logging_mixin.py:190} INFO - [2024-10-18T10:58:29.105+0000] {dag.py:3239} INFO - Sync 1 DAGs
[2024-10-18T10:58:29.131+0000] {logging_mixin.py:190} INFO - [2024-10-18T10:58:29.131+0000] {dag.py:4180} INFO - Setting next_dagrun for example_weekday_branch_operator to 2024-10-17 00:00:00+00:00, run_after=2024-10-18 00:00:00+00:00
[2024-10-18T10:58:29.154+0000] {processor.py:208} INFO - Processing /home/airflow/.local/lib/python3.12/site-packages/airflow/example_dags/example_branch_day_of_week_operator.py took 0.085 seconds
[2024-10-18T10:58:59.510+0000] {processor.py:186} INFO - Started process (PID=1697) to work on /home/airflow/.local/lib/python3.12/site-packages/airflow/example_dags/example_branch_day_of_week_operator.py
[2024-10-18T10:58:59.511+0000] {processor.py:914} INFO - Processing file /home/airflow/.local/lib/python3.12/site-packages/airflow/example_dags/example_branch_day_of_week_operator.py for tasks to queue
[2024-10-18T10:58:59.514+0000] {logging_mixin.py:190} INFO - [2024-10-18T10:58:59.513+0000] {dagbag.py:588} INFO - Filling up the DagBag from /home/airflow/.local/lib/python3.12/site-packages/airflow/example_dags/example_branch_day_of_week_operator.py
[2024-10-18T10:58:59.522+0000] {processor.py:925} INFO - DAG(s) 'example_weekday_branch_operator' retrieved from /home/airflow/.local/lib/python3.12/site-packages/airflow/example_dags/example_branch_day_of_week_operator.py
[2024-10-18T10:58:59.541+0000] {logging_mixin.py:190} INFO - [2024-10-18T10:58:59.540+0000] {dag.py:3239} INFO - Sync 1 DAGs
[2024-10-18T10:58:59.563+0000] {logging_mixin.py:190} INFO - [2024-10-18T10:58:59.563+0000] {dag.py:4180} INFO - Setting next_dagrun for example_weekday_branch_operator to 2024-10-17 00:00:00+00:00, run_after=2024-10-18 00:00:00+00:00
[2024-10-18T10:58:59.583+0000] {processor.py:208} INFO - Processing /home/airflow/.local/lib/python3.12/site-packages/airflow/example_dags/example_branch_day_of_week_operator.py took 0.077 seconds
[2024-10-18T10:59:30.032+0000] {processor.py:186} INFO - Started process (PID=1983) to work on /home/airflow/.local/lib/python3.12/site-packages/airflow/example_dags/example_branch_day_of_week_operator.py
[2024-10-18T10:59:30.033+0000] {processor.py:914} INFO - Processing file /home/airflow/.local/lib/python3.12/site-packages/airflow/example_dags/example_branch_day_of_week_operator.py for tasks to queue
[2024-10-18T10:59:30.036+0000] {logging_mixin.py:190} INFO - [2024-10-18T10:59:30.036+0000] {dagbag.py:588} INFO - Filling up the DagBag from /home/airflow/.local/lib/python3.12/site-packages/airflow/example_dags/example_branch_day_of_week_operator.py
[2024-10-18T10:59:30.046+0000] {processor.py:925} INFO - DAG(s) 'example_weekday_branch_operator' retrieved from /home/airflow/.local/lib/python3.12/site-packages/airflow/example_dags/example_branch_day_of_week_operator.py
[2024-10-18T10:59:30.068+0000] {logging_mixin.py:190} INFO - [2024-10-18T10:59:30.067+0000] {dag.py:3239} INFO - Sync 1 DAGs
[2024-10-18T10:59:30.092+0000] {logging_mixin.py:190} INFO - [2024-10-18T10:59:30.092+0000] {dag.py:4180} INFO - Setting next_dagrun for example_weekday_branch_operator to 2024-10-17 00:00:00+00:00, run_after=2024-10-18 00:00:00+00:00
[2024-10-18T10:59:30.114+0000] {processor.py:208} INFO - Processing /home/airflow/.local/lib/python3.12/site-packages/airflow/example_dags/example_branch_day_of_week_operator.py took 0.087 seconds
[2024-10-18T11:00:00.353+0000] {processor.py:186} INFO - Started process (PID=2269) to work on /home/airflow/.local/lib/python3.12/site-packages/airflow/example_dags/example_branch_day_of_week_operator.py
[2024-10-18T11:00:00.354+0000] {processor.py:914} INFO - Processing file /home/airflow/.local/lib/python3.12/site-packages/airflow/example_dags/example_branch_day_of_week_operator.py for tasks to queue
[2024-10-18T11:00:00.357+0000] {logging_mixin.py:190} INFO - [2024-10-18T11:00:00.356+0000] {dagbag.py:588} INFO - Filling up the DagBag from /home/airflow/.local/lib/python3.12/site-packages/airflow/example_dags/example_branch_day_of_week_operator.py
[2024-10-18T11:00:00.365+0000] {processor.py:925} INFO - DAG(s) 'example_weekday_branch_operator' retrieved from /home/airflow/.local/lib/python3.12/site-packages/airflow/example_dags/example_branch_day_of_week_operator.py
[2024-10-18T11:00:00.385+0000] {logging_mixin.py:190} INFO - [2024-10-18T11:00:00.385+0000] {dag.py:3239} INFO - Sync 1 DAGs
[2024-10-18T11:00:00.407+0000] {logging_mixin.py:190} INFO - [2024-10-18T11:00:00.407+0000] {dag.py:4180} INFO - Setting next_dagrun for example_weekday_branch_operator to 2024-10-17 00:00:00+00:00, run_after=2024-10-18 00:00:00+00:00
[2024-10-18T11:00:00.427+0000] {processor.py:208} INFO - Processing /home/airflow/.local/lib/python3.12/site-packages/airflow/example_dags/example_branch_day_of_week_operator.py took 0.079 seconds
[2024-10-18T11:00:30.681+0000] {processor.py:186} INFO - Started process (PID=2555) to work on /home/airflow/.local/lib/python3.12/site-packages/airflow/example_dags/example_branch_day_of_week_operator.py
[2024-10-18T11:00:30.682+0000] {processor.py:914} INFO - Processing file /home/airflow/.local/lib/python3.12/site-packages/airflow/example_dags/example_branch_day_of_week_operator.py for tasks to queue
[2024-10-18T11:00:30.686+0000] {logging_mixin.py:190} INFO - [2024-10-18T11:00:30.685+0000] {dagbag.py:588} INFO - Filling up the DagBag from /home/airflow/.local/lib/python3.12/site-packages/airflow/example_dags/example_branch_day_of_week_operator.py
[2024-10-18T11:00:30.697+0000] {processor.py:925} INFO - DAG(s) 'example_weekday_branch_operator' retrieved from /home/airflow/.local/lib/python3.12/site-packages/airflow/example_dags/example_branch_day_of_week_operator.py
[2024-10-18T11:00:30.722+0000] {logging_mixin.py:190} INFO - [2024-10-18T11:00:30.721+0000] {dag.py:3239} INFO - Sync 1 DAGs
[2024-10-18T11:00:30.755+0000] {logging_mixin.py:190} INFO - [2024-10-18T11:00:30.755+0000] {dag.py:4180} INFO - Setting next_dagrun for example_weekday_branch_operator to 2024-10-17 00:00:00+00:00, run_after=2024-10-18 00:00:00+00:00
[2024-10-18T11:00:30.781+0000] {processor.py:208} INFO - Processing /home/airflow/.local/lib/python3.12/site-packages/airflow/example_dags/example_branch_day_of_week_operator.py took 0.107 seconds
[2024-10-18T11:01:01.287+0000] {processor.py:186} INFO - Started process (PID=2841) to work on /home/airflow/.local/lib/python3.12/site-packages/airflow/example_dags/example_branch_day_of_week_operator.py
[2024-10-18T11:01:01.288+0000] {processor.py:914} INFO - Processing file /home/airflow/.local/lib/python3.12/site-packages/airflow/example_dags/example_branch_day_of_week_operator.py for tasks to queue
[2024-10-18T11:01:01.291+0000] {logging_mixin.py:190} INFO - [2024-10-18T11:01:01.290+0000] {dagbag.py:588} INFO - Filling up the DagBag from /home/airflow/.local/lib/python3.12/site-packages/airflow/example_dags/example_branch_day_of_week_operator.py
[2024-10-18T11:01:01.298+0000] {processor.py:925} INFO - DAG(s) 'example_weekday_branch_operator' retrieved from /home/airflow/.local/lib/python3.12/site-packages/airflow/example_dags/example_branch_day_of_week_operator.py
[2024-10-18T11:01:01.317+0000] {logging_mixin.py:190} INFO - [2024-10-18T11:01:01.317+0000] {dag.py:3239} INFO - Sync 1 DAGs
[2024-10-18T11:01:01.340+0000] {logging_mixin.py:190} INFO - [2024-10-18T11:01:01.340+0000] {dag.py:4180} INFO - Setting next_dagrun for example_weekday_branch_operator to 2024-10-17 00:00:00+00:00, run_after=2024-10-18 00:00:00+00:00
[2024-10-18T11:01:01.362+0000] {processor.py:208} INFO - Processing /home/airflow/.local/lib/python3.12/site-packages/airflow/example_dags/example_branch_day_of_week_operator.py took 0.079 seconds
[2024-10-18T11:01:31.651+0000] {processor.py:186} INFO - Started process (PID=3127) to work on /home/airflow/.local/lib/python3.12/site-packages/airflow/example_dags/example_branch_day_of_week_operator.py
[2024-10-18T11:01:31.652+0000] {processor.py:914} INFO - Processing file /home/airflow/.local/lib/python3.12/site-packages/airflow/example_dags/example_branch_day_of_week_operator.py for tasks to queue
[2024-10-18T11:01:31.654+0000] {logging_mixin.py:190} INFO - [2024-10-18T11:01:31.654+0000] {dagbag.py:588} INFO - Filling up the DagBag from /home/airflow/.local/lib/python3.12/site-packages/airflow/example_dags/example_branch_day_of_week_operator.py
[2024-10-18T11:01:31.666+0000] {processor.py:925} INFO - DAG(s) 'example_weekday_branch_operator' retrieved from /home/airflow/.local/lib/python3.12/site-packages/airflow/example_dags/example_branch_day_of_week_operator.py
[2024-10-18T11:01:31.690+0000] {logging_mixin.py:190} INFO - [2024-10-18T11:01:31.690+0000] {dag.py:3239} INFO - Sync 1 DAGs
[2024-10-18T11:01:31.723+0000] {logging_mixin.py:190} INFO - [2024-10-18T11:01:31.723+0000] {dag.py:4180} INFO - Setting next_dagrun for example_weekday_branch_operator to 2024-10-17 00:00:00+00:00, run_after=2024-10-18 00:00:00+00:00
[2024-10-18T11:01:31.746+0000] {processor.py:208} INFO - Processing /home/airflow/.local/lib/python3.12/site-packages/airflow/example_dags/example_branch_day_of_week_operator.py took 0.101 seconds
[2024-10-18T11:02:02.307+0000] {processor.py:186} INFO - Started process (PID=3413) to work on /home/airflow/.local/lib/python3.12/site-packages/airflow/example_dags/example_branch_day_of_week_operator.py
[2024-10-18T11:02:02.308+0000] {processor.py:914} INFO - Processing file /home/airflow/.local/lib/python3.12/site-packages/airflow/example_dags/example_branch_day_of_week_operator.py for tasks to queue
[2024-10-18T11:02:02.311+0000] {logging_mixin.py:190} INFO - [2024-10-18T11:02:02.310+0000] {dagbag.py:588} INFO - Filling up the DagBag from /home/airflow/.local/lib/python3.12/site-packages/airflow/example_dags/example_branch_day_of_week_operator.py
[2024-10-18T11:02:02.322+0000] {processor.py:925} INFO - DAG(s) 'example_weekday_branch_operator' retrieved from /home/airflow/.local/lib/python3.12/site-packages/airflow/example_dags/example_branch_day_of_week_operator.py
[2024-10-18T11:02:02.341+0000] {logging_mixin.py:190} INFO - [2024-10-18T11:02:02.341+0000] {dag.py:3239} INFO - Sync 1 DAGs
[2024-10-18T11:02:02.364+0000] {logging_mixin.py:190} INFO - [2024-10-18T11:02:02.364+0000] {dag.py:4180} INFO - Setting next_dagrun for example_weekday_branch_operator to 2024-10-17 00:00:00+00:00, run_after=2024-10-18 00:00:00+00:00
[2024-10-18T11:02:02.385+0000] {processor.py:208} INFO - Processing /home/airflow/.local/lib/python3.12/site-packages/airflow/example_dags/example_branch_day_of_week_operator.py took 0.083 seconds
[2024-10-18T11:02:32.670+0000] {processor.py:186} INFO - Started process (PID=3699) to work on /home/airflow/.local/lib/python3.12/site-packages/airflow/example_dags/example_branch_day_of_week_operator.py
[2024-10-18T11:02:32.671+0000] {processor.py:914} INFO - Processing file /home/airflow/.local/lib/python3.12/site-packages/airflow/example_dags/example_branch_day_of_week_operator.py for tasks to queue
[2024-10-18T11:02:32.673+0000] {logging_mixin.py:190} INFO - [2024-10-18T11:02:32.673+0000] {dagbag.py:588} INFO - Filling up the DagBag from /home/airflow/.local/lib/python3.12/site-packages/airflow/example_dags/example_branch_day_of_week_operator.py
[2024-10-18T11:02:32.681+0000] {processor.py:925} INFO - DAG(s) 'example_weekday_branch_operator' retrieved from /home/airflow/.local/lib/python3.12/site-packages/airflow/example_dags/example_branch_day_of_week_operator.py
[2024-10-18T11:02:32.700+0000] {logging_mixin.py:190} INFO - [2024-10-18T11:02:32.700+0000] {dag.py:3239} INFO - Sync 1 DAGs
[2024-10-18T11:02:32.722+0000] {logging_mixin.py:190} INFO - [2024-10-18T11:02:32.722+0000] {dag.py:4180} INFO - Setting next_dagrun for example_weekday_branch_operator to 2024-10-17 00:00:00+00:00, run_after=2024-10-18 00:00:00+00:00
[2024-10-18T11:02:32.742+0000] {processor.py:208} INFO - Processing /home/airflow/.local/lib/python3.12/site-packages/airflow/example_dags/example_branch_day_of_week_operator.py took 0.077 seconds
[2024-10-18T11:03:03.178+0000] {processor.py:186} INFO - Started process (PID=3985) to work on /home/airflow/.local/lib/python3.12/site-packages/airflow/example_dags/example_branch_day_of_week_operator.py
[2024-10-18T11:03:03.180+0000] {processor.py:914} INFO - Processing file /home/airflow/.local/lib/python3.12/site-packages/airflow/example_dags/example_branch_day_of_week_operator.py for tasks to queue
[2024-10-18T11:03:03.182+0000] {logging_mixin.py:190} INFO - [2024-10-18T11:03:03.181+0000] {dagbag.py:588} INFO - Filling up the DagBag from /home/airflow/.local/lib/python3.12/site-packages/airflow/example_dags/example_branch_day_of_week_operator.py
[2024-10-18T11:03:03.190+0000] {processor.py:925} INFO - DAG(s) 'example_weekday_branch_operator' retrieved from /home/airflow/.local/lib/python3.12/site-packages/airflow/example_dags/example_branch_day_of_week_operator.py
[2024-10-18T11:03:03.208+0000] {logging_mixin.py:190} INFO - [2024-10-18T11:03:03.208+0000] {dag.py:3239} INFO - Sync 1 DAGs
[2024-10-18T11:03:03.230+0000] {logging_mixin.py:190} INFO - [2024-10-18T11:03:03.230+0000] {dag.py:4180} INFO - Setting next_dagrun for example_weekday_branch_operator to 2024-10-17 00:00:00+00:00, run_after=2024-10-18 00:00:00+00:00
[2024-10-18T11:03:03.251+0000] {processor.py:208} INFO - Processing /home/airflow/.local/lib/python3.12/site-packages/airflow/example_dags/example_branch_day_of_week_operator.py took 0.078 seconds
[2024-10-18T11:03:33.568+0000] {processor.py:186} INFO - Started process (PID=4271) to work on /home/airflow/.local/lib/python3.12/site-packages/airflow/example_dags/example_branch_day_of_week_operator.py
[2024-10-18T11:03:33.569+0000] {processor.py:914} INFO - Processing file /home/airflow/.local/lib/python3.12/site-packages/airflow/example_dags/example_branch_day_of_week_operator.py for tasks to queue
[2024-10-18T11:03:33.571+0000] {logging_mixin.py:190} INFO - [2024-10-18T11:03:33.571+0000] {dagbag.py:588} INFO - Filling up the DagBag from /home/airflow/.local/lib/python3.12/site-packages/airflow/example_dags/example_branch_day_of_week_operator.py
[2024-10-18T11:03:33.581+0000] {processor.py:925} INFO - DAG(s) 'example_weekday_branch_operator' retrieved from /home/airflow/.local/lib/python3.12/site-packages/airflow/example_dags/example_branch_day_of_week_operator.py
[2024-10-18T11:03:33.600+0000] {logging_mixin.py:190} INFO - [2024-10-18T11:03:33.599+0000] {dag.py:3239} INFO - Sync 1 DAGs
[2024-10-18T11:03:33.621+0000] {logging_mixin.py:190} INFO - [2024-10-18T11:03:33.621+0000] {dag.py:4180} INFO - Setting next_dagrun for example_weekday_branch_operator to 2024-10-17 00:00:00+00:00, run_after=2024-10-18 00:00:00+00:00
[2024-10-18T11:03:33.640+0000] {processor.py:208} INFO - Processing /home/airflow/.local/lib/python3.12/site-packages/airflow/example_dags/example_branch_day_of_week_operator.py took 0.079 seconds
[2024-10-18T11:04:03.902+0000] {processor.py:186} INFO - Started process (PID=4557) to work on /home/airflow/.local/lib/python3.12/site-packages/airflow/example_dags/example_branch_day_of_week_operator.py
[2024-10-18T11:04:03.903+0000] {processor.py:914} INFO - Processing file /home/airflow/.local/lib/python3.12/site-packages/airflow/example_dags/example_branch_day_of_week_operator.py for tasks to queue
[2024-10-18T11:04:03.905+0000] {logging_mixin.py:190} INFO - [2024-10-18T11:04:03.905+0000] {dagbag.py:588} INFO - Filling up the DagBag from /home/airflow/.local/lib/python3.12/site-packages/airflow/example_dags/example_branch_day_of_week_operator.py
[2024-10-18T11:04:03.913+0000] {processor.py:925} INFO - DAG(s) 'example_weekday_branch_operator' retrieved from /home/airflow/.local/lib/python3.12/site-packages/airflow/example_dags/example_branch_day_of_week_operator.py
[2024-10-18T11:04:03.932+0000] {logging_mixin.py:190} INFO - [2024-10-18T11:04:03.932+0000] {dag.py:3239} INFO - Sync 1 DAGs
[2024-10-18T11:04:03.953+0000] {logging_mixin.py:190} INFO - [2024-10-18T11:04:03.953+0000] {dag.py:4180} INFO - Setting next_dagrun for example_weekday_branch_operator to 2024-10-17 00:00:00+00:00, run_after=2024-10-18 00:00:00+00:00
[2024-10-18T11:04:03.971+0000] {processor.py:208} INFO - Processing /home/airflow/.local/lib/python3.12/site-packages/airflow/example_dags/example_branch_day_of_week_operator.py took 0.073 seconds
[2024-10-18T11:04:34.180+0000] {processor.py:186} INFO - Started process (PID=4843) to work on /home/airflow/.local/lib/python3.12/site-packages/airflow/example_dags/example_branch_day_of_week_operator.py
[2024-10-18T11:04:34.181+0000] {processor.py:914} INFO - Processing file /home/airflow/.local/lib/python3.12/site-packages/airflow/example_dags/example_branch_day_of_week_operator.py for tasks to queue
[2024-10-18T11:04:34.183+0000] {logging_mixin.py:190} INFO - [2024-10-18T11:04:34.183+0000] {dagbag.py:588} INFO - Filling up the DagBag from /home/airflow/.local/lib/python3.12/site-packages/airflow/example_dags/example_branch_day_of_week_operator.py
[2024-10-18T11:04:34.191+0000] {processor.py:925} INFO - DAG(s) 'example_weekday_branch_operator' retrieved from /home/airflow/.local/lib/python3.12/site-packages/airflow/example_dags/example_branch_day_of_week_operator.py
[2024-10-18T11:04:34.209+0000] {logging_mixin.py:190} INFO - [2024-10-18T11:04:34.209+0000] {dag.py:3239} INFO - Sync 1 DAGs
[2024-10-18T11:04:34.231+0000] {logging_mixin.py:190} INFO - [2024-10-18T11:04:34.230+0000] {dag.py:4180} INFO - Setting next_dagrun for example_weekday_branch_operator to 2024-10-17 00:00:00+00:00, run_after=2024-10-18 00:00:00+00:00
[2024-10-18T11:04:34.251+0000] {processor.py:208} INFO - Processing /home/airflow/.local/lib/python3.12/site-packages/airflow/example_dags/example_branch_day_of_week_operator.py took 0.076 seconds
[2024-10-18T11:05:04.423+0000] {processor.py:186} INFO - Started process (PID=5126) to work on /home/airflow/.local/lib/python3.12/site-packages/airflow/example_dags/example_branch_day_of_week_operator.py
[2024-10-18T11:05:04.425+0000] {processor.py:914} INFO - Processing file /home/airflow/.local/lib/python3.12/site-packages/airflow/example_dags/example_branch_day_of_week_operator.py for tasks to queue
[2024-10-18T11:05:04.427+0000] {logging_mixin.py:190} INFO - [2024-10-18T11:05:04.427+0000] {dagbag.py:588} INFO - Filling up the DagBag from /home/airflow/.local/lib/python3.12/site-packages/airflow/example_dags/example_branch_day_of_week_operator.py
[2024-10-18T11:05:04.437+0000] {processor.py:925} INFO - DAG(s) 'example_weekday_branch_operator' retrieved from /home/airflow/.local/lib/python3.12/site-packages/airflow/example_dags/example_branch_day_of_week_operator.py
[2024-10-18T11:05:04.456+0000] {logging_mixin.py:190} INFO - [2024-10-18T11:05:04.456+0000] {dag.py:3239} INFO - Sync 1 DAGs
[2024-10-18T11:05:04.477+0000] {logging_mixin.py:190} INFO - [2024-10-18T11:05:04.477+0000] {dag.py:4180} INFO - Setting next_dagrun for example_weekday_branch_operator to 2024-10-17 00:00:00+00:00, run_after=2024-10-18 00:00:00+00:00
[2024-10-18T11:05:04.499+0000] {processor.py:208} INFO - Processing /home/airflow/.local/lib/python3.12/site-packages/airflow/example_dags/example_branch_day_of_week_operator.py took 0.083 seconds
[2024-10-18T11:05:34.767+0000] {processor.py:186} INFO - Started process (PID=5415) to work on /home/airflow/.local/lib/python3.12/site-packages/airflow/example_dags/example_branch_day_of_week_operator.py
[2024-10-18T11:05:34.768+0000] {processor.py:914} INFO - Processing file /home/airflow/.local/lib/python3.12/site-packages/airflow/example_dags/example_branch_day_of_week_operator.py for tasks to queue
[2024-10-18T11:05:34.771+0000] {logging_mixin.py:190} INFO - [2024-10-18T11:05:34.770+0000] {dagbag.py:588} INFO - Filling up the DagBag from /home/airflow/.local/lib/python3.12/site-packages/airflow/example_dags/example_branch_day_of_week_operator.py
[2024-10-18T11:05:34.780+0000] {processor.py:925} INFO - DAG(s) 'example_weekday_branch_operator' retrieved from /home/airflow/.local/lib/python3.12/site-packages/airflow/example_dags/example_branch_day_of_week_operator.py
[2024-10-18T11:05:34.798+0000] {logging_mixin.py:190} INFO - [2024-10-18T11:05:34.798+0000] {dag.py:3239} INFO - Sync 1 DAGs
[2024-10-18T11:05:34.820+0000] {logging_mixin.py:190} INFO - [2024-10-18T11:05:34.820+0000] {dag.py:4180} INFO - Setting next_dagrun for example_weekday_branch_operator to 2024-10-17 00:00:00+00:00, run_after=2024-10-18 00:00:00+00:00
[2024-10-18T11:05:34.840+0000] {processor.py:208} INFO - Processing /home/airflow/.local/lib/python3.12/site-packages/airflow/example_dags/example_branch_day_of_week_operator.py took 0.080 seconds
[2024-10-18T11:06:05.019+0000] {processor.py:186} INFO - Started process (PID=5701) to work on /home/airflow/.local/lib/python3.12/site-packages/airflow/example_dags/example_branch_day_of_week_operator.py
[2024-10-18T11:06:05.020+0000] {processor.py:914} INFO - Processing file /home/airflow/.local/lib/python3.12/site-packages/airflow/example_dags/example_branch_day_of_week_operator.py for tasks to queue
[2024-10-18T11:06:05.022+0000] {logging_mixin.py:190} INFO - [2024-10-18T11:06:05.022+0000] {dagbag.py:588} INFO - Filling up the DagBag from /home/airflow/.local/lib/python3.12/site-packages/airflow/example_dags/example_branch_day_of_week_operator.py
[2024-10-18T11:06:05.034+0000] {processor.py:925} INFO - DAG(s) 'example_weekday_branch_operator' retrieved from /home/airflow/.local/lib/python3.12/site-packages/airflow/example_dags/example_branch_day_of_week_operator.py
[2024-10-18T11:06:05.065+0000] {logging_mixin.py:190} INFO - [2024-10-18T11:06:05.064+0000] {dag.py:3239} INFO - Sync 1 DAGs
[2024-10-18T11:06:05.090+0000] {logging_mixin.py:190} INFO - [2024-10-18T11:06:05.089+0000] {dag.py:4180} INFO - Setting next_dagrun for example_weekday_branch_operator to 2024-10-17 00:00:00+00:00, run_after=2024-10-18 00:00:00+00:00
[2024-10-18T11:06:05.116+0000] {processor.py:208} INFO - Processing /home/airflow/.local/lib/python3.12/site-packages/airflow/example_dags/example_branch_day_of_week_operator.py took 0.102 seconds
[2024-10-18T11:06:35.504+0000] {processor.py:186} INFO - Started process (PID=5987) to work on /home/airflow/.local/lib/python3.12/site-packages/airflow/example_dags/example_branch_day_of_week_operator.py
[2024-10-18T11:06:35.505+0000] {processor.py:914} INFO - Processing file /home/airflow/.local/lib/python3.12/site-packages/airflow/example_dags/example_branch_day_of_week_operator.py for tasks to queue
[2024-10-18T11:06:35.507+0000] {logging_mixin.py:190} INFO - [2024-10-18T11:06:35.507+0000] {dagbag.py:588} INFO - Filling up the DagBag from /home/airflow/.local/lib/python3.12/site-packages/airflow/example_dags/example_branch_day_of_week_operator.py
[2024-10-18T11:06:35.516+0000] {processor.py:925} INFO - DAG(s) 'example_weekday_branch_operator' retrieved from /home/airflow/.local/lib/python3.12/site-packages/airflow/example_dags/example_branch_day_of_week_operator.py
[2024-10-18T11:06:35.534+0000] {logging_mixin.py:190} INFO - [2024-10-18T11:06:35.534+0000] {dag.py:3239} INFO - Sync 1 DAGs
[2024-10-18T11:06:35.556+0000] {logging_mixin.py:190} INFO - [2024-10-18T11:06:35.556+0000] {dag.py:4180} INFO - Setting next_dagrun for example_weekday_branch_operator to 2024-10-17 00:00:00+00:00, run_after=2024-10-18 00:00:00+00:00
[2024-10-18T11:06:35.577+0000] {processor.py:208} INFO - Processing /home/airflow/.local/lib/python3.12/site-packages/airflow/example_dags/example_branch_day_of_week_operator.py took 0.077 seconds
[2024-10-18T11:07:05.855+0000] {processor.py:186} INFO - Started process (PID=6273) to work on /home/airflow/.local/lib/python3.12/site-packages/airflow/example_dags/example_branch_day_of_week_operator.py
[2024-10-18T11:07:05.856+0000] {processor.py:914} INFO - Processing file /home/airflow/.local/lib/python3.12/site-packages/airflow/example_dags/example_branch_day_of_week_operator.py for tasks to queue
[2024-10-18T11:07:05.858+0000] {logging_mixin.py:190} INFO - [2024-10-18T11:07:05.858+0000] {dagbag.py:588} INFO - Filling up the DagBag from /home/airflow/.local/lib/python3.12/site-packages/airflow/example_dags/example_branch_day_of_week_operator.py
[2024-10-18T11:07:05.868+0000] {processor.py:925} INFO - DAG(s) 'example_weekday_branch_operator' retrieved from /home/airflow/.local/lib/python3.12/site-packages/airflow/example_dags/example_branch_day_of_week_operator.py
[2024-10-18T11:07:05.888+0000] {logging_mixin.py:190} INFO - [2024-10-18T11:07:05.887+0000] {dag.py:3239} INFO - Sync 1 DAGs
[2024-10-18T11:07:05.909+0000] {logging_mixin.py:190} INFO - [2024-10-18T11:07:05.909+0000] {dag.py:4180} INFO - Setting next_dagrun for example_weekday_branch_operator to 2024-10-17 00:00:00+00:00, run_after=2024-10-18 00:00:00+00:00
[2024-10-18T11:07:05.929+0000] {processor.py:208} INFO - Processing /home/airflow/.local/lib/python3.12/site-packages/airflow/example_dags/example_branch_day_of_week_operator.py took 0.079 seconds
[2024-10-18T11:07:36.051+0000] {processor.py:186} INFO - Started process (PID=6556) to work on /home/airflow/.local/lib/python3.12/site-packages/airflow/example_dags/example_branch_day_of_week_operator.py
[2024-10-18T11:07:36.052+0000] {processor.py:914} INFO - Processing file /home/airflow/.local/lib/python3.12/site-packages/airflow/example_dags/example_branch_day_of_week_operator.py for tasks to queue
[2024-10-18T11:07:36.054+0000] {logging_mixin.py:190} INFO - [2024-10-18T11:07:36.054+0000] {dagbag.py:588} INFO - Filling up the DagBag from /home/airflow/.local/lib/python3.12/site-packages/airflow/example_dags/example_branch_day_of_week_operator.py
[2024-10-18T11:07:36.062+0000] {processor.py:925} INFO - DAG(s) 'example_weekday_branch_operator' retrieved from /home/airflow/.local/lib/python3.12/site-packages/airflow/example_dags/example_branch_day_of_week_operator.py
[2024-10-18T11:07:36.082+0000] {logging_mixin.py:190} INFO - [2024-10-18T11:07:36.081+0000] {dag.py:3239} INFO - Sync 1 DAGs
[2024-10-18T11:07:36.106+0000] {logging_mixin.py:190} INFO - [2024-10-18T11:07:36.105+0000] {dag.py:4180} INFO - Setting next_dagrun for example_weekday_branch_operator to 2024-10-17 00:00:00+00:00, run_after=2024-10-18 00:00:00+00:00
[2024-10-18T11:07:36.127+0000] {processor.py:208} INFO - Processing /home/airflow/.local/lib/python3.12/site-packages/airflow/example_dags/example_branch_day_of_week_operator.py took 0.081 seconds
[2024-10-18T11:08:06.530+0000] {processor.py:186} INFO - Started process (PID=6845) to work on /home/airflow/.local/lib/python3.12/site-packages/airflow/example_dags/example_branch_day_of_week_operator.py
[2024-10-18T11:08:06.532+0000] {processor.py:914} INFO - Processing file /home/airflow/.local/lib/python3.12/site-packages/airflow/example_dags/example_branch_day_of_week_operator.py for tasks to queue
[2024-10-18T11:08:06.534+0000] {logging_mixin.py:190} INFO - [2024-10-18T11:08:06.533+0000] {dagbag.py:588} INFO - Filling up the DagBag from /home/airflow/.local/lib/python3.12/site-packages/airflow/example_dags/example_branch_day_of_week_operator.py
[2024-10-18T11:08:06.542+0000] {processor.py:925} INFO - DAG(s) 'example_weekday_branch_operator' retrieved from /home/airflow/.local/lib/python3.12/site-packages/airflow/example_dags/example_branch_day_of_week_operator.py
[2024-10-18T11:08:06.561+0000] {logging_mixin.py:190} INFO - [2024-10-18T11:08:06.560+0000] {dag.py:3239} INFO - Sync 1 DAGs
[2024-10-18T11:08:06.582+0000] {logging_mixin.py:190} INFO - [2024-10-18T11:08:06.582+0000] {dag.py:4180} INFO - Setting next_dagrun for example_weekday_branch_operator to 2024-10-17 00:00:00+00:00, run_after=2024-10-18 00:00:00+00:00
[2024-10-18T11:08:06.600+0000] {processor.py:208} INFO - Processing /home/airflow/.local/lib/python3.12/site-packages/airflow/example_dags/example_branch_day_of_week_operator.py took 0.074 seconds
[2024-10-18T11:08:36.661+0000] {processor.py:186} INFO - Started process (PID=7128) to work on /home/airflow/.local/lib/python3.12/site-packages/airflow/example_dags/example_branch_day_of_week_operator.py
[2024-10-18T11:08:36.662+0000] {processor.py:914} INFO - Processing file /home/airflow/.local/lib/python3.12/site-packages/airflow/example_dags/example_branch_day_of_week_operator.py for tasks to queue
[2024-10-18T11:08:36.664+0000] {logging_mixin.py:190} INFO - [2024-10-18T11:08:36.664+0000] {dagbag.py:588} INFO - Filling up the DagBag from /home/airflow/.local/lib/python3.12/site-packages/airflow/example_dags/example_branch_day_of_week_operator.py
[2024-10-18T11:08:36.673+0000] {processor.py:925} INFO - DAG(s) 'example_weekday_branch_operator' retrieved from /home/airflow/.local/lib/python3.12/site-packages/airflow/example_dags/example_branch_day_of_week_operator.py
[2024-10-18T11:08:36.692+0000] {logging_mixin.py:190} INFO - [2024-10-18T11:08:36.692+0000] {dag.py:3239} INFO - Sync 1 DAGs
[2024-10-18T11:08:36.717+0000] {logging_mixin.py:190} INFO - [2024-10-18T11:08:36.717+0000] {dag.py:4180} INFO - Setting next_dagrun for example_weekday_branch_operator to 2024-10-17 00:00:00+00:00, run_after=2024-10-18 00:00:00+00:00
[2024-10-18T11:08:36.737+0000] {processor.py:208} INFO - Processing /home/airflow/.local/lib/python3.12/site-packages/airflow/example_dags/example_branch_day_of_week_operator.py took 0.081 seconds
[2024-10-18T11:09:07.004+0000] {processor.py:186} INFO - Started process (PID=7414) to work on /home/airflow/.local/lib/python3.12/site-packages/airflow/example_dags/example_branch_day_of_week_operator.py
[2024-10-18T11:09:07.005+0000] {processor.py:914} INFO - Processing file /home/airflow/.local/lib/python3.12/site-packages/airflow/example_dags/example_branch_day_of_week_operator.py for tasks to queue
[2024-10-18T11:09:07.007+0000] {logging_mixin.py:190} INFO - [2024-10-18T11:09:07.006+0000] {dagbag.py:588} INFO - Filling up the DagBag from /home/airflow/.local/lib/python3.12/site-packages/airflow/example_dags/example_branch_day_of_week_operator.py
[2024-10-18T11:09:07.014+0000] {processor.py:925} INFO - DAG(s) 'example_weekday_branch_operator' retrieved from /home/airflow/.local/lib/python3.12/site-packages/airflow/example_dags/example_branch_day_of_week_operator.py
[2024-10-18T11:09:07.034+0000] {logging_mixin.py:190} INFO - [2024-10-18T11:09:07.033+0000] {dag.py:3239} INFO - Sync 1 DAGs
[2024-10-18T11:09:07.056+0000] {logging_mixin.py:190} INFO - [2024-10-18T11:09:07.055+0000] {dag.py:4180} INFO - Setting next_dagrun for example_weekday_branch_operator to 2024-10-17 00:00:00+00:00, run_after=2024-10-18 00:00:00+00:00
[2024-10-18T11:09:07.075+0000] {processor.py:208} INFO - Processing /home/airflow/.local/lib/python3.12/site-packages/airflow/example_dags/example_branch_day_of_week_operator.py took 0.076 seconds
[2024-10-18T11:09:37.296+0000] {processor.py:186} INFO - Started process (PID=7700) to work on /home/airflow/.local/lib/python3.12/site-packages/airflow/example_dags/example_branch_day_of_week_operator.py
[2024-10-18T11:09:37.297+0000] {processor.py:914} INFO - Processing file /home/airflow/.local/lib/python3.12/site-packages/airflow/example_dags/example_branch_day_of_week_operator.py for tasks to queue
[2024-10-18T11:09:37.299+0000] {logging_mixin.py:190} INFO - [2024-10-18T11:09:37.299+0000] {dagbag.py:588} INFO - Filling up the DagBag from /home/airflow/.local/lib/python3.12/site-packages/airflow/example_dags/example_branch_day_of_week_operator.py
[2024-10-18T11:09:37.309+0000] {processor.py:925} INFO - DAG(s) 'example_weekday_branch_operator' retrieved from /home/airflow/.local/lib/python3.12/site-packages/airflow/example_dags/example_branch_day_of_week_operator.py
[2024-10-18T11:09:37.328+0000] {logging_mixin.py:190} INFO - [2024-10-18T11:09:37.327+0000] {dag.py:3239} INFO - Sync 1 DAGs
[2024-10-18T11:09:37.349+0000] {logging_mixin.py:190} INFO - [2024-10-18T11:09:37.349+0000] {dag.py:4180} INFO - Setting next_dagrun for example_weekday_branch_operator to 2024-10-17 00:00:00+00:00, run_after=2024-10-18 00:00:00+00:00
[2024-10-18T11:09:37.370+0000] {processor.py:208} INFO - Processing /home/airflow/.local/lib/python3.12/site-packages/airflow/example_dags/example_branch_day_of_week_operator.py took 0.080 seconds
[2024-10-18T11:10:07.670+0000] {processor.py:186} INFO - Started process (PID=7989) to work on /home/airflow/.local/lib/python3.12/site-packages/airflow/example_dags/example_branch_day_of_week_operator.py
[2024-10-18T11:10:07.670+0000] {processor.py:914} INFO - Processing file /home/airflow/.local/lib/python3.12/site-packages/airflow/example_dags/example_branch_day_of_week_operator.py for tasks to queue
[2024-10-18T11:10:07.673+0000] {logging_mixin.py:190} INFO - [2024-10-18T11:10:07.672+0000] {dagbag.py:588} INFO - Filling up the DagBag from /home/airflow/.local/lib/python3.12/site-packages/airflow/example_dags/example_branch_day_of_week_operator.py
[2024-10-18T11:10:07.681+0000] {processor.py:925} INFO - DAG(s) 'example_weekday_branch_operator' retrieved from /home/airflow/.local/lib/python3.12/site-packages/airflow/example_dags/example_branch_day_of_week_operator.py
[2024-10-18T11:10:07.699+0000] {logging_mixin.py:190} INFO - [2024-10-18T11:10:07.699+0000] {dag.py:3239} INFO - Sync 1 DAGs
[2024-10-18T11:10:07.720+0000] {logging_mixin.py:190} INFO - [2024-10-18T11:10:07.720+0000] {dag.py:4180} INFO - Setting next_dagrun for example_weekday_branch_operator to 2024-10-17 00:00:00+00:00, run_after=2024-10-18 00:00:00+00:00
[2024-10-18T11:10:07.742+0000] {processor.py:208} INFO - Processing /home/airflow/.local/lib/python3.12/site-packages/airflow/example_dags/example_branch_day_of_week_operator.py took 0.077 seconds
[2024-10-18T11:10:37.963+0000] {processor.py:186} INFO - Started process (PID=8275) to work on /home/airflow/.local/lib/python3.12/site-packages/airflow/example_dags/example_branch_day_of_week_operator.py
[2024-10-18T11:10:37.964+0000] {processor.py:914} INFO - Processing file /home/airflow/.local/lib/python3.12/site-packages/airflow/example_dags/example_branch_day_of_week_operator.py for tasks to queue
[2024-10-18T11:10:37.966+0000] {logging_mixin.py:190} INFO - [2024-10-18T11:10:37.966+0000] {dagbag.py:588} INFO - Filling up the DagBag from /home/airflow/.local/lib/python3.12/site-packages/airflow/example_dags/example_branch_day_of_week_operator.py
[2024-10-18T11:10:37.974+0000] {processor.py:925} INFO - DAG(s) 'example_weekday_branch_operator' retrieved from /home/airflow/.local/lib/python3.12/site-packages/airflow/example_dags/example_branch_day_of_week_operator.py
[2024-10-18T11:10:37.994+0000] {logging_mixin.py:190} INFO - [2024-10-18T11:10:37.994+0000] {dag.py:3239} INFO - Sync 1 DAGs
[2024-10-18T11:10:38.019+0000] {logging_mixin.py:190} INFO - [2024-10-18T11:10:38.019+0000] {dag.py:4180} INFO - Setting next_dagrun for example_weekday_branch_operator to 2024-10-17 00:00:00+00:00, run_after=2024-10-18 00:00:00+00:00
[2024-10-18T11:10:38.042+0000] {processor.py:208} INFO - Processing /home/airflow/.local/lib/python3.12/site-packages/airflow/example_dags/example_branch_day_of_week_operator.py took 0.084 seconds
[2024-10-18T11:11:08.657+0000] {processor.py:186} INFO - Started process (PID=8561) to work on /home/airflow/.local/lib/python3.12/site-packages/airflow/example_dags/example_branch_day_of_week_operator.py
[2024-10-18T11:11:08.659+0000] {processor.py:914} INFO - Processing file /home/airflow/.local/lib/python3.12/site-packages/airflow/example_dags/example_branch_day_of_week_operator.py for tasks to queue
[2024-10-18T11:11:08.664+0000] {logging_mixin.py:190} INFO - [2024-10-18T11:11:08.664+0000] {dagbag.py:588} INFO - Filling up the DagBag from /home/airflow/.local/lib/python3.12/site-packages/airflow/example_dags/example_branch_day_of_week_operator.py
[2024-10-18T11:11:08.685+0000] {processor.py:925} INFO - DAG(s) 'example_weekday_branch_operator' retrieved from /home/airflow/.local/lib/python3.12/site-packages/airflow/example_dags/example_branch_day_of_week_operator.py
[2024-10-18T11:11:08.715+0000] {logging_mixin.py:190} INFO - [2024-10-18T11:11:08.715+0000] {dag.py:3239} INFO - Sync 1 DAGs
[2024-10-18T11:11:08.758+0000] {logging_mixin.py:190} INFO - [2024-10-18T11:11:08.758+0000] {dag.py:4180} INFO - Setting next_dagrun for example_weekday_branch_operator to 2024-10-17 00:00:00+00:00, run_after=2024-10-18 00:00:00+00:00
[2024-10-18T11:11:08.794+0000] {processor.py:208} INFO - Processing /home/airflow/.local/lib/python3.12/site-packages/airflow/example_dags/example_branch_day_of_week_operator.py took 0.146 seconds
[2024-10-18T11:11:39.265+0000] {processor.py:186} INFO - Started process (PID=8847) to work on /home/airflow/.local/lib/python3.12/site-packages/airflow/example_dags/example_branch_day_of_week_operator.py
[2024-10-18T11:11:39.266+0000] {processor.py:914} INFO - Processing file /home/airflow/.local/lib/python3.12/site-packages/airflow/example_dags/example_branch_day_of_week_operator.py for tasks to queue
[2024-10-18T11:11:39.268+0000] {logging_mixin.py:190} INFO - [2024-10-18T11:11:39.268+0000] {dagbag.py:588} INFO - Filling up the DagBag from /home/airflow/.local/lib/python3.12/site-packages/airflow/example_dags/example_branch_day_of_week_operator.py
[2024-10-18T11:11:39.280+0000] {processor.py:925} INFO - DAG(s) 'example_weekday_branch_operator' retrieved from /home/airflow/.local/lib/python3.12/site-packages/airflow/example_dags/example_branch_day_of_week_operator.py
[2024-10-18T11:11:39.304+0000] {logging_mixin.py:190} INFO - [2024-10-18T11:11:39.303+0000] {dag.py:3239} INFO - Sync 1 DAGs
[2024-10-18T11:11:39.330+0000] {logging_mixin.py:190} INFO - [2024-10-18T11:11:39.330+0000] {dag.py:4180} INFO - Setting next_dagrun for example_weekday_branch_operator to 2024-10-17 00:00:00+00:00, run_after=2024-10-18 00:00:00+00:00
[2024-10-18T11:11:39.353+0000] {processor.py:208} INFO - Processing /home/airflow/.local/lib/python3.12/site-packages/airflow/example_dags/example_branch_day_of_week_operator.py took 0.096 seconds
[2024-10-18T11:12:09.468+0000] {processor.py:186} INFO - Started process (PID=9130) to work on /home/airflow/.local/lib/python3.12/site-packages/airflow/example_dags/example_branch_day_of_week_operator.py
[2024-10-18T11:12:09.469+0000] {processor.py:914} INFO - Processing file /home/airflow/.local/lib/python3.12/site-packages/airflow/example_dags/example_branch_day_of_week_operator.py for tasks to queue
[2024-10-18T11:12:09.471+0000] {logging_mixin.py:190} INFO - [2024-10-18T11:12:09.470+0000] {dagbag.py:588} INFO - Filling up the DagBag from /home/airflow/.local/lib/python3.12/site-packages/airflow/example_dags/example_branch_day_of_week_operator.py
[2024-10-18T11:12:09.480+0000] {processor.py:925} INFO - DAG(s) 'example_weekday_branch_operator' retrieved from /home/airflow/.local/lib/python3.12/site-packages/airflow/example_dags/example_branch_day_of_week_operator.py
[2024-10-18T11:12:09.507+0000] {logging_mixin.py:190} INFO - [2024-10-18T11:12:09.507+0000] {dag.py:3239} INFO - Sync 1 DAGs
[2024-10-18T11:12:09.536+0000] {logging_mixin.py:190} INFO - [2024-10-18T11:12:09.536+0000] {dag.py:4180} INFO - Setting next_dagrun for example_weekday_branch_operator to 2024-10-17 00:00:00+00:00, run_after=2024-10-18 00:00:00+00:00
[2024-10-18T11:12:09.559+0000] {processor.py:208} INFO - Processing /home/airflow/.local/lib/python3.12/site-packages/airflow/example_dags/example_branch_day_of_week_operator.py took 0.097 seconds
[2024-10-18T11:12:40.227+0000] {processor.py:186} INFO - Started process (PID=9425) to work on /home/airflow/.local/lib/python3.12/site-packages/airflow/example_dags/example_branch_day_of_week_operator.py
[2024-10-18T11:12:40.228+0000] {processor.py:914} INFO - Processing file /home/airflow/.local/lib/python3.12/site-packages/airflow/example_dags/example_branch_day_of_week_operator.py for tasks to queue
[2024-10-18T11:12:40.230+0000] {logging_mixin.py:190} INFO - [2024-10-18T11:12:40.230+0000] {dagbag.py:588} INFO - Filling up the DagBag from /home/airflow/.local/lib/python3.12/site-packages/airflow/example_dags/example_branch_day_of_week_operator.py
[2024-10-18T11:12:40.238+0000] {processor.py:925} INFO - DAG(s) 'example_weekday_branch_operator' retrieved from /home/airflow/.local/lib/python3.12/site-packages/airflow/example_dags/example_branch_day_of_week_operator.py
[2024-10-18T11:12:40.257+0000] {logging_mixin.py:190} INFO - [2024-10-18T11:12:40.257+0000] {dag.py:3239} INFO - Sync 1 DAGs
[2024-10-18T11:12:40.279+0000] {logging_mixin.py:190} INFO - [2024-10-18T11:12:40.279+0000] {dag.py:4180} INFO - Setting next_dagrun for example_weekday_branch_operator to 2024-10-17 00:00:00+00:00, run_after=2024-10-18 00:00:00+00:00
[2024-10-18T11:12:40.310+0000] {processor.py:208} INFO - Processing /home/airflow/.local/lib/python3.12/site-packages/airflow/example_dags/example_branch_day_of_week_operator.py took 0.088 seconds
[2024-10-18T11:13:10.506+0000] {processor.py:186} INFO - Started process (PID=9708) to work on /home/airflow/.local/lib/python3.12/site-packages/airflow/example_dags/example_branch_day_of_week_operator.py
[2024-10-18T11:13:10.507+0000] {processor.py:914} INFO - Processing file /home/airflow/.local/lib/python3.12/site-packages/airflow/example_dags/example_branch_day_of_week_operator.py for tasks to queue
[2024-10-18T11:13:10.510+0000] {logging_mixin.py:190} INFO - [2024-10-18T11:13:10.509+0000] {dagbag.py:588} INFO - Filling up the DagBag from /home/airflow/.local/lib/python3.12/site-packages/airflow/example_dags/example_branch_day_of_week_operator.py
[2024-10-18T11:13:10.519+0000] {processor.py:925} INFO - DAG(s) 'example_weekday_branch_operator' retrieved from /home/airflow/.local/lib/python3.12/site-packages/airflow/example_dags/example_branch_day_of_week_operator.py
[2024-10-18T11:13:10.544+0000] {logging_mixin.py:190} INFO - [2024-10-18T11:13:10.543+0000] {dag.py:3239} INFO - Sync 1 DAGs
[2024-10-18T11:13:10.571+0000] {logging_mixin.py:190} INFO - [2024-10-18T11:13:10.570+0000] {dag.py:4180} INFO - Setting next_dagrun for example_weekday_branch_operator to 2024-10-17 00:00:00+00:00, run_after=2024-10-18 00:00:00+00:00
[2024-10-18T11:13:10.593+0000] {processor.py:208} INFO - Processing /home/airflow/.local/lib/python3.12/site-packages/airflow/example_dags/example_branch_day_of_week_operator.py took 0.093 seconds
[2024-10-18T11:13:40.936+0000] {processor.py:186} INFO - Started process (PID=9994) to work on /home/airflow/.local/lib/python3.12/site-packages/airflow/example_dags/example_branch_day_of_week_operator.py
[2024-10-18T11:13:40.937+0000] {processor.py:914} INFO - Processing file /home/airflow/.local/lib/python3.12/site-packages/airflow/example_dags/example_branch_day_of_week_operator.py for tasks to queue
[2024-10-18T11:13:40.940+0000] {logging_mixin.py:190} INFO - [2024-10-18T11:13:40.940+0000] {dagbag.py:588} INFO - Filling up the DagBag from /home/airflow/.local/lib/python3.12/site-packages/airflow/example_dags/example_branch_day_of_week_operator.py
[2024-10-18T11:13:40.949+0000] {processor.py:925} INFO - DAG(s) 'example_weekday_branch_operator' retrieved from /home/airflow/.local/lib/python3.12/site-packages/airflow/example_dags/example_branch_day_of_week_operator.py
[2024-10-18T11:13:40.972+0000] {logging_mixin.py:190} INFO - [2024-10-18T11:13:40.971+0000] {dag.py:3239} INFO - Sync 1 DAGs
[2024-10-18T11:13:40.995+0000] {logging_mixin.py:190} INFO - [2024-10-18T11:13:40.995+0000] {dag.py:4180} INFO - Setting next_dagrun for example_weekday_branch_operator to 2024-10-17 00:00:00+00:00, run_after=2024-10-18 00:00:00+00:00
[2024-10-18T11:13:41.019+0000] {processor.py:208} INFO - Processing /home/airflow/.local/lib/python3.12/site-packages/airflow/example_dags/example_branch_day_of_week_operator.py took 0.089 seconds
[2024-10-18T11:14:11.345+0000] {processor.py:186} INFO - Started process (PID=10288) to work on /home/airflow/.local/lib/python3.12/site-packages/airflow/example_dags/example_branch_day_of_week_operator.py
[2024-10-18T11:14:11.347+0000] {processor.py:914} INFO - Processing file /home/airflow/.local/lib/python3.12/site-packages/airflow/example_dags/example_branch_day_of_week_operator.py for tasks to queue
[2024-10-18T11:14:11.350+0000] {logging_mixin.py:190} INFO - [2024-10-18T11:14:11.350+0000] {dagbag.py:588} INFO - Filling up the DagBag from /home/airflow/.local/lib/python3.12/site-packages/airflow/example_dags/example_branch_day_of_week_operator.py
[2024-10-18T11:14:11.365+0000] {processor.py:925} INFO - DAG(s) 'example_weekday_branch_operator' retrieved from /home/airflow/.local/lib/python3.12/site-packages/airflow/example_dags/example_branch_day_of_week_operator.py
[2024-10-18T11:14:11.393+0000] {logging_mixin.py:190} INFO - [2024-10-18T11:14:11.393+0000] {dag.py:3239} INFO - Sync 1 DAGs
[2024-10-18T11:14:11.430+0000] {logging_mixin.py:190} INFO - [2024-10-18T11:14:11.430+0000] {dag.py:4180} INFO - Setting next_dagrun for example_weekday_branch_operator to 2024-10-17 00:00:00+00:00, run_after=2024-10-18 00:00:00+00:00
[2024-10-18T11:14:11.462+0000] {processor.py:208} INFO - Processing /home/airflow/.local/lib/python3.12/site-packages/airflow/example_dags/example_branch_day_of_week_operator.py took 0.123 seconds
[2024-10-18T11:14:41.769+0000] {processor.py:186} INFO - Started process (PID=10590) to work on /home/airflow/.local/lib/python3.12/site-packages/airflow/example_dags/example_branch_day_of_week_operator.py
[2024-10-18T11:14:41.770+0000] {processor.py:914} INFO - Processing file /home/airflow/.local/lib/python3.12/site-packages/airflow/example_dags/example_branch_day_of_week_operator.py for tasks to queue
[2024-10-18T11:14:41.774+0000] {logging_mixin.py:190} INFO - [2024-10-18T11:14:41.774+0000] {dagbag.py:588} INFO - Filling up the DagBag from /home/airflow/.local/lib/python3.12/site-packages/airflow/example_dags/example_branch_day_of_week_operator.py
[2024-10-18T11:14:41.792+0000] {processor.py:925} INFO - DAG(s) 'example_weekday_branch_operator' retrieved from /home/airflow/.local/lib/python3.12/site-packages/airflow/example_dags/example_branch_day_of_week_operator.py
[2024-10-18T11:14:41.824+0000] {logging_mixin.py:190} INFO - [2024-10-18T11:14:41.824+0000] {dag.py:3239} INFO - Sync 1 DAGs
[2024-10-18T11:14:41.868+0000] {logging_mixin.py:190} INFO - [2024-10-18T11:14:41.867+0000] {dag.py:4180} INFO - Setting next_dagrun for example_weekday_branch_operator to 2024-10-17 00:00:00+00:00, run_after=2024-10-18 00:00:00+00:00
[2024-10-18T11:14:41.900+0000] {processor.py:208} INFO - Processing /home/airflow/.local/lib/python3.12/site-packages/airflow/example_dags/example_branch_day_of_week_operator.py took 0.141 seconds
[2024-10-18T11:15:12.285+0000] {processor.py:186} INFO - Started process (PID=10876) to work on /home/airflow/.local/lib/python3.12/site-packages/airflow/example_dags/example_branch_day_of_week_operator.py
[2024-10-18T11:15:12.286+0000] {processor.py:914} INFO - Processing file /home/airflow/.local/lib/python3.12/site-packages/airflow/example_dags/example_branch_day_of_week_operator.py for tasks to queue
[2024-10-18T11:15:12.291+0000] {logging_mixin.py:190} INFO - [2024-10-18T11:15:12.291+0000] {dagbag.py:588} INFO - Filling up the DagBag from /home/airflow/.local/lib/python3.12/site-packages/airflow/example_dags/example_branch_day_of_week_operator.py
[2024-10-18T11:15:12.312+0000] {processor.py:925} INFO - DAG(s) 'example_weekday_branch_operator' retrieved from /home/airflow/.local/lib/python3.12/site-packages/airflow/example_dags/example_branch_day_of_week_operator.py
[2024-10-18T11:15:12.360+0000] {logging_mixin.py:190} INFO - [2024-10-18T11:15:12.360+0000] {dag.py:3239} INFO - Sync 1 DAGs
[2024-10-18T11:15:12.419+0000] {logging_mixin.py:190} INFO - [2024-10-18T11:15:12.419+0000] {dag.py:4180} INFO - Setting next_dagrun for example_weekday_branch_operator to 2024-10-17 00:00:00+00:00, run_after=2024-10-18 00:00:00+00:00
[2024-10-18T11:15:12.451+0000] {processor.py:208} INFO - Processing /home/airflow/.local/lib/python3.12/site-packages/airflow/example_dags/example_branch_day_of_week_operator.py took 0.176 seconds
[2024-10-18T11:15:42.957+0000] {processor.py:186} INFO - Started process (PID=11162) to work on /home/airflow/.local/lib/python3.12/site-packages/airflow/example_dags/example_branch_day_of_week_operator.py
[2024-10-18T11:15:42.958+0000] {processor.py:914} INFO - Processing file /home/airflow/.local/lib/python3.12/site-packages/airflow/example_dags/example_branch_day_of_week_operator.py for tasks to queue
[2024-10-18T11:15:42.961+0000] {logging_mixin.py:190} INFO - [2024-10-18T11:15:42.961+0000] {dagbag.py:588} INFO - Filling up the DagBag from /home/airflow/.local/lib/python3.12/site-packages/airflow/example_dags/example_branch_day_of_week_operator.py
[2024-10-18T11:15:42.977+0000] {processor.py:925} INFO - DAG(s) 'example_weekday_branch_operator' retrieved from /home/airflow/.local/lib/python3.12/site-packages/airflow/example_dags/example_branch_day_of_week_operator.py
[2024-10-18T11:15:43.004+0000] {logging_mixin.py:190} INFO - [2024-10-18T11:15:43.004+0000] {dag.py:3239} INFO - Sync 1 DAGs
[2024-10-18T11:15:43.041+0000] {logging_mixin.py:190} INFO - [2024-10-18T11:15:43.041+0000] {dag.py:4180} INFO - Setting next_dagrun for example_weekday_branch_operator to 2024-10-17 00:00:00+00:00, run_after=2024-10-18 00:00:00+00:00
[2024-10-18T11:15:43.070+0000] {processor.py:208} INFO - Processing /home/airflow/.local/lib/python3.12/site-packages/airflow/example_dags/example_branch_day_of_week_operator.py took 0.120 seconds
[2024-10-18T11:16:13.272+0000] {processor.py:186} INFO - Started process (PID=11447) to work on /home/airflow/.local/lib/python3.12/site-packages/airflow/example_dags/example_branch_day_of_week_operator.py
[2024-10-18T11:16:13.274+0000] {processor.py:914} INFO - Processing file /home/airflow/.local/lib/python3.12/site-packages/airflow/example_dags/example_branch_day_of_week_operator.py for tasks to queue
[2024-10-18T11:16:13.276+0000] {logging_mixin.py:190} INFO - [2024-10-18T11:16:13.276+0000] {dagbag.py:588} INFO - Filling up the DagBag from /home/airflow/.local/lib/python3.12/site-packages/airflow/example_dags/example_branch_day_of_week_operator.py
[2024-10-18T11:16:13.288+0000] {processor.py:925} INFO - DAG(s) 'example_weekday_branch_operator' retrieved from /home/airflow/.local/lib/python3.12/site-packages/airflow/example_dags/example_branch_day_of_week_operator.py
[2024-10-18T11:16:13.313+0000] {logging_mixin.py:190} INFO - [2024-10-18T11:16:13.312+0000] {dag.py:3239} INFO - Sync 1 DAGs
[2024-10-18T11:16:13.351+0000] {logging_mixin.py:190} INFO - [2024-10-18T11:16:13.350+0000] {dag.py:4180} INFO - Setting next_dagrun for example_weekday_branch_operator to 2024-10-17 00:00:00+00:00, run_after=2024-10-18 00:00:00+00:00
[2024-10-18T11:16:13.378+0000] {processor.py:208} INFO - Processing /home/airflow/.local/lib/python3.12/site-packages/airflow/example_dags/example_branch_day_of_week_operator.py took 0.112 seconds
[2024-10-18T11:16:43.751+0000] {processor.py:186} INFO - Started process (PID=11757) to work on /home/airflow/.local/lib/python3.12/site-packages/airflow/example_dags/example_branch_day_of_week_operator.py
[2024-10-18T11:16:43.753+0000] {processor.py:914} INFO - Processing file /home/airflow/.local/lib/python3.12/site-packages/airflow/example_dags/example_branch_day_of_week_operator.py for tasks to queue
[2024-10-18T11:16:43.757+0000] {logging_mixin.py:190} INFO - [2024-10-18T11:16:43.756+0000] {dagbag.py:588} INFO - Filling up the DagBag from /home/airflow/.local/lib/python3.12/site-packages/airflow/example_dags/example_branch_day_of_week_operator.py
[2024-10-18T11:16:43.789+0000] {processor.py:925} INFO - DAG(s) 'example_weekday_branch_operator' retrieved from /home/airflow/.local/lib/python3.12/site-packages/airflow/example_dags/example_branch_day_of_week_operator.py
[2024-10-18T11:16:43.852+0000] {logging_mixin.py:190} INFO - [2024-10-18T11:16:43.852+0000] {dag.py:3239} INFO - Sync 1 DAGs
[2024-10-18T11:16:43.939+0000] {logging_mixin.py:190} INFO - [2024-10-18T11:16:43.939+0000] {dag.py:4180} INFO - Setting next_dagrun for example_weekday_branch_operator to 2024-10-17 00:00:00+00:00, run_after=2024-10-18 00:00:00+00:00
[2024-10-18T11:16:44.003+0000] {processor.py:208} INFO - Processing /home/airflow/.local/lib/python3.12/site-packages/airflow/example_dags/example_branch_day_of_week_operator.py took 0.279 seconds
[2024-10-18T11:17:14.347+0000] {processor.py:186} INFO - Started process (PID=12058) to work on /home/airflow/.local/lib/python3.12/site-packages/airflow/example_dags/example_branch_day_of_week_operator.py
[2024-10-18T11:17:14.358+0000] {processor.py:914} INFO - Processing file /home/airflow/.local/lib/python3.12/site-packages/airflow/example_dags/example_branch_day_of_week_operator.py for tasks to queue
[2024-10-18T11:17:14.362+0000] {logging_mixin.py:190} INFO - [2024-10-18T11:17:14.361+0000] {dagbag.py:588} INFO - Filling up the DagBag from /home/airflow/.local/lib/python3.12/site-packages/airflow/example_dags/example_branch_day_of_week_operator.py
[2024-10-18T11:17:14.385+0000] {processor.py:925} INFO - DAG(s) 'example_weekday_branch_operator' retrieved from /home/airflow/.local/lib/python3.12/site-packages/airflow/example_dags/example_branch_day_of_week_operator.py
[2024-10-18T11:17:14.433+0000] {logging_mixin.py:190} INFO - [2024-10-18T11:17:14.430+0000] {dag.py:3239} INFO - Sync 1 DAGs
[2024-10-18T11:17:14.500+0000] {logging_mixin.py:190} INFO - [2024-10-18T11:17:14.499+0000] {dag.py:4180} INFO - Setting next_dagrun for example_weekday_branch_operator to 2024-10-17 00:00:00+00:00, run_after=2024-10-18 00:00:00+00:00
[2024-10-18T11:17:14.552+0000] {processor.py:208} INFO - Processing /home/airflow/.local/lib/python3.12/site-packages/airflow/example_dags/example_branch_day_of_week_operator.py took 0.219 seconds
[2024-10-18T11:17:44.848+0000] {processor.py:186} INFO - Started process (PID=12344) to work on /home/airflow/.local/lib/python3.12/site-packages/airflow/example_dags/example_branch_day_of_week_operator.py
[2024-10-18T11:17:44.850+0000] {processor.py:914} INFO - Processing file /home/airflow/.local/lib/python3.12/site-packages/airflow/example_dags/example_branch_day_of_week_operator.py for tasks to queue
[2024-10-18T11:17:44.854+0000] {logging_mixin.py:190} INFO - [2024-10-18T11:17:44.853+0000] {dagbag.py:588} INFO - Filling up the DagBag from /home/airflow/.local/lib/python3.12/site-packages/airflow/example_dags/example_branch_day_of_week_operator.py
[2024-10-18T11:17:44.888+0000] {processor.py:925} INFO - DAG(s) 'example_weekday_branch_operator' retrieved from /home/airflow/.local/lib/python3.12/site-packages/airflow/example_dags/example_branch_day_of_week_operator.py
[2024-10-18T11:17:44.947+0000] {logging_mixin.py:190} INFO - [2024-10-18T11:17:44.947+0000] {dag.py:3239} INFO - Sync 1 DAGs
[2024-10-18T11:17:45.010+0000] {logging_mixin.py:190} INFO - [2024-10-18T11:17:45.009+0000] {dag.py:4180} INFO - Setting next_dagrun for example_weekday_branch_operator to 2024-10-17 00:00:00+00:00, run_after=2024-10-18 00:00:00+00:00
[2024-10-18T11:17:45.099+0000] {processor.py:208} INFO - Processing /home/airflow/.local/lib/python3.12/site-packages/airflow/example_dags/example_branch_day_of_week_operator.py took 0.265 seconds
[2024-10-18T11:18:15.642+0000] {processor.py:186} INFO - Started process (PID=12630) to work on /home/airflow/.local/lib/python3.12/site-packages/airflow/example_dags/example_branch_day_of_week_operator.py
[2024-10-18T11:18:15.643+0000] {processor.py:914} INFO - Processing file /home/airflow/.local/lib/python3.12/site-packages/airflow/example_dags/example_branch_day_of_week_operator.py for tasks to queue
[2024-10-18T11:18:15.654+0000] {logging_mixin.py:190} INFO - [2024-10-18T11:18:15.653+0000] {dagbag.py:588} INFO - Filling up the DagBag from /home/airflow/.local/lib/python3.12/site-packages/airflow/example_dags/example_branch_day_of_week_operator.py
[2024-10-18T11:18:15.676+0000] {processor.py:925} INFO - DAG(s) 'example_weekday_branch_operator' retrieved from /home/airflow/.local/lib/python3.12/site-packages/airflow/example_dags/example_branch_day_of_week_operator.py
[2024-10-18T11:18:15.728+0000] {logging_mixin.py:190} INFO - [2024-10-18T11:18:15.727+0000] {dag.py:3239} INFO - Sync 1 DAGs
[2024-10-18T11:18:15.796+0000] {logging_mixin.py:190} INFO - [2024-10-18T11:18:15.795+0000] {dag.py:4180} INFO - Setting next_dagrun for example_weekday_branch_operator to 2024-10-17 00:00:00+00:00, run_after=2024-10-18 00:00:00+00:00
[2024-10-18T11:18:15.861+0000] {processor.py:208} INFO - Processing /home/airflow/.local/lib/python3.12/site-packages/airflow/example_dags/example_branch_day_of_week_operator.py took 0.235 seconds
[2024-10-18T11:18:46.502+0000] {processor.py:186} INFO - Started process (PID=12916) to work on /home/airflow/.local/lib/python3.12/site-packages/airflow/example_dags/example_branch_day_of_week_operator.py
[2024-10-18T11:18:46.503+0000] {processor.py:914} INFO - Processing file /home/airflow/.local/lib/python3.12/site-packages/airflow/example_dags/example_branch_day_of_week_operator.py for tasks to queue
[2024-10-18T11:18:46.507+0000] {logging_mixin.py:190} INFO - [2024-10-18T11:18:46.506+0000] {dagbag.py:588} INFO - Filling up the DagBag from /home/airflow/.local/lib/python3.12/site-packages/airflow/example_dags/example_branch_day_of_week_operator.py
[2024-10-18T11:18:46.521+0000] {processor.py:925} INFO - DAG(s) 'example_weekday_branch_operator' retrieved from /home/airflow/.local/lib/python3.12/site-packages/airflow/example_dags/example_branch_day_of_week_operator.py
[2024-10-18T11:18:46.549+0000] {logging_mixin.py:190} INFO - [2024-10-18T11:18:46.548+0000] {dag.py:3239} INFO - Sync 1 DAGs
[2024-10-18T11:18:46.591+0000] {logging_mixin.py:190} INFO - [2024-10-18T11:18:46.591+0000] {dag.py:4180} INFO - Setting next_dagrun for example_weekday_branch_operator to 2024-10-17 00:00:00+00:00, run_after=2024-10-18 00:00:00+00:00
[2024-10-18T11:18:46.621+0000] {processor.py:208} INFO - Processing /home/airflow/.local/lib/python3.12/site-packages/airflow/example_dags/example_branch_day_of_week_operator.py took 0.130 seconds
[2024-10-18T11:19:17.374+0000] {processor.py:186} INFO - Started process (PID=13203) to work on /home/airflow/.local/lib/python3.12/site-packages/airflow/example_dags/example_branch_day_of_week_operator.py
[2024-10-18T11:19:17.376+0000] {processor.py:914} INFO - Processing file /home/airflow/.local/lib/python3.12/site-packages/airflow/example_dags/example_branch_day_of_week_operator.py for tasks to queue
[2024-10-18T11:19:17.380+0000] {logging_mixin.py:190} INFO - [2024-10-18T11:19:17.379+0000] {dagbag.py:588} INFO - Filling up the DagBag from /home/airflow/.local/lib/python3.12/site-packages/airflow/example_dags/example_branch_day_of_week_operator.py
[2024-10-18T11:19:17.394+0000] {processor.py:925} INFO - DAG(s) 'example_weekday_branch_operator' retrieved from /home/airflow/.local/lib/python3.12/site-packages/airflow/example_dags/example_branch_day_of_week_operator.py
[2024-10-18T11:19:17.424+0000] {logging_mixin.py:190} INFO - [2024-10-18T11:19:17.424+0000] {dag.py:3239} INFO - Sync 1 DAGs
[2024-10-18T11:19:17.471+0000] {logging_mixin.py:190} INFO - [2024-10-18T11:19:17.470+0000] {dag.py:4180} INFO - Setting next_dagrun for example_weekday_branch_operator to 2024-10-17 00:00:00+00:00, run_after=2024-10-18 00:00:00+00:00
[2024-10-18T11:19:17.507+0000] {processor.py:208} INFO - Processing /home/airflow/.local/lib/python3.12/site-packages/airflow/example_dags/example_branch_day_of_week_operator.py took 0.144 seconds
[2024-10-18T11:19:47.559+0000] {processor.py:186} INFO - Started process (PID=13489) to work on /home/airflow/.local/lib/python3.12/site-packages/airflow/example_dags/example_branch_day_of_week_operator.py
[2024-10-18T11:19:47.560+0000] {processor.py:914} INFO - Processing file /home/airflow/.local/lib/python3.12/site-packages/airflow/example_dags/example_branch_day_of_week_operator.py for tasks to queue
[2024-10-18T11:19:47.563+0000] {logging_mixin.py:190} INFO - [2024-10-18T11:19:47.562+0000] {dagbag.py:588} INFO - Filling up the DagBag from /home/airflow/.local/lib/python3.12/site-packages/airflow/example_dags/example_branch_day_of_week_operator.py
[2024-10-18T11:19:47.573+0000] {processor.py:925} INFO - DAG(s) 'example_weekday_branch_operator' retrieved from /home/airflow/.local/lib/python3.12/site-packages/airflow/example_dags/example_branch_day_of_week_operator.py
[2024-10-18T11:19:47.595+0000] {logging_mixin.py:190} INFO - [2024-10-18T11:19:47.595+0000] {dag.py:3239} INFO - Sync 1 DAGs
[2024-10-18T11:19:47.620+0000] {logging_mixin.py:190} INFO - [2024-10-18T11:19:47.620+0000] {dag.py:4180} INFO - Setting next_dagrun for example_weekday_branch_operator to 2024-10-17 00:00:00+00:00, run_after=2024-10-18 00:00:00+00:00
[2024-10-18T11:19:47.641+0000] {processor.py:208} INFO - Processing /home/airflow/.local/lib/python3.12/site-packages/airflow/example_dags/example_branch_day_of_week_operator.py took 0.088 seconds
[2024-10-18T11:20:19.560+0000] {processor.py:186} INFO - Started process (PID=13773) to work on /home/airflow/.local/lib/python3.12/site-packages/airflow/example_dags/example_branch_day_of_week_operator.py
[2024-10-18T11:20:19.564+0000] {processor.py:914} INFO - Processing file /home/airflow/.local/lib/python3.12/site-packages/airflow/example_dags/example_branch_day_of_week_operator.py for tasks to queue
[2024-10-18T11:20:19.578+0000] {logging_mixin.py:190} INFO - [2024-10-18T11:20:19.577+0000] {dagbag.py:588} INFO - Filling up the DagBag from /home/airflow/.local/lib/python3.12/site-packages/airflow/example_dags/example_branch_day_of_week_operator.py
[2024-10-18T11:20:19.632+0000] {processor.py:925} INFO - DAG(s) 'example_weekday_branch_operator' retrieved from /home/airflow/.local/lib/python3.12/site-packages/airflow/example_dags/example_branch_day_of_week_operator.py
[2024-10-18T11:20:19.713+0000] {logging_mixin.py:190} INFO - [2024-10-18T11:20:19.713+0000] {dag.py:3239} INFO - Sync 1 DAGs
[2024-10-18T11:20:19.833+0000] {logging_mixin.py:190} INFO - [2024-10-18T11:20:19.832+0000] {dag.py:4180} INFO - Setting next_dagrun for example_weekday_branch_operator to 2024-10-17 00:00:00+00:00, run_after=2024-10-18 00:00:00+00:00
[2024-10-18T11:20:20.339+0000] {processor.py:208} INFO - Processing /home/airflow/.local/lib/python3.12/site-packages/airflow/example_dags/example_branch_day_of_week_operator.py took 0.800 seconds
[2024-10-18T11:20:50.546+0000] {processor.py:186} INFO - Started process (PID=14057) to work on /home/airflow/.local/lib/python3.12/site-packages/airflow/example_dags/example_branch_day_of_week_operator.py
[2024-10-18T11:20:50.547+0000] {processor.py:914} INFO - Processing file /home/airflow/.local/lib/python3.12/site-packages/airflow/example_dags/example_branch_day_of_week_operator.py for tasks to queue
[2024-10-18T11:20:50.549+0000] {logging_mixin.py:190} INFO - [2024-10-18T11:20:50.549+0000] {dagbag.py:588} INFO - Filling up the DagBag from /home/airflow/.local/lib/python3.12/site-packages/airflow/example_dags/example_branch_day_of_week_operator.py
[2024-10-18T11:20:50.558+0000] {processor.py:925} INFO - DAG(s) 'example_weekday_branch_operator' retrieved from /home/airflow/.local/lib/python3.12/site-packages/airflow/example_dags/example_branch_day_of_week_operator.py
[2024-10-18T11:20:50.577+0000] {logging_mixin.py:190} INFO - [2024-10-18T11:20:50.576+0000] {dag.py:3239} INFO - Sync 1 DAGs
[2024-10-18T11:20:50.603+0000] {logging_mixin.py:190} INFO - [2024-10-18T11:20:50.603+0000] {dag.py:4180} INFO - Setting next_dagrun for example_weekday_branch_operator to 2024-10-17 00:00:00+00:00, run_after=2024-10-18 00:00:00+00:00
[2024-10-18T11:20:50.623+0000] {processor.py:208} INFO - Processing /home/airflow/.local/lib/python3.12/site-packages/airflow/example_dags/example_branch_day_of_week_operator.py took 0.082 seconds
[2024-10-18T11:21:21.308+0000] {processor.py:186} INFO - Started process (PID=14346) to work on /home/airflow/.local/lib/python3.12/site-packages/airflow/example_dags/example_branch_day_of_week_operator.py
[2024-10-18T11:21:21.310+0000] {processor.py:914} INFO - Processing file /home/airflow/.local/lib/python3.12/site-packages/airflow/example_dags/example_branch_day_of_week_operator.py for tasks to queue
[2024-10-18T11:21:21.314+0000] {logging_mixin.py:190} INFO - [2024-10-18T11:21:21.314+0000] {dagbag.py:588} INFO - Filling up the DagBag from /home/airflow/.local/lib/python3.12/site-packages/airflow/example_dags/example_branch_day_of_week_operator.py
[2024-10-18T11:21:21.334+0000] {processor.py:925} INFO - DAG(s) 'example_weekday_branch_operator' retrieved from /home/airflow/.local/lib/python3.12/site-packages/airflow/example_dags/example_branch_day_of_week_operator.py
[2024-10-18T11:21:21.367+0000] {logging_mixin.py:190} INFO - [2024-10-18T11:21:21.367+0000] {dag.py:3239} INFO - Sync 1 DAGs
[2024-10-18T11:21:21.415+0000] {logging_mixin.py:190} INFO - [2024-10-18T11:21:21.414+0000] {dag.py:4180} INFO - Setting next_dagrun for example_weekday_branch_operator to 2024-10-17 00:00:00+00:00, run_after=2024-10-18 00:00:00+00:00
[2024-10-18T11:21:21.453+0000] {processor.py:208} INFO - Processing /home/airflow/.local/lib/python3.12/site-packages/airflow/example_dags/example_branch_day_of_week_operator.py took 0.155 seconds
[2024-10-18T11:21:51.548+0000] {processor.py:186} INFO - Started process (PID=14632) to work on /home/airflow/.local/lib/python3.12/site-packages/airflow/example_dags/example_branch_day_of_week_operator.py
[2024-10-18T11:21:51.551+0000] {processor.py:914} INFO - Processing file /home/airflow/.local/lib/python3.12/site-packages/airflow/example_dags/example_branch_day_of_week_operator.py for tasks to queue
[2024-10-18T11:21:51.554+0000] {logging_mixin.py:190} INFO - [2024-10-18T11:21:51.554+0000] {dagbag.py:588} INFO - Filling up the DagBag from /home/airflow/.local/lib/python3.12/site-packages/airflow/example_dags/example_branch_day_of_week_operator.py
[2024-10-18T11:21:51.574+0000] {processor.py:925} INFO - DAG(s) 'example_weekday_branch_operator' retrieved from /home/airflow/.local/lib/python3.12/site-packages/airflow/example_dags/example_branch_day_of_week_operator.py
[2024-10-18T11:21:51.613+0000] {logging_mixin.py:190} INFO - [2024-10-18T11:21:51.613+0000] {dag.py:3239} INFO - Sync 1 DAGs
[2024-10-18T11:21:51.658+0000] {logging_mixin.py:190} INFO - [2024-10-18T11:21:51.658+0000] {dag.py:4180} INFO - Setting next_dagrun for example_weekday_branch_operator to 2024-10-17 00:00:00+00:00, run_after=2024-10-18 00:00:00+00:00
[2024-10-18T11:21:51.696+0000] {processor.py:208} INFO - Processing /home/airflow/.local/lib/python3.12/site-packages/airflow/example_dags/example_branch_day_of_week_operator.py took 0.157 seconds
[2024-10-18T11:22:22.250+0000] {processor.py:186} INFO - Started process (PID=14918) to work on /home/airflow/.local/lib/python3.12/site-packages/airflow/example_dags/example_branch_day_of_week_operator.py
[2024-10-18T11:22:22.251+0000] {processor.py:914} INFO - Processing file /home/airflow/.local/lib/python3.12/site-packages/airflow/example_dags/example_branch_day_of_week_operator.py for tasks to queue
[2024-10-18T11:22:22.256+0000] {logging_mixin.py:190} INFO - [2024-10-18T11:22:22.256+0000] {dagbag.py:588} INFO - Filling up the DagBag from /home/airflow/.local/lib/python3.12/site-packages/airflow/example_dags/example_branch_day_of_week_operator.py
[2024-10-18T11:22:22.271+0000] {processor.py:925} INFO - DAG(s) 'example_weekday_branch_operator' retrieved from /home/airflow/.local/lib/python3.12/site-packages/airflow/example_dags/example_branch_day_of_week_operator.py
[2024-10-18T11:22:22.304+0000] {logging_mixin.py:190} INFO - [2024-10-18T11:22:22.303+0000] {dag.py:3239} INFO - Sync 1 DAGs
[2024-10-18T11:22:22.348+0000] {logging_mixin.py:190} INFO - [2024-10-18T11:22:22.348+0000] {dag.py:4180} INFO - Setting next_dagrun for example_weekday_branch_operator to 2024-10-17 00:00:00+00:00, run_after=2024-10-18 00:00:00+00:00
[2024-10-18T11:22:22.380+0000] {processor.py:208} INFO - Processing /home/airflow/.local/lib/python3.12/site-packages/airflow/example_dags/example_branch_day_of_week_operator.py took 0.140 seconds
[2024-10-18T11:22:52.587+0000] {processor.py:186} INFO - Started process (PID=15206) to work on /home/airflow/.local/lib/python3.12/site-packages/airflow/example_dags/example_branch_day_of_week_operator.py
[2024-10-18T11:22:52.588+0000] {processor.py:914} INFO - Processing file /home/airflow/.local/lib/python3.12/site-packages/airflow/example_dags/example_branch_day_of_week_operator.py for tasks to queue
[2024-10-18T11:22:52.592+0000] {logging_mixin.py:190} INFO - [2024-10-18T11:22:52.591+0000] {dagbag.py:588} INFO - Filling up the DagBag from /home/airflow/.local/lib/python3.12/site-packages/airflow/example_dags/example_branch_day_of_week_operator.py
[2024-10-18T11:22:52.604+0000] {processor.py:925} INFO - DAG(s) 'example_weekday_branch_operator' retrieved from /home/airflow/.local/lib/python3.12/site-packages/airflow/example_dags/example_branch_day_of_week_operator.py
[2024-10-18T11:22:52.629+0000] {logging_mixin.py:190} INFO - [2024-10-18T11:22:52.629+0000] {dag.py:3239} INFO - Sync 1 DAGs
[2024-10-18T11:22:52.664+0000] {logging_mixin.py:190} INFO - [2024-10-18T11:22:52.663+0000] {dag.py:4180} INFO - Setting next_dagrun for example_weekday_branch_operator to 2024-10-17 00:00:00+00:00, run_after=2024-10-18 00:00:00+00:00
[2024-10-18T11:22:52.694+0000] {processor.py:208} INFO - Processing /home/airflow/.local/lib/python3.12/site-packages/airflow/example_dags/example_branch_day_of_week_operator.py took 0.116 seconds
[2024-10-18T11:23:22.965+0000] {processor.py:186} INFO - Started process (PID=15490) to work on /home/airflow/.local/lib/python3.12/site-packages/airflow/example_dags/example_branch_day_of_week_operator.py
[2024-10-18T11:23:22.967+0000] {processor.py:914} INFO - Processing file /home/airflow/.local/lib/python3.12/site-packages/airflow/example_dags/example_branch_day_of_week_operator.py for tasks to queue
[2024-10-18T11:23:22.971+0000] {logging_mixin.py:190} INFO - [2024-10-18T11:23:22.970+0000] {dagbag.py:588} INFO - Filling up the DagBag from /home/airflow/.local/lib/python3.12/site-packages/airflow/example_dags/example_branch_day_of_week_operator.py
[2024-10-18T11:23:22.983+0000] {processor.py:925} INFO - DAG(s) 'example_weekday_branch_operator' retrieved from /home/airflow/.local/lib/python3.12/site-packages/airflow/example_dags/example_branch_day_of_week_operator.py
[2024-10-18T11:23:23.006+0000] {logging_mixin.py:190} INFO - [2024-10-18T11:23:23.005+0000] {dag.py:3239} INFO - Sync 1 DAGs
[2024-10-18T11:23:23.036+0000] {logging_mixin.py:190} INFO - [2024-10-18T11:23:23.035+0000] {dag.py:4180} INFO - Setting next_dagrun for example_weekday_branch_operator to 2024-10-17 00:00:00+00:00, run_after=2024-10-18 00:00:00+00:00
[2024-10-18T11:23:23.056+0000] {processor.py:208} INFO - Processing /home/airflow/.local/lib/python3.12/site-packages/airflow/example_dags/example_branch_day_of_week_operator.py took 0.098 seconds
[2024-10-18T11:23:53.515+0000] {processor.py:186} INFO - Started process (PID=15776) to work on /home/airflow/.local/lib/python3.12/site-packages/airflow/example_dags/example_branch_day_of_week_operator.py
[2024-10-18T11:23:53.516+0000] {processor.py:914} INFO - Processing file /home/airflow/.local/lib/python3.12/site-packages/airflow/example_dags/example_branch_day_of_week_operator.py for tasks to queue
[2024-10-18T11:23:53.521+0000] {logging_mixin.py:190} INFO - [2024-10-18T11:23:53.520+0000] {dagbag.py:588} INFO - Filling up the DagBag from /home/airflow/.local/lib/python3.12/site-packages/airflow/example_dags/example_branch_day_of_week_operator.py
[2024-10-18T11:23:53.536+0000] {processor.py:925} INFO - DAG(s) 'example_weekday_branch_operator' retrieved from /home/airflow/.local/lib/python3.12/site-packages/airflow/example_dags/example_branch_day_of_week_operator.py
[2024-10-18T11:23:53.562+0000] {logging_mixin.py:190} INFO - [2024-10-18T11:23:53.562+0000] {dag.py:3239} INFO - Sync 1 DAGs
[2024-10-18T11:23:53.596+0000] {logging_mixin.py:190} INFO - [2024-10-18T11:23:53.595+0000] {dag.py:4180} INFO - Setting next_dagrun for example_weekday_branch_operator to 2024-10-17 00:00:00+00:00, run_after=2024-10-18 00:00:00+00:00
[2024-10-18T11:23:53.625+0000] {processor.py:208} INFO - Processing /home/airflow/.local/lib/python3.12/site-packages/airflow/example_dags/example_branch_day_of_week_operator.py took 0.119 seconds
[2024-10-18T11:24:23.679+0000] {processor.py:186} INFO - Started process (PID=16062) to work on /home/airflow/.local/lib/python3.12/site-packages/airflow/example_dags/example_branch_day_of_week_operator.py
[2024-10-18T11:24:23.681+0000] {processor.py:914} INFO - Processing file /home/airflow/.local/lib/python3.12/site-packages/airflow/example_dags/example_branch_day_of_week_operator.py for tasks to queue
[2024-10-18T11:24:23.684+0000] {logging_mixin.py:190} INFO - [2024-10-18T11:24:23.684+0000] {dagbag.py:588} INFO - Filling up the DagBag from /home/airflow/.local/lib/python3.12/site-packages/airflow/example_dags/example_branch_day_of_week_operator.py
[2024-10-18T11:24:23.694+0000] {processor.py:925} INFO - DAG(s) 'example_weekday_branch_operator' retrieved from /home/airflow/.local/lib/python3.12/site-packages/airflow/example_dags/example_branch_day_of_week_operator.py
[2024-10-18T11:24:23.714+0000] {logging_mixin.py:190} INFO - [2024-10-18T11:24:23.714+0000] {dag.py:3239} INFO - Sync 1 DAGs
[2024-10-18T11:24:23.743+0000] {logging_mixin.py:190} INFO - [2024-10-18T11:24:23.743+0000] {dag.py:4180} INFO - Setting next_dagrun for example_weekday_branch_operator to 2024-10-17 00:00:00+00:00, run_after=2024-10-18 00:00:00+00:00
[2024-10-18T11:24:23.762+0000] {processor.py:208} INFO - Processing /home/airflow/.local/lib/python3.12/site-packages/airflow/example_dags/example_branch_day_of_week_operator.py took 0.089 seconds
