[2024-10-18T10:56:24.660+0000] {processor.py:186} INFO - Started process (PID=256) to work on /home/airflow/.local/lib/python3.12/site-packages/airflow/example_dags/example_external_task_marker_dag.py
[2024-10-18T10:56:24.661+0000] {processor.py:914} INFO - Processing file /home/airflow/.local/lib/python3.12/site-packages/airflow/example_dags/example_external_task_marker_dag.py for tasks to queue
[2024-10-18T10:56:24.664+0000] {logging_mixin.py:190} INFO - [2024-10-18T10:56:24.663+0000] {dagbag.py:588} INFO - Filling up the DagBag from /home/airflow/.local/lib/python3.12/site-packages/airflow/example_dags/example_external_task_marker_dag.py
[2024-10-18T10:56:24.674+0000] {processor.py:925} INFO - DAG(s) 'example_external_task_marker_child', 'example_external_task_marker_parent' retrieved from /home/airflow/.local/lib/python3.12/site-packages/airflow/example_dags/example_external_task_marker_dag.py
[2024-10-18T10:56:24.813+0000] {logging_mixin.py:190} INFO - [2024-10-18T10:56:24.811+0000] {override.py:1900} INFO - Created Permission View: can delete on DAG:example_external_task_marker_child
[2024-10-18T10:56:24.828+0000] {logging_mixin.py:190} INFO - [2024-10-18T10:56:24.827+0000] {override.py:1900} INFO - Created Permission View: can edit on DAG:example_external_task_marker_child
[2024-10-18T10:56:24.836+0000] {logging_mixin.py:190} INFO - [2024-10-18T10:56:24.836+0000] {override.py:1900} INFO - Created Permission View: can read on DAG:example_external_task_marker_child
[2024-10-18T10:56:24.847+0000] {logging_mixin.py:190} INFO - [2024-10-18T10:56:24.846+0000] {override.py:1900} INFO - Created Permission View: can delete on DAG Run:example_external_task_marker_child
[2024-10-18T10:56:24.855+0000] {logging_mixin.py:190} INFO - [2024-10-18T10:56:24.854+0000] {override.py:1900} INFO - Created Permission View: menu access on DAG Run:example_external_task_marker_child
[2024-10-18T10:56:24.864+0000] {logging_mixin.py:190} INFO - [2024-10-18T10:56:24.864+0000] {override.py:1900} INFO - Created Permission View: can read on DAG Run:example_external_task_marker_child
[2024-10-18T10:56:24.872+0000] {logging_mixin.py:190} INFO - [2024-10-18T10:56:24.872+0000] {override.py:1900} INFO - Created Permission View: can create on DAG Run:example_external_task_marker_child
[2024-10-18T10:56:24.890+0000] {logging_mixin.py:190} INFO - [2024-10-18T10:56:24.889+0000] {override.py:1900} INFO - Created Permission View: can delete on DAG:example_external_task_marker_parent
[2024-10-18T10:56:24.899+0000] {logging_mixin.py:190} INFO - [2024-10-18T10:56:24.899+0000] {override.py:1900} INFO - Created Permission View: can edit on DAG:example_external_task_marker_parent
[2024-10-18T10:56:24.908+0000] {logging_mixin.py:190} INFO - [2024-10-18T10:56:24.908+0000] {override.py:1900} INFO - Created Permission View: can read on DAG:example_external_task_marker_parent
[2024-10-18T10:56:24.918+0000] {logging_mixin.py:190} INFO - [2024-10-18T10:56:24.917+0000] {override.py:1900} INFO - Created Permission View: can delete on DAG Run:example_external_task_marker_parent
[2024-10-18T10:56:24.927+0000] {logging_mixin.py:190} INFO - [2024-10-18T10:56:24.927+0000] {override.py:1900} INFO - Created Permission View: menu access on DAG Run:example_external_task_marker_parent
[2024-10-18T10:56:24.936+0000] {logging_mixin.py:190} INFO - [2024-10-18T10:56:24.935+0000] {override.py:1900} INFO - Created Permission View: can read on DAG Run:example_external_task_marker_parent
[2024-10-18T10:56:24.945+0000] {logging_mixin.py:190} INFO - [2024-10-18T10:56:24.945+0000] {override.py:1900} INFO - Created Permission View: can create on DAG Run:example_external_task_marker_parent
[2024-10-18T10:56:24.946+0000] {logging_mixin.py:190} INFO - [2024-10-18T10:56:24.946+0000] {dag.py:3239} INFO - Sync 2 DAGs
[2024-10-18T10:56:24.962+0000] {logging_mixin.py:190} INFO - [2024-10-18T10:56:24.962+0000] {dag.py:3262} INFO - Creating ORM DAG for example_external_task_marker_child
[2024-10-18T10:56:24.963+0000] {logging_mixin.py:190} INFO - [2024-10-18T10:56:24.963+0000] {dag.py:3262} INFO - Creating ORM DAG for example_external_task_marker_parent
[2024-10-18T10:56:24.964+0000] {logging_mixin.py:190} INFO - [2024-10-18T10:56:24.964+0000] {dag.py:4180} INFO - Setting next_dagrun for example_external_task_marker_child to None, run_after=None
[2024-10-18T10:56:24.965+0000] {logging_mixin.py:190} INFO - [2024-10-18T10:56:24.965+0000] {dag.py:4180} INFO - Setting next_dagrun for example_external_task_marker_parent to None, run_after=None
[2024-10-18T10:56:24.988+0000] {processor.py:208} INFO - Processing /home/airflow/.local/lib/python3.12/site-packages/airflow/example_dags/example_external_task_marker_dag.py took 0.335 seconds
[2024-10-18T10:56:55.814+0000] {processor.py:186} INFO - Started process (PID=542) to work on /home/airflow/.local/lib/python3.12/site-packages/airflow/example_dags/example_external_task_marker_dag.py
[2024-10-18T10:56:55.815+0000] {processor.py:914} INFO - Processing file /home/airflow/.local/lib/python3.12/site-packages/airflow/example_dags/example_external_task_marker_dag.py for tasks to queue
[2024-10-18T10:56:55.818+0000] {logging_mixin.py:190} INFO - [2024-10-18T10:56:55.817+0000] {dagbag.py:588} INFO - Filling up the DagBag from /home/airflow/.local/lib/python3.12/site-packages/airflow/example_dags/example_external_task_marker_dag.py
[2024-10-18T10:56:55.832+0000] {processor.py:925} INFO - DAG(s) 'example_external_task_marker_child', 'example_external_task_marker_parent' retrieved from /home/airflow/.local/lib/python3.12/site-packages/airflow/example_dags/example_external_task_marker_dag.py
[2024-10-18T10:56:55.875+0000] {logging_mixin.py:190} INFO - [2024-10-18T10:56:55.874+0000] {dag.py:3239} INFO - Sync 2 DAGs
[2024-10-18T10:56:55.901+0000] {logging_mixin.py:190} INFO - [2024-10-18T10:56:55.901+0000] {dag.py:4180} INFO - Setting next_dagrun for example_external_task_marker_child to None, run_after=None
[2024-10-18T10:56:55.913+0000] {logging_mixin.py:190} INFO - [2024-10-18T10:56:55.913+0000] {dag.py:4180} INFO - Setting next_dagrun for example_external_task_marker_parent to None, run_after=None
[2024-10-18T10:56:55.947+0000] {processor.py:208} INFO - Processing /home/airflow/.local/lib/python3.12/site-packages/airflow/example_dags/example_external_task_marker_dag.py took 0.144 seconds
[2024-10-18T10:57:26.543+0000] {processor.py:186} INFO - Started process (PID=826) to work on /home/airflow/.local/lib/python3.12/site-packages/airflow/example_dags/example_external_task_marker_dag.py
[2024-10-18T10:57:26.548+0000] {processor.py:914} INFO - Processing file /home/airflow/.local/lib/python3.12/site-packages/airflow/example_dags/example_external_task_marker_dag.py for tasks to queue
[2024-10-18T10:57:26.558+0000] {logging_mixin.py:190} INFO - [2024-10-18T10:57:26.558+0000] {dagbag.py:588} INFO - Filling up the DagBag from /home/airflow/.local/lib/python3.12/site-packages/airflow/example_dags/example_external_task_marker_dag.py
[2024-10-18T10:57:26.583+0000] {processor.py:925} INFO - DAG(s) 'example_external_task_marker_parent', 'example_external_task_marker_child' retrieved from /home/airflow/.local/lib/python3.12/site-packages/airflow/example_dags/example_external_task_marker_dag.py
[2024-10-18T10:57:26.651+0000] {logging_mixin.py:190} INFO - [2024-10-18T10:57:26.651+0000] {dag.py:3239} INFO - Sync 2 DAGs
[2024-10-18T10:57:26.701+0000] {logging_mixin.py:190} INFO - [2024-10-18T10:57:26.701+0000] {dag.py:4180} INFO - Setting next_dagrun for example_external_task_marker_child to None, run_after=None
[2024-10-18T10:57:26.709+0000] {logging_mixin.py:190} INFO - [2024-10-18T10:57:26.708+0000] {dag.py:4180} INFO - Setting next_dagrun for example_external_task_marker_parent to None, run_after=None
[2024-10-18T10:57:26.759+0000] {processor.py:208} INFO - Processing /home/airflow/.local/lib/python3.12/site-packages/airflow/example_dags/example_external_task_marker_dag.py took 0.232 seconds
[2024-10-18T10:57:57.791+0000] {processor.py:186} INFO - Started process (PID=1116) to work on /home/airflow/.local/lib/python3.12/site-packages/airflow/example_dags/example_external_task_marker_dag.py
[2024-10-18T10:57:57.793+0000] {processor.py:914} INFO - Processing file /home/airflow/.local/lib/python3.12/site-packages/airflow/example_dags/example_external_task_marker_dag.py for tasks to queue
[2024-10-18T10:57:57.797+0000] {logging_mixin.py:190} INFO - [2024-10-18T10:57:57.796+0000] {dagbag.py:588} INFO - Filling up the DagBag from /home/airflow/.local/lib/python3.12/site-packages/airflow/example_dags/example_external_task_marker_dag.py
[2024-10-18T10:57:57.811+0000] {processor.py:925} INFO - DAG(s) 'example_external_task_marker_child', 'example_external_task_marker_parent' retrieved from /home/airflow/.local/lib/python3.12/site-packages/airflow/example_dags/example_external_task_marker_dag.py
[2024-10-18T10:57:57.860+0000] {logging_mixin.py:190} INFO - [2024-10-18T10:57:57.860+0000] {dag.py:3239} INFO - Sync 2 DAGs
[2024-10-18T10:57:57.892+0000] {logging_mixin.py:190} INFO - [2024-10-18T10:57:57.891+0000] {dag.py:4180} INFO - Setting next_dagrun for example_external_task_marker_child to None, run_after=None
[2024-10-18T10:57:57.898+0000] {logging_mixin.py:190} INFO - [2024-10-18T10:57:57.898+0000] {dag.py:4180} INFO - Setting next_dagrun for example_external_task_marker_parent to None, run_after=None
[2024-10-18T10:57:57.935+0000] {processor.py:208} INFO - Processing /home/airflow/.local/lib/python3.12/site-packages/airflow/example_dags/example_external_task_marker_dag.py took 0.153 seconds
[2024-10-18T10:58:28.050+0000] {processor.py:186} INFO - Started process (PID=1404) to work on /home/airflow/.local/lib/python3.12/site-packages/airflow/example_dags/example_external_task_marker_dag.py
[2024-10-18T10:58:28.051+0000] {processor.py:914} INFO - Processing file /home/airflow/.local/lib/python3.12/site-packages/airflow/example_dags/example_external_task_marker_dag.py for tasks to queue
[2024-10-18T10:58:28.053+0000] {logging_mixin.py:190} INFO - [2024-10-18T10:58:28.053+0000] {dagbag.py:588} INFO - Filling up the DagBag from /home/airflow/.local/lib/python3.12/site-packages/airflow/example_dags/example_external_task_marker_dag.py
[2024-10-18T10:58:28.060+0000] {processor.py:925} INFO - DAG(s) 'example_external_task_marker_parent', 'example_external_task_marker_child' retrieved from /home/airflow/.local/lib/python3.12/site-packages/airflow/example_dags/example_external_task_marker_dag.py
[2024-10-18T10:58:28.081+0000] {logging_mixin.py:190} INFO - [2024-10-18T10:58:28.081+0000] {dag.py:3239} INFO - Sync 2 DAGs
[2024-10-18T10:58:28.095+0000] {logging_mixin.py:190} INFO - [2024-10-18T10:58:28.095+0000] {dag.py:4180} INFO - Setting next_dagrun for example_external_task_marker_child to None, run_after=None
[2024-10-18T10:58:28.099+0000] {logging_mixin.py:190} INFO - [2024-10-18T10:58:28.098+0000] {dag.py:4180} INFO - Setting next_dagrun for example_external_task_marker_parent to None, run_after=None
[2024-10-18T10:58:28.117+0000] {processor.py:208} INFO - Processing /home/airflow/.local/lib/python3.12/site-packages/airflow/example_dags/example_external_task_marker_dag.py took 0.072 seconds
[2024-10-18T10:58:58.456+0000] {processor.py:186} INFO - Started process (PID=1689) to work on /home/airflow/.local/lib/python3.12/site-packages/airflow/example_dags/example_external_task_marker_dag.py
[2024-10-18T10:58:58.457+0000] {processor.py:914} INFO - Processing file /home/airflow/.local/lib/python3.12/site-packages/airflow/example_dags/example_external_task_marker_dag.py for tasks to queue
[2024-10-18T10:58:58.459+0000] {logging_mixin.py:190} INFO - [2024-10-18T10:58:58.459+0000] {dagbag.py:588} INFO - Filling up the DagBag from /home/airflow/.local/lib/python3.12/site-packages/airflow/example_dags/example_external_task_marker_dag.py
[2024-10-18T10:58:58.467+0000] {processor.py:925} INFO - DAG(s) 'example_external_task_marker_child', 'example_external_task_marker_parent' retrieved from /home/airflow/.local/lib/python3.12/site-packages/airflow/example_dags/example_external_task_marker_dag.py
[2024-10-18T10:58:58.495+0000] {logging_mixin.py:190} INFO - [2024-10-18T10:58:58.495+0000] {dag.py:3239} INFO - Sync 2 DAGs
[2024-10-18T10:58:58.516+0000] {logging_mixin.py:190} INFO - [2024-10-18T10:58:58.516+0000] {dag.py:4180} INFO - Setting next_dagrun for example_external_task_marker_child to None, run_after=None
[2024-10-18T10:58:58.522+0000] {logging_mixin.py:190} INFO - [2024-10-18T10:58:58.522+0000] {dag.py:4180} INFO - Setting next_dagrun for example_external_task_marker_parent to None, run_after=None
[2024-10-18T10:58:58.548+0000] {processor.py:208} INFO - Processing /home/airflow/.local/lib/python3.12/site-packages/airflow/example_dags/example_external_task_marker_dag.py took 0.097 seconds
[2024-10-18T10:59:29.011+0000] {processor.py:186} INFO - Started process (PID=1975) to work on /home/airflow/.local/lib/python3.12/site-packages/airflow/example_dags/example_external_task_marker_dag.py
[2024-10-18T10:59:29.012+0000] {processor.py:914} INFO - Processing file /home/airflow/.local/lib/python3.12/site-packages/airflow/example_dags/example_external_task_marker_dag.py for tasks to queue
[2024-10-18T10:59:29.014+0000] {logging_mixin.py:190} INFO - [2024-10-18T10:59:29.013+0000] {dagbag.py:588} INFO - Filling up the DagBag from /home/airflow/.local/lib/python3.12/site-packages/airflow/example_dags/example_external_task_marker_dag.py
[2024-10-18T10:59:29.020+0000] {processor.py:925} INFO - DAG(s) 'example_external_task_marker_parent', 'example_external_task_marker_child' retrieved from /home/airflow/.local/lib/python3.12/site-packages/airflow/example_dags/example_external_task_marker_dag.py
[2024-10-18T10:59:29.039+0000] {logging_mixin.py:190} INFO - [2024-10-18T10:59:29.039+0000] {dag.py:3239} INFO - Sync 2 DAGs
[2024-10-18T10:59:29.054+0000] {logging_mixin.py:190} INFO - [2024-10-18T10:59:29.054+0000] {dag.py:4180} INFO - Setting next_dagrun for example_external_task_marker_child to None, run_after=None
[2024-10-18T10:59:29.058+0000] {logging_mixin.py:190} INFO - [2024-10-18T10:59:29.057+0000] {dag.py:4180} INFO - Setting next_dagrun for example_external_task_marker_parent to None, run_after=None
[2024-10-18T10:59:29.075+0000] {processor.py:208} INFO - Processing /home/airflow/.local/lib/python3.12/site-packages/airflow/example_dags/example_external_task_marker_dag.py took 0.069 seconds
[2024-10-18T10:59:59.317+0000] {processor.py:186} INFO - Started process (PID=2261) to work on /home/airflow/.local/lib/python3.12/site-packages/airflow/example_dags/example_external_task_marker_dag.py
[2024-10-18T10:59:59.319+0000] {processor.py:914} INFO - Processing file /home/airflow/.local/lib/python3.12/site-packages/airflow/example_dags/example_external_task_marker_dag.py for tasks to queue
[2024-10-18T10:59:59.322+0000] {logging_mixin.py:190} INFO - [2024-10-18T10:59:59.321+0000] {dagbag.py:588} INFO - Filling up the DagBag from /home/airflow/.local/lib/python3.12/site-packages/airflow/example_dags/example_external_task_marker_dag.py
[2024-10-18T10:59:59.331+0000] {processor.py:925} INFO - DAG(s) 'example_external_task_marker_parent', 'example_external_task_marker_child' retrieved from /home/airflow/.local/lib/python3.12/site-packages/airflow/example_dags/example_external_task_marker_dag.py
[2024-10-18T10:59:59.360+0000] {logging_mixin.py:190} INFO - [2024-10-18T10:59:59.360+0000] {dag.py:3239} INFO - Sync 2 DAGs
[2024-10-18T10:59:59.382+0000] {logging_mixin.py:190} INFO - [2024-10-18T10:59:59.381+0000] {dag.py:4180} INFO - Setting next_dagrun for example_external_task_marker_child to None, run_after=None
[2024-10-18T10:59:59.388+0000] {logging_mixin.py:190} INFO - [2024-10-18T10:59:59.387+0000] {dag.py:4180} INFO - Setting next_dagrun for example_external_task_marker_parent to None, run_after=None
[2024-10-18T10:59:59.412+0000] {processor.py:208} INFO - Processing /home/airflow/.local/lib/python3.12/site-packages/airflow/example_dags/example_external_task_marker_dag.py took 0.101 seconds
[2024-10-18T11:00:29.655+0000] {processor.py:186} INFO - Started process (PID=2547) to work on /home/airflow/.local/lib/python3.12/site-packages/airflow/example_dags/example_external_task_marker_dag.py
[2024-10-18T11:00:29.656+0000] {processor.py:914} INFO - Processing file /home/airflow/.local/lib/python3.12/site-packages/airflow/example_dags/example_external_task_marker_dag.py for tasks to queue
[2024-10-18T11:00:29.658+0000] {logging_mixin.py:190} INFO - [2024-10-18T11:00:29.658+0000] {dagbag.py:588} INFO - Filling up the DagBag from /home/airflow/.local/lib/python3.12/site-packages/airflow/example_dags/example_external_task_marker_dag.py
[2024-10-18T11:00:29.664+0000] {processor.py:925} INFO - DAG(s) 'example_external_task_marker_parent', 'example_external_task_marker_child' retrieved from /home/airflow/.local/lib/python3.12/site-packages/airflow/example_dags/example_external_task_marker_dag.py
[2024-10-18T11:00:29.684+0000] {logging_mixin.py:190} INFO - [2024-10-18T11:00:29.684+0000] {dag.py:3239} INFO - Sync 2 DAGs
[2024-10-18T11:00:29.698+0000] {logging_mixin.py:190} INFO - [2024-10-18T11:00:29.698+0000] {dag.py:4180} INFO - Setting next_dagrun for example_external_task_marker_child to None, run_after=None
[2024-10-18T11:00:29.702+0000] {logging_mixin.py:190} INFO - [2024-10-18T11:00:29.702+0000] {dag.py:4180} INFO - Setting next_dagrun for example_external_task_marker_parent to None, run_after=None
[2024-10-18T11:00:29.722+0000] {processor.py:208} INFO - Processing /home/airflow/.local/lib/python3.12/site-packages/airflow/example_dags/example_external_task_marker_dag.py took 0.072 seconds
[2024-10-18T11:01:00.237+0000] {processor.py:186} INFO - Started process (PID=2833) to work on /home/airflow/.local/lib/python3.12/site-packages/airflow/example_dags/example_external_task_marker_dag.py
[2024-10-18T11:01:00.238+0000] {processor.py:914} INFO - Processing file /home/airflow/.local/lib/python3.12/site-packages/airflow/example_dags/example_external_task_marker_dag.py for tasks to queue
[2024-10-18T11:01:00.240+0000] {logging_mixin.py:190} INFO - [2024-10-18T11:01:00.240+0000] {dagbag.py:588} INFO - Filling up the DagBag from /home/airflow/.local/lib/python3.12/site-packages/airflow/example_dags/example_external_task_marker_dag.py
[2024-10-18T11:01:00.247+0000] {processor.py:925} INFO - DAG(s) 'example_external_task_marker_child', 'example_external_task_marker_parent' retrieved from /home/airflow/.local/lib/python3.12/site-packages/airflow/example_dags/example_external_task_marker_dag.py
[2024-10-18T11:01:00.269+0000] {logging_mixin.py:190} INFO - [2024-10-18T11:01:00.268+0000] {dag.py:3239} INFO - Sync 2 DAGs
[2024-10-18T11:01:00.283+0000] {logging_mixin.py:190} INFO - [2024-10-18T11:01:00.283+0000] {dag.py:4180} INFO - Setting next_dagrun for example_external_task_marker_child to None, run_after=None
[2024-10-18T11:01:00.287+0000] {logging_mixin.py:190} INFO - [2024-10-18T11:01:00.286+0000] {dag.py:4180} INFO - Setting next_dagrun for example_external_task_marker_parent to None, run_after=None
[2024-10-18T11:01:00.302+0000] {processor.py:208} INFO - Processing /home/airflow/.local/lib/python3.12/site-packages/airflow/example_dags/example_external_task_marker_dag.py took 0.070 seconds
[2024-10-18T11:01:30.625+0000] {processor.py:186} INFO - Started process (PID=3119) to work on /home/airflow/.local/lib/python3.12/site-packages/airflow/example_dags/example_external_task_marker_dag.py
[2024-10-18T11:01:30.626+0000] {processor.py:914} INFO - Processing file /home/airflow/.local/lib/python3.12/site-packages/airflow/example_dags/example_external_task_marker_dag.py for tasks to queue
[2024-10-18T11:01:30.628+0000] {logging_mixin.py:190} INFO - [2024-10-18T11:01:30.628+0000] {dagbag.py:588} INFO - Filling up the DagBag from /home/airflow/.local/lib/python3.12/site-packages/airflow/example_dags/example_external_task_marker_dag.py
[2024-10-18T11:01:30.636+0000] {processor.py:925} INFO - DAG(s) 'example_external_task_marker_child', 'example_external_task_marker_parent' retrieved from /home/airflow/.local/lib/python3.12/site-packages/airflow/example_dags/example_external_task_marker_dag.py
[2024-10-18T11:01:30.658+0000] {logging_mixin.py:190} INFO - [2024-10-18T11:01:30.658+0000] {dag.py:3239} INFO - Sync 2 DAGs
[2024-10-18T11:01:30.673+0000] {logging_mixin.py:190} INFO - [2024-10-18T11:01:30.673+0000] {dag.py:4180} INFO - Setting next_dagrun for example_external_task_marker_child to None, run_after=None
[2024-10-18T11:01:30.677+0000] {logging_mixin.py:190} INFO - [2024-10-18T11:01:30.677+0000] {dag.py:4180} INFO - Setting next_dagrun for example_external_task_marker_parent to None, run_after=None
[2024-10-18T11:01:30.698+0000] {processor.py:208} INFO - Processing /home/airflow/.local/lib/python3.12/site-packages/airflow/example_dags/example_external_task_marker_dag.py took 0.078 seconds
[2024-10-18T11:02:01.286+0000] {processor.py:186} INFO - Started process (PID=3405) to work on /home/airflow/.local/lib/python3.12/site-packages/airflow/example_dags/example_external_task_marker_dag.py
[2024-10-18T11:02:01.287+0000] {processor.py:914} INFO - Processing file /home/airflow/.local/lib/python3.12/site-packages/airflow/example_dags/example_external_task_marker_dag.py for tasks to queue
[2024-10-18T11:02:01.289+0000] {logging_mixin.py:190} INFO - [2024-10-18T11:02:01.289+0000] {dagbag.py:588} INFO - Filling up the DagBag from /home/airflow/.local/lib/python3.12/site-packages/airflow/example_dags/example_external_task_marker_dag.py
[2024-10-18T11:02:01.295+0000] {processor.py:925} INFO - DAG(s) 'example_external_task_marker_parent', 'example_external_task_marker_child' retrieved from /home/airflow/.local/lib/python3.12/site-packages/airflow/example_dags/example_external_task_marker_dag.py
[2024-10-18T11:02:01.315+0000] {logging_mixin.py:190} INFO - [2024-10-18T11:02:01.314+0000] {dag.py:3239} INFO - Sync 2 DAGs
[2024-10-18T11:02:01.328+0000] {logging_mixin.py:190} INFO - [2024-10-18T11:02:01.328+0000] {dag.py:4180} INFO - Setting next_dagrun for example_external_task_marker_child to None, run_after=None
[2024-10-18T11:02:01.331+0000] {logging_mixin.py:190} INFO - [2024-10-18T11:02:01.331+0000] {dag.py:4180} INFO - Setting next_dagrun for example_external_task_marker_parent to None, run_after=None
[2024-10-18T11:02:01.346+0000] {processor.py:208} INFO - Processing /home/airflow/.local/lib/python3.12/site-packages/airflow/example_dags/example_external_task_marker_dag.py took 0.064 seconds
[2024-10-18T11:02:31.623+0000] {processor.py:186} INFO - Started process (PID=3691) to work on /home/airflow/.local/lib/python3.12/site-packages/airflow/example_dags/example_external_task_marker_dag.py
[2024-10-18T11:02:31.624+0000] {processor.py:914} INFO - Processing file /home/airflow/.local/lib/python3.12/site-packages/airflow/example_dags/example_external_task_marker_dag.py for tasks to queue
[2024-10-18T11:02:31.627+0000] {logging_mixin.py:190} INFO - [2024-10-18T11:02:31.626+0000] {dagbag.py:588} INFO - Filling up the DagBag from /home/airflow/.local/lib/python3.12/site-packages/airflow/example_dags/example_external_task_marker_dag.py
[2024-10-18T11:02:31.636+0000] {processor.py:925} INFO - DAG(s) 'example_external_task_marker_child', 'example_external_task_marker_parent' retrieved from /home/airflow/.local/lib/python3.12/site-packages/airflow/example_dags/example_external_task_marker_dag.py
[2024-10-18T11:02:31.663+0000] {logging_mixin.py:190} INFO - [2024-10-18T11:02:31.662+0000] {dag.py:3239} INFO - Sync 2 DAGs
[2024-10-18T11:02:31.684+0000] {logging_mixin.py:190} INFO - [2024-10-18T11:02:31.683+0000] {dag.py:4180} INFO - Setting next_dagrun for example_external_task_marker_child to None, run_after=None
[2024-10-18T11:02:31.689+0000] {logging_mixin.py:190} INFO - [2024-10-18T11:02:31.689+0000] {dag.py:4180} INFO - Setting next_dagrun for example_external_task_marker_parent to None, run_after=None
[2024-10-18T11:02:31.709+0000] {processor.py:208} INFO - Processing /home/airflow/.local/lib/python3.12/site-packages/airflow/example_dags/example_external_task_marker_dag.py took 0.092 seconds
[2024-10-18T11:03:02.158+0000] {processor.py:186} INFO - Started process (PID=3977) to work on /home/airflow/.local/lib/python3.12/site-packages/airflow/example_dags/example_external_task_marker_dag.py
[2024-10-18T11:03:02.159+0000] {processor.py:914} INFO - Processing file /home/airflow/.local/lib/python3.12/site-packages/airflow/example_dags/example_external_task_marker_dag.py for tasks to queue
[2024-10-18T11:03:02.161+0000] {logging_mixin.py:190} INFO - [2024-10-18T11:03:02.161+0000] {dagbag.py:588} INFO - Filling up the DagBag from /home/airflow/.local/lib/python3.12/site-packages/airflow/example_dags/example_external_task_marker_dag.py
[2024-10-18T11:03:02.169+0000] {processor.py:925} INFO - DAG(s) 'example_external_task_marker_child', 'example_external_task_marker_parent' retrieved from /home/airflow/.local/lib/python3.12/site-packages/airflow/example_dags/example_external_task_marker_dag.py
[2024-10-18T11:03:02.191+0000] {logging_mixin.py:190} INFO - [2024-10-18T11:03:02.190+0000] {dag.py:3239} INFO - Sync 2 DAGs
[2024-10-18T11:03:02.208+0000] {logging_mixin.py:190} INFO - [2024-10-18T11:03:02.208+0000] {dag.py:4180} INFO - Setting next_dagrun for example_external_task_marker_child to None, run_after=None
[2024-10-18T11:03:02.212+0000] {logging_mixin.py:190} INFO - [2024-10-18T11:03:02.212+0000] {dag.py:4180} INFO - Setting next_dagrun for example_external_task_marker_parent to None, run_after=None
[2024-10-18T11:03:02.229+0000] {processor.py:208} INFO - Processing /home/airflow/.local/lib/python3.12/site-packages/airflow/example_dags/example_external_task_marker_dag.py took 0.076 seconds
[2024-10-18T11:03:32.514+0000] {processor.py:186} INFO - Started process (PID=4263) to work on /home/airflow/.local/lib/python3.12/site-packages/airflow/example_dags/example_external_task_marker_dag.py
[2024-10-18T11:03:32.515+0000] {processor.py:914} INFO - Processing file /home/airflow/.local/lib/python3.12/site-packages/airflow/example_dags/example_external_task_marker_dag.py for tasks to queue
[2024-10-18T11:03:32.517+0000] {logging_mixin.py:190} INFO - [2024-10-18T11:03:32.516+0000] {dagbag.py:588} INFO - Filling up the DagBag from /home/airflow/.local/lib/python3.12/site-packages/airflow/example_dags/example_external_task_marker_dag.py
[2024-10-18T11:03:32.524+0000] {processor.py:925} INFO - DAG(s) 'example_external_task_marker_parent', 'example_external_task_marker_child' retrieved from /home/airflow/.local/lib/python3.12/site-packages/airflow/example_dags/example_external_task_marker_dag.py
[2024-10-18T11:03:32.543+0000] {logging_mixin.py:190} INFO - [2024-10-18T11:03:32.543+0000] {dag.py:3239} INFO - Sync 2 DAGs
[2024-10-18T11:03:32.556+0000] {logging_mixin.py:190} INFO - [2024-10-18T11:03:32.556+0000] {dag.py:4180} INFO - Setting next_dagrun for example_external_task_marker_child to None, run_after=None
[2024-10-18T11:03:32.563+0000] {logging_mixin.py:190} INFO - [2024-10-18T11:03:32.562+0000] {dag.py:4180} INFO - Setting next_dagrun for example_external_task_marker_parent to None, run_after=None
[2024-10-18T11:03:32.577+0000] {processor.py:208} INFO - Processing /home/airflow/.local/lib/python3.12/site-packages/airflow/example_dags/example_external_task_marker_dag.py took 0.068 seconds
[2024-10-18T11:04:02.874+0000] {processor.py:186} INFO - Started process (PID=4549) to work on /home/airflow/.local/lib/python3.12/site-packages/airflow/example_dags/example_external_task_marker_dag.py
[2024-10-18T11:04:02.875+0000] {processor.py:914} INFO - Processing file /home/airflow/.local/lib/python3.12/site-packages/airflow/example_dags/example_external_task_marker_dag.py for tasks to queue
[2024-10-18T11:04:02.877+0000] {logging_mixin.py:190} INFO - [2024-10-18T11:04:02.877+0000] {dagbag.py:588} INFO - Filling up the DagBag from /home/airflow/.local/lib/python3.12/site-packages/airflow/example_dags/example_external_task_marker_dag.py
[2024-10-18T11:04:02.884+0000] {processor.py:925} INFO - DAG(s) 'example_external_task_marker_child', 'example_external_task_marker_parent' retrieved from /home/airflow/.local/lib/python3.12/site-packages/airflow/example_dags/example_external_task_marker_dag.py
[2024-10-18T11:04:02.904+0000] {logging_mixin.py:190} INFO - [2024-10-18T11:04:02.903+0000] {dag.py:3239} INFO - Sync 2 DAGs
[2024-10-18T11:04:02.918+0000] {logging_mixin.py:190} INFO - [2024-10-18T11:04:02.918+0000] {dag.py:4180} INFO - Setting next_dagrun for example_external_task_marker_child to None, run_after=None
[2024-10-18T11:04:02.922+0000] {logging_mixin.py:190} INFO - [2024-10-18T11:04:02.921+0000] {dag.py:4180} INFO - Setting next_dagrun for example_external_task_marker_parent to None, run_after=None
[2024-10-18T11:04:02.940+0000] {processor.py:208} INFO - Processing /home/airflow/.local/lib/python3.12/site-packages/airflow/example_dags/example_external_task_marker_dag.py took 0.071 seconds
[2024-10-18T11:04:33.137+0000] {processor.py:186} INFO - Started process (PID=4835) to work on /home/airflow/.local/lib/python3.12/site-packages/airflow/example_dags/example_external_task_marker_dag.py
[2024-10-18T11:04:33.138+0000] {processor.py:914} INFO - Processing file /home/airflow/.local/lib/python3.12/site-packages/airflow/example_dags/example_external_task_marker_dag.py for tasks to queue
[2024-10-18T11:04:33.141+0000] {logging_mixin.py:190} INFO - [2024-10-18T11:04:33.140+0000] {dagbag.py:588} INFO - Filling up the DagBag from /home/airflow/.local/lib/python3.12/site-packages/airflow/example_dags/example_external_task_marker_dag.py
[2024-10-18T11:04:33.148+0000] {processor.py:925} INFO - DAG(s) 'example_external_task_marker_parent', 'example_external_task_marker_child' retrieved from /home/airflow/.local/lib/python3.12/site-packages/airflow/example_dags/example_external_task_marker_dag.py
[2024-10-18T11:04:33.169+0000] {logging_mixin.py:190} INFO - [2024-10-18T11:04:33.169+0000] {dag.py:3239} INFO - Sync 2 DAGs
[2024-10-18T11:04:33.183+0000] {logging_mixin.py:190} INFO - [2024-10-18T11:04:33.182+0000] {dag.py:4180} INFO - Setting next_dagrun for example_external_task_marker_child to None, run_after=None
[2024-10-18T11:04:33.186+0000] {logging_mixin.py:190} INFO - [2024-10-18T11:04:33.186+0000] {dag.py:4180} INFO - Setting next_dagrun for example_external_task_marker_parent to None, run_after=None
[2024-10-18T11:04:33.203+0000] {processor.py:208} INFO - Processing /home/airflow/.local/lib/python3.12/site-packages/airflow/example_dags/example_external_task_marker_dag.py took 0.071 seconds
[2024-10-18T11:05:03.357+0000] {processor.py:186} INFO - Started process (PID=5121) to work on /home/airflow/.local/lib/python3.12/site-packages/airflow/example_dags/example_external_task_marker_dag.py
[2024-10-18T11:05:03.358+0000] {processor.py:914} INFO - Processing file /home/airflow/.local/lib/python3.12/site-packages/airflow/example_dags/example_external_task_marker_dag.py for tasks to queue
[2024-10-18T11:05:03.360+0000] {logging_mixin.py:190} INFO - [2024-10-18T11:05:03.360+0000] {dagbag.py:588} INFO - Filling up the DagBag from /home/airflow/.local/lib/python3.12/site-packages/airflow/example_dags/example_external_task_marker_dag.py
[2024-10-18T11:05:03.368+0000] {processor.py:925} INFO - DAG(s) 'example_external_task_marker_child', 'example_external_task_marker_parent' retrieved from /home/airflow/.local/lib/python3.12/site-packages/airflow/example_dags/example_external_task_marker_dag.py
[2024-10-18T11:05:03.388+0000] {logging_mixin.py:190} INFO - [2024-10-18T11:05:03.388+0000] {dag.py:3239} INFO - Sync 2 DAGs
[2024-10-18T11:05:03.401+0000] {logging_mixin.py:190} INFO - [2024-10-18T11:05:03.401+0000] {dag.py:4180} INFO - Setting next_dagrun for example_external_task_marker_child to None, run_after=None
[2024-10-18T11:05:03.405+0000] {logging_mixin.py:190} INFO - [2024-10-18T11:05:03.404+0000] {dag.py:4180} INFO - Setting next_dagrun for example_external_task_marker_parent to None, run_after=None
[2024-10-18T11:05:03.422+0000] {processor.py:208} INFO - Processing /home/airflow/.local/lib/python3.12/site-packages/airflow/example_dags/example_external_task_marker_dag.py took 0.069 seconds
[2024-10-18T11:05:33.703+0000] {processor.py:186} INFO - Started process (PID=5407) to work on /home/airflow/.local/lib/python3.12/site-packages/airflow/example_dags/example_external_task_marker_dag.py
[2024-10-18T11:05:33.705+0000] {processor.py:914} INFO - Processing file /home/airflow/.local/lib/python3.12/site-packages/airflow/example_dags/example_external_task_marker_dag.py for tasks to queue
[2024-10-18T11:05:33.707+0000] {logging_mixin.py:190} INFO - [2024-10-18T11:05:33.706+0000] {dagbag.py:588} INFO - Filling up the DagBag from /home/airflow/.local/lib/python3.12/site-packages/airflow/example_dags/example_external_task_marker_dag.py
[2024-10-18T11:05:33.714+0000] {processor.py:925} INFO - DAG(s) 'example_external_task_marker_parent', 'example_external_task_marker_child' retrieved from /home/airflow/.local/lib/python3.12/site-packages/airflow/example_dags/example_external_task_marker_dag.py
[2024-10-18T11:05:33.738+0000] {logging_mixin.py:190} INFO - [2024-10-18T11:05:33.737+0000] {dag.py:3239} INFO - Sync 2 DAGs
[2024-10-18T11:05:33.753+0000] {logging_mixin.py:190} INFO - [2024-10-18T11:05:33.752+0000] {dag.py:4180} INFO - Setting next_dagrun for example_external_task_marker_child to None, run_after=None
[2024-10-18T11:05:33.756+0000] {logging_mixin.py:190} INFO - [2024-10-18T11:05:33.756+0000] {dag.py:4180} INFO - Setting next_dagrun for example_external_task_marker_parent to None, run_after=None
[2024-10-18T11:05:33.774+0000] {processor.py:208} INFO - Processing /home/airflow/.local/lib/python3.12/site-packages/airflow/example_dags/example_external_task_marker_dag.py took 0.076 seconds
[2024-10-18T11:06:04.000+0000] {processor.py:186} INFO - Started process (PID=5693) to work on /home/airflow/.local/lib/python3.12/site-packages/airflow/example_dags/example_external_task_marker_dag.py
[2024-10-18T11:06:04.001+0000] {processor.py:914} INFO - Processing file /home/airflow/.local/lib/python3.12/site-packages/airflow/example_dags/example_external_task_marker_dag.py for tasks to queue
[2024-10-18T11:06:04.004+0000] {logging_mixin.py:190} INFO - [2024-10-18T11:06:04.004+0000] {dagbag.py:588} INFO - Filling up the DagBag from /home/airflow/.local/lib/python3.12/site-packages/airflow/example_dags/example_external_task_marker_dag.py
[2024-10-18T11:06:04.012+0000] {processor.py:925} INFO - DAG(s) 'example_external_task_marker_parent', 'example_external_task_marker_child' retrieved from /home/airflow/.local/lib/python3.12/site-packages/airflow/example_dags/example_external_task_marker_dag.py
[2024-10-18T11:06:04.037+0000] {logging_mixin.py:190} INFO - [2024-10-18T11:06:04.037+0000] {dag.py:3239} INFO - Sync 2 DAGs
[2024-10-18T11:06:04.053+0000] {logging_mixin.py:190} INFO - [2024-10-18T11:06:04.053+0000] {dag.py:4180} INFO - Setting next_dagrun for example_external_task_marker_child to None, run_after=None
[2024-10-18T11:06:04.057+0000] {logging_mixin.py:190} INFO - [2024-10-18T11:06:04.057+0000] {dag.py:4180} INFO - Setting next_dagrun for example_external_task_marker_parent to None, run_after=None
[2024-10-18T11:06:04.077+0000] {processor.py:208} INFO - Processing /home/airflow/.local/lib/python3.12/site-packages/airflow/example_dags/example_external_task_marker_dag.py took 0.081 seconds
[2024-10-18T11:06:34.463+0000] {processor.py:186} INFO - Started process (PID=5979) to work on /home/airflow/.local/lib/python3.12/site-packages/airflow/example_dags/example_external_task_marker_dag.py
[2024-10-18T11:06:34.464+0000] {processor.py:914} INFO - Processing file /home/airflow/.local/lib/python3.12/site-packages/airflow/example_dags/example_external_task_marker_dag.py for tasks to queue
[2024-10-18T11:06:34.467+0000] {logging_mixin.py:190} INFO - [2024-10-18T11:06:34.466+0000] {dagbag.py:588} INFO - Filling up the DagBag from /home/airflow/.local/lib/python3.12/site-packages/airflow/example_dags/example_external_task_marker_dag.py
[2024-10-18T11:06:34.473+0000] {processor.py:925} INFO - DAG(s) 'example_external_task_marker_parent', 'example_external_task_marker_child' retrieved from /home/airflow/.local/lib/python3.12/site-packages/airflow/example_dags/example_external_task_marker_dag.py
[2024-10-18T11:06:34.494+0000] {logging_mixin.py:190} INFO - [2024-10-18T11:06:34.494+0000] {dag.py:3239} INFO - Sync 2 DAGs
[2024-10-18T11:06:34.508+0000] {logging_mixin.py:190} INFO - [2024-10-18T11:06:34.508+0000] {dag.py:4180} INFO - Setting next_dagrun for example_external_task_marker_child to None, run_after=None
[2024-10-18T11:06:34.512+0000] {logging_mixin.py:190} INFO - [2024-10-18T11:06:34.512+0000] {dag.py:4180} INFO - Setting next_dagrun for example_external_task_marker_parent to None, run_after=None
[2024-10-18T11:06:34.532+0000] {processor.py:208} INFO - Processing /home/airflow/.local/lib/python3.12/site-packages/airflow/example_dags/example_external_task_marker_dag.py took 0.073 seconds
[2024-10-18T11:07:04.813+0000] {processor.py:186} INFO - Started process (PID=6265) to work on /home/airflow/.local/lib/python3.12/site-packages/airflow/example_dags/example_external_task_marker_dag.py
[2024-10-18T11:07:04.814+0000] {processor.py:914} INFO - Processing file /home/airflow/.local/lib/python3.12/site-packages/airflow/example_dags/example_external_task_marker_dag.py for tasks to queue
[2024-10-18T11:07:04.816+0000] {logging_mixin.py:190} INFO - [2024-10-18T11:07:04.815+0000] {dagbag.py:588} INFO - Filling up the DagBag from /home/airflow/.local/lib/python3.12/site-packages/airflow/example_dags/example_external_task_marker_dag.py
[2024-10-18T11:07:04.823+0000] {processor.py:925} INFO - DAG(s) 'example_external_task_marker_parent', 'example_external_task_marker_child' retrieved from /home/airflow/.local/lib/python3.12/site-packages/airflow/example_dags/example_external_task_marker_dag.py
[2024-10-18T11:07:04.844+0000] {logging_mixin.py:190} INFO - [2024-10-18T11:07:04.844+0000] {dag.py:3239} INFO - Sync 2 DAGs
[2024-10-18T11:07:04.858+0000] {logging_mixin.py:190} INFO - [2024-10-18T11:07:04.857+0000] {dag.py:4180} INFO - Setting next_dagrun for example_external_task_marker_child to None, run_after=None
[2024-10-18T11:07:04.861+0000] {logging_mixin.py:190} INFO - [2024-10-18T11:07:04.861+0000] {dag.py:4180} INFO - Setting next_dagrun for example_external_task_marker_parent to None, run_after=None
[2024-10-18T11:07:04.879+0000] {processor.py:208} INFO - Processing /home/airflow/.local/lib/python3.12/site-packages/airflow/example_dags/example_external_task_marker_dag.py took 0.071 seconds
[2024-10-18T11:07:35.010+0000] {processor.py:186} INFO - Started process (PID=6551) to work on /home/airflow/.local/lib/python3.12/site-packages/airflow/example_dags/example_external_task_marker_dag.py
[2024-10-18T11:07:35.011+0000] {processor.py:914} INFO - Processing file /home/airflow/.local/lib/python3.12/site-packages/airflow/example_dags/example_external_task_marker_dag.py for tasks to queue
[2024-10-18T11:07:35.013+0000] {logging_mixin.py:190} INFO - [2024-10-18T11:07:35.013+0000] {dagbag.py:588} INFO - Filling up the DagBag from /home/airflow/.local/lib/python3.12/site-packages/airflow/example_dags/example_external_task_marker_dag.py
[2024-10-18T11:07:35.020+0000] {processor.py:925} INFO - DAG(s) 'example_external_task_marker_parent', 'example_external_task_marker_child' retrieved from /home/airflow/.local/lib/python3.12/site-packages/airflow/example_dags/example_external_task_marker_dag.py
[2024-10-18T11:07:35.040+0000] {logging_mixin.py:190} INFO - [2024-10-18T11:07:35.040+0000] {dag.py:3239} INFO - Sync 2 DAGs
[2024-10-18T11:07:35.055+0000] {logging_mixin.py:190} INFO - [2024-10-18T11:07:35.055+0000] {dag.py:4180} INFO - Setting next_dagrun for example_external_task_marker_child to None, run_after=None
[2024-10-18T11:07:35.059+0000] {logging_mixin.py:190} INFO - [2024-10-18T11:07:35.059+0000] {dag.py:4180} INFO - Setting next_dagrun for example_external_task_marker_parent to None, run_after=None
[2024-10-18T11:07:35.076+0000] {processor.py:208} INFO - Processing /home/airflow/.local/lib/python3.12/site-packages/airflow/example_dags/example_external_task_marker_dag.py took 0.070 seconds
[2024-10-18T11:08:05.493+0000] {processor.py:186} INFO - Started process (PID=6837) to work on /home/airflow/.local/lib/python3.12/site-packages/airflow/example_dags/example_external_task_marker_dag.py
[2024-10-18T11:08:05.495+0000] {processor.py:914} INFO - Processing file /home/airflow/.local/lib/python3.12/site-packages/airflow/example_dags/example_external_task_marker_dag.py for tasks to queue
[2024-10-18T11:08:05.497+0000] {logging_mixin.py:190} INFO - [2024-10-18T11:08:05.497+0000] {dagbag.py:588} INFO - Filling up the DagBag from /home/airflow/.local/lib/python3.12/site-packages/airflow/example_dags/example_external_task_marker_dag.py
[2024-10-18T11:08:05.504+0000] {processor.py:925} INFO - DAG(s) 'example_external_task_marker_parent', 'example_external_task_marker_child' retrieved from /home/airflow/.local/lib/python3.12/site-packages/airflow/example_dags/example_external_task_marker_dag.py
[2024-10-18T11:08:05.524+0000] {logging_mixin.py:190} INFO - [2024-10-18T11:08:05.524+0000] {dag.py:3239} INFO - Sync 2 DAGs
[2024-10-18T11:08:05.537+0000] {logging_mixin.py:190} INFO - [2024-10-18T11:08:05.537+0000] {dag.py:4180} INFO - Setting next_dagrun for example_external_task_marker_child to None, run_after=None
[2024-10-18T11:08:05.541+0000] {logging_mixin.py:190} INFO - [2024-10-18T11:08:05.540+0000] {dag.py:4180} INFO - Setting next_dagrun for example_external_task_marker_parent to None, run_after=None
[2024-10-18T11:08:05.558+0000] {processor.py:208} INFO - Processing /home/airflow/.local/lib/python3.12/site-packages/airflow/example_dags/example_external_task_marker_dag.py took 0.071 seconds
[2024-10-18T11:08:35.624+0000] {processor.py:186} INFO - Started process (PID=7123) to work on /home/airflow/.local/lib/python3.12/site-packages/airflow/example_dags/example_external_task_marker_dag.py
[2024-10-18T11:08:35.625+0000] {processor.py:914} INFO - Processing file /home/airflow/.local/lib/python3.12/site-packages/airflow/example_dags/example_external_task_marker_dag.py for tasks to queue
[2024-10-18T11:08:35.627+0000] {logging_mixin.py:190} INFO - [2024-10-18T11:08:35.627+0000] {dagbag.py:588} INFO - Filling up the DagBag from /home/airflow/.local/lib/python3.12/site-packages/airflow/example_dags/example_external_task_marker_dag.py
[2024-10-18T11:08:35.634+0000] {processor.py:925} INFO - DAG(s) 'example_external_task_marker_parent', 'example_external_task_marker_child' retrieved from /home/airflow/.local/lib/python3.12/site-packages/airflow/example_dags/example_external_task_marker_dag.py
[2024-10-18T11:08:35.659+0000] {logging_mixin.py:190} INFO - [2024-10-18T11:08:35.658+0000] {dag.py:3239} INFO - Sync 2 DAGs
[2024-10-18T11:08:35.672+0000] {logging_mixin.py:190} INFO - [2024-10-18T11:08:35.672+0000] {dag.py:4180} INFO - Setting next_dagrun for example_external_task_marker_child to None, run_after=None
[2024-10-18T11:08:35.676+0000] {logging_mixin.py:190} INFO - [2024-10-18T11:08:35.676+0000] {dag.py:4180} INFO - Setting next_dagrun for example_external_task_marker_parent to None, run_after=None
[2024-10-18T11:08:35.693+0000] {processor.py:208} INFO - Processing /home/airflow/.local/lib/python3.12/site-packages/airflow/example_dags/example_external_task_marker_dag.py took 0.074 seconds
[2024-10-18T11:09:05.964+0000] {processor.py:186} INFO - Started process (PID=7409) to work on /home/airflow/.local/lib/python3.12/site-packages/airflow/example_dags/example_external_task_marker_dag.py
[2024-10-18T11:09:05.965+0000] {processor.py:914} INFO - Processing file /home/airflow/.local/lib/python3.12/site-packages/airflow/example_dags/example_external_task_marker_dag.py for tasks to queue
[2024-10-18T11:09:05.967+0000] {logging_mixin.py:190} INFO - [2024-10-18T11:09:05.967+0000] {dagbag.py:588} INFO - Filling up the DagBag from /home/airflow/.local/lib/python3.12/site-packages/airflow/example_dags/example_external_task_marker_dag.py
[2024-10-18T11:09:05.974+0000] {processor.py:925} INFO - DAG(s) 'example_external_task_marker_child', 'example_external_task_marker_parent' retrieved from /home/airflow/.local/lib/python3.12/site-packages/airflow/example_dags/example_external_task_marker_dag.py
[2024-10-18T11:09:05.993+0000] {logging_mixin.py:190} INFO - [2024-10-18T11:09:05.993+0000] {dag.py:3239} INFO - Sync 2 DAGs
[2024-10-18T11:09:06.008+0000] {logging_mixin.py:190} INFO - [2024-10-18T11:09:06.008+0000] {dag.py:4180} INFO - Setting next_dagrun for example_external_task_marker_child to None, run_after=None
[2024-10-18T11:09:06.012+0000] {logging_mixin.py:190} INFO - [2024-10-18T11:09:06.012+0000] {dag.py:4180} INFO - Setting next_dagrun for example_external_task_marker_parent to None, run_after=None
[2024-10-18T11:09:06.030+0000] {processor.py:208} INFO - Processing /home/airflow/.local/lib/python3.12/site-packages/airflow/example_dags/example_external_task_marker_dag.py took 0.071 seconds
[2024-10-18T11:09:36.268+0000] {processor.py:186} INFO - Started process (PID=7695) to work on /home/airflow/.local/lib/python3.12/site-packages/airflow/example_dags/example_external_task_marker_dag.py
[2024-10-18T11:09:36.269+0000] {processor.py:914} INFO - Processing file /home/airflow/.local/lib/python3.12/site-packages/airflow/example_dags/example_external_task_marker_dag.py for tasks to queue
[2024-10-18T11:09:36.271+0000] {logging_mixin.py:190} INFO - [2024-10-18T11:09:36.271+0000] {dagbag.py:588} INFO - Filling up the DagBag from /home/airflow/.local/lib/python3.12/site-packages/airflow/example_dags/example_external_task_marker_dag.py
[2024-10-18T11:09:36.281+0000] {processor.py:925} INFO - DAG(s) 'example_external_task_marker_parent', 'example_external_task_marker_child' retrieved from /home/airflow/.local/lib/python3.12/site-packages/airflow/example_dags/example_external_task_marker_dag.py
[2024-10-18T11:09:36.303+0000] {logging_mixin.py:190} INFO - [2024-10-18T11:09:36.303+0000] {dag.py:3239} INFO - Sync 2 DAGs
[2024-10-18T11:09:36.322+0000] {logging_mixin.py:190} INFO - [2024-10-18T11:09:36.322+0000] {dag.py:4180} INFO - Setting next_dagrun for example_external_task_marker_child to None, run_after=None
[2024-10-18T11:09:36.326+0000] {logging_mixin.py:190} INFO - [2024-10-18T11:09:36.326+0000] {dag.py:4180} INFO - Setting next_dagrun for example_external_task_marker_parent to None, run_after=None
[2024-10-18T11:09:36.345+0000] {processor.py:208} INFO - Processing /home/airflow/.local/lib/python3.12/site-packages/airflow/example_dags/example_external_task_marker_dag.py took 0.082 seconds
[2024-10-18T11:10:06.661+0000] {processor.py:186} INFO - Started process (PID=7981) to work on /home/airflow/.local/lib/python3.12/site-packages/airflow/example_dags/example_external_task_marker_dag.py
[2024-10-18T11:10:06.662+0000] {processor.py:914} INFO - Processing file /home/airflow/.local/lib/python3.12/site-packages/airflow/example_dags/example_external_task_marker_dag.py for tasks to queue
[2024-10-18T11:10:06.664+0000] {logging_mixin.py:190} INFO - [2024-10-18T11:10:06.663+0000] {dagbag.py:588} INFO - Filling up the DagBag from /home/airflow/.local/lib/python3.12/site-packages/airflow/example_dags/example_external_task_marker_dag.py
[2024-10-18T11:10:06.670+0000] {processor.py:925} INFO - DAG(s) 'example_external_task_marker_parent', 'example_external_task_marker_child' retrieved from /home/airflow/.local/lib/python3.12/site-packages/airflow/example_dags/example_external_task_marker_dag.py
[2024-10-18T11:10:06.690+0000] {logging_mixin.py:190} INFO - [2024-10-18T11:10:06.689+0000] {dag.py:3239} INFO - Sync 2 DAGs
[2024-10-18T11:10:06.704+0000] {logging_mixin.py:190} INFO - [2024-10-18T11:10:06.704+0000] {dag.py:4180} INFO - Setting next_dagrun for example_external_task_marker_child to None, run_after=None
[2024-10-18T11:10:06.708+0000] {logging_mixin.py:190} INFO - [2024-10-18T11:10:06.708+0000] {dag.py:4180} INFO - Setting next_dagrun for example_external_task_marker_parent to None, run_after=None
[2024-10-18T11:10:06.727+0000] {processor.py:208} INFO - Processing /home/airflow/.local/lib/python3.12/site-packages/airflow/example_dags/example_external_task_marker_dag.py took 0.071 seconds
[2024-10-18T11:10:36.941+0000] {processor.py:186} INFO - Started process (PID=8267) to work on /home/airflow/.local/lib/python3.12/site-packages/airflow/example_dags/example_external_task_marker_dag.py
[2024-10-18T11:10:36.943+0000] {processor.py:914} INFO - Processing file /home/airflow/.local/lib/python3.12/site-packages/airflow/example_dags/example_external_task_marker_dag.py for tasks to queue
[2024-10-18T11:10:36.945+0000] {logging_mixin.py:190} INFO - [2024-10-18T11:10:36.945+0000] {dagbag.py:588} INFO - Filling up the DagBag from /home/airflow/.local/lib/python3.12/site-packages/airflow/example_dags/example_external_task_marker_dag.py
[2024-10-18T11:10:36.953+0000] {processor.py:925} INFO - DAG(s) 'example_external_task_marker_child', 'example_external_task_marker_parent' retrieved from /home/airflow/.local/lib/python3.12/site-packages/airflow/example_dags/example_external_task_marker_dag.py
[2024-10-18T11:10:36.976+0000] {logging_mixin.py:190} INFO - [2024-10-18T11:10:36.976+0000] {dag.py:3239} INFO - Sync 2 DAGs
[2024-10-18T11:10:36.990+0000] {logging_mixin.py:190} INFO - [2024-10-18T11:10:36.990+0000] {dag.py:4180} INFO - Setting next_dagrun for example_external_task_marker_child to None, run_after=None
[2024-10-18T11:10:36.994+0000] {logging_mixin.py:190} INFO - [2024-10-18T11:10:36.994+0000] {dag.py:4180} INFO - Setting next_dagrun for example_external_task_marker_parent to None, run_after=None
[2024-10-18T11:10:37.010+0000] {processor.py:208} INFO - Processing /home/airflow/.local/lib/python3.12/site-packages/airflow/example_dags/example_external_task_marker_dag.py took 0.074 seconds
[2024-10-18T11:11:07.596+0000] {processor.py:186} INFO - Started process (PID=8553) to work on /home/airflow/.local/lib/python3.12/site-packages/airflow/example_dags/example_external_task_marker_dag.py
[2024-10-18T11:11:07.597+0000] {processor.py:914} INFO - Processing file /home/airflow/.local/lib/python3.12/site-packages/airflow/example_dags/example_external_task_marker_dag.py for tasks to queue
[2024-10-18T11:11:07.601+0000] {logging_mixin.py:190} INFO - [2024-10-18T11:11:07.600+0000] {dagbag.py:588} INFO - Filling up the DagBag from /home/airflow/.local/lib/python3.12/site-packages/airflow/example_dags/example_external_task_marker_dag.py
[2024-10-18T11:11:07.610+0000] {processor.py:925} INFO - DAG(s) 'example_external_task_marker_parent', 'example_external_task_marker_child' retrieved from /home/airflow/.local/lib/python3.12/site-packages/airflow/example_dags/example_external_task_marker_dag.py
[2024-10-18T11:11:07.638+0000] {logging_mixin.py:190} INFO - [2024-10-18T11:11:07.638+0000] {dag.py:3239} INFO - Sync 2 DAGs
[2024-10-18T11:11:07.655+0000] {logging_mixin.py:190} INFO - [2024-10-18T11:11:07.655+0000] {dag.py:4180} INFO - Setting next_dagrun for example_external_task_marker_child to None, run_after=None
[2024-10-18T11:11:07.659+0000] {logging_mixin.py:190} INFO - [2024-10-18T11:11:07.659+0000] {dag.py:4180} INFO - Setting next_dagrun for example_external_task_marker_parent to None, run_after=None
[2024-10-18T11:11:07.687+0000] {processor.py:208} INFO - Processing /home/airflow/.local/lib/python3.12/site-packages/airflow/example_dags/example_external_task_marker_dag.py took 0.096 seconds
[2024-10-18T11:11:38.232+0000] {processor.py:186} INFO - Started process (PID=8839) to work on /home/airflow/.local/lib/python3.12/site-packages/airflow/example_dags/example_external_task_marker_dag.py
[2024-10-18T11:11:38.233+0000] {processor.py:914} INFO - Processing file /home/airflow/.local/lib/python3.12/site-packages/airflow/example_dags/example_external_task_marker_dag.py for tasks to queue
[2024-10-18T11:11:38.235+0000] {logging_mixin.py:190} INFO - [2024-10-18T11:11:38.235+0000] {dagbag.py:588} INFO - Filling up the DagBag from /home/airflow/.local/lib/python3.12/site-packages/airflow/example_dags/example_external_task_marker_dag.py
[2024-10-18T11:11:38.242+0000] {processor.py:925} INFO - DAG(s) 'example_external_task_marker_child', 'example_external_task_marker_parent' retrieved from /home/airflow/.local/lib/python3.12/site-packages/airflow/example_dags/example_external_task_marker_dag.py
[2024-10-18T11:11:38.262+0000] {logging_mixin.py:190} INFO - [2024-10-18T11:11:38.262+0000] {dag.py:3239} INFO - Sync 2 DAGs
[2024-10-18T11:11:38.275+0000] {logging_mixin.py:190} INFO - [2024-10-18T11:11:38.275+0000] {dag.py:4180} INFO - Setting next_dagrun for example_external_task_marker_child to None, run_after=None
[2024-10-18T11:11:38.280+0000] {logging_mixin.py:190} INFO - [2024-10-18T11:11:38.279+0000] {dag.py:4180} INFO - Setting next_dagrun for example_external_task_marker_parent to None, run_after=None
[2024-10-18T11:11:38.294+0000] {processor.py:208} INFO - Processing /home/airflow/.local/lib/python3.12/site-packages/airflow/example_dags/example_external_task_marker_dag.py took 0.067 seconds
[2024-10-18T11:12:08.435+0000] {processor.py:186} INFO - Started process (PID=9125) to work on /home/airflow/.local/lib/python3.12/site-packages/airflow/example_dags/example_external_task_marker_dag.py
[2024-10-18T11:12:08.436+0000] {processor.py:914} INFO - Processing file /home/airflow/.local/lib/python3.12/site-packages/airflow/example_dags/example_external_task_marker_dag.py for tasks to queue
[2024-10-18T11:12:08.439+0000] {logging_mixin.py:190} INFO - [2024-10-18T11:12:08.439+0000] {dagbag.py:588} INFO - Filling up the DagBag from /home/airflow/.local/lib/python3.12/site-packages/airflow/example_dags/example_external_task_marker_dag.py
[2024-10-18T11:12:08.447+0000] {processor.py:925} INFO - DAG(s) 'example_external_task_marker_parent', 'example_external_task_marker_child' retrieved from /home/airflow/.local/lib/python3.12/site-packages/airflow/example_dags/example_external_task_marker_dag.py
[2024-10-18T11:12:08.470+0000] {logging_mixin.py:190} INFO - [2024-10-18T11:12:08.470+0000] {dag.py:3239} INFO - Sync 2 DAGs
[2024-10-18T11:12:08.485+0000] {logging_mixin.py:190} INFO - [2024-10-18T11:12:08.485+0000] {dag.py:4180} INFO - Setting next_dagrun for example_external_task_marker_child to None, run_after=None
[2024-10-18T11:12:08.489+0000] {logging_mixin.py:190} INFO - [2024-10-18T11:12:08.488+0000] {dag.py:4180} INFO - Setting next_dagrun for example_external_task_marker_parent to None, run_after=None
[2024-10-18T11:12:08.505+0000] {processor.py:208} INFO - Processing /home/airflow/.local/lib/python3.12/site-packages/airflow/example_dags/example_external_task_marker_dag.py took 0.076 seconds
[2024-10-18T11:12:39.184+0000] {processor.py:186} INFO - Started process (PID=9417) to work on /home/airflow/.local/lib/python3.12/site-packages/airflow/example_dags/example_external_task_marker_dag.py
[2024-10-18T11:12:39.185+0000] {processor.py:914} INFO - Processing file /home/airflow/.local/lib/python3.12/site-packages/airflow/example_dags/example_external_task_marker_dag.py for tasks to queue
[2024-10-18T11:12:39.188+0000] {logging_mixin.py:190} INFO - [2024-10-18T11:12:39.187+0000] {dagbag.py:588} INFO - Filling up the DagBag from /home/airflow/.local/lib/python3.12/site-packages/airflow/example_dags/example_external_task_marker_dag.py
[2024-10-18T11:12:39.195+0000] {processor.py:925} INFO - DAG(s) 'example_external_task_marker_child', 'example_external_task_marker_parent' retrieved from /home/airflow/.local/lib/python3.12/site-packages/airflow/example_dags/example_external_task_marker_dag.py
[2024-10-18T11:12:39.217+0000] {logging_mixin.py:190} INFO - [2024-10-18T11:12:39.217+0000] {dag.py:3239} INFO - Sync 2 DAGs
[2024-10-18T11:12:39.232+0000] {logging_mixin.py:190} INFO - [2024-10-18T11:12:39.232+0000] {dag.py:4180} INFO - Setting next_dagrun for example_external_task_marker_child to None, run_after=None
[2024-10-18T11:12:39.236+0000] {logging_mixin.py:190} INFO - [2024-10-18T11:12:39.236+0000] {dag.py:4180} INFO - Setting next_dagrun for example_external_task_marker_parent to None, run_after=None
[2024-10-18T11:12:39.254+0000] {processor.py:208} INFO - Processing /home/airflow/.local/lib/python3.12/site-packages/airflow/example_dags/example_external_task_marker_dag.py took 0.076 seconds
[2024-10-18T11:13:09.461+0000] {processor.py:186} INFO - Started process (PID=9703) to work on /home/airflow/.local/lib/python3.12/site-packages/airflow/example_dags/example_external_task_marker_dag.py
[2024-10-18T11:13:09.462+0000] {processor.py:914} INFO - Processing file /home/airflow/.local/lib/python3.12/site-packages/airflow/example_dags/example_external_task_marker_dag.py for tasks to queue
[2024-10-18T11:13:09.464+0000] {logging_mixin.py:190} INFO - [2024-10-18T11:13:09.464+0000] {dagbag.py:588} INFO - Filling up the DagBag from /home/airflow/.local/lib/python3.12/site-packages/airflow/example_dags/example_external_task_marker_dag.py
[2024-10-18T11:13:09.471+0000] {processor.py:925} INFO - DAG(s) 'example_external_task_marker_parent', 'example_external_task_marker_child' retrieved from /home/airflow/.local/lib/python3.12/site-packages/airflow/example_dags/example_external_task_marker_dag.py
[2024-10-18T11:13:09.492+0000] {logging_mixin.py:190} INFO - [2024-10-18T11:13:09.491+0000] {dag.py:3239} INFO - Sync 2 DAGs
[2024-10-18T11:13:09.506+0000] {logging_mixin.py:190} INFO - [2024-10-18T11:13:09.506+0000] {dag.py:4180} INFO - Setting next_dagrun for example_external_task_marker_child to None, run_after=None
[2024-10-18T11:13:09.510+0000] {logging_mixin.py:190} INFO - [2024-10-18T11:13:09.510+0000] {dag.py:4180} INFO - Setting next_dagrun for example_external_task_marker_parent to None, run_after=None
[2024-10-18T11:13:09.528+0000] {processor.py:208} INFO - Processing /home/airflow/.local/lib/python3.12/site-packages/airflow/example_dags/example_external_task_marker_dag.py took 0.072 seconds
[2024-10-18T11:13:39.908+0000] {processor.py:186} INFO - Started process (PID=9989) to work on /home/airflow/.local/lib/python3.12/site-packages/airflow/example_dags/example_external_task_marker_dag.py
[2024-10-18T11:13:39.909+0000] {processor.py:914} INFO - Processing file /home/airflow/.local/lib/python3.12/site-packages/airflow/example_dags/example_external_task_marker_dag.py for tasks to queue
[2024-10-18T11:13:39.911+0000] {logging_mixin.py:190} INFO - [2024-10-18T11:13:39.911+0000] {dagbag.py:588} INFO - Filling up the DagBag from /home/airflow/.local/lib/python3.12/site-packages/airflow/example_dags/example_external_task_marker_dag.py
[2024-10-18T11:13:39.920+0000] {processor.py:925} INFO - DAG(s) 'example_external_task_marker_parent', 'example_external_task_marker_child' retrieved from /home/airflow/.local/lib/python3.12/site-packages/airflow/example_dags/example_external_task_marker_dag.py
[2024-10-18T11:13:39.945+0000] {logging_mixin.py:190} INFO - [2024-10-18T11:13:39.945+0000] {dag.py:3239} INFO - Sync 2 DAGs
[2024-10-18T11:13:39.967+0000] {logging_mixin.py:190} INFO - [2024-10-18T11:13:39.967+0000] {dag.py:4180} INFO - Setting next_dagrun for example_external_task_marker_child to None, run_after=None
[2024-10-18T11:13:39.972+0000] {logging_mixin.py:190} INFO - [2024-10-18T11:13:39.972+0000] {dag.py:4180} INFO - Setting next_dagrun for example_external_task_marker_parent to None, run_after=None
[2024-10-18T11:13:39.994+0000] {processor.py:208} INFO - Processing /home/airflow/.local/lib/python3.12/site-packages/airflow/example_dags/example_external_task_marker_dag.py took 0.092 seconds
[2024-10-18T11:14:10.302+0000] {processor.py:186} INFO - Started process (PID=10280) to work on /home/airflow/.local/lib/python3.12/site-packages/airflow/example_dags/example_external_task_marker_dag.py
[2024-10-18T11:14:10.303+0000] {processor.py:914} INFO - Processing file /home/airflow/.local/lib/python3.12/site-packages/airflow/example_dags/example_external_task_marker_dag.py for tasks to queue
[2024-10-18T11:14:10.306+0000] {logging_mixin.py:190} INFO - [2024-10-18T11:14:10.305+0000] {dagbag.py:588} INFO - Filling up the DagBag from /home/airflow/.local/lib/python3.12/site-packages/airflow/example_dags/example_external_task_marker_dag.py
[2024-10-18T11:14:10.316+0000] {processor.py:925} INFO - DAG(s) 'example_external_task_marker_child', 'example_external_task_marker_parent' retrieved from /home/airflow/.local/lib/python3.12/site-packages/airflow/example_dags/example_external_task_marker_dag.py
[2024-10-18T11:14:10.338+0000] {logging_mixin.py:190} INFO - [2024-10-18T11:14:10.338+0000] {dag.py:3239} INFO - Sync 2 DAGs
[2024-10-18T11:14:10.359+0000] {logging_mixin.py:190} INFO - [2024-10-18T11:14:10.358+0000] {dag.py:4180} INFO - Setting next_dagrun for example_external_task_marker_child to None, run_after=None
[2024-10-18T11:14:10.363+0000] {logging_mixin.py:190} INFO - [2024-10-18T11:14:10.363+0000] {dag.py:4180} INFO - Setting next_dagrun for example_external_task_marker_parent to None, run_after=None
[2024-10-18T11:14:10.380+0000] {processor.py:208} INFO - Processing /home/airflow/.local/lib/python3.12/site-packages/airflow/example_dags/example_external_task_marker_dag.py took 0.084 seconds
[2024-10-18T11:14:40.733+0000] {processor.py:186} INFO - Started process (PID=10585) to work on /home/airflow/.local/lib/python3.12/site-packages/airflow/example_dags/example_external_task_marker_dag.py
[2024-10-18T11:14:40.734+0000] {processor.py:914} INFO - Processing file /home/airflow/.local/lib/python3.12/site-packages/airflow/example_dags/example_external_task_marker_dag.py for tasks to queue
[2024-10-18T11:14:40.737+0000] {logging_mixin.py:190} INFO - [2024-10-18T11:14:40.737+0000] {dagbag.py:588} INFO - Filling up the DagBag from /home/airflow/.local/lib/python3.12/site-packages/airflow/example_dags/example_external_task_marker_dag.py
[2024-10-18T11:14:40.748+0000] {processor.py:925} INFO - DAG(s) 'example_external_task_marker_parent', 'example_external_task_marker_child' retrieved from /home/airflow/.local/lib/python3.12/site-packages/airflow/example_dags/example_external_task_marker_dag.py
[2024-10-18T11:14:40.783+0000] {logging_mixin.py:190} INFO - [2024-10-18T11:14:40.782+0000] {dag.py:3239} INFO - Sync 2 DAGs
[2024-10-18T11:14:40.806+0000] {logging_mixin.py:190} INFO - [2024-10-18T11:14:40.806+0000] {dag.py:4180} INFO - Setting next_dagrun for example_external_task_marker_child to None, run_after=None
[2024-10-18T11:14:40.814+0000] {logging_mixin.py:190} INFO - [2024-10-18T11:14:40.814+0000] {dag.py:4180} INFO - Setting next_dagrun for example_external_task_marker_parent to None, run_after=None
[2024-10-18T11:14:40.843+0000] {processor.py:208} INFO - Processing /home/airflow/.local/lib/python3.12/site-packages/airflow/example_dags/example_external_task_marker_dag.py took 0.120 seconds
[2024-10-18T11:15:11.216+0000] {processor.py:186} INFO - Started process (PID=10871) to work on /home/airflow/.local/lib/python3.12/site-packages/airflow/example_dags/example_external_task_marker_dag.py
[2024-10-18T11:15:11.217+0000] {processor.py:914} INFO - Processing file /home/airflow/.local/lib/python3.12/site-packages/airflow/example_dags/example_external_task_marker_dag.py for tasks to queue
[2024-10-18T11:15:11.221+0000] {logging_mixin.py:190} INFO - [2024-10-18T11:15:11.220+0000] {dagbag.py:588} INFO - Filling up the DagBag from /home/airflow/.local/lib/python3.12/site-packages/airflow/example_dags/example_external_task_marker_dag.py
[2024-10-18T11:15:11.232+0000] {processor.py:925} INFO - DAG(s) 'example_external_task_marker_parent', 'example_external_task_marker_child' retrieved from /home/airflow/.local/lib/python3.12/site-packages/airflow/example_dags/example_external_task_marker_dag.py
[2024-10-18T11:15:11.264+0000] {logging_mixin.py:190} INFO - [2024-10-18T11:15:11.264+0000] {dag.py:3239} INFO - Sync 2 DAGs
[2024-10-18T11:15:11.286+0000] {logging_mixin.py:190} INFO - [2024-10-18T11:15:11.285+0000] {dag.py:4180} INFO - Setting next_dagrun for example_external_task_marker_child to None, run_after=None
[2024-10-18T11:15:11.294+0000] {logging_mixin.py:190} INFO - [2024-10-18T11:15:11.293+0000] {dag.py:4180} INFO - Setting next_dagrun for example_external_task_marker_parent to None, run_after=None
[2024-10-18T11:15:11.320+0000] {processor.py:208} INFO - Processing /home/airflow/.local/lib/python3.12/site-packages/airflow/example_dags/example_external_task_marker_dag.py took 0.112 seconds
[2024-10-18T11:15:41.953+0000] {processor.py:186} INFO - Started process (PID=11157) to work on /home/airflow/.local/lib/python3.12/site-packages/airflow/example_dags/example_external_task_marker_dag.py
[2024-10-18T11:15:41.954+0000] {processor.py:914} INFO - Processing file /home/airflow/.local/lib/python3.12/site-packages/airflow/example_dags/example_external_task_marker_dag.py for tasks to queue
[2024-10-18T11:15:41.958+0000] {logging_mixin.py:190} INFO - [2024-10-18T11:15:41.957+0000] {dagbag.py:588} INFO - Filling up the DagBag from /home/airflow/.local/lib/python3.12/site-packages/airflow/example_dags/example_external_task_marker_dag.py
[2024-10-18T11:15:41.972+0000] {processor.py:925} INFO - DAG(s) 'example_external_task_marker_parent', 'example_external_task_marker_child' retrieved from /home/airflow/.local/lib/python3.12/site-packages/airflow/example_dags/example_external_task_marker_dag.py
[2024-10-18T11:15:42.010+0000] {logging_mixin.py:190} INFO - [2024-10-18T11:15:42.009+0000] {dag.py:3239} INFO - Sync 2 DAGs
[2024-10-18T11:15:42.037+0000] {logging_mixin.py:190} INFO - [2024-10-18T11:15:42.037+0000] {dag.py:4180} INFO - Setting next_dagrun for example_external_task_marker_child to None, run_after=None
[2024-10-18T11:15:42.043+0000] {logging_mixin.py:190} INFO - [2024-10-18T11:15:42.043+0000] {dag.py:4180} INFO - Setting next_dagrun for example_external_task_marker_parent to None, run_after=None
[2024-10-18T11:15:42.072+0000] {processor.py:208} INFO - Processing /home/airflow/.local/lib/python3.12/site-packages/airflow/example_dags/example_external_task_marker_dag.py took 0.127 seconds
[2024-10-18T11:16:12.155+0000] {processor.py:186} INFO - Started process (PID=11440) to work on /home/airflow/.local/lib/python3.12/site-packages/airflow/example_dags/example_external_task_marker_dag.py
[2024-10-18T11:16:12.157+0000] {processor.py:914} INFO - Processing file /home/airflow/.local/lib/python3.12/site-packages/airflow/example_dags/example_external_task_marker_dag.py for tasks to queue
[2024-10-18T11:16:12.159+0000] {logging_mixin.py:190} INFO - [2024-10-18T11:16:12.159+0000] {dagbag.py:588} INFO - Filling up the DagBag from /home/airflow/.local/lib/python3.12/site-packages/airflow/example_dags/example_external_task_marker_dag.py
[2024-10-18T11:16:12.167+0000] {processor.py:925} INFO - DAG(s) 'example_external_task_marker_parent', 'example_external_task_marker_child' retrieved from /home/airflow/.local/lib/python3.12/site-packages/airflow/example_dags/example_external_task_marker_dag.py
[2024-10-18T11:16:12.190+0000] {logging_mixin.py:190} INFO - [2024-10-18T11:16:12.190+0000] {dag.py:3239} INFO - Sync 2 DAGs
[2024-10-18T11:16:12.205+0000] {logging_mixin.py:190} INFO - [2024-10-18T11:16:12.205+0000] {dag.py:4180} INFO - Setting next_dagrun for example_external_task_marker_child to None, run_after=None
[2024-10-18T11:16:12.209+0000] {logging_mixin.py:190} INFO - [2024-10-18T11:16:12.209+0000] {dag.py:4180} INFO - Setting next_dagrun for example_external_task_marker_parent to None, run_after=None
[2024-10-18T11:16:12.226+0000] {processor.py:208} INFO - Processing /home/airflow/.local/lib/python3.12/site-packages/airflow/example_dags/example_external_task_marker_dag.py took 0.078 seconds
[2024-10-18T11:16:43.171+0000] {processor.py:186} INFO - Started process (PID=11750) to work on /home/airflow/.local/lib/python3.12/site-packages/airflow/example_dags/example_external_task_marker_dag.py
[2024-10-18T11:16:43.210+0000] {processor.py:914} INFO - Processing file /home/airflow/.local/lib/python3.12/site-packages/airflow/example_dags/example_external_task_marker_dag.py for tasks to queue
[2024-10-18T11:16:43.230+0000] {logging_mixin.py:190} INFO - [2024-10-18T11:16:43.228+0000] {dagbag.py:588} INFO - Filling up the DagBag from /home/airflow/.local/lib/python3.12/site-packages/airflow/example_dags/example_external_task_marker_dag.py
[2024-10-18T11:16:43.284+0000] {processor.py:925} INFO - DAG(s) 'example_external_task_marker_child', 'example_external_task_marker_parent' retrieved from /home/airflow/.local/lib/python3.12/site-packages/airflow/example_dags/example_external_task_marker_dag.py
[2024-10-18T11:16:43.422+0000] {logging_mixin.py:190} INFO - [2024-10-18T11:16:43.419+0000] {dag.py:3239} INFO - Sync 2 DAGs
[2024-10-18T11:16:43.506+0000] {logging_mixin.py:190} INFO - [2024-10-18T11:16:43.506+0000] {dag.py:4180} INFO - Setting next_dagrun for example_external_task_marker_child to None, run_after=None
[2024-10-18T11:16:43.539+0000] {logging_mixin.py:190} INFO - [2024-10-18T11:16:43.539+0000] {dag.py:4180} INFO - Setting next_dagrun for example_external_task_marker_parent to None, run_after=None
[2024-10-18T11:16:43.618+0000] {processor.py:208} INFO - Processing /home/airflow/.local/lib/python3.12/site-packages/airflow/example_dags/example_external_task_marker_dag.py took 0.494 seconds
[2024-10-18T11:17:14.024+0000] {processor.py:186} INFO - Started process (PID=12051) to work on /home/airflow/.local/lib/python3.12/site-packages/airflow/example_dags/example_external_task_marker_dag.py
[2024-10-18T11:17:14.026+0000] {processor.py:914} INFO - Processing file /home/airflow/.local/lib/python3.12/site-packages/airflow/example_dags/example_external_task_marker_dag.py for tasks to queue
[2024-10-18T11:17:14.030+0000] {logging_mixin.py:190} INFO - [2024-10-18T11:17:14.029+0000] {dagbag.py:588} INFO - Filling up the DagBag from /home/airflow/.local/lib/python3.12/site-packages/airflow/example_dags/example_external_task_marker_dag.py
[2024-10-18T11:17:14.053+0000] {processor.py:925} INFO - DAG(s) 'example_external_task_marker_parent', 'example_external_task_marker_child' retrieved from /home/airflow/.local/lib/python3.12/site-packages/airflow/example_dags/example_external_task_marker_dag.py
[2024-10-18T11:17:14.119+0000] {logging_mixin.py:190} INFO - [2024-10-18T11:17:14.118+0000] {dag.py:3239} INFO - Sync 2 DAGs
[2024-10-18T11:17:14.169+0000] {logging_mixin.py:190} INFO - [2024-10-18T11:17:14.168+0000] {dag.py:4180} INFO - Setting next_dagrun for example_external_task_marker_child to None, run_after=None
[2024-10-18T11:17:14.182+0000] {logging_mixin.py:190} INFO - [2024-10-18T11:17:14.181+0000] {dag.py:4180} INFO - Setting next_dagrun for example_external_task_marker_parent to None, run_after=None
[2024-10-18T11:17:14.228+0000] {processor.py:208} INFO - Processing /home/airflow/.local/lib/python3.12/site-packages/airflow/example_dags/example_external_task_marker_dag.py took 0.223 seconds
[2024-10-18T11:17:44.543+0000] {processor.py:186} INFO - Started process (PID=12337) to work on /home/airflow/.local/lib/python3.12/site-packages/airflow/example_dags/example_external_task_marker_dag.py
[2024-10-18T11:17:44.545+0000] {processor.py:914} INFO - Processing file /home/airflow/.local/lib/python3.12/site-packages/airflow/example_dags/example_external_task_marker_dag.py for tasks to queue
[2024-10-18T11:17:44.549+0000] {logging_mixin.py:190} INFO - [2024-10-18T11:17:44.549+0000] {dagbag.py:588} INFO - Filling up the DagBag from /home/airflow/.local/lib/python3.12/site-packages/airflow/example_dags/example_external_task_marker_dag.py
[2024-10-18T11:17:44.584+0000] {processor.py:925} INFO - DAG(s) 'example_external_task_marker_child', 'example_external_task_marker_parent' retrieved from /home/airflow/.local/lib/python3.12/site-packages/airflow/example_dags/example_external_task_marker_dag.py
[2024-10-18T11:17:44.648+0000] {logging_mixin.py:190} INFO - [2024-10-18T11:17:44.647+0000] {dag.py:3239} INFO - Sync 2 DAGs
[2024-10-18T11:17:44.693+0000] {logging_mixin.py:190} INFO - [2024-10-18T11:17:44.692+0000] {dag.py:4180} INFO - Setting next_dagrun for example_external_task_marker_child to None, run_after=None
[2024-10-18T11:17:44.699+0000] {logging_mixin.py:190} INFO - [2024-10-18T11:17:44.699+0000] {dag.py:4180} INFO - Setting next_dagrun for example_external_task_marker_parent to None, run_after=None
[2024-10-18T11:17:44.745+0000] {processor.py:208} INFO - Processing /home/airflow/.local/lib/python3.12/site-packages/airflow/example_dags/example_external_task_marker_dag.py took 0.217 seconds
[2024-10-18T11:18:15.327+0000] {processor.py:186} INFO - Started process (PID=12623) to work on /home/airflow/.local/lib/python3.12/site-packages/airflow/example_dags/example_external_task_marker_dag.py
[2024-10-18T11:18:15.328+0000] {processor.py:914} INFO - Processing file /home/airflow/.local/lib/python3.12/site-packages/airflow/example_dags/example_external_task_marker_dag.py for tasks to queue
[2024-10-18T11:18:15.338+0000] {logging_mixin.py:190} INFO - [2024-10-18T11:18:15.337+0000] {dagbag.py:588} INFO - Filling up the DagBag from /home/airflow/.local/lib/python3.12/site-packages/airflow/example_dags/example_external_task_marker_dag.py
[2024-10-18T11:18:15.359+0000] {processor.py:925} INFO - DAG(s) 'example_external_task_marker_parent', 'example_external_task_marker_child' retrieved from /home/airflow/.local/lib/python3.12/site-packages/airflow/example_dags/example_external_task_marker_dag.py
[2024-10-18T11:18:15.426+0000] {logging_mixin.py:190} INFO - [2024-10-18T11:18:15.426+0000] {dag.py:3239} INFO - Sync 2 DAGs
[2024-10-18T11:18:15.474+0000] {logging_mixin.py:190} INFO - [2024-10-18T11:18:15.474+0000] {dag.py:4180} INFO - Setting next_dagrun for example_external_task_marker_child to None, run_after=None
[2024-10-18T11:18:15.487+0000] {logging_mixin.py:190} INFO - [2024-10-18T11:18:15.487+0000] {dag.py:4180} INFO - Setting next_dagrun for example_external_task_marker_parent to None, run_after=None
[2024-10-18T11:18:15.538+0000] {processor.py:208} INFO - Processing /home/airflow/.local/lib/python3.12/site-packages/airflow/example_dags/example_external_task_marker_dag.py took 0.225 seconds
[2024-10-18T11:18:46.278+0000] {processor.py:186} INFO - Started process (PID=12909) to work on /home/airflow/.local/lib/python3.12/site-packages/airflow/example_dags/example_external_task_marker_dag.py
[2024-10-18T11:18:46.280+0000] {processor.py:914} INFO - Processing file /home/airflow/.local/lib/python3.12/site-packages/airflow/example_dags/example_external_task_marker_dag.py for tasks to queue
[2024-10-18T11:18:46.284+0000] {logging_mixin.py:190} INFO - [2024-10-18T11:18:46.283+0000] {dagbag.py:588} INFO - Filling up the DagBag from /home/airflow/.local/lib/python3.12/site-packages/airflow/example_dags/example_external_task_marker_dag.py
[2024-10-18T11:18:46.301+0000] {processor.py:925} INFO - DAG(s) 'example_external_task_marker_child', 'example_external_task_marker_parent' retrieved from /home/airflow/.local/lib/python3.12/site-packages/airflow/example_dags/example_external_task_marker_dag.py
[2024-10-18T11:18:46.350+0000] {logging_mixin.py:190} INFO - [2024-10-18T11:18:46.350+0000] {dag.py:3239} INFO - Sync 2 DAGs
[2024-10-18T11:18:46.381+0000] {logging_mixin.py:190} INFO - [2024-10-18T11:18:46.381+0000] {dag.py:4180} INFO - Setting next_dagrun for example_external_task_marker_child to None, run_after=None
[2024-10-18T11:18:46.389+0000] {logging_mixin.py:190} INFO - [2024-10-18T11:18:46.389+0000] {dag.py:4180} INFO - Setting next_dagrun for example_external_task_marker_parent to None, run_after=None
[2024-10-18T11:18:46.422+0000] {processor.py:208} INFO - Processing /home/airflow/.local/lib/python3.12/site-packages/airflow/example_dags/example_external_task_marker_dag.py took 0.158 seconds
[2024-10-18T11:19:17.171+0000] {processor.py:186} INFO - Started process (PID=13196) to work on /home/airflow/.local/lib/python3.12/site-packages/airflow/example_dags/example_external_task_marker_dag.py
[2024-10-18T11:19:17.172+0000] {processor.py:914} INFO - Processing file /home/airflow/.local/lib/python3.12/site-packages/airflow/example_dags/example_external_task_marker_dag.py for tasks to queue
[2024-10-18T11:19:17.175+0000] {logging_mixin.py:190} INFO - [2024-10-18T11:19:17.175+0000] {dagbag.py:588} INFO - Filling up the DagBag from /home/airflow/.local/lib/python3.12/site-packages/airflow/example_dags/example_external_task_marker_dag.py
[2024-10-18T11:19:17.185+0000] {processor.py:925} INFO - DAG(s) 'example_external_task_marker_child', 'example_external_task_marker_parent' retrieved from /home/airflow/.local/lib/python3.12/site-packages/airflow/example_dags/example_external_task_marker_dag.py
[2024-10-18T11:19:17.229+0000] {logging_mixin.py:190} INFO - [2024-10-18T11:19:17.229+0000] {dag.py:3239} INFO - Sync 2 DAGs
[2024-10-18T11:19:17.266+0000] {logging_mixin.py:190} INFO - [2024-10-18T11:19:17.265+0000] {dag.py:4180} INFO - Setting next_dagrun for example_external_task_marker_child to None, run_after=None
[2024-10-18T11:19:17.275+0000] {logging_mixin.py:190} INFO - [2024-10-18T11:19:17.274+0000] {dag.py:4180} INFO - Setting next_dagrun for example_external_task_marker_parent to None, run_after=None
[2024-10-18T11:19:17.307+0000] {processor.py:208} INFO - Processing /home/airflow/.local/lib/python3.12/site-packages/airflow/example_dags/example_external_task_marker_dag.py took 0.145 seconds
[2024-10-18T11:19:47.430+0000] {processor.py:186} INFO - Started process (PID=13482) to work on /home/airflow/.local/lib/python3.12/site-packages/airflow/example_dags/example_external_task_marker_dag.py
[2024-10-18T11:19:47.431+0000] {processor.py:914} INFO - Processing file /home/airflow/.local/lib/python3.12/site-packages/airflow/example_dags/example_external_task_marker_dag.py for tasks to queue
[2024-10-18T11:19:47.433+0000] {logging_mixin.py:190} INFO - [2024-10-18T11:19:47.433+0000] {dagbag.py:588} INFO - Filling up the DagBag from /home/airflow/.local/lib/python3.12/site-packages/airflow/example_dags/example_external_task_marker_dag.py
[2024-10-18T11:19:47.441+0000] {processor.py:925} INFO - DAG(s) 'example_external_task_marker_child', 'example_external_task_marker_parent' retrieved from /home/airflow/.local/lib/python3.12/site-packages/airflow/example_dags/example_external_task_marker_dag.py
[2024-10-18T11:19:47.463+0000] {logging_mixin.py:190} INFO - [2024-10-18T11:19:47.463+0000] {dag.py:3239} INFO - Sync 2 DAGs
[2024-10-18T11:19:47.478+0000] {logging_mixin.py:190} INFO - [2024-10-18T11:19:47.478+0000] {dag.py:4180} INFO - Setting next_dagrun for example_external_task_marker_child to None, run_after=None
[2024-10-18T11:19:47.482+0000] {logging_mixin.py:190} INFO - [2024-10-18T11:19:47.482+0000] {dag.py:4180} INFO - Setting next_dagrun for example_external_task_marker_parent to None, run_after=None
[2024-10-18T11:19:47.498+0000] {processor.py:208} INFO - Processing /home/airflow/.local/lib/python3.12/site-packages/airflow/example_dags/example_external_task_marker_dag.py took 0.074 seconds
[2024-10-18T11:20:19.570+0000] {processor.py:186} INFO - Started process (PID=13770) to work on /home/airflow/.local/lib/python3.12/site-packages/airflow/example_dags/example_external_task_marker_dag.py
[2024-10-18T11:20:19.572+0000] {processor.py:914} INFO - Processing file /home/airflow/.local/lib/python3.12/site-packages/airflow/example_dags/example_external_task_marker_dag.py for tasks to queue
[2024-10-18T11:20:19.587+0000] {logging_mixin.py:190} INFO - [2024-10-18T11:20:19.586+0000] {dagbag.py:588} INFO - Filling up the DagBag from /home/airflow/.local/lib/python3.12/site-packages/airflow/example_dags/example_external_task_marker_dag.py
[2024-10-18T11:20:19.638+0000] {processor.py:925} INFO - DAG(s) 'example_external_task_marker_parent', 'example_external_task_marker_child' retrieved from /home/airflow/.local/lib/python3.12/site-packages/airflow/example_dags/example_external_task_marker_dag.py
[2024-10-18T11:20:19.799+0000] {logging_mixin.py:190} INFO - [2024-10-18T11:20:19.798+0000] {dag.py:3239} INFO - Sync 2 DAGs
[2024-10-18T11:20:19.927+0000] {logging_mixin.py:190} INFO - [2024-10-18T11:20:19.926+0000] {dag.py:4180} INFO - Setting next_dagrun for example_external_task_marker_child to None, run_after=None
[2024-10-18T11:20:19.957+0000] {logging_mixin.py:190} INFO - [2024-10-18T11:20:19.947+0000] {dag.py:4180} INFO - Setting next_dagrun for example_external_task_marker_parent to None, run_after=None
[2024-10-18T11:20:20.569+0000] {processor.py:208} INFO - Processing /home/airflow/.local/lib/python3.12/site-packages/airflow/example_dags/example_external_task_marker_dag.py took 1.031 seconds
[2024-10-18T11:20:50.658+0000] {processor.py:186} INFO - Started process (PID=14062) to work on /home/airflow/.local/lib/python3.12/site-packages/airflow/example_dags/example_external_task_marker_dag.py
[2024-10-18T11:20:50.659+0000] {processor.py:914} INFO - Processing file /home/airflow/.local/lib/python3.12/site-packages/airflow/example_dags/example_external_task_marker_dag.py for tasks to queue
[2024-10-18T11:20:50.661+0000] {logging_mixin.py:190} INFO - [2024-10-18T11:20:50.661+0000] {dagbag.py:588} INFO - Filling up the DagBag from /home/airflow/.local/lib/python3.12/site-packages/airflow/example_dags/example_external_task_marker_dag.py
[2024-10-18T11:20:50.668+0000] {processor.py:925} INFO - DAG(s) 'example_external_task_marker_parent', 'example_external_task_marker_child' retrieved from /home/airflow/.local/lib/python3.12/site-packages/airflow/example_dags/example_external_task_marker_dag.py
[2024-10-18T11:20:50.690+0000] {logging_mixin.py:190} INFO - [2024-10-18T11:20:50.690+0000] {dag.py:3239} INFO - Sync 2 DAGs
[2024-10-18T11:20:50.704+0000] {logging_mixin.py:190} INFO - [2024-10-18T11:20:50.704+0000] {dag.py:4180} INFO - Setting next_dagrun for example_external_task_marker_child to None, run_after=None
[2024-10-18T11:20:50.708+0000] {logging_mixin.py:190} INFO - [2024-10-18T11:20:50.708+0000] {dag.py:4180} INFO - Setting next_dagrun for example_external_task_marker_parent to None, run_after=None
[2024-10-18T11:20:50.727+0000] {processor.py:208} INFO - Processing /home/airflow/.local/lib/python3.12/site-packages/airflow/example_dags/example_external_task_marker_dag.py took 0.074 seconds
