[2024-10-18T10:56:22.385+0000] {processor.py:186} INFO - Started process (PID=213) to work on /home/airflow/.local/lib/python3.12/site-packages/airflow/example_dags/example_branch_labels.py
[2024-10-18T10:56:22.387+0000] {processor.py:914} INFO - Processing file /home/airflow/.local/lib/python3.12/site-packages/airflow/example_dags/example_branch_labels.py for tasks to queue
[2024-10-18T10:56:22.393+0000] {logging_mixin.py:190} INFO - [2024-10-18T10:56:22.391+0000] {dagbag.py:588} INFO - Filling up the DagBag from /home/airflow/.local/lib/python3.12/site-packages/airflow/example_dags/example_branch_labels.py
[2024-10-18T10:56:22.411+0000] {processor.py:925} INFO - DAG(s) 'example_branch_labels' retrieved from /home/airflow/.local/lib/python3.12/site-packages/airflow/example_dags/example_branch_labels.py
[2024-10-18T10:56:22.616+0000] {logging_mixin.py:190} INFO - [2024-10-18T10:56:22.615+0000] {override.py:1900} INFO - Created Permission View: can delete on DAG:example_branch_labels
[2024-10-18T10:56:22.629+0000] {logging_mixin.py:190} INFO - [2024-10-18T10:56:22.628+0000] {override.py:1900} INFO - Created Permission View: can edit on DAG:example_branch_labels
[2024-10-18T10:56:22.640+0000] {logging_mixin.py:190} INFO - [2024-10-18T10:56:22.639+0000] {override.py:1900} INFO - Created Permission View: can read on DAG:example_branch_labels
[2024-10-18T10:56:22.651+0000] {logging_mixin.py:190} INFO - [2024-10-18T10:56:22.650+0000] {override.py:1900} INFO - Created Permission View: can delete on DAG Run:example_branch_labels
[2024-10-18T10:56:22.660+0000] {logging_mixin.py:190} INFO - [2024-10-18T10:56:22.660+0000] {override.py:1900} INFO - Created Permission View: menu access on DAG Run:example_branch_labels
[2024-10-18T10:56:22.669+0000] {logging_mixin.py:190} INFO - [2024-10-18T10:56:22.668+0000] {override.py:1900} INFO - Created Permission View: can read on DAG Run:example_branch_labels
[2024-10-18T10:56:22.678+0000] {logging_mixin.py:190} INFO - [2024-10-18T10:56:22.678+0000] {override.py:1900} INFO - Created Permission View: can create on DAG Run:example_branch_labels
[2024-10-18T10:56:22.679+0000] {logging_mixin.py:190} INFO - [2024-10-18T10:56:22.679+0000] {dag.py:3239} INFO - Sync 1 DAGs
[2024-10-18T10:56:22.696+0000] {logging_mixin.py:190} INFO - [2024-10-18T10:56:22.696+0000] {dag.py:3262} INFO - Creating ORM DAG for example_branch_labels
[2024-10-18T10:56:22.712+0000] {logging_mixin.py:190} INFO - [2024-10-18T10:56:22.712+0000] {dag.py:4180} INFO - Setting next_dagrun for example_branch_labels to 2024-10-17 00:00:00+00:00, run_after=2024-10-18 00:00:00+00:00
[2024-10-18T10:56:22.730+0000] {processor.py:208} INFO - Processing /home/airflow/.local/lib/python3.12/site-packages/airflow/example_dags/example_branch_labels.py took 0.354 seconds
[2024-10-18T10:56:53.131+0000] {processor.py:186} INFO - Started process (PID=505) to work on /home/airflow/.local/lib/python3.12/site-packages/airflow/example_dags/example_branch_labels.py
[2024-10-18T10:56:53.133+0000] {processor.py:914} INFO - Processing file /home/airflow/.local/lib/python3.12/site-packages/airflow/example_dags/example_branch_labels.py for tasks to queue
[2024-10-18T10:56:53.136+0000] {logging_mixin.py:190} INFO - [2024-10-18T10:56:53.135+0000] {dagbag.py:588} INFO - Filling up the DagBag from /home/airflow/.local/lib/python3.12/site-packages/airflow/example_dags/example_branch_labels.py
[2024-10-18T10:56:53.164+0000] {processor.py:925} INFO - DAG(s) 'example_branch_labels' retrieved from /home/airflow/.local/lib/python3.12/site-packages/airflow/example_dags/example_branch_labels.py
[2024-10-18T10:56:53.199+0000] {logging_mixin.py:190} INFO - [2024-10-18T10:56:53.199+0000] {dag.py:3239} INFO - Sync 1 DAGs
[2024-10-18T10:56:53.269+0000] {logging_mixin.py:190} INFO - [2024-10-18T10:56:53.268+0000] {dag.py:4180} INFO - Setting next_dagrun for example_branch_labels to 2024-10-17 00:00:00+00:00, run_after=2024-10-18 00:00:00+00:00
[2024-10-18T10:56:53.322+0000] {processor.py:208} INFO - Processing /home/airflow/.local/lib/python3.12/site-packages/airflow/example_dags/example_branch_labels.py took 0.203 seconds
[2024-10-18T10:57:24.126+0000] {processor.py:186} INFO - Started process (PID=791) to work on /home/airflow/.local/lib/python3.12/site-packages/airflow/example_dags/example_branch_labels.py
[2024-10-18T10:57:24.127+0000] {processor.py:914} INFO - Processing file /home/airflow/.local/lib/python3.12/site-packages/airflow/example_dags/example_branch_labels.py for tasks to queue
[2024-10-18T10:57:24.138+0000] {logging_mixin.py:190} INFO - [2024-10-18T10:57:24.137+0000] {dagbag.py:588} INFO - Filling up the DagBag from /home/airflow/.local/lib/python3.12/site-packages/airflow/example_dags/example_branch_labels.py
[2024-10-18T10:57:24.158+0000] {processor.py:925} INFO - DAG(s) 'example_branch_labels' retrieved from /home/airflow/.local/lib/python3.12/site-packages/airflow/example_dags/example_branch_labels.py
[2024-10-18T10:57:24.208+0000] {logging_mixin.py:190} INFO - [2024-10-18T10:57:24.208+0000] {dag.py:3239} INFO - Sync 1 DAGs
[2024-10-18T10:57:24.284+0000] {logging_mixin.py:190} INFO - [2024-10-18T10:57:24.283+0000] {dag.py:4180} INFO - Setting next_dagrun for example_branch_labels to 2024-10-17 00:00:00+00:00, run_after=2024-10-18 00:00:00+00:00
[2024-10-18T10:57:24.340+0000] {processor.py:208} INFO - Processing /home/airflow/.local/lib/python3.12/site-packages/airflow/example_dags/example_branch_labels.py took 0.233 seconds
[2024-10-18T10:57:55.163+0000] {processor.py:186} INFO - Started process (PID=1081) to work on /home/airflow/.local/lib/python3.12/site-packages/airflow/example_dags/example_branch_labels.py
[2024-10-18T10:57:55.165+0000] {processor.py:914} INFO - Processing file /home/airflow/.local/lib/python3.12/site-packages/airflow/example_dags/example_branch_labels.py for tasks to queue
[2024-10-18T10:57:55.169+0000] {logging_mixin.py:190} INFO - [2024-10-18T10:57:55.168+0000] {dagbag.py:588} INFO - Filling up the DagBag from /home/airflow/.local/lib/python3.12/site-packages/airflow/example_dags/example_branch_labels.py
[2024-10-18T10:57:55.188+0000] {processor.py:925} INFO - DAG(s) 'example_branch_labels' retrieved from /home/airflow/.local/lib/python3.12/site-packages/airflow/example_dags/example_branch_labels.py
[2024-10-18T10:57:55.227+0000] {logging_mixin.py:190} INFO - [2024-10-18T10:57:55.226+0000] {dag.py:3239} INFO - Sync 1 DAGs
[2024-10-18T10:57:55.277+0000] {logging_mixin.py:190} INFO - [2024-10-18T10:57:55.277+0000] {dag.py:4180} INFO - Setting next_dagrun for example_branch_labels to 2024-10-17 00:00:00+00:00, run_after=2024-10-18 00:00:00+00:00
[2024-10-18T10:57:55.315+0000] {processor.py:208} INFO - Processing /home/airflow/.local/lib/python3.12/site-packages/airflow/example_dags/example_branch_labels.py took 0.163 seconds
[2024-10-18T10:58:25.589+0000] {processor.py:186} INFO - Started process (PID=1374) to work on /home/airflow/.local/lib/python3.12/site-packages/airflow/example_dags/example_branch_labels.py
[2024-10-18T10:58:25.590+0000] {processor.py:914} INFO - Processing file /home/airflow/.local/lib/python3.12/site-packages/airflow/example_dags/example_branch_labels.py for tasks to queue
[2024-10-18T10:58:25.593+0000] {logging_mixin.py:190} INFO - [2024-10-18T10:58:25.592+0000] {dagbag.py:588} INFO - Filling up the DagBag from /home/airflow/.local/lib/python3.12/site-packages/airflow/example_dags/example_branch_labels.py
[2024-10-18T10:58:25.602+0000] {processor.py:925} INFO - DAG(s) 'example_branch_labels' retrieved from /home/airflow/.local/lib/python3.12/site-packages/airflow/example_dags/example_branch_labels.py
[2024-10-18T10:58:25.621+0000] {logging_mixin.py:190} INFO - [2024-10-18T10:58:25.621+0000] {dag.py:3239} INFO - Sync 1 DAGs
[2024-10-18T10:58:25.643+0000] {logging_mixin.py:190} INFO - [2024-10-18T10:58:25.643+0000] {dag.py:4180} INFO - Setting next_dagrun for example_branch_labels to 2024-10-17 00:00:00+00:00, run_after=2024-10-18 00:00:00+00:00
[2024-10-18T10:58:25.665+0000] {processor.py:208} INFO - Processing /home/airflow/.local/lib/python3.12/site-packages/airflow/example_dags/example_branch_labels.py took 0.081 seconds
[2024-10-18T10:58:56.036+0000] {processor.py:186} INFO - Started process (PID=1659) to work on /home/airflow/.local/lib/python3.12/site-packages/airflow/example_dags/example_branch_labels.py
[2024-10-18T10:58:56.037+0000] {processor.py:914} INFO - Processing file /home/airflow/.local/lib/python3.12/site-packages/airflow/example_dags/example_branch_labels.py for tasks to queue
[2024-10-18T10:58:56.039+0000] {logging_mixin.py:190} INFO - [2024-10-18T10:58:56.039+0000] {dagbag.py:588} INFO - Filling up the DagBag from /home/airflow/.local/lib/python3.12/site-packages/airflow/example_dags/example_branch_labels.py
[2024-10-18T10:58:56.051+0000] {processor.py:925} INFO - DAG(s) 'example_branch_labels' retrieved from /home/airflow/.local/lib/python3.12/site-packages/airflow/example_dags/example_branch_labels.py
[2024-10-18T10:58:56.077+0000] {logging_mixin.py:190} INFO - [2024-10-18T10:58:56.077+0000] {dag.py:3239} INFO - Sync 1 DAGs
[2024-10-18T10:58:56.107+0000] {logging_mixin.py:190} INFO - [2024-10-18T10:58:56.107+0000] {dag.py:4180} INFO - Setting next_dagrun for example_branch_labels to 2024-10-17 00:00:00+00:00, run_after=2024-10-18 00:00:00+00:00
[2024-10-18T10:58:56.132+0000] {processor.py:208} INFO - Processing /home/airflow/.local/lib/python3.12/site-packages/airflow/example_dags/example_branch_labels.py took 0.103 seconds
[2024-10-18T10:59:26.619+0000] {processor.py:186} INFO - Started process (PID=1945) to work on /home/airflow/.local/lib/python3.12/site-packages/airflow/example_dags/example_branch_labels.py
[2024-10-18T10:59:26.620+0000] {processor.py:914} INFO - Processing file /home/airflow/.local/lib/python3.12/site-packages/airflow/example_dags/example_branch_labels.py for tasks to queue
[2024-10-18T10:59:26.622+0000] {logging_mixin.py:190} INFO - [2024-10-18T10:59:26.622+0000] {dagbag.py:588} INFO - Filling up the DagBag from /home/airflow/.local/lib/python3.12/site-packages/airflow/example_dags/example_branch_labels.py
[2024-10-18T10:59:26.633+0000] {processor.py:925} INFO - DAG(s) 'example_branch_labels' retrieved from /home/airflow/.local/lib/python3.12/site-packages/airflow/example_dags/example_branch_labels.py
[2024-10-18T10:59:26.652+0000] {logging_mixin.py:190} INFO - [2024-10-18T10:59:26.652+0000] {dag.py:3239} INFO - Sync 1 DAGs
[2024-10-18T10:59:26.679+0000] {logging_mixin.py:190} INFO - [2024-10-18T10:59:26.678+0000] {dag.py:4180} INFO - Setting next_dagrun for example_branch_labels to 2024-10-17 00:00:00+00:00, run_after=2024-10-18 00:00:00+00:00
[2024-10-18T10:59:26.701+0000] {processor.py:208} INFO - Processing /home/airflow/.local/lib/python3.12/site-packages/airflow/example_dags/example_branch_labels.py took 0.088 seconds
[2024-10-18T10:59:56.915+0000] {processor.py:186} INFO - Started process (PID=2231) to work on /home/airflow/.local/lib/python3.12/site-packages/airflow/example_dags/example_branch_labels.py
[2024-10-18T10:59:56.916+0000] {processor.py:914} INFO - Processing file /home/airflow/.local/lib/python3.12/site-packages/airflow/example_dags/example_branch_labels.py for tasks to queue
[2024-10-18T10:59:56.918+0000] {logging_mixin.py:190} INFO - [2024-10-18T10:59:56.918+0000] {dagbag.py:588} INFO - Filling up the DagBag from /home/airflow/.local/lib/python3.12/site-packages/airflow/example_dags/example_branch_labels.py
[2024-10-18T10:59:56.927+0000] {processor.py:925} INFO - DAG(s) 'example_branch_labels' retrieved from /home/airflow/.local/lib/python3.12/site-packages/airflow/example_dags/example_branch_labels.py
[2024-10-18T10:59:56.948+0000] {logging_mixin.py:190} INFO - [2024-10-18T10:59:56.947+0000] {dag.py:3239} INFO - Sync 1 DAGs
[2024-10-18T10:59:56.973+0000] {logging_mixin.py:190} INFO - [2024-10-18T10:59:56.973+0000] {dag.py:4180} INFO - Setting next_dagrun for example_branch_labels to 2024-10-17 00:00:00+00:00, run_after=2024-10-18 00:00:00+00:00
[2024-10-18T10:59:56.995+0000] {processor.py:208} INFO - Processing /home/airflow/.local/lib/python3.12/site-packages/airflow/example_dags/example_branch_labels.py took 0.085 seconds
[2024-10-18T11:00:27.293+0000] {processor.py:186} INFO - Started process (PID=2517) to work on /home/airflow/.local/lib/python3.12/site-packages/airflow/example_dags/example_branch_labels.py
[2024-10-18T11:00:27.294+0000] {processor.py:914} INFO - Processing file /home/airflow/.local/lib/python3.12/site-packages/airflow/example_dags/example_branch_labels.py for tasks to queue
[2024-10-18T11:00:27.296+0000] {logging_mixin.py:190} INFO - [2024-10-18T11:00:27.296+0000] {dagbag.py:588} INFO - Filling up the DagBag from /home/airflow/.local/lib/python3.12/site-packages/airflow/example_dags/example_branch_labels.py
[2024-10-18T11:00:27.305+0000] {processor.py:925} INFO - DAG(s) 'example_branch_labels' retrieved from /home/airflow/.local/lib/python3.12/site-packages/airflow/example_dags/example_branch_labels.py
[2024-10-18T11:00:27.325+0000] {logging_mixin.py:190} INFO - [2024-10-18T11:00:27.325+0000] {dag.py:3239} INFO - Sync 1 DAGs
[2024-10-18T11:00:27.348+0000] {logging_mixin.py:190} INFO - [2024-10-18T11:00:27.348+0000] {dag.py:4180} INFO - Setting next_dagrun for example_branch_labels to 2024-10-17 00:00:00+00:00, run_after=2024-10-18 00:00:00+00:00
[2024-10-18T11:00:27.368+0000] {processor.py:208} INFO - Processing /home/airflow/.local/lib/python3.12/site-packages/airflow/example_dags/example_branch_labels.py took 0.080 seconds
[2024-10-18T11:00:57.835+0000] {processor.py:186} INFO - Started process (PID=2803) to work on /home/airflow/.local/lib/python3.12/site-packages/airflow/example_dags/example_branch_labels.py
[2024-10-18T11:00:57.836+0000] {processor.py:914} INFO - Processing file /home/airflow/.local/lib/python3.12/site-packages/airflow/example_dags/example_branch_labels.py for tasks to queue
[2024-10-18T11:00:57.838+0000] {logging_mixin.py:190} INFO - [2024-10-18T11:00:57.838+0000] {dagbag.py:588} INFO - Filling up the DagBag from /home/airflow/.local/lib/python3.12/site-packages/airflow/example_dags/example_branch_labels.py
[2024-10-18T11:00:57.846+0000] {processor.py:925} INFO - DAG(s) 'example_branch_labels' retrieved from /home/airflow/.local/lib/python3.12/site-packages/airflow/example_dags/example_branch_labels.py
[2024-10-18T11:00:57.866+0000] {logging_mixin.py:190} INFO - [2024-10-18T11:00:57.866+0000] {dag.py:3239} INFO - Sync 1 DAGs
[2024-10-18T11:00:57.889+0000] {logging_mixin.py:190} INFO - [2024-10-18T11:00:57.889+0000] {dag.py:4180} INFO - Setting next_dagrun for example_branch_labels to 2024-10-17 00:00:00+00:00, run_after=2024-10-18 00:00:00+00:00
[2024-10-18T11:00:57.906+0000] {processor.py:208} INFO - Processing /home/airflow/.local/lib/python3.12/site-packages/airflow/example_dags/example_branch_labels.py took 0.076 seconds
[2024-10-18T11:01:28.280+0000] {processor.py:186} INFO - Started process (PID=3089) to work on /home/airflow/.local/lib/python3.12/site-packages/airflow/example_dags/example_branch_labels.py
[2024-10-18T11:01:28.282+0000] {processor.py:914} INFO - Processing file /home/airflow/.local/lib/python3.12/site-packages/airflow/example_dags/example_branch_labels.py for tasks to queue
[2024-10-18T11:01:28.285+0000] {logging_mixin.py:190} INFO - [2024-10-18T11:01:28.284+0000] {dagbag.py:588} INFO - Filling up the DagBag from /home/airflow/.local/lib/python3.12/site-packages/airflow/example_dags/example_branch_labels.py
[2024-10-18T11:01:28.293+0000] {processor.py:925} INFO - DAG(s) 'example_branch_labels' retrieved from /home/airflow/.local/lib/python3.12/site-packages/airflow/example_dags/example_branch_labels.py
[2024-10-18T11:01:28.311+0000] {logging_mixin.py:190} INFO - [2024-10-18T11:01:28.311+0000] {dag.py:3239} INFO - Sync 1 DAGs
[2024-10-18T11:01:28.334+0000] {logging_mixin.py:190} INFO - [2024-10-18T11:01:28.334+0000] {dag.py:4180} INFO - Setting next_dagrun for example_branch_labels to 2024-10-17 00:00:00+00:00, run_after=2024-10-18 00:00:00+00:00
[2024-10-18T11:01:28.350+0000] {processor.py:208} INFO - Processing /home/airflow/.local/lib/python3.12/site-packages/airflow/example_dags/example_branch_labels.py took 0.076 seconds
[2024-10-18T11:01:58.902+0000] {processor.py:186} INFO - Started process (PID=3375) to work on /home/airflow/.local/lib/python3.12/site-packages/airflow/example_dags/example_branch_labels.py
[2024-10-18T11:01:58.903+0000] {processor.py:914} INFO - Processing file /home/airflow/.local/lib/python3.12/site-packages/airflow/example_dags/example_branch_labels.py for tasks to queue
[2024-10-18T11:01:58.906+0000] {logging_mixin.py:190} INFO - [2024-10-18T11:01:58.905+0000] {dagbag.py:588} INFO - Filling up the DagBag from /home/airflow/.local/lib/python3.12/site-packages/airflow/example_dags/example_branch_labels.py
[2024-10-18T11:01:58.915+0000] {processor.py:925} INFO - DAG(s) 'example_branch_labels' retrieved from /home/airflow/.local/lib/python3.12/site-packages/airflow/example_dags/example_branch_labels.py
[2024-10-18T11:01:58.935+0000] {logging_mixin.py:190} INFO - [2024-10-18T11:01:58.935+0000] {dag.py:3239} INFO - Sync 1 DAGs
[2024-10-18T11:01:58.960+0000] {logging_mixin.py:190} INFO - [2024-10-18T11:01:58.959+0000] {dag.py:4180} INFO - Setting next_dagrun for example_branch_labels to 2024-10-17 00:00:00+00:00, run_after=2024-10-18 00:00:00+00:00
[2024-10-18T11:01:58.977+0000] {processor.py:208} INFO - Processing /home/airflow/.local/lib/python3.12/site-packages/airflow/example_dags/example_branch_labels.py took 0.079 seconds
[2024-10-18T11:02:29.270+0000] {processor.py:186} INFO - Started process (PID=3661) to work on /home/airflow/.local/lib/python3.12/site-packages/airflow/example_dags/example_branch_labels.py
[2024-10-18T11:02:29.271+0000] {processor.py:914} INFO - Processing file /home/airflow/.local/lib/python3.12/site-packages/airflow/example_dags/example_branch_labels.py for tasks to queue
[2024-10-18T11:02:29.273+0000] {logging_mixin.py:190} INFO - [2024-10-18T11:02:29.273+0000] {dagbag.py:588} INFO - Filling up the DagBag from /home/airflow/.local/lib/python3.12/site-packages/airflow/example_dags/example_branch_labels.py
[2024-10-18T11:02:29.282+0000] {processor.py:925} INFO - DAG(s) 'example_branch_labels' retrieved from /home/airflow/.local/lib/python3.12/site-packages/airflow/example_dags/example_branch_labels.py
[2024-10-18T11:02:29.303+0000] {logging_mixin.py:190} INFO - [2024-10-18T11:02:29.303+0000] {dag.py:3239} INFO - Sync 1 DAGs
[2024-10-18T11:02:29.325+0000] {logging_mixin.py:190} INFO - [2024-10-18T11:02:29.325+0000] {dag.py:4180} INFO - Setting next_dagrun for example_branch_labels to 2024-10-17 00:00:00+00:00, run_after=2024-10-18 00:00:00+00:00
[2024-10-18T11:02:29.344+0000] {processor.py:208} INFO - Processing /home/airflow/.local/lib/python3.12/site-packages/airflow/example_dags/example_branch_labels.py took 0.079 seconds
[2024-10-18T11:02:59.782+0000] {processor.py:186} INFO - Started process (PID=3947) to work on /home/airflow/.local/lib/python3.12/site-packages/airflow/example_dags/example_branch_labels.py
[2024-10-18T11:02:59.783+0000] {processor.py:914} INFO - Processing file /home/airflow/.local/lib/python3.12/site-packages/airflow/example_dags/example_branch_labels.py for tasks to queue
[2024-10-18T11:02:59.786+0000] {logging_mixin.py:190} INFO - [2024-10-18T11:02:59.785+0000] {dagbag.py:588} INFO - Filling up the DagBag from /home/airflow/.local/lib/python3.12/site-packages/airflow/example_dags/example_branch_labels.py
[2024-10-18T11:02:59.795+0000] {processor.py:925} INFO - DAG(s) 'example_branch_labels' retrieved from /home/airflow/.local/lib/python3.12/site-packages/airflow/example_dags/example_branch_labels.py
[2024-10-18T11:02:59.816+0000] {logging_mixin.py:190} INFO - [2024-10-18T11:02:59.816+0000] {dag.py:3239} INFO - Sync 1 DAGs
[2024-10-18T11:02:59.841+0000] {logging_mixin.py:190} INFO - [2024-10-18T11:02:59.841+0000] {dag.py:4180} INFO - Setting next_dagrun for example_branch_labels to 2024-10-17 00:00:00+00:00, run_after=2024-10-18 00:00:00+00:00
[2024-10-18T11:02:59.857+0000] {processor.py:208} INFO - Processing /home/airflow/.local/lib/python3.12/site-packages/airflow/example_dags/example_branch_labels.py took 0.080 seconds
[2024-10-18T11:03:30.119+0000] {processor.py:186} INFO - Started process (PID=4233) to work on /home/airflow/.local/lib/python3.12/site-packages/airflow/example_dags/example_branch_labels.py
[2024-10-18T11:03:30.120+0000] {processor.py:914} INFO - Processing file /home/airflow/.local/lib/python3.12/site-packages/airflow/example_dags/example_branch_labels.py for tasks to queue
[2024-10-18T11:03:30.123+0000] {logging_mixin.py:190} INFO - [2024-10-18T11:03:30.122+0000] {dagbag.py:588} INFO - Filling up the DagBag from /home/airflow/.local/lib/python3.12/site-packages/airflow/example_dags/example_branch_labels.py
[2024-10-18T11:03:30.132+0000] {processor.py:925} INFO - DAG(s) 'example_branch_labels' retrieved from /home/airflow/.local/lib/python3.12/site-packages/airflow/example_dags/example_branch_labels.py
[2024-10-18T11:03:30.151+0000] {logging_mixin.py:190} INFO - [2024-10-18T11:03:30.151+0000] {dag.py:3239} INFO - Sync 1 DAGs
[2024-10-18T11:03:30.175+0000] {logging_mixin.py:190} INFO - [2024-10-18T11:03:30.174+0000] {dag.py:4180} INFO - Setting next_dagrun for example_branch_labels to 2024-10-17 00:00:00+00:00, run_after=2024-10-18 00:00:00+00:00
[2024-10-18T11:03:30.193+0000] {processor.py:208} INFO - Processing /home/airflow/.local/lib/python3.12/site-packages/airflow/example_dags/example_branch_labels.py took 0.079 seconds
[2024-10-18T11:04:00.476+0000] {processor.py:186} INFO - Started process (PID=4519) to work on /home/airflow/.local/lib/python3.12/site-packages/airflow/example_dags/example_branch_labels.py
[2024-10-18T11:04:00.477+0000] {processor.py:914} INFO - Processing file /home/airflow/.local/lib/python3.12/site-packages/airflow/example_dags/example_branch_labels.py for tasks to queue
[2024-10-18T11:04:00.479+0000] {logging_mixin.py:190} INFO - [2024-10-18T11:04:00.479+0000] {dagbag.py:588} INFO - Filling up the DagBag from /home/airflow/.local/lib/python3.12/site-packages/airflow/example_dags/example_branch_labels.py
[2024-10-18T11:04:00.488+0000] {processor.py:925} INFO - DAG(s) 'example_branch_labels' retrieved from /home/airflow/.local/lib/python3.12/site-packages/airflow/example_dags/example_branch_labels.py
[2024-10-18T11:04:00.509+0000] {logging_mixin.py:190} INFO - [2024-10-18T11:04:00.508+0000] {dag.py:3239} INFO - Sync 1 DAGs
[2024-10-18T11:04:00.534+0000] {logging_mixin.py:190} INFO - [2024-10-18T11:04:00.533+0000] {dag.py:4180} INFO - Setting next_dagrun for example_branch_labels to 2024-10-17 00:00:00+00:00, run_after=2024-10-18 00:00:00+00:00
[2024-10-18T11:04:00.554+0000] {processor.py:208} INFO - Processing /home/airflow/.local/lib/python3.12/site-packages/airflow/example_dags/example_branch_labels.py took 0.083 seconds
[2024-10-18T11:04:30.745+0000] {processor.py:186} INFO - Started process (PID=4805) to work on /home/airflow/.local/lib/python3.12/site-packages/airflow/example_dags/example_branch_labels.py
[2024-10-18T11:04:30.746+0000] {processor.py:914} INFO - Processing file /home/airflow/.local/lib/python3.12/site-packages/airflow/example_dags/example_branch_labels.py for tasks to queue
[2024-10-18T11:04:30.748+0000] {logging_mixin.py:190} INFO - [2024-10-18T11:04:30.748+0000] {dagbag.py:588} INFO - Filling up the DagBag from /home/airflow/.local/lib/python3.12/site-packages/airflow/example_dags/example_branch_labels.py
[2024-10-18T11:04:30.757+0000] {processor.py:925} INFO - DAG(s) 'example_branch_labels' retrieved from /home/airflow/.local/lib/python3.12/site-packages/airflow/example_dags/example_branch_labels.py
[2024-10-18T11:04:30.777+0000] {logging_mixin.py:190} INFO - [2024-10-18T11:04:30.777+0000] {dag.py:3239} INFO - Sync 1 DAGs
[2024-10-18T11:04:30.799+0000] {logging_mixin.py:190} INFO - [2024-10-18T11:04:30.799+0000] {dag.py:4180} INFO - Setting next_dagrun for example_branch_labels to 2024-10-17 00:00:00+00:00, run_after=2024-10-18 00:00:00+00:00
[2024-10-18T11:04:30.818+0000] {processor.py:208} INFO - Processing /home/airflow/.local/lib/python3.12/site-packages/airflow/example_dags/example_branch_labels.py took 0.078 seconds
[2024-10-18T11:05:00.954+0000] {processor.py:186} INFO - Started process (PID=5091) to work on /home/airflow/.local/lib/python3.12/site-packages/airflow/example_dags/example_branch_labels.py
[2024-10-18T11:05:00.955+0000] {processor.py:914} INFO - Processing file /home/airflow/.local/lib/python3.12/site-packages/airflow/example_dags/example_branch_labels.py for tasks to queue
[2024-10-18T11:05:00.957+0000] {logging_mixin.py:190} INFO - [2024-10-18T11:05:00.957+0000] {dagbag.py:588} INFO - Filling up the DagBag from /home/airflow/.local/lib/python3.12/site-packages/airflow/example_dags/example_branch_labels.py
[2024-10-18T11:05:00.967+0000] {processor.py:925} INFO - DAG(s) 'example_branch_labels' retrieved from /home/airflow/.local/lib/python3.12/site-packages/airflow/example_dags/example_branch_labels.py
[2024-10-18T11:05:00.985+0000] {logging_mixin.py:190} INFO - [2024-10-18T11:05:00.985+0000] {dag.py:3239} INFO - Sync 1 DAGs
[2024-10-18T11:05:01.010+0000] {logging_mixin.py:190} INFO - [2024-10-18T11:05:01.010+0000] {dag.py:4180} INFO - Setting next_dagrun for example_branch_labels to 2024-10-17 00:00:00+00:00, run_after=2024-10-18 00:00:00+00:00
[2024-10-18T11:05:01.028+0000] {processor.py:208} INFO - Processing /home/airflow/.local/lib/python3.12/site-packages/airflow/example_dags/example_branch_labels.py took 0.079 seconds
[2024-10-18T11:05:31.333+0000] {processor.py:186} INFO - Started process (PID=5377) to work on /home/airflow/.local/lib/python3.12/site-packages/airflow/example_dags/example_branch_labels.py
[2024-10-18T11:05:31.335+0000] {processor.py:914} INFO - Processing file /home/airflow/.local/lib/python3.12/site-packages/airflow/example_dags/example_branch_labels.py for tasks to queue
[2024-10-18T11:05:31.337+0000] {logging_mixin.py:190} INFO - [2024-10-18T11:05:31.336+0000] {dagbag.py:588} INFO - Filling up the DagBag from /home/airflow/.local/lib/python3.12/site-packages/airflow/example_dags/example_branch_labels.py
[2024-10-18T11:05:31.345+0000] {processor.py:925} INFO - DAG(s) 'example_branch_labels' retrieved from /home/airflow/.local/lib/python3.12/site-packages/airflow/example_dags/example_branch_labels.py
[2024-10-18T11:05:31.364+0000] {logging_mixin.py:190} INFO - [2024-10-18T11:05:31.364+0000] {dag.py:3239} INFO - Sync 1 DAGs
[2024-10-18T11:05:31.386+0000] {logging_mixin.py:190} INFO - [2024-10-18T11:05:31.386+0000] {dag.py:4180} INFO - Setting next_dagrun for example_branch_labels to 2024-10-17 00:00:00+00:00, run_after=2024-10-18 00:00:00+00:00
[2024-10-18T11:05:31.404+0000] {processor.py:208} INFO - Processing /home/airflow/.local/lib/python3.12/site-packages/airflow/example_dags/example_branch_labels.py took 0.075 seconds
[2024-10-18T11:06:01.655+0000] {processor.py:186} INFO - Started process (PID=5663) to work on /home/airflow/.local/lib/python3.12/site-packages/airflow/example_dags/example_branch_labels.py
[2024-10-18T11:06:01.656+0000] {processor.py:914} INFO - Processing file /home/airflow/.local/lib/python3.12/site-packages/airflow/example_dags/example_branch_labels.py for tasks to queue
[2024-10-18T11:06:01.658+0000] {logging_mixin.py:190} INFO - [2024-10-18T11:06:01.658+0000] {dagbag.py:588} INFO - Filling up the DagBag from /home/airflow/.local/lib/python3.12/site-packages/airflow/example_dags/example_branch_labels.py
[2024-10-18T11:06:01.666+0000] {processor.py:925} INFO - DAG(s) 'example_branch_labels' retrieved from /home/airflow/.local/lib/python3.12/site-packages/airflow/example_dags/example_branch_labels.py
[2024-10-18T11:06:01.686+0000] {logging_mixin.py:190} INFO - [2024-10-18T11:06:01.685+0000] {dag.py:3239} INFO - Sync 1 DAGs
[2024-10-18T11:06:01.712+0000] {logging_mixin.py:190} INFO - [2024-10-18T11:06:01.712+0000] {dag.py:4180} INFO - Setting next_dagrun for example_branch_labels to 2024-10-17 00:00:00+00:00, run_after=2024-10-18 00:00:00+00:00
[2024-10-18T11:06:01.729+0000] {processor.py:208} INFO - Processing /home/airflow/.local/lib/python3.12/site-packages/airflow/example_dags/example_branch_labels.py took 0.079 seconds
[2024-10-18T11:06:32.079+0000] {processor.py:186} INFO - Started process (PID=5949) to work on /home/airflow/.local/lib/python3.12/site-packages/airflow/example_dags/example_branch_labels.py
[2024-10-18T11:06:32.080+0000] {processor.py:914} INFO - Processing file /home/airflow/.local/lib/python3.12/site-packages/airflow/example_dags/example_branch_labels.py for tasks to queue
[2024-10-18T11:06:32.082+0000] {logging_mixin.py:190} INFO - [2024-10-18T11:06:32.082+0000] {dagbag.py:588} INFO - Filling up the DagBag from /home/airflow/.local/lib/python3.12/site-packages/airflow/example_dags/example_branch_labels.py
[2024-10-18T11:06:32.090+0000] {processor.py:925} INFO - DAG(s) 'example_branch_labels' retrieved from /home/airflow/.local/lib/python3.12/site-packages/airflow/example_dags/example_branch_labels.py
[2024-10-18T11:06:32.110+0000] {logging_mixin.py:190} INFO - [2024-10-18T11:06:32.110+0000] {dag.py:3239} INFO - Sync 1 DAGs
[2024-10-18T11:06:32.136+0000] {logging_mixin.py:190} INFO - [2024-10-18T11:06:32.136+0000] {dag.py:4180} INFO - Setting next_dagrun for example_branch_labels to 2024-10-17 00:00:00+00:00, run_after=2024-10-18 00:00:00+00:00
[2024-10-18T11:06:32.155+0000] {processor.py:208} INFO - Processing /home/airflow/.local/lib/python3.12/site-packages/airflow/example_dags/example_branch_labels.py took 0.082 seconds
[2024-10-18T11:07:02.438+0000] {processor.py:186} INFO - Started process (PID=6235) to work on /home/airflow/.local/lib/python3.12/site-packages/airflow/example_dags/example_branch_labels.py
[2024-10-18T11:07:02.439+0000] {processor.py:914} INFO - Processing file /home/airflow/.local/lib/python3.12/site-packages/airflow/example_dags/example_branch_labels.py for tasks to queue
[2024-10-18T11:07:02.441+0000] {logging_mixin.py:190} INFO - [2024-10-18T11:07:02.441+0000] {dagbag.py:588} INFO - Filling up the DagBag from /home/airflow/.local/lib/python3.12/site-packages/airflow/example_dags/example_branch_labels.py
[2024-10-18T11:07:02.450+0000] {processor.py:925} INFO - DAG(s) 'example_branch_labels' retrieved from /home/airflow/.local/lib/python3.12/site-packages/airflow/example_dags/example_branch_labels.py
[2024-10-18T11:07:02.469+0000] {logging_mixin.py:190} INFO - [2024-10-18T11:07:02.469+0000] {dag.py:3239} INFO - Sync 1 DAGs
[2024-10-18T11:07:02.492+0000] {logging_mixin.py:190} INFO - [2024-10-18T11:07:02.491+0000] {dag.py:4180} INFO - Setting next_dagrun for example_branch_labels to 2024-10-17 00:00:00+00:00, run_after=2024-10-18 00:00:00+00:00
[2024-10-18T11:07:02.508+0000] {processor.py:208} INFO - Processing /home/airflow/.local/lib/python3.12/site-packages/airflow/example_dags/example_branch_labels.py took 0.076 seconds
[2024-10-18T11:07:32.640+0000] {processor.py:186} INFO - Started process (PID=6521) to work on /home/airflow/.local/lib/python3.12/site-packages/airflow/example_dags/example_branch_labels.py
[2024-10-18T11:07:32.641+0000] {processor.py:914} INFO - Processing file /home/airflow/.local/lib/python3.12/site-packages/airflow/example_dags/example_branch_labels.py for tasks to queue
[2024-10-18T11:07:32.643+0000] {logging_mixin.py:190} INFO - [2024-10-18T11:07:32.642+0000] {dagbag.py:588} INFO - Filling up the DagBag from /home/airflow/.local/lib/python3.12/site-packages/airflow/example_dags/example_branch_labels.py
[2024-10-18T11:07:32.651+0000] {processor.py:925} INFO - DAG(s) 'example_branch_labels' retrieved from /home/airflow/.local/lib/python3.12/site-packages/airflow/example_dags/example_branch_labels.py
[2024-10-18T11:07:32.670+0000] {logging_mixin.py:190} INFO - [2024-10-18T11:07:32.669+0000] {dag.py:3239} INFO - Sync 1 DAGs
[2024-10-18T11:07:32.691+0000] {logging_mixin.py:190} INFO - [2024-10-18T11:07:32.691+0000] {dag.py:4180} INFO - Setting next_dagrun for example_branch_labels to 2024-10-17 00:00:00+00:00, run_after=2024-10-18 00:00:00+00:00
[2024-10-18T11:07:32.709+0000] {processor.py:208} INFO - Processing /home/airflow/.local/lib/python3.12/site-packages/airflow/example_dags/example_branch_labels.py took 0.075 seconds
[2024-10-18T11:08:03.099+0000] {processor.py:186} INFO - Started process (PID=6807) to work on /home/airflow/.local/lib/python3.12/site-packages/airflow/example_dags/example_branch_labels.py
[2024-10-18T11:08:03.100+0000] {processor.py:914} INFO - Processing file /home/airflow/.local/lib/python3.12/site-packages/airflow/example_dags/example_branch_labels.py for tasks to queue
[2024-10-18T11:08:03.102+0000] {logging_mixin.py:190} INFO - [2024-10-18T11:08:03.102+0000] {dagbag.py:588} INFO - Filling up the DagBag from /home/airflow/.local/lib/python3.12/site-packages/airflow/example_dags/example_branch_labels.py
[2024-10-18T11:08:03.110+0000] {processor.py:925} INFO - DAG(s) 'example_branch_labels' retrieved from /home/airflow/.local/lib/python3.12/site-packages/airflow/example_dags/example_branch_labels.py
[2024-10-18T11:08:03.130+0000] {logging_mixin.py:190} INFO - [2024-10-18T11:08:03.130+0000] {dag.py:3239} INFO - Sync 1 DAGs
[2024-10-18T11:08:03.155+0000] {logging_mixin.py:190} INFO - [2024-10-18T11:08:03.155+0000] {dag.py:4180} INFO - Setting next_dagrun for example_branch_labels to 2024-10-17 00:00:00+00:00, run_after=2024-10-18 00:00:00+00:00
[2024-10-18T11:08:03.174+0000] {processor.py:208} INFO - Processing /home/airflow/.local/lib/python3.12/site-packages/airflow/example_dags/example_branch_labels.py took 0.080 seconds
[2024-10-18T11:08:33.261+0000] {processor.py:186} INFO - Started process (PID=7093) to work on /home/airflow/.local/lib/python3.12/site-packages/airflow/example_dags/example_branch_labels.py
[2024-10-18T11:08:33.262+0000] {processor.py:914} INFO - Processing file /home/airflow/.local/lib/python3.12/site-packages/airflow/example_dags/example_branch_labels.py for tasks to queue
[2024-10-18T11:08:33.264+0000] {logging_mixin.py:190} INFO - [2024-10-18T11:08:33.264+0000] {dagbag.py:588} INFO - Filling up the DagBag from /home/airflow/.local/lib/python3.12/site-packages/airflow/example_dags/example_branch_labels.py
[2024-10-18T11:08:33.273+0000] {processor.py:925} INFO - DAG(s) 'example_branch_labels' retrieved from /home/airflow/.local/lib/python3.12/site-packages/airflow/example_dags/example_branch_labels.py
[2024-10-18T11:08:33.293+0000] {logging_mixin.py:190} INFO - [2024-10-18T11:08:33.293+0000] {dag.py:3239} INFO - Sync 1 DAGs
[2024-10-18T11:08:33.317+0000] {logging_mixin.py:190} INFO - [2024-10-18T11:08:33.317+0000] {dag.py:4180} INFO - Setting next_dagrun for example_branch_labels to 2024-10-17 00:00:00+00:00, run_after=2024-10-18 00:00:00+00:00
[2024-10-18T11:08:33.334+0000] {processor.py:208} INFO - Processing /home/airflow/.local/lib/python3.12/site-packages/airflow/example_dags/example_branch_labels.py took 0.079 seconds
[2024-10-18T11:09:03.588+0000] {processor.py:186} INFO - Started process (PID=7379) to work on /home/airflow/.local/lib/python3.12/site-packages/airflow/example_dags/example_branch_labels.py
[2024-10-18T11:09:03.589+0000] {processor.py:914} INFO - Processing file /home/airflow/.local/lib/python3.12/site-packages/airflow/example_dags/example_branch_labels.py for tasks to queue
[2024-10-18T11:09:03.591+0000] {logging_mixin.py:190} INFO - [2024-10-18T11:09:03.590+0000] {dagbag.py:588} INFO - Filling up the DagBag from /home/airflow/.local/lib/python3.12/site-packages/airflow/example_dags/example_branch_labels.py
[2024-10-18T11:09:03.598+0000] {processor.py:925} INFO - DAG(s) 'example_branch_labels' retrieved from /home/airflow/.local/lib/python3.12/site-packages/airflow/example_dags/example_branch_labels.py
[2024-10-18T11:09:03.615+0000] {logging_mixin.py:190} INFO - [2024-10-18T11:09:03.615+0000] {dag.py:3239} INFO - Sync 1 DAGs
[2024-10-18T11:09:03.636+0000] {logging_mixin.py:190} INFO - [2024-10-18T11:09:03.635+0000] {dag.py:4180} INFO - Setting next_dagrun for example_branch_labels to 2024-10-17 00:00:00+00:00, run_after=2024-10-18 00:00:00+00:00
[2024-10-18T11:09:03.654+0000] {processor.py:208} INFO - Processing /home/airflow/.local/lib/python3.12/site-packages/airflow/example_dags/example_branch_labels.py took 0.072 seconds
[2024-10-18T11:09:33.889+0000] {processor.py:186} INFO - Started process (PID=7665) to work on /home/airflow/.local/lib/python3.12/site-packages/airflow/example_dags/example_branch_labels.py
[2024-10-18T11:09:33.890+0000] {processor.py:914} INFO - Processing file /home/airflow/.local/lib/python3.12/site-packages/airflow/example_dags/example_branch_labels.py for tasks to queue
[2024-10-18T11:09:33.892+0000] {logging_mixin.py:190} INFO - [2024-10-18T11:09:33.892+0000] {dagbag.py:588} INFO - Filling up the DagBag from /home/airflow/.local/lib/python3.12/site-packages/airflow/example_dags/example_branch_labels.py
[2024-10-18T11:09:33.901+0000] {processor.py:925} INFO - DAG(s) 'example_branch_labels' retrieved from /home/airflow/.local/lib/python3.12/site-packages/airflow/example_dags/example_branch_labels.py
[2024-10-18T11:09:33.921+0000] {logging_mixin.py:190} INFO - [2024-10-18T11:09:33.921+0000] {dag.py:3239} INFO - Sync 1 DAGs
[2024-10-18T11:09:33.945+0000] {logging_mixin.py:190} INFO - [2024-10-18T11:09:33.945+0000] {dag.py:4180} INFO - Setting next_dagrun for example_branch_labels to 2024-10-17 00:00:00+00:00, run_after=2024-10-18 00:00:00+00:00
[2024-10-18T11:09:33.963+0000] {processor.py:208} INFO - Processing /home/airflow/.local/lib/python3.12/site-packages/airflow/example_dags/example_branch_labels.py took 0.080 seconds
[2024-10-18T11:10:04.266+0000] {processor.py:186} INFO - Started process (PID=7951) to work on /home/airflow/.local/lib/python3.12/site-packages/airflow/example_dags/example_branch_labels.py
[2024-10-18T11:10:04.267+0000] {processor.py:914} INFO - Processing file /home/airflow/.local/lib/python3.12/site-packages/airflow/example_dags/example_branch_labels.py for tasks to queue
[2024-10-18T11:10:04.269+0000] {logging_mixin.py:190} INFO - [2024-10-18T11:10:04.269+0000] {dagbag.py:588} INFO - Filling up the DagBag from /home/airflow/.local/lib/python3.12/site-packages/airflow/example_dags/example_branch_labels.py
[2024-10-18T11:10:04.278+0000] {processor.py:925} INFO - DAG(s) 'example_branch_labels' retrieved from /home/airflow/.local/lib/python3.12/site-packages/airflow/example_dags/example_branch_labels.py
[2024-10-18T11:10:04.296+0000] {logging_mixin.py:190} INFO - [2024-10-18T11:10:04.296+0000] {dag.py:3239} INFO - Sync 1 DAGs
[2024-10-18T11:10:04.317+0000] {logging_mixin.py:190} INFO - [2024-10-18T11:10:04.316+0000] {dag.py:4180} INFO - Setting next_dagrun for example_branch_labels to 2024-10-17 00:00:00+00:00, run_after=2024-10-18 00:00:00+00:00
[2024-10-18T11:10:04.333+0000] {processor.py:208} INFO - Processing /home/airflow/.local/lib/python3.12/site-packages/airflow/example_dags/example_branch_labels.py took 0.072 seconds
[2024-10-18T11:10:34.595+0000] {processor.py:186} INFO - Started process (PID=8237) to work on /home/airflow/.local/lib/python3.12/site-packages/airflow/example_dags/example_branch_labels.py
[2024-10-18T11:10:34.596+0000] {processor.py:914} INFO - Processing file /home/airflow/.local/lib/python3.12/site-packages/airflow/example_dags/example_branch_labels.py for tasks to queue
[2024-10-18T11:10:34.598+0000] {logging_mixin.py:190} INFO - [2024-10-18T11:10:34.598+0000] {dagbag.py:588} INFO - Filling up the DagBag from /home/airflow/.local/lib/python3.12/site-packages/airflow/example_dags/example_branch_labels.py
[2024-10-18T11:10:34.606+0000] {processor.py:925} INFO - DAG(s) 'example_branch_labels' retrieved from /home/airflow/.local/lib/python3.12/site-packages/airflow/example_dags/example_branch_labels.py
[2024-10-18T11:10:34.624+0000] {logging_mixin.py:190} INFO - [2024-10-18T11:10:34.624+0000] {dag.py:3239} INFO - Sync 1 DAGs
[2024-10-18T11:10:34.646+0000] {logging_mixin.py:190} INFO - [2024-10-18T11:10:34.646+0000] {dag.py:4180} INFO - Setting next_dagrun for example_branch_labels to 2024-10-17 00:00:00+00:00, run_after=2024-10-18 00:00:00+00:00
[2024-10-18T11:10:34.663+0000] {processor.py:208} INFO - Processing /home/airflow/.local/lib/python3.12/site-packages/airflow/example_dags/example_branch_labels.py took 0.073 seconds
[2024-10-18T11:11:05.281+0000] {processor.py:186} INFO - Started process (PID=8523) to work on /home/airflow/.local/lib/python3.12/site-packages/airflow/example_dags/example_branch_labels.py
[2024-10-18T11:11:05.282+0000] {processor.py:914} INFO - Processing file /home/airflow/.local/lib/python3.12/site-packages/airflow/example_dags/example_branch_labels.py for tasks to queue
[2024-10-18T11:11:05.284+0000] {logging_mixin.py:190} INFO - [2024-10-18T11:11:05.284+0000] {dagbag.py:588} INFO - Filling up the DagBag from /home/airflow/.local/lib/python3.12/site-packages/airflow/example_dags/example_branch_labels.py
[2024-10-18T11:11:05.292+0000] {processor.py:925} INFO - DAG(s) 'example_branch_labels' retrieved from /home/airflow/.local/lib/python3.12/site-packages/airflow/example_dags/example_branch_labels.py
[2024-10-18T11:11:05.311+0000] {logging_mixin.py:190} INFO - [2024-10-18T11:11:05.310+0000] {dag.py:3239} INFO - Sync 1 DAGs
[2024-10-18T11:11:05.332+0000] {logging_mixin.py:190} INFO - [2024-10-18T11:11:05.332+0000] {dag.py:4180} INFO - Setting next_dagrun for example_branch_labels to 2024-10-17 00:00:00+00:00, run_after=2024-10-18 00:00:00+00:00
[2024-10-18T11:11:05.355+0000] {processor.py:208} INFO - Processing /home/airflow/.local/lib/python3.12/site-packages/airflow/example_dags/example_branch_labels.py took 0.079 seconds
[2024-10-18T11:11:35.857+0000] {processor.py:186} INFO - Started process (PID=8809) to work on /home/airflow/.local/lib/python3.12/site-packages/airflow/example_dags/example_branch_labels.py
[2024-10-18T11:11:35.859+0000] {processor.py:914} INFO - Processing file /home/airflow/.local/lib/python3.12/site-packages/airflow/example_dags/example_branch_labels.py for tasks to queue
[2024-10-18T11:11:35.861+0000] {logging_mixin.py:190} INFO - [2024-10-18T11:11:35.860+0000] {dagbag.py:588} INFO - Filling up the DagBag from /home/airflow/.local/lib/python3.12/site-packages/airflow/example_dags/example_branch_labels.py
[2024-10-18T11:11:35.870+0000] {processor.py:925} INFO - DAG(s) 'example_branch_labels' retrieved from /home/airflow/.local/lib/python3.12/site-packages/airflow/example_dags/example_branch_labels.py
[2024-10-18T11:11:35.891+0000] {logging_mixin.py:190} INFO - [2024-10-18T11:11:35.891+0000] {dag.py:3239} INFO - Sync 1 DAGs
[2024-10-18T11:11:35.913+0000] {logging_mixin.py:190} INFO - [2024-10-18T11:11:35.913+0000] {dag.py:4180} INFO - Setting next_dagrun for example_branch_labels to 2024-10-17 00:00:00+00:00, run_after=2024-10-18 00:00:00+00:00
[2024-10-18T11:11:35.930+0000] {processor.py:208} INFO - Processing /home/airflow/.local/lib/python3.12/site-packages/airflow/example_dags/example_branch_labels.py took 0.078 seconds
[2024-10-18T11:12:06.022+0000] {processor.py:186} INFO - Started process (PID=9095) to work on /home/airflow/.local/lib/python3.12/site-packages/airflow/example_dags/example_branch_labels.py
[2024-10-18T11:12:06.024+0000] {processor.py:914} INFO - Processing file /home/airflow/.local/lib/python3.12/site-packages/airflow/example_dags/example_branch_labels.py for tasks to queue
[2024-10-18T11:12:06.026+0000] {logging_mixin.py:190} INFO - [2024-10-18T11:12:06.026+0000] {dagbag.py:588} INFO - Filling up the DagBag from /home/airflow/.local/lib/python3.12/site-packages/airflow/example_dags/example_branch_labels.py
[2024-10-18T11:12:06.035+0000] {processor.py:925} INFO - DAG(s) 'example_branch_labels' retrieved from /home/airflow/.local/lib/python3.12/site-packages/airflow/example_dags/example_branch_labels.py
[2024-10-18T11:12:06.057+0000] {logging_mixin.py:190} INFO - [2024-10-18T11:12:06.057+0000] {dag.py:3239} INFO - Sync 1 DAGs
[2024-10-18T11:12:06.082+0000] {logging_mixin.py:190} INFO - [2024-10-18T11:12:06.082+0000] {dag.py:4180} INFO - Setting next_dagrun for example_branch_labels to 2024-10-17 00:00:00+00:00, run_after=2024-10-18 00:00:00+00:00
[2024-10-18T11:12:06.101+0000] {processor.py:208} INFO - Processing /home/airflow/.local/lib/python3.12/site-packages/airflow/example_dags/example_branch_labels.py took 0.084 seconds
[2024-10-18T11:12:36.748+0000] {processor.py:186} INFO - Started process (PID=9387) to work on /home/airflow/.local/lib/python3.12/site-packages/airflow/example_dags/example_branch_labels.py
[2024-10-18T11:12:36.749+0000] {processor.py:914} INFO - Processing file /home/airflow/.local/lib/python3.12/site-packages/airflow/example_dags/example_branch_labels.py for tasks to queue
[2024-10-18T11:12:36.752+0000] {logging_mixin.py:190} INFO - [2024-10-18T11:12:36.751+0000] {dagbag.py:588} INFO - Filling up the DagBag from /home/airflow/.local/lib/python3.12/site-packages/airflow/example_dags/example_branch_labels.py
[2024-10-18T11:12:36.762+0000] {processor.py:925} INFO - DAG(s) 'example_branch_labels' retrieved from /home/airflow/.local/lib/python3.12/site-packages/airflow/example_dags/example_branch_labels.py
[2024-10-18T11:12:36.785+0000] {logging_mixin.py:190} INFO - [2024-10-18T11:12:36.784+0000] {dag.py:3239} INFO - Sync 1 DAGs
[2024-10-18T11:12:36.813+0000] {logging_mixin.py:190} INFO - [2024-10-18T11:12:36.812+0000] {dag.py:4180} INFO - Setting next_dagrun for example_branch_labels to 2024-10-17 00:00:00+00:00, run_after=2024-10-18 00:00:00+00:00
[2024-10-18T11:12:36.837+0000] {processor.py:208} INFO - Processing /home/airflow/.local/lib/python3.12/site-packages/airflow/example_dags/example_branch_labels.py took 0.095 seconds
[2024-10-18T11:13:07.090+0000] {processor.py:186} INFO - Started process (PID=9673) to work on /home/airflow/.local/lib/python3.12/site-packages/airflow/example_dags/example_branch_labels.py
[2024-10-18T11:13:07.092+0000] {processor.py:914} INFO - Processing file /home/airflow/.local/lib/python3.12/site-packages/airflow/example_dags/example_branch_labels.py for tasks to queue
[2024-10-18T11:13:07.094+0000] {logging_mixin.py:190} INFO - [2024-10-18T11:13:07.093+0000] {dagbag.py:588} INFO - Filling up the DagBag from /home/airflow/.local/lib/python3.12/site-packages/airflow/example_dags/example_branch_labels.py
[2024-10-18T11:13:07.103+0000] {processor.py:925} INFO - DAG(s) 'example_branch_labels' retrieved from /home/airflow/.local/lib/python3.12/site-packages/airflow/example_dags/example_branch_labels.py
[2024-10-18T11:13:07.125+0000] {logging_mixin.py:190} INFO - [2024-10-18T11:13:07.125+0000] {dag.py:3239} INFO - Sync 1 DAGs
[2024-10-18T11:13:07.146+0000] {logging_mixin.py:190} INFO - [2024-10-18T11:13:07.146+0000] {dag.py:4180} INFO - Setting next_dagrun for example_branch_labels to 2024-10-17 00:00:00+00:00, run_after=2024-10-18 00:00:00+00:00
[2024-10-18T11:13:07.167+0000] {processor.py:208} INFO - Processing /home/airflow/.local/lib/python3.12/site-packages/airflow/example_dags/example_branch_labels.py took 0.081 seconds
[2024-10-18T11:13:37.448+0000] {processor.py:186} INFO - Started process (PID=9959) to work on /home/airflow/.local/lib/python3.12/site-packages/airflow/example_dags/example_branch_labels.py
[2024-10-18T11:13:37.450+0000] {processor.py:914} INFO - Processing file /home/airflow/.local/lib/python3.12/site-packages/airflow/example_dags/example_branch_labels.py for tasks to queue
[2024-10-18T11:13:37.452+0000] {logging_mixin.py:190} INFO - [2024-10-18T11:13:37.451+0000] {dagbag.py:588} INFO - Filling up the DagBag from /home/airflow/.local/lib/python3.12/site-packages/airflow/example_dags/example_branch_labels.py
[2024-10-18T11:13:37.461+0000] {processor.py:925} INFO - DAG(s) 'example_branch_labels' retrieved from /home/airflow/.local/lib/python3.12/site-packages/airflow/example_dags/example_branch_labels.py
[2024-10-18T11:13:37.481+0000] {logging_mixin.py:190} INFO - [2024-10-18T11:13:37.481+0000] {dag.py:3239} INFO - Sync 1 DAGs
[2024-10-18T11:13:37.505+0000] {logging_mixin.py:190} INFO - [2024-10-18T11:13:37.505+0000] {dag.py:4180} INFO - Setting next_dagrun for example_branch_labels to 2024-10-17 00:00:00+00:00, run_after=2024-10-18 00:00:00+00:00
[2024-10-18T11:13:37.528+0000] {processor.py:208} INFO - Processing /home/airflow/.local/lib/python3.12/site-packages/airflow/example_dags/example_branch_labels.py took 0.085 seconds
[2024-10-18T11:14:07.873+0000] {processor.py:186} INFO - Started process (PID=10250) to work on /home/airflow/.local/lib/python3.12/site-packages/airflow/example_dags/example_branch_labels.py
[2024-10-18T11:14:07.874+0000] {processor.py:914} INFO - Processing file /home/airflow/.local/lib/python3.12/site-packages/airflow/example_dags/example_branch_labels.py for tasks to queue
[2024-10-18T11:14:07.877+0000] {logging_mixin.py:190} INFO - [2024-10-18T11:14:07.876+0000] {dagbag.py:588} INFO - Filling up the DagBag from /home/airflow/.local/lib/python3.12/site-packages/airflow/example_dags/example_branch_labels.py
[2024-10-18T11:14:07.890+0000] {processor.py:925} INFO - DAG(s) 'example_branch_labels' retrieved from /home/airflow/.local/lib/python3.12/site-packages/airflow/example_dags/example_branch_labels.py
[2024-10-18T11:14:07.917+0000] {logging_mixin.py:190} INFO - [2024-10-18T11:14:07.916+0000] {dag.py:3239} INFO - Sync 1 DAGs
[2024-10-18T11:14:07.951+0000] {logging_mixin.py:190} INFO - [2024-10-18T11:14:07.951+0000] {dag.py:4180} INFO - Setting next_dagrun for example_branch_labels to 2024-10-17 00:00:00+00:00, run_after=2024-10-18 00:00:00+00:00
[2024-10-18T11:14:07.975+0000] {processor.py:208} INFO - Processing /home/airflow/.local/lib/python3.12/site-packages/airflow/example_dags/example_branch_labels.py took 0.109 seconds
[2024-10-18T11:14:38.180+0000] {processor.py:186} INFO - Started process (PID=10555) to work on /home/airflow/.local/lib/python3.12/site-packages/airflow/example_dags/example_branch_labels.py
[2024-10-18T11:14:38.182+0000] {processor.py:914} INFO - Processing file /home/airflow/.local/lib/python3.12/site-packages/airflow/example_dags/example_branch_labels.py for tasks to queue
[2024-10-18T11:14:38.187+0000] {logging_mixin.py:190} INFO - [2024-10-18T11:14:38.187+0000] {dagbag.py:588} INFO - Filling up the DagBag from /home/airflow/.local/lib/python3.12/site-packages/airflow/example_dags/example_branch_labels.py
[2024-10-18T11:14:38.203+0000] {processor.py:925} INFO - DAG(s) 'example_branch_labels' retrieved from /home/airflow/.local/lib/python3.12/site-packages/airflow/example_dags/example_branch_labels.py
[2024-10-18T11:14:38.231+0000] {logging_mixin.py:190} INFO - [2024-10-18T11:14:38.231+0000] {dag.py:3239} INFO - Sync 1 DAGs
[2024-10-18T11:14:38.275+0000] {logging_mixin.py:190} INFO - [2024-10-18T11:14:38.274+0000] {dag.py:4180} INFO - Setting next_dagrun for example_branch_labels to 2024-10-17 00:00:00+00:00, run_after=2024-10-18 00:00:00+00:00
[2024-10-18T11:14:38.305+0000] {processor.py:208} INFO - Processing /home/airflow/.local/lib/python3.12/site-packages/airflow/example_dags/example_branch_labels.py took 0.134 seconds
[2024-10-18T11:15:08.805+0000] {processor.py:186} INFO - Started process (PID=10841) to work on /home/airflow/.local/lib/python3.12/site-packages/airflow/example_dags/example_branch_labels.py
[2024-10-18T11:15:08.807+0000] {processor.py:914} INFO - Processing file /home/airflow/.local/lib/python3.12/site-packages/airflow/example_dags/example_branch_labels.py for tasks to queue
[2024-10-18T11:15:08.810+0000] {logging_mixin.py:190} INFO - [2024-10-18T11:15:08.810+0000] {dagbag.py:588} INFO - Filling up the DagBag from /home/airflow/.local/lib/python3.12/site-packages/airflow/example_dags/example_branch_labels.py
[2024-10-18T11:15:08.821+0000] {processor.py:925} INFO - DAG(s) 'example_branch_labels' retrieved from /home/airflow/.local/lib/python3.12/site-packages/airflow/example_dags/example_branch_labels.py
[2024-10-18T11:15:08.845+0000] {logging_mixin.py:190} INFO - [2024-10-18T11:15:08.844+0000] {dag.py:3239} INFO - Sync 1 DAGs
[2024-10-18T11:15:08.876+0000] {logging_mixin.py:190} INFO - [2024-10-18T11:15:08.876+0000] {dag.py:4180} INFO - Setting next_dagrun for example_branch_labels to 2024-10-17 00:00:00+00:00, run_after=2024-10-18 00:00:00+00:00
[2024-10-18T11:15:08.902+0000] {processor.py:208} INFO - Processing /home/airflow/.local/lib/python3.12/site-packages/airflow/example_dags/example_branch_labels.py took 0.105 seconds
[2024-10-18T11:15:39.557+0000] {processor.py:186} INFO - Started process (PID=11125) to work on /home/airflow/.local/lib/python3.12/site-packages/airflow/example_dags/example_branch_labels.py
[2024-10-18T11:15:39.561+0000] {processor.py:914} INFO - Processing file /home/airflow/.local/lib/python3.12/site-packages/airflow/example_dags/example_branch_labels.py for tasks to queue
[2024-10-18T11:15:39.575+0000] {logging_mixin.py:190} INFO - [2024-10-18T11:15:39.574+0000] {dagbag.py:588} INFO - Filling up the DagBag from /home/airflow/.local/lib/python3.12/site-packages/airflow/example_dags/example_branch_labels.py
[2024-10-18T11:15:39.622+0000] {processor.py:925} INFO - DAG(s) 'example_branch_labels' retrieved from /home/airflow/.local/lib/python3.12/site-packages/airflow/example_dags/example_branch_labels.py
[2024-10-18T11:15:39.720+0000] {logging_mixin.py:190} INFO - [2024-10-18T11:15:39.719+0000] {dag.py:3239} INFO - Sync 1 DAGs
[2024-10-18T11:15:39.834+0000] {logging_mixin.py:190} INFO - [2024-10-18T11:15:39.833+0000] {dag.py:4180} INFO - Setting next_dagrun for example_branch_labels to 2024-10-17 00:00:00+00:00, run_after=2024-10-18 00:00:00+00:00
[2024-10-18T11:15:39.925+0000] {processor.py:208} INFO - Processing /home/airflow/.local/lib/python3.12/site-packages/airflow/example_dags/example_branch_labels.py took 0.405 seconds
[2024-10-18T11:16:10.819+0000] {processor.py:186} INFO - Started process (PID=11412) to work on /home/airflow/.local/lib/python3.12/site-packages/airflow/example_dags/example_branch_labels.py
[2024-10-18T11:16:10.820+0000] {processor.py:914} INFO - Processing file /home/airflow/.local/lib/python3.12/site-packages/airflow/example_dags/example_branch_labels.py for tasks to queue
[2024-10-18T11:16:10.823+0000] {logging_mixin.py:190} INFO - [2024-10-18T11:16:10.823+0000] {dagbag.py:588} INFO - Filling up the DagBag from /home/airflow/.local/lib/python3.12/site-packages/airflow/example_dags/example_branch_labels.py
[2024-10-18T11:16:10.833+0000] {processor.py:925} INFO - DAG(s) 'example_branch_labels' retrieved from /home/airflow/.local/lib/python3.12/site-packages/airflow/example_dags/example_branch_labels.py
[2024-10-18T11:16:10.859+0000] {logging_mixin.py:190} INFO - [2024-10-18T11:16:10.859+0000] {dag.py:3239} INFO - Sync 1 DAGs
[2024-10-18T11:16:10.884+0000] {logging_mixin.py:190} INFO - [2024-10-18T11:16:10.884+0000] {dag.py:4180} INFO - Setting next_dagrun for example_branch_labels to 2024-10-17 00:00:00+00:00, run_after=2024-10-18 00:00:00+00:00
[2024-10-18T11:16:10.902+0000] {processor.py:208} INFO - Processing /home/airflow/.local/lib/python3.12/site-packages/airflow/example_dags/example_branch_labels.py took 0.090 seconds
[2024-10-18T11:16:41.775+0000] {processor.py:186} INFO - Started process (PID=11722) to work on /home/airflow/.local/lib/python3.12/site-packages/airflow/example_dags/example_branch_labels.py
[2024-10-18T11:16:41.782+0000] {processor.py:914} INFO - Processing file /home/airflow/.local/lib/python3.12/site-packages/airflow/example_dags/example_branch_labels.py for tasks to queue
[2024-10-18T11:16:41.788+0000] {logging_mixin.py:190} INFO - [2024-10-18T11:16:41.787+0000] {dagbag.py:588} INFO - Filling up the DagBag from /home/airflow/.local/lib/python3.12/site-packages/airflow/example_dags/example_branch_labels.py
[2024-10-18T11:16:41.820+0000] {processor.py:925} INFO - DAG(s) 'example_branch_labels' retrieved from /home/airflow/.local/lib/python3.12/site-packages/airflow/example_dags/example_branch_labels.py
[2024-10-18T11:16:41.887+0000] {logging_mixin.py:190} INFO - [2024-10-18T11:16:41.886+0000] {dag.py:3239} INFO - Sync 1 DAGs
[2024-10-18T11:16:41.974+0000] {logging_mixin.py:190} INFO - [2024-10-18T11:16:41.973+0000] {dag.py:4180} INFO - Setting next_dagrun for example_branch_labels to 2024-10-17 00:00:00+00:00, run_after=2024-10-18 00:00:00+00:00
[2024-10-18T11:16:42.042+0000] {processor.py:208} INFO - Processing /home/airflow/.local/lib/python3.12/site-packages/airflow/example_dags/example_branch_labels.py took 0.284 seconds
[2024-10-18T11:17:12.277+0000] {processor.py:186} INFO - Started process (PID=12023) to work on /home/airflow/.local/lib/python3.12/site-packages/airflow/example_dags/example_branch_labels.py
[2024-10-18T11:17:12.279+0000] {processor.py:914} INFO - Processing file /home/airflow/.local/lib/python3.12/site-packages/airflow/example_dags/example_branch_labels.py for tasks to queue
[2024-10-18T11:17:12.282+0000] {logging_mixin.py:190} INFO - [2024-10-18T11:17:12.281+0000] {dagbag.py:588} INFO - Filling up the DagBag from /home/airflow/.local/lib/python3.12/site-packages/airflow/example_dags/example_branch_labels.py
[2024-10-18T11:17:12.307+0000] {processor.py:925} INFO - DAG(s) 'example_branch_labels' retrieved from /home/airflow/.local/lib/python3.12/site-packages/airflow/example_dags/example_branch_labels.py
[2024-10-18T11:17:12.361+0000] {logging_mixin.py:190} INFO - [2024-10-18T11:17:12.360+0000] {dag.py:3239} INFO - Sync 1 DAGs
[2024-10-18T11:17:12.444+0000] {logging_mixin.py:190} INFO - [2024-10-18T11:17:12.443+0000] {dag.py:4180} INFO - Setting next_dagrun for example_branch_labels to 2024-10-17 00:00:00+00:00, run_after=2024-10-18 00:00:00+00:00
[2024-10-18T11:17:12.505+0000] {processor.py:208} INFO - Processing /home/airflow/.local/lib/python3.12/site-packages/airflow/example_dags/example_branch_labels.py took 0.243 seconds
[2024-10-18T11:17:42.815+0000] {processor.py:186} INFO - Started process (PID=12309) to work on /home/airflow/.local/lib/python3.12/site-packages/airflow/example_dags/example_branch_labels.py
[2024-10-18T11:17:42.818+0000] {processor.py:914} INFO - Processing file /home/airflow/.local/lib/python3.12/site-packages/airflow/example_dags/example_branch_labels.py for tasks to queue
[2024-10-18T11:17:42.830+0000] {logging_mixin.py:190} INFO - [2024-10-18T11:17:42.829+0000] {dagbag.py:588} INFO - Filling up the DagBag from /home/airflow/.local/lib/python3.12/site-packages/airflow/example_dags/example_branch_labels.py
[2024-10-18T11:17:42.852+0000] {processor.py:925} INFO - DAG(s) 'example_branch_labels' retrieved from /home/airflow/.local/lib/python3.12/site-packages/airflow/example_dags/example_branch_labels.py
[2024-10-18T11:17:42.897+0000] {logging_mixin.py:190} INFO - [2024-10-18T11:17:42.896+0000] {dag.py:3239} INFO - Sync 1 DAGs
[2024-10-18T11:17:42.949+0000] {logging_mixin.py:190} INFO - [2024-10-18T11:17:42.949+0000] {dag.py:4180} INFO - Setting next_dagrun for example_branch_labels to 2024-10-17 00:00:00+00:00, run_after=2024-10-18 00:00:00+00:00
[2024-10-18T11:17:43.034+0000] {processor.py:208} INFO - Processing /home/airflow/.local/lib/python3.12/site-packages/airflow/example_dags/example_branch_labels.py took 0.233 seconds
[2024-10-18T11:18:13.561+0000] {processor.py:186} INFO - Started process (PID=12600) to work on /home/airflow/.local/lib/python3.12/site-packages/airflow/example_dags/example_branch_labels.py
[2024-10-18T11:18:13.563+0000] {processor.py:914} INFO - Processing file /home/airflow/.local/lib/python3.12/site-packages/airflow/example_dags/example_branch_labels.py for tasks to queue
[2024-10-18T11:18:13.575+0000] {logging_mixin.py:190} INFO - [2024-10-18T11:18:13.574+0000] {dagbag.py:588} INFO - Filling up the DagBag from /home/airflow/.local/lib/python3.12/site-packages/airflow/example_dags/example_branch_labels.py
[2024-10-18T11:18:13.615+0000] {processor.py:925} INFO - DAG(s) 'example_branch_labels' retrieved from /home/airflow/.local/lib/python3.12/site-packages/airflow/example_dags/example_branch_labels.py
[2024-10-18T11:18:13.711+0000] {logging_mixin.py:190} INFO - [2024-10-18T11:18:13.710+0000] {dag.py:3239} INFO - Sync 1 DAGs
[2024-10-18T11:18:13.822+0000] {logging_mixin.py:190} INFO - [2024-10-18T11:18:13.815+0000] {dag.py:4180} INFO - Setting next_dagrun for example_branch_labels to 2024-10-17 00:00:00+00:00, run_after=2024-10-18 00:00:00+00:00
[2024-10-18T11:18:13.889+0000] {processor.py:208} INFO - Processing /home/airflow/.local/lib/python3.12/site-packages/airflow/example_dags/example_branch_labels.py took 0.347 seconds
[2024-10-18T11:18:44.453+0000] {processor.py:186} INFO - Started process (PID=12881) to work on /home/airflow/.local/lib/python3.12/site-packages/airflow/example_dags/example_branch_labels.py
[2024-10-18T11:18:44.455+0000] {processor.py:914} INFO - Processing file /home/airflow/.local/lib/python3.12/site-packages/airflow/example_dags/example_branch_labels.py for tasks to queue
[2024-10-18T11:18:44.461+0000] {logging_mixin.py:190} INFO - [2024-10-18T11:18:44.460+0000] {dagbag.py:588} INFO - Filling up the DagBag from /home/airflow/.local/lib/python3.12/site-packages/airflow/example_dags/example_branch_labels.py
[2024-10-18T11:18:44.475+0000] {processor.py:925} INFO - DAG(s) 'example_branch_labels' retrieved from /home/airflow/.local/lib/python3.12/site-packages/airflow/example_dags/example_branch_labels.py
[2024-10-18T11:18:44.527+0000] {logging_mixin.py:190} INFO - [2024-10-18T11:18:44.525+0000] {dag.py:3239} INFO - Sync 1 DAGs
[2024-10-18T11:18:44.591+0000] {logging_mixin.py:190} INFO - [2024-10-18T11:18:44.588+0000] {dag.py:4180} INFO - Setting next_dagrun for example_branch_labels to 2024-10-17 00:00:00+00:00, run_after=2024-10-18 00:00:00+00:00
[2024-10-18T11:18:44.656+0000] {processor.py:208} INFO - Processing /home/airflow/.local/lib/python3.12/site-packages/airflow/example_dags/example_branch_labels.py took 0.222 seconds
[2024-10-18T11:19:14.789+0000] {processor.py:186} INFO - Started process (PID=13168) to work on /home/airflow/.local/lib/python3.12/site-packages/airflow/example_dags/example_branch_labels.py
[2024-10-18T11:19:14.791+0000] {processor.py:914} INFO - Processing file /home/airflow/.local/lib/python3.12/site-packages/airflow/example_dags/example_branch_labels.py for tasks to queue
[2024-10-18T11:19:14.794+0000] {logging_mixin.py:190} INFO - [2024-10-18T11:19:14.794+0000] {dagbag.py:588} INFO - Filling up the DagBag from /home/airflow/.local/lib/python3.12/site-packages/airflow/example_dags/example_branch_labels.py
[2024-10-18T11:19:14.808+0000] {processor.py:925} INFO - DAG(s) 'example_branch_labels' retrieved from /home/airflow/.local/lib/python3.12/site-packages/airflow/example_dags/example_branch_labels.py
[2024-10-18T11:19:14.843+0000] {logging_mixin.py:190} INFO - [2024-10-18T11:19:14.843+0000] {dag.py:3239} INFO - Sync 1 DAGs
[2024-10-18T11:19:14.895+0000] {logging_mixin.py:190} INFO - [2024-10-18T11:19:14.894+0000] {dag.py:4180} INFO - Setting next_dagrun for example_branch_labels to 2024-10-17 00:00:00+00:00, run_after=2024-10-18 00:00:00+00:00
[2024-10-18T11:19:14.928+0000] {processor.py:208} INFO - Processing /home/airflow/.local/lib/python3.12/site-packages/airflow/example_dags/example_branch_labels.py took 0.148 seconds
[2024-10-18T11:19:45.175+0000] {processor.py:186} INFO - Started process (PID=13454) to work on /home/airflow/.local/lib/python3.12/site-packages/airflow/example_dags/example_branch_labels.py
[2024-10-18T11:19:45.176+0000] {processor.py:914} INFO - Processing file /home/airflow/.local/lib/python3.12/site-packages/airflow/example_dags/example_branch_labels.py for tasks to queue
[2024-10-18T11:19:45.178+0000] {logging_mixin.py:190} INFO - [2024-10-18T11:19:45.178+0000] {dagbag.py:588} INFO - Filling up the DagBag from /home/airflow/.local/lib/python3.12/site-packages/airflow/example_dags/example_branch_labels.py
[2024-10-18T11:19:45.186+0000] {processor.py:925} INFO - DAG(s) 'example_branch_labels' retrieved from /home/airflow/.local/lib/python3.12/site-packages/airflow/example_dags/example_branch_labels.py
[2024-10-18T11:19:45.205+0000] {logging_mixin.py:190} INFO - [2024-10-18T11:19:45.205+0000] {dag.py:3239} INFO - Sync 1 DAGs
[2024-10-18T11:19:45.228+0000] {logging_mixin.py:190} INFO - [2024-10-18T11:19:45.227+0000] {dag.py:4180} INFO - Setting next_dagrun for example_branch_labels to 2024-10-17 00:00:00+00:00, run_after=2024-10-18 00:00:00+00:00
[2024-10-18T11:19:45.246+0000] {processor.py:208} INFO - Processing /home/airflow/.local/lib/python3.12/site-packages/airflow/example_dags/example_branch_labels.py took 0.076 seconds
[2024-10-18T11:20:15.561+0000] {processor.py:186} INFO - Started process (PID=13740) to work on /home/airflow/.local/lib/python3.12/site-packages/airflow/example_dags/example_branch_labels.py
[2024-10-18T11:20:15.563+0000] {processor.py:914} INFO - Processing file /home/airflow/.local/lib/python3.12/site-packages/airflow/example_dags/example_branch_labels.py for tasks to queue
[2024-10-18T11:20:15.566+0000] {logging_mixin.py:190} INFO - [2024-10-18T11:20:15.566+0000] {dagbag.py:588} INFO - Filling up the DagBag from /home/airflow/.local/lib/python3.12/site-packages/airflow/example_dags/example_branch_labels.py
[2024-10-18T11:20:15.577+0000] {processor.py:925} INFO - DAG(s) 'example_branch_labels' retrieved from /home/airflow/.local/lib/python3.12/site-packages/airflow/example_dags/example_branch_labels.py
[2024-10-18T11:20:15.603+0000] {logging_mixin.py:190} INFO - [2024-10-18T11:20:15.603+0000] {dag.py:3239} INFO - Sync 1 DAGs
[2024-10-18T11:20:15.635+0000] {logging_mixin.py:190} INFO - [2024-10-18T11:20:15.635+0000] {dag.py:4180} INFO - Setting next_dagrun for example_branch_labels to 2024-10-17 00:00:00+00:00, run_after=2024-10-18 00:00:00+00:00
[2024-10-18T11:20:15.845+0000] {processor.py:208} INFO - Processing /home/airflow/.local/lib/python3.12/site-packages/airflow/example_dags/example_branch_labels.py took 0.291 seconds
[2024-10-18T11:20:46.011+0000] {processor.py:186} INFO - Started process (PID=14027) to work on /home/airflow/.local/lib/python3.12/site-packages/airflow/example_dags/example_branch_labels.py
[2024-10-18T11:20:46.012+0000] {processor.py:914} INFO - Processing file /home/airflow/.local/lib/python3.12/site-packages/airflow/example_dags/example_branch_labels.py for tasks to queue
[2024-10-18T11:20:46.015+0000] {logging_mixin.py:190} INFO - [2024-10-18T11:20:46.014+0000] {dagbag.py:588} INFO - Filling up the DagBag from /home/airflow/.local/lib/python3.12/site-packages/airflow/example_dags/example_branch_labels.py
[2024-10-18T11:20:46.023+0000] {processor.py:925} INFO - DAG(s) 'example_branch_labels' retrieved from /home/airflow/.local/lib/python3.12/site-packages/airflow/example_dags/example_branch_labels.py
[2024-10-18T11:20:46.042+0000] {logging_mixin.py:190} INFO - [2024-10-18T11:20:46.041+0000] {dag.py:3239} INFO - Sync 1 DAGs
[2024-10-18T11:20:46.064+0000] {logging_mixin.py:190} INFO - [2024-10-18T11:20:46.064+0000] {dag.py:4180} INFO - Setting next_dagrun for example_branch_labels to 2024-10-17 00:00:00+00:00, run_after=2024-10-18 00:00:00+00:00
[2024-10-18T11:20:46.082+0000] {processor.py:208} INFO - Processing /home/airflow/.local/lib/python3.12/site-packages/airflow/example_dags/example_branch_labels.py took 0.075 seconds
[2024-10-18T11:21:16.644+0000] {processor.py:186} INFO - Started process (PID=14313) to work on /home/airflow/.local/lib/python3.12/site-packages/airflow/example_dags/example_branch_labels.py
[2024-10-18T11:21:16.649+0000] {processor.py:914} INFO - Processing file /home/airflow/.local/lib/python3.12/site-packages/airflow/example_dags/example_branch_labels.py for tasks to queue
[2024-10-18T11:21:16.654+0000] {logging_mixin.py:190} INFO - [2024-10-18T11:21:16.653+0000] {dagbag.py:588} INFO - Filling up the DagBag from /home/airflow/.local/lib/python3.12/site-packages/airflow/example_dags/example_branch_labels.py
[2024-10-18T11:21:16.674+0000] {processor.py:925} INFO - DAG(s) 'example_branch_labels' retrieved from /home/airflow/.local/lib/python3.12/site-packages/airflow/example_dags/example_branch_labels.py
[2024-10-18T11:21:16.712+0000] {logging_mixin.py:190} INFO - [2024-10-18T11:21:16.712+0000] {dag.py:3239} INFO - Sync 1 DAGs
[2024-10-18T11:21:16.753+0000] {logging_mixin.py:190} INFO - [2024-10-18T11:21:16.753+0000] {dag.py:4180} INFO - Setting next_dagrun for example_branch_labels to 2024-10-17 00:00:00+00:00, run_after=2024-10-18 00:00:00+00:00
[2024-10-18T11:21:16.783+0000] {processor.py:208} INFO - Processing /home/airflow/.local/lib/python3.12/site-packages/airflow/example_dags/example_branch_labels.py took 0.151 seconds
