[2024-10-18T10:56:35.452+0000] {processor.py:186} INFO - Started process (PID=409) to work on /home/airflow/.local/lib/python3.12/site-packages/airflow/example_dags/example_branch_operator.py
[2024-10-18T10:56:35.454+0000] {processor.py:914} INFO - Processing file /home/airflow/.local/lib/python3.12/site-packages/airflow/example_dags/example_branch_operator.py for tasks to queue
[2024-10-18T10:56:35.461+0000] {logging_mixin.py:190} INFO - [2024-10-18T10:56:35.459+0000] {dagbag.py:588} INFO - Filling up the DagBag from /home/airflow/.local/lib/python3.12/site-packages/airflow/example_dags/example_branch_operator.py
[2024-10-18T10:56:35.519+0000] {processor.py:925} INFO - DAG(s) 'example_branch_operator' retrieved from /home/airflow/.local/lib/python3.12/site-packages/airflow/example_dags/example_branch_operator.py
[2024-10-18T10:56:35.774+0000] {logging_mixin.py:190} INFO - [2024-10-18T10:56:35.773+0000] {override.py:1900} INFO - Created Permission View: can delete on DAG:example_branch_operator
[2024-10-18T10:56:35.797+0000] {logging_mixin.py:190} INFO - [2024-10-18T10:56:35.796+0000] {override.py:1900} INFO - Created Permission View: can edit on DAG:example_branch_operator
[2024-10-18T10:56:35.816+0000] {logging_mixin.py:190} INFO - [2024-10-18T10:56:35.815+0000] {override.py:1900} INFO - Created Permission View: can read on DAG:example_branch_operator
[2024-10-18T10:56:35.834+0000] {logging_mixin.py:190} INFO - [2024-10-18T10:56:35.833+0000] {override.py:1900} INFO - Created Permission View: can delete on DAG Run:example_branch_operator
[2024-10-18T10:56:35.852+0000] {logging_mixin.py:190} INFO - [2024-10-18T10:56:35.850+0000] {override.py:1900} INFO - Created Permission View: menu access on DAG Run:example_branch_operator
[2024-10-18T10:56:35.864+0000] {logging_mixin.py:190} INFO - [2024-10-18T10:56:35.864+0000] {override.py:1900} INFO - Created Permission View: can read on DAG Run:example_branch_operator
[2024-10-18T10:56:35.877+0000] {logging_mixin.py:190} INFO - [2024-10-18T10:56:35.876+0000] {override.py:1900} INFO - Created Permission View: can create on DAG Run:example_branch_operator
[2024-10-18T10:56:35.878+0000] {logging_mixin.py:190} INFO - [2024-10-18T10:56:35.878+0000] {dag.py:3239} INFO - Sync 1 DAGs
[2024-10-18T10:56:35.911+0000] {logging_mixin.py:190} INFO - [2024-10-18T10:56:35.911+0000] {dag.py:3262} INFO - Creating ORM DAG for example_branch_operator
[2024-10-18T10:56:35.934+0000] {logging_mixin.py:190} INFO - [2024-10-18T10:56:35.934+0000] {dag.py:4180} INFO - Setting next_dagrun for example_branch_operator to 2024-10-17 00:00:00+00:00, run_after=2024-10-18 00:00:00+00:00
[2024-10-18T10:56:35.973+0000] {processor.py:208} INFO - Processing /home/airflow/.local/lib/python3.12/site-packages/airflow/example_dags/example_branch_operator.py took 0.539 seconds
[2024-10-18T10:57:07.090+0000] {processor.py:186} INFO - Started process (PID=695) to work on /home/airflow/.local/lib/python3.12/site-packages/airflow/example_dags/example_branch_operator.py
[2024-10-18T10:57:07.096+0000] {processor.py:914} INFO - Processing file /home/airflow/.local/lib/python3.12/site-packages/airflow/example_dags/example_branch_operator.py for tasks to queue
[2024-10-18T10:57:07.115+0000] {logging_mixin.py:190} INFO - [2024-10-18T10:57:07.113+0000] {dagbag.py:588} INFO - Filling up the DagBag from /home/airflow/.local/lib/python3.12/site-packages/airflow/example_dags/example_branch_operator.py
[2024-10-18T10:57:07.253+0000] {processor.py:925} INFO - DAG(s) 'example_branch_operator' retrieved from /home/airflow/.local/lib/python3.12/site-packages/airflow/example_dags/example_branch_operator.py
[2024-10-18T10:57:07.321+0000] {logging_mixin.py:190} INFO - [2024-10-18T10:57:07.321+0000] {dag.py:3239} INFO - Sync 1 DAGs
[2024-10-18T10:57:07.371+0000] {logging_mixin.py:190} INFO - [2024-10-18T10:57:07.370+0000] {dag.py:4180} INFO - Setting next_dagrun for example_branch_operator to 2024-10-17 00:00:00+00:00, run_after=2024-10-18 00:00:00+00:00
[2024-10-18T10:57:07.416+0000] {processor.py:208} INFO - Processing /home/airflow/.local/lib/python3.12/site-packages/airflow/example_dags/example_branch_operator.py took 0.360 seconds
[2024-10-18T10:57:37.993+0000] {processor.py:186} INFO - Started process (PID=981) to work on /home/airflow/.local/lib/python3.12/site-packages/airflow/example_dags/example_branch_operator.py
[2024-10-18T10:57:37.995+0000] {processor.py:914} INFO - Processing file /home/airflow/.local/lib/python3.12/site-packages/airflow/example_dags/example_branch_operator.py for tasks to queue
[2024-10-18T10:57:37.998+0000] {logging_mixin.py:190} INFO - [2024-10-18T10:57:37.997+0000] {dagbag.py:588} INFO - Filling up the DagBag from /home/airflow/.local/lib/python3.12/site-packages/airflow/example_dags/example_branch_operator.py
[2024-10-18T10:57:38.045+0000] {processor.py:925} INFO - DAG(s) 'example_branch_operator' retrieved from /home/airflow/.local/lib/python3.12/site-packages/airflow/example_dags/example_branch_operator.py
[2024-10-18T10:57:38.111+0000] {logging_mixin.py:190} INFO - [2024-10-18T10:57:38.111+0000] {dag.py:3239} INFO - Sync 1 DAGs
[2024-10-18T10:57:38.178+0000] {logging_mixin.py:190} INFO - [2024-10-18T10:57:38.177+0000] {dag.py:4180} INFO - Setting next_dagrun for example_branch_operator to 2024-10-17 00:00:00+00:00, run_after=2024-10-18 00:00:00+00:00
[2024-10-18T10:57:38.261+0000] {processor.py:208} INFO - Processing /home/airflow/.local/lib/python3.12/site-packages/airflow/example_dags/example_branch_operator.py took 0.279 seconds
[2024-10-18T10:58:08.498+0000] {processor.py:186} INFO - Started process (PID=1273) to work on /home/airflow/.local/lib/python3.12/site-packages/airflow/example_dags/example_branch_operator.py
[2024-10-18T10:58:08.500+0000] {processor.py:914} INFO - Processing file /home/airflow/.local/lib/python3.12/site-packages/airflow/example_dags/example_branch_operator.py for tasks to queue
[2024-10-18T10:58:08.503+0000] {logging_mixin.py:190} INFO - [2024-10-18T10:58:08.502+0000] {dagbag.py:588} INFO - Filling up the DagBag from /home/airflow/.local/lib/python3.12/site-packages/airflow/example_dags/example_branch_operator.py
[2024-10-18T10:58:08.526+0000] {processor.py:925} INFO - DAG(s) 'example_branch_operator' retrieved from /home/airflow/.local/lib/python3.12/site-packages/airflow/example_dags/example_branch_operator.py
[2024-10-18T10:58:08.568+0000] {logging_mixin.py:190} INFO - [2024-10-18T10:58:08.568+0000] {dag.py:3239} INFO - Sync 1 DAGs
[2024-10-18T10:58:08.601+0000] {logging_mixin.py:190} INFO - [2024-10-18T10:58:08.601+0000] {dag.py:4180} INFO - Setting next_dagrun for example_branch_operator to 2024-10-17 00:00:00+00:00, run_after=2024-10-18 00:00:00+00:00
[2024-10-18T10:58:08.628+0000] {processor.py:208} INFO - Processing /home/airflow/.local/lib/python3.12/site-packages/airflow/example_dags/example_branch_operator.py took 0.137 seconds
[2024-10-18T10:58:39.085+0000] {processor.py:186} INFO - Started process (PID=1557) to work on /home/airflow/.local/lib/python3.12/site-packages/airflow/example_dags/example_branch_operator.py
[2024-10-18T10:58:39.086+0000] {processor.py:914} INFO - Processing file /home/airflow/.local/lib/python3.12/site-packages/airflow/example_dags/example_branch_operator.py for tasks to queue
[2024-10-18T10:58:39.088+0000] {logging_mixin.py:190} INFO - [2024-10-18T10:58:39.088+0000] {dagbag.py:588} INFO - Filling up the DagBag from /home/airflow/.local/lib/python3.12/site-packages/airflow/example_dags/example_branch_operator.py
[2024-10-18T10:58:39.106+0000] {processor.py:925} INFO - DAG(s) 'example_branch_operator' retrieved from /home/airflow/.local/lib/python3.12/site-packages/airflow/example_dags/example_branch_operator.py
[2024-10-18T10:58:39.138+0000] {logging_mixin.py:190} INFO - [2024-10-18T10:58:39.137+0000] {dag.py:3239} INFO - Sync 1 DAGs
[2024-10-18T10:58:39.165+0000] {logging_mixin.py:190} INFO - [2024-10-18T10:58:39.165+0000] {dag.py:4180} INFO - Setting next_dagrun for example_branch_operator to 2024-10-17 00:00:00+00:00, run_after=2024-10-18 00:00:00+00:00
[2024-10-18T10:58:39.187+0000] {processor.py:208} INFO - Processing /home/airflow/.local/lib/python3.12/site-packages/airflow/example_dags/example_branch_operator.py took 0.108 seconds
[2024-10-18T10:59:09.527+0000] {processor.py:186} INFO - Started process (PID=1842) to work on /home/airflow/.local/lib/python3.12/site-packages/airflow/example_dags/example_branch_operator.py
[2024-10-18T10:59:09.529+0000] {processor.py:914} INFO - Processing file /home/airflow/.local/lib/python3.12/site-packages/airflow/example_dags/example_branch_operator.py for tasks to queue
[2024-10-18T10:59:09.531+0000] {logging_mixin.py:190} INFO - [2024-10-18T10:59:09.530+0000] {dagbag.py:588} INFO - Filling up the DagBag from /home/airflow/.local/lib/python3.12/site-packages/airflow/example_dags/example_branch_operator.py
[2024-10-18T10:59:09.549+0000] {processor.py:925} INFO - DAG(s) 'example_branch_operator' retrieved from /home/airflow/.local/lib/python3.12/site-packages/airflow/example_dags/example_branch_operator.py
[2024-10-18T10:59:09.583+0000] {logging_mixin.py:190} INFO - [2024-10-18T10:59:09.582+0000] {dag.py:3239} INFO - Sync 1 DAGs
[2024-10-18T10:59:09.613+0000] {logging_mixin.py:190} INFO - [2024-10-18T10:59:09.613+0000] {dag.py:4180} INFO - Setting next_dagrun for example_branch_operator to 2024-10-17 00:00:00+00:00, run_after=2024-10-18 00:00:00+00:00
[2024-10-18T10:59:09.636+0000] {processor.py:208} INFO - Processing /home/airflow/.local/lib/python3.12/site-packages/airflow/example_dags/example_branch_operator.py took 0.115 seconds
[2024-10-18T10:59:39.902+0000] {processor.py:186} INFO - Started process (PID=2128) to work on /home/airflow/.local/lib/python3.12/site-packages/airflow/example_dags/example_branch_operator.py
[2024-10-18T10:59:39.902+0000] {processor.py:914} INFO - Processing file /home/airflow/.local/lib/python3.12/site-packages/airflow/example_dags/example_branch_operator.py for tasks to queue
[2024-10-18T10:59:39.904+0000] {logging_mixin.py:190} INFO - [2024-10-18T10:59:39.904+0000] {dagbag.py:588} INFO - Filling up the DagBag from /home/airflow/.local/lib/python3.12/site-packages/airflow/example_dags/example_branch_operator.py
[2024-10-18T10:59:39.921+0000] {processor.py:925} INFO - DAG(s) 'example_branch_operator' retrieved from /home/airflow/.local/lib/python3.12/site-packages/airflow/example_dags/example_branch_operator.py
[2024-10-18T10:59:39.947+0000] {logging_mixin.py:190} INFO - [2024-10-18T10:59:39.947+0000] {dag.py:3239} INFO - Sync 1 DAGs
[2024-10-18T10:59:39.968+0000] {logging_mixin.py:190} INFO - [2024-10-18T10:59:39.968+0000] {dag.py:4180} INFO - Setting next_dagrun for example_branch_operator to 2024-10-17 00:00:00+00:00, run_after=2024-10-18 00:00:00+00:00
[2024-10-18T10:59:39.988+0000] {processor.py:208} INFO - Processing /home/airflow/.local/lib/python3.12/site-packages/airflow/example_dags/example_branch_operator.py took 0.090 seconds
[2024-10-18T11:00:10.169+0000] {processor.py:186} INFO - Started process (PID=2414) to work on /home/airflow/.local/lib/python3.12/site-packages/airflow/example_dags/example_branch_operator.py
[2024-10-18T11:00:10.170+0000] {processor.py:914} INFO - Processing file /home/airflow/.local/lib/python3.12/site-packages/airflow/example_dags/example_branch_operator.py for tasks to queue
[2024-10-18T11:00:10.172+0000] {logging_mixin.py:190} INFO - [2024-10-18T11:00:10.172+0000] {dagbag.py:588} INFO - Filling up the DagBag from /home/airflow/.local/lib/python3.12/site-packages/airflow/example_dags/example_branch_operator.py
[2024-10-18T11:00:10.188+0000] {processor.py:925} INFO - DAG(s) 'example_branch_operator' retrieved from /home/airflow/.local/lib/python3.12/site-packages/airflow/example_dags/example_branch_operator.py
[2024-10-18T11:00:10.213+0000] {logging_mixin.py:190} INFO - [2024-10-18T11:00:10.213+0000] {dag.py:3239} INFO - Sync 1 DAGs
[2024-10-18T11:00:10.236+0000] {logging_mixin.py:190} INFO - [2024-10-18T11:00:10.235+0000] {dag.py:4180} INFO - Setting next_dagrun for example_branch_operator to 2024-10-17 00:00:00+00:00, run_after=2024-10-18 00:00:00+00:00
[2024-10-18T11:00:10.255+0000] {processor.py:208} INFO - Processing /home/airflow/.local/lib/python3.12/site-packages/airflow/example_dags/example_branch_operator.py took 0.090 seconds
[2024-10-18T11:00:40.743+0000] {processor.py:186} INFO - Started process (PID=2700) to work on /home/airflow/.local/lib/python3.12/site-packages/airflow/example_dags/example_branch_operator.py
[2024-10-18T11:00:40.744+0000] {processor.py:914} INFO - Processing file /home/airflow/.local/lib/python3.12/site-packages/airflow/example_dags/example_branch_operator.py for tasks to queue
[2024-10-18T11:00:40.747+0000] {logging_mixin.py:190} INFO - [2024-10-18T11:00:40.747+0000] {dagbag.py:588} INFO - Filling up the DagBag from /home/airflow/.local/lib/python3.12/site-packages/airflow/example_dags/example_branch_operator.py
[2024-10-18T11:00:40.763+0000] {processor.py:925} INFO - DAG(s) 'example_branch_operator' retrieved from /home/airflow/.local/lib/python3.12/site-packages/airflow/example_dags/example_branch_operator.py
[2024-10-18T11:00:40.790+0000] {logging_mixin.py:190} INFO - [2024-10-18T11:00:40.789+0000] {dag.py:3239} INFO - Sync 1 DAGs
[2024-10-18T11:00:40.811+0000] {logging_mixin.py:190} INFO - [2024-10-18T11:00:40.811+0000] {dag.py:4180} INFO - Setting next_dagrun for example_branch_operator to 2024-10-17 00:00:00+00:00, run_after=2024-10-18 00:00:00+00:00
[2024-10-18T11:00:40.830+0000] {processor.py:208} INFO - Processing /home/airflow/.local/lib/python3.12/site-packages/airflow/example_dags/example_branch_operator.py took 0.094 seconds
[2024-10-18T11:01:11.156+0000] {processor.py:186} INFO - Started process (PID=2986) to work on /home/airflow/.local/lib/python3.12/site-packages/airflow/example_dags/example_branch_operator.py
[2024-10-18T11:01:11.157+0000] {processor.py:914} INFO - Processing file /home/airflow/.local/lib/python3.12/site-packages/airflow/example_dags/example_branch_operator.py for tasks to queue
[2024-10-18T11:01:11.159+0000] {logging_mixin.py:190} INFO - [2024-10-18T11:01:11.159+0000] {dagbag.py:588} INFO - Filling up the DagBag from /home/airflow/.local/lib/python3.12/site-packages/airflow/example_dags/example_branch_operator.py
[2024-10-18T11:01:11.176+0000] {processor.py:925} INFO - DAG(s) 'example_branch_operator' retrieved from /home/airflow/.local/lib/python3.12/site-packages/airflow/example_dags/example_branch_operator.py
[2024-10-18T11:01:11.202+0000] {logging_mixin.py:190} INFO - [2024-10-18T11:01:11.201+0000] {dag.py:3239} INFO - Sync 1 DAGs
[2024-10-18T11:01:11.225+0000] {logging_mixin.py:190} INFO - [2024-10-18T11:01:11.225+0000] {dag.py:4180} INFO - Setting next_dagrun for example_branch_operator to 2024-10-17 00:00:00+00:00, run_after=2024-10-18 00:00:00+00:00
[2024-10-18T11:01:11.245+0000] {processor.py:208} INFO - Processing /home/airflow/.local/lib/python3.12/site-packages/airflow/example_dags/example_branch_operator.py took 0.094 seconds
[2024-10-18T11:01:41.729+0000] {processor.py:186} INFO - Started process (PID=3272) to work on /home/airflow/.local/lib/python3.12/site-packages/airflow/example_dags/example_branch_operator.py
[2024-10-18T11:01:41.730+0000] {processor.py:914} INFO - Processing file /home/airflow/.local/lib/python3.12/site-packages/airflow/example_dags/example_branch_operator.py for tasks to queue
[2024-10-18T11:01:41.732+0000] {logging_mixin.py:190} INFO - [2024-10-18T11:01:41.731+0000] {dagbag.py:588} INFO - Filling up the DagBag from /home/airflow/.local/lib/python3.12/site-packages/airflow/example_dags/example_branch_operator.py
[2024-10-18T11:01:41.748+0000] {processor.py:925} INFO - DAG(s) 'example_branch_operator' retrieved from /home/airflow/.local/lib/python3.12/site-packages/airflow/example_dags/example_branch_operator.py
[2024-10-18T11:01:41.774+0000] {logging_mixin.py:190} INFO - [2024-10-18T11:01:41.774+0000] {dag.py:3239} INFO - Sync 1 DAGs
[2024-10-18T11:01:41.796+0000] {logging_mixin.py:190} INFO - [2024-10-18T11:01:41.796+0000] {dag.py:4180} INFO - Setting next_dagrun for example_branch_operator to 2024-10-17 00:00:00+00:00, run_after=2024-10-18 00:00:00+00:00
[2024-10-18T11:01:41.815+0000] {processor.py:208} INFO - Processing /home/airflow/.local/lib/python3.12/site-packages/airflow/example_dags/example_branch_operator.py took 0.092 seconds
[2024-10-18T11:02:12.210+0000] {processor.py:186} INFO - Started process (PID=3558) to work on /home/airflow/.local/lib/python3.12/site-packages/airflow/example_dags/example_branch_operator.py
[2024-10-18T11:02:12.211+0000] {processor.py:914} INFO - Processing file /home/airflow/.local/lib/python3.12/site-packages/airflow/example_dags/example_branch_operator.py for tasks to queue
[2024-10-18T11:02:12.213+0000] {logging_mixin.py:190} INFO - [2024-10-18T11:02:12.213+0000] {dagbag.py:588} INFO - Filling up the DagBag from /home/airflow/.local/lib/python3.12/site-packages/airflow/example_dags/example_branch_operator.py
[2024-10-18T11:02:12.230+0000] {processor.py:925} INFO - DAG(s) 'example_branch_operator' retrieved from /home/airflow/.local/lib/python3.12/site-packages/airflow/example_dags/example_branch_operator.py
[2024-10-18T11:02:12.257+0000] {logging_mixin.py:190} INFO - [2024-10-18T11:02:12.256+0000] {dag.py:3239} INFO - Sync 1 DAGs
[2024-10-18T11:02:12.279+0000] {logging_mixin.py:190} INFO - [2024-10-18T11:02:12.279+0000] {dag.py:4180} INFO - Setting next_dagrun for example_branch_operator to 2024-10-17 00:00:00+00:00, run_after=2024-10-18 00:00:00+00:00
[2024-10-18T11:02:12.298+0000] {processor.py:208} INFO - Processing /home/airflow/.local/lib/python3.12/site-packages/airflow/example_dags/example_branch_operator.py took 0.092 seconds
[2024-10-18T11:02:42.677+0000] {processor.py:186} INFO - Started process (PID=3844) to work on /home/airflow/.local/lib/python3.12/site-packages/airflow/example_dags/example_branch_operator.py
[2024-10-18T11:02:42.678+0000] {processor.py:914} INFO - Processing file /home/airflow/.local/lib/python3.12/site-packages/airflow/example_dags/example_branch_operator.py for tasks to queue
[2024-10-18T11:02:42.680+0000] {logging_mixin.py:190} INFO - [2024-10-18T11:02:42.680+0000] {dagbag.py:588} INFO - Filling up the DagBag from /home/airflow/.local/lib/python3.12/site-packages/airflow/example_dags/example_branch_operator.py
[2024-10-18T11:02:42.696+0000] {processor.py:925} INFO - DAG(s) 'example_branch_operator' retrieved from /home/airflow/.local/lib/python3.12/site-packages/airflow/example_dags/example_branch_operator.py
[2024-10-18T11:02:42.721+0000] {logging_mixin.py:190} INFO - [2024-10-18T11:02:42.721+0000] {dag.py:3239} INFO - Sync 1 DAGs
[2024-10-18T11:02:42.743+0000] {logging_mixin.py:190} INFO - [2024-10-18T11:02:42.743+0000] {dag.py:4180} INFO - Setting next_dagrun for example_branch_operator to 2024-10-17 00:00:00+00:00, run_after=2024-10-18 00:00:00+00:00
[2024-10-18T11:02:42.763+0000] {processor.py:208} INFO - Processing /home/airflow/.local/lib/python3.12/site-packages/airflow/example_dags/example_branch_operator.py took 0.091 seconds
[2024-10-18T11:03:12.981+0000] {processor.py:186} INFO - Started process (PID=4130) to work on /home/airflow/.local/lib/python3.12/site-packages/airflow/example_dags/example_branch_operator.py
[2024-10-18T11:03:12.982+0000] {processor.py:914} INFO - Processing file /home/airflow/.local/lib/python3.12/site-packages/airflow/example_dags/example_branch_operator.py for tasks to queue
[2024-10-18T11:03:12.984+0000] {logging_mixin.py:190} INFO - [2024-10-18T11:03:12.984+0000] {dagbag.py:588} INFO - Filling up the DagBag from /home/airflow/.local/lib/python3.12/site-packages/airflow/example_dags/example_branch_operator.py
[2024-10-18T11:03:13.000+0000] {processor.py:925} INFO - DAG(s) 'example_branch_operator' retrieved from /home/airflow/.local/lib/python3.12/site-packages/airflow/example_dags/example_branch_operator.py
[2024-10-18T11:03:13.026+0000] {logging_mixin.py:190} INFO - [2024-10-18T11:03:13.026+0000] {dag.py:3239} INFO - Sync 1 DAGs
[2024-10-18T11:03:13.048+0000] {logging_mixin.py:190} INFO - [2024-10-18T11:03:13.048+0000] {dag.py:4180} INFO - Setting next_dagrun for example_branch_operator to 2024-10-17 00:00:00+00:00, run_after=2024-10-18 00:00:00+00:00
[2024-10-18T11:03:13.067+0000] {processor.py:208} INFO - Processing /home/airflow/.local/lib/python3.12/site-packages/airflow/example_dags/example_branch_operator.py took 0.091 seconds
[2024-10-18T11:03:43.439+0000] {processor.py:186} INFO - Started process (PID=4416) to work on /home/airflow/.local/lib/python3.12/site-packages/airflow/example_dags/example_branch_operator.py
[2024-10-18T11:03:43.439+0000] {processor.py:914} INFO - Processing file /home/airflow/.local/lib/python3.12/site-packages/airflow/example_dags/example_branch_operator.py for tasks to queue
[2024-10-18T11:03:43.441+0000] {logging_mixin.py:190} INFO - [2024-10-18T11:03:43.441+0000] {dagbag.py:588} INFO - Filling up the DagBag from /home/airflow/.local/lib/python3.12/site-packages/airflow/example_dags/example_branch_operator.py
[2024-10-18T11:03:43.457+0000] {processor.py:925} INFO - DAG(s) 'example_branch_operator' retrieved from /home/airflow/.local/lib/python3.12/site-packages/airflow/example_dags/example_branch_operator.py
[2024-10-18T11:03:43.482+0000] {logging_mixin.py:190} INFO - [2024-10-18T11:03:43.482+0000] {dag.py:3239} INFO - Sync 1 DAGs
[2024-10-18T11:03:43.505+0000] {logging_mixin.py:190} INFO - [2024-10-18T11:03:43.505+0000] {dag.py:4180} INFO - Setting next_dagrun for example_branch_operator to 2024-10-17 00:00:00+00:00, run_after=2024-10-18 00:00:00+00:00
[2024-10-18T11:03:43.523+0000] {processor.py:208} INFO - Processing /home/airflow/.local/lib/python3.12/site-packages/airflow/example_dags/example_branch_operator.py took 0.089 seconds
[2024-10-18T11:04:13.683+0000] {processor.py:186} INFO - Started process (PID=4702) to work on /home/airflow/.local/lib/python3.12/site-packages/airflow/example_dags/example_branch_operator.py
[2024-10-18T11:04:13.684+0000] {processor.py:914} INFO - Processing file /home/airflow/.local/lib/python3.12/site-packages/airflow/example_dags/example_branch_operator.py for tasks to queue
[2024-10-18T11:04:13.686+0000] {logging_mixin.py:190} INFO - [2024-10-18T11:04:13.685+0000] {dagbag.py:588} INFO - Filling up the DagBag from /home/airflow/.local/lib/python3.12/site-packages/airflow/example_dags/example_branch_operator.py
[2024-10-18T11:04:13.702+0000] {processor.py:925} INFO - DAG(s) 'example_branch_operator' retrieved from /home/airflow/.local/lib/python3.12/site-packages/airflow/example_dags/example_branch_operator.py
[2024-10-18T11:04:13.728+0000] {logging_mixin.py:190} INFO - [2024-10-18T11:04:13.728+0000] {dag.py:3239} INFO - Sync 1 DAGs
[2024-10-18T11:04:13.749+0000] {logging_mixin.py:190} INFO - [2024-10-18T11:04:13.749+0000] {dag.py:4180} INFO - Setting next_dagrun for example_branch_operator to 2024-10-17 00:00:00+00:00, run_after=2024-10-18 00:00:00+00:00
[2024-10-18T11:04:13.767+0000] {processor.py:208} INFO - Processing /home/airflow/.local/lib/python3.12/site-packages/airflow/example_dags/example_branch_operator.py took 0.089 seconds
[2024-10-18T11:04:43.932+0000] {processor.py:186} INFO - Started process (PID=4988) to work on /home/airflow/.local/lib/python3.12/site-packages/airflow/example_dags/example_branch_operator.py
[2024-10-18T11:04:43.933+0000] {processor.py:914} INFO - Processing file /home/airflow/.local/lib/python3.12/site-packages/airflow/example_dags/example_branch_operator.py for tasks to queue
[2024-10-18T11:04:43.935+0000] {logging_mixin.py:190} INFO - [2024-10-18T11:04:43.934+0000] {dagbag.py:588} INFO - Filling up the DagBag from /home/airflow/.local/lib/python3.12/site-packages/airflow/example_dags/example_branch_operator.py
[2024-10-18T11:04:43.951+0000] {processor.py:925} INFO - DAG(s) 'example_branch_operator' retrieved from /home/airflow/.local/lib/python3.12/site-packages/airflow/example_dags/example_branch_operator.py
[2024-10-18T11:04:43.977+0000] {logging_mixin.py:190} INFO - [2024-10-18T11:04:43.977+0000] {dag.py:3239} INFO - Sync 1 DAGs
[2024-10-18T11:04:43.999+0000] {logging_mixin.py:190} INFO - [2024-10-18T11:04:43.998+0000] {dag.py:4180} INFO - Setting next_dagrun for example_branch_operator to 2024-10-17 00:00:00+00:00, run_after=2024-10-18 00:00:00+00:00
[2024-10-18T11:04:44.018+0000] {processor.py:208} INFO - Processing /home/airflow/.local/lib/python3.12/site-packages/airflow/example_dags/example_branch_operator.py took 0.090 seconds
[2024-10-18T11:05:14.209+0000] {processor.py:186} INFO - Started process (PID=5274) to work on /home/airflow/.local/lib/python3.12/site-packages/airflow/example_dags/example_branch_operator.py
[2024-10-18T11:05:14.210+0000] {processor.py:914} INFO - Processing file /home/airflow/.local/lib/python3.12/site-packages/airflow/example_dags/example_branch_operator.py for tasks to queue
[2024-10-18T11:05:14.212+0000] {logging_mixin.py:190} INFO - [2024-10-18T11:05:14.212+0000] {dagbag.py:588} INFO - Filling up the DagBag from /home/airflow/.local/lib/python3.12/site-packages/airflow/example_dags/example_branch_operator.py
[2024-10-18T11:05:14.229+0000] {processor.py:925} INFO - DAG(s) 'example_branch_operator' retrieved from /home/airflow/.local/lib/python3.12/site-packages/airflow/example_dags/example_branch_operator.py
[2024-10-18T11:05:14.258+0000] {logging_mixin.py:190} INFO - [2024-10-18T11:05:14.257+0000] {dag.py:3239} INFO - Sync 1 DAGs
[2024-10-18T11:05:14.281+0000] {logging_mixin.py:190} INFO - [2024-10-18T11:05:14.281+0000] {dag.py:4180} INFO - Setting next_dagrun for example_branch_operator to 2024-10-17 00:00:00+00:00, run_after=2024-10-18 00:00:00+00:00
[2024-10-18T11:05:14.300+0000] {processor.py:208} INFO - Processing /home/airflow/.local/lib/python3.12/site-packages/airflow/example_dags/example_branch_operator.py took 0.096 seconds
[2024-10-18T11:05:44.502+0000] {processor.py:186} INFO - Started process (PID=5560) to work on /home/airflow/.local/lib/python3.12/site-packages/airflow/example_dags/example_branch_operator.py
[2024-10-18T11:05:44.503+0000] {processor.py:914} INFO - Processing file /home/airflow/.local/lib/python3.12/site-packages/airflow/example_dags/example_branch_operator.py for tasks to queue
[2024-10-18T11:05:44.505+0000] {logging_mixin.py:190} INFO - [2024-10-18T11:05:44.505+0000] {dagbag.py:588} INFO - Filling up the DagBag from /home/airflow/.local/lib/python3.12/site-packages/airflow/example_dags/example_branch_operator.py
[2024-10-18T11:05:44.521+0000] {processor.py:925} INFO - DAG(s) 'example_branch_operator' retrieved from /home/airflow/.local/lib/python3.12/site-packages/airflow/example_dags/example_branch_operator.py
[2024-10-18T11:05:44.547+0000] {logging_mixin.py:190} INFO - [2024-10-18T11:05:44.546+0000] {dag.py:3239} INFO - Sync 1 DAGs
[2024-10-18T11:05:44.569+0000] {logging_mixin.py:190} INFO - [2024-10-18T11:05:44.568+0000] {dag.py:4180} INFO - Setting next_dagrun for example_branch_operator to 2024-10-17 00:00:00+00:00, run_after=2024-10-18 00:00:00+00:00
[2024-10-18T11:05:44.587+0000] {processor.py:208} INFO - Processing /home/airflow/.local/lib/python3.12/site-packages/airflow/example_dags/example_branch_operator.py took 0.090 seconds
[2024-10-18T11:06:14.926+0000] {processor.py:186} INFO - Started process (PID=5846) to work on /home/airflow/.local/lib/python3.12/site-packages/airflow/example_dags/example_branch_operator.py
[2024-10-18T11:06:14.927+0000] {processor.py:914} INFO - Processing file /home/airflow/.local/lib/python3.12/site-packages/airflow/example_dags/example_branch_operator.py for tasks to queue
[2024-10-18T11:06:14.930+0000] {logging_mixin.py:190} INFO - [2024-10-18T11:06:14.929+0000] {dagbag.py:588} INFO - Filling up the DagBag from /home/airflow/.local/lib/python3.12/site-packages/airflow/example_dags/example_branch_operator.py
[2024-10-18T11:06:14.946+0000] {processor.py:925} INFO - DAG(s) 'example_branch_operator' retrieved from /home/airflow/.local/lib/python3.12/site-packages/airflow/example_dags/example_branch_operator.py
[2024-10-18T11:06:14.971+0000] {logging_mixin.py:190} INFO - [2024-10-18T11:06:14.971+0000] {dag.py:3239} INFO - Sync 1 DAGs
[2024-10-18T11:06:14.993+0000] {logging_mixin.py:190} INFO - [2024-10-18T11:06:14.993+0000] {dag.py:4180} INFO - Setting next_dagrun for example_branch_operator to 2024-10-17 00:00:00+00:00, run_after=2024-10-18 00:00:00+00:00
[2024-10-18T11:06:15.012+0000] {processor.py:208} INFO - Processing /home/airflow/.local/lib/python3.12/site-packages/airflow/example_dags/example_branch_operator.py took 0.091 seconds
[2024-10-18T11:06:45.358+0000] {processor.py:186} INFO - Started process (PID=6132) to work on /home/airflow/.local/lib/python3.12/site-packages/airflow/example_dags/example_branch_operator.py
[2024-10-18T11:06:45.359+0000] {processor.py:914} INFO - Processing file /home/airflow/.local/lib/python3.12/site-packages/airflow/example_dags/example_branch_operator.py for tasks to queue
[2024-10-18T11:06:45.361+0000] {logging_mixin.py:190} INFO - [2024-10-18T11:06:45.360+0000] {dagbag.py:588} INFO - Filling up the DagBag from /home/airflow/.local/lib/python3.12/site-packages/airflow/example_dags/example_branch_operator.py
[2024-10-18T11:06:45.377+0000] {processor.py:925} INFO - DAG(s) 'example_branch_operator' retrieved from /home/airflow/.local/lib/python3.12/site-packages/airflow/example_dags/example_branch_operator.py
[2024-10-18T11:06:45.402+0000] {logging_mixin.py:190} INFO - [2024-10-18T11:06:45.402+0000] {dag.py:3239} INFO - Sync 1 DAGs
[2024-10-18T11:06:45.424+0000] {logging_mixin.py:190} INFO - [2024-10-18T11:06:45.424+0000] {dag.py:4180} INFO - Setting next_dagrun for example_branch_operator to 2024-10-17 00:00:00+00:00, run_after=2024-10-18 00:00:00+00:00
[2024-10-18T11:06:45.442+0000] {processor.py:208} INFO - Processing /home/airflow/.local/lib/python3.12/site-packages/airflow/example_dags/example_branch_operator.py took 0.089 seconds
[2024-10-18T11:07:15.622+0000] {processor.py:186} INFO - Started process (PID=6418) to work on /home/airflow/.local/lib/python3.12/site-packages/airflow/example_dags/example_branch_operator.py
[2024-10-18T11:07:15.623+0000] {processor.py:914} INFO - Processing file /home/airflow/.local/lib/python3.12/site-packages/airflow/example_dags/example_branch_operator.py for tasks to queue
[2024-10-18T11:07:15.625+0000] {logging_mixin.py:190} INFO - [2024-10-18T11:07:15.625+0000] {dagbag.py:588} INFO - Filling up the DagBag from /home/airflow/.local/lib/python3.12/site-packages/airflow/example_dags/example_branch_operator.py
[2024-10-18T11:07:15.641+0000] {processor.py:925} INFO - DAG(s) 'example_branch_operator' retrieved from /home/airflow/.local/lib/python3.12/site-packages/airflow/example_dags/example_branch_operator.py
[2024-10-18T11:07:15.667+0000] {logging_mixin.py:190} INFO - [2024-10-18T11:07:15.667+0000] {dag.py:3239} INFO - Sync 1 DAGs
[2024-10-18T11:07:15.689+0000] {logging_mixin.py:190} INFO - [2024-10-18T11:07:15.689+0000] {dag.py:4180} INFO - Setting next_dagrun for example_branch_operator to 2024-10-17 00:00:00+00:00, run_after=2024-10-18 00:00:00+00:00
[2024-10-18T11:07:15.709+0000] {processor.py:208} INFO - Processing /home/airflow/.local/lib/python3.12/site-packages/airflow/example_dags/example_branch_operator.py took 0.091 seconds
[2024-10-18T11:07:46.016+0000] {processor.py:186} INFO - Started process (PID=6704) to work on /home/airflow/.local/lib/python3.12/site-packages/airflow/example_dags/example_branch_operator.py
[2024-10-18T11:07:46.017+0000] {processor.py:914} INFO - Processing file /home/airflow/.local/lib/python3.12/site-packages/airflow/example_dags/example_branch_operator.py for tasks to queue
[2024-10-18T11:07:46.019+0000] {logging_mixin.py:190} INFO - [2024-10-18T11:07:46.019+0000] {dagbag.py:588} INFO - Filling up the DagBag from /home/airflow/.local/lib/python3.12/site-packages/airflow/example_dags/example_branch_operator.py
[2024-10-18T11:07:46.037+0000] {processor.py:925} INFO - DAG(s) 'example_branch_operator' retrieved from /home/airflow/.local/lib/python3.12/site-packages/airflow/example_dags/example_branch_operator.py
[2024-10-18T11:07:46.062+0000] {logging_mixin.py:190} INFO - [2024-10-18T11:07:46.061+0000] {dag.py:3239} INFO - Sync 1 DAGs
[2024-10-18T11:07:46.084+0000] {logging_mixin.py:190} INFO - [2024-10-18T11:07:46.084+0000] {dag.py:4180} INFO - Setting next_dagrun for example_branch_operator to 2024-10-17 00:00:00+00:00, run_after=2024-10-18 00:00:00+00:00
[2024-10-18T11:07:46.103+0000] {processor.py:208} INFO - Processing /home/airflow/.local/lib/python3.12/site-packages/airflow/example_dags/example_branch_operator.py took 0.093 seconds
[2024-10-18T11:08:16.178+0000] {processor.py:186} INFO - Started process (PID=6990) to work on /home/airflow/.local/lib/python3.12/site-packages/airflow/example_dags/example_branch_operator.py
[2024-10-18T11:08:16.179+0000] {processor.py:914} INFO - Processing file /home/airflow/.local/lib/python3.12/site-packages/airflow/example_dags/example_branch_operator.py for tasks to queue
[2024-10-18T11:08:16.181+0000] {logging_mixin.py:190} INFO - [2024-10-18T11:08:16.180+0000] {dagbag.py:588} INFO - Filling up the DagBag from /home/airflow/.local/lib/python3.12/site-packages/airflow/example_dags/example_branch_operator.py
[2024-10-18T11:08:16.196+0000] {processor.py:925} INFO - DAG(s) 'example_branch_operator' retrieved from /home/airflow/.local/lib/python3.12/site-packages/airflow/example_dags/example_branch_operator.py
[2024-10-18T11:08:16.221+0000] {logging_mixin.py:190} INFO - [2024-10-18T11:08:16.221+0000] {dag.py:3239} INFO - Sync 1 DAGs
[2024-10-18T11:08:16.244+0000] {logging_mixin.py:190} INFO - [2024-10-18T11:08:16.243+0000] {dag.py:4180} INFO - Setting next_dagrun for example_branch_operator to 2024-10-17 00:00:00+00:00, run_after=2024-10-18 00:00:00+00:00
[2024-10-18T11:08:16.263+0000] {processor.py:208} INFO - Processing /home/airflow/.local/lib/python3.12/site-packages/airflow/example_dags/example_branch_operator.py took 0.090 seconds
[2024-10-18T11:08:46.456+0000] {processor.py:186} INFO - Started process (PID=7276) to work on /home/airflow/.local/lib/python3.12/site-packages/airflow/example_dags/example_branch_operator.py
[2024-10-18T11:08:46.457+0000] {processor.py:914} INFO - Processing file /home/airflow/.local/lib/python3.12/site-packages/airflow/example_dags/example_branch_operator.py for tasks to queue
[2024-10-18T11:08:46.459+0000] {logging_mixin.py:190} INFO - [2024-10-18T11:08:46.459+0000] {dagbag.py:588} INFO - Filling up the DagBag from /home/airflow/.local/lib/python3.12/site-packages/airflow/example_dags/example_branch_operator.py
[2024-10-18T11:08:46.475+0000] {processor.py:925} INFO - DAG(s) 'example_branch_operator' retrieved from /home/airflow/.local/lib/python3.12/site-packages/airflow/example_dags/example_branch_operator.py
[2024-10-18T11:08:46.501+0000] {logging_mixin.py:190} INFO - [2024-10-18T11:08:46.501+0000] {dag.py:3239} INFO - Sync 1 DAGs
[2024-10-18T11:08:46.523+0000] {logging_mixin.py:190} INFO - [2024-10-18T11:08:46.523+0000] {dag.py:4180} INFO - Setting next_dagrun for example_branch_operator to 2024-10-17 00:00:00+00:00, run_after=2024-10-18 00:00:00+00:00
[2024-10-18T11:08:46.544+0000] {processor.py:208} INFO - Processing /home/airflow/.local/lib/python3.12/site-packages/airflow/example_dags/example_branch_operator.py took 0.092 seconds
[2024-10-18T11:09:16.811+0000] {processor.py:186} INFO - Started process (PID=7562) to work on /home/airflow/.local/lib/python3.12/site-packages/airflow/example_dags/example_branch_operator.py
[2024-10-18T11:09:16.812+0000] {processor.py:914} INFO - Processing file /home/airflow/.local/lib/python3.12/site-packages/airflow/example_dags/example_branch_operator.py for tasks to queue
[2024-10-18T11:09:16.814+0000] {logging_mixin.py:190} INFO - [2024-10-18T11:09:16.814+0000] {dagbag.py:588} INFO - Filling up the DagBag from /home/airflow/.local/lib/python3.12/site-packages/airflow/example_dags/example_branch_operator.py
[2024-10-18T11:09:16.830+0000] {processor.py:925} INFO - DAG(s) 'example_branch_operator' retrieved from /home/airflow/.local/lib/python3.12/site-packages/airflow/example_dags/example_branch_operator.py
[2024-10-18T11:09:16.855+0000] {logging_mixin.py:190} INFO - [2024-10-18T11:09:16.855+0000] {dag.py:3239} INFO - Sync 1 DAGs
[2024-10-18T11:09:16.877+0000] {logging_mixin.py:190} INFO - [2024-10-18T11:09:16.876+0000] {dag.py:4180} INFO - Setting next_dagrun for example_branch_operator to 2024-10-17 00:00:00+00:00, run_after=2024-10-18 00:00:00+00:00
[2024-10-18T11:09:16.896+0000] {processor.py:208} INFO - Processing /home/airflow/.local/lib/python3.12/site-packages/airflow/example_dags/example_branch_operator.py took 0.089 seconds
[2024-10-18T11:09:47.085+0000] {processor.py:186} INFO - Started process (PID=7848) to work on /home/airflow/.local/lib/python3.12/site-packages/airflow/example_dags/example_branch_operator.py
[2024-10-18T11:09:47.086+0000] {processor.py:914} INFO - Processing file /home/airflow/.local/lib/python3.12/site-packages/airflow/example_dags/example_branch_operator.py for tasks to queue
[2024-10-18T11:09:47.088+0000] {logging_mixin.py:190} INFO - [2024-10-18T11:09:47.088+0000] {dagbag.py:588} INFO - Filling up the DagBag from /home/airflow/.local/lib/python3.12/site-packages/airflow/example_dags/example_branch_operator.py
[2024-10-18T11:09:47.105+0000] {processor.py:925} INFO - DAG(s) 'example_branch_operator' retrieved from /home/airflow/.local/lib/python3.12/site-packages/airflow/example_dags/example_branch_operator.py
[2024-10-18T11:09:47.131+0000] {logging_mixin.py:190} INFO - [2024-10-18T11:09:47.130+0000] {dag.py:3239} INFO - Sync 1 DAGs
[2024-10-18T11:09:47.152+0000] {logging_mixin.py:190} INFO - [2024-10-18T11:09:47.152+0000] {dag.py:4180} INFO - Setting next_dagrun for example_branch_operator to 2024-10-17 00:00:00+00:00, run_after=2024-10-18 00:00:00+00:00
[2024-10-18T11:09:47.171+0000] {processor.py:208} INFO - Processing /home/airflow/.local/lib/python3.12/site-packages/airflow/example_dags/example_branch_operator.py took 0.090 seconds
[2024-10-18T11:10:17.495+0000] {processor.py:186} INFO - Started process (PID=8134) to work on /home/airflow/.local/lib/python3.12/site-packages/airflow/example_dags/example_branch_operator.py
[2024-10-18T11:10:17.496+0000] {processor.py:914} INFO - Processing file /home/airflow/.local/lib/python3.12/site-packages/airflow/example_dags/example_branch_operator.py for tasks to queue
[2024-10-18T11:10:17.498+0000] {logging_mixin.py:190} INFO - [2024-10-18T11:10:17.498+0000] {dagbag.py:588} INFO - Filling up the DagBag from /home/airflow/.local/lib/python3.12/site-packages/airflow/example_dags/example_branch_operator.py
[2024-10-18T11:10:17.515+0000] {processor.py:925} INFO - DAG(s) 'example_branch_operator' retrieved from /home/airflow/.local/lib/python3.12/site-packages/airflow/example_dags/example_branch_operator.py
[2024-10-18T11:10:17.541+0000] {logging_mixin.py:190} INFO - [2024-10-18T11:10:17.540+0000] {dag.py:3239} INFO - Sync 1 DAGs
[2024-10-18T11:10:17.563+0000] {logging_mixin.py:190} INFO - [2024-10-18T11:10:17.563+0000] {dag.py:4180} INFO - Setting next_dagrun for example_branch_operator to 2024-10-17 00:00:00+00:00, run_after=2024-10-18 00:00:00+00:00
[2024-10-18T11:10:17.583+0000] {processor.py:208} INFO - Processing /home/airflow/.local/lib/python3.12/site-packages/airflow/example_dags/example_branch_operator.py took 0.092 seconds
[2024-10-18T11:10:47.841+0000] {processor.py:186} INFO - Started process (PID=8421) to work on /home/airflow/.local/lib/python3.12/site-packages/airflow/example_dags/example_branch_operator.py
[2024-10-18T11:10:47.844+0000] {processor.py:914} INFO - Processing file /home/airflow/.local/lib/python3.12/site-packages/airflow/example_dags/example_branch_operator.py for tasks to queue
[2024-10-18T11:10:47.847+0000] {logging_mixin.py:190} INFO - [2024-10-18T11:10:47.847+0000] {dagbag.py:588} INFO - Filling up the DagBag from /home/airflow/.local/lib/python3.12/site-packages/airflow/example_dags/example_branch_operator.py
[2024-10-18T11:10:47.892+0000] {processor.py:925} INFO - DAG(s) 'example_branch_operator' retrieved from /home/airflow/.local/lib/python3.12/site-packages/airflow/example_dags/example_branch_operator.py
[2024-10-18T11:10:47.987+0000] {logging_mixin.py:190} INFO - [2024-10-18T11:10:47.984+0000] {dag.py:3239} INFO - Sync 1 DAGs
[2024-10-18T11:10:48.042+0000] {logging_mixin.py:190} INFO - [2024-10-18T11:10:48.041+0000] {dag.py:4180} INFO - Setting next_dagrun for example_branch_operator to 2024-10-17 00:00:00+00:00, run_after=2024-10-18 00:00:00+00:00
[2024-10-18T11:10:48.081+0000] {processor.py:208} INFO - Processing /home/airflow/.local/lib/python3.12/site-packages/airflow/example_dags/example_branch_operator.py took 0.258 seconds
[2024-10-18T11:11:19.001+0000] {processor.py:186} INFO - Started process (PID=8708) to work on /home/airflow/.local/lib/python3.12/site-packages/airflow/example_dags/example_branch_operator.py
[2024-10-18T11:11:19.002+0000] {processor.py:914} INFO - Processing file /home/airflow/.local/lib/python3.12/site-packages/airflow/example_dags/example_branch_operator.py for tasks to queue
[2024-10-18T11:11:19.005+0000] {logging_mixin.py:190} INFO - [2024-10-18T11:11:19.005+0000] {dagbag.py:588} INFO - Filling up the DagBag from /home/airflow/.local/lib/python3.12/site-packages/airflow/example_dags/example_branch_operator.py
[2024-10-18T11:11:19.025+0000] {processor.py:925} INFO - DAG(s) 'example_branch_operator' retrieved from /home/airflow/.local/lib/python3.12/site-packages/airflow/example_dags/example_branch_operator.py
[2024-10-18T11:11:19.050+0000] {logging_mixin.py:190} INFO - [2024-10-18T11:11:19.050+0000] {dag.py:3239} INFO - Sync 1 DAGs
[2024-10-18T11:11:19.073+0000] {logging_mixin.py:190} INFO - [2024-10-18T11:11:19.072+0000] {dag.py:4180} INFO - Setting next_dagrun for example_branch_operator to 2024-10-17 00:00:00+00:00, run_after=2024-10-18 00:00:00+00:00
[2024-10-18T11:11:19.091+0000] {processor.py:208} INFO - Processing /home/airflow/.local/lib/python3.12/site-packages/airflow/example_dags/example_branch_operator.py took 0.097 seconds
[2024-10-18T11:11:49.493+0000] {processor.py:186} INFO - Started process (PID=8994) to work on /home/airflow/.local/lib/python3.12/site-packages/airflow/example_dags/example_branch_operator.py
[2024-10-18T11:11:49.495+0000] {processor.py:914} INFO - Processing file /home/airflow/.local/lib/python3.12/site-packages/airflow/example_dags/example_branch_operator.py for tasks to queue
[2024-10-18T11:11:49.500+0000] {logging_mixin.py:190} INFO - [2024-10-18T11:11:49.499+0000] {dagbag.py:588} INFO - Filling up the DagBag from /home/airflow/.local/lib/python3.12/site-packages/airflow/example_dags/example_branch_operator.py
[2024-10-18T11:11:49.528+0000] {processor.py:925} INFO - DAG(s) 'example_branch_operator' retrieved from /home/airflow/.local/lib/python3.12/site-packages/airflow/example_dags/example_branch_operator.py
[2024-10-18T11:11:49.570+0000] {logging_mixin.py:190} INFO - [2024-10-18T11:11:49.569+0000] {dag.py:3239} INFO - Sync 1 DAGs
[2024-10-18T11:11:49.605+0000] {logging_mixin.py:190} INFO - [2024-10-18T11:11:49.605+0000] {dag.py:4180} INFO - Setting next_dagrun for example_branch_operator to 2024-10-17 00:00:00+00:00, run_after=2024-10-18 00:00:00+00:00
[2024-10-18T11:11:49.628+0000] {processor.py:208} INFO - Processing /home/airflow/.local/lib/python3.12/site-packages/airflow/example_dags/example_branch_operator.py took 0.144 seconds
[2024-10-18T11:12:20.092+0000] {processor.py:186} INFO - Started process (PID=9285) to work on /home/airflow/.local/lib/python3.12/site-packages/airflow/example_dags/example_branch_operator.py
[2024-10-18T11:12:20.093+0000] {processor.py:914} INFO - Processing file /home/airflow/.local/lib/python3.12/site-packages/airflow/example_dags/example_branch_operator.py for tasks to queue
[2024-10-18T11:12:20.095+0000] {logging_mixin.py:190} INFO - [2024-10-18T11:12:20.095+0000] {dagbag.py:588} INFO - Filling up the DagBag from /home/airflow/.local/lib/python3.12/site-packages/airflow/example_dags/example_branch_operator.py
[2024-10-18T11:12:20.112+0000] {processor.py:925} INFO - DAG(s) 'example_branch_operator' retrieved from /home/airflow/.local/lib/python3.12/site-packages/airflow/example_dags/example_branch_operator.py
[2024-10-18T11:12:20.149+0000] {logging_mixin.py:190} INFO - [2024-10-18T11:12:20.149+0000] {dag.py:3239} INFO - Sync 1 DAGs
[2024-10-18T11:12:20.181+0000] {logging_mixin.py:190} INFO - [2024-10-18T11:12:20.180+0000] {dag.py:4180} INFO - Setting next_dagrun for example_branch_operator to 2024-10-17 00:00:00+00:00, run_after=2024-10-18 00:00:00+00:00
[2024-10-18T11:12:20.204+0000] {processor.py:208} INFO - Processing /home/airflow/.local/lib/python3.12/site-packages/airflow/example_dags/example_branch_operator.py took 0.118 seconds
[2024-10-18T11:12:50.773+0000] {processor.py:186} INFO - Started process (PID=9572) to work on /home/airflow/.local/lib/python3.12/site-packages/airflow/example_dags/example_branch_operator.py
[2024-10-18T11:12:50.774+0000] {processor.py:914} INFO - Processing file /home/airflow/.local/lib/python3.12/site-packages/airflow/example_dags/example_branch_operator.py for tasks to queue
[2024-10-18T11:12:50.776+0000] {logging_mixin.py:190} INFO - [2024-10-18T11:12:50.776+0000] {dagbag.py:588} INFO - Filling up the DagBag from /home/airflow/.local/lib/python3.12/site-packages/airflow/example_dags/example_branch_operator.py
[2024-10-18T11:12:50.798+0000] {processor.py:925} INFO - DAG(s) 'example_branch_operator' retrieved from /home/airflow/.local/lib/python3.12/site-packages/airflow/example_dags/example_branch_operator.py
[2024-10-18T11:12:50.832+0000] {logging_mixin.py:190} INFO - [2024-10-18T11:12:50.832+0000] {dag.py:3239} INFO - Sync 1 DAGs
[2024-10-18T11:12:50.867+0000] {logging_mixin.py:190} INFO - [2024-10-18T11:12:50.867+0000] {dag.py:4180} INFO - Setting next_dagrun for example_branch_operator to 2024-10-17 00:00:00+00:00, run_after=2024-10-18 00:00:00+00:00
[2024-10-18T11:12:50.889+0000] {processor.py:208} INFO - Processing /home/airflow/.local/lib/python3.12/site-packages/airflow/example_dags/example_branch_operator.py took 0.122 seconds
[2024-10-18T11:13:20.957+0000] {processor.py:186} INFO - Started process (PID=9858) to work on /home/airflow/.local/lib/python3.12/site-packages/airflow/example_dags/example_branch_operator.py
[2024-10-18T11:13:20.958+0000] {processor.py:914} INFO - Processing file /home/airflow/.local/lib/python3.12/site-packages/airflow/example_dags/example_branch_operator.py for tasks to queue
[2024-10-18T11:13:20.960+0000] {logging_mixin.py:190} INFO - [2024-10-18T11:13:20.960+0000] {dagbag.py:588} INFO - Filling up the DagBag from /home/airflow/.local/lib/python3.12/site-packages/airflow/example_dags/example_branch_operator.py
[2024-10-18T11:13:20.982+0000] {processor.py:925} INFO - DAG(s) 'example_branch_operator' retrieved from /home/airflow/.local/lib/python3.12/site-packages/airflow/example_dags/example_branch_operator.py
[2024-10-18T11:13:21.023+0000] {logging_mixin.py:190} INFO - [2024-10-18T11:13:21.023+0000] {dag.py:3239} INFO - Sync 1 DAGs
[2024-10-18T11:13:21.052+0000] {logging_mixin.py:190} INFO - [2024-10-18T11:13:21.052+0000] {dag.py:4180} INFO - Setting next_dagrun for example_branch_operator to 2024-10-17 00:00:00+00:00, run_after=2024-10-18 00:00:00+00:00
[2024-10-18T11:13:21.070+0000] {processor.py:208} INFO - Processing /home/airflow/.local/lib/python3.12/site-packages/airflow/example_dags/example_branch_operator.py took 0.120 seconds
[2024-10-18T11:13:51.498+0000] {processor.py:186} INFO - Started process (PID=10144) to work on /home/airflow/.local/lib/python3.12/site-packages/airflow/example_dags/example_branch_operator.py
[2024-10-18T11:13:51.500+0000] {processor.py:914} INFO - Processing file /home/airflow/.local/lib/python3.12/site-packages/airflow/example_dags/example_branch_operator.py for tasks to queue
[2024-10-18T11:13:51.503+0000] {logging_mixin.py:190} INFO - [2024-10-18T11:13:51.503+0000] {dagbag.py:588} INFO - Filling up the DagBag from /home/airflow/.local/lib/python3.12/site-packages/airflow/example_dags/example_branch_operator.py
[2024-10-18T11:13:51.531+0000] {processor.py:925} INFO - DAG(s) 'example_branch_operator' retrieved from /home/airflow/.local/lib/python3.12/site-packages/airflow/example_dags/example_branch_operator.py
[2024-10-18T11:13:51.586+0000] {logging_mixin.py:190} INFO - [2024-10-18T11:13:51.585+0000] {dag.py:3239} INFO - Sync 1 DAGs
[2024-10-18T11:13:51.625+0000] {logging_mixin.py:190} INFO - [2024-10-18T11:13:51.625+0000] {dag.py:4180} INFO - Setting next_dagrun for example_branch_operator to 2024-10-17 00:00:00+00:00, run_after=2024-10-18 00:00:00+00:00
[2024-10-18T11:13:51.655+0000] {processor.py:208} INFO - Processing /home/airflow/.local/lib/python3.12/site-packages/airflow/example_dags/example_branch_operator.py took 0.166 seconds
[2024-10-18T11:14:21.880+0000] {processor.py:186} INFO - Started process (PID=10444) to work on /home/airflow/.local/lib/python3.12/site-packages/airflow/example_dags/example_branch_operator.py
[2024-10-18T11:14:21.881+0000] {processor.py:914} INFO - Processing file /home/airflow/.local/lib/python3.12/site-packages/airflow/example_dags/example_branch_operator.py for tasks to queue
[2024-10-18T11:14:21.883+0000] {logging_mixin.py:190} INFO - [2024-10-18T11:14:21.883+0000] {dagbag.py:588} INFO - Filling up the DagBag from /home/airflow/.local/lib/python3.12/site-packages/airflow/example_dags/example_branch_operator.py
[2024-10-18T11:14:21.900+0000] {processor.py:925} INFO - DAG(s) 'example_branch_operator' retrieved from /home/airflow/.local/lib/python3.12/site-packages/airflow/example_dags/example_branch_operator.py
[2024-10-18T11:14:21.928+0000] {logging_mixin.py:190} INFO - [2024-10-18T11:14:21.928+0000] {dag.py:3239} INFO - Sync 1 DAGs
[2024-10-18T11:14:21.955+0000] {logging_mixin.py:190} INFO - [2024-10-18T11:14:21.954+0000] {dag.py:4180} INFO - Setting next_dagrun for example_branch_operator to 2024-10-17 00:00:00+00:00, run_after=2024-10-18 00:00:00+00:00
[2024-10-18T11:14:21.977+0000] {processor.py:208} INFO - Processing /home/airflow/.local/lib/python3.12/site-packages/airflow/example_dags/example_branch_operator.py took 0.102 seconds
[2024-10-18T11:14:53.240+0000] {processor.py:186} INFO - Started process (PID=10738) to work on /home/airflow/.local/lib/python3.12/site-packages/airflow/example_dags/example_branch_operator.py
[2024-10-18T11:14:53.250+0000] {processor.py:914} INFO - Processing file /home/airflow/.local/lib/python3.12/site-packages/airflow/example_dags/example_branch_operator.py for tasks to queue
[2024-10-18T11:14:53.255+0000] {logging_mixin.py:190} INFO - [2024-10-18T11:14:53.254+0000] {dagbag.py:588} INFO - Filling up the DagBag from /home/airflow/.local/lib/python3.12/site-packages/airflow/example_dags/example_branch_operator.py
[2024-10-18T11:14:53.293+0000] {processor.py:925} INFO - DAG(s) 'example_branch_operator' retrieved from /home/airflow/.local/lib/python3.12/site-packages/airflow/example_dags/example_branch_operator.py
[2024-10-18T11:14:53.339+0000] {logging_mixin.py:190} INFO - [2024-10-18T11:14:53.339+0000] {dag.py:3239} INFO - Sync 1 DAGs
[2024-10-18T11:14:53.379+0000] {logging_mixin.py:190} INFO - [2024-10-18T11:14:53.379+0000] {dag.py:4180} INFO - Setting next_dagrun for example_branch_operator to 2024-10-17 00:00:00+00:00, run_after=2024-10-18 00:00:00+00:00
[2024-10-18T11:14:53.420+0000] {processor.py:208} INFO - Processing /home/airflow/.local/lib/python3.12/site-packages/airflow/example_dags/example_branch_operator.py took 0.191 seconds
[2024-10-18T11:15:23.870+0000] {processor.py:186} INFO - Started process (PID=11026) to work on /home/airflow/.local/lib/python3.12/site-packages/airflow/example_dags/example_branch_operator.py
[2024-10-18T11:15:23.871+0000] {processor.py:914} INFO - Processing file /home/airflow/.local/lib/python3.12/site-packages/airflow/example_dags/example_branch_operator.py for tasks to queue
[2024-10-18T11:15:23.873+0000] {logging_mixin.py:190} INFO - [2024-10-18T11:15:23.873+0000] {dagbag.py:588} INFO - Filling up the DagBag from /home/airflow/.local/lib/python3.12/site-packages/airflow/example_dags/example_branch_operator.py
[2024-10-18T11:15:23.890+0000] {processor.py:925} INFO - DAG(s) 'example_branch_operator' retrieved from /home/airflow/.local/lib/python3.12/site-packages/airflow/example_dags/example_branch_operator.py
[2024-10-18T11:15:23.916+0000] {logging_mixin.py:190} INFO - [2024-10-18T11:15:23.916+0000] {dag.py:3239} INFO - Sync 1 DAGs
[2024-10-18T11:15:23.938+0000] {logging_mixin.py:190} INFO - [2024-10-18T11:15:23.938+0000] {dag.py:4180} INFO - Setting next_dagrun for example_branch_operator to 2024-10-17 00:00:00+00:00, run_after=2024-10-18 00:00:00+00:00
[2024-10-18T11:15:23.957+0000] {processor.py:208} INFO - Processing /home/airflow/.local/lib/python3.12/site-packages/airflow/example_dags/example_branch_operator.py took 0.092 seconds
[2024-10-18T11:15:54.659+0000] {processor.py:186} INFO - Started process (PID=11315) to work on /home/airflow/.local/lib/python3.12/site-packages/airflow/example_dags/example_branch_operator.py
[2024-10-18T11:15:54.661+0000] {processor.py:914} INFO - Processing file /home/airflow/.local/lib/python3.12/site-packages/airflow/example_dags/example_branch_operator.py for tasks to queue
[2024-10-18T11:15:54.666+0000] {logging_mixin.py:190} INFO - [2024-10-18T11:15:54.665+0000] {dagbag.py:588} INFO - Filling up the DagBag from /home/airflow/.local/lib/python3.12/site-packages/airflow/example_dags/example_branch_operator.py
[2024-10-18T11:15:54.704+0000] {processor.py:925} INFO - DAG(s) 'example_branch_operator' retrieved from /home/airflow/.local/lib/python3.12/site-packages/airflow/example_dags/example_branch_operator.py
[2024-10-18T11:15:54.750+0000] {logging_mixin.py:190} INFO - [2024-10-18T11:15:54.749+0000] {dag.py:3239} INFO - Sync 1 DAGs
[2024-10-18T11:15:54.799+0000] {logging_mixin.py:190} INFO - [2024-10-18T11:15:54.799+0000] {dag.py:4180} INFO - Setting next_dagrun for example_branch_operator to 2024-10-17 00:00:00+00:00, run_after=2024-10-18 00:00:00+00:00
[2024-10-18T11:15:54.832+0000] {processor.py:208} INFO - Processing /home/airflow/.local/lib/python3.12/site-packages/airflow/example_dags/example_branch_operator.py took 0.187 seconds
[2024-10-18T11:16:25.731+0000] {processor.py:186} INFO - Started process (PID=11596) to work on /home/airflow/.local/lib/python3.12/site-packages/airflow/example_dags/example_branch_operator.py
[2024-10-18T11:16:25.733+0000] {processor.py:914} INFO - Processing file /home/airflow/.local/lib/python3.12/site-packages/airflow/example_dags/example_branch_operator.py for tasks to queue
[2024-10-18T11:16:25.737+0000] {logging_mixin.py:190} INFO - [2024-10-18T11:16:25.737+0000] {dagbag.py:588} INFO - Filling up the DagBag from /home/airflow/.local/lib/python3.12/site-packages/airflow/example_dags/example_branch_operator.py
[2024-10-18T11:16:25.776+0000] {processor.py:925} INFO - DAG(s) 'example_branch_operator' retrieved from /home/airflow/.local/lib/python3.12/site-packages/airflow/example_dags/example_branch_operator.py
[2024-10-18T11:16:25.824+0000] {logging_mixin.py:190} INFO - [2024-10-18T11:16:25.823+0000] {dag.py:3239} INFO - Sync 1 DAGs
[2024-10-18T11:16:25.890+0000] {logging_mixin.py:190} INFO - [2024-10-18T11:16:25.890+0000] {dag.py:4180} INFO - Setting next_dagrun for example_branch_operator to 2024-10-17 00:00:00+00:00, run_after=2024-10-18 00:00:00+00:00
[2024-10-18T11:16:25.936+0000] {processor.py:208} INFO - Processing /home/airflow/.local/lib/python3.12/site-packages/airflow/example_dags/example_branch_operator.py took 0.216 seconds
[2024-10-18T11:16:57.288+0000] {processor.py:186} INFO - Started process (PID=11926) to work on /home/airflow/.local/lib/python3.12/site-packages/airflow/example_dags/example_branch_operator.py
[2024-10-18T11:16:57.290+0000] {processor.py:914} INFO - Processing file /home/airflow/.local/lib/python3.12/site-packages/airflow/example_dags/example_branch_operator.py for tasks to queue
[2024-10-18T11:16:57.294+0000] {logging_mixin.py:190} INFO - [2024-10-18T11:16:57.293+0000] {dagbag.py:588} INFO - Filling up the DagBag from /home/airflow/.local/lib/python3.12/site-packages/airflow/example_dags/example_branch_operator.py
[2024-10-18T11:16:57.327+0000] {processor.py:925} INFO - DAG(s) 'example_branch_operator' retrieved from /home/airflow/.local/lib/python3.12/site-packages/airflow/example_dags/example_branch_operator.py
[2024-10-18T11:16:57.380+0000] {logging_mixin.py:190} INFO - [2024-10-18T11:16:57.380+0000] {dag.py:3239} INFO - Sync 1 DAGs
[2024-10-18T11:16:57.433+0000] {logging_mixin.py:190} INFO - [2024-10-18T11:16:57.433+0000] {dag.py:4180} INFO - Setting next_dagrun for example_branch_operator to 2024-10-17 00:00:00+00:00, run_after=2024-10-18 00:00:00+00:00
[2024-10-18T11:16:57.468+0000] {processor.py:208} INFO - Processing /home/airflow/.local/lib/python3.12/site-packages/airflow/example_dags/example_branch_operator.py took 0.194 seconds
[2024-10-18T11:17:28.399+0000] {processor.py:186} INFO - Started process (PID=12212) to work on /home/airflow/.local/lib/python3.12/site-packages/airflow/example_dags/example_branch_operator.py
[2024-10-18T11:17:28.401+0000] {processor.py:914} INFO - Processing file /home/airflow/.local/lib/python3.12/site-packages/airflow/example_dags/example_branch_operator.py for tasks to queue
[2024-10-18T11:17:28.411+0000] {logging_mixin.py:190} INFO - [2024-10-18T11:17:28.410+0000] {dagbag.py:588} INFO - Filling up the DagBag from /home/airflow/.local/lib/python3.12/site-packages/airflow/example_dags/example_branch_operator.py
[2024-10-18T11:17:28.450+0000] {processor.py:925} INFO - DAG(s) 'example_branch_operator' retrieved from /home/airflow/.local/lib/python3.12/site-packages/airflow/example_dags/example_branch_operator.py
[2024-10-18T11:17:28.535+0000] {logging_mixin.py:190} INFO - [2024-10-18T11:17:28.535+0000] {dag.py:3239} INFO - Sync 1 DAGs
[2024-10-18T11:17:28.610+0000] {logging_mixin.py:190} INFO - [2024-10-18T11:17:28.609+0000] {dag.py:4180} INFO - Setting next_dagrun for example_branch_operator to 2024-10-17 00:00:00+00:00, run_after=2024-10-18 00:00:00+00:00
[2024-10-18T11:17:28.647+0000] {processor.py:208} INFO - Processing /home/airflow/.local/lib/python3.12/site-packages/airflow/example_dags/example_branch_operator.py took 0.264 seconds
[2024-10-18T11:18:00.056+0000] {processor.py:186} INFO - Started process (PID=12498) to work on /home/airflow/.local/lib/python3.12/site-packages/airflow/example_dags/example_branch_operator.py
[2024-10-18T11:18:00.057+0000] {processor.py:914} INFO - Processing file /home/airflow/.local/lib/python3.12/site-packages/airflow/example_dags/example_branch_operator.py for tasks to queue
[2024-10-18T11:18:00.066+0000] {logging_mixin.py:190} INFO - [2024-10-18T11:18:00.064+0000] {dagbag.py:588} INFO - Filling up the DagBag from /home/airflow/.local/lib/python3.12/site-packages/airflow/example_dags/example_branch_operator.py
[2024-10-18T11:18:00.123+0000] {processor.py:925} INFO - DAG(s) 'example_branch_operator' retrieved from /home/airflow/.local/lib/python3.12/site-packages/airflow/example_dags/example_branch_operator.py
[2024-10-18T11:18:00.215+0000] {logging_mixin.py:190} INFO - [2024-10-18T11:18:00.214+0000] {dag.py:3239} INFO - Sync 1 DAGs
[2024-10-18T11:18:00.290+0000] {logging_mixin.py:190} INFO - [2024-10-18T11:18:00.290+0000] {dag.py:4180} INFO - Setting next_dagrun for example_branch_operator to 2024-10-17 00:00:00+00:00, run_after=2024-10-18 00:00:00+00:00
[2024-10-18T11:18:00.359+0000] {processor.py:208} INFO - Processing /home/airflow/.local/lib/python3.12/site-packages/airflow/example_dags/example_branch_operator.py took 0.317 seconds
[2024-10-18T11:18:31.097+0000] {processor.py:186} INFO - Started process (PID=12784) to work on /home/airflow/.local/lib/python3.12/site-packages/airflow/example_dags/example_branch_operator.py
[2024-10-18T11:18:31.099+0000] {processor.py:914} INFO - Processing file /home/airflow/.local/lib/python3.12/site-packages/airflow/example_dags/example_branch_operator.py for tasks to queue
[2024-10-18T11:18:31.104+0000] {logging_mixin.py:190} INFO - [2024-10-18T11:18:31.103+0000] {dagbag.py:588} INFO - Filling up the DagBag from /home/airflow/.local/lib/python3.12/site-packages/airflow/example_dags/example_branch_operator.py
[2024-10-18T11:18:31.142+0000] {processor.py:925} INFO - DAG(s) 'example_branch_operator' retrieved from /home/airflow/.local/lib/python3.12/site-packages/airflow/example_dags/example_branch_operator.py
[2024-10-18T11:18:31.198+0000] {logging_mixin.py:190} INFO - [2024-10-18T11:18:31.197+0000] {dag.py:3239} INFO - Sync 1 DAGs
[2024-10-18T11:18:31.254+0000] {logging_mixin.py:190} INFO - [2024-10-18T11:18:31.253+0000] {dag.py:4180} INFO - Setting next_dagrun for example_branch_operator to 2024-10-17 00:00:00+00:00, run_after=2024-10-18 00:00:00+00:00
[2024-10-18T11:18:31.310+0000] {processor.py:208} INFO - Processing /home/airflow/.local/lib/python3.12/site-packages/airflow/example_dags/example_branch_operator.py took 0.226 seconds
[2024-10-18T11:19:02.017+0000] {processor.py:186} INFO - Started process (PID=13071) to work on /home/airflow/.local/lib/python3.12/site-packages/airflow/example_dags/example_branch_operator.py
[2024-10-18T11:19:02.020+0000] {processor.py:914} INFO - Processing file /home/airflow/.local/lib/python3.12/site-packages/airflow/example_dags/example_branch_operator.py for tasks to queue
[2024-10-18T11:19:02.027+0000] {logging_mixin.py:190} INFO - [2024-10-18T11:19:02.025+0000] {dagbag.py:588} INFO - Filling up the DagBag from /home/airflow/.local/lib/python3.12/site-packages/airflow/example_dags/example_branch_operator.py
[2024-10-18T11:19:02.063+0000] {processor.py:925} INFO - DAG(s) 'example_branch_operator' retrieved from /home/airflow/.local/lib/python3.12/site-packages/airflow/example_dags/example_branch_operator.py
[2024-10-18T11:19:02.107+0000] {logging_mixin.py:190} INFO - [2024-10-18T11:19:02.106+0000] {dag.py:3239} INFO - Sync 1 DAGs
[2024-10-18T11:19:02.142+0000] {logging_mixin.py:190} INFO - [2024-10-18T11:19:02.142+0000] {dag.py:4180} INFO - Setting next_dagrun for example_branch_operator to 2024-10-17 00:00:00+00:00, run_after=2024-10-18 00:00:00+00:00
[2024-10-18T11:19:02.173+0000] {processor.py:208} INFO - Processing /home/airflow/.local/lib/python3.12/site-packages/airflow/example_dags/example_branch_operator.py took 0.167 seconds
[2024-10-18T11:19:32.962+0000] {processor.py:186} INFO - Started process (PID=13357) to work on /home/airflow/.local/lib/python3.12/site-packages/airflow/example_dags/example_branch_operator.py
[2024-10-18T11:19:32.963+0000] {processor.py:914} INFO - Processing file /home/airflow/.local/lib/python3.12/site-packages/airflow/example_dags/example_branch_operator.py for tasks to queue
[2024-10-18T11:19:32.966+0000] {logging_mixin.py:190} INFO - [2024-10-18T11:19:32.966+0000] {dagbag.py:588} INFO - Filling up the DagBag from /home/airflow/.local/lib/python3.12/site-packages/airflow/example_dags/example_branch_operator.py
[2024-10-18T11:19:32.991+0000] {processor.py:925} INFO - DAG(s) 'example_branch_operator' retrieved from /home/airflow/.local/lib/python3.12/site-packages/airflow/example_dags/example_branch_operator.py
[2024-10-18T11:19:33.019+0000] {logging_mixin.py:190} INFO - [2024-10-18T11:19:33.019+0000] {dag.py:3239} INFO - Sync 1 DAGs
[2024-10-18T11:19:33.257+0000] {logging_mixin.py:190} INFO - [2024-10-18T11:19:33.256+0000] {dag.py:4180} INFO - Setting next_dagrun for example_branch_operator to 2024-10-17 00:00:00+00:00, run_after=2024-10-18 00:00:00+00:00
[2024-10-18T11:19:33.286+0000] {processor.py:208} INFO - Processing /home/airflow/.local/lib/python3.12/site-packages/airflow/example_dags/example_branch_operator.py took 0.329 seconds
[2024-10-18T11:20:03.601+0000] {processor.py:186} INFO - Started process (PID=13643) to work on /home/airflow/.local/lib/python3.12/site-packages/airflow/example_dags/example_branch_operator.py
[2024-10-18T11:20:03.603+0000] {processor.py:914} INFO - Processing file /home/airflow/.local/lib/python3.12/site-packages/airflow/example_dags/example_branch_operator.py for tasks to queue
[2024-10-18T11:20:03.605+0000] {logging_mixin.py:190} INFO - [2024-10-18T11:20:03.605+0000] {dagbag.py:588} INFO - Filling up the DagBag from /home/airflow/.local/lib/python3.12/site-packages/airflow/example_dags/example_branch_operator.py
[2024-10-18T11:20:03.624+0000] {processor.py:925} INFO - DAG(s) 'example_branch_operator' retrieved from /home/airflow/.local/lib/python3.12/site-packages/airflow/example_dags/example_branch_operator.py
[2024-10-18T11:20:03.655+0000] {logging_mixin.py:190} INFO - [2024-10-18T11:20:03.655+0000] {dag.py:3239} INFO - Sync 1 DAGs
[2024-10-18T11:20:03.684+0000] {logging_mixin.py:190} INFO - [2024-10-18T11:20:03.684+0000] {dag.py:4180} INFO - Setting next_dagrun for example_branch_operator to 2024-10-17 00:00:00+00:00, run_after=2024-10-18 00:00:00+00:00
[2024-10-18T11:20:03.712+0000] {processor.py:208} INFO - Processing /home/airflow/.local/lib/python3.12/site-packages/airflow/example_dags/example_branch_operator.py took 0.116 seconds
[2024-10-18T11:20:33.987+0000] {processor.py:186} INFO - Started process (PID=13925) to work on /home/airflow/.local/lib/python3.12/site-packages/airflow/example_dags/example_branch_operator.py
[2024-10-18T11:20:33.990+0000] {processor.py:914} INFO - Processing file /home/airflow/.local/lib/python3.12/site-packages/airflow/example_dags/example_branch_operator.py for tasks to queue
[2024-10-18T11:20:33.996+0000] {logging_mixin.py:190} INFO - [2024-10-18T11:20:33.995+0000] {dagbag.py:588} INFO - Filling up the DagBag from /home/airflow/.local/lib/python3.12/site-packages/airflow/example_dags/example_branch_operator.py
[2024-10-18T11:20:34.048+0000] {processor.py:925} INFO - DAG(s) 'example_branch_operator' retrieved from /home/airflow/.local/lib/python3.12/site-packages/airflow/example_dags/example_branch_operator.py
[2024-10-18T11:20:34.130+0000] {logging_mixin.py:190} INFO - [2024-10-18T11:20:34.129+0000] {dag.py:3239} INFO - Sync 1 DAGs
[2024-10-18T11:20:34.197+0000] {logging_mixin.py:190} INFO - [2024-10-18T11:20:34.196+0000] {dag.py:4180} INFO - Setting next_dagrun for example_branch_operator to 2024-10-17 00:00:00+00:00, run_after=2024-10-18 00:00:00+00:00
[2024-10-18T11:20:34.240+0000] {processor.py:208} INFO - Processing /home/airflow/.local/lib/python3.12/site-packages/airflow/example_dags/example_branch_operator.py took 0.269 seconds
[2024-10-18T11:21:05.154+0000] {processor.py:186} INFO - Started process (PID=14211) to work on /home/airflow/.local/lib/python3.12/site-packages/airflow/example_dags/example_branch_operator.py
[2024-10-18T11:21:05.156+0000] {processor.py:914} INFO - Processing file /home/airflow/.local/lib/python3.12/site-packages/airflow/example_dags/example_branch_operator.py for tasks to queue
[2024-10-18T11:21:05.159+0000] {logging_mixin.py:190} INFO - [2024-10-18T11:21:05.159+0000] {dagbag.py:588} INFO - Filling up the DagBag from /home/airflow/.local/lib/python3.12/site-packages/airflow/example_dags/example_branch_operator.py
[2024-10-18T11:21:05.183+0000] {processor.py:925} INFO - DAG(s) 'example_branch_operator' retrieved from /home/airflow/.local/lib/python3.12/site-packages/airflow/example_dags/example_branch_operator.py
[2024-10-18T11:21:05.223+0000] {logging_mixin.py:190} INFO - [2024-10-18T11:21:05.222+0000] {dag.py:3239} INFO - Sync 1 DAGs
[2024-10-18T11:21:05.263+0000] {logging_mixin.py:190} INFO - [2024-10-18T11:21:05.263+0000] {dag.py:4180} INFO - Setting next_dagrun for example_branch_operator to 2024-10-17 00:00:00+00:00, run_after=2024-10-18 00:00:00+00:00
[2024-10-18T11:21:05.290+0000] {processor.py:208} INFO - Processing /home/airflow/.local/lib/python3.12/site-packages/airflow/example_dags/example_branch_operator.py took 0.144 seconds
[2024-10-18T11:21:36.572+0000] {processor.py:186} INFO - Started process (PID=14497) to work on /home/airflow/.local/lib/python3.12/site-packages/airflow/example_dags/example_branch_operator.py
[2024-10-18T11:21:36.575+0000] {processor.py:914} INFO - Processing file /home/airflow/.local/lib/python3.12/site-packages/airflow/example_dags/example_branch_operator.py for tasks to queue
[2024-10-18T11:21:36.581+0000] {logging_mixin.py:190} INFO - [2024-10-18T11:21:36.580+0000] {dagbag.py:588} INFO - Filling up the DagBag from /home/airflow/.local/lib/python3.12/site-packages/airflow/example_dags/example_branch_operator.py
[2024-10-18T11:21:36.641+0000] {processor.py:925} INFO - DAG(s) 'example_branch_operator' retrieved from /home/airflow/.local/lib/python3.12/site-packages/airflow/example_dags/example_branch_operator.py
[2024-10-18T11:21:37.020+0000] {logging_mixin.py:190} INFO - [2024-10-18T11:21:37.020+0000] {dag.py:3239} INFO - Sync 1 DAGs
[2024-10-18T11:21:37.070+0000] {logging_mixin.py:190} INFO - [2024-10-18T11:21:37.069+0000] {dag.py:4180} INFO - Setting next_dagrun for example_branch_operator to 2024-10-17 00:00:00+00:00, run_after=2024-10-18 00:00:00+00:00
[2024-10-18T11:21:37.107+0000] {processor.py:208} INFO - Processing /home/airflow/.local/lib/python3.12/site-packages/airflow/example_dags/example_branch_operator.py took 0.552 seconds
[2024-10-18T11:22:07.673+0000] {processor.py:186} INFO - Started process (PID=14783) to work on /home/airflow/.local/lib/python3.12/site-packages/airflow/example_dags/example_branch_operator.py
[2024-10-18T11:22:07.675+0000] {processor.py:914} INFO - Processing file /home/airflow/.local/lib/python3.12/site-packages/airflow/example_dags/example_branch_operator.py for tasks to queue
[2024-10-18T11:22:07.679+0000] {logging_mixin.py:190} INFO - [2024-10-18T11:22:07.678+0000] {dagbag.py:588} INFO - Filling up the DagBag from /home/airflow/.local/lib/python3.12/site-packages/airflow/example_dags/example_branch_operator.py
[2024-10-18T11:22:07.704+0000] {processor.py:925} INFO - DAG(s) 'example_branch_operator' retrieved from /home/airflow/.local/lib/python3.12/site-packages/airflow/example_dags/example_branch_operator.py
[2024-10-18T11:22:07.752+0000] {logging_mixin.py:190} INFO - [2024-10-18T11:22:07.752+0000] {dag.py:3239} INFO - Sync 1 DAGs
[2024-10-18T11:22:07.792+0000] {logging_mixin.py:190} INFO - [2024-10-18T11:22:07.791+0000] {dag.py:4180} INFO - Setting next_dagrun for example_branch_operator to 2024-10-17 00:00:00+00:00, run_after=2024-10-18 00:00:00+00:00
[2024-10-18T11:22:07.821+0000] {processor.py:208} INFO - Processing /home/airflow/.local/lib/python3.12/site-packages/airflow/example_dags/example_branch_operator.py took 0.155 seconds
[2024-10-18T11:22:38.666+0000] {processor.py:186} INFO - Started process (PID=15069) to work on /home/airflow/.local/lib/python3.12/site-packages/airflow/example_dags/example_branch_operator.py
[2024-10-18T11:22:38.668+0000] {processor.py:914} INFO - Processing file /home/airflow/.local/lib/python3.12/site-packages/airflow/example_dags/example_branch_operator.py for tasks to queue
[2024-10-18T11:22:38.671+0000] {logging_mixin.py:190} INFO - [2024-10-18T11:22:38.670+0000] {dagbag.py:588} INFO - Filling up the DagBag from /home/airflow/.local/lib/python3.12/site-packages/airflow/example_dags/example_branch_operator.py
[2024-10-18T11:22:38.702+0000] {processor.py:925} INFO - DAG(s) 'example_branch_operator' retrieved from /home/airflow/.local/lib/python3.12/site-packages/airflow/example_dags/example_branch_operator.py
[2024-10-18T11:22:38.748+0000] {logging_mixin.py:190} INFO - [2024-10-18T11:22:38.748+0000] {dag.py:3239} INFO - Sync 1 DAGs
[2024-10-18T11:22:38.796+0000] {logging_mixin.py:190} INFO - [2024-10-18T11:22:38.795+0000] {dag.py:4180} INFO - Setting next_dagrun for example_branch_operator to 2024-10-17 00:00:00+00:00, run_after=2024-10-18 00:00:00+00:00
[2024-10-18T11:22:38.832+0000] {processor.py:208} INFO - Processing /home/airflow/.local/lib/python3.12/site-packages/airflow/example_dags/example_branch_operator.py took 0.175 seconds
[2024-10-18T11:23:10.025+0000] {processor.py:186} INFO - Started process (PID=15362) to work on /home/airflow/.local/lib/python3.12/site-packages/airflow/example_dags/example_branch_operator.py
[2024-10-18T11:23:10.026+0000] {processor.py:914} INFO - Processing file /home/airflow/.local/lib/python3.12/site-packages/airflow/example_dags/example_branch_operator.py for tasks to queue
[2024-10-18T11:23:10.028+0000] {logging_mixin.py:190} INFO - [2024-10-18T11:23:10.028+0000] {dagbag.py:588} INFO - Filling up the DagBag from /home/airflow/.local/lib/python3.12/site-packages/airflow/example_dags/example_branch_operator.py
[2024-10-18T11:23:10.045+0000] {processor.py:925} INFO - DAG(s) 'example_branch_operator' retrieved from /home/airflow/.local/lib/python3.12/site-packages/airflow/example_dags/example_branch_operator.py
[2024-10-18T11:23:10.072+0000] {logging_mixin.py:190} INFO - [2024-10-18T11:23:10.072+0000] {dag.py:3239} INFO - Sync 1 DAGs
[2024-10-18T11:23:10.095+0000] {logging_mixin.py:190} INFO - [2024-10-18T11:23:10.095+0000] {dag.py:4180} INFO - Setting next_dagrun for example_branch_operator to 2024-10-17 00:00:00+00:00, run_after=2024-10-18 00:00:00+00:00
[2024-10-18T11:23:10.115+0000] {processor.py:208} INFO - Processing /home/airflow/.local/lib/python3.12/site-packages/airflow/example_dags/example_branch_operator.py took 0.095 seconds
[2024-10-18T11:23:40.496+0000] {processor.py:186} INFO - Started process (PID=15651) to work on /home/airflow/.local/lib/python3.12/site-packages/airflow/example_dags/example_branch_operator.py
[2024-10-18T11:23:40.497+0000] {processor.py:914} INFO - Processing file /home/airflow/.local/lib/python3.12/site-packages/airflow/example_dags/example_branch_operator.py for tasks to queue
[2024-10-18T11:23:40.501+0000] {logging_mixin.py:190} INFO - [2024-10-18T11:23:40.500+0000] {dagbag.py:588} INFO - Filling up the DagBag from /home/airflow/.local/lib/python3.12/site-packages/airflow/example_dags/example_branch_operator.py
[2024-10-18T11:23:40.533+0000] {processor.py:925} INFO - DAG(s) 'example_branch_operator' retrieved from /home/airflow/.local/lib/python3.12/site-packages/airflow/example_dags/example_branch_operator.py
[2024-10-18T11:23:40.578+0000] {logging_mixin.py:190} INFO - [2024-10-18T11:23:40.578+0000] {dag.py:3239} INFO - Sync 1 DAGs
[2024-10-18T11:23:40.621+0000] {logging_mixin.py:190} INFO - [2024-10-18T11:23:40.621+0000] {dag.py:4180} INFO - Setting next_dagrun for example_branch_operator to 2024-10-17 00:00:00+00:00, run_after=2024-10-18 00:00:00+00:00
[2024-10-18T11:23:40.655+0000] {processor.py:208} INFO - Processing /home/airflow/.local/lib/python3.12/site-packages/airflow/example_dags/example_branch_operator.py took 0.169 seconds
[2024-10-18T11:24:10.895+0000] {processor.py:186} INFO - Started process (PID=15932) to work on /home/airflow/.local/lib/python3.12/site-packages/airflow/example_dags/example_branch_operator.py
[2024-10-18T11:24:10.896+0000] {processor.py:914} INFO - Processing file /home/airflow/.local/lib/python3.12/site-packages/airflow/example_dags/example_branch_operator.py for tasks to queue
[2024-10-18T11:24:10.898+0000] {logging_mixin.py:190} INFO - [2024-10-18T11:24:10.898+0000] {dagbag.py:588} INFO - Filling up the DagBag from /home/airflow/.local/lib/python3.12/site-packages/airflow/example_dags/example_branch_operator.py
[2024-10-18T11:24:10.917+0000] {processor.py:925} INFO - DAG(s) 'example_branch_operator' retrieved from /home/airflow/.local/lib/python3.12/site-packages/airflow/example_dags/example_branch_operator.py
[2024-10-18T11:24:10.950+0000] {logging_mixin.py:190} INFO - [2024-10-18T11:24:10.949+0000] {dag.py:3239} INFO - Sync 1 DAGs
[2024-10-18T11:24:10.977+0000] {logging_mixin.py:190} INFO - [2024-10-18T11:24:10.977+0000] {dag.py:4180} INFO - Setting next_dagrun for example_branch_operator to 2024-10-17 00:00:00+00:00, run_after=2024-10-18 00:00:00+00:00
[2024-10-18T11:24:10.998+0000] {processor.py:208} INFO - Processing /home/airflow/.local/lib/python3.12/site-packages/airflow/example_dags/example_branch_operator.py took 0.111 seconds
