[2024-10-18T10:56:32.645+0000] {processor.py:186} INFO - Started process (PID=349) to work on /home/airflow/.local/lib/python3.12/site-packages/airflow/example_dags/example_bash_decorator.py
[2024-10-18T10:56:32.646+0000] {processor.py:914} INFO - Processing file /home/airflow/.local/lib/python3.12/site-packages/airflow/example_dags/example_bash_decorator.py for tasks to queue
[2024-10-18T10:56:32.651+0000] {logging_mixin.py:190} INFO - [2024-10-18T10:56:32.650+0000] {dagbag.py:588} INFO - Filling up the DagBag from /home/airflow/.local/lib/python3.12/site-packages/airflow/example_dags/example_bash_decorator.py
[2024-10-18T10:56:32.695+0000] {processor.py:925} INFO - DAG(s) 'example_bash_decorator' retrieved from /home/airflow/.local/lib/python3.12/site-packages/airflow/example_dags/example_bash_decorator.py
[2024-10-18T10:56:32.941+0000] {logging_mixin.py:190} INFO - [2024-10-18T10:56:32.940+0000] {override.py:1900} INFO - Created Permission View: can delete on DAG:example_bash_decorator
[2024-10-18T10:56:32.962+0000] {logging_mixin.py:190} INFO - [2024-10-18T10:56:32.962+0000] {override.py:1900} INFO - Created Permission View: can edit on DAG:example_bash_decorator
[2024-10-18T10:56:32.979+0000] {logging_mixin.py:190} INFO - [2024-10-18T10:56:32.979+0000] {override.py:1900} INFO - Created Permission View: can read on DAG:example_bash_decorator
[2024-10-18T10:56:32.995+0000] {logging_mixin.py:190} INFO - [2024-10-18T10:56:32.995+0000] {override.py:1900} INFO - Created Permission View: can delete on DAG Run:example_bash_decorator
[2024-10-18T10:56:33.009+0000] {logging_mixin.py:190} INFO - [2024-10-18T10:56:33.009+0000] {override.py:1900} INFO - Created Permission View: menu access on DAG Run:example_bash_decorator
[2024-10-18T10:56:33.020+0000] {logging_mixin.py:190} INFO - [2024-10-18T10:56:33.020+0000] {override.py:1900} INFO - Created Permission View: can read on DAG Run:example_bash_decorator
[2024-10-18T10:56:33.030+0000] {logging_mixin.py:190} INFO - [2024-10-18T10:56:33.030+0000] {override.py:1900} INFO - Created Permission View: can create on DAG Run:example_bash_decorator
[2024-10-18T10:56:33.032+0000] {logging_mixin.py:190} INFO - [2024-10-18T10:56:33.031+0000] {dag.py:3239} INFO - Sync 1 DAGs
[2024-10-18T10:56:33.052+0000] {logging_mixin.py:190} INFO - [2024-10-18T10:56:33.051+0000] {dag.py:3262} INFO - Creating ORM DAG for example_bash_decorator
[2024-10-18T10:56:33.053+0000] {logging_mixin.py:190} INFO - [2024-10-18T10:56:33.053+0000] {dag.py:4180} INFO - Setting next_dagrun for example_bash_decorator to None, run_after=None
[2024-10-18T10:56:33.078+0000] {processor.py:208} INFO - Processing /home/airflow/.local/lib/python3.12/site-packages/airflow/example_dags/example_bash_decorator.py took 0.445 seconds
[2024-10-18T10:57:03.395+0000] {processor.py:186} INFO - Started process (PID=637) to work on /home/airflow/.local/lib/python3.12/site-packages/airflow/example_dags/example_bash_decorator.py
[2024-10-18T10:57:03.397+0000] {processor.py:914} INFO - Processing file /home/airflow/.local/lib/python3.12/site-packages/airflow/example_dags/example_bash_decorator.py for tasks to queue
[2024-10-18T10:57:03.403+0000] {logging_mixin.py:190} INFO - [2024-10-18T10:57:03.402+0000] {dagbag.py:588} INFO - Filling up the DagBag from /home/airflow/.local/lib/python3.12/site-packages/airflow/example_dags/example_bash_decorator.py
[2024-10-18T10:57:03.427+0000] {processor.py:925} INFO - DAG(s) 'example_bash_decorator' retrieved from /home/airflow/.local/lib/python3.12/site-packages/airflow/example_dags/example_bash_decorator.py
[2024-10-18T10:57:03.467+0000] {logging_mixin.py:190} INFO - [2024-10-18T10:57:03.466+0000] {dag.py:3239} INFO - Sync 1 DAGs
[2024-10-18T10:57:03.494+0000] {logging_mixin.py:190} INFO - [2024-10-18T10:57:03.493+0000] {dag.py:4180} INFO - Setting next_dagrun for example_bash_decorator to None, run_after=None
[2024-10-18T10:57:03.542+0000] {processor.py:208} INFO - Processing /home/airflow/.local/lib/python3.12/site-packages/airflow/example_dags/example_bash_decorator.py took 0.165 seconds
[2024-10-18T10:57:34.433+0000] {processor.py:186} INFO - Started process (PID=923) to work on /home/airflow/.local/lib/python3.12/site-packages/airflow/example_dags/example_bash_decorator.py
[2024-10-18T10:57:34.435+0000] {processor.py:914} INFO - Processing file /home/airflow/.local/lib/python3.12/site-packages/airflow/example_dags/example_bash_decorator.py for tasks to queue
[2024-10-18T10:57:34.445+0000] {logging_mixin.py:190} INFO - [2024-10-18T10:57:34.443+0000] {dagbag.py:588} INFO - Filling up the DagBag from /home/airflow/.local/lib/python3.12/site-packages/airflow/example_dags/example_bash_decorator.py
[2024-10-18T10:57:34.492+0000] {processor.py:925} INFO - DAG(s) 'example_bash_decorator' retrieved from /home/airflow/.local/lib/python3.12/site-packages/airflow/example_dags/example_bash_decorator.py
[2024-10-18T10:57:34.542+0000] {logging_mixin.py:190} INFO - [2024-10-18T10:57:34.540+0000] {dag.py:3239} INFO - Sync 1 DAGs
[2024-10-18T10:57:34.592+0000] {logging_mixin.py:190} INFO - [2024-10-18T10:57:34.592+0000] {dag.py:4180} INFO - Setting next_dagrun for example_bash_decorator to None, run_after=None
[2024-10-18T10:57:34.634+0000] {processor.py:208} INFO - Processing /home/airflow/.local/lib/python3.12/site-packages/airflow/example_dags/example_bash_decorator.py took 0.222 seconds
[2024-10-18T10:58:05.545+0000] {processor.py:186} INFO - Started process (PID=1213) to work on /home/airflow/.local/lib/python3.12/site-packages/airflow/example_dags/example_bash_decorator.py
[2024-10-18T10:58:05.547+0000] {processor.py:914} INFO - Processing file /home/airflow/.local/lib/python3.12/site-packages/airflow/example_dags/example_bash_decorator.py for tasks to queue
[2024-10-18T10:58:05.550+0000] {logging_mixin.py:190} INFO - [2024-10-18T10:58:05.549+0000] {dagbag.py:588} INFO - Filling up the DagBag from /home/airflow/.local/lib/python3.12/site-packages/airflow/example_dags/example_bash_decorator.py
[2024-10-18T10:58:05.569+0000] {processor.py:925} INFO - DAG(s) 'example_bash_decorator' retrieved from /home/airflow/.local/lib/python3.12/site-packages/airflow/example_dags/example_bash_decorator.py
[2024-10-18T10:58:05.602+0000] {logging_mixin.py:190} INFO - [2024-10-18T10:58:05.602+0000] {dag.py:3239} INFO - Sync 1 DAGs
[2024-10-18T10:58:05.626+0000] {logging_mixin.py:190} INFO - [2024-10-18T10:58:05.626+0000] {dag.py:4180} INFO - Setting next_dagrun for example_bash_decorator to None, run_after=None
[2024-10-18T10:58:05.662+0000] {processor.py:208} INFO - Processing /home/airflow/.local/lib/python3.12/site-packages/airflow/example_dags/example_bash_decorator.py took 0.124 seconds
[2024-10-18T10:58:36.185+0000] {processor.py:186} INFO - Started process (PID=1499) to work on /home/airflow/.local/lib/python3.12/site-packages/airflow/example_dags/example_bash_decorator.py
[2024-10-18T10:58:36.186+0000] {processor.py:914} INFO - Processing file /home/airflow/.local/lib/python3.12/site-packages/airflow/example_dags/example_bash_decorator.py for tasks to queue
[2024-10-18T10:58:36.188+0000] {logging_mixin.py:190} INFO - [2024-10-18T10:58:36.187+0000] {dagbag.py:588} INFO - Filling up the DagBag from /home/airflow/.local/lib/python3.12/site-packages/airflow/example_dags/example_bash_decorator.py
[2024-10-18T10:58:36.201+0000] {processor.py:925} INFO - DAG(s) 'example_bash_decorator' retrieved from /home/airflow/.local/lib/python3.12/site-packages/airflow/example_dags/example_bash_decorator.py
[2024-10-18T10:58:36.225+0000] {logging_mixin.py:190} INFO - [2024-10-18T10:58:36.224+0000] {dag.py:3239} INFO - Sync 1 DAGs
[2024-10-18T10:58:36.238+0000] {logging_mixin.py:190} INFO - [2024-10-18T10:58:36.238+0000] {dag.py:4180} INFO - Setting next_dagrun for example_bash_decorator to None, run_after=None
[2024-10-18T10:58:36.258+0000] {processor.py:208} INFO - Processing /home/airflow/.local/lib/python3.12/site-packages/airflow/example_dags/example_bash_decorator.py took 0.078 seconds
[2024-10-18T10:59:06.478+0000] {processor.py:186} INFO - Started process (PID=1784) to work on /home/airflow/.local/lib/python3.12/site-packages/airflow/example_dags/example_bash_decorator.py
[2024-10-18T10:59:06.480+0000] {processor.py:914} INFO - Processing file /home/airflow/.local/lib/python3.12/site-packages/airflow/example_dags/example_bash_decorator.py for tasks to queue
[2024-10-18T10:59:06.482+0000] {logging_mixin.py:190} INFO - [2024-10-18T10:59:06.482+0000] {dagbag.py:588} INFO - Filling up the DagBag from /home/airflow/.local/lib/python3.12/site-packages/airflow/example_dags/example_bash_decorator.py
[2024-10-18T10:59:06.496+0000] {processor.py:925} INFO - DAG(s) 'example_bash_decorator' retrieved from /home/airflow/.local/lib/python3.12/site-packages/airflow/example_dags/example_bash_decorator.py
[2024-10-18T10:59:06.518+0000] {logging_mixin.py:190} INFO - [2024-10-18T10:59:06.518+0000] {dag.py:3239} INFO - Sync 1 DAGs
[2024-10-18T10:59:06.532+0000] {logging_mixin.py:190} INFO - [2024-10-18T10:59:06.532+0000] {dag.py:4180} INFO - Setting next_dagrun for example_bash_decorator to None, run_after=None
[2024-10-18T10:59:06.553+0000] {processor.py:208} INFO - Processing /home/airflow/.local/lib/python3.12/site-packages/airflow/example_dags/example_bash_decorator.py took 0.081 seconds
[2024-10-18T10:59:37.062+0000] {processor.py:186} INFO - Started process (PID=2070) to work on /home/airflow/.local/lib/python3.12/site-packages/airflow/example_dags/example_bash_decorator.py
[2024-10-18T10:59:37.063+0000] {processor.py:914} INFO - Processing file /home/airflow/.local/lib/python3.12/site-packages/airflow/example_dags/example_bash_decorator.py for tasks to queue
[2024-10-18T10:59:37.066+0000] {logging_mixin.py:190} INFO - [2024-10-18T10:59:37.065+0000] {dagbag.py:588} INFO - Filling up the DagBag from /home/airflow/.local/lib/python3.12/site-packages/airflow/example_dags/example_bash_decorator.py
[2024-10-18T10:59:37.082+0000] {processor.py:925} INFO - DAG(s) 'example_bash_decorator' retrieved from /home/airflow/.local/lib/python3.12/site-packages/airflow/example_dags/example_bash_decorator.py
[2024-10-18T10:59:37.106+0000] {logging_mixin.py:190} INFO - [2024-10-18T10:59:37.105+0000] {dag.py:3239} INFO - Sync 1 DAGs
[2024-10-18T10:59:37.120+0000] {logging_mixin.py:190} INFO - [2024-10-18T10:59:37.119+0000] {dag.py:4180} INFO - Setting next_dagrun for example_bash_decorator to None, run_after=None
[2024-10-18T10:59:37.140+0000] {processor.py:208} INFO - Processing /home/airflow/.local/lib/python3.12/site-packages/airflow/example_dags/example_bash_decorator.py took 0.084 seconds
[2024-10-18T11:00:07.416+0000] {processor.py:186} INFO - Started process (PID=2356) to work on /home/airflow/.local/lib/python3.12/site-packages/airflow/example_dags/example_bash_decorator.py
[2024-10-18T11:00:07.417+0000] {processor.py:914} INFO - Processing file /home/airflow/.local/lib/python3.12/site-packages/airflow/example_dags/example_bash_decorator.py for tasks to queue
[2024-10-18T11:00:07.419+0000] {logging_mixin.py:190} INFO - [2024-10-18T11:00:07.419+0000] {dagbag.py:588} INFO - Filling up the DagBag from /home/airflow/.local/lib/python3.12/site-packages/airflow/example_dags/example_bash_decorator.py
[2024-10-18T11:00:07.433+0000] {processor.py:925} INFO - DAG(s) 'example_bash_decorator' retrieved from /home/airflow/.local/lib/python3.12/site-packages/airflow/example_dags/example_bash_decorator.py
[2024-10-18T11:00:07.455+0000] {logging_mixin.py:190} INFO - [2024-10-18T11:00:07.455+0000] {dag.py:3239} INFO - Sync 1 DAGs
[2024-10-18T11:00:07.469+0000] {logging_mixin.py:190} INFO - [2024-10-18T11:00:07.468+0000] {dag.py:4180} INFO - Setting next_dagrun for example_bash_decorator to None, run_after=None
[2024-10-18T11:00:07.488+0000] {processor.py:208} INFO - Processing /home/airflow/.local/lib/python3.12/site-packages/airflow/example_dags/example_bash_decorator.py took 0.076 seconds
[2024-10-18T11:00:37.928+0000] {processor.py:186} INFO - Started process (PID=2642) to work on /home/airflow/.local/lib/python3.12/site-packages/airflow/example_dags/example_bash_decorator.py
[2024-10-18T11:00:37.930+0000] {processor.py:914} INFO - Processing file /home/airflow/.local/lib/python3.12/site-packages/airflow/example_dags/example_bash_decorator.py for tasks to queue
[2024-10-18T11:00:37.932+0000] {logging_mixin.py:190} INFO - [2024-10-18T11:00:37.932+0000] {dagbag.py:588} INFO - Filling up the DagBag from /home/airflow/.local/lib/python3.12/site-packages/airflow/example_dags/example_bash_decorator.py
[2024-10-18T11:00:37.946+0000] {processor.py:925} INFO - DAG(s) 'example_bash_decorator' retrieved from /home/airflow/.local/lib/python3.12/site-packages/airflow/example_dags/example_bash_decorator.py
[2024-10-18T11:00:37.968+0000] {logging_mixin.py:190} INFO - [2024-10-18T11:00:37.968+0000] {dag.py:3239} INFO - Sync 1 DAGs
[2024-10-18T11:00:37.981+0000] {logging_mixin.py:190} INFO - [2024-10-18T11:00:37.981+0000] {dag.py:4180} INFO - Setting next_dagrun for example_bash_decorator to None, run_after=None
[2024-10-18T11:00:38.006+0000] {processor.py:208} INFO - Processing /home/airflow/.local/lib/python3.12/site-packages/airflow/example_dags/example_bash_decorator.py took 0.082 seconds
[2024-10-18T11:01:08.353+0000] {processor.py:186} INFO - Started process (PID=2928) to work on /home/airflow/.local/lib/python3.12/site-packages/airflow/example_dags/example_bash_decorator.py
[2024-10-18T11:01:08.354+0000] {processor.py:914} INFO - Processing file /home/airflow/.local/lib/python3.12/site-packages/airflow/example_dags/example_bash_decorator.py for tasks to queue
[2024-10-18T11:01:08.357+0000] {logging_mixin.py:190} INFO - [2024-10-18T11:01:08.356+0000] {dagbag.py:588} INFO - Filling up the DagBag from /home/airflow/.local/lib/python3.12/site-packages/airflow/example_dags/example_bash_decorator.py
[2024-10-18T11:01:08.372+0000] {processor.py:925} INFO - DAG(s) 'example_bash_decorator' retrieved from /home/airflow/.local/lib/python3.12/site-packages/airflow/example_dags/example_bash_decorator.py
[2024-10-18T11:01:08.394+0000] {logging_mixin.py:190} INFO - [2024-10-18T11:01:08.393+0000] {dag.py:3239} INFO - Sync 1 DAGs
[2024-10-18T11:01:08.409+0000] {logging_mixin.py:190} INFO - [2024-10-18T11:01:08.409+0000] {dag.py:4180} INFO - Setting next_dagrun for example_bash_decorator to None, run_after=None
[2024-10-18T11:01:08.428+0000] {processor.py:208} INFO - Processing /home/airflow/.local/lib/python3.12/site-packages/airflow/example_dags/example_bash_decorator.py took 0.080 seconds
[2024-10-18T11:01:38.807+0000] {processor.py:186} INFO - Started process (PID=3214) to work on /home/airflow/.local/lib/python3.12/site-packages/airflow/example_dags/example_bash_decorator.py
[2024-10-18T11:01:38.808+0000] {processor.py:914} INFO - Processing file /home/airflow/.local/lib/python3.12/site-packages/airflow/example_dags/example_bash_decorator.py for tasks to queue
[2024-10-18T11:01:38.812+0000] {logging_mixin.py:190} INFO - [2024-10-18T11:01:38.812+0000] {dagbag.py:588} INFO - Filling up the DagBag from /home/airflow/.local/lib/python3.12/site-packages/airflow/example_dags/example_bash_decorator.py
[2024-10-18T11:01:38.832+0000] {processor.py:925} INFO - DAG(s) 'example_bash_decorator' retrieved from /home/airflow/.local/lib/python3.12/site-packages/airflow/example_dags/example_bash_decorator.py
[2024-10-18T11:01:38.862+0000] {logging_mixin.py:190} INFO - [2024-10-18T11:01:38.861+0000] {dag.py:3239} INFO - Sync 1 DAGs
[2024-10-18T11:01:38.880+0000] {logging_mixin.py:190} INFO - [2024-10-18T11:01:38.879+0000] {dag.py:4180} INFO - Setting next_dagrun for example_bash_decorator to None, run_after=None
[2024-10-18T11:01:38.901+0000] {processor.py:208} INFO - Processing /home/airflow/.local/lib/python3.12/site-packages/airflow/example_dags/example_bash_decorator.py took 0.103 seconds
[2024-10-18T11:02:09.438+0000] {processor.py:186} INFO - Started process (PID=3500) to work on /home/airflow/.local/lib/python3.12/site-packages/airflow/example_dags/example_bash_decorator.py
[2024-10-18T11:02:09.440+0000] {processor.py:914} INFO - Processing file /home/airflow/.local/lib/python3.12/site-packages/airflow/example_dags/example_bash_decorator.py for tasks to queue
[2024-10-18T11:02:09.442+0000] {logging_mixin.py:190} INFO - [2024-10-18T11:02:09.441+0000] {dagbag.py:588} INFO - Filling up the DagBag from /home/airflow/.local/lib/python3.12/site-packages/airflow/example_dags/example_bash_decorator.py
[2024-10-18T11:02:09.456+0000] {processor.py:925} INFO - DAG(s) 'example_bash_decorator' retrieved from /home/airflow/.local/lib/python3.12/site-packages/airflow/example_dags/example_bash_decorator.py
[2024-10-18T11:02:09.476+0000] {logging_mixin.py:190} INFO - [2024-10-18T11:02:09.476+0000] {dag.py:3239} INFO - Sync 1 DAGs
[2024-10-18T11:02:09.489+0000] {logging_mixin.py:190} INFO - [2024-10-18T11:02:09.489+0000] {dag.py:4180} INFO - Setting next_dagrun for example_bash_decorator to None, run_after=None
[2024-10-18T11:02:09.512+0000] {processor.py:208} INFO - Processing /home/airflow/.local/lib/python3.12/site-packages/airflow/example_dags/example_bash_decorator.py took 0.078 seconds
[2024-10-18T11:02:39.666+0000] {processor.py:186} INFO - Started process (PID=3786) to work on /home/airflow/.local/lib/python3.12/site-packages/airflow/example_dags/example_bash_decorator.py
[2024-10-18T11:02:39.667+0000] {processor.py:914} INFO - Processing file /home/airflow/.local/lib/python3.12/site-packages/airflow/example_dags/example_bash_decorator.py for tasks to queue
[2024-10-18T11:02:39.669+0000] {logging_mixin.py:190} INFO - [2024-10-18T11:02:39.669+0000] {dagbag.py:588} INFO - Filling up the DagBag from /home/airflow/.local/lib/python3.12/site-packages/airflow/example_dags/example_bash_decorator.py
[2024-10-18T11:02:39.684+0000] {processor.py:925} INFO - DAG(s) 'example_bash_decorator' retrieved from /home/airflow/.local/lib/python3.12/site-packages/airflow/example_dags/example_bash_decorator.py
[2024-10-18T11:02:39.708+0000] {logging_mixin.py:190} INFO - [2024-10-18T11:02:39.707+0000] {dag.py:3239} INFO - Sync 1 DAGs
[2024-10-18T11:02:39.725+0000] {logging_mixin.py:190} INFO - [2024-10-18T11:02:39.725+0000] {dag.py:4180} INFO - Setting next_dagrun for example_bash_decorator to None, run_after=None
[2024-10-18T11:02:39.745+0000] {processor.py:208} INFO - Processing /home/airflow/.local/lib/python3.12/site-packages/airflow/example_dags/example_bash_decorator.py took 0.085 seconds
[2024-10-18T11:03:10.264+0000] {processor.py:186} INFO - Started process (PID=4072) to work on /home/airflow/.local/lib/python3.12/site-packages/airflow/example_dags/example_bash_decorator.py
[2024-10-18T11:03:10.265+0000] {processor.py:914} INFO - Processing file /home/airflow/.local/lib/python3.12/site-packages/airflow/example_dags/example_bash_decorator.py for tasks to queue
[2024-10-18T11:03:10.267+0000] {logging_mixin.py:190} INFO - [2024-10-18T11:03:10.266+0000] {dagbag.py:588} INFO - Filling up the DagBag from /home/airflow/.local/lib/python3.12/site-packages/airflow/example_dags/example_bash_decorator.py
[2024-10-18T11:03:10.280+0000] {processor.py:925} INFO - DAG(s) 'example_bash_decorator' retrieved from /home/airflow/.local/lib/python3.12/site-packages/airflow/example_dags/example_bash_decorator.py
[2024-10-18T11:03:10.303+0000] {logging_mixin.py:190} INFO - [2024-10-18T11:03:10.302+0000] {dag.py:3239} INFO - Sync 1 DAGs
[2024-10-18T11:03:10.318+0000] {logging_mixin.py:190} INFO - [2024-10-18T11:03:10.317+0000] {dag.py:4180} INFO - Setting next_dagrun for example_bash_decorator to None, run_after=None
[2024-10-18T11:03:10.340+0000] {processor.py:208} INFO - Processing /home/airflow/.local/lib/python3.12/site-packages/airflow/example_dags/example_bash_decorator.py took 0.081 seconds
[2024-10-18T11:03:40.592+0000] {processor.py:186} INFO - Started process (PID=4358) to work on /home/airflow/.local/lib/python3.12/site-packages/airflow/example_dags/example_bash_decorator.py
[2024-10-18T11:03:40.593+0000] {processor.py:914} INFO - Processing file /home/airflow/.local/lib/python3.12/site-packages/airflow/example_dags/example_bash_decorator.py for tasks to queue
[2024-10-18T11:03:40.595+0000] {logging_mixin.py:190} INFO - [2024-10-18T11:03:40.595+0000] {dagbag.py:588} INFO - Filling up the DagBag from /home/airflow/.local/lib/python3.12/site-packages/airflow/example_dags/example_bash_decorator.py
[2024-10-18T11:03:40.607+0000] {processor.py:925} INFO - DAG(s) 'example_bash_decorator' retrieved from /home/airflow/.local/lib/python3.12/site-packages/airflow/example_dags/example_bash_decorator.py
[2024-10-18T11:03:40.628+0000] {logging_mixin.py:190} INFO - [2024-10-18T11:03:40.628+0000] {dag.py:3239} INFO - Sync 1 DAGs
[2024-10-18T11:03:40.642+0000] {logging_mixin.py:190} INFO - [2024-10-18T11:03:40.642+0000] {dag.py:4180} INFO - Setting next_dagrun for example_bash_decorator to None, run_after=None
[2024-10-18T11:03:40.664+0000] {processor.py:208} INFO - Processing /home/airflow/.local/lib/python3.12/site-packages/airflow/example_dags/example_bash_decorator.py took 0.076 seconds
[2024-10-18T11:04:10.892+0000] {processor.py:186} INFO - Started process (PID=4644) to work on /home/airflow/.local/lib/python3.12/site-packages/airflow/example_dags/example_bash_decorator.py
[2024-10-18T11:04:10.893+0000] {processor.py:914} INFO - Processing file /home/airflow/.local/lib/python3.12/site-packages/airflow/example_dags/example_bash_decorator.py for tasks to queue
[2024-10-18T11:04:10.895+0000] {logging_mixin.py:190} INFO - [2024-10-18T11:04:10.895+0000] {dagbag.py:588} INFO - Filling up the DagBag from /home/airflow/.local/lib/python3.12/site-packages/airflow/example_dags/example_bash_decorator.py
[2024-10-18T11:04:10.908+0000] {processor.py:925} INFO - DAG(s) 'example_bash_decorator' retrieved from /home/airflow/.local/lib/python3.12/site-packages/airflow/example_dags/example_bash_decorator.py
[2024-10-18T11:04:10.930+0000] {logging_mixin.py:190} INFO - [2024-10-18T11:04:10.929+0000] {dag.py:3239} INFO - Sync 1 DAGs
[2024-10-18T11:04:10.942+0000] {logging_mixin.py:190} INFO - [2024-10-18T11:04:10.942+0000] {dag.py:4180} INFO - Setting next_dagrun for example_bash_decorator to None, run_after=None
[2024-10-18T11:04:10.962+0000] {processor.py:208} INFO - Processing /home/airflow/.local/lib/python3.12/site-packages/airflow/example_dags/example_bash_decorator.py took 0.074 seconds
[2024-10-18T11:04:41.158+0000] {processor.py:186} INFO - Started process (PID=4930) to work on /home/airflow/.local/lib/python3.12/site-packages/airflow/example_dags/example_bash_decorator.py
[2024-10-18T11:04:41.159+0000] {processor.py:914} INFO - Processing file /home/airflow/.local/lib/python3.12/site-packages/airflow/example_dags/example_bash_decorator.py for tasks to queue
[2024-10-18T11:04:41.162+0000] {logging_mixin.py:190} INFO - [2024-10-18T11:04:41.161+0000] {dagbag.py:588} INFO - Filling up the DagBag from /home/airflow/.local/lib/python3.12/site-packages/airflow/example_dags/example_bash_decorator.py
[2024-10-18T11:04:41.176+0000] {processor.py:925} INFO - DAG(s) 'example_bash_decorator' retrieved from /home/airflow/.local/lib/python3.12/site-packages/airflow/example_dags/example_bash_decorator.py
[2024-10-18T11:04:41.199+0000] {logging_mixin.py:190} INFO - [2024-10-18T11:04:41.199+0000] {dag.py:3239} INFO - Sync 1 DAGs
[2024-10-18T11:04:41.212+0000] {logging_mixin.py:190} INFO - [2024-10-18T11:04:41.212+0000] {dag.py:4180} INFO - Setting next_dagrun for example_bash_decorator to None, run_after=None
[2024-10-18T11:04:41.229+0000] {processor.py:208} INFO - Processing /home/airflow/.local/lib/python3.12/site-packages/airflow/example_dags/example_bash_decorator.py took 0.077 seconds
[2024-10-18T11:05:11.545+0000] {processor.py:186} INFO - Started process (PID=5216) to work on /home/airflow/.local/lib/python3.12/site-packages/airflow/example_dags/example_bash_decorator.py
[2024-10-18T11:05:11.546+0000] {processor.py:914} INFO - Processing file /home/airflow/.local/lib/python3.12/site-packages/airflow/example_dags/example_bash_decorator.py for tasks to queue
[2024-10-18T11:05:11.548+0000] {logging_mixin.py:190} INFO - [2024-10-18T11:05:11.548+0000] {dagbag.py:588} INFO - Filling up the DagBag from /home/airflow/.local/lib/python3.12/site-packages/airflow/example_dags/example_bash_decorator.py
[2024-10-18T11:05:11.562+0000] {processor.py:925} INFO - DAG(s) 'example_bash_decorator' retrieved from /home/airflow/.local/lib/python3.12/site-packages/airflow/example_dags/example_bash_decorator.py
[2024-10-18T11:05:11.584+0000] {logging_mixin.py:190} INFO - [2024-10-18T11:05:11.583+0000] {dag.py:3239} INFO - Sync 1 DAGs
[2024-10-18T11:05:11.598+0000] {logging_mixin.py:190} INFO - [2024-10-18T11:05:11.598+0000] {dag.py:4180} INFO - Setting next_dagrun for example_bash_decorator to None, run_after=None
[2024-10-18T11:05:11.620+0000] {processor.py:208} INFO - Processing /home/airflow/.local/lib/python3.12/site-packages/airflow/example_dags/example_bash_decorator.py took 0.080 seconds
[2024-10-18T11:05:41.803+0000] {processor.py:186} INFO - Started process (PID=5502) to work on /home/airflow/.local/lib/python3.12/site-packages/airflow/example_dags/example_bash_decorator.py
[2024-10-18T11:05:41.804+0000] {processor.py:914} INFO - Processing file /home/airflow/.local/lib/python3.12/site-packages/airflow/example_dags/example_bash_decorator.py for tasks to queue
[2024-10-18T11:05:41.806+0000] {logging_mixin.py:190} INFO - [2024-10-18T11:05:41.806+0000] {dagbag.py:588} INFO - Filling up the DagBag from /home/airflow/.local/lib/python3.12/site-packages/airflow/example_dags/example_bash_decorator.py
[2024-10-18T11:05:41.820+0000] {processor.py:925} INFO - DAG(s) 'example_bash_decorator' retrieved from /home/airflow/.local/lib/python3.12/site-packages/airflow/example_dags/example_bash_decorator.py
[2024-10-18T11:05:41.843+0000] {logging_mixin.py:190} INFO - [2024-10-18T11:05:41.843+0000] {dag.py:3239} INFO - Sync 1 DAGs
[2024-10-18T11:05:41.857+0000] {logging_mixin.py:190} INFO - [2024-10-18T11:05:41.857+0000] {dag.py:4180} INFO - Setting next_dagrun for example_bash_decorator to None, run_after=None
[2024-10-18T11:05:41.878+0000] {processor.py:208} INFO - Processing /home/airflow/.local/lib/python3.12/site-packages/airflow/example_dags/example_bash_decorator.py took 0.080 seconds
[2024-10-18T11:06:12.122+0000] {processor.py:186} INFO - Started process (PID=5788) to work on /home/airflow/.local/lib/python3.12/site-packages/airflow/example_dags/example_bash_decorator.py
[2024-10-18T11:06:12.122+0000] {processor.py:914} INFO - Processing file /home/airflow/.local/lib/python3.12/site-packages/airflow/example_dags/example_bash_decorator.py for tasks to queue
[2024-10-18T11:06:12.124+0000] {logging_mixin.py:190} INFO - [2024-10-18T11:06:12.124+0000] {dagbag.py:588} INFO - Filling up the DagBag from /home/airflow/.local/lib/python3.12/site-packages/airflow/example_dags/example_bash_decorator.py
[2024-10-18T11:06:12.137+0000] {processor.py:925} INFO - DAG(s) 'example_bash_decorator' retrieved from /home/airflow/.local/lib/python3.12/site-packages/airflow/example_dags/example_bash_decorator.py
[2024-10-18T11:06:12.157+0000] {logging_mixin.py:190} INFO - [2024-10-18T11:06:12.157+0000] {dag.py:3239} INFO - Sync 1 DAGs
[2024-10-18T11:06:12.172+0000] {logging_mixin.py:190} INFO - [2024-10-18T11:06:12.171+0000] {dag.py:4180} INFO - Setting next_dagrun for example_bash_decorator to None, run_after=None
[2024-10-18T11:06:12.192+0000] {processor.py:208} INFO - Processing /home/airflow/.local/lib/python3.12/site-packages/airflow/example_dags/example_bash_decorator.py took 0.076 seconds
[2024-10-18T11:06:42.563+0000] {processor.py:186} INFO - Started process (PID=6074) to work on /home/airflow/.local/lib/python3.12/site-packages/airflow/example_dags/example_bash_decorator.py
[2024-10-18T11:06:42.564+0000] {processor.py:914} INFO - Processing file /home/airflow/.local/lib/python3.12/site-packages/airflow/example_dags/example_bash_decorator.py for tasks to queue
[2024-10-18T11:06:42.566+0000] {logging_mixin.py:190} INFO - [2024-10-18T11:06:42.566+0000] {dagbag.py:588} INFO - Filling up the DagBag from /home/airflow/.local/lib/python3.12/site-packages/airflow/example_dags/example_bash_decorator.py
[2024-10-18T11:06:42.580+0000] {processor.py:925} INFO - DAG(s) 'example_bash_decorator' retrieved from /home/airflow/.local/lib/python3.12/site-packages/airflow/example_dags/example_bash_decorator.py
[2024-10-18T11:06:42.601+0000] {logging_mixin.py:190} INFO - [2024-10-18T11:06:42.601+0000] {dag.py:3239} INFO - Sync 1 DAGs
[2024-10-18T11:06:42.613+0000] {logging_mixin.py:190} INFO - [2024-10-18T11:06:42.613+0000] {dag.py:4180} INFO - Setting next_dagrun for example_bash_decorator to None, run_after=None
[2024-10-18T11:06:42.630+0000] {processor.py:208} INFO - Processing /home/airflow/.local/lib/python3.12/site-packages/airflow/example_dags/example_bash_decorator.py took 0.072 seconds
[2024-10-18T11:07:12.818+0000] {processor.py:186} INFO - Started process (PID=6360) to work on /home/airflow/.local/lib/python3.12/site-packages/airflow/example_dags/example_bash_decorator.py
[2024-10-18T11:07:12.819+0000] {processor.py:914} INFO - Processing file /home/airflow/.local/lib/python3.12/site-packages/airflow/example_dags/example_bash_decorator.py for tasks to queue
[2024-10-18T11:07:12.822+0000] {logging_mixin.py:190} INFO - [2024-10-18T11:07:12.822+0000] {dagbag.py:588} INFO - Filling up the DagBag from /home/airflow/.local/lib/python3.12/site-packages/airflow/example_dags/example_bash_decorator.py
[2024-10-18T11:07:12.837+0000] {processor.py:925} INFO - DAG(s) 'example_bash_decorator' retrieved from /home/airflow/.local/lib/python3.12/site-packages/airflow/example_dags/example_bash_decorator.py
[2024-10-18T11:07:12.860+0000] {logging_mixin.py:190} INFO - [2024-10-18T11:07:12.860+0000] {dag.py:3239} INFO - Sync 1 DAGs
[2024-10-18T11:07:12.875+0000] {logging_mixin.py:190} INFO - [2024-10-18T11:07:12.875+0000] {dag.py:4180} INFO - Setting next_dagrun for example_bash_decorator to None, run_after=None
[2024-10-18T11:07:12.897+0000] {processor.py:208} INFO - Processing /home/airflow/.local/lib/python3.12/site-packages/airflow/example_dags/example_bash_decorator.py took 0.086 seconds
[2024-10-18T11:07:43.159+0000] {processor.py:186} INFO - Started process (PID=6646) to work on /home/airflow/.local/lib/python3.12/site-packages/airflow/example_dags/example_bash_decorator.py
[2024-10-18T11:07:43.161+0000] {processor.py:914} INFO - Processing file /home/airflow/.local/lib/python3.12/site-packages/airflow/example_dags/example_bash_decorator.py for tasks to queue
[2024-10-18T11:07:43.163+0000] {logging_mixin.py:190} INFO - [2024-10-18T11:07:43.162+0000] {dagbag.py:588} INFO - Filling up the DagBag from /home/airflow/.local/lib/python3.12/site-packages/airflow/example_dags/example_bash_decorator.py
[2024-10-18T11:07:43.176+0000] {processor.py:925} INFO - DAG(s) 'example_bash_decorator' retrieved from /home/airflow/.local/lib/python3.12/site-packages/airflow/example_dags/example_bash_decorator.py
[2024-10-18T11:07:43.197+0000] {logging_mixin.py:190} INFO - [2024-10-18T11:07:43.196+0000] {dag.py:3239} INFO - Sync 1 DAGs
[2024-10-18T11:07:43.209+0000] {logging_mixin.py:190} INFO - [2024-10-18T11:07:43.209+0000] {dag.py:4180} INFO - Setting next_dagrun for example_bash_decorator to None, run_after=None
[2024-10-18T11:07:43.225+0000] {processor.py:208} INFO - Processing /home/airflow/.local/lib/python3.12/site-packages/airflow/example_dags/example_bash_decorator.py took 0.071 seconds
[2024-10-18T11:08:13.521+0000] {processor.py:186} INFO - Started process (PID=6932) to work on /home/airflow/.local/lib/python3.12/site-packages/airflow/example_dags/example_bash_decorator.py
[2024-10-18T11:08:13.522+0000] {processor.py:914} INFO - Processing file /home/airflow/.local/lib/python3.12/site-packages/airflow/example_dags/example_bash_decorator.py for tasks to queue
[2024-10-18T11:08:13.524+0000] {logging_mixin.py:190} INFO - [2024-10-18T11:08:13.524+0000] {dagbag.py:588} INFO - Filling up the DagBag from /home/airflow/.local/lib/python3.12/site-packages/airflow/example_dags/example_bash_decorator.py
[2024-10-18T11:08:13.536+0000] {processor.py:925} INFO - DAG(s) 'example_bash_decorator' retrieved from /home/airflow/.local/lib/python3.12/site-packages/airflow/example_dags/example_bash_decorator.py
[2024-10-18T11:08:13.556+0000] {logging_mixin.py:190} INFO - [2024-10-18T11:08:13.556+0000] {dag.py:3239} INFO - Sync 1 DAGs
[2024-10-18T11:08:13.568+0000] {logging_mixin.py:190} INFO - [2024-10-18T11:08:13.568+0000] {dag.py:4180} INFO - Setting next_dagrun for example_bash_decorator to None, run_after=None
[2024-10-18T11:08:13.585+0000] {processor.py:208} INFO - Processing /home/airflow/.local/lib/python3.12/site-packages/airflow/example_dags/example_bash_decorator.py took 0.069 seconds
[2024-10-18T11:08:43.766+0000] {processor.py:186} INFO - Started process (PID=7218) to work on /home/airflow/.local/lib/python3.12/site-packages/airflow/example_dags/example_bash_decorator.py
[2024-10-18T11:08:43.767+0000] {processor.py:914} INFO - Processing file /home/airflow/.local/lib/python3.12/site-packages/airflow/example_dags/example_bash_decorator.py for tasks to queue
[2024-10-18T11:08:43.769+0000] {logging_mixin.py:190} INFO - [2024-10-18T11:08:43.769+0000] {dagbag.py:588} INFO - Filling up the DagBag from /home/airflow/.local/lib/python3.12/site-packages/airflow/example_dags/example_bash_decorator.py
[2024-10-18T11:08:43.783+0000] {processor.py:925} INFO - DAG(s) 'example_bash_decorator' retrieved from /home/airflow/.local/lib/python3.12/site-packages/airflow/example_dags/example_bash_decorator.py
[2024-10-18T11:08:43.803+0000] {logging_mixin.py:190} INFO - [2024-10-18T11:08:43.803+0000] {dag.py:3239} INFO - Sync 1 DAGs
[2024-10-18T11:08:43.815+0000] {logging_mixin.py:190} INFO - [2024-10-18T11:08:43.815+0000] {dag.py:4180} INFO - Setting next_dagrun for example_bash_decorator to None, run_after=None
[2024-10-18T11:08:43.833+0000] {processor.py:208} INFO - Processing /home/airflow/.local/lib/python3.12/site-packages/airflow/example_dags/example_bash_decorator.py took 0.072 seconds
[2024-10-18T11:09:14.140+0000] {processor.py:186} INFO - Started process (PID=7504) to work on /home/airflow/.local/lib/python3.12/site-packages/airflow/example_dags/example_bash_decorator.py
[2024-10-18T11:09:14.141+0000] {processor.py:914} INFO - Processing file /home/airflow/.local/lib/python3.12/site-packages/airflow/example_dags/example_bash_decorator.py for tasks to queue
[2024-10-18T11:09:14.143+0000] {logging_mixin.py:190} INFO - [2024-10-18T11:09:14.143+0000] {dagbag.py:588} INFO - Filling up the DagBag from /home/airflow/.local/lib/python3.12/site-packages/airflow/example_dags/example_bash_decorator.py
[2024-10-18T11:09:14.158+0000] {processor.py:925} INFO - DAG(s) 'example_bash_decorator' retrieved from /home/airflow/.local/lib/python3.12/site-packages/airflow/example_dags/example_bash_decorator.py
[2024-10-18T11:09:14.181+0000] {logging_mixin.py:190} INFO - [2024-10-18T11:09:14.181+0000] {dag.py:3239} INFO - Sync 1 DAGs
[2024-10-18T11:09:14.198+0000] {logging_mixin.py:190} INFO - [2024-10-18T11:09:14.197+0000] {dag.py:4180} INFO - Setting next_dagrun for example_bash_decorator to None, run_after=None
[2024-10-18T11:09:14.221+0000] {processor.py:208} INFO - Processing /home/airflow/.local/lib/python3.12/site-packages/airflow/example_dags/example_bash_decorator.py took 0.085 seconds
[2024-10-18T11:09:44.390+0000] {processor.py:186} INFO - Started process (PID=7790) to work on /home/airflow/.local/lib/python3.12/site-packages/airflow/example_dags/example_bash_decorator.py
[2024-10-18T11:09:44.391+0000] {processor.py:914} INFO - Processing file /home/airflow/.local/lib/python3.12/site-packages/airflow/example_dags/example_bash_decorator.py for tasks to queue
[2024-10-18T11:09:44.393+0000] {logging_mixin.py:190} INFO - [2024-10-18T11:09:44.392+0000] {dagbag.py:588} INFO - Filling up the DagBag from /home/airflow/.local/lib/python3.12/site-packages/airflow/example_dags/example_bash_decorator.py
[2024-10-18T11:09:44.407+0000] {processor.py:925} INFO - DAG(s) 'example_bash_decorator' retrieved from /home/airflow/.local/lib/python3.12/site-packages/airflow/example_dags/example_bash_decorator.py
[2024-10-18T11:09:44.428+0000] {logging_mixin.py:190} INFO - [2024-10-18T11:09:44.428+0000] {dag.py:3239} INFO - Sync 1 DAGs
[2024-10-18T11:09:44.441+0000] {logging_mixin.py:190} INFO - [2024-10-18T11:09:44.441+0000] {dag.py:4180} INFO - Setting next_dagrun for example_bash_decorator to None, run_after=None
[2024-10-18T11:09:44.462+0000] {processor.py:208} INFO - Processing /home/airflow/.local/lib/python3.12/site-packages/airflow/example_dags/example_bash_decorator.py took 0.077 seconds
[2024-10-18T11:10:14.673+0000] {processor.py:186} INFO - Started process (PID=8076) to work on /home/airflow/.local/lib/python3.12/site-packages/airflow/example_dags/example_bash_decorator.py
[2024-10-18T11:10:14.674+0000] {processor.py:914} INFO - Processing file /home/airflow/.local/lib/python3.12/site-packages/airflow/example_dags/example_bash_decorator.py for tasks to queue
[2024-10-18T11:10:14.676+0000] {logging_mixin.py:190} INFO - [2024-10-18T11:10:14.676+0000] {dagbag.py:588} INFO - Filling up the DagBag from /home/airflow/.local/lib/python3.12/site-packages/airflow/example_dags/example_bash_decorator.py
[2024-10-18T11:10:14.689+0000] {processor.py:925} INFO - DAG(s) 'example_bash_decorator' retrieved from /home/airflow/.local/lib/python3.12/site-packages/airflow/example_dags/example_bash_decorator.py
[2024-10-18T11:10:14.710+0000] {logging_mixin.py:190} INFO - [2024-10-18T11:10:14.710+0000] {dag.py:3239} INFO - Sync 1 DAGs
[2024-10-18T11:10:14.723+0000] {logging_mixin.py:190} INFO - [2024-10-18T11:10:14.723+0000] {dag.py:4180} INFO - Setting next_dagrun for example_bash_decorator to None, run_after=None
[2024-10-18T11:10:14.740+0000] {processor.py:208} INFO - Processing /home/airflow/.local/lib/python3.12/site-packages/airflow/example_dags/example_bash_decorator.py took 0.072 seconds
[2024-10-18T11:10:45.514+0000] {processor.py:186} INFO - Started process (PID=8362) to work on /home/airflow/.local/lib/python3.12/site-packages/airflow/example_dags/example_bash_decorator.py
[2024-10-18T11:10:45.515+0000] {processor.py:914} INFO - Processing file /home/airflow/.local/lib/python3.12/site-packages/airflow/example_dags/example_bash_decorator.py for tasks to queue
[2024-10-18T11:10:45.518+0000] {logging_mixin.py:190} INFO - [2024-10-18T11:10:45.517+0000] {dagbag.py:588} INFO - Filling up the DagBag from /home/airflow/.local/lib/python3.12/site-packages/airflow/example_dags/example_bash_decorator.py
[2024-10-18T11:10:45.546+0000] {processor.py:925} INFO - DAG(s) 'example_bash_decorator' retrieved from /home/airflow/.local/lib/python3.12/site-packages/airflow/example_dags/example_bash_decorator.py
[2024-10-18T11:10:45.584+0000] {logging_mixin.py:190} INFO - [2024-10-18T11:10:45.583+0000] {dag.py:3239} INFO - Sync 1 DAGs
[2024-10-18T11:10:45.620+0000] {logging_mixin.py:190} INFO - [2024-10-18T11:10:45.617+0000] {dag.py:4180} INFO - Setting next_dagrun for example_bash_decorator to None, run_after=None
[2024-10-18T11:10:45.650+0000] {processor.py:208} INFO - Processing /home/airflow/.local/lib/python3.12/site-packages/airflow/example_dags/example_bash_decorator.py took 0.149 seconds
[2024-10-18T11:11:16.013+0000] {processor.py:186} INFO - Started process (PID=8648) to work on /home/airflow/.local/lib/python3.12/site-packages/airflow/example_dags/example_bash_decorator.py
[2024-10-18T11:11:16.015+0000] {processor.py:914} INFO - Processing file /home/airflow/.local/lib/python3.12/site-packages/airflow/example_dags/example_bash_decorator.py for tasks to queue
[2024-10-18T11:11:16.017+0000] {logging_mixin.py:190} INFO - [2024-10-18T11:11:16.017+0000] {dagbag.py:588} INFO - Filling up the DagBag from /home/airflow/.local/lib/python3.12/site-packages/airflow/example_dags/example_bash_decorator.py
[2024-10-18T11:11:16.036+0000] {processor.py:925} INFO - DAG(s) 'example_bash_decorator' retrieved from /home/airflow/.local/lib/python3.12/site-packages/airflow/example_dags/example_bash_decorator.py
[2024-10-18T11:11:16.065+0000] {logging_mixin.py:190} INFO - [2024-10-18T11:11:16.065+0000] {dag.py:3239} INFO - Sync 1 DAGs
[2024-10-18T11:11:16.085+0000] {logging_mixin.py:190} INFO - [2024-10-18T11:11:16.084+0000] {dag.py:4180} INFO - Setting next_dagrun for example_bash_decorator to None, run_after=None
[2024-10-18T11:11:16.108+0000] {processor.py:208} INFO - Processing /home/airflow/.local/lib/python3.12/site-packages/airflow/example_dags/example_bash_decorator.py took 0.101 seconds
[2024-10-18T11:11:47.072+0000] {processor.py:186} INFO - Started process (PID=8934) to work on /home/airflow/.local/lib/python3.12/site-packages/airflow/example_dags/example_bash_decorator.py
[2024-10-18T11:11:47.073+0000] {processor.py:914} INFO - Processing file /home/airflow/.local/lib/python3.12/site-packages/airflow/example_dags/example_bash_decorator.py for tasks to queue
[2024-10-18T11:11:47.076+0000] {logging_mixin.py:190} INFO - [2024-10-18T11:11:47.076+0000] {dagbag.py:588} INFO - Filling up the DagBag from /home/airflow/.local/lib/python3.12/site-packages/airflow/example_dags/example_bash_decorator.py
[2024-10-18T11:11:47.100+0000] {processor.py:925} INFO - DAG(s) 'example_bash_decorator' retrieved from /home/airflow/.local/lib/python3.12/site-packages/airflow/example_dags/example_bash_decorator.py
[2024-10-18T11:11:47.137+0000] {logging_mixin.py:190} INFO - [2024-10-18T11:11:47.137+0000] {dag.py:3239} INFO - Sync 1 DAGs
[2024-10-18T11:11:47.157+0000] {logging_mixin.py:190} INFO - [2024-10-18T11:11:47.157+0000] {dag.py:4180} INFO - Setting next_dagrun for example_bash_decorator to None, run_after=None
[2024-10-18T11:11:47.191+0000] {processor.py:208} INFO - Processing /home/airflow/.local/lib/python3.12/site-packages/airflow/example_dags/example_bash_decorator.py took 0.128 seconds
[2024-10-18T11:12:18.106+0000] {processor.py:186} INFO - Started process (PID=9225) to work on /home/airflow/.local/lib/python3.12/site-packages/airflow/example_dags/example_bash_decorator.py
[2024-10-18T11:12:18.108+0000] {processor.py:914} INFO - Processing file /home/airflow/.local/lib/python3.12/site-packages/airflow/example_dags/example_bash_decorator.py for tasks to queue
[2024-10-18T11:12:18.110+0000] {logging_mixin.py:190} INFO - [2024-10-18T11:12:18.110+0000] {dagbag.py:588} INFO - Filling up the DagBag from /home/airflow/.local/lib/python3.12/site-packages/airflow/example_dags/example_bash_decorator.py
[2024-10-18T11:12:18.123+0000] {processor.py:925} INFO - DAG(s) 'example_bash_decorator' retrieved from /home/airflow/.local/lib/python3.12/site-packages/airflow/example_dags/example_bash_decorator.py
[2024-10-18T11:12:18.146+0000] {logging_mixin.py:190} INFO - [2024-10-18T11:12:18.145+0000] {dag.py:3239} INFO - Sync 1 DAGs
[2024-10-18T11:12:18.161+0000] {logging_mixin.py:190} INFO - [2024-10-18T11:12:18.160+0000] {dag.py:4180} INFO - Setting next_dagrun for example_bash_decorator to None, run_after=None
[2024-10-18T11:12:18.181+0000] {processor.py:208} INFO - Processing /home/airflow/.local/lib/python3.12/site-packages/airflow/example_dags/example_bash_decorator.py took 0.080 seconds
[2024-10-18T11:12:48.265+0000] {processor.py:186} INFO - Started process (PID=9512) to work on /home/airflow/.local/lib/python3.12/site-packages/airflow/example_dags/example_bash_decorator.py
[2024-10-18T11:12:48.267+0000] {processor.py:914} INFO - Processing file /home/airflow/.local/lib/python3.12/site-packages/airflow/example_dags/example_bash_decorator.py for tasks to queue
[2024-10-18T11:12:48.272+0000] {logging_mixin.py:190} INFO - [2024-10-18T11:12:48.271+0000] {dagbag.py:588} INFO - Filling up the DagBag from /home/airflow/.local/lib/python3.12/site-packages/airflow/example_dags/example_bash_decorator.py
[2024-10-18T11:12:48.296+0000] {processor.py:925} INFO - DAG(s) 'example_bash_decorator' retrieved from /home/airflow/.local/lib/python3.12/site-packages/airflow/example_dags/example_bash_decorator.py
[2024-10-18T11:12:48.337+0000] {logging_mixin.py:190} INFO - [2024-10-18T11:12:48.337+0000] {dag.py:3239} INFO - Sync 1 DAGs
[2024-10-18T11:12:48.362+0000] {logging_mixin.py:190} INFO - [2024-10-18T11:12:48.361+0000] {dag.py:4180} INFO - Setting next_dagrun for example_bash_decorator to None, run_after=None
[2024-10-18T11:12:48.397+0000] {processor.py:208} INFO - Processing /home/airflow/.local/lib/python3.12/site-packages/airflow/example_dags/example_bash_decorator.py took 0.141 seconds
[2024-10-18T11:13:18.848+0000] {processor.py:186} INFO - Started process (PID=9798) to work on /home/airflow/.local/lib/python3.12/site-packages/airflow/example_dags/example_bash_decorator.py
[2024-10-18T11:13:18.849+0000] {processor.py:914} INFO - Processing file /home/airflow/.local/lib/python3.12/site-packages/airflow/example_dags/example_bash_decorator.py for tasks to queue
[2024-10-18T11:13:18.852+0000] {logging_mixin.py:190} INFO - [2024-10-18T11:13:18.851+0000] {dagbag.py:588} INFO - Filling up the DagBag from /home/airflow/.local/lib/python3.12/site-packages/airflow/example_dags/example_bash_decorator.py
[2024-10-18T11:13:18.865+0000] {processor.py:925} INFO - DAG(s) 'example_bash_decorator' retrieved from /home/airflow/.local/lib/python3.12/site-packages/airflow/example_dags/example_bash_decorator.py
[2024-10-18T11:13:18.887+0000] {logging_mixin.py:190} INFO - [2024-10-18T11:13:18.886+0000] {dag.py:3239} INFO - Sync 1 DAGs
[2024-10-18T11:13:18.900+0000] {logging_mixin.py:190} INFO - [2024-10-18T11:13:18.900+0000] {dag.py:4180} INFO - Setting next_dagrun for example_bash_decorator to None, run_after=None
[2024-10-18T11:13:18.919+0000] {processor.py:208} INFO - Processing /home/airflow/.local/lib/python3.12/site-packages/airflow/example_dags/example_bash_decorator.py took 0.075 seconds
[2024-10-18T11:13:49.638+0000] {processor.py:186} INFO - Started process (PID=10084) to work on /home/airflow/.local/lib/python3.12/site-packages/airflow/example_dags/example_bash_decorator.py
[2024-10-18T11:13:49.640+0000] {processor.py:914} INFO - Processing file /home/airflow/.local/lib/python3.12/site-packages/airflow/example_dags/example_bash_decorator.py for tasks to queue
[2024-10-18T11:13:49.643+0000] {logging_mixin.py:190} INFO - [2024-10-18T11:13:49.643+0000] {dagbag.py:588} INFO - Filling up the DagBag from /home/airflow/.local/lib/python3.12/site-packages/airflow/example_dags/example_bash_decorator.py
[2024-10-18T11:13:49.679+0000] {processor.py:925} INFO - DAG(s) 'example_bash_decorator' retrieved from /home/airflow/.local/lib/python3.12/site-packages/airflow/example_dags/example_bash_decorator.py
[2024-10-18T11:13:49.743+0000] {logging_mixin.py:190} INFO - [2024-10-18T11:13:49.742+0000] {dag.py:3239} INFO - Sync 1 DAGs
[2024-10-18T11:13:49.782+0000] {logging_mixin.py:190} INFO - [2024-10-18T11:13:49.782+0000] {dag.py:4180} INFO - Setting next_dagrun for example_bash_decorator to None, run_after=None
[2024-10-18T11:13:49.817+0000] {processor.py:208} INFO - Processing /home/airflow/.local/lib/python3.12/site-packages/airflow/example_dags/example_bash_decorator.py took 0.188 seconds
[2024-10-18T11:14:20.489+0000] {processor.py:186} INFO - Started process (PID=10384) to work on /home/airflow/.local/lib/python3.12/site-packages/airflow/example_dags/example_bash_decorator.py
[2024-10-18T11:14:20.491+0000] {processor.py:914} INFO - Processing file /home/airflow/.local/lib/python3.12/site-packages/airflow/example_dags/example_bash_decorator.py for tasks to queue
[2024-10-18T11:14:20.493+0000] {logging_mixin.py:190} INFO - [2024-10-18T11:14:20.492+0000] {dagbag.py:588} INFO - Filling up the DagBag from /home/airflow/.local/lib/python3.12/site-packages/airflow/example_dags/example_bash_decorator.py
[2024-10-18T11:14:20.507+0000] {processor.py:925} INFO - DAG(s) 'example_bash_decorator' retrieved from /home/airflow/.local/lib/python3.12/site-packages/airflow/example_dags/example_bash_decorator.py
[2024-10-18T11:14:20.531+0000] {logging_mixin.py:190} INFO - [2024-10-18T11:14:20.531+0000] {dag.py:3239} INFO - Sync 1 DAGs
[2024-10-18T11:14:20.547+0000] {logging_mixin.py:190} INFO - [2024-10-18T11:14:20.546+0000] {dag.py:4180} INFO - Setting next_dagrun for example_bash_decorator to None, run_after=None
[2024-10-18T11:14:20.567+0000] {processor.py:208} INFO - Processing /home/airflow/.local/lib/python3.12/site-packages/airflow/example_dags/example_bash_decorator.py took 0.082 seconds
[2024-10-18T11:14:51.121+0000] {processor.py:186} INFO - Started process (PID=10680) to work on /home/airflow/.local/lib/python3.12/site-packages/airflow/example_dags/example_bash_decorator.py
[2024-10-18T11:14:51.123+0000] {processor.py:914} INFO - Processing file /home/airflow/.local/lib/python3.12/site-packages/airflow/example_dags/example_bash_decorator.py for tasks to queue
[2024-10-18T11:14:51.128+0000] {logging_mixin.py:190} INFO - [2024-10-18T11:14:51.127+0000] {dagbag.py:588} INFO - Filling up the DagBag from /home/airflow/.local/lib/python3.12/site-packages/airflow/example_dags/example_bash_decorator.py
[2024-10-18T11:14:51.149+0000] {processor.py:925} INFO - DAG(s) 'example_bash_decorator' retrieved from /home/airflow/.local/lib/python3.12/site-packages/airflow/example_dags/example_bash_decorator.py
[2024-10-18T11:14:51.181+0000] {logging_mixin.py:190} INFO - [2024-10-18T11:14:51.181+0000] {dag.py:3239} INFO - Sync 1 DAGs
[2024-10-18T11:14:51.207+0000] {logging_mixin.py:190} INFO - [2024-10-18T11:14:51.207+0000] {dag.py:4180} INFO - Setting next_dagrun for example_bash_decorator to None, run_after=None
[2024-10-18T11:14:51.236+0000] {processor.py:208} INFO - Processing /home/airflow/.local/lib/python3.12/site-packages/airflow/example_dags/example_bash_decorator.py took 0.124 seconds
[2024-10-18T11:15:21.676+0000] {processor.py:186} INFO - Started process (PID=10966) to work on /home/airflow/.local/lib/python3.12/site-packages/airflow/example_dags/example_bash_decorator.py
[2024-10-18T11:15:21.677+0000] {processor.py:914} INFO - Processing file /home/airflow/.local/lib/python3.12/site-packages/airflow/example_dags/example_bash_decorator.py for tasks to queue
[2024-10-18T11:15:21.679+0000] {logging_mixin.py:190} INFO - [2024-10-18T11:15:21.679+0000] {dagbag.py:588} INFO - Filling up the DagBag from /home/airflow/.local/lib/python3.12/site-packages/airflow/example_dags/example_bash_decorator.py
[2024-10-18T11:15:21.698+0000] {processor.py:925} INFO - DAG(s) 'example_bash_decorator' retrieved from /home/airflow/.local/lib/python3.12/site-packages/airflow/example_dags/example_bash_decorator.py
[2024-10-18T11:15:21.724+0000] {logging_mixin.py:190} INFO - [2024-10-18T11:15:21.724+0000] {dag.py:3239} INFO - Sync 1 DAGs
[2024-10-18T11:15:21.740+0000] {logging_mixin.py:190} INFO - [2024-10-18T11:15:21.740+0000] {dag.py:4180} INFO - Setting next_dagrun for example_bash_decorator to None, run_after=None
[2024-10-18T11:15:21.759+0000] {processor.py:208} INFO - Processing /home/airflow/.local/lib/python3.12/site-packages/airflow/example_dags/example_bash_decorator.py took 0.089 seconds
[2024-10-18T11:15:52.301+0000] {processor.py:186} INFO - Started process (PID=11252) to work on /home/airflow/.local/lib/python3.12/site-packages/airflow/example_dags/example_bash_decorator.py
[2024-10-18T11:15:52.302+0000] {processor.py:914} INFO - Processing file /home/airflow/.local/lib/python3.12/site-packages/airflow/example_dags/example_bash_decorator.py for tasks to queue
[2024-10-18T11:15:52.305+0000] {logging_mixin.py:190} INFO - [2024-10-18T11:15:52.305+0000] {dagbag.py:588} INFO - Filling up the DagBag from /home/airflow/.local/lib/python3.12/site-packages/airflow/example_dags/example_bash_decorator.py
[2024-10-18T11:15:52.324+0000] {processor.py:925} INFO - DAG(s) 'example_bash_decorator' retrieved from /home/airflow/.local/lib/python3.12/site-packages/airflow/example_dags/example_bash_decorator.py
[2024-10-18T11:15:52.357+0000] {logging_mixin.py:190} INFO - [2024-10-18T11:15:52.356+0000] {dag.py:3239} INFO - Sync 1 DAGs
[2024-10-18T11:15:52.376+0000] {logging_mixin.py:190} INFO - [2024-10-18T11:15:52.375+0000] {dag.py:4180} INFO - Setting next_dagrun for example_bash_decorator to None, run_after=None
[2024-10-18T11:15:52.399+0000] {processor.py:208} INFO - Processing /home/airflow/.local/lib/python3.12/site-packages/airflow/example_dags/example_bash_decorator.py took 0.108 seconds
[2024-10-18T11:16:22.612+0000] {processor.py:186} INFO - Started process (PID=11537) to work on /home/airflow/.local/lib/python3.12/site-packages/airflow/example_dags/example_bash_decorator.py
[2024-10-18T11:16:22.613+0000] {processor.py:914} INFO - Processing file /home/airflow/.local/lib/python3.12/site-packages/airflow/example_dags/example_bash_decorator.py for tasks to queue
[2024-10-18T11:16:22.616+0000] {logging_mixin.py:190} INFO - [2024-10-18T11:16:22.615+0000] {dagbag.py:588} INFO - Filling up the DagBag from /home/airflow/.local/lib/python3.12/site-packages/airflow/example_dags/example_bash_decorator.py
[2024-10-18T11:16:22.638+0000] {processor.py:925} INFO - DAG(s) 'example_bash_decorator' retrieved from /home/airflow/.local/lib/python3.12/site-packages/airflow/example_dags/example_bash_decorator.py
[2024-10-18T11:16:22.665+0000] {logging_mixin.py:190} INFO - [2024-10-18T11:16:22.664+0000] {dag.py:3239} INFO - Sync 1 DAGs
[2024-10-18T11:16:22.689+0000] {logging_mixin.py:190} INFO - [2024-10-18T11:16:22.689+0000] {dag.py:4180} INFO - Setting next_dagrun for example_bash_decorator to None, run_after=None
[2024-10-18T11:16:22.716+0000] {processor.py:208} INFO - Processing /home/airflow/.local/lib/python3.12/site-packages/airflow/example_dags/example_bash_decorator.py took 0.111 seconds
[2024-10-18T11:16:53.095+0000] {processor.py:186} INFO - Started process (PID=11860) to work on /home/airflow/.local/lib/python3.12/site-packages/airflow/example_dags/example_bash_decorator.py
[2024-10-18T11:16:53.097+0000] {processor.py:914} INFO - Processing file /home/airflow/.local/lib/python3.12/site-packages/airflow/example_dags/example_bash_decorator.py for tasks to queue
[2024-10-18T11:16:53.101+0000] {logging_mixin.py:190} INFO - [2024-10-18T11:16:53.100+0000] {dagbag.py:588} INFO - Filling up the DagBag from /home/airflow/.local/lib/python3.12/site-packages/airflow/example_dags/example_bash_decorator.py
[2024-10-18T11:16:53.131+0000] {processor.py:925} INFO - DAG(s) 'example_bash_decorator' retrieved from /home/airflow/.local/lib/python3.12/site-packages/airflow/example_dags/example_bash_decorator.py
[2024-10-18T11:16:53.184+0000] {logging_mixin.py:190} INFO - [2024-10-18T11:16:53.183+0000] {dag.py:3239} INFO - Sync 1 DAGs
[2024-10-18T11:16:53.222+0000] {logging_mixin.py:190} INFO - [2024-10-18T11:16:53.222+0000] {dag.py:4180} INFO - Setting next_dagrun for example_bash_decorator to None, run_after=None
[2024-10-18T11:16:53.260+0000] {processor.py:208} INFO - Processing /home/airflow/.local/lib/python3.12/site-packages/airflow/example_dags/example_bash_decorator.py took 0.179 seconds
[2024-10-18T11:17:24.217+0000] {processor.py:186} INFO - Started process (PID=12148) to work on /home/airflow/.local/lib/python3.12/site-packages/airflow/example_dags/example_bash_decorator.py
[2024-10-18T11:17:24.218+0000] {processor.py:914} INFO - Processing file /home/airflow/.local/lib/python3.12/site-packages/airflow/example_dags/example_bash_decorator.py for tasks to queue
[2024-10-18T11:17:24.221+0000] {logging_mixin.py:190} INFO - [2024-10-18T11:17:24.221+0000] {dagbag.py:588} INFO - Filling up the DagBag from /home/airflow/.local/lib/python3.12/site-packages/airflow/example_dags/example_bash_decorator.py
[2024-10-18T11:17:24.254+0000] {processor.py:925} INFO - DAG(s) 'example_bash_decorator' retrieved from /home/airflow/.local/lib/python3.12/site-packages/airflow/example_dags/example_bash_decorator.py
[2024-10-18T11:17:24.303+0000] {logging_mixin.py:190} INFO - [2024-10-18T11:17:24.303+0000] {dag.py:3239} INFO - Sync 1 DAGs
[2024-10-18T11:17:24.335+0000] {logging_mixin.py:190} INFO - [2024-10-18T11:17:24.335+0000] {dag.py:4180} INFO - Setting next_dagrun for example_bash_decorator to None, run_after=None
[2024-10-18T11:17:24.383+0000] {processor.py:208} INFO - Processing /home/airflow/.local/lib/python3.12/site-packages/airflow/example_dags/example_bash_decorator.py took 0.182 seconds
[2024-10-18T11:17:55.141+0000] {processor.py:186} INFO - Started process (PID=12440) to work on /home/airflow/.local/lib/python3.12/site-packages/airflow/example_dags/example_bash_decorator.py
[2024-10-18T11:17:55.143+0000] {processor.py:914} INFO - Processing file /home/airflow/.local/lib/python3.12/site-packages/airflow/example_dags/example_bash_decorator.py for tasks to queue
[2024-10-18T11:17:55.148+0000] {logging_mixin.py:190} INFO - [2024-10-18T11:17:55.147+0000] {dagbag.py:588} INFO - Filling up the DagBag from /home/airflow/.local/lib/python3.12/site-packages/airflow/example_dags/example_bash_decorator.py
[2024-10-18T11:17:55.196+0000] {processor.py:925} INFO - DAG(s) 'example_bash_decorator' retrieved from /home/airflow/.local/lib/python3.12/site-packages/airflow/example_dags/example_bash_decorator.py
[2024-10-18T11:17:55.259+0000] {logging_mixin.py:190} INFO - [2024-10-18T11:17:55.258+0000] {dag.py:3239} INFO - Sync 1 DAGs
[2024-10-18T11:17:55.296+0000] {logging_mixin.py:190} INFO - [2024-10-18T11:17:55.296+0000] {dag.py:4180} INFO - Setting next_dagrun for example_bash_decorator to None, run_after=None
[2024-10-18T11:17:55.356+0000] {processor.py:208} INFO - Processing /home/airflow/.local/lib/python3.12/site-packages/airflow/example_dags/example_bash_decorator.py took 0.229 seconds
[2024-10-18T11:18:25.547+0000] {processor.py:186} INFO - Started process (PID=12726) to work on /home/airflow/.local/lib/python3.12/site-packages/airflow/example_dags/example_bash_decorator.py
[2024-10-18T11:18:25.550+0000] {processor.py:914} INFO - Processing file /home/airflow/.local/lib/python3.12/site-packages/airflow/example_dags/example_bash_decorator.py for tasks to queue
[2024-10-18T11:18:25.554+0000] {logging_mixin.py:190} INFO - [2024-10-18T11:18:25.554+0000] {dagbag.py:588} INFO - Filling up the DagBag from /home/airflow/.local/lib/python3.12/site-packages/airflow/example_dags/example_bash_decorator.py
[2024-10-18T11:18:25.600+0000] {processor.py:925} INFO - DAG(s) 'example_bash_decorator' retrieved from /home/airflow/.local/lib/python3.12/site-packages/airflow/example_dags/example_bash_decorator.py
[2024-10-18T11:18:25.667+0000] {logging_mixin.py:190} INFO - [2024-10-18T11:18:25.667+0000] {dag.py:3239} INFO - Sync 1 DAGs
[2024-10-18T11:18:25.711+0000] {logging_mixin.py:190} INFO - [2024-10-18T11:18:25.708+0000] {dag.py:4180} INFO - Setting next_dagrun for example_bash_decorator to None, run_after=None
[2024-10-18T11:18:25.754+0000] {processor.py:208} INFO - Processing /home/airflow/.local/lib/python3.12/site-packages/airflow/example_dags/example_bash_decorator.py took 0.223 seconds
[2024-10-18T11:18:55.857+0000] {processor.py:186} INFO - Started process (PID=13013) to work on /home/airflow/.local/lib/python3.12/site-packages/airflow/example_dags/example_bash_decorator.py
[2024-10-18T11:18:55.858+0000] {processor.py:914} INFO - Processing file /home/airflow/.local/lib/python3.12/site-packages/airflow/example_dags/example_bash_decorator.py for tasks to queue
[2024-10-18T11:18:55.860+0000] {logging_mixin.py:190} INFO - [2024-10-18T11:18:55.860+0000] {dagbag.py:588} INFO - Filling up the DagBag from /home/airflow/.local/lib/python3.12/site-packages/airflow/example_dags/example_bash_decorator.py
[2024-10-18T11:18:55.874+0000] {processor.py:925} INFO - DAG(s) 'example_bash_decorator' retrieved from /home/airflow/.local/lib/python3.12/site-packages/airflow/example_dags/example_bash_decorator.py
[2024-10-18T11:18:55.896+0000] {logging_mixin.py:190} INFO - [2024-10-18T11:18:55.896+0000] {dag.py:3239} INFO - Sync 1 DAGs
[2024-10-18T11:18:55.909+0000] {logging_mixin.py:190} INFO - [2024-10-18T11:18:55.909+0000] {dag.py:4180} INFO - Setting next_dagrun for example_bash_decorator to None, run_after=None
[2024-10-18T11:18:55.929+0000] {processor.py:208} INFO - Processing /home/airflow/.local/lib/python3.12/site-packages/airflow/example_dags/example_bash_decorator.py took 0.078 seconds
[2024-10-18T11:19:26.811+0000] {processor.py:186} INFO - Started process (PID=13299) to work on /home/airflow/.local/lib/python3.12/site-packages/airflow/example_dags/example_bash_decorator.py
[2024-10-18T11:19:26.812+0000] {processor.py:914} INFO - Processing file /home/airflow/.local/lib/python3.12/site-packages/airflow/example_dags/example_bash_decorator.py for tasks to queue
[2024-10-18T11:19:26.815+0000] {logging_mixin.py:190} INFO - [2024-10-18T11:19:26.814+0000] {dagbag.py:588} INFO - Filling up the DagBag from /home/airflow/.local/lib/python3.12/site-packages/airflow/example_dags/example_bash_decorator.py
[2024-10-18T11:19:26.831+0000] {processor.py:925} INFO - DAG(s) 'example_bash_decorator' retrieved from /home/airflow/.local/lib/python3.12/site-packages/airflow/example_dags/example_bash_decorator.py
[2024-10-18T11:19:26.860+0000] {logging_mixin.py:190} INFO - [2024-10-18T11:19:26.860+0000] {dag.py:3239} INFO - Sync 1 DAGs
[2024-10-18T11:19:26.877+0000] {logging_mixin.py:190} INFO - [2024-10-18T11:19:26.877+0000] {dag.py:4180} INFO - Setting next_dagrun for example_bash_decorator to None, run_after=None
[2024-10-18T11:19:26.899+0000] {processor.py:208} INFO - Processing /home/airflow/.local/lib/python3.12/site-packages/airflow/example_dags/example_bash_decorator.py took 0.095 seconds
[2024-10-18T11:19:57.720+0000] {processor.py:186} INFO - Started process (PID=13585) to work on /home/airflow/.local/lib/python3.12/site-packages/airflow/example_dags/example_bash_decorator.py
[2024-10-18T11:19:57.722+0000] {processor.py:914} INFO - Processing file /home/airflow/.local/lib/python3.12/site-packages/airflow/example_dags/example_bash_decorator.py for tasks to queue
[2024-10-18T11:19:57.724+0000] {logging_mixin.py:190} INFO - [2024-10-18T11:19:57.724+0000] {dagbag.py:588} INFO - Filling up the DagBag from /home/airflow/.local/lib/python3.12/site-packages/airflow/example_dags/example_bash_decorator.py
[2024-10-18T11:19:57.739+0000] {processor.py:925} INFO - DAG(s) 'example_bash_decorator' retrieved from /home/airflow/.local/lib/python3.12/site-packages/airflow/example_dags/example_bash_decorator.py
[2024-10-18T11:19:57.761+0000] {logging_mixin.py:190} INFO - [2024-10-18T11:19:57.761+0000] {dag.py:3239} INFO - Sync 1 DAGs
[2024-10-18T11:19:57.778+0000] {logging_mixin.py:190} INFO - [2024-10-18T11:19:57.777+0000] {dag.py:4180} INFO - Setting next_dagrun for example_bash_decorator to None, run_after=None
[2024-10-18T11:19:57.800+0000] {processor.py:208} INFO - Processing /home/airflow/.local/lib/python3.12/site-packages/airflow/example_dags/example_bash_decorator.py took 0.085 seconds
[2024-10-18T11:20:28.196+0000] {processor.py:186} INFO - Started process (PID=13872) to work on /home/airflow/.local/lib/python3.12/site-packages/airflow/example_dags/example_bash_decorator.py
[2024-10-18T11:20:28.197+0000] {processor.py:914} INFO - Processing file /home/airflow/.local/lib/python3.12/site-packages/airflow/example_dags/example_bash_decorator.py for tasks to queue
[2024-10-18T11:20:28.201+0000] {logging_mixin.py:190} INFO - [2024-10-18T11:20:28.201+0000] {dagbag.py:588} INFO - Filling up the DagBag from /home/airflow/.local/lib/python3.12/site-packages/airflow/example_dags/example_bash_decorator.py
[2024-10-18T11:20:28.221+0000] {processor.py:925} INFO - DAG(s) 'example_bash_decorator' retrieved from /home/airflow/.local/lib/python3.12/site-packages/airflow/example_dags/example_bash_decorator.py
[2024-10-18T11:20:28.258+0000] {logging_mixin.py:190} INFO - [2024-10-18T11:20:28.257+0000] {dag.py:3239} INFO - Sync 1 DAGs
[2024-10-18T11:20:28.278+0000] {logging_mixin.py:190} INFO - [2024-10-18T11:20:28.277+0000] {dag.py:4180} INFO - Setting next_dagrun for example_bash_decorator to None, run_after=None
[2024-10-18T11:20:28.306+0000] {processor.py:208} INFO - Processing /home/airflow/.local/lib/python3.12/site-packages/airflow/example_dags/example_bash_decorator.py took 0.117 seconds
[2024-10-18T11:20:58.618+0000] {processor.py:186} INFO - Started process (PID=14158) to work on /home/airflow/.local/lib/python3.12/site-packages/airflow/example_dags/example_bash_decorator.py
[2024-10-18T11:20:58.620+0000] {processor.py:914} INFO - Processing file /home/airflow/.local/lib/python3.12/site-packages/airflow/example_dags/example_bash_decorator.py for tasks to queue
[2024-10-18T11:20:58.622+0000] {logging_mixin.py:190} INFO - [2024-10-18T11:20:58.622+0000] {dagbag.py:588} INFO - Filling up the DagBag from /home/airflow/.local/lib/python3.12/site-packages/airflow/example_dags/example_bash_decorator.py
[2024-10-18T11:20:58.639+0000] {processor.py:925} INFO - DAG(s) 'example_bash_decorator' retrieved from /home/airflow/.local/lib/python3.12/site-packages/airflow/example_dags/example_bash_decorator.py
[2024-10-18T11:20:58.669+0000] {logging_mixin.py:190} INFO - [2024-10-18T11:20:58.668+0000] {dag.py:3239} INFO - Sync 1 DAGs
[2024-10-18T11:20:58.973+0000] {logging_mixin.py:190} INFO - [2024-10-18T11:20:58.972+0000] {dag.py:4180} INFO - Setting next_dagrun for example_bash_decorator to None, run_after=None
[2024-10-18T11:20:59.006+0000] {processor.py:208} INFO - Processing /home/airflow/.local/lib/python3.12/site-packages/airflow/example_dags/example_bash_decorator.py took 0.393 seconds
