[2024-10-18T10:56:35.337+0000] {processor.py:186} INFO - Started process (PID=404) to work on /home/airflow/.local/lib/python3.12/site-packages/airflow/example_dags/example_sla_dag.py
[2024-10-18T10:56:35.338+0000] {processor.py:914} INFO - Processing file /home/airflow/.local/lib/python3.12/site-packages/airflow/example_dags/example_sla_dag.py for tasks to queue
[2024-10-18T10:56:35.342+0000] {logging_mixin.py:190} INFO - [2024-10-18T10:56:35.341+0000] {dagbag.py:588} INFO - Filling up the DagBag from /home/airflow/.local/lib/python3.12/site-packages/airflow/example_dags/example_sla_dag.py
[2024-10-18T10:56:35.369+0000] {processor.py:925} INFO - DAG(s) 'example_sla_dag' retrieved from /home/airflow/.local/lib/python3.12/site-packages/airflow/example_dags/example_sla_dag.py
[2024-10-18T10:56:35.617+0000] {logging_mixin.py:190} INFO - [2024-10-18T10:56:35.616+0000] {override.py:1900} INFO - Created Permission View: can delete on DAG:example_sla_dag
[2024-10-18T10:56:35.636+0000] {logging_mixin.py:190} INFO - [2024-10-18T10:56:35.635+0000] {override.py:1900} INFO - Created Permission View: can edit on DAG:example_sla_dag
[2024-10-18T10:56:35.646+0000] {logging_mixin.py:190} INFO - [2024-10-18T10:56:35.646+0000] {override.py:1900} INFO - Created Permission View: can read on DAG:example_sla_dag
[2024-10-18T10:56:35.658+0000] {logging_mixin.py:190} INFO - [2024-10-18T10:56:35.658+0000] {override.py:1900} INFO - Created Permission View: can delete on DAG Run:example_sla_dag
[2024-10-18T10:56:35.674+0000] {logging_mixin.py:190} INFO - [2024-10-18T10:56:35.674+0000] {override.py:1900} INFO - Created Permission View: menu access on DAG Run:example_sla_dag
[2024-10-18T10:56:35.686+0000] {logging_mixin.py:190} INFO - [2024-10-18T10:56:35.685+0000] {override.py:1900} INFO - Created Permission View: can read on DAG Run:example_sla_dag
[2024-10-18T10:56:35.698+0000] {logging_mixin.py:190} INFO - [2024-10-18T10:56:35.698+0000] {override.py:1900} INFO - Created Permission View: can create on DAG Run:example_sla_dag
[2024-10-18T10:56:35.699+0000] {logging_mixin.py:190} INFO - [2024-10-18T10:56:35.699+0000] {dag.py:3239} INFO - Sync 1 DAGs
[2024-10-18T10:56:35.728+0000] {logging_mixin.py:190} INFO - [2024-10-18T10:56:35.727+0000] {dag.py:3262} INFO - Creating ORM DAG for example_sla_dag
[2024-10-18T10:56:35.759+0000] {logging_mixin.py:190} INFO - [2024-10-18T10:56:35.759+0000] {dag.py:4180} INFO - Setting next_dagrun for example_sla_dag to 2024-10-18 10:54:00+00:00, run_after=2024-10-18 10:56:00+00:00
[2024-10-18T10:56:35.791+0000] {processor.py:208} INFO - Processing /home/airflow/.local/lib/python3.12/site-packages/airflow/example_dags/example_sla_dag.py took 0.472 seconds
[2024-10-18T10:57:07.104+0000] {processor.py:186} INFO - Started process (PID=692) to work on /home/airflow/.local/lib/python3.12/site-packages/airflow/example_dags/example_sla_dag.py
[2024-10-18T10:57:07.107+0000] {processor.py:914} INFO - Processing file /home/airflow/.local/lib/python3.12/site-packages/airflow/example_dags/example_sla_dag.py for tasks to queue
[2024-10-18T10:57:07.124+0000] {logging_mixin.py:190} INFO - [2024-10-18T10:57:07.123+0000] {dagbag.py:588} INFO - Filling up the DagBag from /home/airflow/.local/lib/python3.12/site-packages/airflow/example_dags/example_sla_dag.py
[2024-10-18T10:57:07.233+0000] {processor.py:925} INFO - DAG(s) 'example_sla_dag' retrieved from /home/airflow/.local/lib/python3.12/site-packages/airflow/example_dags/example_sla_dag.py
[2024-10-18T10:57:07.283+0000] {logging_mixin.py:190} INFO - [2024-10-18T10:57:07.283+0000] {dag.py:3239} INFO - Sync 1 DAGs
[2024-10-18T10:57:07.341+0000] {logging_mixin.py:190} INFO - [2024-10-18T10:57:07.340+0000] {dag.py:4180} INFO - Setting next_dagrun for example_sla_dag to 2024-10-18 10:54:00+00:00, run_after=2024-10-18 10:56:00+00:00
[2024-10-18T10:57:07.375+0000] {processor.py:208} INFO - Processing /home/airflow/.local/lib/python3.12/site-packages/airflow/example_dags/example_sla_dag.py took 0.307 seconds
[2024-10-18T10:57:37.982+0000] {processor.py:186} INFO - Started process (PID=978) to work on /home/airflow/.local/lib/python3.12/site-packages/airflow/example_dags/example_sla_dag.py
[2024-10-18T10:57:37.990+0000] {processor.py:914} INFO - Processing file /home/airflow/.local/lib/python3.12/site-packages/airflow/example_dags/example_sla_dag.py for tasks to queue
[2024-10-18T10:57:37.993+0000] {logging_mixin.py:190} INFO - [2024-10-18T10:57:37.993+0000] {dagbag.py:588} INFO - Filling up the DagBag from /home/airflow/.local/lib/python3.12/site-packages/airflow/example_dags/example_sla_dag.py
[2024-10-18T10:57:38.013+0000] {processor.py:925} INFO - DAG(s) 'example_sla_dag' retrieved from /home/airflow/.local/lib/python3.12/site-packages/airflow/example_dags/example_sla_dag.py
[2024-10-18T10:57:38.057+0000] {logging_mixin.py:190} INFO - [2024-10-18T10:57:38.056+0000] {dag.py:3239} INFO - Sync 1 DAGs
[2024-10-18T10:57:38.113+0000] {logging_mixin.py:190} INFO - [2024-10-18T10:57:38.113+0000] {dag.py:4180} INFO - Setting next_dagrun for example_sla_dag to 2024-10-18 10:54:00+00:00, run_after=2024-10-18 10:56:00+00:00
[2024-10-18T10:57:38.161+0000] {processor.py:208} INFO - Processing /home/airflow/.local/lib/python3.12/site-packages/airflow/example_dags/example_sla_dag.py took 0.186 seconds
[2024-10-18T10:58:08.308+0000] {processor.py:186} INFO - Started process (PID=1268) to work on /home/airflow/.local/lib/python3.12/site-packages/airflow/example_dags/example_sla_dag.py
[2024-10-18T10:58:08.309+0000] {processor.py:914} INFO - Processing file /home/airflow/.local/lib/python3.12/site-packages/airflow/example_dags/example_sla_dag.py for tasks to queue
[2024-10-18T10:58:08.312+0000] {logging_mixin.py:190} INFO - [2024-10-18T10:58:08.312+0000] {dagbag.py:588} INFO - Filling up the DagBag from /home/airflow/.local/lib/python3.12/site-packages/airflow/example_dags/example_sla_dag.py
[2024-10-18T10:58:08.329+0000] {processor.py:925} INFO - DAG(s) 'example_sla_dag' retrieved from /home/airflow/.local/lib/python3.12/site-packages/airflow/example_dags/example_sla_dag.py
[2024-10-18T10:58:08.363+0000] {logging_mixin.py:190} INFO - [2024-10-18T10:58:08.362+0000] {dag.py:3239} INFO - Sync 1 DAGs
[2024-10-18T10:58:08.419+0000] {logging_mixin.py:190} INFO - [2024-10-18T10:58:08.419+0000] {dag.py:4180} INFO - Setting next_dagrun for example_sla_dag to 2024-10-18 10:56:00+00:00, run_after=2024-10-18 10:58:00+00:00
[2024-10-18T10:58:08.446+0000] {processor.py:208} INFO - Processing /home/airflow/.local/lib/python3.12/site-packages/airflow/example_dags/example_sla_dag.py took 0.148 seconds
[2024-10-18T10:58:39.086+0000] {processor.py:186} INFO - Started process (PID=1554) to work on /home/airflow/.local/lib/python3.12/site-packages/airflow/example_dags/example_sla_dag.py
[2024-10-18T10:58:39.087+0000] {processor.py:914} INFO - Processing file /home/airflow/.local/lib/python3.12/site-packages/airflow/example_dags/example_sla_dag.py for tasks to queue
[2024-10-18T10:58:39.090+0000] {logging_mixin.py:190} INFO - [2024-10-18T10:58:39.090+0000] {dagbag.py:588} INFO - Filling up the DagBag from /home/airflow/.local/lib/python3.12/site-packages/airflow/example_dags/example_sla_dag.py
[2024-10-18T10:58:39.102+0000] {processor.py:925} INFO - DAG(s) 'example_sla_dag' retrieved from /home/airflow/.local/lib/python3.12/site-packages/airflow/example_dags/example_sla_dag.py
[2024-10-18T10:58:39.125+0000] {logging_mixin.py:190} INFO - [2024-10-18T10:58:39.124+0000] {dag.py:3239} INFO - Sync 1 DAGs
[2024-10-18T10:58:39.153+0000] {logging_mixin.py:190} INFO - [2024-10-18T10:58:39.153+0000] {dag.py:4180} INFO - Setting next_dagrun for example_sla_dag to 2024-10-18 10:56:00+00:00, run_after=2024-10-18 10:58:00+00:00
[2024-10-18T10:58:39.178+0000] {processor.py:208} INFO - Processing /home/airflow/.local/lib/python3.12/site-packages/airflow/example_dags/example_sla_dag.py took 0.101 seconds
[2024-10-18T10:59:09.525+0000] {processor.py:186} INFO - Started process (PID=1839) to work on /home/airflow/.local/lib/python3.12/site-packages/airflow/example_dags/example_sla_dag.py
[2024-10-18T10:59:09.526+0000] {processor.py:914} INFO - Processing file /home/airflow/.local/lib/python3.12/site-packages/airflow/example_dags/example_sla_dag.py for tasks to queue
[2024-10-18T10:59:09.529+0000] {logging_mixin.py:190} INFO - [2024-10-18T10:59:09.528+0000] {dagbag.py:588} INFO - Filling up the DagBag from /home/airflow/.local/lib/python3.12/site-packages/airflow/example_dags/example_sla_dag.py
[2024-10-18T10:59:09.539+0000] {processor.py:925} INFO - DAG(s) 'example_sla_dag' retrieved from /home/airflow/.local/lib/python3.12/site-packages/airflow/example_dags/example_sla_dag.py
[2024-10-18T10:59:09.559+0000] {logging_mixin.py:190} INFO - [2024-10-18T10:59:09.559+0000] {dag.py:3239} INFO - Sync 1 DAGs
[2024-10-18T10:59:09.586+0000] {logging_mixin.py:190} INFO - [2024-10-18T10:59:09.586+0000] {dag.py:4180} INFO - Setting next_dagrun for example_sla_dag to 2024-10-18 10:56:00+00:00, run_after=2024-10-18 10:58:00+00:00
[2024-10-18T10:59:09.610+0000] {processor.py:208} INFO - Processing /home/airflow/.local/lib/python3.12/site-packages/airflow/example_dags/example_sla_dag.py took 0.091 seconds
[2024-10-18T10:59:39.901+0000] {processor.py:186} INFO - Started process (PID=2125) to work on /home/airflow/.local/lib/python3.12/site-packages/airflow/example_dags/example_sla_dag.py
[2024-10-18T10:59:39.902+0000] {processor.py:914} INFO - Processing file /home/airflow/.local/lib/python3.12/site-packages/airflow/example_dags/example_sla_dag.py for tasks to queue
[2024-10-18T10:59:39.904+0000] {logging_mixin.py:190} INFO - [2024-10-18T10:59:39.904+0000] {dagbag.py:588} INFO - Filling up the DagBag from /home/airflow/.local/lib/python3.12/site-packages/airflow/example_dags/example_sla_dag.py
[2024-10-18T10:59:39.912+0000] {processor.py:925} INFO - DAG(s) 'example_sla_dag' retrieved from /home/airflow/.local/lib/python3.12/site-packages/airflow/example_dags/example_sla_dag.py
[2024-10-18T10:59:39.931+0000] {logging_mixin.py:190} INFO - [2024-10-18T10:59:39.931+0000] {dag.py:3239} INFO - Sync 1 DAGs
[2024-10-18T10:59:39.953+0000] {logging_mixin.py:190} INFO - [2024-10-18T10:59:39.953+0000] {dag.py:4180} INFO - Setting next_dagrun for example_sla_dag to 2024-10-18 10:56:00+00:00, run_after=2024-10-18 10:58:00+00:00
[2024-10-18T10:59:39.973+0000] {processor.py:208} INFO - Processing /home/airflow/.local/lib/python3.12/site-packages/airflow/example_dags/example_sla_dag.py took 0.077 seconds
[2024-10-18T11:00:10.169+0000] {processor.py:186} INFO - Started process (PID=2411) to work on /home/airflow/.local/lib/python3.12/site-packages/airflow/example_dags/example_sla_dag.py
[2024-10-18T11:00:10.170+0000] {processor.py:914} INFO - Processing file /home/airflow/.local/lib/python3.12/site-packages/airflow/example_dags/example_sla_dag.py for tasks to queue
[2024-10-18T11:00:10.172+0000] {logging_mixin.py:190} INFO - [2024-10-18T11:00:10.171+0000] {dagbag.py:588} INFO - Filling up the DagBag from /home/airflow/.local/lib/python3.12/site-packages/airflow/example_dags/example_sla_dag.py
[2024-10-18T11:00:10.180+0000] {processor.py:925} INFO - DAG(s) 'example_sla_dag' retrieved from /home/airflow/.local/lib/python3.12/site-packages/airflow/example_dags/example_sla_dag.py
[2024-10-18T11:00:10.197+0000] {logging_mixin.py:190} INFO - [2024-10-18T11:00:10.197+0000] {dag.py:3239} INFO - Sync 1 DAGs
[2024-10-18T11:00:10.219+0000] {logging_mixin.py:190} INFO - [2024-10-18T11:00:10.219+0000] {dag.py:4180} INFO - Setting next_dagrun for example_sla_dag to 2024-10-18 10:58:00+00:00, run_after=2024-10-18 11:00:00+00:00
[2024-10-18T11:00:10.237+0000] {processor.py:208} INFO - Processing /home/airflow/.local/lib/python3.12/site-packages/airflow/example_dags/example_sla_dag.py took 0.073 seconds
[2024-10-18T11:00:40.743+0000] {processor.py:186} INFO - Started process (PID=2697) to work on /home/airflow/.local/lib/python3.12/site-packages/airflow/example_dags/example_sla_dag.py
[2024-10-18T11:00:40.744+0000] {processor.py:914} INFO - Processing file /home/airflow/.local/lib/python3.12/site-packages/airflow/example_dags/example_sla_dag.py for tasks to queue
[2024-10-18T11:00:40.747+0000] {logging_mixin.py:190} INFO - [2024-10-18T11:00:40.746+0000] {dagbag.py:588} INFO - Filling up the DagBag from /home/airflow/.local/lib/python3.12/site-packages/airflow/example_dags/example_sla_dag.py
[2024-10-18T11:00:40.755+0000] {processor.py:925} INFO - DAG(s) 'example_sla_dag' retrieved from /home/airflow/.local/lib/python3.12/site-packages/airflow/example_dags/example_sla_dag.py
[2024-10-18T11:00:40.774+0000] {logging_mixin.py:190} INFO - [2024-10-18T11:00:40.774+0000] {dag.py:3239} INFO - Sync 1 DAGs
[2024-10-18T11:00:40.798+0000] {logging_mixin.py:190} INFO - [2024-10-18T11:00:40.798+0000] {dag.py:4180} INFO - Setting next_dagrun for example_sla_dag to 2024-10-18 10:58:00+00:00, run_after=2024-10-18 11:00:00+00:00
[2024-10-18T11:00:40.816+0000] {processor.py:208} INFO - Processing /home/airflow/.local/lib/python3.12/site-packages/airflow/example_dags/example_sla_dag.py took 0.080 seconds
[2024-10-18T11:01:11.156+0000] {processor.py:186} INFO - Started process (PID=2983) to work on /home/airflow/.local/lib/python3.12/site-packages/airflow/example_dags/example_sla_dag.py
[2024-10-18T11:01:11.157+0000] {processor.py:914} INFO - Processing file /home/airflow/.local/lib/python3.12/site-packages/airflow/example_dags/example_sla_dag.py for tasks to queue
[2024-10-18T11:01:11.159+0000] {logging_mixin.py:190} INFO - [2024-10-18T11:01:11.159+0000] {dagbag.py:588} INFO - Filling up the DagBag from /home/airflow/.local/lib/python3.12/site-packages/airflow/example_dags/example_sla_dag.py
[2024-10-18T11:01:11.168+0000] {processor.py:925} INFO - DAG(s) 'example_sla_dag' retrieved from /home/airflow/.local/lib/python3.12/site-packages/airflow/example_dags/example_sla_dag.py
[2024-10-18T11:01:11.187+0000] {logging_mixin.py:190} INFO - [2024-10-18T11:01:11.186+0000] {dag.py:3239} INFO - Sync 1 DAGs
[2024-10-18T11:01:11.211+0000] {logging_mixin.py:190} INFO - [2024-10-18T11:01:11.210+0000] {dag.py:4180} INFO - Setting next_dagrun for example_sla_dag to 2024-10-18 10:58:00+00:00, run_after=2024-10-18 11:00:00+00:00
[2024-10-18T11:01:11.231+0000] {processor.py:208} INFO - Processing /home/airflow/.local/lib/python3.12/site-packages/airflow/example_dags/example_sla_dag.py took 0.080 seconds
[2024-10-18T11:01:41.728+0000] {processor.py:186} INFO - Started process (PID=3269) to work on /home/airflow/.local/lib/python3.12/site-packages/airflow/example_dags/example_sla_dag.py
[2024-10-18T11:01:41.729+0000] {processor.py:914} INFO - Processing file /home/airflow/.local/lib/python3.12/site-packages/airflow/example_dags/example_sla_dag.py for tasks to queue
[2024-10-18T11:01:41.731+0000] {logging_mixin.py:190} INFO - [2024-10-18T11:01:41.731+0000] {dagbag.py:588} INFO - Filling up the DagBag from /home/airflow/.local/lib/python3.12/site-packages/airflow/example_dags/example_sla_dag.py
[2024-10-18T11:01:41.739+0000] {processor.py:925} INFO - DAG(s) 'example_sla_dag' retrieved from /home/airflow/.local/lib/python3.12/site-packages/airflow/example_dags/example_sla_dag.py
[2024-10-18T11:01:41.758+0000] {logging_mixin.py:190} INFO - [2024-10-18T11:01:41.758+0000] {dag.py:3239} INFO - Sync 1 DAGs
[2024-10-18T11:01:41.781+0000] {logging_mixin.py:190} INFO - [2024-10-18T11:01:41.781+0000] {dag.py:4180} INFO - Setting next_dagrun for example_sla_dag to 2024-10-18 10:58:00+00:00, run_after=2024-10-18 11:00:00+00:00
[2024-10-18T11:01:41.801+0000] {processor.py:208} INFO - Processing /home/airflow/.local/lib/python3.12/site-packages/airflow/example_dags/example_sla_dag.py took 0.079 seconds
[2024-10-18T11:02:12.210+0000] {processor.py:186} INFO - Started process (PID=3555) to work on /home/airflow/.local/lib/python3.12/site-packages/airflow/example_dags/example_sla_dag.py
[2024-10-18T11:02:12.211+0000] {processor.py:914} INFO - Processing file /home/airflow/.local/lib/python3.12/site-packages/airflow/example_dags/example_sla_dag.py for tasks to queue
[2024-10-18T11:02:12.213+0000] {logging_mixin.py:190} INFO - [2024-10-18T11:02:12.213+0000] {dagbag.py:588} INFO - Filling up the DagBag from /home/airflow/.local/lib/python3.12/site-packages/airflow/example_dags/example_sla_dag.py
[2024-10-18T11:02:12.221+0000] {processor.py:925} INFO - DAG(s) 'example_sla_dag' retrieved from /home/airflow/.local/lib/python3.12/site-packages/airflow/example_dags/example_sla_dag.py
[2024-10-18T11:02:12.240+0000] {logging_mixin.py:190} INFO - [2024-10-18T11:02:12.240+0000] {dag.py:3239} INFO - Sync 1 DAGs
[2024-10-18T11:02:12.263+0000] {logging_mixin.py:190} INFO - [2024-10-18T11:02:12.263+0000] {dag.py:4180} INFO - Setting next_dagrun for example_sla_dag to 2024-10-18 11:00:00+00:00, run_after=2024-10-18 11:02:00+00:00
[2024-10-18T11:02:12.284+0000] {processor.py:208} INFO - Processing /home/airflow/.local/lib/python3.12/site-packages/airflow/example_dags/example_sla_dag.py took 0.078 seconds
[2024-10-18T11:02:42.677+0000] {processor.py:186} INFO - Started process (PID=3841) to work on /home/airflow/.local/lib/python3.12/site-packages/airflow/example_dags/example_sla_dag.py
[2024-10-18T11:02:42.678+0000] {processor.py:914} INFO - Processing file /home/airflow/.local/lib/python3.12/site-packages/airflow/example_dags/example_sla_dag.py for tasks to queue
[2024-10-18T11:02:42.680+0000] {logging_mixin.py:190} INFO - [2024-10-18T11:02:42.680+0000] {dagbag.py:588} INFO - Filling up the DagBag from /home/airflow/.local/lib/python3.12/site-packages/airflow/example_dags/example_sla_dag.py
[2024-10-18T11:02:42.688+0000] {processor.py:925} INFO - DAG(s) 'example_sla_dag' retrieved from /home/airflow/.local/lib/python3.12/site-packages/airflow/example_dags/example_sla_dag.py
[2024-10-18T11:02:42.707+0000] {logging_mixin.py:190} INFO - [2024-10-18T11:02:42.706+0000] {dag.py:3239} INFO - Sync 1 DAGs
[2024-10-18T11:02:42.729+0000] {logging_mixin.py:190} INFO - [2024-10-18T11:02:42.728+0000] {dag.py:4180} INFO - Setting next_dagrun for example_sla_dag to 2024-10-18 11:00:00+00:00, run_after=2024-10-18 11:02:00+00:00
[2024-10-18T11:02:42.749+0000] {processor.py:208} INFO - Processing /home/airflow/.local/lib/python3.12/site-packages/airflow/example_dags/example_sla_dag.py took 0.077 seconds
[2024-10-18T11:03:12.981+0000] {processor.py:186} INFO - Started process (PID=4127) to work on /home/airflow/.local/lib/python3.12/site-packages/airflow/example_dags/example_sla_dag.py
[2024-10-18T11:03:12.982+0000] {processor.py:914} INFO - Processing file /home/airflow/.local/lib/python3.12/site-packages/airflow/example_dags/example_sla_dag.py for tasks to queue
[2024-10-18T11:03:12.984+0000] {logging_mixin.py:190} INFO - [2024-10-18T11:03:12.984+0000] {dagbag.py:588} INFO - Filling up the DagBag from /home/airflow/.local/lib/python3.12/site-packages/airflow/example_dags/example_sla_dag.py
[2024-10-18T11:03:12.992+0000] {processor.py:925} INFO - DAG(s) 'example_sla_dag' retrieved from /home/airflow/.local/lib/python3.12/site-packages/airflow/example_dags/example_sla_dag.py
[2024-10-18T11:03:13.011+0000] {logging_mixin.py:190} INFO - [2024-10-18T11:03:13.011+0000] {dag.py:3239} INFO - Sync 1 DAGs
[2024-10-18T11:03:13.034+0000] {logging_mixin.py:190} INFO - [2024-10-18T11:03:13.033+0000] {dag.py:4180} INFO - Setting next_dagrun for example_sla_dag to 2024-10-18 11:00:00+00:00, run_after=2024-10-18 11:02:00+00:00
[2024-10-18T11:03:13.053+0000] {processor.py:208} INFO - Processing /home/airflow/.local/lib/python3.12/site-packages/airflow/example_dags/example_sla_dag.py took 0.077 seconds
[2024-10-18T11:03:43.438+0000] {processor.py:186} INFO - Started process (PID=4413) to work on /home/airflow/.local/lib/python3.12/site-packages/airflow/example_dags/example_sla_dag.py
[2024-10-18T11:03:43.439+0000] {processor.py:914} INFO - Processing file /home/airflow/.local/lib/python3.12/site-packages/airflow/example_dags/example_sla_dag.py for tasks to queue
[2024-10-18T11:03:43.441+0000] {logging_mixin.py:190} INFO - [2024-10-18T11:03:43.441+0000] {dagbag.py:588} INFO - Filling up the DagBag from /home/airflow/.local/lib/python3.12/site-packages/airflow/example_dags/example_sla_dag.py
[2024-10-18T11:03:43.449+0000] {processor.py:925} INFO - DAG(s) 'example_sla_dag' retrieved from /home/airflow/.local/lib/python3.12/site-packages/airflow/example_dags/example_sla_dag.py
[2024-10-18T11:03:43.467+0000] {logging_mixin.py:190} INFO - [2024-10-18T11:03:43.467+0000] {dag.py:3239} INFO - Sync 1 DAGs
[2024-10-18T11:03:43.489+0000] {logging_mixin.py:190} INFO - [2024-10-18T11:03:43.489+0000] {dag.py:4180} INFO - Setting next_dagrun for example_sla_dag to 2024-10-18 11:00:00+00:00, run_after=2024-10-18 11:02:00+00:00
[2024-10-18T11:03:43.507+0000] {processor.py:208} INFO - Processing /home/airflow/.local/lib/python3.12/site-packages/airflow/example_dags/example_sla_dag.py took 0.074 seconds
[2024-10-18T11:04:13.683+0000] {processor.py:186} INFO - Started process (PID=4699) to work on /home/airflow/.local/lib/python3.12/site-packages/airflow/example_dags/example_sla_dag.py
[2024-10-18T11:04:13.684+0000] {processor.py:914} INFO - Processing file /home/airflow/.local/lib/python3.12/site-packages/airflow/example_dags/example_sla_dag.py for tasks to queue
[2024-10-18T11:04:13.686+0000] {logging_mixin.py:190} INFO - [2024-10-18T11:04:13.685+0000] {dagbag.py:588} INFO - Filling up the DagBag from /home/airflow/.local/lib/python3.12/site-packages/airflow/example_dags/example_sla_dag.py
[2024-10-18T11:04:13.694+0000] {processor.py:925} INFO - DAG(s) 'example_sla_dag' retrieved from /home/airflow/.local/lib/python3.12/site-packages/airflow/example_dags/example_sla_dag.py
[2024-10-18T11:04:13.712+0000] {logging_mixin.py:190} INFO - [2024-10-18T11:04:13.712+0000] {dag.py:3239} INFO - Sync 1 DAGs
[2024-10-18T11:04:13.734+0000] {logging_mixin.py:190} INFO - [2024-10-18T11:04:13.734+0000] {dag.py:4180} INFO - Setting next_dagrun for example_sla_dag to 2024-10-18 11:02:00+00:00, run_after=2024-10-18 11:04:00+00:00
[2024-10-18T11:04:13.754+0000] {processor.py:208} INFO - Processing /home/airflow/.local/lib/python3.12/site-packages/airflow/example_dags/example_sla_dag.py took 0.075 seconds
[2024-10-18T11:04:43.932+0000] {processor.py:186} INFO - Started process (PID=4985) to work on /home/airflow/.local/lib/python3.12/site-packages/airflow/example_dags/example_sla_dag.py
[2024-10-18T11:04:43.933+0000] {processor.py:914} INFO - Processing file /home/airflow/.local/lib/python3.12/site-packages/airflow/example_dags/example_sla_dag.py for tasks to queue
[2024-10-18T11:04:43.935+0000] {logging_mixin.py:190} INFO - [2024-10-18T11:04:43.934+0000] {dagbag.py:588} INFO - Filling up the DagBag from /home/airflow/.local/lib/python3.12/site-packages/airflow/example_dags/example_sla_dag.py
[2024-10-18T11:04:43.943+0000] {processor.py:925} INFO - DAG(s) 'example_sla_dag' retrieved from /home/airflow/.local/lib/python3.12/site-packages/airflow/example_dags/example_sla_dag.py
[2024-10-18T11:04:43.961+0000] {logging_mixin.py:190} INFO - [2024-10-18T11:04:43.961+0000] {dag.py:3239} INFO - Sync 1 DAGs
[2024-10-18T11:04:43.984+0000] {logging_mixin.py:190} INFO - [2024-10-18T11:04:43.984+0000] {dag.py:4180} INFO - Setting next_dagrun for example_sla_dag to 2024-10-18 11:02:00+00:00, run_after=2024-10-18 11:04:00+00:00
[2024-10-18T11:04:44.004+0000] {processor.py:208} INFO - Processing /home/airflow/.local/lib/python3.12/site-packages/airflow/example_dags/example_sla_dag.py took 0.077 seconds
[2024-10-18T11:05:14.210+0000] {processor.py:186} INFO - Started process (PID=5271) to work on /home/airflow/.local/lib/python3.12/site-packages/airflow/example_dags/example_sla_dag.py
[2024-10-18T11:05:14.211+0000] {processor.py:914} INFO - Processing file /home/airflow/.local/lib/python3.12/site-packages/airflow/example_dags/example_sla_dag.py for tasks to queue
[2024-10-18T11:05:14.213+0000] {logging_mixin.py:190} INFO - [2024-10-18T11:05:14.213+0000] {dagbag.py:588} INFO - Filling up the DagBag from /home/airflow/.local/lib/python3.12/site-packages/airflow/example_dags/example_sla_dag.py
[2024-10-18T11:05:14.222+0000] {processor.py:925} INFO - DAG(s) 'example_sla_dag' retrieved from /home/airflow/.local/lib/python3.12/site-packages/airflow/example_dags/example_sla_dag.py
[2024-10-18T11:05:14.239+0000] {logging_mixin.py:190} INFO - [2024-10-18T11:05:14.239+0000] {dag.py:3239} INFO - Sync 1 DAGs
[2024-10-18T11:05:14.266+0000] {logging_mixin.py:190} INFO - [2024-10-18T11:05:14.266+0000] {dag.py:4180} INFO - Setting next_dagrun for example_sla_dag to 2024-10-18 11:02:00+00:00, run_after=2024-10-18 11:04:00+00:00
[2024-10-18T11:05:14.283+0000] {processor.py:208} INFO - Processing /home/airflow/.local/lib/python3.12/site-packages/airflow/example_dags/example_sla_dag.py took 0.079 seconds
[2024-10-18T11:05:44.502+0000] {processor.py:186} INFO - Started process (PID=5557) to work on /home/airflow/.local/lib/python3.12/site-packages/airflow/example_dags/example_sla_dag.py
[2024-10-18T11:05:44.503+0000] {processor.py:914} INFO - Processing file /home/airflow/.local/lib/python3.12/site-packages/airflow/example_dags/example_sla_dag.py for tasks to queue
[2024-10-18T11:05:44.505+0000] {logging_mixin.py:190} INFO - [2024-10-18T11:05:44.505+0000] {dagbag.py:588} INFO - Filling up the DagBag from /home/airflow/.local/lib/python3.12/site-packages/airflow/example_dags/example_sla_dag.py
[2024-10-18T11:05:44.513+0000] {processor.py:925} INFO - DAG(s) 'example_sla_dag' retrieved from /home/airflow/.local/lib/python3.12/site-packages/airflow/example_dags/example_sla_dag.py
[2024-10-18T11:05:44.532+0000] {logging_mixin.py:190} INFO - [2024-10-18T11:05:44.532+0000] {dag.py:3239} INFO - Sync 1 DAGs
[2024-10-18T11:05:44.554+0000] {logging_mixin.py:190} INFO - [2024-10-18T11:05:44.553+0000] {dag.py:4180} INFO - Setting next_dagrun for example_sla_dag to 2024-10-18 11:02:00+00:00, run_after=2024-10-18 11:04:00+00:00
[2024-10-18T11:05:44.574+0000] {processor.py:208} INFO - Processing /home/airflow/.local/lib/python3.12/site-packages/airflow/example_dags/example_sla_dag.py took 0.076 seconds
[2024-10-18T11:06:14.926+0000] {processor.py:186} INFO - Started process (PID=5843) to work on /home/airflow/.local/lib/python3.12/site-packages/airflow/example_dags/example_sla_dag.py
[2024-10-18T11:06:14.927+0000] {processor.py:914} INFO - Processing file /home/airflow/.local/lib/python3.12/site-packages/airflow/example_dags/example_sla_dag.py for tasks to queue
[2024-10-18T11:06:14.930+0000] {logging_mixin.py:190} INFO - [2024-10-18T11:06:14.929+0000] {dagbag.py:588} INFO - Filling up the DagBag from /home/airflow/.local/lib/python3.12/site-packages/airflow/example_dags/example_sla_dag.py
[2024-10-18T11:06:14.938+0000] {processor.py:925} INFO - DAG(s) 'example_sla_dag' retrieved from /home/airflow/.local/lib/python3.12/site-packages/airflow/example_dags/example_sla_dag.py
[2024-10-18T11:06:14.955+0000] {logging_mixin.py:190} INFO - [2024-10-18T11:06:14.955+0000] {dag.py:3239} INFO - Sync 1 DAGs
[2024-10-18T11:06:14.978+0000] {logging_mixin.py:190} INFO - [2024-10-18T11:06:14.977+0000] {dag.py:4180} INFO - Setting next_dagrun for example_sla_dag to 2024-10-18 11:04:00+00:00, run_after=2024-10-18 11:06:00+00:00
[2024-10-18T11:06:14.997+0000] {processor.py:208} INFO - Processing /home/airflow/.local/lib/python3.12/site-packages/airflow/example_dags/example_sla_dag.py took 0.076 seconds
[2024-10-18T11:06:45.358+0000] {processor.py:186} INFO - Started process (PID=6129) to work on /home/airflow/.local/lib/python3.12/site-packages/airflow/example_dags/example_sla_dag.py
[2024-10-18T11:06:45.359+0000] {processor.py:914} INFO - Processing file /home/airflow/.local/lib/python3.12/site-packages/airflow/example_dags/example_sla_dag.py for tasks to queue
[2024-10-18T11:06:45.361+0000] {logging_mixin.py:190} INFO - [2024-10-18T11:06:45.360+0000] {dagbag.py:588} INFO - Filling up the DagBag from /home/airflow/.local/lib/python3.12/site-packages/airflow/example_dags/example_sla_dag.py
[2024-10-18T11:06:45.369+0000] {processor.py:925} INFO - DAG(s) 'example_sla_dag' retrieved from /home/airflow/.local/lib/python3.12/site-packages/airflow/example_dags/example_sla_dag.py
[2024-10-18T11:06:45.387+0000] {logging_mixin.py:190} INFO - [2024-10-18T11:06:45.387+0000] {dag.py:3239} INFO - Sync 1 DAGs
[2024-10-18T11:06:45.409+0000] {logging_mixin.py:190} INFO - [2024-10-18T11:06:45.409+0000] {dag.py:4180} INFO - Setting next_dagrun for example_sla_dag to 2024-10-18 11:04:00+00:00, run_after=2024-10-18 11:06:00+00:00
[2024-10-18T11:06:45.428+0000] {processor.py:208} INFO - Processing /home/airflow/.local/lib/python3.12/site-packages/airflow/example_dags/example_sla_dag.py took 0.075 seconds
[2024-10-18T11:07:15.622+0000] {processor.py:186} INFO - Started process (PID=6415) to work on /home/airflow/.local/lib/python3.12/site-packages/airflow/example_dags/example_sla_dag.py
[2024-10-18T11:07:15.623+0000] {processor.py:914} INFO - Processing file /home/airflow/.local/lib/python3.12/site-packages/airflow/example_dags/example_sla_dag.py for tasks to queue
[2024-10-18T11:07:15.625+0000] {logging_mixin.py:190} INFO - [2024-10-18T11:07:15.625+0000] {dagbag.py:588} INFO - Filling up the DagBag from /home/airflow/.local/lib/python3.12/site-packages/airflow/example_dags/example_sla_dag.py
[2024-10-18T11:07:15.633+0000] {processor.py:925} INFO - DAG(s) 'example_sla_dag' retrieved from /home/airflow/.local/lib/python3.12/site-packages/airflow/example_dags/example_sla_dag.py
[2024-10-18T11:07:15.651+0000] {logging_mixin.py:190} INFO - [2024-10-18T11:07:15.651+0000] {dag.py:3239} INFO - Sync 1 DAGs
[2024-10-18T11:07:15.673+0000] {logging_mixin.py:190} INFO - [2024-10-18T11:07:15.673+0000] {dag.py:4180} INFO - Setting next_dagrun for example_sla_dag to 2024-10-18 11:04:00+00:00, run_after=2024-10-18 11:06:00+00:00
[2024-10-18T11:07:15.693+0000] {processor.py:208} INFO - Processing /home/airflow/.local/lib/python3.12/site-packages/airflow/example_dags/example_sla_dag.py took 0.076 seconds
[2024-10-18T11:07:46.014+0000] {processor.py:186} INFO - Started process (PID=6701) to work on /home/airflow/.local/lib/python3.12/site-packages/airflow/example_dags/example_sla_dag.py
[2024-10-18T11:07:46.015+0000] {processor.py:914} INFO - Processing file /home/airflow/.local/lib/python3.12/site-packages/airflow/example_dags/example_sla_dag.py for tasks to queue
[2024-10-18T11:07:46.017+0000] {logging_mixin.py:190} INFO - [2024-10-18T11:07:46.017+0000] {dagbag.py:588} INFO - Filling up the DagBag from /home/airflow/.local/lib/python3.12/site-packages/airflow/example_dags/example_sla_dag.py
[2024-10-18T11:07:46.025+0000] {processor.py:925} INFO - DAG(s) 'example_sla_dag' retrieved from /home/airflow/.local/lib/python3.12/site-packages/airflow/example_dags/example_sla_dag.py
[2024-10-18T11:07:46.043+0000] {logging_mixin.py:190} INFO - [2024-10-18T11:07:46.043+0000] {dag.py:3239} INFO - Sync 1 DAGs
[2024-10-18T11:07:46.065+0000] {logging_mixin.py:190} INFO - [2024-10-18T11:07:46.065+0000] {dag.py:4180} INFO - Setting next_dagrun for example_sla_dag to 2024-10-18 11:04:00+00:00, run_after=2024-10-18 11:06:00+00:00
[2024-10-18T11:07:46.085+0000] {processor.py:208} INFO - Processing /home/airflow/.local/lib/python3.12/site-packages/airflow/example_dags/example_sla_dag.py took 0.076 seconds
[2024-10-18T11:08:16.177+0000] {processor.py:186} INFO - Started process (PID=6987) to work on /home/airflow/.local/lib/python3.12/site-packages/airflow/example_dags/example_sla_dag.py
[2024-10-18T11:08:16.178+0000] {processor.py:914} INFO - Processing file /home/airflow/.local/lib/python3.12/site-packages/airflow/example_dags/example_sla_dag.py for tasks to queue
[2024-10-18T11:08:16.180+0000] {logging_mixin.py:190} INFO - [2024-10-18T11:08:16.180+0000] {dagbag.py:588} INFO - Filling up the DagBag from /home/airflow/.local/lib/python3.12/site-packages/airflow/example_dags/example_sla_dag.py
[2024-10-18T11:08:16.188+0000] {processor.py:925} INFO - DAG(s) 'example_sla_dag' retrieved from /home/airflow/.local/lib/python3.12/site-packages/airflow/example_dags/example_sla_dag.py
[2024-10-18T11:08:16.206+0000] {logging_mixin.py:190} INFO - [2024-10-18T11:08:16.206+0000] {dag.py:3239} INFO - Sync 1 DAGs
[2024-10-18T11:08:16.228+0000] {logging_mixin.py:190} INFO - [2024-10-18T11:08:16.228+0000] {dag.py:4180} INFO - Setting next_dagrun for example_sla_dag to 2024-10-18 11:06:00+00:00, run_after=2024-10-18 11:08:00+00:00
[2024-10-18T11:08:16.249+0000] {processor.py:208} INFO - Processing /home/airflow/.local/lib/python3.12/site-packages/airflow/example_dags/example_sla_dag.py took 0.077 seconds
[2024-10-18T11:08:46.455+0000] {processor.py:186} INFO - Started process (PID=7273) to work on /home/airflow/.local/lib/python3.12/site-packages/airflow/example_dags/example_sla_dag.py
[2024-10-18T11:08:46.456+0000] {processor.py:914} INFO - Processing file /home/airflow/.local/lib/python3.12/site-packages/airflow/example_dags/example_sla_dag.py for tasks to queue
[2024-10-18T11:08:46.459+0000] {logging_mixin.py:190} INFO - [2024-10-18T11:08:46.458+0000] {dagbag.py:588} INFO - Filling up the DagBag from /home/airflow/.local/lib/python3.12/site-packages/airflow/example_dags/example_sla_dag.py
[2024-10-18T11:08:46.467+0000] {processor.py:925} INFO - DAG(s) 'example_sla_dag' retrieved from /home/airflow/.local/lib/python3.12/site-packages/airflow/example_dags/example_sla_dag.py
[2024-10-18T11:08:46.484+0000] {logging_mixin.py:190} INFO - [2024-10-18T11:08:46.484+0000] {dag.py:3239} INFO - Sync 1 DAGs
[2024-10-18T11:08:46.506+0000] {logging_mixin.py:190} INFO - [2024-10-18T11:08:46.506+0000] {dag.py:4180} INFO - Setting next_dagrun for example_sla_dag to 2024-10-18 11:06:00+00:00, run_after=2024-10-18 11:08:00+00:00
[2024-10-18T11:08:46.523+0000] {processor.py:208} INFO - Processing /home/airflow/.local/lib/python3.12/site-packages/airflow/example_dags/example_sla_dag.py took 0.073 seconds
[2024-10-18T11:09:16.810+0000] {processor.py:186} INFO - Started process (PID=7559) to work on /home/airflow/.local/lib/python3.12/site-packages/airflow/example_dags/example_sla_dag.py
[2024-10-18T11:09:16.811+0000] {processor.py:914} INFO - Processing file /home/airflow/.local/lib/python3.12/site-packages/airflow/example_dags/example_sla_dag.py for tasks to queue
[2024-10-18T11:09:16.813+0000] {logging_mixin.py:190} INFO - [2024-10-18T11:09:16.813+0000] {dagbag.py:588} INFO - Filling up the DagBag from /home/airflow/.local/lib/python3.12/site-packages/airflow/example_dags/example_sla_dag.py
[2024-10-18T11:09:16.821+0000] {processor.py:925} INFO - DAG(s) 'example_sla_dag' retrieved from /home/airflow/.local/lib/python3.12/site-packages/airflow/example_dags/example_sla_dag.py
[2024-10-18T11:09:16.839+0000] {logging_mixin.py:190} INFO - [2024-10-18T11:09:16.839+0000] {dag.py:3239} INFO - Sync 1 DAGs
[2024-10-18T11:09:16.862+0000] {logging_mixin.py:190} INFO - [2024-10-18T11:09:16.861+0000] {dag.py:4180} INFO - Setting next_dagrun for example_sla_dag to 2024-10-18 11:06:00+00:00, run_after=2024-10-18 11:08:00+00:00
[2024-10-18T11:09:16.883+0000] {processor.py:208} INFO - Processing /home/airflow/.local/lib/python3.12/site-packages/airflow/example_dags/example_sla_dag.py took 0.078 seconds
[2024-10-18T11:09:47.085+0000] {processor.py:186} INFO - Started process (PID=7845) to work on /home/airflow/.local/lib/python3.12/site-packages/airflow/example_dags/example_sla_dag.py
[2024-10-18T11:09:47.086+0000] {processor.py:914} INFO - Processing file /home/airflow/.local/lib/python3.12/site-packages/airflow/example_dags/example_sla_dag.py for tasks to queue
[2024-10-18T11:09:47.088+0000] {logging_mixin.py:190} INFO - [2024-10-18T11:09:47.088+0000] {dagbag.py:588} INFO - Filling up the DagBag from /home/airflow/.local/lib/python3.12/site-packages/airflow/example_dags/example_sla_dag.py
[2024-10-18T11:09:47.096+0000] {processor.py:925} INFO - DAG(s) 'example_sla_dag' retrieved from /home/airflow/.local/lib/python3.12/site-packages/airflow/example_dags/example_sla_dag.py
[2024-10-18T11:09:47.114+0000] {logging_mixin.py:190} INFO - [2024-10-18T11:09:47.114+0000] {dag.py:3239} INFO - Sync 1 DAGs
[2024-10-18T11:09:47.137+0000] {logging_mixin.py:190} INFO - [2024-10-18T11:09:47.137+0000] {dag.py:4180} INFO - Setting next_dagrun for example_sla_dag to 2024-10-18 11:06:00+00:00, run_after=2024-10-18 11:08:00+00:00
[2024-10-18T11:09:47.154+0000] {processor.py:208} INFO - Processing /home/airflow/.local/lib/python3.12/site-packages/airflow/example_dags/example_sla_dag.py took 0.074 seconds
[2024-10-18T11:10:17.495+0000] {processor.py:186} INFO - Started process (PID=8131) to work on /home/airflow/.local/lib/python3.12/site-packages/airflow/example_dags/example_sla_dag.py
[2024-10-18T11:10:17.496+0000] {processor.py:914} INFO - Processing file /home/airflow/.local/lib/python3.12/site-packages/airflow/example_dags/example_sla_dag.py for tasks to queue
[2024-10-18T11:10:17.498+0000] {logging_mixin.py:190} INFO - [2024-10-18T11:10:17.498+0000] {dagbag.py:588} INFO - Filling up the DagBag from /home/airflow/.local/lib/python3.12/site-packages/airflow/example_dags/example_sla_dag.py
[2024-10-18T11:10:17.507+0000] {processor.py:925} INFO - DAG(s) 'example_sla_dag' retrieved from /home/airflow/.local/lib/python3.12/site-packages/airflow/example_dags/example_sla_dag.py
[2024-10-18T11:10:17.525+0000] {logging_mixin.py:190} INFO - [2024-10-18T11:10:17.525+0000] {dag.py:3239} INFO - Sync 1 DAGs
[2024-10-18T11:10:17.548+0000] {logging_mixin.py:190} INFO - [2024-10-18T11:10:17.548+0000] {dag.py:4180} INFO - Setting next_dagrun for example_sla_dag to 2024-10-18 11:08:00+00:00, run_after=2024-10-18 11:10:00+00:00
[2024-10-18T11:10:17.568+0000] {processor.py:208} INFO - Processing /home/airflow/.local/lib/python3.12/site-packages/airflow/example_dags/example_sla_dag.py took 0.078 seconds
[2024-10-18T11:10:47.645+0000] {processor.py:186} INFO - Started process (PID=8415) to work on /home/airflow/.local/lib/python3.12/site-packages/airflow/example_dags/example_sla_dag.py
[2024-10-18T11:10:47.646+0000] {processor.py:914} INFO - Processing file /home/airflow/.local/lib/python3.12/site-packages/airflow/example_dags/example_sla_dag.py for tasks to queue
[2024-10-18T11:10:47.649+0000] {logging_mixin.py:190} INFO - [2024-10-18T11:10:47.648+0000] {dagbag.py:588} INFO - Filling up the DagBag from /home/airflow/.local/lib/python3.12/site-packages/airflow/example_dags/example_sla_dag.py
[2024-10-18T11:10:47.666+0000] {processor.py:925} INFO - DAG(s) 'example_sla_dag' retrieved from /home/airflow/.local/lib/python3.12/site-packages/airflow/example_dags/example_sla_dag.py
[2024-10-18T11:10:47.703+0000] {logging_mixin.py:190} INFO - [2024-10-18T11:10:47.702+0000] {dag.py:3239} INFO - Sync 1 DAGs
[2024-10-18T11:10:47.757+0000] {logging_mixin.py:190} INFO - [2024-10-18T11:10:47.757+0000] {dag.py:4180} INFO - Setting next_dagrun for example_sla_dag to 2024-10-18 11:08:00+00:00, run_after=2024-10-18 11:10:00+00:00
[2024-10-18T11:10:47.795+0000] {processor.py:208} INFO - Processing /home/airflow/.local/lib/python3.12/site-packages/airflow/example_dags/example_sla_dag.py took 0.162 seconds
[2024-10-18T11:11:17.850+0000] {processor.py:186} INFO - Started process (PID=8701) to work on /home/airflow/.local/lib/python3.12/site-packages/airflow/example_dags/example_sla_dag.py
[2024-10-18T11:11:17.851+0000] {processor.py:914} INFO - Processing file /home/airflow/.local/lib/python3.12/site-packages/airflow/example_dags/example_sla_dag.py for tasks to queue
[2024-10-18T11:11:17.854+0000] {logging_mixin.py:190} INFO - [2024-10-18T11:11:17.853+0000] {dagbag.py:588} INFO - Filling up the DagBag from /home/airflow/.local/lib/python3.12/site-packages/airflow/example_dags/example_sla_dag.py
[2024-10-18T11:11:17.863+0000] {processor.py:925} INFO - DAG(s) 'example_sla_dag' retrieved from /home/airflow/.local/lib/python3.12/site-packages/airflow/example_dags/example_sla_dag.py
[2024-10-18T11:11:17.880+0000] {logging_mixin.py:190} INFO - [2024-10-18T11:11:17.880+0000] {dag.py:3239} INFO - Sync 1 DAGs
[2024-10-18T11:11:17.904+0000] {logging_mixin.py:190} INFO - [2024-10-18T11:11:17.904+0000] {dag.py:4180} INFO - Setting next_dagrun for example_sla_dag to 2024-10-18 11:08:00+00:00, run_after=2024-10-18 11:10:00+00:00
[2024-10-18T11:11:17.924+0000] {processor.py:208} INFO - Processing /home/airflow/.local/lib/python3.12/site-packages/airflow/example_dags/example_sla_dag.py took 0.079 seconds
[2024-10-18T11:11:48.407+0000] {processor.py:186} INFO - Started process (PID=8987) to work on /home/airflow/.local/lib/python3.12/site-packages/airflow/example_dags/example_sla_dag.py
[2024-10-18T11:11:48.409+0000] {processor.py:914} INFO - Processing file /home/airflow/.local/lib/python3.12/site-packages/airflow/example_dags/example_sla_dag.py for tasks to queue
[2024-10-18T11:11:48.414+0000] {logging_mixin.py:190} INFO - [2024-10-18T11:11:48.413+0000] {dagbag.py:588} INFO - Filling up the DagBag from /home/airflow/.local/lib/python3.12/site-packages/airflow/example_dags/example_sla_dag.py
[2024-10-18T11:11:48.429+0000] {processor.py:925} INFO - DAG(s) 'example_sla_dag' retrieved from /home/airflow/.local/lib/python3.12/site-packages/airflow/example_dags/example_sla_dag.py
[2024-10-18T11:11:48.456+0000] {logging_mixin.py:190} INFO - [2024-10-18T11:11:48.456+0000] {dag.py:3239} INFO - Sync 1 DAGs
[2024-10-18T11:11:48.493+0000] {logging_mixin.py:190} INFO - [2024-10-18T11:11:48.492+0000] {dag.py:4180} INFO - Setting next_dagrun for example_sla_dag to 2024-10-18 11:08:00+00:00, run_after=2024-10-18 11:10:00+00:00
[2024-10-18T11:11:48.518+0000] {processor.py:208} INFO - Processing /home/airflow/.local/lib/python3.12/site-packages/airflow/example_dags/example_sla_dag.py took 0.120 seconds
[2024-10-18T11:12:18.970+0000] {processor.py:186} INFO - Started process (PID=9278) to work on /home/airflow/.local/lib/python3.12/site-packages/airflow/example_dags/example_sla_dag.py
[2024-10-18T11:12:18.972+0000] {processor.py:914} INFO - Processing file /home/airflow/.local/lib/python3.12/site-packages/airflow/example_dags/example_sla_dag.py for tasks to queue
[2024-10-18T11:12:18.976+0000] {logging_mixin.py:190} INFO - [2024-10-18T11:12:18.975+0000] {dagbag.py:588} INFO - Filling up the DagBag from /home/airflow/.local/lib/python3.12/site-packages/airflow/example_dags/example_sla_dag.py
[2024-10-18T11:12:18.986+0000] {processor.py:925} INFO - DAG(s) 'example_sla_dag' retrieved from /home/airflow/.local/lib/python3.12/site-packages/airflow/example_dags/example_sla_dag.py
[2024-10-18T11:12:19.009+0000] {logging_mixin.py:190} INFO - [2024-10-18T11:12:19.009+0000] {dag.py:3239} INFO - Sync 1 DAGs
[2024-10-18T11:12:19.039+0000] {logging_mixin.py:190} INFO - [2024-10-18T11:12:19.038+0000] {dag.py:4180} INFO - Setting next_dagrun for example_sla_dag to 2024-10-18 11:10:00+00:00, run_after=2024-10-18 11:12:00+00:00
[2024-10-18T11:12:19.062+0000] {processor.py:208} INFO - Processing /home/airflow/.local/lib/python3.12/site-packages/airflow/example_dags/example_sla_dag.py took 0.098 seconds
[2024-10-18T11:12:49.623+0000] {processor.py:186} INFO - Started process (PID=9565) to work on /home/airflow/.local/lib/python3.12/site-packages/airflow/example_dags/example_sla_dag.py
[2024-10-18T11:12:49.625+0000] {processor.py:914} INFO - Processing file /home/airflow/.local/lib/python3.12/site-packages/airflow/example_dags/example_sla_dag.py for tasks to queue
[2024-10-18T11:12:49.628+0000] {logging_mixin.py:190} INFO - [2024-10-18T11:12:49.627+0000] {dagbag.py:588} INFO - Filling up the DagBag from /home/airflow/.local/lib/python3.12/site-packages/airflow/example_dags/example_sla_dag.py
[2024-10-18T11:12:49.640+0000] {processor.py:925} INFO - DAG(s) 'example_sla_dag' retrieved from /home/airflow/.local/lib/python3.12/site-packages/airflow/example_dags/example_sla_dag.py
[2024-10-18T11:12:49.663+0000] {logging_mixin.py:190} INFO - [2024-10-18T11:12:49.662+0000] {dag.py:3239} INFO - Sync 1 DAGs
[2024-10-18T11:12:49.704+0000] {logging_mixin.py:190} INFO - [2024-10-18T11:12:49.704+0000] {dag.py:4180} INFO - Setting next_dagrun for example_sla_dag to 2024-10-18 11:10:00+00:00, run_after=2024-10-18 11:12:00+00:00
[2024-10-18T11:12:49.730+0000] {processor.py:208} INFO - Processing /home/airflow/.local/lib/python3.12/site-packages/airflow/example_dags/example_sla_dag.py took 0.115 seconds
[2024-10-18T11:13:19.839+0000] {processor.py:186} INFO - Started process (PID=9851) to work on /home/airflow/.local/lib/python3.12/site-packages/airflow/example_dags/example_sla_dag.py
[2024-10-18T11:13:19.840+0000] {processor.py:914} INFO - Processing file /home/airflow/.local/lib/python3.12/site-packages/airflow/example_dags/example_sla_dag.py for tasks to queue
[2024-10-18T11:13:19.843+0000] {logging_mixin.py:190} INFO - [2024-10-18T11:13:19.842+0000] {dagbag.py:588} INFO - Filling up the DagBag from /home/airflow/.local/lib/python3.12/site-packages/airflow/example_dags/example_sla_dag.py
[2024-10-18T11:13:19.852+0000] {processor.py:925} INFO - DAG(s) 'example_sla_dag' retrieved from /home/airflow/.local/lib/python3.12/site-packages/airflow/example_dags/example_sla_dag.py
[2024-10-18T11:13:19.872+0000] {logging_mixin.py:190} INFO - [2024-10-18T11:13:19.872+0000] {dag.py:3239} INFO - Sync 1 DAGs
[2024-10-18T11:13:19.899+0000] {logging_mixin.py:190} INFO - [2024-10-18T11:13:19.899+0000] {dag.py:4180} INFO - Setting next_dagrun for example_sla_dag to 2024-10-18 11:10:00+00:00, run_after=2024-10-18 11:12:00+00:00
[2024-10-18T11:13:19.919+0000] {processor.py:208} INFO - Processing /home/airflow/.local/lib/python3.12/site-packages/airflow/example_dags/example_sla_dag.py took 0.085 seconds
[2024-10-18T11:13:51.305+0000] {processor.py:186} INFO - Started process (PID=10137) to work on /home/airflow/.local/lib/python3.12/site-packages/airflow/example_dags/example_sla_dag.py
[2024-10-18T11:13:51.307+0000] {processor.py:914} INFO - Processing file /home/airflow/.local/lib/python3.12/site-packages/airflow/example_dags/example_sla_dag.py for tasks to queue
[2024-10-18T11:13:51.311+0000] {logging_mixin.py:190} INFO - [2024-10-18T11:13:51.311+0000] {dagbag.py:588} INFO - Filling up the DagBag from /home/airflow/.local/lib/python3.12/site-packages/airflow/example_dags/example_sla_dag.py
[2024-10-18T11:13:51.330+0000] {processor.py:925} INFO - DAG(s) 'example_sla_dag' retrieved from /home/airflow/.local/lib/python3.12/site-packages/airflow/example_dags/example_sla_dag.py
[2024-10-18T11:13:51.369+0000] {logging_mixin.py:190} INFO - [2024-10-18T11:13:51.369+0000] {dag.py:3239} INFO - Sync 1 DAGs
[2024-10-18T11:13:51.416+0000] {logging_mixin.py:190} INFO - [2024-10-18T11:13:51.416+0000] {dag.py:4180} INFO - Setting next_dagrun for example_sla_dag to 2024-10-18 11:10:00+00:00, run_after=2024-10-18 11:12:00+00:00
[2024-10-18T11:13:51.448+0000] {processor.py:208} INFO - Processing /home/airflow/.local/lib/python3.12/site-packages/airflow/example_dags/example_sla_dag.py took 0.156 seconds
[2024-10-18T11:14:21.749+0000] {processor.py:186} INFO - Started process (PID=10439) to work on /home/airflow/.local/lib/python3.12/site-packages/airflow/example_dags/example_sla_dag.py
[2024-10-18T11:14:21.750+0000] {processor.py:914} INFO - Processing file /home/airflow/.local/lib/python3.12/site-packages/airflow/example_dags/example_sla_dag.py for tasks to queue
[2024-10-18T11:14:21.753+0000] {logging_mixin.py:190} INFO - [2024-10-18T11:14:21.753+0000] {dagbag.py:588} INFO - Filling up the DagBag from /home/airflow/.local/lib/python3.12/site-packages/airflow/example_dags/example_sla_dag.py
[2024-10-18T11:14:21.765+0000] {processor.py:925} INFO - DAG(s) 'example_sla_dag' retrieved from /home/airflow/.local/lib/python3.12/site-packages/airflow/example_dags/example_sla_dag.py
[2024-10-18T11:14:21.786+0000] {logging_mixin.py:190} INFO - [2024-10-18T11:14:21.786+0000] {dag.py:3239} INFO - Sync 1 DAGs
[2024-10-18T11:14:21.814+0000] {logging_mixin.py:190} INFO - [2024-10-18T11:14:21.813+0000] {dag.py:4180} INFO - Setting next_dagrun for example_sla_dag to 2024-10-18 11:12:00+00:00, run_after=2024-10-18 11:14:00+00:00
[2024-10-18T11:14:21.838+0000] {processor.py:208} INFO - Processing /home/airflow/.local/lib/python3.12/site-packages/airflow/example_dags/example_sla_dag.py took 0.097 seconds
[2024-10-18T11:14:53.049+0000] {processor.py:186} INFO - Started process (PID=10733) to work on /home/airflow/.local/lib/python3.12/site-packages/airflow/example_dags/example_sla_dag.py
[2024-10-18T11:14:53.050+0000] {processor.py:914} INFO - Processing file /home/airflow/.local/lib/python3.12/site-packages/airflow/example_dags/example_sla_dag.py for tasks to queue
[2024-10-18T11:14:53.055+0000] {logging_mixin.py:190} INFO - [2024-10-18T11:14:53.054+0000] {dagbag.py:588} INFO - Filling up the DagBag from /home/airflow/.local/lib/python3.12/site-packages/airflow/example_dags/example_sla_dag.py
[2024-10-18T11:14:53.079+0000] {processor.py:925} INFO - DAG(s) 'example_sla_dag' retrieved from /home/airflow/.local/lib/python3.12/site-packages/airflow/example_dags/example_sla_dag.py
[2024-10-18T11:14:53.110+0000] {logging_mixin.py:190} INFO - [2024-10-18T11:14:53.109+0000] {dag.py:3239} INFO - Sync 1 DAGs
[2024-10-18T11:14:53.150+0000] {logging_mixin.py:190} INFO - [2024-10-18T11:14:53.149+0000] {dag.py:4180} INFO - Setting next_dagrun for example_sla_dag to 2024-10-18 11:12:00+00:00, run_after=2024-10-18 11:14:00+00:00
[2024-10-18T11:14:53.182+0000] {processor.py:208} INFO - Processing /home/airflow/.local/lib/python3.12/site-packages/airflow/example_dags/example_sla_dag.py took 0.145 seconds
[2024-10-18T11:15:23.343+0000] {processor.py:186} INFO - Started process (PID=11014) to work on /home/airflow/.local/lib/python3.12/site-packages/airflow/example_dags/example_sla_dag.py
[2024-10-18T11:15:23.345+0000] {processor.py:914} INFO - Processing file /home/airflow/.local/lib/python3.12/site-packages/airflow/example_dags/example_sla_dag.py for tasks to queue
[2024-10-18T11:15:23.347+0000] {logging_mixin.py:190} INFO - [2024-10-18T11:15:23.347+0000] {dagbag.py:588} INFO - Filling up the DagBag from /home/airflow/.local/lib/python3.12/site-packages/airflow/example_dags/example_sla_dag.py
[2024-10-18T11:15:23.356+0000] {processor.py:925} INFO - DAG(s) 'example_sla_dag' retrieved from /home/airflow/.local/lib/python3.12/site-packages/airflow/example_dags/example_sla_dag.py
[2024-10-18T11:15:23.375+0000] {logging_mixin.py:190} INFO - [2024-10-18T11:15:23.374+0000] {dag.py:3239} INFO - Sync 1 DAGs
[2024-10-18T11:15:23.400+0000] {logging_mixin.py:190} INFO - [2024-10-18T11:15:23.400+0000] {dag.py:4180} INFO - Setting next_dagrun for example_sla_dag to 2024-10-18 11:12:00+00:00, run_after=2024-10-18 11:14:00+00:00
[2024-10-18T11:15:23.419+0000] {processor.py:208} INFO - Processing /home/airflow/.local/lib/python3.12/site-packages/airflow/example_dags/example_sla_dag.py took 0.081 seconds
[2024-10-18T11:15:54.419+0000] {processor.py:186} INFO - Started process (PID=11305) to work on /home/airflow/.local/lib/python3.12/site-packages/airflow/example_dags/example_sla_dag.py
[2024-10-18T11:15:54.421+0000] {processor.py:914} INFO - Processing file /home/airflow/.local/lib/python3.12/site-packages/airflow/example_dags/example_sla_dag.py for tasks to queue
[2024-10-18T11:15:54.428+0000] {logging_mixin.py:190} INFO - [2024-10-18T11:15:54.428+0000] {dagbag.py:588} INFO - Filling up the DagBag from /home/airflow/.local/lib/python3.12/site-packages/airflow/example_dags/example_sla_dag.py
[2024-10-18T11:15:54.452+0000] {processor.py:925} INFO - DAG(s) 'example_sla_dag' retrieved from /home/airflow/.local/lib/python3.12/site-packages/airflow/example_dags/example_sla_dag.py
[2024-10-18T11:15:54.483+0000] {logging_mixin.py:190} INFO - [2024-10-18T11:15:54.483+0000] {dag.py:3239} INFO - Sync 1 DAGs
[2024-10-18T11:15:54.532+0000] {logging_mixin.py:190} INFO - [2024-10-18T11:15:54.532+0000] {dag.py:4180} INFO - Setting next_dagrun for example_sla_dag to 2024-10-18 11:12:00+00:00, run_after=2024-10-18 11:14:00+00:00
[2024-10-18T11:15:54.583+0000] {processor.py:208} INFO - Processing /home/airflow/.local/lib/python3.12/site-packages/airflow/example_dags/example_sla_dag.py took 0.174 seconds
[2024-10-18T11:16:25.652+0000] {processor.py:186} INFO - Started process (PID=11591) to work on /home/airflow/.local/lib/python3.12/site-packages/airflow/example_dags/example_sla_dag.py
[2024-10-18T11:16:25.655+0000] {processor.py:914} INFO - Processing file /home/airflow/.local/lib/python3.12/site-packages/airflow/example_dags/example_sla_dag.py for tasks to queue
[2024-10-18T11:16:25.664+0000] {logging_mixin.py:190} INFO - [2024-10-18T11:16:25.663+0000] {dagbag.py:588} INFO - Filling up the DagBag from /home/airflow/.local/lib/python3.12/site-packages/airflow/example_dags/example_sla_dag.py
[2024-10-18T11:16:25.694+0000] {processor.py:925} INFO - DAG(s) 'example_sla_dag' retrieved from /home/airflow/.local/lib/python3.12/site-packages/airflow/example_dags/example_sla_dag.py
[2024-10-18T11:16:25.722+0000] {logging_mixin.py:190} INFO - [2024-10-18T11:16:25.722+0000] {dag.py:3239} INFO - Sync 1 DAGs
[2024-10-18T11:16:25.773+0000] {logging_mixin.py:190} INFO - [2024-10-18T11:16:25.772+0000] {dag.py:4180} INFO - Setting next_dagrun for example_sla_dag to 2024-10-18 11:14:00+00:00, run_after=2024-10-18 11:16:00+00:00
[2024-10-18T11:16:25.807+0000] {processor.py:208} INFO - Processing /home/airflow/.local/lib/python3.12/site-packages/airflow/example_dags/example_sla_dag.py took 0.168 seconds
[2024-10-18T11:16:57.065+0000] {processor.py:186} INFO - Started process (PID=11921) to work on /home/airflow/.local/lib/python3.12/site-packages/airflow/example_dags/example_sla_dag.py
[2024-10-18T11:16:57.067+0000] {processor.py:914} INFO - Processing file /home/airflow/.local/lib/python3.12/site-packages/airflow/example_dags/example_sla_dag.py for tasks to queue
[2024-10-18T11:16:57.073+0000] {logging_mixin.py:190} INFO - [2024-10-18T11:16:57.072+0000] {dagbag.py:588} INFO - Filling up the DagBag from /home/airflow/.local/lib/python3.12/site-packages/airflow/example_dags/example_sla_dag.py
[2024-10-18T11:16:57.097+0000] {processor.py:925} INFO - DAG(s) 'example_sla_dag' retrieved from /home/airflow/.local/lib/python3.12/site-packages/airflow/example_dags/example_sla_dag.py
[2024-10-18T11:16:57.135+0000] {logging_mixin.py:190} INFO - [2024-10-18T11:16:57.135+0000] {dag.py:3239} INFO - Sync 1 DAGs
[2024-10-18T11:16:57.189+0000] {logging_mixin.py:190} INFO - [2024-10-18T11:16:57.189+0000] {dag.py:4180} INFO - Setting next_dagrun for example_sla_dag to 2024-10-18 11:14:00+00:00, run_after=2024-10-18 11:16:00+00:00
[2024-10-18T11:16:57.223+0000] {processor.py:208} INFO - Processing /home/airflow/.local/lib/python3.12/site-packages/airflow/example_dags/example_sla_dag.py took 0.172 seconds
[2024-10-18T11:17:28.113+0000] {processor.py:186} INFO - Started process (PID=12207) to work on /home/airflow/.local/lib/python3.12/site-packages/airflow/example_dags/example_sla_dag.py
[2024-10-18T11:17:28.114+0000] {processor.py:914} INFO - Processing file /home/airflow/.local/lib/python3.12/site-packages/airflow/example_dags/example_sla_dag.py for tasks to queue
[2024-10-18T11:17:28.119+0000] {logging_mixin.py:190} INFO - [2024-10-18T11:17:28.118+0000] {dagbag.py:588} INFO - Filling up the DagBag from /home/airflow/.local/lib/python3.12/site-packages/airflow/example_dags/example_sla_dag.py
[2024-10-18T11:17:28.154+0000] {processor.py:925} INFO - DAG(s) 'example_sla_dag' retrieved from /home/airflow/.local/lib/python3.12/site-packages/airflow/example_dags/example_sla_dag.py
[2024-10-18T11:17:28.213+0000] {logging_mixin.py:190} INFO - [2024-10-18T11:17:28.213+0000] {dag.py:3239} INFO - Sync 1 DAGs
[2024-10-18T11:17:28.270+0000] {logging_mixin.py:190} INFO - [2024-10-18T11:17:28.269+0000] {dag.py:4180} INFO - Setting next_dagrun for example_sla_dag to 2024-10-18 11:14:00+00:00, run_after=2024-10-18 11:16:00+00:00
[2024-10-18T11:17:28.318+0000] {processor.py:208} INFO - Processing /home/airflow/.local/lib/python3.12/site-packages/airflow/example_dags/example_sla_dag.py took 0.221 seconds
[2024-10-18T11:17:59.692+0000] {processor.py:186} INFO - Started process (PID=12493) to work on /home/airflow/.local/lib/python3.12/site-packages/airflow/example_dags/example_sla_dag.py
[2024-10-18T11:17:59.702+0000] {processor.py:914} INFO - Processing file /home/airflow/.local/lib/python3.12/site-packages/airflow/example_dags/example_sla_dag.py for tasks to queue
[2024-10-18T11:17:59.708+0000] {logging_mixin.py:190} INFO - [2024-10-18T11:17:59.707+0000] {dagbag.py:588} INFO - Filling up the DagBag from /home/airflow/.local/lib/python3.12/site-packages/airflow/example_dags/example_sla_dag.py
[2024-10-18T11:17:59.747+0000] {processor.py:925} INFO - DAG(s) 'example_sla_dag' retrieved from /home/airflow/.local/lib/python3.12/site-packages/airflow/example_dags/example_sla_dag.py
[2024-10-18T11:17:59.806+0000] {logging_mixin.py:190} INFO - [2024-10-18T11:17:59.805+0000] {dag.py:3239} INFO - Sync 1 DAGs
[2024-10-18T11:17:59.885+0000] {logging_mixin.py:190} INFO - [2024-10-18T11:17:59.884+0000] {dag.py:4180} INFO - Setting next_dagrun for example_sla_dag to 2024-10-18 11:14:00+00:00, run_after=2024-10-18 11:16:00+00:00
[2024-10-18T11:17:59.952+0000] {processor.py:208} INFO - Processing /home/airflow/.local/lib/python3.12/site-packages/airflow/example_dags/example_sla_dag.py took 0.283 seconds
[2024-10-18T11:18:30.064+0000] {processor.py:186} INFO - Started process (PID=12776) to work on /home/airflow/.local/lib/python3.12/site-packages/airflow/example_dags/example_sla_dag.py
[2024-10-18T11:18:30.065+0000] {processor.py:914} INFO - Processing file /home/airflow/.local/lib/python3.12/site-packages/airflow/example_dags/example_sla_dag.py for tasks to queue
[2024-10-18T11:18:30.068+0000] {logging_mixin.py:190} INFO - [2024-10-18T11:18:30.068+0000] {dagbag.py:588} INFO - Filling up the DagBag from /home/airflow/.local/lib/python3.12/site-packages/airflow/example_dags/example_sla_dag.py
[2024-10-18T11:18:30.085+0000] {processor.py:925} INFO - DAG(s) 'example_sla_dag' retrieved from /home/airflow/.local/lib/python3.12/site-packages/airflow/example_dags/example_sla_dag.py
[2024-10-18T11:18:30.127+0000] {logging_mixin.py:190} INFO - [2024-10-18T11:18:30.126+0000] {dag.py:3239} INFO - Sync 1 DAGs
[2024-10-18T11:18:30.183+0000] {logging_mixin.py:190} INFO - [2024-10-18T11:18:30.182+0000] {dag.py:4180} INFO - Setting next_dagrun for example_sla_dag to 2024-10-18 11:16:00+00:00, run_after=2024-10-18 11:18:00+00:00
[2024-10-18T11:18:30.231+0000] {processor.py:208} INFO - Processing /home/airflow/.local/lib/python3.12/site-packages/airflow/example_dags/example_sla_dag.py took 0.179 seconds
[2024-10-18T11:19:00.839+0000] {processor.py:186} INFO - Started process (PID=13061) to work on /home/airflow/.local/lib/python3.12/site-packages/airflow/example_dags/example_sla_dag.py
[2024-10-18T11:19:00.840+0000] {processor.py:914} INFO - Processing file /home/airflow/.local/lib/python3.12/site-packages/airflow/example_dags/example_sla_dag.py for tasks to queue
[2024-10-18T11:19:00.842+0000] {logging_mixin.py:190} INFO - [2024-10-18T11:19:00.842+0000] {dagbag.py:588} INFO - Filling up the DagBag from /home/airflow/.local/lib/python3.12/site-packages/airflow/example_dags/example_sla_dag.py
[2024-10-18T11:19:00.855+0000] {processor.py:925} INFO - DAG(s) 'example_sla_dag' retrieved from /home/airflow/.local/lib/python3.12/site-packages/airflow/example_dags/example_sla_dag.py
[2024-10-18T11:19:00.883+0000] {logging_mixin.py:190} INFO - [2024-10-18T11:19:00.883+0000] {dag.py:3239} INFO - Sync 1 DAGs
[2024-10-18T11:19:00.920+0000] {logging_mixin.py:190} INFO - [2024-10-18T11:19:00.920+0000] {dag.py:4180} INFO - Setting next_dagrun for example_sla_dag to 2024-10-18 11:16:00+00:00, run_after=2024-10-18 11:18:00+00:00
[2024-10-18T11:19:00.944+0000] {processor.py:208} INFO - Processing /home/airflow/.local/lib/python3.12/site-packages/airflow/example_dags/example_sla_dag.py took 0.111 seconds
[2024-10-18T11:19:31.792+0000] {processor.py:186} INFO - Started process (PID=13347) to work on /home/airflow/.local/lib/python3.12/site-packages/airflow/example_dags/example_sla_dag.py
[2024-10-18T11:19:31.793+0000] {processor.py:914} INFO - Processing file /home/airflow/.local/lib/python3.12/site-packages/airflow/example_dags/example_sla_dag.py for tasks to queue
[2024-10-18T11:19:31.796+0000] {logging_mixin.py:190} INFO - [2024-10-18T11:19:31.795+0000] {dagbag.py:588} INFO - Filling up the DagBag from /home/airflow/.local/lib/python3.12/site-packages/airflow/example_dags/example_sla_dag.py
[2024-10-18T11:19:31.806+0000] {processor.py:925} INFO - DAG(s) 'example_sla_dag' retrieved from /home/airflow/.local/lib/python3.12/site-packages/airflow/example_dags/example_sla_dag.py
[2024-10-18T11:19:31.827+0000] {logging_mixin.py:190} INFO - [2024-10-18T11:19:31.827+0000] {dag.py:3239} INFO - Sync 1 DAGs
[2024-10-18T11:19:31.858+0000] {logging_mixin.py:190} INFO - [2024-10-18T11:19:31.858+0000] {dag.py:4180} INFO - Setting next_dagrun for example_sla_dag to 2024-10-18 11:16:00+00:00, run_after=2024-10-18 11:18:00+00:00
[2024-10-18T11:19:31.893+0000] {processor.py:208} INFO - Processing /home/airflow/.local/lib/python3.12/site-packages/airflow/example_dags/example_sla_dag.py took 0.107 seconds
[2024-10-18T11:20:02.462+0000] {processor.py:186} INFO - Started process (PID=13633) to work on /home/airflow/.local/lib/python3.12/site-packages/airflow/example_dags/example_sla_dag.py
[2024-10-18T11:20:02.463+0000] {processor.py:914} INFO - Processing file /home/airflow/.local/lib/python3.12/site-packages/airflow/example_dags/example_sla_dag.py for tasks to queue
[2024-10-18T11:20:02.466+0000] {logging_mixin.py:190} INFO - [2024-10-18T11:20:02.465+0000] {dagbag.py:588} INFO - Filling up the DagBag from /home/airflow/.local/lib/python3.12/site-packages/airflow/example_dags/example_sla_dag.py
[2024-10-18T11:20:02.477+0000] {processor.py:925} INFO - DAG(s) 'example_sla_dag' retrieved from /home/airflow/.local/lib/python3.12/site-packages/airflow/example_dags/example_sla_dag.py
[2024-10-18T11:20:02.500+0000] {logging_mixin.py:190} INFO - [2024-10-18T11:20:02.499+0000] {dag.py:3239} INFO - Sync 1 DAGs
[2024-10-18T11:20:02.529+0000] {logging_mixin.py:190} INFO - [2024-10-18T11:20:02.529+0000] {dag.py:4180} INFO - Setting next_dagrun for example_sla_dag to 2024-10-18 11:18:00+00:00, run_after=2024-10-18 11:20:00+00:00
[2024-10-18T11:20:02.551+0000] {processor.py:208} INFO - Processing /home/airflow/.local/lib/python3.12/site-packages/airflow/example_dags/example_sla_dag.py took 0.095 seconds
[2024-10-18T11:20:33.762+0000] {processor.py:186} INFO - Started process (PID=13920) to work on /home/airflow/.local/lib/python3.12/site-packages/airflow/example_dags/example_sla_dag.py
[2024-10-18T11:20:33.763+0000] {processor.py:914} INFO - Processing file /home/airflow/.local/lib/python3.12/site-packages/airflow/example_dags/example_sla_dag.py for tasks to queue
[2024-10-18T11:20:33.768+0000] {logging_mixin.py:190} INFO - [2024-10-18T11:20:33.768+0000] {dagbag.py:588} INFO - Filling up the DagBag from /home/airflow/.local/lib/python3.12/site-packages/airflow/example_dags/example_sla_dag.py
[2024-10-18T11:20:33.790+0000] {processor.py:925} INFO - DAG(s) 'example_sla_dag' retrieved from /home/airflow/.local/lib/python3.12/site-packages/airflow/example_dags/example_sla_dag.py
[2024-10-18T11:20:33.831+0000] {logging_mixin.py:190} INFO - [2024-10-18T11:20:33.831+0000] {dag.py:3239} INFO - Sync 1 DAGs
[2024-10-18T11:20:33.881+0000] {logging_mixin.py:190} INFO - [2024-10-18T11:20:33.880+0000] {dag.py:4180} INFO - Setting next_dagrun for example_sla_dag to 2024-10-18 11:18:00+00:00, run_after=2024-10-18 11:20:00+00:00
[2024-10-18T11:20:33.915+0000] {processor.py:208} INFO - Processing /home/airflow/.local/lib/python3.12/site-packages/airflow/example_dags/example_sla_dag.py took 0.163 seconds
[2024-10-18T11:21:04.921+0000] {processor.py:186} INFO - Started process (PID=14206) to work on /home/airflow/.local/lib/python3.12/site-packages/airflow/example_dags/example_sla_dag.py
[2024-10-18T11:21:04.922+0000] {processor.py:914} INFO - Processing file /home/airflow/.local/lib/python3.12/site-packages/airflow/example_dags/example_sla_dag.py for tasks to queue
[2024-10-18T11:21:04.925+0000] {logging_mixin.py:190} INFO - [2024-10-18T11:21:04.925+0000] {dagbag.py:588} INFO - Filling up the DagBag from /home/airflow/.local/lib/python3.12/site-packages/airflow/example_dags/example_sla_dag.py
[2024-10-18T11:21:04.940+0000] {processor.py:925} INFO - DAG(s) 'example_sla_dag' retrieved from /home/airflow/.local/lib/python3.12/site-packages/airflow/example_dags/example_sla_dag.py
[2024-10-18T11:21:05.176+0000] {logging_mixin.py:190} INFO - [2024-10-18T11:21:05.176+0000] {dag.py:3239} INFO - Sync 1 DAGs
[2024-10-18T11:21:05.208+0000] {logging_mixin.py:190} INFO - [2024-10-18T11:21:05.207+0000] {dag.py:4180} INFO - Setting next_dagrun for example_sla_dag to 2024-10-18 11:18:00+00:00, run_after=2024-10-18 11:20:00+00:00
[2024-10-18T11:21:05.233+0000] {processor.py:208} INFO - Processing /home/airflow/.local/lib/python3.12/site-packages/airflow/example_dags/example_sla_dag.py took 0.322 seconds
[2024-10-18T11:21:35.769+0000] {processor.py:186} INFO - Started process (PID=14492) to work on /home/airflow/.local/lib/python3.12/site-packages/airflow/example_dags/example_sla_dag.py
[2024-10-18T11:21:35.771+0000] {processor.py:914} INFO - Processing file /home/airflow/.local/lib/python3.12/site-packages/airflow/example_dags/example_sla_dag.py for tasks to queue
[2024-10-18T11:21:35.777+0000] {logging_mixin.py:190} INFO - [2024-10-18T11:21:35.776+0000] {dagbag.py:588} INFO - Filling up the DagBag from /home/airflow/.local/lib/python3.12/site-packages/airflow/example_dags/example_sla_dag.py
[2024-10-18T11:21:35.804+0000] {processor.py:925} INFO - DAG(s) 'example_sla_dag' retrieved from /home/airflow/.local/lib/python3.12/site-packages/airflow/example_dags/example_sla_dag.py
[2024-10-18T11:21:35.853+0000] {logging_mixin.py:190} INFO - [2024-10-18T11:21:35.852+0000] {dag.py:3239} INFO - Sync 1 DAGs
[2024-10-18T11:21:36.433+0000] {logging_mixin.py:190} INFO - [2024-10-18T11:21:36.432+0000] {dag.py:4180} INFO - Setting next_dagrun for example_sla_dag to 2024-10-18 11:18:00+00:00, run_after=2024-10-18 11:20:00+00:00
[2024-10-18T11:21:36.479+0000] {processor.py:208} INFO - Processing /home/airflow/.local/lib/python3.12/site-packages/airflow/example_dags/example_sla_dag.py took 0.727 seconds
[2024-10-18T11:22:07.488+0000] {processor.py:186} INFO - Started process (PID=14778) to work on /home/airflow/.local/lib/python3.12/site-packages/airflow/example_dags/example_sla_dag.py
[2024-10-18T11:22:07.491+0000] {processor.py:914} INFO - Processing file /home/airflow/.local/lib/python3.12/site-packages/airflow/example_dags/example_sla_dag.py for tasks to queue
[2024-10-18T11:22:07.496+0000] {logging_mixin.py:190} INFO - [2024-10-18T11:22:07.495+0000] {dagbag.py:588} INFO - Filling up the DagBag from /home/airflow/.local/lib/python3.12/site-packages/airflow/example_dags/example_sla_dag.py
[2024-10-18T11:22:07.518+0000] {processor.py:925} INFO - DAG(s) 'example_sla_dag' retrieved from /home/airflow/.local/lib/python3.12/site-packages/airflow/example_dags/example_sla_dag.py
[2024-10-18T11:22:07.548+0000] {logging_mixin.py:190} INFO - [2024-10-18T11:22:07.547+0000] {dag.py:3239} INFO - Sync 1 DAGs
[2024-10-18T11:22:07.602+0000] {logging_mixin.py:190} INFO - [2024-10-18T11:22:07.602+0000] {dag.py:4180} INFO - Setting next_dagrun for example_sla_dag to 2024-10-18 11:20:00+00:00, run_after=2024-10-18 11:22:00+00:00
[2024-10-18T11:22:07.627+0000] {processor.py:208} INFO - Processing /home/airflow/.local/lib/python3.12/site-packages/airflow/example_dags/example_sla_dag.py took 0.150 seconds
[2024-10-18T11:22:38.464+0000] {processor.py:186} INFO - Started process (PID=15064) to work on /home/airflow/.local/lib/python3.12/site-packages/airflow/example_dags/example_sla_dag.py
[2024-10-18T11:22:38.467+0000] {processor.py:914} INFO - Processing file /home/airflow/.local/lib/python3.12/site-packages/airflow/example_dags/example_sla_dag.py for tasks to queue
[2024-10-18T11:22:38.471+0000] {logging_mixin.py:190} INFO - [2024-10-18T11:22:38.470+0000] {dagbag.py:588} INFO - Filling up the DagBag from /home/airflow/.local/lib/python3.12/site-packages/airflow/example_dags/example_sla_dag.py
[2024-10-18T11:22:38.490+0000] {processor.py:925} INFO - DAG(s) 'example_sla_dag' retrieved from /home/airflow/.local/lib/python3.12/site-packages/airflow/example_dags/example_sla_dag.py
[2024-10-18T11:22:38.524+0000] {logging_mixin.py:190} INFO - [2024-10-18T11:22:38.524+0000] {dag.py:3239} INFO - Sync 1 DAGs
[2024-10-18T11:22:38.575+0000] {logging_mixin.py:190} INFO - [2024-10-18T11:22:38.575+0000] {dag.py:4180} INFO - Setting next_dagrun for example_sla_dag to 2024-10-18 11:20:00+00:00, run_after=2024-10-18 11:22:00+00:00
[2024-10-18T11:22:38.609+0000] {processor.py:208} INFO - Processing /home/airflow/.local/lib/python3.12/site-packages/airflow/example_dags/example_sla_dag.py took 0.159 seconds
