[2024-10-18T10:56:37.444+0000] {processor.py:186} INFO - Started process (PID=449) to work on /home/airflow/.local/lib/python3.12/site-packages/airflow/example_dags/example_latest_only_with_trigger.py
[2024-10-18T10:56:37.445+0000] {processor.py:914} INFO - Processing file /home/airflow/.local/lib/python3.12/site-packages/airflow/example_dags/example_latest_only_with_trigger.py for tasks to queue
[2024-10-18T10:56:37.450+0000] {logging_mixin.py:190} INFO - [2024-10-18T10:56:37.449+0000] {dagbag.py:588} INFO - Filling up the DagBag from /home/airflow/.local/lib/python3.12/site-packages/airflow/example_dags/example_latest_only_with_trigger.py
[2024-10-18T10:56:37.463+0000] {processor.py:925} INFO - DAG(s) 'latest_only_with_trigger' retrieved from /home/airflow/.local/lib/python3.12/site-packages/airflow/example_dags/example_latest_only_with_trigger.py
[2024-10-18T10:56:37.630+0000] {logging_mixin.py:190} INFO - [2024-10-18T10:56:37.629+0000] {override.py:1900} INFO - Created Permission View: can delete on DAG:latest_only_with_trigger
[2024-10-18T10:56:37.644+0000] {logging_mixin.py:190} INFO - [2024-10-18T10:56:37.643+0000] {override.py:1900} INFO - Created Permission View: can edit on DAG:latest_only_with_trigger
[2024-10-18T10:56:37.652+0000] {logging_mixin.py:190} INFO - [2024-10-18T10:56:37.652+0000] {override.py:1900} INFO - Created Permission View: can read on DAG:latest_only_with_trigger
[2024-10-18T10:56:37.664+0000] {logging_mixin.py:190} INFO - [2024-10-18T10:56:37.663+0000] {override.py:1900} INFO - Created Permission View: can delete on DAG Run:latest_only_with_trigger
[2024-10-18T10:56:37.675+0000] {logging_mixin.py:190} INFO - [2024-10-18T10:56:37.675+0000] {override.py:1900} INFO - Created Permission View: menu access on DAG Run:latest_only_with_trigger
[2024-10-18T10:56:37.688+0000] {logging_mixin.py:190} INFO - [2024-10-18T10:56:37.688+0000] {override.py:1900} INFO - Created Permission View: can read on DAG Run:latest_only_with_trigger
[2024-10-18T10:56:37.699+0000] {logging_mixin.py:190} INFO - [2024-10-18T10:56:37.698+0000] {override.py:1900} INFO - Created Permission View: can create on DAG Run:latest_only_with_trigger
[2024-10-18T10:56:37.699+0000] {logging_mixin.py:190} INFO - [2024-10-18T10:56:37.699+0000] {dag.py:3239} INFO - Sync 1 DAGs
[2024-10-18T10:56:37.722+0000] {logging_mixin.py:190} INFO - [2024-10-18T10:56:37.721+0000] {dag.py:3262} INFO - Creating ORM DAG for latest_only_with_trigger
[2024-10-18T10:56:37.738+0000] {logging_mixin.py:190} INFO - [2024-10-18T10:56:37.737+0000] {dag.py:4180} INFO - Setting next_dagrun for latest_only_with_trigger to 2024-10-18 04:00:00+00:00, run_after=2024-10-18 08:00:00+00:00
[2024-10-18T10:56:37.764+0000] {processor.py:208} INFO - Processing /home/airflow/.local/lib/python3.12/site-packages/airflow/example_dags/example_latest_only_with_trigger.py took 0.329 seconds
[2024-10-18T10:57:09.402+0000] {processor.py:186} INFO - Started process (PID=737) to work on /home/airflow/.local/lib/python3.12/site-packages/airflow/example_dags/example_latest_only_with_trigger.py
[2024-10-18T10:57:09.403+0000] {processor.py:914} INFO - Processing file /home/airflow/.local/lib/python3.12/site-packages/airflow/example_dags/example_latest_only_with_trigger.py for tasks to queue
[2024-10-18T10:57:09.407+0000] {logging_mixin.py:190} INFO - [2024-10-18T10:57:09.407+0000] {dagbag.py:588} INFO - Filling up the DagBag from /home/airflow/.local/lib/python3.12/site-packages/airflow/example_dags/example_latest_only_with_trigger.py
[2024-10-18T10:57:09.434+0000] {processor.py:925} INFO - DAG(s) 'latest_only_with_trigger' retrieved from /home/airflow/.local/lib/python3.12/site-packages/airflow/example_dags/example_latest_only_with_trigger.py
[2024-10-18T10:57:09.499+0000] {logging_mixin.py:190} INFO - [2024-10-18T10:57:09.499+0000] {dag.py:3239} INFO - Sync 1 DAGs
[2024-10-18T10:57:09.569+0000] {logging_mixin.py:190} INFO - [2024-10-18T10:57:09.569+0000] {dag.py:4180} INFO - Setting next_dagrun for latest_only_with_trigger to 2024-10-18 04:00:00+00:00, run_after=2024-10-18 08:00:00+00:00
[2024-10-18T10:57:09.645+0000] {processor.py:208} INFO - Processing /home/airflow/.local/lib/python3.12/site-packages/airflow/example_dags/example_latest_only_with_trigger.py took 0.259 seconds
[2024-10-18T10:57:40.623+0000] {processor.py:186} INFO - Started process (PID=1026) to work on /home/airflow/.local/lib/python3.12/site-packages/airflow/example_dags/example_latest_only_with_trigger.py
[2024-10-18T10:57:40.626+0000] {processor.py:914} INFO - Processing file /home/airflow/.local/lib/python3.12/site-packages/airflow/example_dags/example_latest_only_with_trigger.py for tasks to queue
[2024-10-18T10:57:40.635+0000] {logging_mixin.py:190} INFO - [2024-10-18T10:57:40.634+0000] {dagbag.py:588} INFO - Filling up the DagBag from /home/airflow/.local/lib/python3.12/site-packages/airflow/example_dags/example_latest_only_with_trigger.py
[2024-10-18T10:57:40.676+0000] {processor.py:925} INFO - DAG(s) 'latest_only_with_trigger' retrieved from /home/airflow/.local/lib/python3.12/site-packages/airflow/example_dags/example_latest_only_with_trigger.py
[2024-10-18T10:57:40.765+0000] {logging_mixin.py:190} INFO - [2024-10-18T10:57:40.764+0000] {dag.py:3239} INFO - Sync 1 DAGs
[2024-10-18T10:57:40.911+0000] {logging_mixin.py:190} INFO - [2024-10-18T10:57:40.911+0000] {dag.py:4180} INFO - Setting next_dagrun for latest_only_with_trigger to 2024-10-18 04:00:00+00:00, run_after=2024-10-18 08:00:00+00:00
[2024-10-18T10:57:41.033+0000] {processor.py:208} INFO - Processing /home/airflow/.local/lib/python3.12/site-packages/airflow/example_dags/example_latest_only_with_trigger.py took 0.452 seconds
[2024-10-18T10:58:12.043+0000] {processor.py:186} INFO - Started process (PID=1316) to work on /home/airflow/.local/lib/python3.12/site-packages/airflow/example_dags/example_latest_only_with_trigger.py
[2024-10-18T10:58:12.044+0000] {processor.py:914} INFO - Processing file /home/airflow/.local/lib/python3.12/site-packages/airflow/example_dags/example_latest_only_with_trigger.py for tasks to queue
[2024-10-18T10:58:12.046+0000] {logging_mixin.py:190} INFO - [2024-10-18T10:58:12.046+0000] {dagbag.py:588} INFO - Filling up the DagBag from /home/airflow/.local/lib/python3.12/site-packages/airflow/example_dags/example_latest_only_with_trigger.py
[2024-10-18T10:58:12.053+0000] {processor.py:925} INFO - DAG(s) 'latest_only_with_trigger' retrieved from /home/airflow/.local/lib/python3.12/site-packages/airflow/example_dags/example_latest_only_with_trigger.py
[2024-10-18T10:58:12.071+0000] {logging_mixin.py:190} INFO - [2024-10-18T10:58:12.071+0000] {dag.py:3239} INFO - Sync 1 DAGs
[2024-10-18T10:58:12.092+0000] {logging_mixin.py:190} INFO - [2024-10-18T10:58:12.092+0000] {dag.py:4180} INFO - Setting next_dagrun for latest_only_with_trigger to 2024-10-18 04:00:00+00:00, run_after=2024-10-18 08:00:00+00:00
[2024-10-18T10:58:12.110+0000] {processor.py:208} INFO - Processing /home/airflow/.local/lib/python3.12/site-packages/airflow/example_dags/example_latest_only_with_trigger.py took 0.071 seconds
[2024-10-18T10:58:42.463+0000] {processor.py:186} INFO - Started process (PID=1602) to work on /home/airflow/.local/lib/python3.12/site-packages/airflow/example_dags/example_latest_only_with_trigger.py
[2024-10-18T10:58:42.464+0000] {processor.py:914} INFO - Processing file /home/airflow/.local/lib/python3.12/site-packages/airflow/example_dags/example_latest_only_with_trigger.py for tasks to queue
[2024-10-18T10:58:42.467+0000] {logging_mixin.py:190} INFO - [2024-10-18T10:58:42.466+0000] {dagbag.py:588} INFO - Filling up the DagBag from /home/airflow/.local/lib/python3.12/site-packages/airflow/example_dags/example_latest_only_with_trigger.py
[2024-10-18T10:58:42.473+0000] {processor.py:925} INFO - DAG(s) 'latest_only_with_trigger' retrieved from /home/airflow/.local/lib/python3.12/site-packages/airflow/example_dags/example_latest_only_with_trigger.py
[2024-10-18T10:58:42.493+0000] {logging_mixin.py:190} INFO - [2024-10-18T10:58:42.493+0000] {dag.py:3239} INFO - Sync 1 DAGs
[2024-10-18T10:58:42.517+0000] {logging_mixin.py:190} INFO - [2024-10-18T10:58:42.517+0000] {dag.py:4180} INFO - Setting next_dagrun for latest_only_with_trigger to 2024-10-18 04:00:00+00:00, run_after=2024-10-18 08:00:00+00:00
[2024-10-18T10:58:42.537+0000] {processor.py:208} INFO - Processing /home/airflow/.local/lib/python3.12/site-packages/airflow/example_dags/example_latest_only_with_trigger.py took 0.078 seconds
[2024-10-18T10:59:13.032+0000] {processor.py:186} INFO - Started process (PID=1887) to work on /home/airflow/.local/lib/python3.12/site-packages/airflow/example_dags/example_latest_only_with_trigger.py
[2024-10-18T10:59:13.033+0000] {processor.py:914} INFO - Processing file /home/airflow/.local/lib/python3.12/site-packages/airflow/example_dags/example_latest_only_with_trigger.py for tasks to queue
[2024-10-18T10:59:13.035+0000] {logging_mixin.py:190} INFO - [2024-10-18T10:59:13.035+0000] {dagbag.py:588} INFO - Filling up the DagBag from /home/airflow/.local/lib/python3.12/site-packages/airflow/example_dags/example_latest_only_with_trigger.py
[2024-10-18T10:59:13.042+0000] {processor.py:925} INFO - DAG(s) 'latest_only_with_trigger' retrieved from /home/airflow/.local/lib/python3.12/site-packages/airflow/example_dags/example_latest_only_with_trigger.py
[2024-10-18T10:59:13.063+0000] {logging_mixin.py:190} INFO - [2024-10-18T10:59:13.063+0000] {dag.py:3239} INFO - Sync 1 DAGs
[2024-10-18T10:59:13.088+0000] {logging_mixin.py:190} INFO - [2024-10-18T10:59:13.088+0000] {dag.py:4180} INFO - Setting next_dagrun for latest_only_with_trigger to 2024-10-18 04:00:00+00:00, run_after=2024-10-18 08:00:00+00:00
[2024-10-18T10:59:13.112+0000] {processor.py:208} INFO - Processing /home/airflow/.local/lib/python3.12/site-packages/airflow/example_dags/example_latest_only_with_trigger.py took 0.085 seconds
[2024-10-18T10:59:43.385+0000] {processor.py:186} INFO - Started process (PID=2173) to work on /home/airflow/.local/lib/python3.12/site-packages/airflow/example_dags/example_latest_only_with_trigger.py
[2024-10-18T10:59:43.386+0000] {processor.py:914} INFO - Processing file /home/airflow/.local/lib/python3.12/site-packages/airflow/example_dags/example_latest_only_with_trigger.py for tasks to queue
[2024-10-18T10:59:43.388+0000] {logging_mixin.py:190} INFO - [2024-10-18T10:59:43.388+0000] {dagbag.py:588} INFO - Filling up the DagBag from /home/airflow/.local/lib/python3.12/site-packages/airflow/example_dags/example_latest_only_with_trigger.py
[2024-10-18T10:59:43.395+0000] {processor.py:925} INFO - DAG(s) 'latest_only_with_trigger' retrieved from /home/airflow/.local/lib/python3.12/site-packages/airflow/example_dags/example_latest_only_with_trigger.py
[2024-10-18T10:59:43.414+0000] {logging_mixin.py:190} INFO - [2024-10-18T10:59:43.413+0000] {dag.py:3239} INFO - Sync 1 DAGs
[2024-10-18T10:59:43.435+0000] {logging_mixin.py:190} INFO - [2024-10-18T10:59:43.434+0000] {dag.py:4180} INFO - Setting next_dagrun for latest_only_with_trigger to 2024-10-18 04:00:00+00:00, run_after=2024-10-18 08:00:00+00:00
[2024-10-18T10:59:43.455+0000] {processor.py:208} INFO - Processing /home/airflow/.local/lib/python3.12/site-packages/airflow/example_dags/example_latest_only_with_trigger.py took 0.074 seconds
[2024-10-18T11:00:13.751+0000] {processor.py:186} INFO - Started process (PID=2459) to work on /home/airflow/.local/lib/python3.12/site-packages/airflow/example_dags/example_latest_only_with_trigger.py
[2024-10-18T11:00:13.752+0000] {processor.py:914} INFO - Processing file /home/airflow/.local/lib/python3.12/site-packages/airflow/example_dags/example_latest_only_with_trigger.py for tasks to queue
[2024-10-18T11:00:13.755+0000] {logging_mixin.py:190} INFO - [2024-10-18T11:00:13.754+0000] {dagbag.py:588} INFO - Filling up the DagBag from /home/airflow/.local/lib/python3.12/site-packages/airflow/example_dags/example_latest_only_with_trigger.py
[2024-10-18T11:00:13.761+0000] {processor.py:925} INFO - DAG(s) 'latest_only_with_trigger' retrieved from /home/airflow/.local/lib/python3.12/site-packages/airflow/example_dags/example_latest_only_with_trigger.py
[2024-10-18T11:00:13.779+0000] {logging_mixin.py:190} INFO - [2024-10-18T11:00:13.779+0000] {dag.py:3239} INFO - Sync 1 DAGs
[2024-10-18T11:00:13.800+0000] {logging_mixin.py:190} INFO - [2024-10-18T11:00:13.800+0000] {dag.py:4180} INFO - Setting next_dagrun for latest_only_with_trigger to 2024-10-18 04:00:00+00:00, run_after=2024-10-18 08:00:00+00:00
[2024-10-18T11:00:13.820+0000] {processor.py:208} INFO - Processing /home/airflow/.local/lib/python3.12/site-packages/airflow/example_dags/example_latest_only_with_trigger.py took 0.074 seconds
[2024-10-18T11:00:44.213+0000] {processor.py:186} INFO - Started process (PID=2745) to work on /home/airflow/.local/lib/python3.12/site-packages/airflow/example_dags/example_latest_only_with_trigger.py
[2024-10-18T11:00:44.215+0000] {processor.py:914} INFO - Processing file /home/airflow/.local/lib/python3.12/site-packages/airflow/example_dags/example_latest_only_with_trigger.py for tasks to queue
[2024-10-18T11:00:44.218+0000] {logging_mixin.py:190} INFO - [2024-10-18T11:00:44.217+0000] {dagbag.py:588} INFO - Filling up the DagBag from /home/airflow/.local/lib/python3.12/site-packages/airflow/example_dags/example_latest_only_with_trigger.py
[2024-10-18T11:00:44.226+0000] {processor.py:925} INFO - DAG(s) 'latest_only_with_trigger' retrieved from /home/airflow/.local/lib/python3.12/site-packages/airflow/example_dags/example_latest_only_with_trigger.py
[2024-10-18T11:00:44.246+0000] {logging_mixin.py:190} INFO - [2024-10-18T11:00:44.246+0000] {dag.py:3239} INFO - Sync 1 DAGs
[2024-10-18T11:00:44.267+0000] {logging_mixin.py:190} INFO - [2024-10-18T11:00:44.267+0000] {dag.py:4180} INFO - Setting next_dagrun for latest_only_with_trigger to 2024-10-18 04:00:00+00:00, run_after=2024-10-18 08:00:00+00:00
[2024-10-18T11:00:44.288+0000] {processor.py:208} INFO - Processing /home/airflow/.local/lib/python3.12/site-packages/airflow/example_dags/example_latest_only_with_trigger.py took 0.084 seconds
[2024-10-18T11:01:14.668+0000] {processor.py:186} INFO - Started process (PID=3031) to work on /home/airflow/.local/lib/python3.12/site-packages/airflow/example_dags/example_latest_only_with_trigger.py
[2024-10-18T11:01:14.669+0000] {processor.py:914} INFO - Processing file /home/airflow/.local/lib/python3.12/site-packages/airflow/example_dags/example_latest_only_with_trigger.py for tasks to queue
[2024-10-18T11:01:14.671+0000] {logging_mixin.py:190} INFO - [2024-10-18T11:01:14.670+0000] {dagbag.py:588} INFO - Filling up the DagBag from /home/airflow/.local/lib/python3.12/site-packages/airflow/example_dags/example_latest_only_with_trigger.py
[2024-10-18T11:01:14.677+0000] {processor.py:925} INFO - DAG(s) 'latest_only_with_trigger' retrieved from /home/airflow/.local/lib/python3.12/site-packages/airflow/example_dags/example_latest_only_with_trigger.py
[2024-10-18T11:01:14.695+0000] {logging_mixin.py:190} INFO - [2024-10-18T11:01:14.695+0000] {dag.py:3239} INFO - Sync 1 DAGs
[2024-10-18T11:01:14.716+0000] {logging_mixin.py:190} INFO - [2024-10-18T11:01:14.716+0000] {dag.py:4180} INFO - Setting next_dagrun for latest_only_with_trigger to 2024-10-18 04:00:00+00:00, run_after=2024-10-18 08:00:00+00:00
[2024-10-18T11:01:14.739+0000] {processor.py:208} INFO - Processing /home/airflow/.local/lib/python3.12/site-packages/airflow/example_dags/example_latest_only_with_trigger.py took 0.077 seconds
[2024-10-18T11:01:45.209+0000] {processor.py:186} INFO - Started process (PID=3317) to work on /home/airflow/.local/lib/python3.12/site-packages/airflow/example_dags/example_latest_only_with_trigger.py
[2024-10-18T11:01:45.210+0000] {processor.py:914} INFO - Processing file /home/airflow/.local/lib/python3.12/site-packages/airflow/example_dags/example_latest_only_with_trigger.py for tasks to queue
[2024-10-18T11:01:45.212+0000] {logging_mixin.py:190} INFO - [2024-10-18T11:01:45.212+0000] {dagbag.py:588} INFO - Filling up the DagBag from /home/airflow/.local/lib/python3.12/site-packages/airflow/example_dags/example_latest_only_with_trigger.py
[2024-10-18T11:01:45.218+0000] {processor.py:925} INFO - DAG(s) 'latest_only_with_trigger' retrieved from /home/airflow/.local/lib/python3.12/site-packages/airflow/example_dags/example_latest_only_with_trigger.py
[2024-10-18T11:01:45.239+0000] {logging_mixin.py:190} INFO - [2024-10-18T11:01:45.239+0000] {dag.py:3239} INFO - Sync 1 DAGs
[2024-10-18T11:01:45.262+0000] {logging_mixin.py:190} INFO - [2024-10-18T11:01:45.261+0000] {dag.py:4180} INFO - Setting next_dagrun for latest_only_with_trigger to 2024-10-18 04:00:00+00:00, run_after=2024-10-18 08:00:00+00:00
[2024-10-18T11:01:45.280+0000] {processor.py:208} INFO - Processing /home/airflow/.local/lib/python3.12/site-packages/airflow/example_dags/example_latest_only_with_trigger.py took 0.077 seconds
[2024-10-18T11:02:15.692+0000] {processor.py:186} INFO - Started process (PID=3603) to work on /home/airflow/.local/lib/python3.12/site-packages/airflow/example_dags/example_latest_only_with_trigger.py
[2024-10-18T11:02:15.693+0000] {processor.py:914} INFO - Processing file /home/airflow/.local/lib/python3.12/site-packages/airflow/example_dags/example_latest_only_with_trigger.py for tasks to queue
[2024-10-18T11:02:15.695+0000] {logging_mixin.py:190} INFO - [2024-10-18T11:02:15.695+0000] {dagbag.py:588} INFO - Filling up the DagBag from /home/airflow/.local/lib/python3.12/site-packages/airflow/example_dags/example_latest_only_with_trigger.py
[2024-10-18T11:02:15.701+0000] {processor.py:925} INFO - DAG(s) 'latest_only_with_trigger' retrieved from /home/airflow/.local/lib/python3.12/site-packages/airflow/example_dags/example_latest_only_with_trigger.py
[2024-10-18T11:02:15.720+0000] {logging_mixin.py:190} INFO - [2024-10-18T11:02:15.720+0000] {dag.py:3239} INFO - Sync 1 DAGs
[2024-10-18T11:02:15.741+0000] {logging_mixin.py:190} INFO - [2024-10-18T11:02:15.740+0000] {dag.py:4180} INFO - Setting next_dagrun for latest_only_with_trigger to 2024-10-18 04:00:00+00:00, run_after=2024-10-18 08:00:00+00:00
[2024-10-18T11:02:15.761+0000] {processor.py:208} INFO - Processing /home/airflow/.local/lib/python3.12/site-packages/airflow/example_dags/example_latest_only_with_trigger.py took 0.074 seconds
[2024-10-18T11:02:46.175+0000] {processor.py:186} INFO - Started process (PID=3889) to work on /home/airflow/.local/lib/python3.12/site-packages/airflow/example_dags/example_latest_only_with_trigger.py
[2024-10-18T11:02:46.176+0000] {processor.py:914} INFO - Processing file /home/airflow/.local/lib/python3.12/site-packages/airflow/example_dags/example_latest_only_with_trigger.py for tasks to queue
[2024-10-18T11:02:46.178+0000] {logging_mixin.py:190} INFO - [2024-10-18T11:02:46.178+0000] {dagbag.py:588} INFO - Filling up the DagBag from /home/airflow/.local/lib/python3.12/site-packages/airflow/example_dags/example_latest_only_with_trigger.py
[2024-10-18T11:02:46.185+0000] {processor.py:925} INFO - DAG(s) 'latest_only_with_trigger' retrieved from /home/airflow/.local/lib/python3.12/site-packages/airflow/example_dags/example_latest_only_with_trigger.py
[2024-10-18T11:02:46.203+0000] {logging_mixin.py:190} INFO - [2024-10-18T11:02:46.203+0000] {dag.py:3239} INFO - Sync 1 DAGs
[2024-10-18T11:02:46.224+0000] {logging_mixin.py:190} INFO - [2024-10-18T11:02:46.224+0000] {dag.py:4180} INFO - Setting next_dagrun for latest_only_with_trigger to 2024-10-18 04:00:00+00:00, run_after=2024-10-18 08:00:00+00:00
[2024-10-18T11:02:46.243+0000] {processor.py:208} INFO - Processing /home/airflow/.local/lib/python3.12/site-packages/airflow/example_dags/example_latest_only_with_trigger.py took 0.073 seconds
[2024-10-18T11:03:16.484+0000] {processor.py:186} INFO - Started process (PID=4175) to work on /home/airflow/.local/lib/python3.12/site-packages/airflow/example_dags/example_latest_only_with_trigger.py
[2024-10-18T11:03:16.486+0000] {processor.py:914} INFO - Processing file /home/airflow/.local/lib/python3.12/site-packages/airflow/example_dags/example_latest_only_with_trigger.py for tasks to queue
[2024-10-18T11:03:16.488+0000] {logging_mixin.py:190} INFO - [2024-10-18T11:03:16.488+0000] {dagbag.py:588} INFO - Filling up the DagBag from /home/airflow/.local/lib/python3.12/site-packages/airflow/example_dags/example_latest_only_with_trigger.py
[2024-10-18T11:03:16.497+0000] {processor.py:925} INFO - DAG(s) 'latest_only_with_trigger' retrieved from /home/airflow/.local/lib/python3.12/site-packages/airflow/example_dags/example_latest_only_with_trigger.py
[2024-10-18T11:03:16.516+0000] {logging_mixin.py:190} INFO - [2024-10-18T11:03:16.516+0000] {dag.py:3239} INFO - Sync 1 DAGs
[2024-10-18T11:03:16.536+0000] {logging_mixin.py:190} INFO - [2024-10-18T11:03:16.536+0000] {dag.py:4180} INFO - Setting next_dagrun for latest_only_with_trigger to 2024-10-18 04:00:00+00:00, run_after=2024-10-18 08:00:00+00:00
[2024-10-18T11:03:16.557+0000] {processor.py:208} INFO - Processing /home/airflow/.local/lib/python3.12/site-packages/airflow/example_dags/example_latest_only_with_trigger.py took 0.082 seconds
[2024-10-18T11:03:46.845+0000] {processor.py:186} INFO - Started process (PID=4461) to work on /home/airflow/.local/lib/python3.12/site-packages/airflow/example_dags/example_latest_only_with_trigger.py
[2024-10-18T11:03:46.846+0000] {processor.py:914} INFO - Processing file /home/airflow/.local/lib/python3.12/site-packages/airflow/example_dags/example_latest_only_with_trigger.py for tasks to queue
[2024-10-18T11:03:46.848+0000] {logging_mixin.py:190} INFO - [2024-10-18T11:03:46.847+0000] {dagbag.py:588} INFO - Filling up the DagBag from /home/airflow/.local/lib/python3.12/site-packages/airflow/example_dags/example_latest_only_with_trigger.py
[2024-10-18T11:03:46.854+0000] {processor.py:925} INFO - DAG(s) 'latest_only_with_trigger' retrieved from /home/airflow/.local/lib/python3.12/site-packages/airflow/example_dags/example_latest_only_with_trigger.py
[2024-10-18T11:03:46.873+0000] {logging_mixin.py:190} INFO - [2024-10-18T11:03:46.873+0000] {dag.py:3239} INFO - Sync 1 DAGs
[2024-10-18T11:03:46.898+0000] {logging_mixin.py:190} INFO - [2024-10-18T11:03:46.897+0000] {dag.py:4180} INFO - Setting next_dagrun for latest_only_with_trigger to 2024-10-18 04:00:00+00:00, run_after=2024-10-18 08:00:00+00:00
[2024-10-18T11:03:46.917+0000] {processor.py:208} INFO - Processing /home/airflow/.local/lib/python3.12/site-packages/airflow/example_dags/example_latest_only_with_trigger.py took 0.077 seconds
[2024-10-18T11:04:17.127+0000] {processor.py:186} INFO - Started process (PID=4747) to work on /home/airflow/.local/lib/python3.12/site-packages/airflow/example_dags/example_latest_only_with_trigger.py
[2024-10-18T11:04:17.128+0000] {processor.py:914} INFO - Processing file /home/airflow/.local/lib/python3.12/site-packages/airflow/example_dags/example_latest_only_with_trigger.py for tasks to queue
[2024-10-18T11:04:17.130+0000] {logging_mixin.py:190} INFO - [2024-10-18T11:04:17.130+0000] {dagbag.py:588} INFO - Filling up the DagBag from /home/airflow/.local/lib/python3.12/site-packages/airflow/example_dags/example_latest_only_with_trigger.py
[2024-10-18T11:04:17.136+0000] {processor.py:925} INFO - DAG(s) 'latest_only_with_trigger' retrieved from /home/airflow/.local/lib/python3.12/site-packages/airflow/example_dags/example_latest_only_with_trigger.py
[2024-10-18T11:04:17.155+0000] {logging_mixin.py:190} INFO - [2024-10-18T11:04:17.154+0000] {dag.py:3239} INFO - Sync 1 DAGs
[2024-10-18T11:04:17.175+0000] {logging_mixin.py:190} INFO - [2024-10-18T11:04:17.174+0000] {dag.py:4180} INFO - Setting next_dagrun for latest_only_with_trigger to 2024-10-18 04:00:00+00:00, run_after=2024-10-18 08:00:00+00:00
[2024-10-18T11:04:17.196+0000] {processor.py:208} INFO - Processing /home/airflow/.local/lib/python3.12/site-packages/airflow/example_dags/example_latest_only_with_trigger.py took 0.073 seconds
[2024-10-18T11:04:47.411+0000] {processor.py:186} INFO - Started process (PID=5033) to work on /home/airflow/.local/lib/python3.12/site-packages/airflow/example_dags/example_latest_only_with_trigger.py
[2024-10-18T11:04:47.412+0000] {processor.py:914} INFO - Processing file /home/airflow/.local/lib/python3.12/site-packages/airflow/example_dags/example_latest_only_with_trigger.py for tasks to queue
[2024-10-18T11:04:47.414+0000] {logging_mixin.py:190} INFO - [2024-10-18T11:04:47.414+0000] {dagbag.py:588} INFO - Filling up the DagBag from /home/airflow/.local/lib/python3.12/site-packages/airflow/example_dags/example_latest_only_with_trigger.py
[2024-10-18T11:04:47.421+0000] {processor.py:925} INFO - DAG(s) 'latest_only_with_trigger' retrieved from /home/airflow/.local/lib/python3.12/site-packages/airflow/example_dags/example_latest_only_with_trigger.py
[2024-10-18T11:04:47.439+0000] {logging_mixin.py:190} INFO - [2024-10-18T11:04:47.439+0000] {dag.py:3239} INFO - Sync 1 DAGs
[2024-10-18T11:04:47.459+0000] {logging_mixin.py:190} INFO - [2024-10-18T11:04:47.459+0000] {dag.py:4180} INFO - Setting next_dagrun for latest_only_with_trigger to 2024-10-18 04:00:00+00:00, run_after=2024-10-18 08:00:00+00:00
[2024-10-18T11:04:47.481+0000] {processor.py:208} INFO - Processing /home/airflow/.local/lib/python3.12/site-packages/airflow/example_dags/example_latest_only_with_trigger.py took 0.075 seconds
[2024-10-18T11:05:17.737+0000] {processor.py:186} INFO - Started process (PID=5319) to work on /home/airflow/.local/lib/python3.12/site-packages/airflow/example_dags/example_latest_only_with_trigger.py
[2024-10-18T11:05:17.738+0000] {processor.py:914} INFO - Processing file /home/airflow/.local/lib/python3.12/site-packages/airflow/example_dags/example_latest_only_with_trigger.py for tasks to queue
[2024-10-18T11:05:17.740+0000] {logging_mixin.py:190} INFO - [2024-10-18T11:05:17.740+0000] {dagbag.py:588} INFO - Filling up the DagBag from /home/airflow/.local/lib/python3.12/site-packages/airflow/example_dags/example_latest_only_with_trigger.py
[2024-10-18T11:05:17.748+0000] {processor.py:925} INFO - DAG(s) 'latest_only_with_trigger' retrieved from /home/airflow/.local/lib/python3.12/site-packages/airflow/example_dags/example_latest_only_with_trigger.py
[2024-10-18T11:05:17.766+0000] {logging_mixin.py:190} INFO - [2024-10-18T11:05:17.766+0000] {dag.py:3239} INFO - Sync 1 DAGs
[2024-10-18T11:05:17.787+0000] {logging_mixin.py:190} INFO - [2024-10-18T11:05:17.787+0000] {dag.py:4180} INFO - Setting next_dagrun for latest_only_with_trigger to 2024-10-18 04:00:00+00:00, run_after=2024-10-18 08:00:00+00:00
[2024-10-18T11:05:17.806+0000] {processor.py:208} INFO - Processing /home/airflow/.local/lib/python3.12/site-packages/airflow/example_dags/example_latest_only_with_trigger.py took 0.076 seconds
[2024-10-18T11:05:47.927+0000] {processor.py:186} INFO - Started process (PID=5602) to work on /home/airflow/.local/lib/python3.12/site-packages/airflow/example_dags/example_latest_only_with_trigger.py
[2024-10-18T11:05:47.928+0000] {processor.py:914} INFO - Processing file /home/airflow/.local/lib/python3.12/site-packages/airflow/example_dags/example_latest_only_with_trigger.py for tasks to queue
[2024-10-18T11:05:47.931+0000] {logging_mixin.py:190} INFO - [2024-10-18T11:05:47.931+0000] {dagbag.py:588} INFO - Filling up the DagBag from /home/airflow/.local/lib/python3.12/site-packages/airflow/example_dags/example_latest_only_with_trigger.py
[2024-10-18T11:05:47.941+0000] {processor.py:925} INFO - DAG(s) 'latest_only_with_trigger' retrieved from /home/airflow/.local/lib/python3.12/site-packages/airflow/example_dags/example_latest_only_with_trigger.py
[2024-10-18T11:05:47.964+0000] {logging_mixin.py:190} INFO - [2024-10-18T11:05:47.964+0000] {dag.py:3239} INFO - Sync 1 DAGs
[2024-10-18T11:05:47.993+0000] {logging_mixin.py:190} INFO - [2024-10-18T11:05:47.992+0000] {dag.py:4180} INFO - Setting next_dagrun for latest_only_with_trigger to 2024-10-18 04:00:00+00:00, run_after=2024-10-18 08:00:00+00:00
[2024-10-18T11:05:48.019+0000] {processor.py:208} INFO - Processing /home/airflow/.local/lib/python3.12/site-packages/airflow/example_dags/example_latest_only_with_trigger.py took 0.100 seconds
[2024-10-18T11:06:18.413+0000] {processor.py:186} INFO - Started process (PID=5891) to work on /home/airflow/.local/lib/python3.12/site-packages/airflow/example_dags/example_latest_only_with_trigger.py
[2024-10-18T11:06:18.414+0000] {processor.py:914} INFO - Processing file /home/airflow/.local/lib/python3.12/site-packages/airflow/example_dags/example_latest_only_with_trigger.py for tasks to queue
[2024-10-18T11:06:18.417+0000] {logging_mixin.py:190} INFO - [2024-10-18T11:06:18.416+0000] {dagbag.py:588} INFO - Filling up the DagBag from /home/airflow/.local/lib/python3.12/site-packages/airflow/example_dags/example_latest_only_with_trigger.py
[2024-10-18T11:06:18.423+0000] {processor.py:925} INFO - DAG(s) 'latest_only_with_trigger' retrieved from /home/airflow/.local/lib/python3.12/site-packages/airflow/example_dags/example_latest_only_with_trigger.py
[2024-10-18T11:06:18.445+0000] {logging_mixin.py:190} INFO - [2024-10-18T11:06:18.445+0000] {dag.py:3239} INFO - Sync 1 DAGs
[2024-10-18T11:06:18.471+0000] {logging_mixin.py:190} INFO - [2024-10-18T11:06:18.470+0000] {dag.py:4180} INFO - Setting next_dagrun for latest_only_with_trigger to 2024-10-18 04:00:00+00:00, run_after=2024-10-18 08:00:00+00:00
[2024-10-18T11:06:18.493+0000] {processor.py:208} INFO - Processing /home/airflow/.local/lib/python3.12/site-packages/airflow/example_dags/example_latest_only_with_trigger.py took 0.084 seconds
[2024-10-18T11:06:48.841+0000] {processor.py:186} INFO - Started process (PID=6177) to work on /home/airflow/.local/lib/python3.12/site-packages/airflow/example_dags/example_latest_only_with_trigger.py
[2024-10-18T11:06:48.842+0000] {processor.py:914} INFO - Processing file /home/airflow/.local/lib/python3.12/site-packages/airflow/example_dags/example_latest_only_with_trigger.py for tasks to queue
[2024-10-18T11:06:48.845+0000] {logging_mixin.py:190} INFO - [2024-10-18T11:06:48.844+0000] {dagbag.py:588} INFO - Filling up the DagBag from /home/airflow/.local/lib/python3.12/site-packages/airflow/example_dags/example_latest_only_with_trigger.py
[2024-10-18T11:06:48.851+0000] {processor.py:925} INFO - DAG(s) 'latest_only_with_trigger' retrieved from /home/airflow/.local/lib/python3.12/site-packages/airflow/example_dags/example_latest_only_with_trigger.py
[2024-10-18T11:06:48.869+0000] {logging_mixin.py:190} INFO - [2024-10-18T11:06:48.868+0000] {dag.py:3239} INFO - Sync 1 DAGs
[2024-10-18T11:06:48.889+0000] {logging_mixin.py:190} INFO - [2024-10-18T11:06:48.889+0000] {dag.py:4180} INFO - Setting next_dagrun for latest_only_with_trigger to 2024-10-18 04:00:00+00:00, run_after=2024-10-18 08:00:00+00:00
[2024-10-18T11:06:48.908+0000] {processor.py:208} INFO - Processing /home/airflow/.local/lib/python3.12/site-packages/airflow/example_dags/example_latest_only_with_trigger.py took 0.072 seconds
[2024-10-18T11:07:18.999+0000] {processor.py:186} INFO - Started process (PID=6460) to work on /home/airflow/.local/lib/python3.12/site-packages/airflow/example_dags/example_latest_only_with_trigger.py
[2024-10-18T11:07:19.000+0000] {processor.py:914} INFO - Processing file /home/airflow/.local/lib/python3.12/site-packages/airflow/example_dags/example_latest_only_with_trigger.py for tasks to queue
[2024-10-18T11:07:19.003+0000] {logging_mixin.py:190} INFO - [2024-10-18T11:07:19.002+0000] {dagbag.py:588} INFO - Filling up the DagBag from /home/airflow/.local/lib/python3.12/site-packages/airflow/example_dags/example_latest_only_with_trigger.py
[2024-10-18T11:07:19.010+0000] {processor.py:925} INFO - DAG(s) 'latest_only_with_trigger' retrieved from /home/airflow/.local/lib/python3.12/site-packages/airflow/example_dags/example_latest_only_with_trigger.py
[2024-10-18T11:07:19.029+0000] {logging_mixin.py:190} INFO - [2024-10-18T11:07:19.029+0000] {dag.py:3239} INFO - Sync 1 DAGs
[2024-10-18T11:07:19.050+0000] {logging_mixin.py:190} INFO - [2024-10-18T11:07:19.050+0000] {dag.py:4180} INFO - Setting next_dagrun for latest_only_with_trigger to 2024-10-18 04:00:00+00:00, run_after=2024-10-18 08:00:00+00:00
[2024-10-18T11:07:19.072+0000] {processor.py:208} INFO - Processing /home/airflow/.local/lib/python3.12/site-packages/airflow/example_dags/example_latest_only_with_trigger.py took 0.078 seconds
[2024-10-18T11:07:49.495+0000] {processor.py:186} INFO - Started process (PID=6749) to work on /home/airflow/.local/lib/python3.12/site-packages/airflow/example_dags/example_latest_only_with_trigger.py
[2024-10-18T11:07:49.496+0000] {processor.py:914} INFO - Processing file /home/airflow/.local/lib/python3.12/site-packages/airflow/example_dags/example_latest_only_with_trigger.py for tasks to queue
[2024-10-18T11:07:49.498+0000] {logging_mixin.py:190} INFO - [2024-10-18T11:07:49.498+0000] {dagbag.py:588} INFO - Filling up the DagBag from /home/airflow/.local/lib/python3.12/site-packages/airflow/example_dags/example_latest_only_with_trigger.py
[2024-10-18T11:07:49.504+0000] {processor.py:925} INFO - DAG(s) 'latest_only_with_trigger' retrieved from /home/airflow/.local/lib/python3.12/site-packages/airflow/example_dags/example_latest_only_with_trigger.py
[2024-10-18T11:07:49.523+0000] {logging_mixin.py:190} INFO - [2024-10-18T11:07:49.522+0000] {dag.py:3239} INFO - Sync 1 DAGs
[2024-10-18T11:07:49.544+0000] {logging_mixin.py:190} INFO - [2024-10-18T11:07:49.544+0000] {dag.py:4180} INFO - Setting next_dagrun for latest_only_with_trigger to 2024-10-18 04:00:00+00:00, run_after=2024-10-18 08:00:00+00:00
[2024-10-18T11:07:49.564+0000] {processor.py:208} INFO - Processing /home/airflow/.local/lib/python3.12/site-packages/airflow/example_dags/example_latest_only_with_trigger.py took 0.073 seconds
[2024-10-18T11:08:19.631+0000] {processor.py:186} INFO - Started process (PID=7032) to work on /home/airflow/.local/lib/python3.12/site-packages/airflow/example_dags/example_latest_only_with_trigger.py
[2024-10-18T11:08:19.632+0000] {processor.py:914} INFO - Processing file /home/airflow/.local/lib/python3.12/site-packages/airflow/example_dags/example_latest_only_with_trigger.py for tasks to queue
[2024-10-18T11:08:19.634+0000] {logging_mixin.py:190} INFO - [2024-10-18T11:08:19.634+0000] {dagbag.py:588} INFO - Filling up the DagBag from /home/airflow/.local/lib/python3.12/site-packages/airflow/example_dags/example_latest_only_with_trigger.py
[2024-10-18T11:08:19.640+0000] {processor.py:925} INFO - DAG(s) 'latest_only_with_trigger' retrieved from /home/airflow/.local/lib/python3.12/site-packages/airflow/example_dags/example_latest_only_with_trigger.py
[2024-10-18T11:08:19.659+0000] {logging_mixin.py:190} INFO - [2024-10-18T11:08:19.659+0000] {dag.py:3239} INFO - Sync 1 DAGs
[2024-10-18T11:08:19.682+0000] {logging_mixin.py:190} INFO - [2024-10-18T11:08:19.681+0000] {dag.py:4180} INFO - Setting next_dagrun for latest_only_with_trigger to 2024-10-18 04:00:00+00:00, run_after=2024-10-18 08:00:00+00:00
[2024-10-18T11:08:19.703+0000] {processor.py:208} INFO - Processing /home/airflow/.local/lib/python3.12/site-packages/airflow/example_dags/example_latest_only_with_trigger.py took 0.077 seconds
[2024-10-18T11:08:49.911+0000] {processor.py:186} INFO - Started process (PID=7318) to work on /home/airflow/.local/lib/python3.12/site-packages/airflow/example_dags/example_latest_only_with_trigger.py
[2024-10-18T11:08:49.912+0000] {processor.py:914} INFO - Processing file /home/airflow/.local/lib/python3.12/site-packages/airflow/example_dags/example_latest_only_with_trigger.py for tasks to queue
[2024-10-18T11:08:49.914+0000] {logging_mixin.py:190} INFO - [2024-10-18T11:08:49.914+0000] {dagbag.py:588} INFO - Filling up the DagBag from /home/airflow/.local/lib/python3.12/site-packages/airflow/example_dags/example_latest_only_with_trigger.py
[2024-10-18T11:08:49.920+0000] {processor.py:925} INFO - DAG(s) 'latest_only_with_trigger' retrieved from /home/airflow/.local/lib/python3.12/site-packages/airflow/example_dags/example_latest_only_with_trigger.py
[2024-10-18T11:08:49.940+0000] {logging_mixin.py:190} INFO - [2024-10-18T11:08:49.939+0000] {dag.py:3239} INFO - Sync 1 DAGs
[2024-10-18T11:08:49.962+0000] {logging_mixin.py:190} INFO - [2024-10-18T11:08:49.961+0000] {dag.py:4180} INFO - Setting next_dagrun for latest_only_with_trigger to 2024-10-18 04:00:00+00:00, run_after=2024-10-18 08:00:00+00:00
[2024-10-18T11:08:49.984+0000] {processor.py:208} INFO - Processing /home/airflow/.local/lib/python3.12/site-packages/airflow/example_dags/example_latest_only_with_trigger.py took 0.078 seconds
[2024-10-18T11:09:20.168+0000] {processor.py:186} INFO - Started process (PID=7604) to work on /home/airflow/.local/lib/python3.12/site-packages/airflow/example_dags/example_latest_only_with_trigger.py
[2024-10-18T11:09:20.169+0000] {processor.py:914} INFO - Processing file /home/airflow/.local/lib/python3.12/site-packages/airflow/example_dags/example_latest_only_with_trigger.py for tasks to queue
[2024-10-18T11:09:20.171+0000] {logging_mixin.py:190} INFO - [2024-10-18T11:09:20.171+0000] {dagbag.py:588} INFO - Filling up the DagBag from /home/airflow/.local/lib/python3.12/site-packages/airflow/example_dags/example_latest_only_with_trigger.py
[2024-10-18T11:09:20.178+0000] {processor.py:925} INFO - DAG(s) 'latest_only_with_trigger' retrieved from /home/airflow/.local/lib/python3.12/site-packages/airflow/example_dags/example_latest_only_with_trigger.py
[2024-10-18T11:09:20.197+0000] {logging_mixin.py:190} INFO - [2024-10-18T11:09:20.197+0000] {dag.py:3239} INFO - Sync 1 DAGs
[2024-10-18T11:09:20.220+0000] {logging_mixin.py:190} INFO - [2024-10-18T11:09:20.219+0000] {dag.py:4180} INFO - Setting next_dagrun for latest_only_with_trigger to 2024-10-18 04:00:00+00:00, run_after=2024-10-18 08:00:00+00:00
[2024-10-18T11:09:20.241+0000] {processor.py:208} INFO - Processing /home/airflow/.local/lib/python3.12/site-packages/airflow/example_dags/example_latest_only_with_trigger.py took 0.078 seconds
[2024-10-18T11:09:50.535+0000] {processor.py:186} INFO - Started process (PID=7890) to work on /home/airflow/.local/lib/python3.12/site-packages/airflow/example_dags/example_latest_only_with_trigger.py
[2024-10-18T11:09:50.536+0000] {processor.py:914} INFO - Processing file /home/airflow/.local/lib/python3.12/site-packages/airflow/example_dags/example_latest_only_with_trigger.py for tasks to queue
[2024-10-18T11:09:50.538+0000] {logging_mixin.py:190} INFO - [2024-10-18T11:09:50.538+0000] {dagbag.py:588} INFO - Filling up the DagBag from /home/airflow/.local/lib/python3.12/site-packages/airflow/example_dags/example_latest_only_with_trigger.py
[2024-10-18T11:09:50.545+0000] {processor.py:925} INFO - DAG(s) 'latest_only_with_trigger' retrieved from /home/airflow/.local/lib/python3.12/site-packages/airflow/example_dags/example_latest_only_with_trigger.py
[2024-10-18T11:09:50.564+0000] {logging_mixin.py:190} INFO - [2024-10-18T11:09:50.564+0000] {dag.py:3239} INFO - Sync 1 DAGs
[2024-10-18T11:09:50.585+0000] {logging_mixin.py:190} INFO - [2024-10-18T11:09:50.584+0000] {dag.py:4180} INFO - Setting next_dagrun for latest_only_with_trigger to 2024-10-18 04:00:00+00:00, run_after=2024-10-18 08:00:00+00:00
[2024-10-18T11:09:50.603+0000] {processor.py:208} INFO - Processing /home/airflow/.local/lib/python3.12/site-packages/airflow/example_dags/example_latest_only_with_trigger.py took 0.073 seconds
[2024-10-18T11:10:21.007+0000] {processor.py:186} INFO - Started process (PID=8179) to work on /home/airflow/.local/lib/python3.12/site-packages/airflow/example_dags/example_latest_only_with_trigger.py
[2024-10-18T11:10:21.008+0000] {processor.py:914} INFO - Processing file /home/airflow/.local/lib/python3.12/site-packages/airflow/example_dags/example_latest_only_with_trigger.py for tasks to queue
[2024-10-18T11:10:21.011+0000] {logging_mixin.py:190} INFO - [2024-10-18T11:10:21.011+0000] {dagbag.py:588} INFO - Filling up the DagBag from /home/airflow/.local/lib/python3.12/site-packages/airflow/example_dags/example_latest_only_with_trigger.py
[2024-10-18T11:10:21.018+0000] {processor.py:925} INFO - DAG(s) 'latest_only_with_trigger' retrieved from /home/airflow/.local/lib/python3.12/site-packages/airflow/example_dags/example_latest_only_with_trigger.py
[2024-10-18T11:10:21.037+0000] {logging_mixin.py:190} INFO - [2024-10-18T11:10:21.037+0000] {dag.py:3239} INFO - Sync 1 DAGs
[2024-10-18T11:10:21.057+0000] {logging_mixin.py:190} INFO - [2024-10-18T11:10:21.057+0000] {dag.py:4180} INFO - Setting next_dagrun for latest_only_with_trigger to 2024-10-18 04:00:00+00:00, run_after=2024-10-18 08:00:00+00:00
[2024-10-18T11:10:21.077+0000] {processor.py:208} INFO - Processing /home/airflow/.local/lib/python3.12/site-packages/airflow/example_dags/example_latest_only_with_trigger.py took 0.077 seconds
[2024-10-18T11:10:51.196+0000] {processor.py:186} INFO - Started process (PID=8462) to work on /home/airflow/.local/lib/python3.12/site-packages/airflow/example_dags/example_latest_only_with_trigger.py
[2024-10-18T11:10:51.202+0000] {processor.py:914} INFO - Processing file /home/airflow/.local/lib/python3.12/site-packages/airflow/example_dags/example_latest_only_with_trigger.py for tasks to queue
[2024-10-18T11:10:51.207+0000] {logging_mixin.py:190} INFO - [2024-10-18T11:10:51.206+0000] {dagbag.py:588} INFO - Filling up the DagBag from /home/airflow/.local/lib/python3.12/site-packages/airflow/example_dags/example_latest_only_with_trigger.py
[2024-10-18T11:10:51.224+0000] {processor.py:925} INFO - DAG(s) 'latest_only_with_trigger' retrieved from /home/airflow/.local/lib/python3.12/site-packages/airflow/example_dags/example_latest_only_with_trigger.py
[2024-10-18T11:10:51.272+0000] {logging_mixin.py:190} INFO - [2024-10-18T11:10:51.272+0000] {dag.py:3239} INFO - Sync 1 DAGs
[2024-10-18T11:10:51.328+0000] {logging_mixin.py:190} INFO - [2024-10-18T11:10:51.327+0000] {dag.py:4180} INFO - Setting next_dagrun for latest_only_with_trigger to 2024-10-18 04:00:00+00:00, run_after=2024-10-18 08:00:00+00:00
[2024-10-18T11:10:51.375+0000] {processor.py:208} INFO - Processing /home/airflow/.local/lib/python3.12/site-packages/airflow/example_dags/example_latest_only_with_trigger.py took 0.187 seconds
[2024-10-18T11:11:21.608+0000] {processor.py:186} INFO - Started process (PID=8748) to work on /home/airflow/.local/lib/python3.12/site-packages/airflow/example_dags/example_latest_only_with_trigger.py
[2024-10-18T11:11:21.609+0000] {processor.py:914} INFO - Processing file /home/airflow/.local/lib/python3.12/site-packages/airflow/example_dags/example_latest_only_with_trigger.py for tasks to queue
[2024-10-18T11:11:21.611+0000] {logging_mixin.py:190} INFO - [2024-10-18T11:11:21.611+0000] {dagbag.py:588} INFO - Filling up the DagBag from /home/airflow/.local/lib/python3.12/site-packages/airflow/example_dags/example_latest_only_with_trigger.py
[2024-10-18T11:11:21.618+0000] {processor.py:925} INFO - DAG(s) 'latest_only_with_trigger' retrieved from /home/airflow/.local/lib/python3.12/site-packages/airflow/example_dags/example_latest_only_with_trigger.py
[2024-10-18T11:11:21.636+0000] {logging_mixin.py:190} INFO - [2024-10-18T11:11:21.636+0000] {dag.py:3239} INFO - Sync 1 DAGs
[2024-10-18T11:11:21.658+0000] {logging_mixin.py:190} INFO - [2024-10-18T11:11:21.658+0000] {dag.py:4180} INFO - Setting next_dagrun for latest_only_with_trigger to 2024-10-18 04:00:00+00:00, run_after=2024-10-18 08:00:00+00:00
[2024-10-18T11:11:21.678+0000] {processor.py:208} INFO - Processing /home/airflow/.local/lib/python3.12/site-packages/airflow/example_dags/example_latest_only_with_trigger.py took 0.075 seconds
[2024-10-18T11:11:52.032+0000] {processor.py:186} INFO - Started process (PID=9034) to work on /home/airflow/.local/lib/python3.12/site-packages/airflow/example_dags/example_latest_only_with_trigger.py
[2024-10-18T11:11:52.033+0000] {processor.py:914} INFO - Processing file /home/airflow/.local/lib/python3.12/site-packages/airflow/example_dags/example_latest_only_with_trigger.py for tasks to queue
[2024-10-18T11:11:52.036+0000] {logging_mixin.py:190} INFO - [2024-10-18T11:11:52.036+0000] {dagbag.py:588} INFO - Filling up the DagBag from /home/airflow/.local/lib/python3.12/site-packages/airflow/example_dags/example_latest_only_with_trigger.py
[2024-10-18T11:11:52.043+0000] {processor.py:925} INFO - DAG(s) 'latest_only_with_trigger' retrieved from /home/airflow/.local/lib/python3.12/site-packages/airflow/example_dags/example_latest_only_with_trigger.py
[2024-10-18T11:11:52.065+0000] {logging_mixin.py:190} INFO - [2024-10-18T11:11:52.065+0000] {dag.py:3239} INFO - Sync 1 DAGs
[2024-10-18T11:11:52.093+0000] {logging_mixin.py:190} INFO - [2024-10-18T11:11:52.093+0000] {dag.py:4180} INFO - Setting next_dagrun for latest_only_with_trigger to 2024-10-18 04:00:00+00:00, run_after=2024-10-18 08:00:00+00:00
[2024-10-18T11:11:52.115+0000] {processor.py:208} INFO - Processing /home/airflow/.local/lib/python3.12/site-packages/airflow/example_dags/example_latest_only_with_trigger.py took 0.088 seconds
[2024-10-18T11:12:22.646+0000] {processor.py:186} INFO - Started process (PID=9325) to work on /home/airflow/.local/lib/python3.12/site-packages/airflow/example_dags/example_latest_only_with_trigger.py
[2024-10-18T11:12:22.647+0000] {processor.py:914} INFO - Processing file /home/airflow/.local/lib/python3.12/site-packages/airflow/example_dags/example_latest_only_with_trigger.py for tasks to queue
[2024-10-18T11:12:22.650+0000] {logging_mixin.py:190} INFO - [2024-10-18T11:12:22.649+0000] {dagbag.py:588} INFO - Filling up the DagBag from /home/airflow/.local/lib/python3.12/site-packages/airflow/example_dags/example_latest_only_with_trigger.py
[2024-10-18T11:12:22.657+0000] {processor.py:925} INFO - DAG(s) 'latest_only_with_trigger' retrieved from /home/airflow/.local/lib/python3.12/site-packages/airflow/example_dags/example_latest_only_with_trigger.py
[2024-10-18T11:12:22.683+0000] {logging_mixin.py:190} INFO - [2024-10-18T11:12:22.683+0000] {dag.py:3239} INFO - Sync 1 DAGs
[2024-10-18T11:12:22.714+0000] {logging_mixin.py:190} INFO - [2024-10-18T11:12:22.714+0000] {dag.py:4180} INFO - Setting next_dagrun for latest_only_with_trigger to 2024-10-18 04:00:00+00:00, run_after=2024-10-18 08:00:00+00:00
[2024-10-18T11:12:22.746+0000] {processor.py:208} INFO - Processing /home/airflow/.local/lib/python3.12/site-packages/airflow/example_dags/example_latest_only_with_trigger.py took 0.108 seconds
[2024-10-18T11:12:53.301+0000] {processor.py:186} INFO - Started process (PID=9612) to work on /home/airflow/.local/lib/python3.12/site-packages/airflow/example_dags/example_latest_only_with_trigger.py
[2024-10-18T11:12:53.302+0000] {processor.py:914} INFO - Processing file /home/airflow/.local/lib/python3.12/site-packages/airflow/example_dags/example_latest_only_with_trigger.py for tasks to queue
[2024-10-18T11:12:53.304+0000] {logging_mixin.py:190} INFO - [2024-10-18T11:12:53.303+0000] {dagbag.py:588} INFO - Filling up the DagBag from /home/airflow/.local/lib/python3.12/site-packages/airflow/example_dags/example_latest_only_with_trigger.py
[2024-10-18T11:12:53.310+0000] {processor.py:925} INFO - DAG(s) 'latest_only_with_trigger' retrieved from /home/airflow/.local/lib/python3.12/site-packages/airflow/example_dags/example_latest_only_with_trigger.py
[2024-10-18T11:12:53.330+0000] {logging_mixin.py:190} INFO - [2024-10-18T11:12:53.329+0000] {dag.py:3239} INFO - Sync 1 DAGs
[2024-10-18T11:12:53.352+0000] {logging_mixin.py:190} INFO - [2024-10-18T11:12:53.352+0000] {dag.py:4180} INFO - Setting next_dagrun for latest_only_with_trigger to 2024-10-18 04:00:00+00:00, run_after=2024-10-18 08:00:00+00:00
[2024-10-18T11:12:53.374+0000] {processor.py:208} INFO - Processing /home/airflow/.local/lib/python3.12/site-packages/airflow/example_dags/example_latest_only_with_trigger.py took 0.078 seconds
[2024-10-18T11:13:23.463+0000] {processor.py:186} INFO - Started process (PID=9898) to work on /home/airflow/.local/lib/python3.12/site-packages/airflow/example_dags/example_latest_only_with_trigger.py
[2024-10-18T11:13:23.465+0000] {processor.py:914} INFO - Processing file /home/airflow/.local/lib/python3.12/site-packages/airflow/example_dags/example_latest_only_with_trigger.py for tasks to queue
[2024-10-18T11:13:23.467+0000] {logging_mixin.py:190} INFO - [2024-10-18T11:13:23.467+0000] {dagbag.py:588} INFO - Filling up the DagBag from /home/airflow/.local/lib/python3.12/site-packages/airflow/example_dags/example_latest_only_with_trigger.py
[2024-10-18T11:13:23.474+0000] {processor.py:925} INFO - DAG(s) 'latest_only_with_trigger' retrieved from /home/airflow/.local/lib/python3.12/site-packages/airflow/example_dags/example_latest_only_with_trigger.py
[2024-10-18T11:13:23.497+0000] {logging_mixin.py:190} INFO - [2024-10-18T11:13:23.497+0000] {dag.py:3239} INFO - Sync 1 DAGs
[2024-10-18T11:13:23.524+0000] {logging_mixin.py:190} INFO - [2024-10-18T11:13:23.524+0000] {dag.py:4180} INFO - Setting next_dagrun for latest_only_with_trigger to 2024-10-18 04:00:00+00:00, run_after=2024-10-18 08:00:00+00:00
[2024-10-18T11:13:23.549+0000] {processor.py:208} INFO - Processing /home/airflow/.local/lib/python3.12/site-packages/airflow/example_dags/example_latest_only_with_trigger.py took 0.091 seconds
[2024-10-18T11:13:54.277+0000] {processor.py:186} INFO - Started process (PID=10190) to work on /home/airflow/.local/lib/python3.12/site-packages/airflow/example_dags/example_latest_only_with_trigger.py
[2024-10-18T11:13:54.279+0000] {processor.py:914} INFO - Processing file /home/airflow/.local/lib/python3.12/site-packages/airflow/example_dags/example_latest_only_with_trigger.py for tasks to queue
[2024-10-18T11:13:54.283+0000] {logging_mixin.py:190} INFO - [2024-10-18T11:13:54.282+0000] {dagbag.py:588} INFO - Filling up the DagBag from /home/airflow/.local/lib/python3.12/site-packages/airflow/example_dags/example_latest_only_with_trigger.py
[2024-10-18T11:13:54.295+0000] {processor.py:925} INFO - DAG(s) 'latest_only_with_trigger' retrieved from /home/airflow/.local/lib/python3.12/site-packages/airflow/example_dags/example_latest_only_with_trigger.py
[2024-10-18T11:13:54.327+0000] {logging_mixin.py:190} INFO - [2024-10-18T11:13:54.326+0000] {dag.py:3239} INFO - Sync 1 DAGs
[2024-10-18T11:13:54.368+0000] {logging_mixin.py:190} INFO - [2024-10-18T11:13:54.367+0000] {dag.py:4180} INFO - Setting next_dagrun for latest_only_with_trigger to 2024-10-18 04:00:00+00:00, run_after=2024-10-18 08:00:00+00:00
[2024-10-18T11:13:54.400+0000] {processor.py:208} INFO - Processing /home/airflow/.local/lib/python3.12/site-packages/airflow/example_dags/example_latest_only_with_trigger.py took 0.131 seconds
[2024-10-18T11:14:25.101+0000] {processor.py:186} INFO - Started process (PID=10495) to work on /home/airflow/.local/lib/python3.12/site-packages/airflow/example_dags/example_latest_only_with_trigger.py
[2024-10-18T11:14:25.103+0000] {processor.py:914} INFO - Processing file /home/airflow/.local/lib/python3.12/site-packages/airflow/example_dags/example_latest_only_with_trigger.py for tasks to queue
[2024-10-18T11:14:25.107+0000] {logging_mixin.py:190} INFO - [2024-10-18T11:14:25.106+0000] {dagbag.py:588} INFO - Filling up the DagBag from /home/airflow/.local/lib/python3.12/site-packages/airflow/example_dags/example_latest_only_with_trigger.py
[2024-10-18T11:14:25.117+0000] {processor.py:925} INFO - DAG(s) 'latest_only_with_trigger' retrieved from /home/airflow/.local/lib/python3.12/site-packages/airflow/example_dags/example_latest_only_with_trigger.py
[2024-10-18T11:14:25.149+0000] {logging_mixin.py:190} INFO - [2024-10-18T11:14:25.148+0000] {dag.py:3239} INFO - Sync 1 DAGs
[2024-10-18T11:14:25.193+0000] {logging_mixin.py:190} INFO - [2024-10-18T11:14:25.192+0000] {dag.py:4180} INFO - Setting next_dagrun for latest_only_with_trigger to 2024-10-18 04:00:00+00:00, run_after=2024-10-18 08:00:00+00:00
[2024-10-18T11:14:25.227+0000] {processor.py:208} INFO - Processing /home/airflow/.local/lib/python3.12/site-packages/airflow/example_dags/example_latest_only_with_trigger.py took 0.135 seconds
[2024-10-18T11:14:55.679+0000] {processor.py:186} INFO - Started process (PID=10789) to work on /home/airflow/.local/lib/python3.12/site-packages/airflow/example_dags/example_latest_only_with_trigger.py
[2024-10-18T11:14:55.681+0000] {processor.py:914} INFO - Processing file /home/airflow/.local/lib/python3.12/site-packages/airflow/example_dags/example_latest_only_with_trigger.py for tasks to queue
[2024-10-18T11:14:55.685+0000] {logging_mixin.py:190} INFO - [2024-10-18T11:14:55.684+0000] {dagbag.py:588} INFO - Filling up the DagBag from /home/airflow/.local/lib/python3.12/site-packages/airflow/example_dags/example_latest_only_with_trigger.py
[2024-10-18T11:14:55.700+0000] {processor.py:925} INFO - DAG(s) 'latest_only_with_trigger' retrieved from /home/airflow/.local/lib/python3.12/site-packages/airflow/example_dags/example_latest_only_with_trigger.py
[2024-10-18T11:14:55.739+0000] {logging_mixin.py:190} INFO - [2024-10-18T11:14:55.739+0000] {dag.py:3239} INFO - Sync 1 DAGs
[2024-10-18T11:14:55.789+0000] {logging_mixin.py:190} INFO - [2024-10-18T11:14:55.789+0000] {dag.py:4180} INFO - Setting next_dagrun for latest_only_with_trigger to 2024-10-18 04:00:00+00:00, run_after=2024-10-18 08:00:00+00:00
[2024-10-18T11:14:55.828+0000] {processor.py:208} INFO - Processing /home/airflow/.local/lib/python3.12/site-packages/airflow/example_dags/example_latest_only_with_trigger.py took 0.165 seconds
[2024-10-18T11:15:26.492+0000] {processor.py:186} INFO - Started process (PID=11070) to work on /home/airflow/.local/lib/python3.12/site-packages/airflow/example_dags/example_latest_only_with_trigger.py
[2024-10-18T11:15:26.494+0000] {processor.py:914} INFO - Processing file /home/airflow/.local/lib/python3.12/site-packages/airflow/example_dags/example_latest_only_with_trigger.py for tasks to queue
[2024-10-18T11:15:26.498+0000] {logging_mixin.py:190} INFO - [2024-10-18T11:15:26.497+0000] {dagbag.py:588} INFO - Filling up the DagBag from /home/airflow/.local/lib/python3.12/site-packages/airflow/example_dags/example_latest_only_with_trigger.py
[2024-10-18T11:15:26.509+0000] {processor.py:925} INFO - DAG(s) 'latest_only_with_trigger' retrieved from /home/airflow/.local/lib/python3.12/site-packages/airflow/example_dags/example_latest_only_with_trigger.py
[2024-10-18T11:15:26.548+0000] {logging_mixin.py:190} INFO - [2024-10-18T11:15:26.548+0000] {dag.py:3239} INFO - Sync 1 DAGs
[2024-10-18T11:15:26.585+0000] {logging_mixin.py:190} INFO - [2024-10-18T11:15:26.584+0000] {dag.py:4180} INFO - Setting next_dagrun for latest_only_with_trigger to 2024-10-18 04:00:00+00:00, run_after=2024-10-18 08:00:00+00:00
[2024-10-18T11:15:26.615+0000] {processor.py:208} INFO - Processing /home/airflow/.local/lib/python3.12/site-packages/airflow/example_dags/example_latest_only_with_trigger.py took 0.131 seconds
[2024-10-18T11:15:56.701+0000] {processor.py:186} INFO - Started process (PID=11352) to work on /home/airflow/.local/lib/python3.12/site-packages/airflow/example_dags/example_latest_only_with_trigger.py
[2024-10-18T11:15:56.702+0000] {processor.py:914} INFO - Processing file /home/airflow/.local/lib/python3.12/site-packages/airflow/example_dags/example_latest_only_with_trigger.py for tasks to queue
[2024-10-18T11:15:56.705+0000] {logging_mixin.py:190} INFO - [2024-10-18T11:15:56.705+0000] {dagbag.py:588} INFO - Filling up the DagBag from /home/airflow/.local/lib/python3.12/site-packages/airflow/example_dags/example_latest_only_with_trigger.py
[2024-10-18T11:15:56.713+0000] {processor.py:925} INFO - DAG(s) 'latest_only_with_trigger' retrieved from /home/airflow/.local/lib/python3.12/site-packages/airflow/example_dags/example_latest_only_with_trigger.py
[2024-10-18T11:15:56.749+0000] {logging_mixin.py:190} INFO - [2024-10-18T11:15:56.748+0000] {dag.py:3239} INFO - Sync 1 DAGs
[2024-10-18T11:15:56.790+0000] {logging_mixin.py:190} INFO - [2024-10-18T11:15:56.789+0000] {dag.py:4180} INFO - Setting next_dagrun for latest_only_with_trigger to 2024-10-18 04:00:00+00:00, run_after=2024-10-18 08:00:00+00:00
[2024-10-18T11:15:56.819+0000] {processor.py:208} INFO - Processing /home/airflow/.local/lib/python3.12/site-packages/airflow/example_dags/example_latest_only_with_trigger.py took 0.125 seconds
[2024-10-18T11:16:27.003+0000] {processor.py:186} INFO - Started process (PID=11638) to work on /home/airflow/.local/lib/python3.12/site-packages/airflow/example_dags/example_latest_only_with_trigger.py
[2024-10-18T11:16:27.004+0000] {processor.py:914} INFO - Processing file /home/airflow/.local/lib/python3.12/site-packages/airflow/example_dags/example_latest_only_with_trigger.py for tasks to queue
[2024-10-18T11:16:27.007+0000] {logging_mixin.py:190} INFO - [2024-10-18T11:16:27.007+0000] {dagbag.py:588} INFO - Filling up the DagBag from /home/airflow/.local/lib/python3.12/site-packages/airflow/example_dags/example_latest_only_with_trigger.py
[2024-10-18T11:16:27.016+0000] {processor.py:925} INFO - DAG(s) 'latest_only_with_trigger' retrieved from /home/airflow/.local/lib/python3.12/site-packages/airflow/example_dags/example_latest_only_with_trigger.py
[2024-10-18T11:16:27.050+0000] {logging_mixin.py:190} INFO - [2024-10-18T11:16:27.049+0000] {dag.py:3239} INFO - Sync 1 DAGs
[2024-10-18T11:16:27.084+0000] {logging_mixin.py:190} INFO - [2024-10-18T11:16:27.084+0000] {dag.py:4180} INFO - Setting next_dagrun for latest_only_with_trigger to 2024-10-18 04:00:00+00:00, run_after=2024-10-18 08:00:00+00:00
[2024-10-18T11:16:27.113+0000] {processor.py:208} INFO - Processing /home/airflow/.local/lib/python3.12/site-packages/airflow/example_dags/example_latest_only_with_trigger.py took 0.118 seconds
[2024-10-18T11:16:58.117+0000] {processor.py:186} INFO - Started process (PID=11961) to work on /home/airflow/.local/lib/python3.12/site-packages/airflow/example_dags/example_latest_only_with_trigger.py
[2024-10-18T11:16:58.118+0000] {processor.py:914} INFO - Processing file /home/airflow/.local/lib/python3.12/site-packages/airflow/example_dags/example_latest_only_with_trigger.py for tasks to queue
[2024-10-18T11:16:58.122+0000] {logging_mixin.py:190} INFO - [2024-10-18T11:16:58.121+0000] {dagbag.py:588} INFO - Filling up the DagBag from /home/airflow/.local/lib/python3.12/site-packages/airflow/example_dags/example_latest_only_with_trigger.py
[2024-10-18T11:16:58.135+0000] {processor.py:925} INFO - DAG(s) 'latest_only_with_trigger' retrieved from /home/airflow/.local/lib/python3.12/site-packages/airflow/example_dags/example_latest_only_with_trigger.py
[2024-10-18T11:16:58.171+0000] {logging_mixin.py:190} INFO - [2024-10-18T11:16:58.170+0000] {dag.py:3239} INFO - Sync 1 DAGs
[2024-10-18T11:16:58.225+0000] {logging_mixin.py:190} INFO - [2024-10-18T11:16:58.225+0000] {dag.py:4180} INFO - Setting next_dagrun for latest_only_with_trigger to 2024-10-18 04:00:00+00:00, run_after=2024-10-18 08:00:00+00:00
[2024-10-18T11:16:58.269+0000] {processor.py:208} INFO - Processing /home/airflow/.local/lib/python3.12/site-packages/airflow/example_dags/example_latest_only_with_trigger.py took 0.163 seconds
[2024-10-18T11:17:29.480+0000] {processor.py:186} INFO - Started process (PID=12247) to work on /home/airflow/.local/lib/python3.12/site-packages/airflow/example_dags/example_latest_only_with_trigger.py
[2024-10-18T11:17:29.482+0000] {processor.py:914} INFO - Processing file /home/airflow/.local/lib/python3.12/site-packages/airflow/example_dags/example_latest_only_with_trigger.py for tasks to queue
[2024-10-18T11:17:29.488+0000] {logging_mixin.py:190} INFO - [2024-10-18T11:17:29.486+0000] {dagbag.py:588} INFO - Filling up the DagBag from /home/airflow/.local/lib/python3.12/site-packages/airflow/example_dags/example_latest_only_with_trigger.py
[2024-10-18T11:17:29.507+0000] {processor.py:925} INFO - DAG(s) 'latest_only_with_trigger' retrieved from /home/airflow/.local/lib/python3.12/site-packages/airflow/example_dags/example_latest_only_with_trigger.py
[2024-10-18T11:17:29.549+0000] {logging_mixin.py:190} INFO - [2024-10-18T11:17:29.549+0000] {dag.py:3239} INFO - Sync 1 DAGs
[2024-10-18T11:17:29.642+0000] {logging_mixin.py:190} INFO - [2024-10-18T11:17:29.642+0000] {dag.py:4180} INFO - Setting next_dagrun for latest_only_with_trigger to 2024-10-18 04:00:00+00:00, run_after=2024-10-18 08:00:00+00:00
[2024-10-18T11:17:29.700+0000] {processor.py:208} INFO - Processing /home/airflow/.local/lib/python3.12/site-packages/airflow/example_dags/example_latest_only_with_trigger.py took 0.234 seconds
[2024-10-18T11:18:02.104+0000] {processor.py:186} INFO - Started process (PID=12533) to work on /home/airflow/.local/lib/python3.12/site-packages/airflow/example_dags/example_latest_only_with_trigger.py
[2024-10-18T11:18:02.106+0000] {processor.py:914} INFO - Processing file /home/airflow/.local/lib/python3.12/site-packages/airflow/example_dags/example_latest_only_with_trigger.py for tasks to queue
[2024-10-18T11:18:02.119+0000] {logging_mixin.py:190} INFO - [2024-10-18T11:18:02.118+0000] {dagbag.py:588} INFO - Filling up the DagBag from /home/airflow/.local/lib/python3.12/site-packages/airflow/example_dags/example_latest_only_with_trigger.py
[2024-10-18T11:18:02.154+0000] {processor.py:925} INFO - DAG(s) 'latest_only_with_trigger' retrieved from /home/airflow/.local/lib/python3.12/site-packages/airflow/example_dags/example_latest_only_with_trigger.py
[2024-10-18T11:18:02.254+0000] {logging_mixin.py:190} INFO - [2024-10-18T11:18:02.251+0000] {dag.py:3239} INFO - Sync 1 DAGs
[2024-10-18T11:18:02.365+0000] {logging_mixin.py:190} INFO - [2024-10-18T11:18:02.358+0000] {dag.py:4180} INFO - Setting next_dagrun for latest_only_with_trigger to 2024-10-18 04:00:00+00:00, run_after=2024-10-18 08:00:00+00:00
[2024-10-18T11:18:02.434+0000] {processor.py:208} INFO - Processing /home/airflow/.local/lib/python3.12/site-packages/airflow/example_dags/example_latest_only_with_trigger.py took 0.362 seconds
[2024-10-18T11:18:32.643+0000] {processor.py:186} INFO - Started process (PID=12821) to work on /home/airflow/.local/lib/python3.12/site-packages/airflow/example_dags/example_latest_only_with_trigger.py
[2024-10-18T11:18:32.644+0000] {processor.py:914} INFO - Processing file /home/airflow/.local/lib/python3.12/site-packages/airflow/example_dags/example_latest_only_with_trigger.py for tasks to queue
[2024-10-18T11:18:32.648+0000] {logging_mixin.py:190} INFO - [2024-10-18T11:18:32.647+0000] {dagbag.py:588} INFO - Filling up the DagBag from /home/airflow/.local/lib/python3.12/site-packages/airflow/example_dags/example_latest_only_with_trigger.py
[2024-10-18T11:18:32.665+0000] {processor.py:925} INFO - DAG(s) 'latest_only_with_trigger' retrieved from /home/airflow/.local/lib/python3.12/site-packages/airflow/example_dags/example_latest_only_with_trigger.py
[2024-10-18T11:18:32.713+0000] {logging_mixin.py:190} INFO - [2024-10-18T11:18:32.713+0000] {dag.py:3239} INFO - Sync 1 DAGs
[2024-10-18T11:18:32.778+0000] {logging_mixin.py:190} INFO - [2024-10-18T11:18:32.778+0000] {dag.py:4180} INFO - Setting next_dagrun for latest_only_with_trigger to 2024-10-18 04:00:00+00:00, run_after=2024-10-18 08:00:00+00:00
[2024-10-18T11:18:32.824+0000] {processor.py:208} INFO - Processing /home/airflow/.local/lib/python3.12/site-packages/airflow/example_dags/example_latest_only_with_trigger.py took 0.193 seconds
[2024-10-18T11:19:03.043+0000] {processor.py:186} INFO - Started process (PID=13113) to work on /home/airflow/.local/lib/python3.12/site-packages/airflow/example_dags/example_latest_only_with_trigger.py
[2024-10-18T11:19:03.046+0000] {processor.py:914} INFO - Processing file /home/airflow/.local/lib/python3.12/site-packages/airflow/example_dags/example_latest_only_with_trigger.py for tasks to queue
[2024-10-18T11:19:03.049+0000] {logging_mixin.py:190} INFO - [2024-10-18T11:19:03.049+0000] {dagbag.py:588} INFO - Filling up the DagBag from /home/airflow/.local/lib/python3.12/site-packages/airflow/example_dags/example_latest_only_with_trigger.py
[2024-10-18T11:19:03.061+0000] {processor.py:925} INFO - DAG(s) 'latest_only_with_trigger' retrieved from /home/airflow/.local/lib/python3.12/site-packages/airflow/example_dags/example_latest_only_with_trigger.py
[2024-10-18T11:19:03.092+0000] {logging_mixin.py:190} INFO - [2024-10-18T11:19:03.091+0000] {dag.py:3239} INFO - Sync 1 DAGs
[2024-10-18T11:19:03.130+0000] {logging_mixin.py:190} INFO - [2024-10-18T11:19:03.130+0000] {dag.py:4180} INFO - Setting next_dagrun for latest_only_with_trigger to 2024-10-18 04:00:00+00:00, run_after=2024-10-18 08:00:00+00:00
[2024-10-18T11:19:03.160+0000] {processor.py:208} INFO - Processing /home/airflow/.local/lib/python3.12/site-packages/airflow/example_dags/example_latest_only_with_trigger.py took 0.129 seconds
[2024-10-18T11:19:34.126+0000] {processor.py:186} INFO - Started process (PID=13394) to work on /home/airflow/.local/lib/python3.12/site-packages/airflow/example_dags/example_latest_only_with_trigger.py
[2024-10-18T11:19:34.127+0000] {processor.py:914} INFO - Processing file /home/airflow/.local/lib/python3.12/site-packages/airflow/example_dags/example_latest_only_with_trigger.py for tasks to queue
[2024-10-18T11:19:34.130+0000] {logging_mixin.py:190} INFO - [2024-10-18T11:19:34.129+0000] {dagbag.py:588} INFO - Filling up the DagBag from /home/airflow/.local/lib/python3.12/site-packages/airflow/example_dags/example_latest_only_with_trigger.py
[2024-10-18T11:19:34.137+0000] {processor.py:925} INFO - DAG(s) 'latest_only_with_trigger' retrieved from /home/airflow/.local/lib/python3.12/site-packages/airflow/example_dags/example_latest_only_with_trigger.py
[2024-10-18T11:19:34.156+0000] {logging_mixin.py:190} INFO - [2024-10-18T11:19:34.156+0000] {dag.py:3239} INFO - Sync 1 DAGs
[2024-10-18T11:19:34.178+0000] {logging_mixin.py:190} INFO - [2024-10-18T11:19:34.178+0000] {dag.py:4180} INFO - Setting next_dagrun for latest_only_with_trigger to 2024-10-18 04:00:00+00:00, run_after=2024-10-18 08:00:00+00:00
[2024-10-18T11:19:34.353+0000] {processor.py:208} INFO - Processing /home/airflow/.local/lib/python3.12/site-packages/airflow/example_dags/example_latest_only_with_trigger.py took 0.232 seconds
[2024-10-18T11:20:04.663+0000] {processor.py:186} INFO - Started process (PID=13680) to work on /home/airflow/.local/lib/python3.12/site-packages/airflow/example_dags/example_latest_only_with_trigger.py
[2024-10-18T11:20:04.665+0000] {processor.py:914} INFO - Processing file /home/airflow/.local/lib/python3.12/site-packages/airflow/example_dags/example_latest_only_with_trigger.py for tasks to queue
[2024-10-18T11:20:04.670+0000] {logging_mixin.py:190} INFO - [2024-10-18T11:20:04.669+0000] {dagbag.py:588} INFO - Filling up the DagBag from /home/airflow/.local/lib/python3.12/site-packages/airflow/example_dags/example_latest_only_with_trigger.py
[2024-10-18T11:20:04.685+0000] {processor.py:925} INFO - DAG(s) 'latest_only_with_trigger' retrieved from /home/airflow/.local/lib/python3.12/site-packages/airflow/example_dags/example_latest_only_with_trigger.py
[2024-10-18T11:20:04.722+0000] {logging_mixin.py:190} INFO - [2024-10-18T11:20:04.722+0000] {dag.py:3239} INFO - Sync 1 DAGs
[2024-10-18T11:20:04.769+0000] {logging_mixin.py:190} INFO - [2024-10-18T11:20:04.768+0000] {dag.py:4180} INFO - Setting next_dagrun for latest_only_with_trigger to 2024-10-18 04:00:00+00:00, run_after=2024-10-18 08:00:00+00:00
[2024-10-18T11:20:04.805+0000] {processor.py:208} INFO - Processing /home/airflow/.local/lib/python3.12/site-packages/airflow/example_dags/example_latest_only_with_trigger.py took 0.154 seconds
[2024-10-18T11:20:36.307+0000] {processor.py:186} INFO - Started process (PID=13967) to work on /home/airflow/.local/lib/python3.12/site-packages/airflow/example_dags/example_latest_only_with_trigger.py
[2024-10-18T11:20:36.309+0000] {processor.py:914} INFO - Processing file /home/airflow/.local/lib/python3.12/site-packages/airflow/example_dags/example_latest_only_with_trigger.py for tasks to queue
[2024-10-18T11:20:36.315+0000] {logging_mixin.py:190} INFO - [2024-10-18T11:20:36.315+0000] {dagbag.py:588} INFO - Filling up the DagBag from /home/airflow/.local/lib/python3.12/site-packages/airflow/example_dags/example_latest_only_with_trigger.py
[2024-10-18T11:20:36.343+0000] {processor.py:925} INFO - DAG(s) 'latest_only_with_trigger' retrieved from /home/airflow/.local/lib/python3.12/site-packages/airflow/example_dags/example_latest_only_with_trigger.py
[2024-10-18T11:20:36.404+0000] {logging_mixin.py:190} INFO - [2024-10-18T11:20:36.403+0000] {dag.py:3239} INFO - Sync 1 DAGs
[2024-10-18T11:20:36.476+0000] {logging_mixin.py:190} INFO - [2024-10-18T11:20:36.476+0000] {dag.py:4180} INFO - Setting next_dagrun for latest_only_with_trigger to 2024-10-18 04:00:00+00:00, run_after=2024-10-18 08:00:00+00:00
[2024-10-18T11:20:36.521+0000] {processor.py:208} INFO - Processing /home/airflow/.local/lib/python3.12/site-packages/airflow/example_dags/example_latest_only_with_trigger.py took 0.237 seconds
[2024-10-18T11:21:07.079+0000] {processor.py:186} INFO - Started process (PID=14258) to work on /home/airflow/.local/lib/python3.12/site-packages/airflow/example_dags/example_latest_only_with_trigger.py
[2024-10-18T11:21:07.081+0000] {processor.py:914} INFO - Processing file /home/airflow/.local/lib/python3.12/site-packages/airflow/example_dags/example_latest_only_with_trigger.py for tasks to queue
[2024-10-18T11:21:07.086+0000] {logging_mixin.py:190} INFO - [2024-10-18T11:21:07.084+0000] {dagbag.py:588} INFO - Filling up the DagBag from /home/airflow/.local/lib/python3.12/site-packages/airflow/example_dags/example_latest_only_with_trigger.py
[2024-10-18T11:21:07.097+0000] {processor.py:925} INFO - DAG(s) 'latest_only_with_trigger' retrieved from /home/airflow/.local/lib/python3.12/site-packages/airflow/example_dags/example_latest_only_with_trigger.py
[2024-10-18T11:21:07.129+0000] {logging_mixin.py:190} INFO - [2024-10-18T11:21:07.129+0000] {dag.py:3239} INFO - Sync 1 DAGs
[2024-10-18T11:21:07.169+0000] {logging_mixin.py:190} INFO - [2024-10-18T11:21:07.168+0000] {dag.py:4180} INFO - Setting next_dagrun for latest_only_with_trigger to 2024-10-18 04:00:00+00:00, run_after=2024-10-18 08:00:00+00:00
[2024-10-18T11:21:07.200+0000] {processor.py:208} INFO - Processing /home/airflow/.local/lib/python3.12/site-packages/airflow/example_dags/example_latest_only_with_trigger.py took 0.131 seconds
