[2024-10-18T10:56:22.774+0000] {processor.py:186} INFO - Started process (PID=229) to work on /home/airflow/.local/lib/python3.12/site-packages/airflow/example_dags/example_python_operator.py
[2024-10-18T10:56:22.775+0000] {processor.py:914} INFO - Processing file /home/airflow/.local/lib/python3.12/site-packages/airflow/example_dags/example_python_operator.py for tasks to queue
[2024-10-18T10:56:22.781+0000] {logging_mixin.py:190} INFO - [2024-10-18T10:56:22.780+0000] {dagbag.py:588} INFO - Filling up the DagBag from /home/airflow/.local/lib/python3.12/site-packages/airflow/example_dags/example_python_operator.py
[2024-10-18T10:56:22.817+0000] {processor.py:925} INFO - DAG(s) 'example_python_operator' retrieved from /home/airflow/.local/lib/python3.12/site-packages/airflow/example_dags/example_python_operator.py
[2024-10-18T10:56:23.095+0000] {logging_mixin.py:190} INFO - [2024-10-18T10:56:23.094+0000] {override.py:1900} INFO - Created Permission View: can delete on DAG:example_python_operator
[2024-10-18T10:56:23.109+0000] {logging_mixin.py:190} INFO - [2024-10-18T10:56:23.109+0000] {override.py:1900} INFO - Created Permission View: can edit on DAG:example_python_operator
[2024-10-18T10:56:23.119+0000] {logging_mixin.py:190} INFO - [2024-10-18T10:56:23.118+0000] {override.py:1900} INFO - Created Permission View: can read on DAG:example_python_operator
[2024-10-18T10:56:23.131+0000] {logging_mixin.py:190} INFO - [2024-10-18T10:56:23.131+0000] {override.py:1900} INFO - Created Permission View: can delete on DAG Run:example_python_operator
[2024-10-18T10:56:23.141+0000] {logging_mixin.py:190} INFO - [2024-10-18T10:56:23.140+0000] {override.py:1900} INFO - Created Permission View: menu access on DAG Run:example_python_operator
[2024-10-18T10:56:23.151+0000] {logging_mixin.py:190} INFO - [2024-10-18T10:56:23.150+0000] {override.py:1900} INFO - Created Permission View: can read on DAG Run:example_python_operator
[2024-10-18T10:56:23.161+0000] {logging_mixin.py:190} INFO - [2024-10-18T10:56:23.161+0000] {override.py:1900} INFO - Created Permission View: can create on DAG Run:example_python_operator
[2024-10-18T10:56:23.162+0000] {logging_mixin.py:190} INFO - [2024-10-18T10:56:23.162+0000] {dag.py:3239} INFO - Sync 1 DAGs
[2024-10-18T10:56:23.183+0000] {logging_mixin.py:190} INFO - [2024-10-18T10:56:23.183+0000] {dag.py:3262} INFO - Creating ORM DAG for example_python_operator
[2024-10-18T10:56:23.185+0000] {logging_mixin.py:190} INFO - [2024-10-18T10:56:23.185+0000] {dag.py:4180} INFO - Setting next_dagrun for example_python_operator to None, run_after=None
[2024-10-18T10:56:23.208+0000] {processor.py:208} INFO - Processing /home/airflow/.local/lib/python3.12/site-packages/airflow/example_dags/example_python_operator.py took 0.441 seconds
[2024-10-18T10:56:53.651+0000] {processor.py:186} INFO - Started process (PID=517) to work on /home/airflow/.local/lib/python3.12/site-packages/airflow/example_dags/example_python_operator.py
[2024-10-18T10:56:53.652+0000] {processor.py:914} INFO - Processing file /home/airflow/.local/lib/python3.12/site-packages/airflow/example_dags/example_python_operator.py for tasks to queue
[2024-10-18T10:56:53.659+0000] {logging_mixin.py:190} INFO - [2024-10-18T10:56:53.655+0000] {dagbag.py:588} INFO - Filling up the DagBag from /home/airflow/.local/lib/python3.12/site-packages/airflow/example_dags/example_python_operator.py
[2024-10-18T10:56:53.689+0000] {processor.py:925} INFO - DAG(s) 'example_python_operator' retrieved from /home/airflow/.local/lib/python3.12/site-packages/airflow/example_dags/example_python_operator.py
[2024-10-18T10:56:53.732+0000] {logging_mixin.py:190} INFO - [2024-10-18T10:56:53.732+0000] {dag.py:3239} INFO - Sync 1 DAGs
[2024-10-18T10:56:53.763+0000] {logging_mixin.py:190} INFO - [2024-10-18T10:56:53.763+0000] {dag.py:4180} INFO - Setting next_dagrun for example_python_operator to None, run_after=None
[2024-10-18T10:56:53.803+0000] {processor.py:208} INFO - Processing /home/airflow/.local/lib/python3.12/site-packages/airflow/example_dags/example_python_operator.py took 0.168 seconds
[2024-10-18T10:57:24.443+0000] {processor.py:186} INFO - Started process (PID=801) to work on /home/airflow/.local/lib/python3.12/site-packages/airflow/example_dags/example_python_operator.py
[2024-10-18T10:57:24.445+0000] {processor.py:914} INFO - Processing file /home/airflow/.local/lib/python3.12/site-packages/airflow/example_dags/example_python_operator.py for tasks to queue
[2024-10-18T10:57:24.455+0000] {logging_mixin.py:190} INFO - [2024-10-18T10:57:24.455+0000] {dagbag.py:588} INFO - Filling up the DagBag from /home/airflow/.local/lib/python3.12/site-packages/airflow/example_dags/example_python_operator.py
[2024-10-18T10:57:24.485+0000] {processor.py:925} INFO - DAG(s) 'example_python_operator' retrieved from /home/airflow/.local/lib/python3.12/site-packages/airflow/example_dags/example_python_operator.py
[2024-10-18T10:57:24.543+0000] {logging_mixin.py:190} INFO - [2024-10-18T10:57:24.543+0000] {dag.py:3239} INFO - Sync 1 DAGs
[2024-10-18T10:57:24.591+0000] {logging_mixin.py:190} INFO - [2024-10-18T10:57:24.591+0000] {dag.py:4180} INFO - Setting next_dagrun for example_python_operator to None, run_after=None
[2024-10-18T10:57:24.663+0000] {processor.py:208} INFO - Processing /home/airflow/.local/lib/python3.12/site-packages/airflow/example_dags/example_python_operator.py took 0.236 seconds
[2024-10-18T10:57:55.383+0000] {processor.py:186} INFO - Started process (PID=1092) to work on /home/airflow/.local/lib/python3.12/site-packages/airflow/example_dags/example_python_operator.py
[2024-10-18T10:57:55.384+0000] {processor.py:914} INFO - Processing file /home/airflow/.local/lib/python3.12/site-packages/airflow/example_dags/example_python_operator.py for tasks to queue
[2024-10-18T10:57:55.388+0000] {logging_mixin.py:190} INFO - [2024-10-18T10:57:55.387+0000] {dagbag.py:588} INFO - Filling up the DagBag from /home/airflow/.local/lib/python3.12/site-packages/airflow/example_dags/example_python_operator.py
[2024-10-18T10:57:55.410+0000] {processor.py:925} INFO - DAG(s) 'example_python_operator' retrieved from /home/airflow/.local/lib/python3.12/site-packages/airflow/example_dags/example_python_operator.py
[2024-10-18T10:57:55.443+0000] {logging_mixin.py:190} INFO - [2024-10-18T10:57:55.442+0000] {dag.py:3239} INFO - Sync 1 DAGs
[2024-10-18T10:57:55.468+0000] {logging_mixin.py:190} INFO - [2024-10-18T10:57:55.468+0000] {dag.py:4180} INFO - Setting next_dagrun for example_python_operator to None, run_after=None
[2024-10-18T10:57:55.511+0000] {processor.py:208} INFO - Processing /home/airflow/.local/lib/python3.12/site-packages/airflow/example_dags/example_python_operator.py took 0.138 seconds
[2024-10-18T10:58:25.812+0000] {processor.py:186} INFO - Started process (PID=1384) to work on /home/airflow/.local/lib/python3.12/site-packages/airflow/example_dags/example_python_operator.py
[2024-10-18T10:58:25.813+0000] {processor.py:914} INFO - Processing file /home/airflow/.local/lib/python3.12/site-packages/airflow/example_dags/example_python_operator.py for tasks to queue
[2024-10-18T10:58:25.816+0000] {logging_mixin.py:190} INFO - [2024-10-18T10:58:25.815+0000] {dagbag.py:588} INFO - Filling up the DagBag from /home/airflow/.local/lib/python3.12/site-packages/airflow/example_dags/example_python_operator.py
[2024-10-18T10:58:25.827+0000] {processor.py:925} INFO - DAG(s) 'example_python_operator' retrieved from /home/airflow/.local/lib/python3.12/site-packages/airflow/example_dags/example_python_operator.py
[2024-10-18T10:58:25.850+0000] {logging_mixin.py:190} INFO - [2024-10-18T10:58:25.849+0000] {dag.py:3239} INFO - Sync 1 DAGs
[2024-10-18T10:58:25.863+0000] {logging_mixin.py:190} INFO - [2024-10-18T10:58:25.863+0000] {dag.py:4180} INFO - Setting next_dagrun for example_python_operator to None, run_after=None
[2024-10-18T10:58:25.885+0000] {processor.py:208} INFO - Processing /home/airflow/.local/lib/python3.12/site-packages/airflow/example_dags/example_python_operator.py took 0.078 seconds
[2024-10-18T10:58:56.174+0000] {processor.py:186} INFO - Started process (PID=1669) to work on /home/airflow/.local/lib/python3.12/site-packages/airflow/example_dags/example_python_operator.py
[2024-10-18T10:58:56.175+0000] {processor.py:914} INFO - Processing file /home/airflow/.local/lib/python3.12/site-packages/airflow/example_dags/example_python_operator.py for tasks to queue
[2024-10-18T10:58:56.177+0000] {logging_mixin.py:190} INFO - [2024-10-18T10:58:56.177+0000] {dagbag.py:588} INFO - Filling up the DagBag from /home/airflow/.local/lib/python3.12/site-packages/airflow/example_dags/example_python_operator.py
[2024-10-18T10:58:56.190+0000] {processor.py:925} INFO - DAG(s) 'example_python_operator' retrieved from /home/airflow/.local/lib/python3.12/site-packages/airflow/example_dags/example_python_operator.py
[2024-10-18T10:58:56.212+0000] {logging_mixin.py:190} INFO - [2024-10-18T10:58:56.211+0000] {dag.py:3239} INFO - Sync 1 DAGs
[2024-10-18T10:58:56.229+0000] {logging_mixin.py:190} INFO - [2024-10-18T10:58:56.229+0000] {dag.py:4180} INFO - Setting next_dagrun for example_python_operator to None, run_after=None
[2024-10-18T10:58:56.250+0000] {processor.py:208} INFO - Processing /home/airflow/.local/lib/python3.12/site-packages/airflow/example_dags/example_python_operator.py took 0.082 seconds
[2024-10-18T10:59:26.743+0000] {processor.py:186} INFO - Started process (PID=1955) to work on /home/airflow/.local/lib/python3.12/site-packages/airflow/example_dags/example_python_operator.py
[2024-10-18T10:59:26.744+0000] {processor.py:914} INFO - Processing file /home/airflow/.local/lib/python3.12/site-packages/airflow/example_dags/example_python_operator.py for tasks to queue
[2024-10-18T10:59:26.746+0000] {logging_mixin.py:190} INFO - [2024-10-18T10:59:26.746+0000] {dagbag.py:588} INFO - Filling up the DagBag from /home/airflow/.local/lib/python3.12/site-packages/airflow/example_dags/example_python_operator.py
[2024-10-18T10:59:26.757+0000] {processor.py:925} INFO - DAG(s) 'example_python_operator' retrieved from /home/airflow/.local/lib/python3.12/site-packages/airflow/example_dags/example_python_operator.py
[2024-10-18T10:59:26.779+0000] {logging_mixin.py:190} INFO - [2024-10-18T10:59:26.778+0000] {dag.py:3239} INFO - Sync 1 DAGs
[2024-10-18T10:59:26.793+0000] {logging_mixin.py:190} INFO - [2024-10-18T10:59:26.793+0000] {dag.py:4180} INFO - Setting next_dagrun for example_python_operator to None, run_after=None
[2024-10-18T10:59:26.811+0000] {processor.py:208} INFO - Processing /home/airflow/.local/lib/python3.12/site-packages/airflow/example_dags/example_python_operator.py took 0.073 seconds
[2024-10-18T10:59:57.158+0000] {processor.py:186} INFO - Started process (PID=2241) to work on /home/airflow/.local/lib/python3.12/site-packages/airflow/example_dags/example_python_operator.py
[2024-10-18T10:59:57.159+0000] {processor.py:914} INFO - Processing file /home/airflow/.local/lib/python3.12/site-packages/airflow/example_dags/example_python_operator.py for tasks to queue
[2024-10-18T10:59:57.162+0000] {logging_mixin.py:190} INFO - [2024-10-18T10:59:57.161+0000] {dagbag.py:588} INFO - Filling up the DagBag from /home/airflow/.local/lib/python3.12/site-packages/airflow/example_dags/example_python_operator.py
[2024-10-18T10:59:57.174+0000] {processor.py:925} INFO - DAG(s) 'example_python_operator' retrieved from /home/airflow/.local/lib/python3.12/site-packages/airflow/example_dags/example_python_operator.py
[2024-10-18T10:59:57.198+0000] {logging_mixin.py:190} INFO - [2024-10-18T10:59:57.198+0000] {dag.py:3239} INFO - Sync 1 DAGs
[2024-10-18T10:59:57.215+0000] {logging_mixin.py:190} INFO - [2024-10-18T10:59:57.215+0000] {dag.py:4180} INFO - Setting next_dagrun for example_python_operator to None, run_after=None
[2024-10-18T10:59:57.237+0000] {processor.py:208} INFO - Processing /home/airflow/.local/lib/python3.12/site-packages/airflow/example_dags/example_python_operator.py took 0.085 seconds
[2024-10-18T11:00:27.414+0000] {processor.py:186} INFO - Started process (PID=2527) to work on /home/airflow/.local/lib/python3.12/site-packages/airflow/example_dags/example_python_operator.py
[2024-10-18T11:00:27.416+0000] {processor.py:914} INFO - Processing file /home/airflow/.local/lib/python3.12/site-packages/airflow/example_dags/example_python_operator.py for tasks to queue
[2024-10-18T11:00:27.418+0000] {logging_mixin.py:190} INFO - [2024-10-18T11:00:27.418+0000] {dagbag.py:588} INFO - Filling up the DagBag from /home/airflow/.local/lib/python3.12/site-packages/airflow/example_dags/example_python_operator.py
[2024-10-18T11:00:27.430+0000] {processor.py:925} INFO - DAG(s) 'example_python_operator' retrieved from /home/airflow/.local/lib/python3.12/site-packages/airflow/example_dags/example_python_operator.py
[2024-10-18T11:00:27.450+0000] {logging_mixin.py:190} INFO - [2024-10-18T11:00:27.449+0000] {dag.py:3239} INFO - Sync 1 DAGs
[2024-10-18T11:00:27.463+0000] {logging_mixin.py:190} INFO - [2024-10-18T11:00:27.463+0000] {dag.py:4180} INFO - Setting next_dagrun for example_python_operator to None, run_after=None
[2024-10-18T11:00:27.482+0000] {processor.py:208} INFO - Processing /home/airflow/.local/lib/python3.12/site-packages/airflow/example_dags/example_python_operator.py took 0.074 seconds
[2024-10-18T11:00:57.942+0000] {processor.py:186} INFO - Started process (PID=2811) to work on /home/airflow/.local/lib/python3.12/site-packages/airflow/example_dags/example_python_operator.py
[2024-10-18T11:00:57.943+0000] {processor.py:914} INFO - Processing file /home/airflow/.local/lib/python3.12/site-packages/airflow/example_dags/example_python_operator.py for tasks to queue
[2024-10-18T11:00:57.945+0000] {logging_mixin.py:190} INFO - [2024-10-18T11:00:57.945+0000] {dagbag.py:588} INFO - Filling up the DagBag from /home/airflow/.local/lib/python3.12/site-packages/airflow/example_dags/example_python_operator.py
[2024-10-18T11:00:57.956+0000] {processor.py:925} INFO - DAG(s) 'example_python_operator' retrieved from /home/airflow/.local/lib/python3.12/site-packages/airflow/example_dags/example_python_operator.py
[2024-10-18T11:00:57.975+0000] {logging_mixin.py:190} INFO - [2024-10-18T11:00:57.975+0000] {dag.py:3239} INFO - Sync 1 DAGs
[2024-10-18T11:00:57.988+0000] {logging_mixin.py:190} INFO - [2024-10-18T11:00:57.987+0000] {dag.py:4180} INFO - Setting next_dagrun for example_python_operator to None, run_after=None
[2024-10-18T11:00:58.009+0000] {processor.py:208} INFO - Processing /home/airflow/.local/lib/python3.12/site-packages/airflow/example_dags/example_python_operator.py took 0.071 seconds
[2024-10-18T11:01:28.389+0000] {processor.py:186} INFO - Started process (PID=3099) to work on /home/airflow/.local/lib/python3.12/site-packages/airflow/example_dags/example_python_operator.py
[2024-10-18T11:01:28.390+0000] {processor.py:914} INFO - Processing file /home/airflow/.local/lib/python3.12/site-packages/airflow/example_dags/example_python_operator.py for tasks to queue
[2024-10-18T11:01:28.392+0000] {logging_mixin.py:190} INFO - [2024-10-18T11:01:28.392+0000] {dagbag.py:588} INFO - Filling up the DagBag from /home/airflow/.local/lib/python3.12/site-packages/airflow/example_dags/example_python_operator.py
[2024-10-18T11:01:28.403+0000] {processor.py:925} INFO - DAG(s) 'example_python_operator' retrieved from /home/airflow/.local/lib/python3.12/site-packages/airflow/example_dags/example_python_operator.py
[2024-10-18T11:01:28.424+0000] {logging_mixin.py:190} INFO - [2024-10-18T11:01:28.424+0000] {dag.py:3239} INFO - Sync 1 DAGs
[2024-10-18T11:01:28.438+0000] {logging_mixin.py:190} INFO - [2024-10-18T11:01:28.438+0000] {dag.py:4180} INFO - Setting next_dagrun for example_python_operator to None, run_after=None
[2024-10-18T11:01:28.456+0000] {processor.py:208} INFO - Processing /home/airflow/.local/lib/python3.12/site-packages/airflow/example_dags/example_python_operator.py took 0.072 seconds
[2024-10-18T11:01:59.014+0000] {processor.py:186} INFO - Started process (PID=3383) to work on /home/airflow/.local/lib/python3.12/site-packages/airflow/example_dags/example_python_operator.py
[2024-10-18T11:01:59.015+0000] {processor.py:914} INFO - Processing file /home/airflow/.local/lib/python3.12/site-packages/airflow/example_dags/example_python_operator.py for tasks to queue
[2024-10-18T11:01:59.018+0000] {logging_mixin.py:190} INFO - [2024-10-18T11:01:59.017+0000] {dagbag.py:588} INFO - Filling up the DagBag from /home/airflow/.local/lib/python3.12/site-packages/airflow/example_dags/example_python_operator.py
[2024-10-18T11:01:59.028+0000] {processor.py:925} INFO - DAG(s) 'example_python_operator' retrieved from /home/airflow/.local/lib/python3.12/site-packages/airflow/example_dags/example_python_operator.py
[2024-10-18T11:01:59.048+0000] {logging_mixin.py:190} INFO - [2024-10-18T11:01:59.048+0000] {dag.py:3239} INFO - Sync 1 DAGs
[2024-10-18T11:01:59.061+0000] {logging_mixin.py:190} INFO - [2024-10-18T11:01:59.061+0000] {dag.py:4180} INFO - Setting next_dagrun for example_python_operator to None, run_after=None
[2024-10-18T11:01:59.082+0000] {processor.py:208} INFO - Processing /home/airflow/.local/lib/python3.12/site-packages/airflow/example_dags/example_python_operator.py took 0.073 seconds
[2024-10-18T11:02:29.376+0000] {processor.py:186} INFO - Started process (PID=3671) to work on /home/airflow/.local/lib/python3.12/site-packages/airflow/example_dags/example_python_operator.py
[2024-10-18T11:02:29.377+0000] {processor.py:914} INFO - Processing file /home/airflow/.local/lib/python3.12/site-packages/airflow/example_dags/example_python_operator.py for tasks to queue
[2024-10-18T11:02:29.379+0000] {logging_mixin.py:190} INFO - [2024-10-18T11:02:29.379+0000] {dagbag.py:588} INFO - Filling up the DagBag from /home/airflow/.local/lib/python3.12/site-packages/airflow/example_dags/example_python_operator.py
[2024-10-18T11:02:29.389+0000] {processor.py:925} INFO - DAG(s) 'example_python_operator' retrieved from /home/airflow/.local/lib/python3.12/site-packages/airflow/example_dags/example_python_operator.py
[2024-10-18T11:02:29.409+0000] {logging_mixin.py:190} INFO - [2024-10-18T11:02:29.409+0000] {dag.py:3239} INFO - Sync 1 DAGs
[2024-10-18T11:02:29.423+0000] {logging_mixin.py:190} INFO - [2024-10-18T11:02:29.422+0000] {dag.py:4180} INFO - Setting next_dagrun for example_python_operator to None, run_after=None
[2024-10-18T11:02:29.443+0000] {processor.py:208} INFO - Processing /home/airflow/.local/lib/python3.12/site-packages/airflow/example_dags/example_python_operator.py took 0.072 seconds
[2024-10-18T11:02:59.896+0000] {processor.py:186} INFO - Started process (PID=3955) to work on /home/airflow/.local/lib/python3.12/site-packages/airflow/example_dags/example_python_operator.py
[2024-10-18T11:02:59.897+0000] {processor.py:914} INFO - Processing file /home/airflow/.local/lib/python3.12/site-packages/airflow/example_dags/example_python_operator.py for tasks to queue
[2024-10-18T11:02:59.899+0000] {logging_mixin.py:190} INFO - [2024-10-18T11:02:59.899+0000] {dagbag.py:588} INFO - Filling up the DagBag from /home/airflow/.local/lib/python3.12/site-packages/airflow/example_dags/example_python_operator.py
[2024-10-18T11:02:59.909+0000] {processor.py:925} INFO - DAG(s) 'example_python_operator' retrieved from /home/airflow/.local/lib/python3.12/site-packages/airflow/example_dags/example_python_operator.py
[2024-10-18T11:02:59.929+0000] {logging_mixin.py:190} INFO - [2024-10-18T11:02:59.929+0000] {dag.py:3239} INFO - Sync 1 DAGs
[2024-10-18T11:02:59.942+0000] {logging_mixin.py:190} INFO - [2024-10-18T11:02:59.942+0000] {dag.py:4180} INFO - Setting next_dagrun for example_python_operator to None, run_after=None
[2024-10-18T11:02:59.964+0000] {processor.py:208} INFO - Processing /home/airflow/.local/lib/python3.12/site-packages/airflow/example_dags/example_python_operator.py took 0.072 seconds
[2024-10-18T11:03:30.234+0000] {processor.py:186} INFO - Started process (PID=4241) to work on /home/airflow/.local/lib/python3.12/site-packages/airflow/example_dags/example_python_operator.py
[2024-10-18T11:03:30.235+0000] {processor.py:914} INFO - Processing file /home/airflow/.local/lib/python3.12/site-packages/airflow/example_dags/example_python_operator.py for tasks to queue
[2024-10-18T11:03:30.237+0000] {logging_mixin.py:190} INFO - [2024-10-18T11:03:30.237+0000] {dagbag.py:588} INFO - Filling up the DagBag from /home/airflow/.local/lib/python3.12/site-packages/airflow/example_dags/example_python_operator.py
[2024-10-18T11:03:30.247+0000] {processor.py:925} INFO - DAG(s) 'example_python_operator' retrieved from /home/airflow/.local/lib/python3.12/site-packages/airflow/example_dags/example_python_operator.py
[2024-10-18T11:03:30.267+0000] {logging_mixin.py:190} INFO - [2024-10-18T11:03:30.267+0000] {dag.py:3239} INFO - Sync 1 DAGs
[2024-10-18T11:03:30.279+0000] {logging_mixin.py:190} INFO - [2024-10-18T11:03:30.279+0000] {dag.py:4180} INFO - Setting next_dagrun for example_python_operator to None, run_after=None
[2024-10-18T11:03:30.301+0000] {processor.py:208} INFO - Processing /home/airflow/.local/lib/python3.12/site-packages/airflow/example_dags/example_python_operator.py took 0.072 seconds
[2024-10-18T11:04:00.594+0000] {processor.py:186} INFO - Started process (PID=4527) to work on /home/airflow/.local/lib/python3.12/site-packages/airflow/example_dags/example_python_operator.py
[2024-10-18T11:04:00.595+0000] {processor.py:914} INFO - Processing file /home/airflow/.local/lib/python3.12/site-packages/airflow/example_dags/example_python_operator.py for tasks to queue
[2024-10-18T11:04:00.597+0000] {logging_mixin.py:190} INFO - [2024-10-18T11:04:00.596+0000] {dagbag.py:588} INFO - Filling up the DagBag from /home/airflow/.local/lib/python3.12/site-packages/airflow/example_dags/example_python_operator.py
[2024-10-18T11:04:00.607+0000] {processor.py:925} INFO - DAG(s) 'example_python_operator' retrieved from /home/airflow/.local/lib/python3.12/site-packages/airflow/example_dags/example_python_operator.py
[2024-10-18T11:04:00.627+0000] {logging_mixin.py:190} INFO - [2024-10-18T11:04:00.626+0000] {dag.py:3239} INFO - Sync 1 DAGs
[2024-10-18T11:04:00.639+0000] {logging_mixin.py:190} INFO - [2024-10-18T11:04:00.639+0000] {dag.py:4180} INFO - Setting next_dagrun for example_python_operator to None, run_after=None
[2024-10-18T11:04:00.661+0000] {processor.py:208} INFO - Processing /home/airflow/.local/lib/python3.12/site-packages/airflow/example_dags/example_python_operator.py took 0.071 seconds
[2024-10-18T11:04:30.857+0000] {processor.py:186} INFO - Started process (PID=4813) to work on /home/airflow/.local/lib/python3.12/site-packages/airflow/example_dags/example_python_operator.py
[2024-10-18T11:04:30.858+0000] {processor.py:914} INFO - Processing file /home/airflow/.local/lib/python3.12/site-packages/airflow/example_dags/example_python_operator.py for tasks to queue
[2024-10-18T11:04:30.860+0000] {logging_mixin.py:190} INFO - [2024-10-18T11:04:30.860+0000] {dagbag.py:588} INFO - Filling up the DagBag from /home/airflow/.local/lib/python3.12/site-packages/airflow/example_dags/example_python_operator.py
[2024-10-18T11:04:30.870+0000] {processor.py:925} INFO - DAG(s) 'example_python_operator' retrieved from /home/airflow/.local/lib/python3.12/site-packages/airflow/example_dags/example_python_operator.py
[2024-10-18T11:04:30.890+0000] {logging_mixin.py:190} INFO - [2024-10-18T11:04:30.890+0000] {dag.py:3239} INFO - Sync 1 DAGs
[2024-10-18T11:04:30.904+0000] {logging_mixin.py:190} INFO - [2024-10-18T11:04:30.904+0000] {dag.py:4180} INFO - Setting next_dagrun for example_python_operator to None, run_after=None
[2024-10-18T11:04:30.922+0000] {processor.py:208} INFO - Processing /home/airflow/.local/lib/python3.12/site-packages/airflow/example_dags/example_python_operator.py took 0.069 seconds
[2024-10-18T11:05:01.069+0000] {processor.py:186} INFO - Started process (PID=5099) to work on /home/airflow/.local/lib/python3.12/site-packages/airflow/example_dags/example_python_operator.py
[2024-10-18T11:05:01.070+0000] {processor.py:914} INFO - Processing file /home/airflow/.local/lib/python3.12/site-packages/airflow/example_dags/example_python_operator.py for tasks to queue
[2024-10-18T11:05:01.072+0000] {logging_mixin.py:190} INFO - [2024-10-18T11:05:01.072+0000] {dagbag.py:588} INFO - Filling up the DagBag from /home/airflow/.local/lib/python3.12/site-packages/airflow/example_dags/example_python_operator.py
[2024-10-18T11:05:01.083+0000] {processor.py:925} INFO - DAG(s) 'example_python_operator' retrieved from /home/airflow/.local/lib/python3.12/site-packages/airflow/example_dags/example_python_operator.py
[2024-10-18T11:05:01.104+0000] {logging_mixin.py:190} INFO - [2024-10-18T11:05:01.103+0000] {dag.py:3239} INFO - Sync 1 DAGs
[2024-10-18T11:05:01.117+0000] {logging_mixin.py:190} INFO - [2024-10-18T11:05:01.117+0000] {dag.py:4180} INFO - Setting next_dagrun for example_python_operator to None, run_after=None
[2024-10-18T11:05:01.138+0000] {processor.py:208} INFO - Processing /home/airflow/.local/lib/python3.12/site-packages/airflow/example_dags/example_python_operator.py took 0.074 seconds
[2024-10-18T11:05:31.436+0000] {processor.py:186} INFO - Started process (PID=5387) to work on /home/airflow/.local/lib/python3.12/site-packages/airflow/example_dags/example_python_operator.py
[2024-10-18T11:05:31.437+0000] {processor.py:914} INFO - Processing file /home/airflow/.local/lib/python3.12/site-packages/airflow/example_dags/example_python_operator.py for tasks to queue
[2024-10-18T11:05:31.439+0000] {logging_mixin.py:190} INFO - [2024-10-18T11:05:31.439+0000] {dagbag.py:588} INFO - Filling up the DagBag from /home/airflow/.local/lib/python3.12/site-packages/airflow/example_dags/example_python_operator.py
[2024-10-18T11:05:31.451+0000] {processor.py:925} INFO - DAG(s) 'example_python_operator' retrieved from /home/airflow/.local/lib/python3.12/site-packages/airflow/example_dags/example_python_operator.py
[2024-10-18T11:05:31.473+0000] {logging_mixin.py:190} INFO - [2024-10-18T11:05:31.473+0000] {dag.py:3239} INFO - Sync 1 DAGs
[2024-10-18T11:05:31.487+0000] {logging_mixin.py:190} INFO - [2024-10-18T11:05:31.487+0000] {dag.py:4180} INFO - Setting next_dagrun for example_python_operator to None, run_after=None
[2024-10-18T11:05:31.504+0000] {processor.py:208} INFO - Processing /home/airflow/.local/lib/python3.12/site-packages/airflow/example_dags/example_python_operator.py took 0.073 seconds
[2024-10-18T11:06:01.768+0000] {processor.py:186} INFO - Started process (PID=5673) to work on /home/airflow/.local/lib/python3.12/site-packages/airflow/example_dags/example_python_operator.py
[2024-10-18T11:06:01.770+0000] {processor.py:914} INFO - Processing file /home/airflow/.local/lib/python3.12/site-packages/airflow/example_dags/example_python_operator.py for tasks to queue
[2024-10-18T11:06:01.772+0000] {logging_mixin.py:190} INFO - [2024-10-18T11:06:01.771+0000] {dagbag.py:588} INFO - Filling up the DagBag from /home/airflow/.local/lib/python3.12/site-packages/airflow/example_dags/example_python_operator.py
[2024-10-18T11:06:01.782+0000] {processor.py:925} INFO - DAG(s) 'example_python_operator' retrieved from /home/airflow/.local/lib/python3.12/site-packages/airflow/example_dags/example_python_operator.py
[2024-10-18T11:06:01.802+0000] {logging_mixin.py:190} INFO - [2024-10-18T11:06:01.802+0000] {dag.py:3239} INFO - Sync 1 DAGs
[2024-10-18T11:06:01.815+0000] {logging_mixin.py:190} INFO - [2024-10-18T11:06:01.815+0000] {dag.py:4180} INFO - Setting next_dagrun for example_python_operator to None, run_after=None
[2024-10-18T11:06:01.833+0000] {processor.py:208} INFO - Processing /home/airflow/.local/lib/python3.12/site-packages/airflow/example_dags/example_python_operator.py took 0.070 seconds
[2024-10-18T11:06:32.197+0000] {processor.py:186} INFO - Started process (PID=5957) to work on /home/airflow/.local/lib/python3.12/site-packages/airflow/example_dags/example_python_operator.py
[2024-10-18T11:06:32.198+0000] {processor.py:914} INFO - Processing file /home/airflow/.local/lib/python3.12/site-packages/airflow/example_dags/example_python_operator.py for tasks to queue
[2024-10-18T11:06:32.201+0000] {logging_mixin.py:190} INFO - [2024-10-18T11:06:32.201+0000] {dagbag.py:588} INFO - Filling up the DagBag from /home/airflow/.local/lib/python3.12/site-packages/airflow/example_dags/example_python_operator.py
[2024-10-18T11:06:32.213+0000] {processor.py:925} INFO - DAG(s) 'example_python_operator' retrieved from /home/airflow/.local/lib/python3.12/site-packages/airflow/example_dags/example_python_operator.py
[2024-10-18T11:06:32.233+0000] {logging_mixin.py:190} INFO - [2024-10-18T11:06:32.233+0000] {dag.py:3239} INFO - Sync 1 DAGs
[2024-10-18T11:06:32.247+0000] {logging_mixin.py:190} INFO - [2024-10-18T11:06:32.247+0000] {dag.py:4180} INFO - Setting next_dagrun for example_python_operator to None, run_after=None
[2024-10-18T11:06:32.266+0000] {processor.py:208} INFO - Processing /home/airflow/.local/lib/python3.12/site-packages/airflow/example_dags/example_python_operator.py took 0.075 seconds
[2024-10-18T11:07:02.547+0000] {processor.py:186} INFO - Started process (PID=6243) to work on /home/airflow/.local/lib/python3.12/site-packages/airflow/example_dags/example_python_operator.py
[2024-10-18T11:07:02.548+0000] {processor.py:914} INFO - Processing file /home/airflow/.local/lib/python3.12/site-packages/airflow/example_dags/example_python_operator.py for tasks to queue
[2024-10-18T11:07:02.550+0000] {logging_mixin.py:190} INFO - [2024-10-18T11:07:02.549+0000] {dagbag.py:588} INFO - Filling up the DagBag from /home/airflow/.local/lib/python3.12/site-packages/airflow/example_dags/example_python_operator.py
[2024-10-18T11:07:02.559+0000] {processor.py:925} INFO - DAG(s) 'example_python_operator' retrieved from /home/airflow/.local/lib/python3.12/site-packages/airflow/example_dags/example_python_operator.py
[2024-10-18T11:07:02.580+0000] {logging_mixin.py:190} INFO - [2024-10-18T11:07:02.579+0000] {dag.py:3239} INFO - Sync 1 DAGs
[2024-10-18T11:07:02.593+0000] {logging_mixin.py:190} INFO - [2024-10-18T11:07:02.592+0000] {dag.py:4180} INFO - Setting next_dagrun for example_python_operator to None, run_after=None
[2024-10-18T11:07:02.611+0000] {processor.py:208} INFO - Processing /home/airflow/.local/lib/python3.12/site-packages/airflow/example_dags/example_python_operator.py took 0.069 seconds
[2024-10-18T11:07:32.749+0000] {processor.py:186} INFO - Started process (PID=6529) to work on /home/airflow/.local/lib/python3.12/site-packages/airflow/example_dags/example_python_operator.py
[2024-10-18T11:07:32.750+0000] {processor.py:914} INFO - Processing file /home/airflow/.local/lib/python3.12/site-packages/airflow/example_dags/example_python_operator.py for tasks to queue
[2024-10-18T11:07:32.752+0000] {logging_mixin.py:190} INFO - [2024-10-18T11:07:32.751+0000] {dagbag.py:588} INFO - Filling up the DagBag from /home/airflow/.local/lib/python3.12/site-packages/airflow/example_dags/example_python_operator.py
[2024-10-18T11:07:32.762+0000] {processor.py:925} INFO - DAG(s) 'example_python_operator' retrieved from /home/airflow/.local/lib/python3.12/site-packages/airflow/example_dags/example_python_operator.py
[2024-10-18T11:07:32.782+0000] {logging_mixin.py:190} INFO - [2024-10-18T11:07:32.782+0000] {dag.py:3239} INFO - Sync 1 DAGs
[2024-10-18T11:07:32.795+0000] {logging_mixin.py:190} INFO - [2024-10-18T11:07:32.795+0000] {dag.py:4180} INFO - Setting next_dagrun for example_python_operator to None, run_after=None
[2024-10-18T11:07:32.814+0000] {processor.py:208} INFO - Processing /home/airflow/.local/lib/python3.12/site-packages/airflow/example_dags/example_python_operator.py took 0.070 seconds
[2024-10-18T11:08:03.212+0000] {processor.py:186} INFO - Started process (PID=6815) to work on /home/airflow/.local/lib/python3.12/site-packages/airflow/example_dags/example_python_operator.py
[2024-10-18T11:08:03.213+0000] {processor.py:914} INFO - Processing file /home/airflow/.local/lib/python3.12/site-packages/airflow/example_dags/example_python_operator.py for tasks to queue
[2024-10-18T11:08:03.215+0000] {logging_mixin.py:190} INFO - [2024-10-18T11:08:03.215+0000] {dagbag.py:588} INFO - Filling up the DagBag from /home/airflow/.local/lib/python3.12/site-packages/airflow/example_dags/example_python_operator.py
[2024-10-18T11:08:03.225+0000] {processor.py:925} INFO - DAG(s) 'example_python_operator' retrieved from /home/airflow/.local/lib/python3.12/site-packages/airflow/example_dags/example_python_operator.py
[2024-10-18T11:08:03.245+0000] {logging_mixin.py:190} INFO - [2024-10-18T11:08:03.245+0000] {dag.py:3239} INFO - Sync 1 DAGs
[2024-10-18T11:08:03.258+0000] {logging_mixin.py:190} INFO - [2024-10-18T11:08:03.258+0000] {dag.py:4180} INFO - Setting next_dagrun for example_python_operator to None, run_after=None
[2024-10-18T11:08:03.277+0000] {processor.py:208} INFO - Processing /home/airflow/.local/lib/python3.12/site-packages/airflow/example_dags/example_python_operator.py took 0.070 seconds
[2024-10-18T11:08:33.374+0000] {processor.py:186} INFO - Started process (PID=7101) to work on /home/airflow/.local/lib/python3.12/site-packages/airflow/example_dags/example_python_operator.py
[2024-10-18T11:08:33.375+0000] {processor.py:914} INFO - Processing file /home/airflow/.local/lib/python3.12/site-packages/airflow/example_dags/example_python_operator.py for tasks to queue
[2024-10-18T11:08:33.377+0000] {logging_mixin.py:190} INFO - [2024-10-18T11:08:33.377+0000] {dagbag.py:588} INFO - Filling up the DagBag from /home/airflow/.local/lib/python3.12/site-packages/airflow/example_dags/example_python_operator.py
[2024-10-18T11:08:33.387+0000] {processor.py:925} INFO - DAG(s) 'example_python_operator' retrieved from /home/airflow/.local/lib/python3.12/site-packages/airflow/example_dags/example_python_operator.py
[2024-10-18T11:08:33.407+0000] {logging_mixin.py:190} INFO - [2024-10-18T11:08:33.407+0000] {dag.py:3239} INFO - Sync 1 DAGs
[2024-10-18T11:08:33.420+0000] {logging_mixin.py:190} INFO - [2024-10-18T11:08:33.420+0000] {dag.py:4180} INFO - Setting next_dagrun for example_python_operator to None, run_after=None
[2024-10-18T11:08:33.438+0000] {processor.py:208} INFO - Processing /home/airflow/.local/lib/python3.12/site-packages/airflow/example_dags/example_python_operator.py took 0.069 seconds
[2024-10-18T11:09:03.690+0000] {processor.py:186} INFO - Started process (PID=7387) to work on /home/airflow/.local/lib/python3.12/site-packages/airflow/example_dags/example_python_operator.py
[2024-10-18T11:09:03.691+0000] {processor.py:914} INFO - Processing file /home/airflow/.local/lib/python3.12/site-packages/airflow/example_dags/example_python_operator.py for tasks to queue
[2024-10-18T11:09:03.693+0000] {logging_mixin.py:190} INFO - [2024-10-18T11:09:03.692+0000] {dagbag.py:588} INFO - Filling up the DagBag from /home/airflow/.local/lib/python3.12/site-packages/airflow/example_dags/example_python_operator.py
[2024-10-18T11:09:03.703+0000] {processor.py:925} INFO - DAG(s) 'example_python_operator' retrieved from /home/airflow/.local/lib/python3.12/site-packages/airflow/example_dags/example_python_operator.py
[2024-10-18T11:09:03.721+0000] {logging_mixin.py:190} INFO - [2024-10-18T11:09:03.721+0000] {dag.py:3239} INFO - Sync 1 DAGs
[2024-10-18T11:09:03.734+0000] {logging_mixin.py:190} INFO - [2024-10-18T11:09:03.734+0000] {dag.py:4180} INFO - Setting next_dagrun for example_python_operator to None, run_after=None
[2024-10-18T11:09:03.752+0000] {processor.py:208} INFO - Processing /home/airflow/.local/lib/python3.12/site-packages/airflow/example_dags/example_python_operator.py took 0.067 seconds
[2024-10-18T11:09:34.002+0000] {processor.py:186} INFO - Started process (PID=7673) to work on /home/airflow/.local/lib/python3.12/site-packages/airflow/example_dags/example_python_operator.py
[2024-10-18T11:09:34.003+0000] {processor.py:914} INFO - Processing file /home/airflow/.local/lib/python3.12/site-packages/airflow/example_dags/example_python_operator.py for tasks to queue
[2024-10-18T11:09:34.005+0000] {logging_mixin.py:190} INFO - [2024-10-18T11:09:34.005+0000] {dagbag.py:588} INFO - Filling up the DagBag from /home/airflow/.local/lib/python3.12/site-packages/airflow/example_dags/example_python_operator.py
[2024-10-18T11:09:34.015+0000] {processor.py:925} INFO - DAG(s) 'example_python_operator' retrieved from /home/airflow/.local/lib/python3.12/site-packages/airflow/example_dags/example_python_operator.py
[2024-10-18T11:09:34.036+0000] {logging_mixin.py:190} INFO - [2024-10-18T11:09:34.035+0000] {dag.py:3239} INFO - Sync 1 DAGs
[2024-10-18T11:09:34.050+0000] {logging_mixin.py:190} INFO - [2024-10-18T11:09:34.050+0000] {dag.py:4180} INFO - Setting next_dagrun for example_python_operator to None, run_after=None
[2024-10-18T11:09:34.069+0000] {processor.py:208} INFO - Processing /home/airflow/.local/lib/python3.12/site-packages/airflow/example_dags/example_python_operator.py took 0.072 seconds
[2024-10-18T11:10:04.373+0000] {processor.py:186} INFO - Started process (PID=7959) to work on /home/airflow/.local/lib/python3.12/site-packages/airflow/example_dags/example_python_operator.py
[2024-10-18T11:10:04.373+0000] {processor.py:914} INFO - Processing file /home/airflow/.local/lib/python3.12/site-packages/airflow/example_dags/example_python_operator.py for tasks to queue
[2024-10-18T11:10:04.375+0000] {logging_mixin.py:190} INFO - [2024-10-18T11:10:04.375+0000] {dagbag.py:588} INFO - Filling up the DagBag from /home/airflow/.local/lib/python3.12/site-packages/airflow/example_dags/example_python_operator.py
[2024-10-18T11:10:04.385+0000] {processor.py:925} INFO - DAG(s) 'example_python_operator' retrieved from /home/airflow/.local/lib/python3.12/site-packages/airflow/example_dags/example_python_operator.py
[2024-10-18T11:10:04.406+0000] {logging_mixin.py:190} INFO - [2024-10-18T11:10:04.405+0000] {dag.py:3239} INFO - Sync 1 DAGs
[2024-10-18T11:10:04.418+0000] {logging_mixin.py:190} INFO - [2024-10-18T11:10:04.418+0000] {dag.py:4180} INFO - Setting next_dagrun for example_python_operator to None, run_after=None
[2024-10-18T11:10:04.435+0000] {processor.py:208} INFO - Processing /home/airflow/.local/lib/python3.12/site-packages/airflow/example_dags/example_python_operator.py took 0.069 seconds
[2024-10-18T11:10:34.701+0000] {processor.py:186} INFO - Started process (PID=8247) to work on /home/airflow/.local/lib/python3.12/site-packages/airflow/example_dags/example_python_operator.py
[2024-10-18T11:10:34.702+0000] {processor.py:914} INFO - Processing file /home/airflow/.local/lib/python3.12/site-packages/airflow/example_dags/example_python_operator.py for tasks to queue
[2024-10-18T11:10:34.704+0000] {logging_mixin.py:190} INFO - [2024-10-18T11:10:34.704+0000] {dagbag.py:588} INFO - Filling up the DagBag from /home/airflow/.local/lib/python3.12/site-packages/airflow/example_dags/example_python_operator.py
[2024-10-18T11:10:34.715+0000] {processor.py:925} INFO - DAG(s) 'example_python_operator' retrieved from /home/airflow/.local/lib/python3.12/site-packages/airflow/example_dags/example_python_operator.py
[2024-10-18T11:10:34.734+0000] {logging_mixin.py:190} INFO - [2024-10-18T11:10:34.734+0000] {dag.py:3239} INFO - Sync 1 DAGs
[2024-10-18T11:10:34.747+0000] {logging_mixin.py:190} INFO - [2024-10-18T11:10:34.747+0000] {dag.py:4180} INFO - Setting next_dagrun for example_python_operator to None, run_after=None
[2024-10-18T11:10:34.765+0000] {processor.py:208} INFO - Processing /home/airflow/.local/lib/python3.12/site-packages/airflow/example_dags/example_python_operator.py took 0.070 seconds
[2024-10-18T11:11:05.393+0000] {processor.py:186} INFO - Started process (PID=8533) to work on /home/airflow/.local/lib/python3.12/site-packages/airflow/example_dags/example_python_operator.py
[2024-10-18T11:11:05.394+0000] {processor.py:914} INFO - Processing file /home/airflow/.local/lib/python3.12/site-packages/airflow/example_dags/example_python_operator.py for tasks to queue
[2024-10-18T11:11:05.396+0000] {logging_mixin.py:190} INFO - [2024-10-18T11:11:05.396+0000] {dagbag.py:588} INFO - Filling up the DagBag from /home/airflow/.local/lib/python3.12/site-packages/airflow/example_dags/example_python_operator.py
[2024-10-18T11:11:05.407+0000] {processor.py:925} INFO - DAG(s) 'example_python_operator' retrieved from /home/airflow/.local/lib/python3.12/site-packages/airflow/example_dags/example_python_operator.py
[2024-10-18T11:11:05.429+0000] {logging_mixin.py:190} INFO - [2024-10-18T11:11:05.428+0000] {dag.py:3239} INFO - Sync 1 DAGs
[2024-10-18T11:11:05.442+0000] {logging_mixin.py:190} INFO - [2024-10-18T11:11:05.442+0000] {dag.py:4180} INFO - Setting next_dagrun for example_python_operator to None, run_after=None
[2024-10-18T11:11:05.460+0000] {processor.py:208} INFO - Processing /home/airflow/.local/lib/python3.12/site-packages/airflow/example_dags/example_python_operator.py took 0.072 seconds
[2024-10-18T11:11:35.969+0000] {processor.py:186} INFO - Started process (PID=8817) to work on /home/airflow/.local/lib/python3.12/site-packages/airflow/example_dags/example_python_operator.py
[2024-10-18T11:11:35.970+0000] {processor.py:914} INFO - Processing file /home/airflow/.local/lib/python3.12/site-packages/airflow/example_dags/example_python_operator.py for tasks to queue
[2024-10-18T11:11:35.973+0000] {logging_mixin.py:190} INFO - [2024-10-18T11:11:35.972+0000] {dagbag.py:588} INFO - Filling up the DagBag from /home/airflow/.local/lib/python3.12/site-packages/airflow/example_dags/example_python_operator.py
[2024-10-18T11:11:35.982+0000] {processor.py:925} INFO - DAG(s) 'example_python_operator' retrieved from /home/airflow/.local/lib/python3.12/site-packages/airflow/example_dags/example_python_operator.py
[2024-10-18T11:11:36.002+0000] {logging_mixin.py:190} INFO - [2024-10-18T11:11:36.002+0000] {dag.py:3239} INFO - Sync 1 DAGs
[2024-10-18T11:11:36.014+0000] {logging_mixin.py:190} INFO - [2024-10-18T11:11:36.014+0000] {dag.py:4180} INFO - Setting next_dagrun for example_python_operator to None, run_after=None
[2024-10-18T11:11:36.036+0000] {processor.py:208} INFO - Processing /home/airflow/.local/lib/python3.12/site-packages/airflow/example_dags/example_python_operator.py took 0.073 seconds
[2024-10-18T11:12:06.141+0000] {processor.py:186} INFO - Started process (PID=9103) to work on /home/airflow/.local/lib/python3.12/site-packages/airflow/example_dags/example_python_operator.py
[2024-10-18T11:12:06.142+0000] {processor.py:914} INFO - Processing file /home/airflow/.local/lib/python3.12/site-packages/airflow/example_dags/example_python_operator.py for tasks to queue
[2024-10-18T11:12:06.145+0000] {logging_mixin.py:190} INFO - [2024-10-18T11:12:06.144+0000] {dagbag.py:588} INFO - Filling up the DagBag from /home/airflow/.local/lib/python3.12/site-packages/airflow/example_dags/example_python_operator.py
[2024-10-18T11:12:06.158+0000] {processor.py:925} INFO - DAG(s) 'example_python_operator' retrieved from /home/airflow/.local/lib/python3.12/site-packages/airflow/example_dags/example_python_operator.py
[2024-10-18T11:12:06.181+0000] {logging_mixin.py:190} INFO - [2024-10-18T11:12:06.181+0000] {dag.py:3239} INFO - Sync 1 DAGs
[2024-10-18T11:12:06.196+0000] {logging_mixin.py:190} INFO - [2024-10-18T11:12:06.196+0000] {dag.py:4180} INFO - Setting next_dagrun for example_python_operator to None, run_after=None
[2024-10-18T11:12:06.219+0000] {processor.py:208} INFO - Processing /home/airflow/.local/lib/python3.12/site-packages/airflow/example_dags/example_python_operator.py took 0.084 seconds
[2024-10-18T11:12:36.889+0000] {processor.py:186} INFO - Started process (PID=9395) to work on /home/airflow/.local/lib/python3.12/site-packages/airflow/example_dags/example_python_operator.py
[2024-10-18T11:12:36.890+0000] {processor.py:914} INFO - Processing file /home/airflow/.local/lib/python3.12/site-packages/airflow/example_dags/example_python_operator.py for tasks to queue
[2024-10-18T11:12:36.893+0000] {logging_mixin.py:190} INFO - [2024-10-18T11:12:36.892+0000] {dagbag.py:588} INFO - Filling up the DagBag from /home/airflow/.local/lib/python3.12/site-packages/airflow/example_dags/example_python_operator.py
[2024-10-18T11:12:36.911+0000] {processor.py:925} INFO - DAG(s) 'example_python_operator' retrieved from /home/airflow/.local/lib/python3.12/site-packages/airflow/example_dags/example_python_operator.py
[2024-10-18T11:12:36.937+0000] {logging_mixin.py:190} INFO - [2024-10-18T11:12:36.936+0000] {dag.py:3239} INFO - Sync 1 DAGs
[2024-10-18T11:12:36.954+0000] {logging_mixin.py:190} INFO - [2024-10-18T11:12:36.954+0000] {dag.py:4180} INFO - Setting next_dagrun for example_python_operator to None, run_after=None
[2024-10-18T11:12:36.981+0000] {processor.py:208} INFO - Processing /home/airflow/.local/lib/python3.12/site-packages/airflow/example_dags/example_python_operator.py took 0.101 seconds
[2024-10-18T11:13:07.203+0000] {processor.py:186} INFO - Started process (PID=9681) to work on /home/airflow/.local/lib/python3.12/site-packages/airflow/example_dags/example_python_operator.py
[2024-10-18T11:13:07.205+0000] {processor.py:914} INFO - Processing file /home/airflow/.local/lib/python3.12/site-packages/airflow/example_dags/example_python_operator.py for tasks to queue
[2024-10-18T11:13:07.207+0000] {logging_mixin.py:190} INFO - [2024-10-18T11:13:07.206+0000] {dagbag.py:588} INFO - Filling up the DagBag from /home/airflow/.local/lib/python3.12/site-packages/airflow/example_dags/example_python_operator.py
[2024-10-18T11:13:07.217+0000] {processor.py:925} INFO - DAG(s) 'example_python_operator' retrieved from /home/airflow/.local/lib/python3.12/site-packages/airflow/example_dags/example_python_operator.py
[2024-10-18T11:13:07.237+0000] {logging_mixin.py:190} INFO - [2024-10-18T11:13:07.237+0000] {dag.py:3239} INFO - Sync 1 DAGs
[2024-10-18T11:13:07.250+0000] {logging_mixin.py:190} INFO - [2024-10-18T11:13:07.250+0000] {dag.py:4180} INFO - Setting next_dagrun for example_python_operator to None, run_after=None
[2024-10-18T11:13:07.269+0000] {processor.py:208} INFO - Processing /home/airflow/.local/lib/python3.12/site-packages/airflow/example_dags/example_python_operator.py took 0.070 seconds
[2024-10-18T11:13:37.570+0000] {processor.py:186} INFO - Started process (PID=9967) to work on /home/airflow/.local/lib/python3.12/site-packages/airflow/example_dags/example_python_operator.py
[2024-10-18T11:13:37.571+0000] {processor.py:914} INFO - Processing file /home/airflow/.local/lib/python3.12/site-packages/airflow/example_dags/example_python_operator.py for tasks to queue
[2024-10-18T11:13:37.573+0000] {logging_mixin.py:190} INFO - [2024-10-18T11:13:37.573+0000] {dagbag.py:588} INFO - Filling up the DagBag from /home/airflow/.local/lib/python3.12/site-packages/airflow/example_dags/example_python_operator.py
[2024-10-18T11:13:37.584+0000] {processor.py:925} INFO - DAG(s) 'example_python_operator' retrieved from /home/airflow/.local/lib/python3.12/site-packages/airflow/example_dags/example_python_operator.py
[2024-10-18T11:13:37.608+0000] {logging_mixin.py:190} INFO - [2024-10-18T11:13:37.607+0000] {dag.py:3239} INFO - Sync 1 DAGs
[2024-10-18T11:13:37.628+0000] {logging_mixin.py:190} INFO - [2024-10-18T11:13:37.627+0000] {dag.py:4180} INFO - Setting next_dagrun for example_python_operator to None, run_after=None
[2024-10-18T11:13:37.657+0000] {processor.py:208} INFO - Processing /home/airflow/.local/lib/python3.12/site-packages/airflow/example_dags/example_python_operator.py took 0.093 seconds
[2024-10-18T11:14:08.017+0000] {processor.py:186} INFO - Started process (PID=10260) to work on /home/airflow/.local/lib/python3.12/site-packages/airflow/example_dags/example_python_operator.py
[2024-10-18T11:14:08.018+0000] {processor.py:914} INFO - Processing file /home/airflow/.local/lib/python3.12/site-packages/airflow/example_dags/example_python_operator.py for tasks to queue
[2024-10-18T11:14:08.021+0000] {logging_mixin.py:190} INFO - [2024-10-18T11:14:08.021+0000] {dagbag.py:588} INFO - Filling up the DagBag from /home/airflow/.local/lib/python3.12/site-packages/airflow/example_dags/example_python_operator.py
[2024-10-18T11:14:08.036+0000] {processor.py:925} INFO - DAG(s) 'example_python_operator' retrieved from /home/airflow/.local/lib/python3.12/site-packages/airflow/example_dags/example_python_operator.py
[2024-10-18T11:14:08.062+0000] {logging_mixin.py:190} INFO - [2024-10-18T11:14:08.061+0000] {dag.py:3239} INFO - Sync 1 DAGs
[2024-10-18T11:14:08.079+0000] {logging_mixin.py:190} INFO - [2024-10-18T11:14:08.079+0000] {dag.py:4180} INFO - Setting next_dagrun for example_python_operator to None, run_after=None
[2024-10-18T11:14:08.101+0000] {processor.py:208} INFO - Processing /home/airflow/.local/lib/python3.12/site-packages/airflow/example_dags/example_python_operator.py took 0.092 seconds
[2024-10-18T11:14:38.367+0000] {processor.py:186} INFO - Started process (PID=10563) to work on /home/airflow/.local/lib/python3.12/site-packages/airflow/example_dags/example_python_operator.py
[2024-10-18T11:14:38.369+0000] {processor.py:914} INFO - Processing file /home/airflow/.local/lib/python3.12/site-packages/airflow/example_dags/example_python_operator.py for tasks to queue
[2024-10-18T11:14:38.372+0000] {logging_mixin.py:190} INFO - [2024-10-18T11:14:38.372+0000] {dagbag.py:588} INFO - Filling up the DagBag from /home/airflow/.local/lib/python3.12/site-packages/airflow/example_dags/example_python_operator.py
[2024-10-18T11:14:38.396+0000] {processor.py:925} INFO - DAG(s) 'example_python_operator' retrieved from /home/airflow/.local/lib/python3.12/site-packages/airflow/example_dags/example_python_operator.py
[2024-10-18T11:14:38.428+0000] {logging_mixin.py:190} INFO - [2024-10-18T11:14:38.428+0000] {dag.py:3239} INFO - Sync 1 DAGs
[2024-10-18T11:14:38.454+0000] {logging_mixin.py:190} INFO - [2024-10-18T11:14:38.454+0000] {dag.py:4180} INFO - Setting next_dagrun for example_python_operator to None, run_after=None
[2024-10-18T11:14:38.485+0000] {processor.py:208} INFO - Processing /home/airflow/.local/lib/python3.12/site-packages/airflow/example_dags/example_python_operator.py took 0.128 seconds
[2024-10-18T11:15:08.957+0000] {processor.py:186} INFO - Started process (PID=10851) to work on /home/airflow/.local/lib/python3.12/site-packages/airflow/example_dags/example_python_operator.py
[2024-10-18T11:15:08.958+0000] {processor.py:914} INFO - Processing file /home/airflow/.local/lib/python3.12/site-packages/airflow/example_dags/example_python_operator.py for tasks to queue
[2024-10-18T11:15:08.962+0000] {logging_mixin.py:190} INFO - [2024-10-18T11:15:08.961+0000] {dagbag.py:588} INFO - Filling up the DagBag from /home/airflow/.local/lib/python3.12/site-packages/airflow/example_dags/example_python_operator.py
[2024-10-18T11:15:08.976+0000] {processor.py:925} INFO - DAG(s) 'example_python_operator' retrieved from /home/airflow/.local/lib/python3.12/site-packages/airflow/example_dags/example_python_operator.py
[2024-10-18T11:15:09.008+0000] {logging_mixin.py:190} INFO - [2024-10-18T11:15:09.008+0000] {dag.py:3239} INFO - Sync 1 DAGs
[2024-10-18T11:15:09.032+0000] {logging_mixin.py:190} INFO - [2024-10-18T11:15:09.032+0000] {dag.py:4180} INFO - Setting next_dagrun for example_python_operator to None, run_after=None
[2024-10-18T11:15:09.072+0000] {processor.py:208} INFO - Processing /home/airflow/.local/lib/python3.12/site-packages/airflow/example_dags/example_python_operator.py took 0.122 seconds
[2024-10-18T11:15:40.078+0000] {processor.py:186} INFO - Started process (PID=11135) to work on /home/airflow/.local/lib/python3.12/site-packages/airflow/example_dags/example_python_operator.py
[2024-10-18T11:15:40.082+0000] {processor.py:914} INFO - Processing file /home/airflow/.local/lib/python3.12/site-packages/airflow/example_dags/example_python_operator.py for tasks to queue
[2024-10-18T11:15:40.094+0000] {logging_mixin.py:190} INFO - [2024-10-18T11:15:40.093+0000] {dagbag.py:588} INFO - Filling up the DagBag from /home/airflow/.local/lib/python3.12/site-packages/airflow/example_dags/example_python_operator.py
[2024-10-18T11:15:40.160+0000] {processor.py:925} INFO - DAG(s) 'example_python_operator' retrieved from /home/airflow/.local/lib/python3.12/site-packages/airflow/example_dags/example_python_operator.py
[2024-10-18T11:15:40.257+0000] {logging_mixin.py:190} INFO - [2024-10-18T11:15:40.257+0000] {dag.py:3239} INFO - Sync 1 DAGs
[2024-10-18T11:15:40.327+0000] {logging_mixin.py:190} INFO - [2024-10-18T11:15:40.326+0000] {dag.py:4180} INFO - Setting next_dagrun for example_python_operator to None, run_after=None
[2024-10-18T11:15:40.404+0000] {processor.py:208} INFO - Processing /home/airflow/.local/lib/python3.12/site-packages/airflow/example_dags/example_python_operator.py took 0.348 seconds
[2024-10-18T11:16:10.932+0000] {processor.py:186} INFO - Started process (PID=11422) to work on /home/airflow/.local/lib/python3.12/site-packages/airflow/example_dags/example_python_operator.py
[2024-10-18T11:16:10.933+0000] {processor.py:914} INFO - Processing file /home/airflow/.local/lib/python3.12/site-packages/airflow/example_dags/example_python_operator.py for tasks to queue
[2024-10-18T11:16:10.935+0000] {logging_mixin.py:190} INFO - [2024-10-18T11:16:10.934+0000] {dagbag.py:588} INFO - Filling up the DagBag from /home/airflow/.local/lib/python3.12/site-packages/airflow/example_dags/example_python_operator.py
[2024-10-18T11:16:10.945+0000] {processor.py:925} INFO - DAG(s) 'example_python_operator' retrieved from /home/airflow/.local/lib/python3.12/site-packages/airflow/example_dags/example_python_operator.py
[2024-10-18T11:16:10.965+0000] {logging_mixin.py:190} INFO - [2024-10-18T11:16:10.965+0000] {dag.py:3239} INFO - Sync 1 DAGs
[2024-10-18T11:16:10.979+0000] {logging_mixin.py:190} INFO - [2024-10-18T11:16:10.979+0000] {dag.py:4180} INFO - Setting next_dagrun for example_python_operator to None, run_after=None
[2024-10-18T11:16:10.998+0000] {processor.py:208} INFO - Processing /home/airflow/.local/lib/python3.12/site-packages/airflow/example_dags/example_python_operator.py took 0.072 seconds
[2024-10-18T11:16:42.142+0000] {processor.py:186} INFO - Started process (PID=11732) to work on /home/airflow/.local/lib/python3.12/site-packages/airflow/example_dags/example_python_operator.py
[2024-10-18T11:16:42.150+0000] {processor.py:914} INFO - Processing file /home/airflow/.local/lib/python3.12/site-packages/airflow/example_dags/example_python_operator.py for tasks to queue
[2024-10-18T11:16:42.155+0000] {logging_mixin.py:190} INFO - [2024-10-18T11:16:42.154+0000] {dagbag.py:588} INFO - Filling up the DagBag from /home/airflow/.local/lib/python3.12/site-packages/airflow/example_dags/example_python_operator.py
[2024-10-18T11:16:42.202+0000] {processor.py:925} INFO - DAG(s) 'example_python_operator' retrieved from /home/airflow/.local/lib/python3.12/site-packages/airflow/example_dags/example_python_operator.py
[2024-10-18T11:16:42.271+0000] {logging_mixin.py:190} INFO - [2024-10-18T11:16:42.271+0000] {dag.py:3239} INFO - Sync 1 DAGs
[2024-10-18T11:16:42.309+0000] {logging_mixin.py:190} INFO - [2024-10-18T11:16:42.309+0000] {dag.py:4180} INFO - Setting next_dagrun for example_python_operator to None, run_after=None
[2024-10-18T11:16:42.359+0000] {processor.py:208} INFO - Processing /home/airflow/.local/lib/python3.12/site-packages/airflow/example_dags/example_python_operator.py took 0.233 seconds
[2024-10-18T11:17:12.680+0000] {processor.py:186} INFO - Started process (PID=12033) to work on /home/airflow/.local/lib/python3.12/site-packages/airflow/example_dags/example_python_operator.py
[2024-10-18T11:17:12.688+0000] {processor.py:914} INFO - Processing file /home/airflow/.local/lib/python3.12/site-packages/airflow/example_dags/example_python_operator.py for tasks to queue
[2024-10-18T11:17:12.696+0000] {logging_mixin.py:190} INFO - [2024-10-18T11:17:12.696+0000] {dagbag.py:588} INFO - Filling up the DagBag from /home/airflow/.local/lib/python3.12/site-packages/airflow/example_dags/example_python_operator.py
[2024-10-18T11:17:12.753+0000] {processor.py:925} INFO - DAG(s) 'example_python_operator' retrieved from /home/airflow/.local/lib/python3.12/site-packages/airflow/example_dags/example_python_operator.py
[2024-10-18T11:17:12.829+0000] {logging_mixin.py:190} INFO - [2024-10-18T11:17:12.829+0000] {dag.py:3239} INFO - Sync 1 DAGs
[2024-10-18T11:17:12.904+0000] {logging_mixin.py:190} INFO - [2024-10-18T11:17:12.903+0000] {dag.py:4180} INFO - Setting next_dagrun for example_python_operator to None, run_after=None
[2024-10-18T11:17:12.984+0000] {processor.py:208} INFO - Processing /home/airflow/.local/lib/python3.12/site-packages/airflow/example_dags/example_python_operator.py took 0.328 seconds
[2024-10-18T11:17:43.141+0000] {processor.py:186} INFO - Started process (PID=12319) to work on /home/airflow/.local/lib/python3.12/site-packages/airflow/example_dags/example_python_operator.py
[2024-10-18T11:17:43.143+0000] {processor.py:914} INFO - Processing file /home/airflow/.local/lib/python3.12/site-packages/airflow/example_dags/example_python_operator.py for tasks to queue
[2024-10-18T11:17:43.150+0000] {logging_mixin.py:190} INFO - [2024-10-18T11:17:43.149+0000] {dagbag.py:588} INFO - Filling up the DagBag from /home/airflow/.local/lib/python3.12/site-packages/airflow/example_dags/example_python_operator.py
[2024-10-18T11:17:43.187+0000] {processor.py:925} INFO - DAG(s) 'example_python_operator' retrieved from /home/airflow/.local/lib/python3.12/site-packages/airflow/example_dags/example_python_operator.py
[2024-10-18T11:17:43.252+0000] {logging_mixin.py:190} INFO - [2024-10-18T11:17:43.251+0000] {dag.py:3239} INFO - Sync 1 DAGs
[2024-10-18T11:17:43.282+0000] {logging_mixin.py:190} INFO - [2024-10-18T11:17:43.281+0000] {dag.py:4180} INFO - Setting next_dagrun for example_python_operator to None, run_after=None
[2024-10-18T11:17:43.348+0000] {processor.py:208} INFO - Processing /home/airflow/.local/lib/python3.12/site-packages/airflow/example_dags/example_python_operator.py took 0.217 seconds
[2024-10-18T11:18:13.561+0000] {processor.py:186} INFO - Started process (PID=12603) to work on /home/airflow/.local/lib/python3.12/site-packages/airflow/example_dags/example_python_operator.py
[2024-10-18T11:18:13.563+0000] {processor.py:914} INFO - Processing file /home/airflow/.local/lib/python3.12/site-packages/airflow/example_dags/example_python_operator.py for tasks to queue
[2024-10-18T11:18:13.574+0000] {logging_mixin.py:190} INFO - [2024-10-18T11:18:13.573+0000] {dagbag.py:588} INFO - Filling up the DagBag from /home/airflow/.local/lib/python3.12/site-packages/airflow/example_dags/example_python_operator.py
[2024-10-18T11:18:13.622+0000] {processor.py:925} INFO - DAG(s) 'example_python_operator' retrieved from /home/airflow/.local/lib/python3.12/site-packages/airflow/example_dags/example_python_operator.py
[2024-10-18T11:18:13.724+0000] {logging_mixin.py:190} INFO - [2024-10-18T11:18:13.723+0000] {dag.py:3239} INFO - Sync 1 DAGs
[2024-10-18T11:18:13.797+0000] {logging_mixin.py:190} INFO - [2024-10-18T11:18:13.796+0000] {dag.py:4180} INFO - Setting next_dagrun for example_python_operator to None, run_after=None
[2024-10-18T11:18:13.873+0000] {processor.py:208} INFO - Processing /home/airflow/.local/lib/python3.12/site-packages/airflow/example_dags/example_python_operator.py took 0.329 seconds
[2024-10-18T11:18:44.748+0000] {processor.py:186} INFO - Started process (PID=12891) to work on /home/airflow/.local/lib/python3.12/site-packages/airflow/example_dags/example_python_operator.py
[2024-10-18T11:18:44.750+0000] {processor.py:914} INFO - Processing file /home/airflow/.local/lib/python3.12/site-packages/airflow/example_dags/example_python_operator.py for tasks to queue
[2024-10-18T11:18:44.753+0000] {logging_mixin.py:190} INFO - [2024-10-18T11:18:44.752+0000] {dagbag.py:588} INFO - Filling up the DagBag from /home/airflow/.local/lib/python3.12/site-packages/airflow/example_dags/example_python_operator.py
[2024-10-18T11:18:44.780+0000] {processor.py:925} INFO - DAG(s) 'example_python_operator' retrieved from /home/airflow/.local/lib/python3.12/site-packages/airflow/example_dags/example_python_operator.py
[2024-10-18T11:18:44.829+0000] {logging_mixin.py:190} INFO - [2024-10-18T11:18:44.828+0000] {dag.py:3239} INFO - Sync 1 DAGs
[2024-10-18T11:18:44.864+0000] {logging_mixin.py:190} INFO - [2024-10-18T11:18:44.863+0000] {dag.py:4180} INFO - Setting next_dagrun for example_python_operator to None, run_after=None
[2024-10-18T11:18:44.902+0000] {processor.py:208} INFO - Processing /home/airflow/.local/lib/python3.12/site-packages/airflow/example_dags/example_python_operator.py took 0.166 seconds
[2024-10-18T11:19:14.985+0000] {processor.py:186} INFO - Started process (PID=13178) to work on /home/airflow/.local/lib/python3.12/site-packages/airflow/example_dags/example_python_operator.py
[2024-10-18T11:19:14.987+0000] {processor.py:914} INFO - Processing file /home/airflow/.local/lib/python3.12/site-packages/airflow/example_dags/example_python_operator.py for tasks to queue
[2024-10-18T11:19:14.990+0000] {logging_mixin.py:190} INFO - [2024-10-18T11:19:14.989+0000] {dagbag.py:588} INFO - Filling up the DagBag from /home/airflow/.local/lib/python3.12/site-packages/airflow/example_dags/example_python_operator.py
[2024-10-18T11:19:15.008+0000] {processor.py:925} INFO - DAG(s) 'example_python_operator' retrieved from /home/airflow/.local/lib/python3.12/site-packages/airflow/example_dags/example_python_operator.py
[2024-10-18T11:19:15.040+0000] {logging_mixin.py:190} INFO - [2024-10-18T11:19:15.040+0000] {dag.py:3239} INFO - Sync 1 DAGs
[2024-10-18T11:19:15.062+0000] {logging_mixin.py:190} INFO - [2024-10-18T11:19:15.062+0000] {dag.py:4180} INFO - Setting next_dagrun for example_python_operator to None, run_after=None
[2024-10-18T11:19:15.092+0000] {processor.py:208} INFO - Processing /home/airflow/.local/lib/python3.12/site-packages/airflow/example_dags/example_python_operator.py took 0.115 seconds
[2024-10-18T11:19:45.282+0000] {processor.py:186} INFO - Started process (PID=13464) to work on /home/airflow/.local/lib/python3.12/site-packages/airflow/example_dags/example_python_operator.py
[2024-10-18T11:19:45.284+0000] {processor.py:914} INFO - Processing file /home/airflow/.local/lib/python3.12/site-packages/airflow/example_dags/example_python_operator.py for tasks to queue
[2024-10-18T11:19:45.286+0000] {logging_mixin.py:190} INFO - [2024-10-18T11:19:45.286+0000] {dagbag.py:588} INFO - Filling up the DagBag from /home/airflow/.local/lib/python3.12/site-packages/airflow/example_dags/example_python_operator.py
[2024-10-18T11:19:45.298+0000] {processor.py:925} INFO - DAG(s) 'example_python_operator' retrieved from /home/airflow/.local/lib/python3.12/site-packages/airflow/example_dags/example_python_operator.py
[2024-10-18T11:19:45.321+0000] {logging_mixin.py:190} INFO - [2024-10-18T11:19:45.320+0000] {dag.py:3239} INFO - Sync 1 DAGs
[2024-10-18T11:19:45.337+0000] {logging_mixin.py:190} INFO - [2024-10-18T11:19:45.337+0000] {dag.py:4180} INFO - Setting next_dagrun for example_python_operator to None, run_after=None
[2024-10-18T11:19:45.360+0000] {processor.py:208} INFO - Processing /home/airflow/.local/lib/python3.12/site-packages/airflow/example_dags/example_python_operator.py took 0.083 seconds
[2024-10-18T11:20:15.948+0000] {processor.py:186} INFO - Started process (PID=13750) to work on /home/airflow/.local/lib/python3.12/site-packages/airflow/example_dags/example_python_operator.py
[2024-10-18T11:20:15.953+0000] {processor.py:914} INFO - Processing file /home/airflow/.local/lib/python3.12/site-packages/airflow/example_dags/example_python_operator.py for tasks to queue
[2024-10-18T11:20:15.963+0000] {logging_mixin.py:190} INFO - [2024-10-18T11:20:15.959+0000] {dagbag.py:588} INFO - Filling up the DagBag from /home/airflow/.local/lib/python3.12/site-packages/airflow/example_dags/example_python_operator.py
[2024-10-18T11:20:15.992+0000] {processor.py:925} INFO - DAG(s) 'example_python_operator' retrieved from /home/airflow/.local/lib/python3.12/site-packages/airflow/example_dags/example_python_operator.py
[2024-10-18T11:20:16.030+0000] {logging_mixin.py:190} INFO - [2024-10-18T11:20:16.030+0000] {dag.py:3239} INFO - Sync 1 DAGs
[2024-10-18T11:20:16.063+0000] {logging_mixin.py:190} INFO - [2024-10-18T11:20:16.062+0000] {dag.py:4180} INFO - Setting next_dagrun for example_python_operator to None, run_after=None
[2024-10-18T11:20:16.323+0000] {processor.py:208} INFO - Processing /home/airflow/.local/lib/python3.12/site-packages/airflow/example_dags/example_python_operator.py took 0.395 seconds
[2024-10-18T11:20:47.144+0000] {processor.py:186} INFO - Started process (PID=14037) to work on /home/airflow/.local/lib/python3.12/site-packages/airflow/example_dags/example_python_operator.py
[2024-10-18T11:20:47.145+0000] {processor.py:914} INFO - Processing file /home/airflow/.local/lib/python3.12/site-packages/airflow/example_dags/example_python_operator.py for tasks to queue
[2024-10-18T11:20:47.147+0000] {logging_mixin.py:190} INFO - [2024-10-18T11:20:47.147+0000] {dagbag.py:588} INFO - Filling up the DagBag from /home/airflow/.local/lib/python3.12/site-packages/airflow/example_dags/example_python_operator.py
[2024-10-18T11:20:47.158+0000] {processor.py:925} INFO - DAG(s) 'example_python_operator' retrieved from /home/airflow/.local/lib/python3.12/site-packages/airflow/example_dags/example_python_operator.py
[2024-10-18T11:20:47.180+0000] {logging_mixin.py:190} INFO - [2024-10-18T11:20:47.180+0000] {dag.py:3239} INFO - Sync 1 DAGs
[2024-10-18T11:20:47.193+0000] {logging_mixin.py:190} INFO - [2024-10-18T11:20:47.193+0000] {dag.py:4180} INFO - Setting next_dagrun for example_python_operator to None, run_after=None
[2024-10-18T11:20:47.211+0000] {processor.py:208} INFO - Processing /home/airflow/.local/lib/python3.12/site-packages/airflow/example_dags/example_python_operator.py took 0.073 seconds
[2024-10-18T11:21:17.869+0000] {processor.py:186} INFO - Started process (PID=14323) to work on /home/airflow/.local/lib/python3.12/site-packages/airflow/example_dags/example_python_operator.py
[2024-10-18T11:21:17.870+0000] {processor.py:914} INFO - Processing file /home/airflow/.local/lib/python3.12/site-packages/airflow/example_dags/example_python_operator.py for tasks to queue
[2024-10-18T11:21:17.873+0000] {logging_mixin.py:190} INFO - [2024-10-18T11:21:17.873+0000] {dagbag.py:588} INFO - Filling up the DagBag from /home/airflow/.local/lib/python3.12/site-packages/airflow/example_dags/example_python_operator.py
[2024-10-18T11:21:17.888+0000] {processor.py:925} INFO - DAG(s) 'example_python_operator' retrieved from /home/airflow/.local/lib/python3.12/site-packages/airflow/example_dags/example_python_operator.py
[2024-10-18T11:21:17.913+0000] {logging_mixin.py:190} INFO - [2024-10-18T11:21:17.913+0000] {dag.py:3239} INFO - Sync 1 DAGs
[2024-10-18T11:21:17.932+0000] {logging_mixin.py:190} INFO - [2024-10-18T11:21:17.932+0000] {dag.py:4180} INFO - Setting next_dagrun for example_python_operator to None, run_after=None
[2024-10-18T11:21:17.962+0000] {processor.py:208} INFO - Processing /home/airflow/.local/lib/python3.12/site-packages/airflow/example_dags/example_python_operator.py took 0.099 seconds
[2024-10-18T11:21:48.208+0000] {processor.py:186} INFO - Started process (PID=14609) to work on /home/airflow/.local/lib/python3.12/site-packages/airflow/example_dags/example_python_operator.py
[2024-10-18T11:21:48.210+0000] {processor.py:914} INFO - Processing file /home/airflow/.local/lib/python3.12/site-packages/airflow/example_dags/example_python_operator.py for tasks to queue
[2024-10-18T11:21:48.213+0000] {logging_mixin.py:190} INFO - [2024-10-18T11:21:48.213+0000] {dagbag.py:588} INFO - Filling up the DagBag from /home/airflow/.local/lib/python3.12/site-packages/airflow/example_dags/example_python_operator.py
[2024-10-18T11:21:48.230+0000] {processor.py:925} INFO - DAG(s) 'example_python_operator' retrieved from /home/airflow/.local/lib/python3.12/site-packages/airflow/example_dags/example_python_operator.py
[2024-10-18T11:21:48.257+0000] {logging_mixin.py:190} INFO - [2024-10-18T11:21:48.257+0000] {dag.py:3239} INFO - Sync 1 DAGs
[2024-10-18T11:21:48.274+0000] {logging_mixin.py:190} INFO - [2024-10-18T11:21:48.274+0000] {dag.py:4180} INFO - Setting next_dagrun for example_python_operator to None, run_after=None
[2024-10-18T11:21:48.300+0000] {processor.py:208} INFO - Processing /home/airflow/.local/lib/python3.12/site-packages/airflow/example_dags/example_python_operator.py took 0.100 seconds
[2024-10-18T11:22:18.803+0000] {processor.py:186} INFO - Started process (PID=14895) to work on /home/airflow/.local/lib/python3.12/site-packages/airflow/example_dags/example_python_operator.py
[2024-10-18T11:22:18.804+0000] {processor.py:914} INFO - Processing file /home/airflow/.local/lib/python3.12/site-packages/airflow/example_dags/example_python_operator.py for tasks to queue
[2024-10-18T11:22:18.807+0000] {logging_mixin.py:190} INFO - [2024-10-18T11:22:18.807+0000] {dagbag.py:588} INFO - Filling up the DagBag from /home/airflow/.local/lib/python3.12/site-packages/airflow/example_dags/example_python_operator.py
[2024-10-18T11:22:18.824+0000] {processor.py:925} INFO - DAG(s) 'example_python_operator' retrieved from /home/airflow/.local/lib/python3.12/site-packages/airflow/example_dags/example_python_operator.py
[2024-10-18T11:22:18.854+0000] {logging_mixin.py:190} INFO - [2024-10-18T11:22:18.854+0000] {dag.py:3239} INFO - Sync 1 DAGs
[2024-10-18T11:22:18.874+0000] {logging_mixin.py:190} INFO - [2024-10-18T11:22:18.873+0000] {dag.py:4180} INFO - Setting next_dagrun for example_python_operator to None, run_after=None
[2024-10-18T11:22:18.902+0000] {processor.py:208} INFO - Processing /home/airflow/.local/lib/python3.12/site-packages/airflow/example_dags/example_python_operator.py took 0.109 seconds
[2024-10-18T11:22:49.065+0000] {processor.py:186} INFO - Started process (PID=15181) to work on /home/airflow/.local/lib/python3.12/site-packages/airflow/example_dags/example_python_operator.py
[2024-10-18T11:22:49.066+0000] {processor.py:914} INFO - Processing file /home/airflow/.local/lib/python3.12/site-packages/airflow/example_dags/example_python_operator.py for tasks to queue
[2024-10-18T11:22:49.069+0000] {logging_mixin.py:190} INFO - [2024-10-18T11:22:49.069+0000] {dagbag.py:588} INFO - Filling up the DagBag from /home/airflow/.local/lib/python3.12/site-packages/airflow/example_dags/example_python_operator.py
[2024-10-18T11:22:49.087+0000] {processor.py:925} INFO - DAG(s) 'example_python_operator' retrieved from /home/airflow/.local/lib/python3.12/site-packages/airflow/example_dags/example_python_operator.py
[2024-10-18T11:22:49.117+0000] {logging_mixin.py:190} INFO - [2024-10-18T11:22:49.116+0000] {dag.py:3239} INFO - Sync 1 DAGs
[2024-10-18T11:22:49.139+0000] {logging_mixin.py:190} INFO - [2024-10-18T11:22:49.139+0000] {dag.py:4180} INFO - Setting next_dagrun for example_python_operator to None, run_after=None
[2024-10-18T11:22:49.172+0000] {processor.py:208} INFO - Processing /home/airflow/.local/lib/python3.12/site-packages/airflow/example_dags/example_python_operator.py took 0.116 seconds
