[2024-10-18T10:56:27.884+0000] {processor.py:186} INFO - Started process (PID=309) to work on /home/airflow/.local/lib/python3.12/site-packages/airflow/example_dags/example_latest_only.py
[2024-10-18T10:56:27.895+0000] {processor.py:914} INFO - Processing file /home/airflow/.local/lib/python3.12/site-packages/airflow/example_dags/example_latest_only.py for tasks to queue
[2024-10-18T10:56:27.902+0000] {logging_mixin.py:190} INFO - [2024-10-18T10:56:27.901+0000] {dagbag.py:588} INFO - Filling up the DagBag from /home/airflow/.local/lib/python3.12/site-packages/airflow/example_dags/example_latest_only.py
[2024-10-18T10:56:27.934+0000] {processor.py:925} INFO - DAG(s) 'latest_only' retrieved from /home/airflow/.local/lib/python3.12/site-packages/airflow/example_dags/example_latest_only.py
[2024-10-18T10:56:28.291+0000] {logging_mixin.py:190} INFO - [2024-10-18T10:56:28.284+0000] {override.py:1900} INFO - Created Permission View: can delete on DAG:latest_only
[2024-10-18T10:56:28.318+0000] {logging_mixin.py:190} INFO - [2024-10-18T10:56:28.317+0000] {override.py:1900} INFO - Created Permission View: can edit on DAG:latest_only
[2024-10-18T10:56:28.343+0000] {logging_mixin.py:190} INFO - [2024-10-18T10:56:28.343+0000] {override.py:1900} INFO - Created Permission View: can read on DAG:latest_only
[2024-10-18T10:56:28.365+0000] {logging_mixin.py:190} INFO - [2024-10-18T10:56:28.365+0000] {override.py:1900} INFO - Created Permission View: can delete on DAG Run:latest_only
[2024-10-18T10:56:28.396+0000] {logging_mixin.py:190} INFO - [2024-10-18T10:56:28.395+0000] {override.py:1900} INFO - Created Permission View: menu access on DAG Run:latest_only
[2024-10-18T10:56:28.413+0000] {logging_mixin.py:190} INFO - [2024-10-18T10:56:28.413+0000] {override.py:1900} INFO - Created Permission View: can read on DAG Run:latest_only
[2024-10-18T10:56:28.431+0000] {logging_mixin.py:190} INFO - [2024-10-18T10:56:28.430+0000] {override.py:1900} INFO - Created Permission View: can create on DAG Run:latest_only
[2024-10-18T10:56:28.433+0000] {logging_mixin.py:190} INFO - [2024-10-18T10:56:28.432+0000] {dag.py:3239} INFO - Sync 1 DAGs
[2024-10-18T10:56:28.465+0000] {logging_mixin.py:190} INFO - [2024-10-18T10:56:28.465+0000] {dag.py:3262} INFO - Creating ORM DAG for latest_only
[2024-10-18T10:56:28.491+0000] {logging_mixin.py:190} INFO - [2024-10-18T10:56:28.490+0000] {dag.py:4180} INFO - Setting next_dagrun for latest_only to 2024-10-18 04:00:00+00:00, run_after=2024-10-18 08:00:00+00:00
[2024-10-18T10:56:28.535+0000] {processor.py:208} INFO - Processing /home/airflow/.local/lib/python3.12/site-packages/airflow/example_dags/example_latest_only.py took 0.669 seconds
[2024-10-18T10:56:59.010+0000] {processor.py:186} INFO - Started process (PID=592) to work on /home/airflow/.local/lib/python3.12/site-packages/airflow/example_dags/example_latest_only.py
[2024-10-18T10:56:59.012+0000] {processor.py:914} INFO - Processing file /home/airflow/.local/lib/python3.12/site-packages/airflow/example_dags/example_latest_only.py for tasks to queue
[2024-10-18T10:56:59.014+0000] {logging_mixin.py:190} INFO - [2024-10-18T10:56:59.014+0000] {dagbag.py:588} INFO - Filling up the DagBag from /home/airflow/.local/lib/python3.12/site-packages/airflow/example_dags/example_latest_only.py
[2024-10-18T10:56:59.029+0000] {processor.py:925} INFO - DAG(s) 'latest_only' retrieved from /home/airflow/.local/lib/python3.12/site-packages/airflow/example_dags/example_latest_only.py
[2024-10-18T10:56:59.079+0000] {logging_mixin.py:190} INFO - [2024-10-18T10:56:59.078+0000] {dag.py:3239} INFO - Sync 1 DAGs
[2024-10-18T10:56:59.131+0000] {logging_mixin.py:190} INFO - [2024-10-18T10:56:59.131+0000] {dag.py:4180} INFO - Setting next_dagrun for latest_only to 2024-10-18 04:00:00+00:00, run_after=2024-10-18 08:00:00+00:00
[2024-10-18T10:56:59.182+0000] {processor.py:208} INFO - Processing /home/airflow/.local/lib/python3.12/site-packages/airflow/example_dags/example_latest_only.py took 0.184 seconds
[2024-10-18T10:57:29.352+0000] {processor.py:186} INFO - Started process (PID=878) to work on /home/airflow/.local/lib/python3.12/site-packages/airflow/example_dags/example_latest_only.py
[2024-10-18T10:57:29.355+0000] {processor.py:914} INFO - Processing file /home/airflow/.local/lib/python3.12/site-packages/airflow/example_dags/example_latest_only.py for tasks to queue
[2024-10-18T10:57:29.362+0000] {logging_mixin.py:190} INFO - [2024-10-18T10:57:29.360+0000] {dagbag.py:588} INFO - Filling up the DagBag from /home/airflow/.local/lib/python3.12/site-packages/airflow/example_dags/example_latest_only.py
[2024-10-18T10:57:29.374+0000] {processor.py:925} INFO - DAG(s) 'latest_only' retrieved from /home/airflow/.local/lib/python3.12/site-packages/airflow/example_dags/example_latest_only.py
[2024-10-18T10:57:29.422+0000] {logging_mixin.py:190} INFO - [2024-10-18T10:57:29.422+0000] {dag.py:3239} INFO - Sync 1 DAGs
[2024-10-18T10:57:29.506+0000] {logging_mixin.py:190} INFO - [2024-10-18T10:57:29.505+0000] {dag.py:4180} INFO - Setting next_dagrun for latest_only to 2024-10-18 04:00:00+00:00, run_after=2024-10-18 08:00:00+00:00
[2024-10-18T10:57:29.554+0000] {processor.py:208} INFO - Processing /home/airflow/.local/lib/python3.12/site-packages/airflow/example_dags/example_latest_only.py took 0.218 seconds
[2024-10-18T10:57:59.847+0000] {processor.py:186} INFO - Started process (PID=1166) to work on /home/airflow/.local/lib/python3.12/site-packages/airflow/example_dags/example_latest_only.py
[2024-10-18T10:57:59.848+0000] {processor.py:914} INFO - Processing file /home/airflow/.local/lib/python3.12/site-packages/airflow/example_dags/example_latest_only.py for tasks to queue
[2024-10-18T10:57:59.850+0000] {logging_mixin.py:190} INFO - [2024-10-18T10:57:59.850+0000] {dagbag.py:588} INFO - Filling up the DagBag from /home/airflow/.local/lib/python3.12/site-packages/airflow/example_dags/example_latest_only.py
[2024-10-18T10:57:59.858+0000] {processor.py:925} INFO - DAG(s) 'latest_only' retrieved from /home/airflow/.local/lib/python3.12/site-packages/airflow/example_dags/example_latest_only.py
[2024-10-18T10:57:59.879+0000] {logging_mixin.py:190} INFO - [2024-10-18T10:57:59.879+0000] {dag.py:3239} INFO - Sync 1 DAGs
[2024-10-18T10:57:59.906+0000] {logging_mixin.py:190} INFO - [2024-10-18T10:57:59.906+0000] {dag.py:4180} INFO - Setting next_dagrun for latest_only to 2024-10-18 04:00:00+00:00, run_after=2024-10-18 08:00:00+00:00
[2024-10-18T10:57:59.930+0000] {processor.py:208} INFO - Processing /home/airflow/.local/lib/python3.12/site-packages/airflow/example_dags/example_latest_only.py took 0.089 seconds
[2024-10-18T10:58:30.675+0000] {processor.py:186} INFO - Started process (PID=1457) to work on /home/airflow/.local/lib/python3.12/site-packages/airflow/example_dags/example_latest_only.py
[2024-10-18T10:58:30.676+0000] {processor.py:914} INFO - Processing file /home/airflow/.local/lib/python3.12/site-packages/airflow/example_dags/example_latest_only.py for tasks to queue
[2024-10-18T10:58:30.678+0000] {logging_mixin.py:190} INFO - [2024-10-18T10:58:30.678+0000] {dagbag.py:588} INFO - Filling up the DagBag from /home/airflow/.local/lib/python3.12/site-packages/airflow/example_dags/example_latest_only.py
[2024-10-18T10:58:30.684+0000] {processor.py:925} INFO - DAG(s) 'latest_only' retrieved from /home/airflow/.local/lib/python3.12/site-packages/airflow/example_dags/example_latest_only.py
[2024-10-18T10:58:30.704+0000] {logging_mixin.py:190} INFO - [2024-10-18T10:58:30.704+0000] {dag.py:3239} INFO - Sync 1 DAGs
[2024-10-18T10:58:30.727+0000] {logging_mixin.py:190} INFO - [2024-10-18T10:58:30.726+0000] {dag.py:4180} INFO - Setting next_dagrun for latest_only to 2024-10-18 04:00:00+00:00, run_after=2024-10-18 08:00:00+00:00
[2024-10-18T10:58:30.744+0000] {processor.py:208} INFO - Processing /home/airflow/.local/lib/python3.12/site-packages/airflow/example_dags/example_latest_only.py took 0.075 seconds
[2024-10-18T10:59:01.069+0000] {processor.py:186} INFO - Started process (PID=1742) to work on /home/airflow/.local/lib/python3.12/site-packages/airflow/example_dags/example_latest_only.py
[2024-10-18T10:59:01.070+0000] {processor.py:914} INFO - Processing file /home/airflow/.local/lib/python3.12/site-packages/airflow/example_dags/example_latest_only.py for tasks to queue
[2024-10-18T10:59:01.072+0000] {logging_mixin.py:190} INFO - [2024-10-18T10:59:01.072+0000] {dagbag.py:588} INFO - Filling up the DagBag from /home/airflow/.local/lib/python3.12/site-packages/airflow/example_dags/example_latest_only.py
[2024-10-18T10:59:01.078+0000] {processor.py:925} INFO - DAG(s) 'latest_only' retrieved from /home/airflow/.local/lib/python3.12/site-packages/airflow/example_dags/example_latest_only.py
[2024-10-18T10:59:01.096+0000] {logging_mixin.py:190} INFO - [2024-10-18T10:59:01.096+0000] {dag.py:3239} INFO - Sync 1 DAGs
[2024-10-18T10:59:01.121+0000] {logging_mixin.py:190} INFO - [2024-10-18T10:59:01.121+0000] {dag.py:4180} INFO - Setting next_dagrun for latest_only to 2024-10-18 04:00:00+00:00, run_after=2024-10-18 08:00:00+00:00
[2024-10-18T10:59:01.143+0000] {processor.py:208} INFO - Processing /home/airflow/.local/lib/python3.12/site-packages/airflow/example_dags/example_latest_only.py took 0.079 seconds
[2024-10-18T10:59:31.607+0000] {processor.py:186} INFO - Started process (PID=2028) to work on /home/airflow/.local/lib/python3.12/site-packages/airflow/example_dags/example_latest_only.py
[2024-10-18T10:59:31.608+0000] {processor.py:914} INFO - Processing file /home/airflow/.local/lib/python3.12/site-packages/airflow/example_dags/example_latest_only.py for tasks to queue
[2024-10-18T10:59:31.610+0000] {logging_mixin.py:190} INFO - [2024-10-18T10:59:31.610+0000] {dagbag.py:588} INFO - Filling up the DagBag from /home/airflow/.local/lib/python3.12/site-packages/airflow/example_dags/example_latest_only.py
[2024-10-18T10:59:31.617+0000] {processor.py:925} INFO - DAG(s) 'latest_only' retrieved from /home/airflow/.local/lib/python3.12/site-packages/airflow/example_dags/example_latest_only.py
[2024-10-18T10:59:31.637+0000] {logging_mixin.py:190} INFO - [2024-10-18T10:59:31.636+0000] {dag.py:3239} INFO - Sync 1 DAGs
[2024-10-18T10:59:31.660+0000] {logging_mixin.py:190} INFO - [2024-10-18T10:59:31.659+0000] {dag.py:4180} INFO - Setting next_dagrun for latest_only to 2024-10-18 04:00:00+00:00, run_after=2024-10-18 08:00:00+00:00
[2024-10-18T10:59:31.678+0000] {processor.py:208} INFO - Processing /home/airflow/.local/lib/python3.12/site-packages/airflow/example_dags/example_latest_only.py took 0.077 seconds
[2024-10-18T11:00:01.901+0000] {processor.py:186} INFO - Started process (PID=2314) to work on /home/airflow/.local/lib/python3.12/site-packages/airflow/example_dags/example_latest_only.py
[2024-10-18T11:00:01.902+0000] {processor.py:914} INFO - Processing file /home/airflow/.local/lib/python3.12/site-packages/airflow/example_dags/example_latest_only.py for tasks to queue
[2024-10-18T11:00:01.905+0000] {logging_mixin.py:190} INFO - [2024-10-18T11:00:01.904+0000] {dagbag.py:588} INFO - Filling up the DagBag from /home/airflow/.local/lib/python3.12/site-packages/airflow/example_dags/example_latest_only.py
[2024-10-18T11:00:01.911+0000] {processor.py:925} INFO - DAG(s) 'latest_only' retrieved from /home/airflow/.local/lib/python3.12/site-packages/airflow/example_dags/example_latest_only.py
[2024-10-18T11:00:01.930+0000] {logging_mixin.py:190} INFO - [2024-10-18T11:00:01.930+0000] {dag.py:3239} INFO - Sync 1 DAGs
[2024-10-18T11:00:01.953+0000] {logging_mixin.py:190} INFO - [2024-10-18T11:00:01.952+0000] {dag.py:4180} INFO - Setting next_dagrun for latest_only to 2024-10-18 04:00:00+00:00, run_after=2024-10-18 08:00:00+00:00
[2024-10-18T11:00:01.971+0000] {processor.py:208} INFO - Processing /home/airflow/.local/lib/python3.12/site-packages/airflow/example_dags/example_latest_only.py took 0.075 seconds
[2024-10-18T11:00:32.433+0000] {processor.py:186} INFO - Started process (PID=2600) to work on /home/airflow/.local/lib/python3.12/site-packages/airflow/example_dags/example_latest_only.py
[2024-10-18T11:00:32.434+0000] {processor.py:914} INFO - Processing file /home/airflow/.local/lib/python3.12/site-packages/airflow/example_dags/example_latest_only.py for tasks to queue
[2024-10-18T11:00:32.437+0000] {logging_mixin.py:190} INFO - [2024-10-18T11:00:32.436+0000] {dagbag.py:588} INFO - Filling up the DagBag from /home/airflow/.local/lib/python3.12/site-packages/airflow/example_dags/example_latest_only.py
[2024-10-18T11:00:32.444+0000] {processor.py:925} INFO - DAG(s) 'latest_only' retrieved from /home/airflow/.local/lib/python3.12/site-packages/airflow/example_dags/example_latest_only.py
[2024-10-18T11:00:32.465+0000] {logging_mixin.py:190} INFO - [2024-10-18T11:00:32.465+0000] {dag.py:3239} INFO - Sync 1 DAGs
[2024-10-18T11:00:32.490+0000] {logging_mixin.py:190} INFO - [2024-10-18T11:00:32.489+0000] {dag.py:4180} INFO - Setting next_dagrun for latest_only to 2024-10-18 04:00:00+00:00, run_after=2024-10-18 08:00:00+00:00
[2024-10-18T11:00:32.509+0000] {processor.py:208} INFO - Processing /home/airflow/.local/lib/python3.12/site-packages/airflow/example_dags/example_latest_only.py took 0.082 seconds
[2024-10-18T11:01:02.860+0000] {processor.py:186} INFO - Started process (PID=2886) to work on /home/airflow/.local/lib/python3.12/site-packages/airflow/example_dags/example_latest_only.py
[2024-10-18T11:01:02.861+0000] {processor.py:914} INFO - Processing file /home/airflow/.local/lib/python3.12/site-packages/airflow/example_dags/example_latest_only.py for tasks to queue
[2024-10-18T11:01:02.863+0000] {logging_mixin.py:190} INFO - [2024-10-18T11:01:02.863+0000] {dagbag.py:588} INFO - Filling up the DagBag from /home/airflow/.local/lib/python3.12/site-packages/airflow/example_dags/example_latest_only.py
[2024-10-18T11:01:02.869+0000] {processor.py:925} INFO - DAG(s) 'latest_only' retrieved from /home/airflow/.local/lib/python3.12/site-packages/airflow/example_dags/example_latest_only.py
[2024-10-18T11:01:02.888+0000] {logging_mixin.py:190} INFO - [2024-10-18T11:01:02.888+0000] {dag.py:3239} INFO - Sync 1 DAGs
[2024-10-18T11:01:02.909+0000] {logging_mixin.py:190} INFO - [2024-10-18T11:01:02.909+0000] {dag.py:4180} INFO - Setting next_dagrun for latest_only to 2024-10-18 04:00:00+00:00, run_after=2024-10-18 08:00:00+00:00
[2024-10-18T11:01:02.928+0000] {processor.py:208} INFO - Processing /home/airflow/.local/lib/python3.12/site-packages/airflow/example_dags/example_latest_only.py took 0.073 seconds
[2024-10-18T11:01:33.294+0000] {processor.py:186} INFO - Started process (PID=3172) to work on /home/airflow/.local/lib/python3.12/site-packages/airflow/example_dags/example_latest_only.py
[2024-10-18T11:01:33.295+0000] {processor.py:914} INFO - Processing file /home/airflow/.local/lib/python3.12/site-packages/airflow/example_dags/example_latest_only.py for tasks to queue
[2024-10-18T11:01:33.297+0000] {logging_mixin.py:190} INFO - [2024-10-18T11:01:33.297+0000] {dagbag.py:588} INFO - Filling up the DagBag from /home/airflow/.local/lib/python3.12/site-packages/airflow/example_dags/example_latest_only.py
[2024-10-18T11:01:33.304+0000] {processor.py:925} INFO - DAG(s) 'latest_only' retrieved from /home/airflow/.local/lib/python3.12/site-packages/airflow/example_dags/example_latest_only.py
[2024-10-18T11:01:33.328+0000] {logging_mixin.py:190} INFO - [2024-10-18T11:01:33.328+0000] {dag.py:3239} INFO - Sync 1 DAGs
[2024-10-18T11:01:33.357+0000] {logging_mixin.py:190} INFO - [2024-10-18T11:01:33.356+0000] {dag.py:4180} INFO - Setting next_dagrun for latest_only to 2024-10-18 04:00:00+00:00, run_after=2024-10-18 08:00:00+00:00
[2024-10-18T11:01:33.384+0000] {processor.py:208} INFO - Processing /home/airflow/.local/lib/python3.12/site-packages/airflow/example_dags/example_latest_only.py took 0.096 seconds
[2024-10-18T11:02:03.975+0000] {processor.py:186} INFO - Started process (PID=3458) to work on /home/airflow/.local/lib/python3.12/site-packages/airflow/example_dags/example_latest_only.py
[2024-10-18T11:02:03.977+0000] {processor.py:914} INFO - Processing file /home/airflow/.local/lib/python3.12/site-packages/airflow/example_dags/example_latest_only.py for tasks to queue
[2024-10-18T11:02:03.979+0000] {logging_mixin.py:190} INFO - [2024-10-18T11:02:03.979+0000] {dagbag.py:588} INFO - Filling up the DagBag from /home/airflow/.local/lib/python3.12/site-packages/airflow/example_dags/example_latest_only.py
[2024-10-18T11:02:03.985+0000] {processor.py:925} INFO - DAG(s) 'latest_only' retrieved from /home/airflow/.local/lib/python3.12/site-packages/airflow/example_dags/example_latest_only.py
[2024-10-18T11:02:04.006+0000] {logging_mixin.py:190} INFO - [2024-10-18T11:02:04.006+0000] {dag.py:3239} INFO - Sync 1 DAGs
[2024-10-18T11:02:04.033+0000] {logging_mixin.py:190} INFO - [2024-10-18T11:02:04.033+0000] {dag.py:4180} INFO - Setting next_dagrun for latest_only to 2024-10-18 04:00:00+00:00, run_after=2024-10-18 08:00:00+00:00
[2024-10-18T11:02:04.055+0000] {processor.py:208} INFO - Processing /home/airflow/.local/lib/python3.12/site-packages/airflow/example_dags/example_latest_only.py took 0.084 seconds
[2024-10-18T11:02:34.208+0000] {processor.py:186} INFO - Started process (PID=3744) to work on /home/airflow/.local/lib/python3.12/site-packages/airflow/example_dags/example_latest_only.py
[2024-10-18T11:02:34.209+0000] {processor.py:914} INFO - Processing file /home/airflow/.local/lib/python3.12/site-packages/airflow/example_dags/example_latest_only.py for tasks to queue
[2024-10-18T11:02:34.211+0000] {logging_mixin.py:190} INFO - [2024-10-18T11:02:34.211+0000] {dagbag.py:588} INFO - Filling up the DagBag from /home/airflow/.local/lib/python3.12/site-packages/airflow/example_dags/example_latest_only.py
[2024-10-18T11:02:34.218+0000] {processor.py:925} INFO - DAG(s) 'latest_only' retrieved from /home/airflow/.local/lib/python3.12/site-packages/airflow/example_dags/example_latest_only.py
[2024-10-18T11:02:34.237+0000] {logging_mixin.py:190} INFO - [2024-10-18T11:02:34.236+0000] {dag.py:3239} INFO - Sync 1 DAGs
[2024-10-18T11:02:34.258+0000] {logging_mixin.py:190} INFO - [2024-10-18T11:02:34.258+0000] {dag.py:4180} INFO - Setting next_dagrun for latest_only to 2024-10-18 04:00:00+00:00, run_after=2024-10-18 08:00:00+00:00
[2024-10-18T11:02:34.276+0000] {processor.py:208} INFO - Processing /home/airflow/.local/lib/python3.12/site-packages/airflow/example_dags/example_latest_only.py took 0.073 seconds
[2024-10-18T11:03:04.737+0000] {processor.py:186} INFO - Started process (PID=4030) to work on /home/airflow/.local/lib/python3.12/site-packages/airflow/example_dags/example_latest_only.py
[2024-10-18T11:03:04.738+0000] {processor.py:914} INFO - Processing file /home/airflow/.local/lib/python3.12/site-packages/airflow/example_dags/example_latest_only.py for tasks to queue
[2024-10-18T11:03:04.740+0000] {logging_mixin.py:190} INFO - [2024-10-18T11:03:04.740+0000] {dagbag.py:588} INFO - Filling up the DagBag from /home/airflow/.local/lib/python3.12/site-packages/airflow/example_dags/example_latest_only.py
[2024-10-18T11:03:04.747+0000] {processor.py:925} INFO - DAG(s) 'latest_only' retrieved from /home/airflow/.local/lib/python3.12/site-packages/airflow/example_dags/example_latest_only.py
[2024-10-18T11:03:04.766+0000] {logging_mixin.py:190} INFO - [2024-10-18T11:03:04.766+0000] {dag.py:3239} INFO - Sync 1 DAGs
[2024-10-18T11:03:04.789+0000] {logging_mixin.py:190} INFO - [2024-10-18T11:03:04.789+0000] {dag.py:4180} INFO - Setting next_dagrun for latest_only to 2024-10-18 04:00:00+00:00, run_after=2024-10-18 08:00:00+00:00
[2024-10-18T11:03:04.807+0000] {processor.py:208} INFO - Processing /home/airflow/.local/lib/python3.12/site-packages/airflow/example_dags/example_latest_only.py took 0.075 seconds
[2024-10-18T11:03:35.096+0000] {processor.py:186} INFO - Started process (PID=4316) to work on /home/airflow/.local/lib/python3.12/site-packages/airflow/example_dags/example_latest_only.py
[2024-10-18T11:03:35.097+0000] {processor.py:914} INFO - Processing file /home/airflow/.local/lib/python3.12/site-packages/airflow/example_dags/example_latest_only.py for tasks to queue
[2024-10-18T11:03:35.100+0000] {logging_mixin.py:190} INFO - [2024-10-18T11:03:35.099+0000] {dagbag.py:588} INFO - Filling up the DagBag from /home/airflow/.local/lib/python3.12/site-packages/airflow/example_dags/example_latest_only.py
[2024-10-18T11:03:35.106+0000] {processor.py:925} INFO - DAG(s) 'latest_only' retrieved from /home/airflow/.local/lib/python3.12/site-packages/airflow/example_dags/example_latest_only.py
[2024-10-18T11:03:35.124+0000] {logging_mixin.py:190} INFO - [2024-10-18T11:03:35.124+0000] {dag.py:3239} INFO - Sync 1 DAGs
[2024-10-18T11:03:35.147+0000] {logging_mixin.py:190} INFO - [2024-10-18T11:03:35.146+0000] {dag.py:4180} INFO - Setting next_dagrun for latest_only to 2024-10-18 04:00:00+00:00, run_after=2024-10-18 08:00:00+00:00
[2024-10-18T11:03:35.164+0000] {processor.py:208} INFO - Processing /home/airflow/.local/lib/python3.12/site-packages/airflow/example_dags/example_latest_only.py took 0.074 seconds
[2024-10-18T11:04:05.459+0000] {processor.py:186} INFO - Started process (PID=4602) to work on /home/airflow/.local/lib/python3.12/site-packages/airflow/example_dags/example_latest_only.py
[2024-10-18T11:04:05.460+0000] {processor.py:914} INFO - Processing file /home/airflow/.local/lib/python3.12/site-packages/airflow/example_dags/example_latest_only.py for tasks to queue
[2024-10-18T11:04:05.462+0000] {logging_mixin.py:190} INFO - [2024-10-18T11:04:05.462+0000] {dagbag.py:588} INFO - Filling up the DagBag from /home/airflow/.local/lib/python3.12/site-packages/airflow/example_dags/example_latest_only.py
[2024-10-18T11:04:05.468+0000] {processor.py:925} INFO - DAG(s) 'latest_only' retrieved from /home/airflow/.local/lib/python3.12/site-packages/airflow/example_dags/example_latest_only.py
[2024-10-18T11:04:05.486+0000] {logging_mixin.py:190} INFO - [2024-10-18T11:04:05.486+0000] {dag.py:3239} INFO - Sync 1 DAGs
[2024-10-18T11:04:05.508+0000] {logging_mixin.py:190} INFO - [2024-10-18T11:04:05.508+0000] {dag.py:4180} INFO - Setting next_dagrun for latest_only to 2024-10-18 04:00:00+00:00, run_after=2024-10-18 08:00:00+00:00
[2024-10-18T11:04:05.526+0000] {processor.py:208} INFO - Processing /home/airflow/.local/lib/python3.12/site-packages/airflow/example_dags/example_latest_only.py took 0.072 seconds
[2024-10-18T11:04:35.729+0000] {processor.py:186} INFO - Started process (PID=4888) to work on /home/airflow/.local/lib/python3.12/site-packages/airflow/example_dags/example_latest_only.py
[2024-10-18T11:04:35.730+0000] {processor.py:914} INFO - Processing file /home/airflow/.local/lib/python3.12/site-packages/airflow/example_dags/example_latest_only.py for tasks to queue
[2024-10-18T11:04:35.733+0000] {logging_mixin.py:190} INFO - [2024-10-18T11:04:35.732+0000] {dagbag.py:588} INFO - Filling up the DagBag from /home/airflow/.local/lib/python3.12/site-packages/airflow/example_dags/example_latest_only.py
[2024-10-18T11:04:35.738+0000] {processor.py:925} INFO - DAG(s) 'latest_only' retrieved from /home/airflow/.local/lib/python3.12/site-packages/airflow/example_dags/example_latest_only.py
[2024-10-18T11:04:35.757+0000] {logging_mixin.py:190} INFO - [2024-10-18T11:04:35.757+0000] {dag.py:3239} INFO - Sync 1 DAGs
[2024-10-18T11:04:35.779+0000] {logging_mixin.py:190} INFO - [2024-10-18T11:04:35.779+0000] {dag.py:4180} INFO - Setting next_dagrun for latest_only to 2024-10-18 04:00:00+00:00, run_after=2024-10-18 08:00:00+00:00
[2024-10-18T11:04:35.806+0000] {processor.py:208} INFO - Processing /home/airflow/.local/lib/python3.12/site-packages/airflow/example_dags/example_latest_only.py took 0.082 seconds
[2024-10-18T11:05:06.030+0000] {processor.py:186} INFO - Started process (PID=5174) to work on /home/airflow/.local/lib/python3.12/site-packages/airflow/example_dags/example_latest_only.py
[2024-10-18T11:05:06.031+0000] {processor.py:914} INFO - Processing file /home/airflow/.local/lib/python3.12/site-packages/airflow/example_dags/example_latest_only.py for tasks to queue
[2024-10-18T11:05:06.033+0000] {logging_mixin.py:190} INFO - [2024-10-18T11:05:06.033+0000] {dagbag.py:588} INFO - Filling up the DagBag from /home/airflow/.local/lib/python3.12/site-packages/airflow/example_dags/example_latest_only.py
[2024-10-18T11:05:06.039+0000] {processor.py:925} INFO - DAG(s) 'latest_only' retrieved from /home/airflow/.local/lib/python3.12/site-packages/airflow/example_dags/example_latest_only.py
[2024-10-18T11:05:06.058+0000] {logging_mixin.py:190} INFO - [2024-10-18T11:05:06.058+0000] {dag.py:3239} INFO - Sync 1 DAGs
[2024-10-18T11:05:06.080+0000] {logging_mixin.py:190} INFO - [2024-10-18T11:05:06.080+0000] {dag.py:4180} INFO - Setting next_dagrun for latest_only to 2024-10-18 04:00:00+00:00, run_after=2024-10-18 08:00:00+00:00
[2024-10-18T11:05:06.100+0000] {processor.py:208} INFO - Processing /home/airflow/.local/lib/python3.12/site-packages/airflow/example_dags/example_latest_only.py took 0.075 seconds
[2024-10-18T11:05:36.307+0000] {processor.py:186} INFO - Started process (PID=5460) to work on /home/airflow/.local/lib/python3.12/site-packages/airflow/example_dags/example_latest_only.py
[2024-10-18T11:05:36.308+0000] {processor.py:914} INFO - Processing file /home/airflow/.local/lib/python3.12/site-packages/airflow/example_dags/example_latest_only.py for tasks to queue
[2024-10-18T11:05:36.310+0000] {logging_mixin.py:190} INFO - [2024-10-18T11:05:36.310+0000] {dagbag.py:588} INFO - Filling up the DagBag from /home/airflow/.local/lib/python3.12/site-packages/airflow/example_dags/example_latest_only.py
[2024-10-18T11:05:36.317+0000] {processor.py:925} INFO - DAG(s) 'latest_only' retrieved from /home/airflow/.local/lib/python3.12/site-packages/airflow/example_dags/example_latest_only.py
[2024-10-18T11:05:36.336+0000] {logging_mixin.py:190} INFO - [2024-10-18T11:05:36.336+0000] {dag.py:3239} INFO - Sync 1 DAGs
[2024-10-18T11:05:36.359+0000] {logging_mixin.py:190} INFO - [2024-10-18T11:05:36.359+0000] {dag.py:4180} INFO - Setting next_dagrun for latest_only to 2024-10-18 04:00:00+00:00, run_after=2024-10-18 08:00:00+00:00
[2024-10-18T11:05:36.376+0000] {processor.py:208} INFO - Processing /home/airflow/.local/lib/python3.12/site-packages/airflow/example_dags/example_latest_only.py took 0.074 seconds
[2024-10-18T11:06:06.656+0000] {processor.py:186} INFO - Started process (PID=5746) to work on /home/airflow/.local/lib/python3.12/site-packages/airflow/example_dags/example_latest_only.py
[2024-10-18T11:06:06.657+0000] {processor.py:914} INFO - Processing file /home/airflow/.local/lib/python3.12/site-packages/airflow/example_dags/example_latest_only.py for tasks to queue
[2024-10-18T11:06:06.659+0000] {logging_mixin.py:190} INFO - [2024-10-18T11:06:06.659+0000] {dagbag.py:588} INFO - Filling up the DagBag from /home/airflow/.local/lib/python3.12/site-packages/airflow/example_dags/example_latest_only.py
[2024-10-18T11:06:06.666+0000] {processor.py:925} INFO - DAG(s) 'latest_only' retrieved from /home/airflow/.local/lib/python3.12/site-packages/airflow/example_dags/example_latest_only.py
[2024-10-18T11:06:06.685+0000] {logging_mixin.py:190} INFO - [2024-10-18T11:06:06.685+0000] {dag.py:3239} INFO - Sync 1 DAGs
[2024-10-18T11:06:06.707+0000] {logging_mixin.py:190} INFO - [2024-10-18T11:06:06.707+0000] {dag.py:4180} INFO - Setting next_dagrun for latest_only to 2024-10-18 04:00:00+00:00, run_after=2024-10-18 08:00:00+00:00
[2024-10-18T11:06:06.727+0000] {processor.py:208} INFO - Processing /home/airflow/.local/lib/python3.12/site-packages/airflow/example_dags/example_latest_only.py took 0.076 seconds
[2024-10-18T11:06:37.070+0000] {processor.py:186} INFO - Started process (PID=6032) to work on /home/airflow/.local/lib/python3.12/site-packages/airflow/example_dags/example_latest_only.py
[2024-10-18T11:06:37.071+0000] {processor.py:914} INFO - Processing file /home/airflow/.local/lib/python3.12/site-packages/airflow/example_dags/example_latest_only.py for tasks to queue
[2024-10-18T11:06:37.073+0000] {logging_mixin.py:190} INFO - [2024-10-18T11:06:37.073+0000] {dagbag.py:588} INFO - Filling up the DagBag from /home/airflow/.local/lib/python3.12/site-packages/airflow/example_dags/example_latest_only.py
[2024-10-18T11:06:37.079+0000] {processor.py:925} INFO - DAG(s) 'latest_only' retrieved from /home/airflow/.local/lib/python3.12/site-packages/airflow/example_dags/example_latest_only.py
[2024-10-18T11:06:37.098+0000] {logging_mixin.py:190} INFO - [2024-10-18T11:06:37.097+0000] {dag.py:3239} INFO - Sync 1 DAGs
[2024-10-18T11:06:37.122+0000] {logging_mixin.py:190} INFO - [2024-10-18T11:06:37.122+0000] {dag.py:4180} INFO - Setting next_dagrun for latest_only to 2024-10-18 04:00:00+00:00, run_after=2024-10-18 08:00:00+00:00
[2024-10-18T11:06:37.142+0000] {processor.py:208} INFO - Processing /home/airflow/.local/lib/python3.12/site-packages/airflow/example_dags/example_latest_only.py took 0.077 seconds
[2024-10-18T11:07:07.405+0000] {processor.py:186} INFO - Started process (PID=6318) to work on /home/airflow/.local/lib/python3.12/site-packages/airflow/example_dags/example_latest_only.py
[2024-10-18T11:07:07.406+0000] {processor.py:914} INFO - Processing file /home/airflow/.local/lib/python3.12/site-packages/airflow/example_dags/example_latest_only.py for tasks to queue
[2024-10-18T11:07:07.408+0000] {logging_mixin.py:190} INFO - [2024-10-18T11:07:07.407+0000] {dagbag.py:588} INFO - Filling up the DagBag from /home/airflow/.local/lib/python3.12/site-packages/airflow/example_dags/example_latest_only.py
[2024-10-18T11:07:07.414+0000] {processor.py:925} INFO - DAG(s) 'latest_only' retrieved from /home/airflow/.local/lib/python3.12/site-packages/airflow/example_dags/example_latest_only.py
[2024-10-18T11:07:07.432+0000] {logging_mixin.py:190} INFO - [2024-10-18T11:07:07.431+0000] {dag.py:3239} INFO - Sync 1 DAGs
[2024-10-18T11:07:07.453+0000] {logging_mixin.py:190} INFO - [2024-10-18T11:07:07.453+0000] {dag.py:4180} INFO - Setting next_dagrun for latest_only to 2024-10-18 04:00:00+00:00, run_after=2024-10-18 08:00:00+00:00
[2024-10-18T11:07:07.471+0000] {processor.py:208} INFO - Processing /home/airflow/.local/lib/python3.12/site-packages/airflow/example_dags/example_latest_only.py took 0.072 seconds
[2024-10-18T11:07:37.670+0000] {processor.py:186} INFO - Started process (PID=6604) to work on /home/airflow/.local/lib/python3.12/site-packages/airflow/example_dags/example_latest_only.py
[2024-10-18T11:07:37.671+0000] {processor.py:914} INFO - Processing file /home/airflow/.local/lib/python3.12/site-packages/airflow/example_dags/example_latest_only.py for tasks to queue
[2024-10-18T11:07:37.674+0000] {logging_mixin.py:190} INFO - [2024-10-18T11:07:37.674+0000] {dagbag.py:588} INFO - Filling up the DagBag from /home/airflow/.local/lib/python3.12/site-packages/airflow/example_dags/example_latest_only.py
[2024-10-18T11:07:37.682+0000] {processor.py:925} INFO - DAG(s) 'latest_only' retrieved from /home/airflow/.local/lib/python3.12/site-packages/airflow/example_dags/example_latest_only.py
[2024-10-18T11:07:37.700+0000] {logging_mixin.py:190} INFO - [2024-10-18T11:07:37.700+0000] {dag.py:3239} INFO - Sync 1 DAGs
[2024-10-18T11:07:37.723+0000] {logging_mixin.py:190} INFO - [2024-10-18T11:07:37.723+0000] {dag.py:4180} INFO - Setting next_dagrun for latest_only to 2024-10-18 04:00:00+00:00, run_after=2024-10-18 08:00:00+00:00
[2024-10-18T11:07:37.741+0000] {processor.py:208} INFO - Processing /home/airflow/.local/lib/python3.12/site-packages/airflow/example_dags/example_latest_only.py took 0.077 seconds
[2024-10-18T11:08:08.081+0000] {processor.py:186} INFO - Started process (PID=6890) to work on /home/airflow/.local/lib/python3.12/site-packages/airflow/example_dags/example_latest_only.py
[2024-10-18T11:08:08.082+0000] {processor.py:914} INFO - Processing file /home/airflow/.local/lib/python3.12/site-packages/airflow/example_dags/example_latest_only.py for tasks to queue
[2024-10-18T11:08:08.084+0000] {logging_mixin.py:190} INFO - [2024-10-18T11:08:08.084+0000] {dagbag.py:588} INFO - Filling up the DagBag from /home/airflow/.local/lib/python3.12/site-packages/airflow/example_dags/example_latest_only.py
[2024-10-18T11:08:08.091+0000] {processor.py:925} INFO - DAG(s) 'latest_only' retrieved from /home/airflow/.local/lib/python3.12/site-packages/airflow/example_dags/example_latest_only.py
[2024-10-18T11:08:08.109+0000] {logging_mixin.py:190} INFO - [2024-10-18T11:08:08.109+0000] {dag.py:3239} INFO - Sync 1 DAGs
[2024-10-18T11:08:08.130+0000] {logging_mixin.py:190} INFO - [2024-10-18T11:08:08.130+0000] {dag.py:4180} INFO - Setting next_dagrun for latest_only to 2024-10-18 04:00:00+00:00, run_after=2024-10-18 08:00:00+00:00
[2024-10-18T11:08:08.147+0000] {processor.py:208} INFO - Processing /home/airflow/.local/lib/python3.12/site-packages/airflow/example_dags/example_latest_only.py took 0.071 seconds
[2024-10-18T11:08:38.325+0000] {processor.py:186} INFO - Started process (PID=7176) to work on /home/airflow/.local/lib/python3.12/site-packages/airflow/example_dags/example_latest_only.py
[2024-10-18T11:08:38.326+0000] {processor.py:914} INFO - Processing file /home/airflow/.local/lib/python3.12/site-packages/airflow/example_dags/example_latest_only.py for tasks to queue
[2024-10-18T11:08:38.328+0000] {logging_mixin.py:190} INFO - [2024-10-18T11:08:38.328+0000] {dagbag.py:588} INFO - Filling up the DagBag from /home/airflow/.local/lib/python3.12/site-packages/airflow/example_dags/example_latest_only.py
[2024-10-18T11:08:38.334+0000] {processor.py:925} INFO - DAG(s) 'latest_only' retrieved from /home/airflow/.local/lib/python3.12/site-packages/airflow/example_dags/example_latest_only.py
[2024-10-18T11:08:38.352+0000] {logging_mixin.py:190} INFO - [2024-10-18T11:08:38.352+0000] {dag.py:3239} INFO - Sync 1 DAGs
[2024-10-18T11:08:38.375+0000] {logging_mixin.py:190} INFO - [2024-10-18T11:08:38.374+0000] {dag.py:4180} INFO - Setting next_dagrun for latest_only to 2024-10-18 04:00:00+00:00, run_after=2024-10-18 08:00:00+00:00
[2024-10-18T11:08:38.392+0000] {processor.py:208} INFO - Processing /home/airflow/.local/lib/python3.12/site-packages/airflow/example_dags/example_latest_only.py took 0.072 seconds
[2024-10-18T11:09:08.673+0000] {processor.py:186} INFO - Started process (PID=7462) to work on /home/airflow/.local/lib/python3.12/site-packages/airflow/example_dags/example_latest_only.py
[2024-10-18T11:09:08.674+0000] {processor.py:914} INFO - Processing file /home/airflow/.local/lib/python3.12/site-packages/airflow/example_dags/example_latest_only.py for tasks to queue
[2024-10-18T11:09:08.677+0000] {logging_mixin.py:190} INFO - [2024-10-18T11:09:08.676+0000] {dagbag.py:588} INFO - Filling up the DagBag from /home/airflow/.local/lib/python3.12/site-packages/airflow/example_dags/example_latest_only.py
[2024-10-18T11:09:08.683+0000] {processor.py:925} INFO - DAG(s) 'latest_only' retrieved from /home/airflow/.local/lib/python3.12/site-packages/airflow/example_dags/example_latest_only.py
[2024-10-18T11:09:08.702+0000] {logging_mixin.py:190} INFO - [2024-10-18T11:09:08.701+0000] {dag.py:3239} INFO - Sync 1 DAGs
[2024-10-18T11:09:08.725+0000] {logging_mixin.py:190} INFO - [2024-10-18T11:09:08.724+0000] {dag.py:4180} INFO - Setting next_dagrun for latest_only to 2024-10-18 04:00:00+00:00, run_after=2024-10-18 08:00:00+00:00
[2024-10-18T11:09:08.743+0000] {processor.py:208} INFO - Processing /home/airflow/.local/lib/python3.12/site-packages/airflow/example_dags/example_latest_only.py took 0.075 seconds
[2024-10-18T11:09:38.947+0000] {processor.py:186} INFO - Started process (PID=7748) to work on /home/airflow/.local/lib/python3.12/site-packages/airflow/example_dags/example_latest_only.py
[2024-10-18T11:09:38.948+0000] {processor.py:914} INFO - Processing file /home/airflow/.local/lib/python3.12/site-packages/airflow/example_dags/example_latest_only.py for tasks to queue
[2024-10-18T11:09:38.950+0000] {logging_mixin.py:190} INFO - [2024-10-18T11:09:38.950+0000] {dagbag.py:588} INFO - Filling up the DagBag from /home/airflow/.local/lib/python3.12/site-packages/airflow/example_dags/example_latest_only.py
[2024-10-18T11:09:38.956+0000] {processor.py:925} INFO - DAG(s) 'latest_only' retrieved from /home/airflow/.local/lib/python3.12/site-packages/airflow/example_dags/example_latest_only.py
[2024-10-18T11:09:38.975+0000] {logging_mixin.py:190} INFO - [2024-10-18T11:09:38.975+0000] {dag.py:3239} INFO - Sync 1 DAGs
[2024-10-18T11:09:38.999+0000] {logging_mixin.py:190} INFO - [2024-10-18T11:09:38.999+0000] {dag.py:4180} INFO - Setting next_dagrun for latest_only to 2024-10-18 04:00:00+00:00, run_after=2024-10-18 08:00:00+00:00
[2024-10-18T11:09:39.018+0000] {processor.py:208} INFO - Processing /home/airflow/.local/lib/python3.12/site-packages/airflow/example_dags/example_latest_only.py took 0.076 seconds
[2024-10-18T11:10:09.205+0000] {processor.py:186} INFO - Started process (PID=8034) to work on /home/airflow/.local/lib/python3.12/site-packages/airflow/example_dags/example_latest_only.py
[2024-10-18T11:10:09.205+0000] {processor.py:914} INFO - Processing file /home/airflow/.local/lib/python3.12/site-packages/airflow/example_dags/example_latest_only.py for tasks to queue
[2024-10-18T11:10:09.207+0000] {logging_mixin.py:190} INFO - [2024-10-18T11:10:09.207+0000] {dagbag.py:588} INFO - Filling up the DagBag from /home/airflow/.local/lib/python3.12/site-packages/airflow/example_dags/example_latest_only.py
[2024-10-18T11:10:09.213+0000] {processor.py:925} INFO - DAG(s) 'latest_only' retrieved from /home/airflow/.local/lib/python3.12/site-packages/airflow/example_dags/example_latest_only.py
[2024-10-18T11:10:09.232+0000] {logging_mixin.py:190} INFO - [2024-10-18T11:10:09.232+0000] {dag.py:3239} INFO - Sync 1 DAGs
[2024-10-18T11:10:09.254+0000] {logging_mixin.py:190} INFO - [2024-10-18T11:10:09.254+0000] {dag.py:4180} INFO - Setting next_dagrun for latest_only to 2024-10-18 04:00:00+00:00, run_after=2024-10-18 08:00:00+00:00
[2024-10-18T11:10:09.272+0000] {processor.py:208} INFO - Processing /home/airflow/.local/lib/python3.12/site-packages/airflow/example_dags/example_latest_only.py took 0.072 seconds
[2024-10-18T11:10:39.560+0000] {processor.py:186} INFO - Started process (PID=8320) to work on /home/airflow/.local/lib/python3.12/site-packages/airflow/example_dags/example_latest_only.py
[2024-10-18T11:10:39.561+0000] {processor.py:914} INFO - Processing file /home/airflow/.local/lib/python3.12/site-packages/airflow/example_dags/example_latest_only.py for tasks to queue
[2024-10-18T11:10:39.564+0000] {logging_mixin.py:190} INFO - [2024-10-18T11:10:39.563+0000] {dagbag.py:588} INFO - Filling up the DagBag from /home/airflow/.local/lib/python3.12/site-packages/airflow/example_dags/example_latest_only.py
[2024-10-18T11:10:39.571+0000] {processor.py:925} INFO - DAG(s) 'latest_only' retrieved from /home/airflow/.local/lib/python3.12/site-packages/airflow/example_dags/example_latest_only.py
[2024-10-18T11:10:39.597+0000] {logging_mixin.py:190} INFO - [2024-10-18T11:10:39.597+0000] {dag.py:3239} INFO - Sync 1 DAGs
[2024-10-18T11:10:39.628+0000] {logging_mixin.py:190} INFO - [2024-10-18T11:10:39.627+0000] {dag.py:4180} INFO - Setting next_dagrun for latest_only to 2024-10-18 04:00:00+00:00, run_after=2024-10-18 08:00:00+00:00
[2024-10-18T11:10:39.655+0000] {processor.py:208} INFO - Processing /home/airflow/.local/lib/python3.12/site-packages/airflow/example_dags/example_latest_only.py took 0.101 seconds
[2024-10-18T11:11:10.462+0000] {processor.py:186} INFO - Started process (PID=8606) to work on /home/airflow/.local/lib/python3.12/site-packages/airflow/example_dags/example_latest_only.py
[2024-10-18T11:11:10.463+0000] {processor.py:914} INFO - Processing file /home/airflow/.local/lib/python3.12/site-packages/airflow/example_dags/example_latest_only.py for tasks to queue
[2024-10-18T11:11:10.465+0000] {logging_mixin.py:190} INFO - [2024-10-18T11:11:10.465+0000] {dagbag.py:588} INFO - Filling up the DagBag from /home/airflow/.local/lib/python3.12/site-packages/airflow/example_dags/example_latest_only.py
[2024-10-18T11:11:10.472+0000] {processor.py:925} INFO - DAG(s) 'latest_only' retrieved from /home/airflow/.local/lib/python3.12/site-packages/airflow/example_dags/example_latest_only.py
[2024-10-18T11:11:10.491+0000] {logging_mixin.py:190} INFO - [2024-10-18T11:11:10.490+0000] {dag.py:3239} INFO - Sync 1 DAGs
[2024-10-18T11:11:10.515+0000] {logging_mixin.py:190} INFO - [2024-10-18T11:11:10.515+0000] {dag.py:4180} INFO - Setting next_dagrun for latest_only to 2024-10-18 04:00:00+00:00, run_after=2024-10-18 08:00:00+00:00
[2024-10-18T11:11:10.534+0000] {processor.py:208} INFO - Processing /home/airflow/.local/lib/python3.12/site-packages/airflow/example_dags/example_latest_only.py took 0.077 seconds
[2024-10-18T11:11:41.138+0000] {processor.py:186} INFO - Started process (PID=8892) to work on /home/airflow/.local/lib/python3.12/site-packages/airflow/example_dags/example_latest_only.py
[2024-10-18T11:11:41.140+0000] {processor.py:914} INFO - Processing file /home/airflow/.local/lib/python3.12/site-packages/airflow/example_dags/example_latest_only.py for tasks to queue
[2024-10-18T11:11:41.144+0000] {logging_mixin.py:190} INFO - [2024-10-18T11:11:41.143+0000] {dagbag.py:588} INFO - Filling up the DagBag from /home/airflow/.local/lib/python3.12/site-packages/airflow/example_dags/example_latest_only.py
[2024-10-18T11:11:41.159+0000] {processor.py:925} INFO - DAG(s) 'latest_only' retrieved from /home/airflow/.local/lib/python3.12/site-packages/airflow/example_dags/example_latest_only.py
[2024-10-18T11:11:41.205+0000] {logging_mixin.py:190} INFO - [2024-10-18T11:11:41.204+0000] {dag.py:3239} INFO - Sync 1 DAGs
[2024-10-18T11:11:41.271+0000] {logging_mixin.py:190} INFO - [2024-10-18T11:11:41.270+0000] {dag.py:4180} INFO - Setting next_dagrun for latest_only to 2024-10-18 04:00:00+00:00, run_after=2024-10-18 08:00:00+00:00
[2024-10-18T11:11:41.306+0000] {processor.py:208} INFO - Processing /home/airflow/.local/lib/python3.12/site-packages/airflow/example_dags/example_latest_only.py took 0.181 seconds
[2024-10-18T11:12:11.595+0000] {processor.py:186} INFO - Started process (PID=9183) to work on /home/airflow/.local/lib/python3.12/site-packages/airflow/example_dags/example_latest_only.py
[2024-10-18T11:12:11.596+0000] {processor.py:914} INFO - Processing file /home/airflow/.local/lib/python3.12/site-packages/airflow/example_dags/example_latest_only.py for tasks to queue
[2024-10-18T11:12:11.599+0000] {logging_mixin.py:190} INFO - [2024-10-18T11:12:11.598+0000] {dagbag.py:588} INFO - Filling up the DagBag from /home/airflow/.local/lib/python3.12/site-packages/airflow/example_dags/example_latest_only.py
[2024-10-18T11:12:11.607+0000] {processor.py:925} INFO - DAG(s) 'latest_only' retrieved from /home/airflow/.local/lib/python3.12/site-packages/airflow/example_dags/example_latest_only.py
[2024-10-18T11:12:11.630+0000] {logging_mixin.py:190} INFO - [2024-10-18T11:12:11.630+0000] {dag.py:3239} INFO - Sync 1 DAGs
[2024-10-18T11:12:11.662+0000] {logging_mixin.py:190} INFO - [2024-10-18T11:12:11.662+0000] {dag.py:4180} INFO - Setting next_dagrun for latest_only to 2024-10-18 04:00:00+00:00, run_after=2024-10-18 08:00:00+00:00
[2024-10-18T11:12:11.682+0000] {processor.py:208} INFO - Processing /home/airflow/.local/lib/python3.12/site-packages/airflow/example_dags/example_latest_only.py took 0.094 seconds
[2024-10-18T11:12:41.899+0000] {processor.py:186} INFO - Started process (PID=9470) to work on /home/airflow/.local/lib/python3.12/site-packages/airflow/example_dags/example_latest_only.py
[2024-10-18T11:12:41.900+0000] {processor.py:914} INFO - Processing file /home/airflow/.local/lib/python3.12/site-packages/airflow/example_dags/example_latest_only.py for tasks to queue
[2024-10-18T11:12:41.903+0000] {logging_mixin.py:190} INFO - [2024-10-18T11:12:41.902+0000] {dagbag.py:588} INFO - Filling up the DagBag from /home/airflow/.local/lib/python3.12/site-packages/airflow/example_dags/example_latest_only.py
[2024-10-18T11:12:41.909+0000] {processor.py:925} INFO - DAG(s) 'latest_only' retrieved from /home/airflow/.local/lib/python3.12/site-packages/airflow/example_dags/example_latest_only.py
[2024-10-18T11:12:41.928+0000] {logging_mixin.py:190} INFO - [2024-10-18T11:12:41.928+0000] {dag.py:3239} INFO - Sync 1 DAGs
[2024-10-18T11:12:41.953+0000] {logging_mixin.py:190} INFO - [2024-10-18T11:12:41.953+0000] {dag.py:4180} INFO - Setting next_dagrun for latest_only to 2024-10-18 04:00:00+00:00, run_after=2024-10-18 08:00:00+00:00
[2024-10-18T11:12:41.975+0000] {processor.py:208} INFO - Processing /home/airflow/.local/lib/python3.12/site-packages/airflow/example_dags/example_latest_only.py took 0.081 seconds
[2024-10-18T11:13:12.410+0000] {processor.py:186} INFO - Started process (PID=9756) to work on /home/airflow/.local/lib/python3.12/site-packages/airflow/example_dags/example_latest_only.py
[2024-10-18T11:13:12.411+0000] {processor.py:914} INFO - Processing file /home/airflow/.local/lib/python3.12/site-packages/airflow/example_dags/example_latest_only.py for tasks to queue
[2024-10-18T11:13:12.414+0000] {logging_mixin.py:190} INFO - [2024-10-18T11:13:12.414+0000] {dagbag.py:588} INFO - Filling up the DagBag from /home/airflow/.local/lib/python3.12/site-packages/airflow/example_dags/example_latest_only.py
[2024-10-18T11:13:12.421+0000] {processor.py:925} INFO - DAG(s) 'latest_only' retrieved from /home/airflow/.local/lib/python3.12/site-packages/airflow/example_dags/example_latest_only.py
[2024-10-18T11:13:12.443+0000] {logging_mixin.py:190} INFO - [2024-10-18T11:13:12.443+0000] {dag.py:3239} INFO - Sync 1 DAGs
[2024-10-18T11:13:12.469+0000] {logging_mixin.py:190} INFO - [2024-10-18T11:13:12.469+0000] {dag.py:4180} INFO - Setting next_dagrun for latest_only to 2024-10-18 04:00:00+00:00, run_after=2024-10-18 08:00:00+00:00
[2024-10-18T11:13:12.491+0000] {processor.py:208} INFO - Processing /home/airflow/.local/lib/python3.12/site-packages/airflow/example_dags/example_latest_only.py took 0.086 seconds
[2024-10-18T11:13:43.044+0000] {processor.py:186} INFO - Started process (PID=10042) to work on /home/airflow/.local/lib/python3.12/site-packages/airflow/example_dags/example_latest_only.py
[2024-10-18T11:13:43.045+0000] {processor.py:914} INFO - Processing file /home/airflow/.local/lib/python3.12/site-packages/airflow/example_dags/example_latest_only.py for tasks to queue
[2024-10-18T11:13:43.047+0000] {logging_mixin.py:190} INFO - [2024-10-18T11:13:43.047+0000] {dagbag.py:588} INFO - Filling up the DagBag from /home/airflow/.local/lib/python3.12/site-packages/airflow/example_dags/example_latest_only.py
[2024-10-18T11:13:43.053+0000] {processor.py:925} INFO - DAG(s) 'latest_only' retrieved from /home/airflow/.local/lib/python3.12/site-packages/airflow/example_dags/example_latest_only.py
[2024-10-18T11:13:43.072+0000] {logging_mixin.py:190} INFO - [2024-10-18T11:13:43.072+0000] {dag.py:3239} INFO - Sync 1 DAGs
[2024-10-18T11:13:43.097+0000] {logging_mixin.py:190} INFO - [2024-10-18T11:13:43.097+0000] {dag.py:4180} INFO - Setting next_dagrun for latest_only to 2024-10-18 04:00:00+00:00, run_after=2024-10-18 08:00:00+00:00
[2024-10-18T11:13:43.120+0000] {processor.py:208} INFO - Processing /home/airflow/.local/lib/python3.12/site-packages/airflow/example_dags/example_latest_only.py took 0.081 seconds
[2024-10-18T11:14:13.816+0000] {processor.py:186} INFO - Started process (PID=10339) to work on /home/airflow/.local/lib/python3.12/site-packages/airflow/example_dags/example_latest_only.py
[2024-10-18T11:14:13.818+0000] {processor.py:914} INFO - Processing file /home/airflow/.local/lib/python3.12/site-packages/airflow/example_dags/example_latest_only.py for tasks to queue
[2024-10-18T11:14:13.821+0000] {logging_mixin.py:190} INFO - [2024-10-18T11:14:13.821+0000] {dagbag.py:588} INFO - Filling up the DagBag from /home/airflow/.local/lib/python3.12/site-packages/airflow/example_dags/example_latest_only.py
[2024-10-18T11:14:13.831+0000] {processor.py:925} INFO - DAG(s) 'latest_only' retrieved from /home/airflow/.local/lib/python3.12/site-packages/airflow/example_dags/example_latest_only.py
[2024-10-18T11:14:13.863+0000] {logging_mixin.py:190} INFO - [2024-10-18T11:14:13.862+0000] {dag.py:3239} INFO - Sync 1 DAGs
[2024-10-18T11:14:13.905+0000] {logging_mixin.py:190} INFO - [2024-10-18T11:14:13.905+0000] {dag.py:4180} INFO - Setting next_dagrun for latest_only to 2024-10-18 04:00:00+00:00, run_after=2024-10-18 08:00:00+00:00
[2024-10-18T11:14:13.933+0000] {processor.py:208} INFO - Processing /home/airflow/.local/lib/python3.12/site-packages/airflow/example_dags/example_latest_only.py took 0.125 seconds
[2024-10-18T11:14:44.696+0000] {processor.py:186} INFO - Started process (PID=10638) to work on /home/airflow/.local/lib/python3.12/site-packages/airflow/example_dags/example_latest_only.py
[2024-10-18T11:14:44.697+0000] {processor.py:914} INFO - Processing file /home/airflow/.local/lib/python3.12/site-packages/airflow/example_dags/example_latest_only.py for tasks to queue
[2024-10-18T11:14:44.700+0000] {logging_mixin.py:190} INFO - [2024-10-18T11:14:44.699+0000] {dagbag.py:588} INFO - Filling up the DagBag from /home/airflow/.local/lib/python3.12/site-packages/airflow/example_dags/example_latest_only.py
[2024-10-18T11:14:44.707+0000] {processor.py:925} INFO - DAG(s) 'latest_only' retrieved from /home/airflow/.local/lib/python3.12/site-packages/airflow/example_dags/example_latest_only.py
[2024-10-18T11:14:44.728+0000] {logging_mixin.py:190} INFO - [2024-10-18T11:14:44.728+0000] {dag.py:3239} INFO - Sync 1 DAGs
[2024-10-18T11:14:44.753+0000] {logging_mixin.py:190} INFO - [2024-10-18T11:14:44.753+0000] {dag.py:4180} INFO - Setting next_dagrun for latest_only to 2024-10-18 04:00:00+00:00, run_after=2024-10-18 08:00:00+00:00
[2024-10-18T11:14:44.774+0000] {processor.py:208} INFO - Processing /home/airflow/.local/lib/python3.12/site-packages/airflow/example_dags/example_latest_only.py took 0.083 seconds
[2024-10-18T11:15:15.213+0000] {processor.py:186} INFO - Started process (PID=10924) to work on /home/airflow/.local/lib/python3.12/site-packages/airflow/example_dags/example_latest_only.py
[2024-10-18T11:15:15.214+0000] {processor.py:914} INFO - Processing file /home/airflow/.local/lib/python3.12/site-packages/airflow/example_dags/example_latest_only.py for tasks to queue
[2024-10-18T11:15:15.216+0000] {logging_mixin.py:190} INFO - [2024-10-18T11:15:15.216+0000] {dagbag.py:588} INFO - Filling up the DagBag from /home/airflow/.local/lib/python3.12/site-packages/airflow/example_dags/example_latest_only.py
[2024-10-18T11:15:15.224+0000] {processor.py:925} INFO - DAG(s) 'latest_only' retrieved from /home/airflow/.local/lib/python3.12/site-packages/airflow/example_dags/example_latest_only.py
[2024-10-18T11:15:15.247+0000] {logging_mixin.py:190} INFO - [2024-10-18T11:15:15.247+0000] {dag.py:3239} INFO - Sync 1 DAGs
[2024-10-18T11:15:15.277+0000] {logging_mixin.py:190} INFO - [2024-10-18T11:15:15.277+0000] {dag.py:4180} INFO - Setting next_dagrun for latest_only to 2024-10-18 04:00:00+00:00, run_after=2024-10-18 08:00:00+00:00
[2024-10-18T11:15:15.297+0000] {processor.py:208} INFO - Processing /home/airflow/.local/lib/python3.12/site-packages/airflow/example_dags/example_latest_only.py took 0.091 seconds
[2024-10-18T11:15:45.734+0000] {processor.py:186} INFO - Started process (PID=11210) to work on /home/airflow/.local/lib/python3.12/site-packages/airflow/example_dags/example_latest_only.py
[2024-10-18T11:15:45.736+0000] {processor.py:914} INFO - Processing file /home/airflow/.local/lib/python3.12/site-packages/airflow/example_dags/example_latest_only.py for tasks to queue
[2024-10-18T11:15:45.739+0000] {logging_mixin.py:190} INFO - [2024-10-18T11:15:45.738+0000] {dagbag.py:588} INFO - Filling up the DagBag from /home/airflow/.local/lib/python3.12/site-packages/airflow/example_dags/example_latest_only.py
[2024-10-18T11:15:45.750+0000] {processor.py:925} INFO - DAG(s) 'latest_only' retrieved from /home/airflow/.local/lib/python3.12/site-packages/airflow/example_dags/example_latest_only.py
[2024-10-18T11:15:45.781+0000] {logging_mixin.py:190} INFO - [2024-10-18T11:15:45.780+0000] {dag.py:3239} INFO - Sync 1 DAGs
[2024-10-18T11:15:45.824+0000] {logging_mixin.py:190} INFO - [2024-10-18T11:15:45.823+0000] {dag.py:4180} INFO - Setting next_dagrun for latest_only to 2024-10-18 04:00:00+00:00, run_after=2024-10-18 08:00:00+00:00
[2024-10-18T11:15:45.857+0000] {processor.py:208} INFO - Processing /home/airflow/.local/lib/python3.12/site-packages/airflow/example_dags/example_latest_only.py took 0.134 seconds
[2024-10-18T11:16:16.183+0000] {processor.py:186} INFO - Started process (PID=11497) to work on /home/airflow/.local/lib/python3.12/site-packages/airflow/example_dags/example_latest_only.py
[2024-10-18T11:16:16.184+0000] {processor.py:914} INFO - Processing file /home/airflow/.local/lib/python3.12/site-packages/airflow/example_dags/example_latest_only.py for tasks to queue
[2024-10-18T11:16:16.186+0000] {logging_mixin.py:190} INFO - [2024-10-18T11:16:16.186+0000] {dagbag.py:588} INFO - Filling up the DagBag from /home/airflow/.local/lib/python3.12/site-packages/airflow/example_dags/example_latest_only.py
[2024-10-18T11:16:16.193+0000] {processor.py:925} INFO - DAG(s) 'latest_only' retrieved from /home/airflow/.local/lib/python3.12/site-packages/airflow/example_dags/example_latest_only.py
[2024-10-18T11:16:16.213+0000] {logging_mixin.py:190} INFO - [2024-10-18T11:16:16.213+0000] {dag.py:3239} INFO - Sync 1 DAGs
[2024-10-18T11:16:16.239+0000] {logging_mixin.py:190} INFO - [2024-10-18T11:16:16.238+0000] {dag.py:4180} INFO - Setting next_dagrun for latest_only to 2024-10-18 04:00:00+00:00, run_after=2024-10-18 08:00:00+00:00
[2024-10-18T11:16:16.258+0000] {processor.py:208} INFO - Processing /home/airflow/.local/lib/python3.12/site-packages/airflow/example_dags/example_latest_only.py took 0.083 seconds
[2024-10-18T11:16:48.004+0000] {processor.py:186} INFO - Started process (PID=11810) to work on /home/airflow/.local/lib/python3.12/site-packages/airflow/example_dags/example_latest_only.py
[2024-10-18T11:16:48.006+0000] {processor.py:914} INFO - Processing file /home/airflow/.local/lib/python3.12/site-packages/airflow/example_dags/example_latest_only.py for tasks to queue
[2024-10-18T11:16:48.014+0000] {logging_mixin.py:190} INFO - [2024-10-18T11:16:48.013+0000] {dagbag.py:588} INFO - Filling up the DagBag from /home/airflow/.local/lib/python3.12/site-packages/airflow/example_dags/example_latest_only.py
[2024-10-18T11:16:48.032+0000] {processor.py:925} INFO - DAG(s) 'latest_only' retrieved from /home/airflow/.local/lib/python3.12/site-packages/airflow/example_dags/example_latest_only.py
[2024-10-18T11:16:48.077+0000] {logging_mixin.py:190} INFO - [2024-10-18T11:16:48.076+0000] {dag.py:3239} INFO - Sync 1 DAGs
[2024-10-18T11:16:48.136+0000] {logging_mixin.py:190} INFO - [2024-10-18T11:16:48.136+0000] {dag.py:4180} INFO - Setting next_dagrun for latest_only to 2024-10-18 04:00:00+00:00, run_after=2024-10-18 08:00:00+00:00
[2024-10-18T11:16:48.172+0000] {processor.py:208} INFO - Processing /home/airflow/.local/lib/python3.12/site-packages/airflow/example_dags/example_latest_only.py took 0.182 seconds
[2024-10-18T11:17:18.805+0000] {processor.py:186} INFO - Started process (PID=12106) to work on /home/airflow/.local/lib/python3.12/site-packages/airflow/example_dags/example_latest_only.py
[2024-10-18T11:17:18.809+0000] {processor.py:914} INFO - Processing file /home/airflow/.local/lib/python3.12/site-packages/airflow/example_dags/example_latest_only.py for tasks to queue
[2024-10-18T11:17:18.820+0000] {logging_mixin.py:190} INFO - [2024-10-18T11:17:18.820+0000] {dagbag.py:588} INFO - Filling up the DagBag from /home/airflow/.local/lib/python3.12/site-packages/airflow/example_dags/example_latest_only.py
[2024-10-18T11:17:18.833+0000] {processor.py:925} INFO - DAG(s) 'latest_only' retrieved from /home/airflow/.local/lib/python3.12/site-packages/airflow/example_dags/example_latest_only.py
[2024-10-18T11:17:18.891+0000] {logging_mixin.py:190} INFO - [2024-10-18T11:17:18.890+0000] {dag.py:3239} INFO - Sync 1 DAGs
[2024-10-18T11:17:18.989+0000] {logging_mixin.py:190} INFO - [2024-10-18T11:17:18.988+0000] {dag.py:4180} INFO - Setting next_dagrun for latest_only to 2024-10-18 04:00:00+00:00, run_after=2024-10-18 08:00:00+00:00
[2024-10-18T11:17:19.073+0000] {processor.py:208} INFO - Processing /home/airflow/.local/lib/python3.12/site-packages/airflow/example_dags/example_latest_only.py took 0.296 seconds
[2024-10-18T11:17:49.260+0000] {processor.py:186} INFO - Started process (PID=12389) to work on /home/airflow/.local/lib/python3.12/site-packages/airflow/example_dags/example_latest_only.py
[2024-10-18T11:17:49.262+0000] {processor.py:914} INFO - Processing file /home/airflow/.local/lib/python3.12/site-packages/airflow/example_dags/example_latest_only.py for tasks to queue
[2024-10-18T11:17:49.265+0000] {logging_mixin.py:190} INFO - [2024-10-18T11:17:49.264+0000] {dagbag.py:588} INFO - Filling up the DagBag from /home/airflow/.local/lib/python3.12/site-packages/airflow/example_dags/example_latest_only.py
[2024-10-18T11:17:49.280+0000] {processor.py:925} INFO - DAG(s) 'latest_only' retrieved from /home/airflow/.local/lib/python3.12/site-packages/airflow/example_dags/example_latest_only.py
[2024-10-18T11:17:49.315+0000] {logging_mixin.py:190} INFO - [2024-10-18T11:17:49.314+0000] {dag.py:3239} INFO - Sync 1 DAGs
[2024-10-18T11:17:49.379+0000] {logging_mixin.py:190} INFO - [2024-10-18T11:17:49.378+0000] {dag.py:4180} INFO - Setting next_dagrun for latest_only to 2024-10-18 04:00:00+00:00, run_after=2024-10-18 08:00:00+00:00
[2024-10-18T11:17:49.419+0000] {processor.py:208} INFO - Processing /home/airflow/.local/lib/python3.12/site-packages/airflow/example_dags/example_latest_only.py took 0.175 seconds
[2024-10-18T11:18:19.537+0000] {processor.py:186} INFO - Started process (PID=12673) to work on /home/airflow/.local/lib/python3.12/site-packages/airflow/example_dags/example_latest_only.py
[2024-10-18T11:18:19.538+0000] {processor.py:914} INFO - Processing file /home/airflow/.local/lib/python3.12/site-packages/airflow/example_dags/example_latest_only.py for tasks to queue
[2024-10-18T11:18:19.541+0000] {logging_mixin.py:190} INFO - [2024-10-18T11:18:19.541+0000] {dagbag.py:588} INFO - Filling up the DagBag from /home/airflow/.local/lib/python3.12/site-packages/airflow/example_dags/example_latest_only.py
[2024-10-18T11:18:19.556+0000] {processor.py:925} INFO - DAG(s) 'latest_only' retrieved from /home/airflow/.local/lib/python3.12/site-packages/airflow/example_dags/example_latest_only.py
[2024-10-18T11:18:19.591+0000] {logging_mixin.py:190} INFO - [2024-10-18T11:18:19.591+0000] {dag.py:3239} INFO - Sync 1 DAGs
[2024-10-18T11:18:19.664+0000] {logging_mixin.py:190} INFO - [2024-10-18T11:18:19.662+0000] {dag.py:4180} INFO - Setting next_dagrun for latest_only to 2024-10-18 04:00:00+00:00, run_after=2024-10-18 08:00:00+00:00
[2024-10-18T11:18:19.718+0000] {processor.py:208} INFO - Processing /home/airflow/.local/lib/python3.12/site-packages/airflow/example_dags/example_latest_only.py took 0.192 seconds
[2024-10-18T11:18:49.954+0000] {processor.py:186} INFO - Started process (PID=12959) to work on /home/airflow/.local/lib/python3.12/site-packages/airflow/example_dags/example_latest_only.py
[2024-10-18T11:18:49.955+0000] {processor.py:914} INFO - Processing file /home/airflow/.local/lib/python3.12/site-packages/airflow/example_dags/example_latest_only.py for tasks to queue
[2024-10-18T11:18:49.960+0000] {logging_mixin.py:190} INFO - [2024-10-18T11:18:49.959+0000] {dagbag.py:588} INFO - Filling up the DagBag from /home/airflow/.local/lib/python3.12/site-packages/airflow/example_dags/example_latest_only.py
[2024-10-18T11:18:49.972+0000] {processor.py:925} INFO - DAG(s) 'latest_only' retrieved from /home/airflow/.local/lib/python3.12/site-packages/airflow/example_dags/example_latest_only.py
[2024-10-18T11:18:50.005+0000] {logging_mixin.py:190} INFO - [2024-10-18T11:18:50.005+0000] {dag.py:3239} INFO - Sync 1 DAGs
[2024-10-18T11:18:50.042+0000] {logging_mixin.py:190} INFO - [2024-10-18T11:18:50.042+0000] {dag.py:4180} INFO - Setting next_dagrun for latest_only to 2024-10-18 04:00:00+00:00, run_after=2024-10-18 08:00:00+00:00
[2024-10-18T11:18:50.075+0000] {processor.py:208} INFO - Processing /home/airflow/.local/lib/python3.12/site-packages/airflow/example_dags/example_latest_only.py took 0.131 seconds
[2024-10-18T11:19:20.817+0000] {processor.py:186} INFO - Started process (PID=13246) to work on /home/airflow/.local/lib/python3.12/site-packages/airflow/example_dags/example_latest_only.py
[2024-10-18T11:19:20.818+0000] {processor.py:914} INFO - Processing file /home/airflow/.local/lib/python3.12/site-packages/airflow/example_dags/example_latest_only.py for tasks to queue
[2024-10-18T11:19:20.821+0000] {logging_mixin.py:190} INFO - [2024-10-18T11:19:20.821+0000] {dagbag.py:588} INFO - Filling up the DagBag from /home/airflow/.local/lib/python3.12/site-packages/airflow/example_dags/example_latest_only.py
[2024-10-18T11:19:20.831+0000] {processor.py:925} INFO - DAG(s) 'latest_only' retrieved from /home/airflow/.local/lib/python3.12/site-packages/airflow/example_dags/example_latest_only.py
[2024-10-18T11:19:20.855+0000] {logging_mixin.py:190} INFO - [2024-10-18T11:19:20.854+0000] {dag.py:3239} INFO - Sync 1 DAGs
[2024-10-18T11:19:20.883+0000] {logging_mixin.py:190} INFO - [2024-10-18T11:19:20.882+0000] {dag.py:4180} INFO - Setting next_dagrun for latest_only to 2024-10-18 04:00:00+00:00, run_after=2024-10-18 08:00:00+00:00
[2024-10-18T11:19:20.910+0000] {processor.py:208} INFO - Processing /home/airflow/.local/lib/python3.12/site-packages/airflow/example_dags/example_latest_only.py took 0.101 seconds
[2024-10-18T11:19:50.974+0000] {processor.py:186} INFO - Started process (PID=13529) to work on /home/airflow/.local/lib/python3.12/site-packages/airflow/example_dags/example_latest_only.py
[2024-10-18T11:19:50.975+0000] {processor.py:914} INFO - Processing file /home/airflow/.local/lib/python3.12/site-packages/airflow/example_dags/example_latest_only.py for tasks to queue
[2024-10-18T11:19:50.978+0000] {logging_mixin.py:190} INFO - [2024-10-18T11:19:50.978+0000] {dagbag.py:588} INFO - Filling up the DagBag from /home/airflow/.local/lib/python3.12/site-packages/airflow/example_dags/example_latest_only.py
[2024-10-18T11:19:50.985+0000] {processor.py:925} INFO - DAG(s) 'latest_only' retrieved from /home/airflow/.local/lib/python3.12/site-packages/airflow/example_dags/example_latest_only.py
[2024-10-18T11:19:51.008+0000] {logging_mixin.py:190} INFO - [2024-10-18T11:19:51.007+0000] {dag.py:3239} INFO - Sync 1 DAGs
[2024-10-18T11:19:51.033+0000] {logging_mixin.py:190} INFO - [2024-10-18T11:19:51.033+0000] {dag.py:4180} INFO - Setting next_dagrun for latest_only to 2024-10-18 04:00:00+00:00, run_after=2024-10-18 08:00:00+00:00
[2024-10-18T11:19:51.060+0000] {processor.py:208} INFO - Processing /home/airflow/.local/lib/python3.12/site-packages/airflow/example_dags/example_latest_only.py took 0.093 seconds
[2024-10-18T11:20:22.566+0000] {processor.py:186} INFO - Started process (PID=13818) to work on /home/airflow/.local/lib/python3.12/site-packages/airflow/example_dags/example_latest_only.py
[2024-10-18T11:20:22.610+0000] {processor.py:914} INFO - Processing file /home/airflow/.local/lib/python3.12/site-packages/airflow/example_dags/example_latest_only.py for tasks to queue
[2024-10-18T11:20:22.616+0000] {logging_mixin.py:190} INFO - [2024-10-18T11:20:22.615+0000] {dagbag.py:588} INFO - Filling up the DagBag from /home/airflow/.local/lib/python3.12/site-packages/airflow/example_dags/example_latest_only.py
[2024-10-18T11:20:22.636+0000] {processor.py:925} INFO - DAG(s) 'latest_only' retrieved from /home/airflow/.local/lib/python3.12/site-packages/airflow/example_dags/example_latest_only.py
[2024-10-18T11:20:22.691+0000] {logging_mixin.py:190} INFO - [2024-10-18T11:20:22.691+0000] {dag.py:3239} INFO - Sync 1 DAGs
[2024-10-18T11:20:23.085+0000] {logging_mixin.py:190} INFO - [2024-10-18T11:20:23.084+0000] {dag.py:4180} INFO - Setting next_dagrun for latest_only to 2024-10-18 04:00:00+00:00, run_after=2024-10-18 08:00:00+00:00
[2024-10-18T11:20:23.137+0000] {processor.py:208} INFO - Processing /home/airflow/.local/lib/python3.12/site-packages/airflow/example_dags/example_latest_only.py took 0.588 seconds
[2024-10-18T11:20:53.651+0000] {processor.py:186} INFO - Started process (PID=14105) to work on /home/airflow/.local/lib/python3.12/site-packages/airflow/example_dags/example_latest_only.py
[2024-10-18T11:20:53.652+0000] {processor.py:914} INFO - Processing file /home/airflow/.local/lib/python3.12/site-packages/airflow/example_dags/example_latest_only.py for tasks to queue
[2024-10-18T11:20:53.654+0000] {logging_mixin.py:190} INFO - [2024-10-18T11:20:53.654+0000] {dagbag.py:588} INFO - Filling up the DagBag from /home/airflow/.local/lib/python3.12/site-packages/airflow/example_dags/example_latest_only.py
[2024-10-18T11:20:53.660+0000] {processor.py:925} INFO - DAG(s) 'latest_only' retrieved from /home/airflow/.local/lib/python3.12/site-packages/airflow/example_dags/example_latest_only.py
[2024-10-18T11:20:53.680+0000] {logging_mixin.py:190} INFO - [2024-10-18T11:20:53.679+0000] {dag.py:3239} INFO - Sync 1 DAGs
[2024-10-18T11:20:53.905+0000] {logging_mixin.py:190} INFO - [2024-10-18T11:20:53.905+0000] {dag.py:4180} INFO - Setting next_dagrun for latest_only to 2024-10-18 04:00:00+00:00, run_after=2024-10-18 08:00:00+00:00
[2024-10-18T11:20:53.930+0000] {processor.py:208} INFO - Processing /home/airflow/.local/lib/python3.12/site-packages/airflow/example_dags/example_latest_only.py took 0.285 seconds
[2024-10-18T11:21:24.277+0000] {processor.py:186} INFO - Started process (PID=14391) to work on /home/airflow/.local/lib/python3.12/site-packages/airflow/example_dags/example_latest_only.py
[2024-10-18T11:21:24.279+0000] {processor.py:914} INFO - Processing file /home/airflow/.local/lib/python3.12/site-packages/airflow/example_dags/example_latest_only.py for tasks to queue
[2024-10-18T11:21:24.283+0000] {logging_mixin.py:190} INFO - [2024-10-18T11:21:24.282+0000] {dagbag.py:588} INFO - Filling up the DagBag from /home/airflow/.local/lib/python3.12/site-packages/airflow/example_dags/example_latest_only.py
[2024-10-18T11:21:24.299+0000] {processor.py:925} INFO - DAG(s) 'latest_only' retrieved from /home/airflow/.local/lib/python3.12/site-packages/airflow/example_dags/example_latest_only.py
[2024-10-18T11:21:24.337+0000] {logging_mixin.py:190} INFO - [2024-10-18T11:21:24.336+0000] {dag.py:3239} INFO - Sync 1 DAGs
[2024-10-18T11:21:24.392+0000] {logging_mixin.py:190} INFO - [2024-10-18T11:21:24.391+0000] {dag.py:4180} INFO - Setting next_dagrun for latest_only to 2024-10-18 04:00:00+00:00, run_after=2024-10-18 08:00:00+00:00
[2024-10-18T11:21:24.668+0000] {processor.py:208} INFO - Processing /home/airflow/.local/lib/python3.12/site-packages/airflow/example_dags/example_latest_only.py took 0.402 seconds
[2024-10-18T11:21:55.001+0000] {processor.py:186} INFO - Started process (PID=14679) to work on /home/airflow/.local/lib/python3.12/site-packages/airflow/example_dags/example_latest_only.py
[2024-10-18T11:21:55.003+0000] {processor.py:914} INFO - Processing file /home/airflow/.local/lib/python3.12/site-packages/airflow/example_dags/example_latest_only.py for tasks to queue
[2024-10-18T11:21:55.008+0000] {logging_mixin.py:190} INFO - [2024-10-18T11:21:55.007+0000] {dagbag.py:588} INFO - Filling up the DagBag from /home/airflow/.local/lib/python3.12/site-packages/airflow/example_dags/example_latest_only.py
[2024-10-18T11:21:55.021+0000] {processor.py:925} INFO - DAG(s) 'latest_only' retrieved from /home/airflow/.local/lib/python3.12/site-packages/airflow/example_dags/example_latest_only.py
[2024-10-18T11:21:55.054+0000] {logging_mixin.py:190} INFO - [2024-10-18T11:21:55.054+0000] {dag.py:3239} INFO - Sync 1 DAGs
[2024-10-18T11:21:55.090+0000] {logging_mixin.py:190} INFO - [2024-10-18T11:21:55.089+0000] {dag.py:4180} INFO - Setting next_dagrun for latest_only to 2024-10-18 04:00:00+00:00, run_after=2024-10-18 08:00:00+00:00
[2024-10-18T11:21:55.121+0000] {processor.py:208} INFO - Processing /home/airflow/.local/lib/python3.12/site-packages/airflow/example_dags/example_latest_only.py took 0.131 seconds
[2024-10-18T11:22:25.772+0000] {processor.py:186} INFO - Started process (PID=14969) to work on /home/airflow/.local/lib/python3.12/site-packages/airflow/example_dags/example_latest_only.py
[2024-10-18T11:22:25.774+0000] {processor.py:914} INFO - Processing file /home/airflow/.local/lib/python3.12/site-packages/airflow/example_dags/example_latest_only.py for tasks to queue
[2024-10-18T11:22:25.779+0000] {logging_mixin.py:190} INFO - [2024-10-18T11:22:25.778+0000] {dagbag.py:588} INFO - Filling up the DagBag from /home/airflow/.local/lib/python3.12/site-packages/airflow/example_dags/example_latest_only.py
[2024-10-18T11:22:25.790+0000] {processor.py:925} INFO - DAG(s) 'latest_only' retrieved from /home/airflow/.local/lib/python3.12/site-packages/airflow/example_dags/example_latest_only.py
[2024-10-18T11:22:25.828+0000] {logging_mixin.py:190} INFO - [2024-10-18T11:22:25.827+0000] {dag.py:3239} INFO - Sync 1 DAGs
[2024-10-18T11:22:25.872+0000] {logging_mixin.py:190} INFO - [2024-10-18T11:22:25.872+0000] {dag.py:4180} INFO - Setting next_dagrun for latest_only to 2024-10-18 04:00:00+00:00, run_after=2024-10-18 08:00:00+00:00
[2024-10-18T11:22:25.905+0000] {processor.py:208} INFO - Processing /home/airflow/.local/lib/python3.12/site-packages/airflow/example_dags/example_latest_only.py took 0.142 seconds
[2024-10-18T11:22:56.216+0000] {processor.py:186} INFO - Started process (PID=15255) to work on /home/airflow/.local/lib/python3.12/site-packages/airflow/example_dags/example_latest_only.py
[2024-10-18T11:22:56.217+0000] {processor.py:914} INFO - Processing file /home/airflow/.local/lib/python3.12/site-packages/airflow/example_dags/example_latest_only.py for tasks to queue
[2024-10-18T11:22:56.221+0000] {logging_mixin.py:190} INFO - [2024-10-18T11:22:56.220+0000] {dagbag.py:588} INFO - Filling up the DagBag from /home/airflow/.local/lib/python3.12/site-packages/airflow/example_dags/example_latest_only.py
[2024-10-18T11:22:56.231+0000] {processor.py:925} INFO - DAG(s) 'latest_only' retrieved from /home/airflow/.local/lib/python3.12/site-packages/airflow/example_dags/example_latest_only.py
[2024-10-18T11:22:56.258+0000] {logging_mixin.py:190} INFO - [2024-10-18T11:22:56.258+0000] {dag.py:3239} INFO - Sync 1 DAGs
[2024-10-18T11:22:56.302+0000] {logging_mixin.py:190} INFO - [2024-10-18T11:22:56.301+0000] {dag.py:4180} INFO - Setting next_dagrun for latest_only to 2024-10-18 04:00:00+00:00, run_after=2024-10-18 08:00:00+00:00
[2024-10-18T11:22:56.332+0000] {processor.py:208} INFO - Processing /home/airflow/.local/lib/python3.12/site-packages/airflow/example_dags/example_latest_only.py took 0.123 seconds
[2024-10-18T11:23:26.552+0000] {processor.py:186} INFO - Started process (PID=15541) to work on /home/airflow/.local/lib/python3.12/site-packages/airflow/example_dags/example_latest_only.py
[2024-10-18T11:23:26.553+0000] {processor.py:914} INFO - Processing file /home/airflow/.local/lib/python3.12/site-packages/airflow/example_dags/example_latest_only.py for tasks to queue
[2024-10-18T11:23:26.556+0000] {logging_mixin.py:190} INFO - [2024-10-18T11:23:26.556+0000] {dagbag.py:588} INFO - Filling up the DagBag from /home/airflow/.local/lib/python3.12/site-packages/airflow/example_dags/example_latest_only.py
[2024-10-18T11:23:26.566+0000] {processor.py:925} INFO - DAG(s) 'latest_only' retrieved from /home/airflow/.local/lib/python3.12/site-packages/airflow/example_dags/example_latest_only.py
[2024-10-18T11:23:26.596+0000] {logging_mixin.py:190} INFO - [2024-10-18T11:23:26.596+0000] {dag.py:3239} INFO - Sync 1 DAGs
[2024-10-18T11:23:26.635+0000] {logging_mixin.py:190} INFO - [2024-10-18T11:23:26.635+0000] {dag.py:4180} INFO - Setting next_dagrun for latest_only to 2024-10-18 04:00:00+00:00, run_after=2024-10-18 08:00:00+00:00
[2024-10-18T11:23:26.665+0000] {processor.py:208} INFO - Processing /home/airflow/.local/lib/python3.12/site-packages/airflow/example_dags/example_latest_only.py took 0.121 seconds
[2024-10-18T11:23:56.978+0000] {processor.py:186} INFO - Started process (PID=15827) to work on /home/airflow/.local/lib/python3.12/site-packages/airflow/example_dags/example_latest_only.py
[2024-10-18T11:23:56.979+0000] {processor.py:914} INFO - Processing file /home/airflow/.local/lib/python3.12/site-packages/airflow/example_dags/example_latest_only.py for tasks to queue
[2024-10-18T11:23:56.982+0000] {logging_mixin.py:190} INFO - [2024-10-18T11:23:56.981+0000] {dagbag.py:588} INFO - Filling up the DagBag from /home/airflow/.local/lib/python3.12/site-packages/airflow/example_dags/example_latest_only.py
[2024-10-18T11:23:56.987+0000] {processor.py:925} INFO - DAG(s) 'latest_only' retrieved from /home/airflow/.local/lib/python3.12/site-packages/airflow/example_dags/example_latest_only.py
[2024-10-18T11:23:57.005+0000] {logging_mixin.py:190} INFO - [2024-10-18T11:23:57.005+0000] {dag.py:3239} INFO - Sync 1 DAGs
[2024-10-18T11:23:57.026+0000] {logging_mixin.py:190} INFO - [2024-10-18T11:23:57.026+0000] {dag.py:4180} INFO - Setting next_dagrun for latest_only to 2024-10-18 04:00:00+00:00, run_after=2024-10-18 08:00:00+00:00
[2024-10-18T11:23:57.046+0000] {processor.py:208} INFO - Processing /home/airflow/.local/lib/python3.12/site-packages/airflow/example_dags/example_latest_only.py took 0.073 seconds
[2024-10-18T11:24:27.417+0000] {processor.py:186} INFO - Started process (PID=16113) to work on /home/airflow/.local/lib/python3.12/site-packages/airflow/example_dags/example_latest_only.py
[2024-10-18T11:24:27.422+0000] {processor.py:914} INFO - Processing file /home/airflow/.local/lib/python3.12/site-packages/airflow/example_dags/example_latest_only.py for tasks to queue
[2024-10-18T11:24:27.430+0000] {logging_mixin.py:190} INFO - [2024-10-18T11:24:27.430+0000] {dagbag.py:588} INFO - Filling up the DagBag from /home/airflow/.local/lib/python3.12/site-packages/airflow/example_dags/example_latest_only.py
[2024-10-18T11:24:27.447+0000] {processor.py:925} INFO - DAG(s) 'latest_only' retrieved from /home/airflow/.local/lib/python3.12/site-packages/airflow/example_dags/example_latest_only.py
[2024-10-18T11:24:27.480+0000] {logging_mixin.py:190} INFO - [2024-10-18T11:24:27.480+0000] {dag.py:3239} INFO - Sync 1 DAGs
[2024-10-18T11:24:27.520+0000] {logging_mixin.py:190} INFO - [2024-10-18T11:24:27.519+0000] {dag.py:4180} INFO - Setting next_dagrun for latest_only to 2024-10-18 04:00:00+00:00, run_after=2024-10-18 08:00:00+00:00
[2024-10-18T11:24:27.548+0000] {processor.py:208} INFO - Processing /home/airflow/.local/lib/python3.12/site-packages/airflow/example_dags/example_latest_only.py took 0.144 seconds
