[2024-10-18T10:56:33.882+0000] {processor.py:186} INFO - Started process (PID=374) to work on /home/airflow/.local/lib/python3.12/site-packages/airflow/example_dags/example_dag_decorator.py
[2024-10-18T10:56:33.884+0000] {processor.py:914} INFO - Processing file /home/airflow/.local/lib/python3.12/site-packages/airflow/example_dags/example_dag_decorator.py for tasks to queue
[2024-10-18T10:56:33.888+0000] {logging_mixin.py:190} INFO - [2024-10-18T10:56:33.887+0000] {dagbag.py:588} INFO - Filling up the DagBag from /home/airflow/.local/lib/python3.12/site-packages/airflow/example_dags/example_dag_decorator.py
[2024-10-18T10:56:33.914+0000] {processor.py:925} INFO - DAG(s) 'example_dag_decorator' retrieved from /home/airflow/.local/lib/python3.12/site-packages/airflow/example_dags/example_dag_decorator.py
[2024-10-18T10:56:34.115+0000] {logging_mixin.py:190} INFO - [2024-10-18T10:56:34.113+0000] {override.py:1900} INFO - Created Permission View: can delete on DAG:example_dag_decorator
[2024-10-18T10:56:34.131+0000] {logging_mixin.py:190} INFO - [2024-10-18T10:56:34.131+0000] {override.py:1900} INFO - Created Permission View: can edit on DAG:example_dag_decorator
[2024-10-18T10:56:34.143+0000] {logging_mixin.py:190} INFO - [2024-10-18T10:56:34.142+0000] {override.py:1900} INFO - Created Permission View: can read on DAG:example_dag_decorator
[2024-10-18T10:56:34.157+0000] {logging_mixin.py:190} INFO - [2024-10-18T10:56:34.156+0000] {override.py:1900} INFO - Created Permission View: can delete on DAG Run:example_dag_decorator
[2024-10-18T10:56:34.166+0000] {logging_mixin.py:190} INFO - [2024-10-18T10:56:34.166+0000] {override.py:1900} INFO - Created Permission View: menu access on DAG Run:example_dag_decorator
[2024-10-18T10:56:34.176+0000] {logging_mixin.py:190} INFO - [2024-10-18T10:56:34.175+0000] {override.py:1900} INFO - Created Permission View: can read on DAG Run:example_dag_decorator
[2024-10-18T10:56:34.185+0000] {logging_mixin.py:190} INFO - [2024-10-18T10:56:34.185+0000] {override.py:1900} INFO - Created Permission View: can create on DAG Run:example_dag_decorator
[2024-10-18T10:56:34.186+0000] {logging_mixin.py:190} INFO - [2024-10-18T10:56:34.186+0000] {dag.py:3239} INFO - Sync 1 DAGs
[2024-10-18T10:56:34.207+0000] {logging_mixin.py:190} INFO - [2024-10-18T10:56:34.207+0000] {dag.py:3262} INFO - Creating ORM DAG for example_dag_decorator
[2024-10-18T10:56:34.209+0000] {logging_mixin.py:190} INFO - [2024-10-18T10:56:34.208+0000] {dag.py:4180} INFO - Setting next_dagrun for example_dag_decorator to None, run_after=None
[2024-10-18T10:56:34.234+0000] {processor.py:208} INFO - Processing /home/airflow/.local/lib/python3.12/site-packages/airflow/example_dags/example_dag_decorator.py took 0.361 seconds
[2024-10-18T10:57:05.043+0000] {processor.py:186} INFO - Started process (PID=660) to work on /home/airflow/.local/lib/python3.12/site-packages/airflow/example_dags/example_dag_decorator.py
[2024-10-18T10:57:05.047+0000] {processor.py:914} INFO - Processing file /home/airflow/.local/lib/python3.12/site-packages/airflow/example_dags/example_dag_decorator.py for tasks to queue
[2024-10-18T10:57:05.052+0000] {logging_mixin.py:190} INFO - [2024-10-18T10:57:05.051+0000] {dagbag.py:588} INFO - Filling up the DagBag from /home/airflow/.local/lib/python3.12/site-packages/airflow/example_dags/example_dag_decorator.py
[2024-10-18T10:57:05.075+0000] {processor.py:925} INFO - DAG(s) 'example_dag_decorator' retrieved from /home/airflow/.local/lib/python3.12/site-packages/airflow/example_dags/example_dag_decorator.py
[2024-10-18T10:57:05.331+0000] {logging_mixin.py:190} INFO - [2024-10-18T10:57:05.330+0000] {dag.py:3239} INFO - Sync 1 DAGs
[2024-10-18T10:57:05.363+0000] {logging_mixin.py:190} INFO - [2024-10-18T10:57:05.362+0000] {dag.py:4180} INFO - Setting next_dagrun for example_dag_decorator to None, run_after=None
[2024-10-18T10:57:05.402+0000] {processor.py:208} INFO - Processing /home/airflow/.local/lib/python3.12/site-packages/airflow/example_dags/example_dag_decorator.py took 0.370 seconds
[2024-10-18T10:57:35.864+0000] {processor.py:186} INFO - Started process (PID=948) to work on /home/airflow/.local/lib/python3.12/site-packages/airflow/example_dags/example_dag_decorator.py
[2024-10-18T10:57:35.865+0000] {processor.py:914} INFO - Processing file /home/airflow/.local/lib/python3.12/site-packages/airflow/example_dags/example_dag_decorator.py for tasks to queue
[2024-10-18T10:57:35.875+0000] {logging_mixin.py:190} INFO - [2024-10-18T10:57:35.873+0000] {dagbag.py:588} INFO - Filling up the DagBag from /home/airflow/.local/lib/python3.12/site-packages/airflow/example_dags/example_dag_decorator.py
[2024-10-18T10:57:35.897+0000] {processor.py:925} INFO - DAG(s) 'example_dag_decorator' retrieved from /home/airflow/.local/lib/python3.12/site-packages/airflow/example_dags/example_dag_decorator.py
[2024-10-18T10:57:36.191+0000] {logging_mixin.py:190} INFO - [2024-10-18T10:57:36.190+0000] {dag.py:3239} INFO - Sync 1 DAGs
[2024-10-18T10:57:36.226+0000] {logging_mixin.py:190} INFO - [2024-10-18T10:57:36.225+0000] {dag.py:4180} INFO - Setting next_dagrun for example_dag_decorator to None, run_after=None
[2024-10-18T10:57:36.296+0000] {processor.py:208} INFO - Processing /home/airflow/.local/lib/python3.12/site-packages/airflow/example_dags/example_dag_decorator.py took 0.447 seconds
[2024-10-18T10:58:06.396+0000] {processor.py:186} INFO - Started process (PID=1238) to work on /home/airflow/.local/lib/python3.12/site-packages/airflow/example_dags/example_dag_decorator.py
[2024-10-18T10:58:06.398+0000] {processor.py:914} INFO - Processing file /home/airflow/.local/lib/python3.12/site-packages/airflow/example_dags/example_dag_decorator.py for tasks to queue
[2024-10-18T10:58:06.401+0000] {logging_mixin.py:190} INFO - [2024-10-18T10:58:06.401+0000] {dagbag.py:588} INFO - Filling up the DagBag from /home/airflow/.local/lib/python3.12/site-packages/airflow/example_dags/example_dag_decorator.py
[2024-10-18T10:58:06.420+0000] {processor.py:925} INFO - DAG(s) 'example_dag_decorator' retrieved from /home/airflow/.local/lib/python3.12/site-packages/airflow/example_dags/example_dag_decorator.py
[2024-10-18T10:58:06.632+0000] {logging_mixin.py:190} INFO - [2024-10-18T10:58:06.631+0000] {dag.py:3239} INFO - Sync 1 DAGs
[2024-10-18T10:58:06.648+0000] {logging_mixin.py:190} INFO - [2024-10-18T10:58:06.648+0000] {dag.py:4180} INFO - Setting next_dagrun for example_dag_decorator to None, run_after=None
[2024-10-18T10:58:06.677+0000] {processor.py:208} INFO - Processing /home/airflow/.local/lib/python3.12/site-packages/airflow/example_dags/example_dag_decorator.py took 0.292 seconds
[2024-10-18T10:58:36.729+0000] {processor.py:186} INFO - Started process (PID=1524) to work on /home/airflow/.local/lib/python3.12/site-packages/airflow/example_dags/example_dag_decorator.py
[2024-10-18T10:58:36.730+0000] {processor.py:914} INFO - Processing file /home/airflow/.local/lib/python3.12/site-packages/airflow/example_dags/example_dag_decorator.py for tasks to queue
[2024-10-18T10:58:36.732+0000] {logging_mixin.py:190} INFO - [2024-10-18T10:58:36.732+0000] {dagbag.py:588} INFO - Filling up the DagBag from /home/airflow/.local/lib/python3.12/site-packages/airflow/example_dags/example_dag_decorator.py
[2024-10-18T10:58:36.742+0000] {processor.py:925} INFO - DAG(s) 'example_dag_decorator' retrieved from /home/airflow/.local/lib/python3.12/site-packages/airflow/example_dags/example_dag_decorator.py
[2024-10-18T10:58:36.848+0000] {logging_mixin.py:190} INFO - [2024-10-18T10:58:36.848+0000] {dag.py:3239} INFO - Sync 1 DAGs
[2024-10-18T10:58:36.859+0000] {logging_mixin.py:190} INFO - [2024-10-18T10:58:36.859+0000] {dag.py:4180} INFO - Setting next_dagrun for example_dag_decorator to None, run_after=None
[2024-10-18T10:58:36.895+0000] {processor.py:208} INFO - Processing /home/airflow/.local/lib/python3.12/site-packages/airflow/example_dags/example_dag_decorator.py took 0.170 seconds
[2024-10-18T10:59:07.043+0000] {processor.py:186} INFO - Started process (PID=1809) to work on /home/airflow/.local/lib/python3.12/site-packages/airflow/example_dags/example_dag_decorator.py
[2024-10-18T10:59:07.044+0000] {processor.py:914} INFO - Processing file /home/airflow/.local/lib/python3.12/site-packages/airflow/example_dags/example_dag_decorator.py for tasks to queue
[2024-10-18T10:59:07.047+0000] {logging_mixin.py:190} INFO - [2024-10-18T10:59:07.046+0000] {dagbag.py:588} INFO - Filling up the DagBag from /home/airflow/.local/lib/python3.12/site-packages/airflow/example_dags/example_dag_decorator.py
[2024-10-18T10:59:07.058+0000] {processor.py:925} INFO - DAG(s) 'example_dag_decorator' retrieved from /home/airflow/.local/lib/python3.12/site-packages/airflow/example_dags/example_dag_decorator.py
[2024-10-18T10:59:07.174+0000] {logging_mixin.py:190} INFO - [2024-10-18T10:59:07.174+0000] {dag.py:3239} INFO - Sync 1 DAGs
[2024-10-18T10:59:07.186+0000] {logging_mixin.py:190} INFO - [2024-10-18T10:59:07.186+0000] {dag.py:4180} INFO - Setting next_dagrun for example_dag_decorator to None, run_after=None
[2024-10-18T10:59:07.208+0000] {processor.py:208} INFO - Processing /home/airflow/.local/lib/python3.12/site-packages/airflow/example_dags/example_dag_decorator.py took 0.171 seconds
[2024-10-18T10:59:37.417+0000] {processor.py:186} INFO - Started process (PID=2093) to work on /home/airflow/.local/lib/python3.12/site-packages/airflow/example_dags/example_dag_decorator.py
[2024-10-18T10:59:37.418+0000] {processor.py:914} INFO - Processing file /home/airflow/.local/lib/python3.12/site-packages/airflow/example_dags/example_dag_decorator.py for tasks to queue
[2024-10-18T10:59:37.420+0000] {logging_mixin.py:190} INFO - [2024-10-18T10:59:37.420+0000] {dagbag.py:588} INFO - Filling up the DagBag from /home/airflow/.local/lib/python3.12/site-packages/airflow/example_dags/example_dag_decorator.py
[2024-10-18T10:59:37.431+0000] {processor.py:925} INFO - DAG(s) 'example_dag_decorator' retrieved from /home/airflow/.local/lib/python3.12/site-packages/airflow/example_dags/example_dag_decorator.py
[2024-10-18T10:59:37.547+0000] {logging_mixin.py:190} INFO - [2024-10-18T10:59:37.546+0000] {dag.py:3239} INFO - Sync 1 DAGs
[2024-10-18T10:59:37.559+0000] {logging_mixin.py:190} INFO - [2024-10-18T10:59:37.559+0000] {dag.py:4180} INFO - Setting next_dagrun for example_dag_decorator to None, run_after=None
[2024-10-18T10:59:37.583+0000] {processor.py:208} INFO - Processing /home/airflow/.local/lib/python3.12/site-packages/airflow/example_dags/example_dag_decorator.py took 0.172 seconds
[2024-10-18T11:00:07.732+0000] {processor.py:186} INFO - Started process (PID=2379) to work on /home/airflow/.local/lib/python3.12/site-packages/airflow/example_dags/example_dag_decorator.py
[2024-10-18T11:00:07.733+0000] {processor.py:914} INFO - Processing file /home/airflow/.local/lib/python3.12/site-packages/airflow/example_dags/example_dag_decorator.py for tasks to queue
[2024-10-18T11:00:07.735+0000] {logging_mixin.py:190} INFO - [2024-10-18T11:00:07.735+0000] {dagbag.py:588} INFO - Filling up the DagBag from /home/airflow/.local/lib/python3.12/site-packages/airflow/example_dags/example_dag_decorator.py
[2024-10-18T11:00:07.745+0000] {processor.py:925} INFO - DAG(s) 'example_dag_decorator' retrieved from /home/airflow/.local/lib/python3.12/site-packages/airflow/example_dags/example_dag_decorator.py
[2024-10-18T11:00:07.846+0000] {logging_mixin.py:190} INFO - [2024-10-18T11:00:07.845+0000] {dag.py:3239} INFO - Sync 1 DAGs
[2024-10-18T11:00:07.857+0000] {logging_mixin.py:190} INFO - [2024-10-18T11:00:07.857+0000] {dag.py:4180} INFO - Setting next_dagrun for example_dag_decorator to None, run_after=None
[2024-10-18T11:00:07.879+0000] {processor.py:208} INFO - Processing /home/airflow/.local/lib/python3.12/site-packages/airflow/example_dags/example_dag_decorator.py took 0.151 seconds
[2024-10-18T11:00:38.249+0000] {processor.py:186} INFO - Started process (PID=2665) to work on /home/airflow/.local/lib/python3.12/site-packages/airflow/example_dags/example_dag_decorator.py
[2024-10-18T11:00:38.250+0000] {processor.py:914} INFO - Processing file /home/airflow/.local/lib/python3.12/site-packages/airflow/example_dags/example_dag_decorator.py for tasks to queue
[2024-10-18T11:00:38.252+0000] {logging_mixin.py:190} INFO - [2024-10-18T11:00:38.251+0000] {dagbag.py:588} INFO - Filling up the DagBag from /home/airflow/.local/lib/python3.12/site-packages/airflow/example_dags/example_dag_decorator.py
[2024-10-18T11:00:38.262+0000] {processor.py:925} INFO - DAG(s) 'example_dag_decorator' retrieved from /home/airflow/.local/lib/python3.12/site-packages/airflow/example_dags/example_dag_decorator.py
[2024-10-18T11:00:38.369+0000] {logging_mixin.py:190} INFO - [2024-10-18T11:00:38.369+0000] {dag.py:3239} INFO - Sync 1 DAGs
[2024-10-18T11:00:38.382+0000] {logging_mixin.py:190} INFO - [2024-10-18T11:00:38.382+0000] {dag.py:4180} INFO - Setting next_dagrun for example_dag_decorator to None, run_after=None
[2024-10-18T11:00:38.404+0000] {processor.py:208} INFO - Processing /home/airflow/.local/lib/python3.12/site-packages/airflow/example_dags/example_dag_decorator.py took 0.160 seconds
[2024-10-18T11:01:08.796+0000] {processor.py:186} INFO - Started process (PID=2951) to work on /home/airflow/.local/lib/python3.12/site-packages/airflow/example_dags/example_dag_decorator.py
[2024-10-18T11:01:08.796+0000] {processor.py:914} INFO - Processing file /home/airflow/.local/lib/python3.12/site-packages/airflow/example_dags/example_dag_decorator.py for tasks to queue
[2024-10-18T11:01:08.798+0000] {logging_mixin.py:190} INFO - [2024-10-18T11:01:08.798+0000] {dagbag.py:588} INFO - Filling up the DagBag from /home/airflow/.local/lib/python3.12/site-packages/airflow/example_dags/example_dag_decorator.py
[2024-10-18T11:01:08.808+0000] {processor.py:925} INFO - DAG(s) 'example_dag_decorator' retrieved from /home/airflow/.local/lib/python3.12/site-packages/airflow/example_dags/example_dag_decorator.py
[2024-10-18T11:01:08.909+0000] {logging_mixin.py:190} INFO - [2024-10-18T11:01:08.909+0000] {dag.py:3239} INFO - Sync 1 DAGs
[2024-10-18T11:01:08.920+0000] {logging_mixin.py:190} INFO - [2024-10-18T11:01:08.919+0000] {dag.py:4180} INFO - Setting next_dagrun for example_dag_decorator to None, run_after=None
[2024-10-18T11:01:08.940+0000] {processor.py:208} INFO - Processing /home/airflow/.local/lib/python3.12/site-packages/airflow/example_dags/example_dag_decorator.py took 0.149 seconds
[2024-10-18T11:01:39.158+0000] {processor.py:186} INFO - Started process (PID=3237) to work on /home/airflow/.local/lib/python3.12/site-packages/airflow/example_dags/example_dag_decorator.py
[2024-10-18T11:01:39.160+0000] {processor.py:914} INFO - Processing file /home/airflow/.local/lib/python3.12/site-packages/airflow/example_dags/example_dag_decorator.py for tasks to queue
[2024-10-18T11:01:39.164+0000] {logging_mixin.py:190} INFO - [2024-10-18T11:01:39.163+0000] {dagbag.py:588} INFO - Filling up the DagBag from /home/airflow/.local/lib/python3.12/site-packages/airflow/example_dags/example_dag_decorator.py
[2024-10-18T11:01:39.175+0000] {processor.py:925} INFO - DAG(s) 'example_dag_decorator' retrieved from /home/airflow/.local/lib/python3.12/site-packages/airflow/example_dags/example_dag_decorator.py
[2024-10-18T11:01:39.318+0000] {logging_mixin.py:190} INFO - [2024-10-18T11:01:39.317+0000] {dag.py:3239} INFO - Sync 1 DAGs
[2024-10-18T11:01:39.341+0000] {logging_mixin.py:190} INFO - [2024-10-18T11:01:39.341+0000] {dag.py:4180} INFO - Setting next_dagrun for example_dag_decorator to None, run_after=None
[2024-10-18T11:01:39.364+0000] {processor.py:208} INFO - Processing /home/airflow/.local/lib/python3.12/site-packages/airflow/example_dags/example_dag_decorator.py took 0.213 seconds
[2024-10-18T11:02:09.748+0000] {processor.py:186} INFO - Started process (PID=3523) to work on /home/airflow/.local/lib/python3.12/site-packages/airflow/example_dags/example_dag_decorator.py
[2024-10-18T11:02:09.749+0000] {processor.py:914} INFO - Processing file /home/airflow/.local/lib/python3.12/site-packages/airflow/example_dags/example_dag_decorator.py for tasks to queue
[2024-10-18T11:02:09.751+0000] {logging_mixin.py:190} INFO - [2024-10-18T11:02:09.751+0000] {dagbag.py:588} INFO - Filling up the DagBag from /home/airflow/.local/lib/python3.12/site-packages/airflow/example_dags/example_dag_decorator.py
[2024-10-18T11:02:09.761+0000] {processor.py:925} INFO - DAG(s) 'example_dag_decorator' retrieved from /home/airflow/.local/lib/python3.12/site-packages/airflow/example_dags/example_dag_decorator.py
[2024-10-18T11:02:09.855+0000] {logging_mixin.py:190} INFO - [2024-10-18T11:02:09.855+0000] {dag.py:3239} INFO - Sync 1 DAGs
[2024-10-18T11:02:09.867+0000] {logging_mixin.py:190} INFO - [2024-10-18T11:02:09.867+0000] {dag.py:4180} INFO - Setting next_dagrun for example_dag_decorator to None, run_after=None
[2024-10-18T11:02:09.887+0000] {processor.py:208} INFO - Processing /home/airflow/.local/lib/python3.12/site-packages/airflow/example_dags/example_dag_decorator.py took 0.143 seconds
[2024-10-18T11:02:40.019+0000] {processor.py:186} INFO - Started process (PID=3809) to work on /home/airflow/.local/lib/python3.12/site-packages/airflow/example_dags/example_dag_decorator.py
[2024-10-18T11:02:40.020+0000] {processor.py:914} INFO - Processing file /home/airflow/.local/lib/python3.12/site-packages/airflow/example_dags/example_dag_decorator.py for tasks to queue
[2024-10-18T11:02:40.024+0000] {logging_mixin.py:190} INFO - [2024-10-18T11:02:40.023+0000] {dagbag.py:588} INFO - Filling up the DagBag from /home/airflow/.local/lib/python3.12/site-packages/airflow/example_dags/example_dag_decorator.py
[2024-10-18T11:02:40.035+0000] {processor.py:925} INFO - DAG(s) 'example_dag_decorator' retrieved from /home/airflow/.local/lib/python3.12/site-packages/airflow/example_dags/example_dag_decorator.py
[2024-10-18T11:02:40.166+0000] {logging_mixin.py:190} INFO - [2024-10-18T11:02:40.165+0000] {dag.py:3239} INFO - Sync 1 DAGs
[2024-10-18T11:02:40.184+0000] {logging_mixin.py:190} INFO - [2024-10-18T11:02:40.183+0000] {dag.py:4180} INFO - Setting next_dagrun for example_dag_decorator to None, run_after=None
[2024-10-18T11:02:40.208+0000] {processor.py:208} INFO - Processing /home/airflow/.local/lib/python3.12/site-packages/airflow/example_dags/example_dag_decorator.py took 0.196 seconds
[2024-10-18T11:03:10.580+0000] {processor.py:186} INFO - Started process (PID=4095) to work on /home/airflow/.local/lib/python3.12/site-packages/airflow/example_dags/example_dag_decorator.py
[2024-10-18T11:03:10.581+0000] {processor.py:914} INFO - Processing file /home/airflow/.local/lib/python3.12/site-packages/airflow/example_dags/example_dag_decorator.py for tasks to queue
[2024-10-18T11:03:10.582+0000] {logging_mixin.py:190} INFO - [2024-10-18T11:03:10.582+0000] {dagbag.py:588} INFO - Filling up the DagBag from /home/airflow/.local/lib/python3.12/site-packages/airflow/example_dags/example_dag_decorator.py
[2024-10-18T11:03:10.592+0000] {processor.py:925} INFO - DAG(s) 'example_dag_decorator' retrieved from /home/airflow/.local/lib/python3.12/site-packages/airflow/example_dags/example_dag_decorator.py
[2024-10-18T11:03:10.613+0000] {logging_mixin.py:190} INFO - [2024-10-18T11:03:10.613+0000] {dag.py:3239} INFO - Sync 1 DAGs
[2024-10-18T11:03:10.626+0000] {logging_mixin.py:190} INFO - [2024-10-18T11:03:10.626+0000] {dag.py:4180} INFO - Setting next_dagrun for example_dag_decorator to None, run_after=None
[2024-10-18T11:03:10.647+0000] {processor.py:208} INFO - Processing /home/airflow/.local/lib/python3.12/site-packages/airflow/example_dags/example_dag_decorator.py took 0.071 seconds
[2024-10-18T11:03:40.899+0000] {processor.py:186} INFO - Started process (PID=4378) to work on /home/airflow/.local/lib/python3.12/site-packages/airflow/example_dags/example_dag_decorator.py
[2024-10-18T11:03:40.900+0000] {processor.py:914} INFO - Processing file /home/airflow/.local/lib/python3.12/site-packages/airflow/example_dags/example_dag_decorator.py for tasks to queue
[2024-10-18T11:03:40.902+0000] {logging_mixin.py:190} INFO - [2024-10-18T11:03:40.902+0000] {dagbag.py:588} INFO - Filling up the DagBag from /home/airflow/.local/lib/python3.12/site-packages/airflow/example_dags/example_dag_decorator.py
[2024-10-18T11:03:40.912+0000] {processor.py:925} INFO - DAG(s) 'example_dag_decorator' retrieved from /home/airflow/.local/lib/python3.12/site-packages/airflow/example_dags/example_dag_decorator.py
[2024-10-18T11:03:41.008+0000] {logging_mixin.py:190} INFO - [2024-10-18T11:03:41.007+0000] {dag.py:3239} INFO - Sync 1 DAGs
[2024-10-18T11:03:41.018+0000] {logging_mixin.py:190} INFO - [2024-10-18T11:03:41.018+0000] {dag.py:4180} INFO - Setting next_dagrun for example_dag_decorator to None, run_after=None
[2024-10-18T11:03:41.040+0000] {processor.py:208} INFO - Processing /home/airflow/.local/lib/python3.12/site-packages/airflow/example_dags/example_dag_decorator.py took 0.146 seconds
[2024-10-18T11:04:11.196+0000] {processor.py:186} INFO - Started process (PID=4664) to work on /home/airflow/.local/lib/python3.12/site-packages/airflow/example_dags/example_dag_decorator.py
[2024-10-18T11:04:11.197+0000] {processor.py:914} INFO - Processing file /home/airflow/.local/lib/python3.12/site-packages/airflow/example_dags/example_dag_decorator.py for tasks to queue
[2024-10-18T11:04:11.200+0000] {logging_mixin.py:190} INFO - [2024-10-18T11:04:11.199+0000] {dagbag.py:588} INFO - Filling up the DagBag from /home/airflow/.local/lib/python3.12/site-packages/airflow/example_dags/example_dag_decorator.py
[2024-10-18T11:04:11.210+0000] {processor.py:925} INFO - DAG(s) 'example_dag_decorator' retrieved from /home/airflow/.local/lib/python3.12/site-packages/airflow/example_dags/example_dag_decorator.py
[2024-10-18T11:04:11.313+0000] {logging_mixin.py:190} INFO - [2024-10-18T11:04:11.313+0000] {dag.py:3239} INFO - Sync 1 DAGs
[2024-10-18T11:04:11.324+0000] {logging_mixin.py:190} INFO - [2024-10-18T11:04:11.324+0000] {dag.py:4180} INFO - Setting next_dagrun for example_dag_decorator to None, run_after=None
[2024-10-18T11:04:11.346+0000] {processor.py:208} INFO - Processing /home/airflow/.local/lib/python3.12/site-packages/airflow/example_dags/example_dag_decorator.py took 0.154 seconds
[2024-10-18T11:04:41.464+0000] {processor.py:186} INFO - Started process (PID=4950) to work on /home/airflow/.local/lib/python3.12/site-packages/airflow/example_dags/example_dag_decorator.py
[2024-10-18T11:04:41.465+0000] {processor.py:914} INFO - Processing file /home/airflow/.local/lib/python3.12/site-packages/airflow/example_dags/example_dag_decorator.py for tasks to queue
[2024-10-18T11:04:41.467+0000] {logging_mixin.py:190} INFO - [2024-10-18T11:04:41.466+0000] {dagbag.py:588} INFO - Filling up the DagBag from /home/airflow/.local/lib/python3.12/site-packages/airflow/example_dags/example_dag_decorator.py
[2024-10-18T11:04:41.476+0000] {processor.py:925} INFO - DAG(s) 'example_dag_decorator' retrieved from /home/airflow/.local/lib/python3.12/site-packages/airflow/example_dags/example_dag_decorator.py
[2024-10-18T11:04:41.579+0000] {logging_mixin.py:190} INFO - [2024-10-18T11:04:41.578+0000] {dag.py:3239} INFO - Sync 1 DAGs
[2024-10-18T11:04:41.590+0000] {logging_mixin.py:190} INFO - [2024-10-18T11:04:41.590+0000] {dag.py:4180} INFO - Setting next_dagrun for example_dag_decorator to None, run_after=None
[2024-10-18T11:04:41.612+0000] {processor.py:208} INFO - Processing /home/airflow/.local/lib/python3.12/site-packages/airflow/example_dags/example_dag_decorator.py took 0.153 seconds
[2024-10-18T11:05:11.761+0000] {processor.py:186} INFO - Started process (PID=5234) to work on /home/airflow/.local/lib/python3.12/site-packages/airflow/example_dags/example_dag_decorator.py
[2024-10-18T11:05:11.762+0000] {processor.py:914} INFO - Processing file /home/airflow/.local/lib/python3.12/site-packages/airflow/example_dags/example_dag_decorator.py for tasks to queue
[2024-10-18T11:05:11.764+0000] {logging_mixin.py:190} INFO - [2024-10-18T11:05:11.764+0000] {dagbag.py:588} INFO - Filling up the DagBag from /home/airflow/.local/lib/python3.12/site-packages/airflow/example_dags/example_dag_decorator.py
[2024-10-18T11:05:11.774+0000] {processor.py:925} INFO - DAG(s) 'example_dag_decorator' retrieved from /home/airflow/.local/lib/python3.12/site-packages/airflow/example_dags/example_dag_decorator.py
[2024-10-18T11:05:11.877+0000] {logging_mixin.py:190} INFO - [2024-10-18T11:05:11.877+0000] {dag.py:3239} INFO - Sync 1 DAGs
[2024-10-18T11:05:11.888+0000] {logging_mixin.py:190} INFO - [2024-10-18T11:05:11.888+0000] {dag.py:4180} INFO - Setting next_dagrun for example_dag_decorator to None, run_after=None
[2024-10-18T11:05:11.910+0000] {processor.py:208} INFO - Processing /home/airflow/.local/lib/python3.12/site-packages/airflow/example_dags/example_dag_decorator.py took 0.153 seconds
[2024-10-18T11:05:42.113+0000] {processor.py:186} INFO - Started process (PID=5522) to work on /home/airflow/.local/lib/python3.12/site-packages/airflow/example_dags/example_dag_decorator.py
[2024-10-18T11:05:42.114+0000] {processor.py:914} INFO - Processing file /home/airflow/.local/lib/python3.12/site-packages/airflow/example_dags/example_dag_decorator.py for tasks to queue
[2024-10-18T11:05:42.116+0000] {logging_mixin.py:190} INFO - [2024-10-18T11:05:42.116+0000] {dagbag.py:588} INFO - Filling up the DagBag from /home/airflow/.local/lib/python3.12/site-packages/airflow/example_dags/example_dag_decorator.py
[2024-10-18T11:05:42.127+0000] {processor.py:925} INFO - DAG(s) 'example_dag_decorator' retrieved from /home/airflow/.local/lib/python3.12/site-packages/airflow/example_dags/example_dag_decorator.py
[2024-10-18T11:05:42.232+0000] {logging_mixin.py:190} INFO - [2024-10-18T11:05:42.232+0000] {dag.py:3239} INFO - Sync 1 DAGs
[2024-10-18T11:05:42.243+0000] {logging_mixin.py:190} INFO - [2024-10-18T11:05:42.243+0000] {dag.py:4180} INFO - Setting next_dagrun for example_dag_decorator to None, run_after=None
[2024-10-18T11:05:42.263+0000] {processor.py:208} INFO - Processing /home/airflow/.local/lib/python3.12/site-packages/airflow/example_dags/example_dag_decorator.py took 0.154 seconds
[2024-10-18T11:06:12.545+0000] {processor.py:186} INFO - Started process (PID=5816) to work on /home/airflow/.local/lib/python3.12/site-packages/airflow/example_dags/example_dag_decorator.py
[2024-10-18T11:06:12.547+0000] {processor.py:914} INFO - Processing file /home/airflow/.local/lib/python3.12/site-packages/airflow/example_dags/example_dag_decorator.py for tasks to queue
[2024-10-18T11:06:12.549+0000] {logging_mixin.py:190} INFO - [2024-10-18T11:06:12.549+0000] {dagbag.py:588} INFO - Filling up the DagBag from /home/airflow/.local/lib/python3.12/site-packages/airflow/example_dags/example_dag_decorator.py
[2024-10-18T11:06:12.559+0000] {processor.py:925} INFO - DAG(s) 'example_dag_decorator' retrieved from /home/airflow/.local/lib/python3.12/site-packages/airflow/example_dags/example_dag_decorator.py
[2024-10-18T11:06:12.656+0000] {logging_mixin.py:190} INFO - [2024-10-18T11:06:12.656+0000] {dag.py:3239} INFO - Sync 1 DAGs
[2024-10-18T11:06:12.667+0000] {logging_mixin.py:190} INFO - [2024-10-18T11:06:12.667+0000] {dag.py:4180} INFO - Setting next_dagrun for example_dag_decorator to None, run_after=None
[2024-10-18T11:06:12.689+0000] {processor.py:208} INFO - Processing /home/airflow/.local/lib/python3.12/site-packages/airflow/example_dags/example_dag_decorator.py took 0.148 seconds
[2024-10-18T11:06:42.866+0000] {processor.py:186} INFO - Started process (PID=6094) to work on /home/airflow/.local/lib/python3.12/site-packages/airflow/example_dags/example_dag_decorator.py
[2024-10-18T11:06:42.867+0000] {processor.py:914} INFO - Processing file /home/airflow/.local/lib/python3.12/site-packages/airflow/example_dags/example_dag_decorator.py for tasks to queue
[2024-10-18T11:06:42.869+0000] {logging_mixin.py:190} INFO - [2024-10-18T11:06:42.869+0000] {dagbag.py:588} INFO - Filling up the DagBag from /home/airflow/.local/lib/python3.12/site-packages/airflow/example_dags/example_dag_decorator.py
[2024-10-18T11:06:42.878+0000] {processor.py:925} INFO - DAG(s) 'example_dag_decorator' retrieved from /home/airflow/.local/lib/python3.12/site-packages/airflow/example_dags/example_dag_decorator.py
[2024-10-18T11:06:42.986+0000] {logging_mixin.py:190} INFO - [2024-10-18T11:06:42.986+0000] {dag.py:3239} INFO - Sync 1 DAGs
[2024-10-18T11:06:42.997+0000] {logging_mixin.py:190} INFO - [2024-10-18T11:06:42.997+0000] {dag.py:4180} INFO - Setting next_dagrun for example_dag_decorator to None, run_after=None
[2024-10-18T11:06:43.016+0000] {processor.py:208} INFO - Processing /home/airflow/.local/lib/python3.12/site-packages/airflow/example_dags/example_dag_decorator.py took 0.156 seconds
[2024-10-18T11:07:13.071+0000] {processor.py:186} INFO - Started process (PID=6383) to work on /home/airflow/.local/lib/python3.12/site-packages/airflow/example_dags/example_dag_decorator.py
[2024-10-18T11:07:13.072+0000] {processor.py:914} INFO - Processing file /home/airflow/.local/lib/python3.12/site-packages/airflow/example_dags/example_dag_decorator.py for tasks to queue
[2024-10-18T11:07:13.075+0000] {logging_mixin.py:190} INFO - [2024-10-18T11:07:13.075+0000] {dagbag.py:588} INFO - Filling up the DagBag from /home/airflow/.local/lib/python3.12/site-packages/airflow/example_dags/example_dag_decorator.py
[2024-10-18T11:07:13.086+0000] {processor.py:925} INFO - DAG(s) 'example_dag_decorator' retrieved from /home/airflow/.local/lib/python3.12/site-packages/airflow/example_dags/example_dag_decorator.py
[2024-10-18T11:07:13.214+0000] {logging_mixin.py:190} INFO - [2024-10-18T11:07:13.213+0000] {dag.py:3239} INFO - Sync 1 DAGs
[2024-10-18T11:07:13.231+0000] {logging_mixin.py:190} INFO - [2024-10-18T11:07:13.230+0000] {dag.py:4180} INFO - Setting next_dagrun for example_dag_decorator to None, run_after=None
[2024-10-18T11:07:13.255+0000] {processor.py:208} INFO - Processing /home/airflow/.local/lib/python3.12/site-packages/airflow/example_dags/example_dag_decorator.py took 0.189 seconds
[2024-10-18T11:07:43.465+0000] {processor.py:186} INFO - Started process (PID=6666) to work on /home/airflow/.local/lib/python3.12/site-packages/airflow/example_dags/example_dag_decorator.py
[2024-10-18T11:07:43.466+0000] {processor.py:914} INFO - Processing file /home/airflow/.local/lib/python3.12/site-packages/airflow/example_dags/example_dag_decorator.py for tasks to queue
[2024-10-18T11:07:43.468+0000] {logging_mixin.py:190} INFO - [2024-10-18T11:07:43.468+0000] {dagbag.py:588} INFO - Filling up the DagBag from /home/airflow/.local/lib/python3.12/site-packages/airflow/example_dags/example_dag_decorator.py
[2024-10-18T11:07:43.478+0000] {processor.py:925} INFO - DAG(s) 'example_dag_decorator' retrieved from /home/airflow/.local/lib/python3.12/site-packages/airflow/example_dags/example_dag_decorator.py
[2024-10-18T11:07:43.580+0000] {logging_mixin.py:190} INFO - [2024-10-18T11:07:43.580+0000] {dag.py:3239} INFO - Sync 1 DAGs
[2024-10-18T11:07:43.592+0000] {logging_mixin.py:190} INFO - [2024-10-18T11:07:43.592+0000] {dag.py:4180} INFO - Setting next_dagrun for example_dag_decorator to None, run_after=None
[2024-10-18T11:07:43.610+0000] {processor.py:208} INFO - Processing /home/airflow/.local/lib/python3.12/site-packages/airflow/example_dags/example_dag_decorator.py took 0.151 seconds
[2024-10-18T11:08:13.723+0000] {processor.py:186} INFO - Started process (PID=6952) to work on /home/airflow/.local/lib/python3.12/site-packages/airflow/example_dags/example_dag_decorator.py
[2024-10-18T11:08:13.724+0000] {processor.py:914} INFO - Processing file /home/airflow/.local/lib/python3.12/site-packages/airflow/example_dags/example_dag_decorator.py for tasks to queue
[2024-10-18T11:08:13.726+0000] {logging_mixin.py:190} INFO - [2024-10-18T11:08:13.726+0000] {dagbag.py:588} INFO - Filling up the DagBag from /home/airflow/.local/lib/python3.12/site-packages/airflow/example_dags/example_dag_decorator.py
[2024-10-18T11:08:13.738+0000] {processor.py:925} INFO - DAG(s) 'example_dag_decorator' retrieved from /home/airflow/.local/lib/python3.12/site-packages/airflow/example_dags/example_dag_decorator.py
[2024-10-18T11:08:13.838+0000] {logging_mixin.py:190} INFO - [2024-10-18T11:08:13.838+0000] {dag.py:3239} INFO - Sync 1 DAGs
[2024-10-18T11:08:13.849+0000] {logging_mixin.py:190} INFO - [2024-10-18T11:08:13.848+0000] {dag.py:4180} INFO - Setting next_dagrun for example_dag_decorator to None, run_after=None
[2024-10-18T11:08:13.866+0000] {processor.py:208} INFO - Processing /home/airflow/.local/lib/python3.12/site-packages/airflow/example_dags/example_dag_decorator.py took 0.149 seconds
[2024-10-18T11:08:44.069+0000] {processor.py:186} INFO - Started process (PID=7238) to work on /home/airflow/.local/lib/python3.12/site-packages/airflow/example_dags/example_dag_decorator.py
[2024-10-18T11:08:44.070+0000] {processor.py:914} INFO - Processing file /home/airflow/.local/lib/python3.12/site-packages/airflow/example_dags/example_dag_decorator.py for tasks to queue
[2024-10-18T11:08:44.072+0000] {logging_mixin.py:190} INFO - [2024-10-18T11:08:44.071+0000] {dagbag.py:588} INFO - Filling up the DagBag from /home/airflow/.local/lib/python3.12/site-packages/airflow/example_dags/example_dag_decorator.py
[2024-10-18T11:08:44.082+0000] {processor.py:925} INFO - DAG(s) 'example_dag_decorator' retrieved from /home/airflow/.local/lib/python3.12/site-packages/airflow/example_dags/example_dag_decorator.py
[2024-10-18T11:08:44.182+0000] {logging_mixin.py:190} INFO - [2024-10-18T11:08:44.182+0000] {dag.py:3239} INFO - Sync 1 DAGs
[2024-10-18T11:08:44.193+0000] {logging_mixin.py:190} INFO - [2024-10-18T11:08:44.193+0000] {dag.py:4180} INFO - Setting next_dagrun for example_dag_decorator to None, run_after=None
[2024-10-18T11:08:44.215+0000] {processor.py:208} INFO - Processing /home/airflow/.local/lib/python3.12/site-packages/airflow/example_dags/example_dag_decorator.py took 0.151 seconds
[2024-10-18T11:09:14.362+0000] {processor.py:186} INFO - Started process (PID=7522) to work on /home/airflow/.local/lib/python3.12/site-packages/airflow/example_dags/example_dag_decorator.py
[2024-10-18T11:09:14.363+0000] {processor.py:914} INFO - Processing file /home/airflow/.local/lib/python3.12/site-packages/airflow/example_dags/example_dag_decorator.py for tasks to queue
[2024-10-18T11:09:14.365+0000] {logging_mixin.py:190} INFO - [2024-10-18T11:09:14.364+0000] {dagbag.py:588} INFO - Filling up the DagBag from /home/airflow/.local/lib/python3.12/site-packages/airflow/example_dags/example_dag_decorator.py
[2024-10-18T11:09:14.374+0000] {processor.py:925} INFO - DAG(s) 'example_dag_decorator' retrieved from /home/airflow/.local/lib/python3.12/site-packages/airflow/example_dags/example_dag_decorator.py
[2024-10-18T11:09:14.475+0000] {logging_mixin.py:190} INFO - [2024-10-18T11:09:14.475+0000] {dag.py:3239} INFO - Sync 1 DAGs
[2024-10-18T11:09:14.487+0000] {logging_mixin.py:190} INFO - [2024-10-18T11:09:14.486+0000] {dag.py:4180} INFO - Setting next_dagrun for example_dag_decorator to None, run_after=None
[2024-10-18T11:09:14.508+0000] {processor.py:208} INFO - Processing /home/airflow/.local/lib/python3.12/site-packages/airflow/example_dags/example_dag_decorator.py took 0.151 seconds
[2024-10-18T11:09:44.695+0000] {processor.py:186} INFO - Started process (PID=7810) to work on /home/airflow/.local/lib/python3.12/site-packages/airflow/example_dags/example_dag_decorator.py
[2024-10-18T11:09:44.696+0000] {processor.py:914} INFO - Processing file /home/airflow/.local/lib/python3.12/site-packages/airflow/example_dags/example_dag_decorator.py for tasks to queue
[2024-10-18T11:09:44.698+0000] {logging_mixin.py:190} INFO - [2024-10-18T11:09:44.698+0000] {dagbag.py:588} INFO - Filling up the DagBag from /home/airflow/.local/lib/python3.12/site-packages/airflow/example_dags/example_dag_decorator.py
[2024-10-18T11:09:44.708+0000] {processor.py:925} INFO - DAG(s) 'example_dag_decorator' retrieved from /home/airflow/.local/lib/python3.12/site-packages/airflow/example_dags/example_dag_decorator.py
[2024-10-18T11:09:44.809+0000] {logging_mixin.py:190} INFO - [2024-10-18T11:09:44.809+0000] {dag.py:3239} INFO - Sync 1 DAGs
[2024-10-18T11:09:44.820+0000] {logging_mixin.py:190} INFO - [2024-10-18T11:09:44.820+0000] {dag.py:4180} INFO - Setting next_dagrun for example_dag_decorator to None, run_after=None
[2024-10-18T11:09:44.842+0000] {processor.py:208} INFO - Processing /home/airflow/.local/lib/python3.12/site-packages/airflow/example_dags/example_dag_decorator.py took 0.152 seconds
[2024-10-18T11:10:14.978+0000] {processor.py:186} INFO - Started process (PID=8096) to work on /home/airflow/.local/lib/python3.12/site-packages/airflow/example_dags/example_dag_decorator.py
[2024-10-18T11:10:14.979+0000] {processor.py:914} INFO - Processing file /home/airflow/.local/lib/python3.12/site-packages/airflow/example_dags/example_dag_decorator.py for tasks to queue
[2024-10-18T11:10:14.981+0000] {logging_mixin.py:190} INFO - [2024-10-18T11:10:14.981+0000] {dagbag.py:588} INFO - Filling up the DagBag from /home/airflow/.local/lib/python3.12/site-packages/airflow/example_dags/example_dag_decorator.py
[2024-10-18T11:10:14.991+0000] {processor.py:925} INFO - DAG(s) 'example_dag_decorator' retrieved from /home/airflow/.local/lib/python3.12/site-packages/airflow/example_dags/example_dag_decorator.py
[2024-10-18T11:10:15.091+0000] {logging_mixin.py:190} INFO - [2024-10-18T11:10:15.091+0000] {dag.py:3239} INFO - Sync 1 DAGs
[2024-10-18T11:10:15.102+0000] {logging_mixin.py:190} INFO - [2024-10-18T11:10:15.101+0000] {dag.py:4180} INFO - Setting next_dagrun for example_dag_decorator to None, run_after=None
[2024-10-18T11:10:15.121+0000] {processor.py:208} INFO - Processing /home/airflow/.local/lib/python3.12/site-packages/airflow/example_dags/example_dag_decorator.py took 0.148 seconds
[2024-10-18T11:10:46.761+0000] {processor.py:186} INFO - Started process (PID=8385) to work on /home/airflow/.local/lib/python3.12/site-packages/airflow/example_dags/example_dag_decorator.py
[2024-10-18T11:10:46.762+0000] {processor.py:914} INFO - Processing file /home/airflow/.local/lib/python3.12/site-packages/airflow/example_dags/example_dag_decorator.py for tasks to queue
[2024-10-18T11:10:46.764+0000] {logging_mixin.py:190} INFO - [2024-10-18T11:10:46.764+0000] {dagbag.py:588} INFO - Filling up the DagBag from /home/airflow/.local/lib/python3.12/site-packages/airflow/example_dags/example_dag_decorator.py
[2024-10-18T11:10:46.794+0000] {processor.py:925} INFO - DAG(s) 'example_dag_decorator' retrieved from /home/airflow/.local/lib/python3.12/site-packages/airflow/example_dags/example_dag_decorator.py
[2024-10-18T11:10:47.011+0000] {logging_mixin.py:190} INFO - [2024-10-18T11:10:47.011+0000] {dag.py:3239} INFO - Sync 1 DAGs
[2024-10-18T11:10:47.032+0000] {logging_mixin.py:190} INFO - [2024-10-18T11:10:47.032+0000] {dag.py:4180} INFO - Setting next_dagrun for example_dag_decorator to None, run_after=None
[2024-10-18T11:10:47.071+0000] {processor.py:208} INFO - Processing /home/airflow/.local/lib/python3.12/site-packages/airflow/example_dags/example_dag_decorator.py took 0.322 seconds
[2024-10-18T11:11:17.441+0000] {processor.py:186} INFO - Started process (PID=8673) to work on /home/airflow/.local/lib/python3.12/site-packages/airflow/example_dags/example_dag_decorator.py
[2024-10-18T11:11:17.442+0000] {processor.py:914} INFO - Processing file /home/airflow/.local/lib/python3.12/site-packages/airflow/example_dags/example_dag_decorator.py for tasks to queue
[2024-10-18T11:11:17.444+0000] {logging_mixin.py:190} INFO - [2024-10-18T11:11:17.444+0000] {dagbag.py:588} INFO - Filling up the DagBag from /home/airflow/.local/lib/python3.12/site-packages/airflow/example_dags/example_dag_decorator.py
[2024-10-18T11:11:17.454+0000] {processor.py:925} INFO - DAG(s) 'example_dag_decorator' retrieved from /home/airflow/.local/lib/python3.12/site-packages/airflow/example_dags/example_dag_decorator.py
[2024-10-18T11:11:17.558+0000] {logging_mixin.py:190} INFO - [2024-10-18T11:11:17.558+0000] {dag.py:3239} INFO - Sync 1 DAGs
[2024-10-18T11:11:17.570+0000] {logging_mixin.py:190} INFO - [2024-10-18T11:11:17.570+0000] {dag.py:4180} INFO - Setting next_dagrun for example_dag_decorator to None, run_after=None
[2024-10-18T11:11:17.592+0000] {processor.py:208} INFO - Processing /home/airflow/.local/lib/python3.12/site-packages/airflow/example_dags/example_dag_decorator.py took 0.156 seconds
[2024-10-18T11:11:47.781+0000] {processor.py:186} INFO - Started process (PID=8962) to work on /home/airflow/.local/lib/python3.12/site-packages/airflow/example_dags/example_dag_decorator.py
[2024-10-18T11:11:47.782+0000] {processor.py:914} INFO - Processing file /home/airflow/.local/lib/python3.12/site-packages/airflow/example_dags/example_dag_decorator.py for tasks to queue
[2024-10-18T11:11:47.785+0000] {logging_mixin.py:190} INFO - [2024-10-18T11:11:47.784+0000] {dagbag.py:588} INFO - Filling up the DagBag from /home/airflow/.local/lib/python3.12/site-packages/airflow/example_dags/example_dag_decorator.py
[2024-10-18T11:11:47.801+0000] {processor.py:925} INFO - DAG(s) 'example_dag_decorator' retrieved from /home/airflow/.local/lib/python3.12/site-packages/airflow/example_dags/example_dag_decorator.py
[2024-10-18T11:11:47.985+0000] {logging_mixin.py:190} INFO - [2024-10-18T11:11:47.984+0000] {dag.py:3239} INFO - Sync 1 DAGs
[2024-10-18T11:11:48.005+0000] {logging_mixin.py:190} INFO - [2024-10-18T11:11:48.005+0000] {dag.py:4180} INFO - Setting next_dagrun for example_dag_decorator to None, run_after=None
[2024-10-18T11:11:48.036+0000] {processor.py:208} INFO - Processing /home/airflow/.local/lib/python3.12/site-packages/airflow/example_dags/example_dag_decorator.py took 0.264 seconds
[2024-10-18T11:12:18.457+0000] {processor.py:186} INFO - Started process (PID=9248) to work on /home/airflow/.local/lib/python3.12/site-packages/airflow/example_dags/example_dag_decorator.py
[2024-10-18T11:12:18.458+0000] {processor.py:914} INFO - Processing file /home/airflow/.local/lib/python3.12/site-packages/airflow/example_dags/example_dag_decorator.py for tasks to queue
[2024-10-18T11:12:18.460+0000] {logging_mixin.py:190} INFO - [2024-10-18T11:12:18.460+0000] {dagbag.py:588} INFO - Filling up the DagBag from /home/airflow/.local/lib/python3.12/site-packages/airflow/example_dags/example_dag_decorator.py
[2024-10-18T11:12:18.474+0000] {processor.py:925} INFO - DAG(s) 'example_dag_decorator' retrieved from /home/airflow/.local/lib/python3.12/site-packages/airflow/example_dags/example_dag_decorator.py
[2024-10-18T11:12:18.617+0000] {logging_mixin.py:190} INFO - [2024-10-18T11:12:18.617+0000] {dag.py:3239} INFO - Sync 1 DAGs
[2024-10-18T11:12:18.632+0000] {logging_mixin.py:190} INFO - [2024-10-18T11:12:18.631+0000] {dag.py:4180} INFO - Setting next_dagrun for example_dag_decorator to None, run_after=None
[2024-10-18T11:12:18.658+0000] {processor.py:208} INFO - Processing /home/airflow/.local/lib/python3.12/site-packages/airflow/example_dags/example_dag_decorator.py took 0.211 seconds
[2024-10-18T11:12:48.724+0000] {processor.py:186} INFO - Started process (PID=9535) to work on /home/airflow/.local/lib/python3.12/site-packages/airflow/example_dags/example_dag_decorator.py
[2024-10-18T11:12:48.725+0000] {processor.py:914} INFO - Processing file /home/airflow/.local/lib/python3.12/site-packages/airflow/example_dags/example_dag_decorator.py for tasks to queue
[2024-10-18T11:12:48.729+0000] {logging_mixin.py:190} INFO - [2024-10-18T11:12:48.728+0000] {dagbag.py:588} INFO - Filling up the DagBag from /home/airflow/.local/lib/python3.12/site-packages/airflow/example_dags/example_dag_decorator.py
[2024-10-18T11:12:48.742+0000] {processor.py:925} INFO - DAG(s) 'example_dag_decorator' retrieved from /home/airflow/.local/lib/python3.12/site-packages/airflow/example_dags/example_dag_decorator.py
[2024-10-18T11:12:48.911+0000] {logging_mixin.py:190} INFO - [2024-10-18T11:12:48.911+0000] {dag.py:3239} INFO - Sync 1 DAGs
[2024-10-18T11:12:48.927+0000] {logging_mixin.py:190} INFO - [2024-10-18T11:12:48.927+0000] {dag.py:4180} INFO - Setting next_dagrun for example_dag_decorator to None, run_after=None
[2024-10-18T11:12:48.953+0000] {processor.py:208} INFO - Processing /home/airflow/.local/lib/python3.12/site-packages/airflow/example_dags/example_dag_decorator.py took 0.236 seconds
[2024-10-18T11:13:19.051+0000] {processor.py:186} INFO - Started process (PID=9818) to work on /home/airflow/.local/lib/python3.12/site-packages/airflow/example_dags/example_dag_decorator.py
[2024-10-18T11:13:19.052+0000] {processor.py:914} INFO - Processing file /home/airflow/.local/lib/python3.12/site-packages/airflow/example_dags/example_dag_decorator.py for tasks to queue
[2024-10-18T11:13:19.054+0000] {logging_mixin.py:190} INFO - [2024-10-18T11:13:19.054+0000] {dagbag.py:588} INFO - Filling up the DagBag from /home/airflow/.local/lib/python3.12/site-packages/airflow/example_dags/example_dag_decorator.py
[2024-10-18T11:13:19.064+0000] {processor.py:925} INFO - DAG(s) 'example_dag_decorator' retrieved from /home/airflow/.local/lib/python3.12/site-packages/airflow/example_dags/example_dag_decorator.py
[2024-10-18T11:13:19.168+0000] {logging_mixin.py:190} INFO - [2024-10-18T11:13:19.168+0000] {dag.py:3239} INFO - Sync 1 DAGs
[2024-10-18T11:13:19.180+0000] {logging_mixin.py:190} INFO - [2024-10-18T11:13:19.180+0000] {dag.py:4180} INFO - Setting next_dagrun for example_dag_decorator to None, run_after=None
[2024-10-18T11:13:19.200+0000] {processor.py:208} INFO - Processing /home/airflow/.local/lib/python3.12/site-packages/airflow/example_dags/example_dag_decorator.py took 0.154 seconds
[2024-10-18T11:13:50.345+0000] {processor.py:186} INFO - Started process (PID=10107) to work on /home/airflow/.local/lib/python3.12/site-packages/airflow/example_dags/example_dag_decorator.py
[2024-10-18T11:13:50.347+0000] {processor.py:914} INFO - Processing file /home/airflow/.local/lib/python3.12/site-packages/airflow/example_dags/example_dag_decorator.py for tasks to queue
[2024-10-18T11:13:50.351+0000] {logging_mixin.py:190} INFO - [2024-10-18T11:13:50.350+0000] {dagbag.py:588} INFO - Filling up the DagBag from /home/airflow/.local/lib/python3.12/site-packages/airflow/example_dags/example_dag_decorator.py
[2024-10-18T11:13:50.375+0000] {processor.py:925} INFO - DAG(s) 'example_dag_decorator' retrieved from /home/airflow/.local/lib/python3.12/site-packages/airflow/example_dags/example_dag_decorator.py
[2024-10-18T11:13:50.605+0000] {logging_mixin.py:190} INFO - [2024-10-18T11:13:50.604+0000] {dag.py:3239} INFO - Sync 1 DAGs
[2024-10-18T11:13:50.631+0000] {logging_mixin.py:190} INFO - [2024-10-18T11:13:50.631+0000] {dag.py:4180} INFO - Setting next_dagrun for example_dag_decorator to None, run_after=None
[2024-10-18T11:13:50.669+0000] {processor.py:208} INFO - Processing /home/airflow/.local/lib/python3.12/site-packages/airflow/example_dags/example_dag_decorator.py took 0.338 seconds
[2024-10-18T11:14:20.818+0000] {processor.py:186} INFO - Started process (PID=10404) to work on /home/airflow/.local/lib/python3.12/site-packages/airflow/example_dags/example_dag_decorator.py
[2024-10-18T11:14:20.819+0000] {processor.py:914} INFO - Processing file /home/airflow/.local/lib/python3.12/site-packages/airflow/example_dags/example_dag_decorator.py for tasks to queue
[2024-10-18T11:14:20.822+0000] {logging_mixin.py:190} INFO - [2024-10-18T11:14:20.821+0000] {dagbag.py:588} INFO - Filling up the DagBag from /home/airflow/.local/lib/python3.12/site-packages/airflow/example_dags/example_dag_decorator.py
[2024-10-18T11:14:20.833+0000] {processor.py:925} INFO - DAG(s) 'example_dag_decorator' retrieved from /home/airflow/.local/lib/python3.12/site-packages/airflow/example_dags/example_dag_decorator.py
[2024-10-18T11:14:20.943+0000] {logging_mixin.py:190} INFO - [2024-10-18T11:14:20.942+0000] {dag.py:3239} INFO - Sync 1 DAGs
[2024-10-18T11:14:20.962+0000] {logging_mixin.py:190} INFO - [2024-10-18T11:14:20.962+0000] {dag.py:4180} INFO - Setting next_dagrun for example_dag_decorator to None, run_after=None
[2024-10-18T11:14:20.985+0000] {processor.py:208} INFO - Processing /home/airflow/.local/lib/python3.12/site-packages/airflow/example_dags/example_dag_decorator.py took 0.172 seconds
[2024-10-18T11:14:51.452+0000] {processor.py:186} INFO - Started process (PID=10698) to work on /home/airflow/.local/lib/python3.12/site-packages/airflow/example_dags/example_dag_decorator.py
[2024-10-18T11:14:51.453+0000] {processor.py:914} INFO - Processing file /home/airflow/.local/lib/python3.12/site-packages/airflow/example_dags/example_dag_decorator.py for tasks to queue
[2024-10-18T11:14:51.456+0000] {logging_mixin.py:190} INFO - [2024-10-18T11:14:51.455+0000] {dagbag.py:588} INFO - Filling up the DagBag from /home/airflow/.local/lib/python3.12/site-packages/airflow/example_dags/example_dag_decorator.py
[2024-10-18T11:14:51.473+0000] {processor.py:925} INFO - DAG(s) 'example_dag_decorator' retrieved from /home/airflow/.local/lib/python3.12/site-packages/airflow/example_dags/example_dag_decorator.py
[2024-10-18T11:14:51.675+0000] {logging_mixin.py:190} INFO - [2024-10-18T11:14:51.675+0000] {dag.py:3239} INFO - Sync 1 DAGs
[2024-10-18T11:14:51.702+0000] {logging_mixin.py:190} INFO - [2024-10-18T11:14:51.702+0000] {dag.py:4180} INFO - Setting next_dagrun for example_dag_decorator to None, run_after=None
[2024-10-18T11:14:52.011+0000] {processor.py:208} INFO - Processing /home/airflow/.local/lib/python3.12/site-packages/airflow/example_dags/example_dag_decorator.py took 0.568 seconds
[2024-10-18T11:15:22.832+0000] {processor.py:186} INFO - Started process (PID=10989) to work on /home/airflow/.local/lib/python3.12/site-packages/airflow/example_dags/example_dag_decorator.py
[2024-10-18T11:15:22.833+0000] {processor.py:914} INFO - Processing file /home/airflow/.local/lib/python3.12/site-packages/airflow/example_dags/example_dag_decorator.py for tasks to queue
[2024-10-18T11:15:22.835+0000] {logging_mixin.py:190} INFO - [2024-10-18T11:15:22.835+0000] {dagbag.py:588} INFO - Filling up the DagBag from /home/airflow/.local/lib/python3.12/site-packages/airflow/example_dags/example_dag_decorator.py
[2024-10-18T11:15:22.846+0000] {processor.py:925} INFO - DAG(s) 'example_dag_decorator' retrieved from /home/airflow/.local/lib/python3.12/site-packages/airflow/example_dags/example_dag_decorator.py
[2024-10-18T11:15:22.953+0000] {logging_mixin.py:190} INFO - [2024-10-18T11:15:22.952+0000] {dag.py:3239} INFO - Sync 1 DAGs
[2024-10-18T11:15:22.966+0000] {logging_mixin.py:190} INFO - [2024-10-18T11:15:22.966+0000] {dag.py:4180} INFO - Setting next_dagrun for example_dag_decorator to None, run_after=None
[2024-10-18T11:15:22.991+0000] {processor.py:208} INFO - Processing /home/airflow/.local/lib/python3.12/site-packages/airflow/example_dags/example_dag_decorator.py took 0.164 seconds
[2024-10-18T11:15:53.600+0000] {processor.py:186} INFO - Started process (PID=11275) to work on /home/airflow/.local/lib/python3.12/site-packages/airflow/example_dags/example_dag_decorator.py
[2024-10-18T11:15:53.601+0000] {processor.py:914} INFO - Processing file /home/airflow/.local/lib/python3.12/site-packages/airflow/example_dags/example_dag_decorator.py for tasks to queue
[2024-10-18T11:15:53.604+0000] {logging_mixin.py:190} INFO - [2024-10-18T11:15:53.604+0000] {dagbag.py:588} INFO - Filling up the DagBag from /home/airflow/.local/lib/python3.12/site-packages/airflow/example_dags/example_dag_decorator.py
[2024-10-18T11:15:53.616+0000] {processor.py:925} INFO - DAG(s) 'example_dag_decorator' retrieved from /home/airflow/.local/lib/python3.12/site-packages/airflow/example_dags/example_dag_decorator.py
[2024-10-18T11:15:53.767+0000] {logging_mixin.py:190} INFO - [2024-10-18T11:15:53.766+0000] {dag.py:3239} INFO - Sync 1 DAGs
[2024-10-18T11:15:53.790+0000] {logging_mixin.py:190} INFO - [2024-10-18T11:15:53.789+0000] {dag.py:4180} INFO - Setting next_dagrun for example_dag_decorator to None, run_after=None
[2024-10-18T11:15:53.828+0000] {processor.py:208} INFO - Processing /home/airflow/.local/lib/python3.12/site-packages/airflow/example_dags/example_dag_decorator.py took 0.234 seconds
[2024-10-18T11:16:23.957+0000] {processor.py:186} INFO - Started process (PID=11557) to work on /home/airflow/.local/lib/python3.12/site-packages/airflow/example_dags/example_dag_decorator.py
[2024-10-18T11:16:23.958+0000] {processor.py:914} INFO - Processing file /home/airflow/.local/lib/python3.12/site-packages/airflow/example_dags/example_dag_decorator.py for tasks to queue
[2024-10-18T11:16:23.961+0000] {logging_mixin.py:190} INFO - [2024-10-18T11:16:23.960+0000] {dagbag.py:588} INFO - Filling up the DagBag from /home/airflow/.local/lib/python3.12/site-packages/airflow/example_dags/example_dag_decorator.py
[2024-10-18T11:16:23.972+0000] {processor.py:925} INFO - DAG(s) 'example_dag_decorator' retrieved from /home/airflow/.local/lib/python3.12/site-packages/airflow/example_dags/example_dag_decorator.py
[2024-10-18T11:16:24.079+0000] {logging_mixin.py:190} INFO - [2024-10-18T11:16:24.078+0000] {dag.py:3239} INFO - Sync 1 DAGs
[2024-10-18T11:16:24.092+0000] {logging_mixin.py:190} INFO - [2024-10-18T11:16:24.092+0000] {dag.py:4180} INFO - Setting next_dagrun for example_dag_decorator to None, run_after=None
[2024-10-18T11:16:24.113+0000] {processor.py:208} INFO - Processing /home/airflow/.local/lib/python3.12/site-packages/airflow/example_dags/example_dag_decorator.py took 0.163 seconds
[2024-10-18T11:16:54.646+0000] {processor.py:186} INFO - Started process (PID=11888) to work on /home/airflow/.local/lib/python3.12/site-packages/airflow/example_dags/example_dag_decorator.py
[2024-10-18T11:16:54.648+0000] {processor.py:914} INFO - Processing file /home/airflow/.local/lib/python3.12/site-packages/airflow/example_dags/example_dag_decorator.py for tasks to queue
[2024-10-18T11:16:54.652+0000] {logging_mixin.py:190} INFO - [2024-10-18T11:16:54.652+0000] {dagbag.py:588} INFO - Filling up the DagBag from /home/airflow/.local/lib/python3.12/site-packages/airflow/example_dags/example_dag_decorator.py
[2024-10-18T11:16:54.676+0000] {processor.py:925} INFO - DAG(s) 'example_dag_decorator' retrieved from /home/airflow/.local/lib/python3.12/site-packages/airflow/example_dags/example_dag_decorator.py
[2024-10-18T11:16:54.943+0000] {logging_mixin.py:190} INFO - [2024-10-18T11:16:54.943+0000] {dag.py:3239} INFO - Sync 1 DAGs
[2024-10-18T11:16:54.969+0000] {logging_mixin.py:190} INFO - [2024-10-18T11:16:54.968+0000] {dag.py:4180} INFO - Setting next_dagrun for example_dag_decorator to None, run_after=None
[2024-10-18T11:16:55.007+0000] {processor.py:208} INFO - Processing /home/airflow/.local/lib/python3.12/site-packages/airflow/example_dags/example_dag_decorator.py took 0.371 seconds
[2024-10-18T11:17:25.840+0000] {processor.py:186} INFO - Started process (PID=12174) to work on /home/airflow/.local/lib/python3.12/site-packages/airflow/example_dags/example_dag_decorator.py
[2024-10-18T11:17:25.842+0000] {processor.py:914} INFO - Processing file /home/airflow/.local/lib/python3.12/site-packages/airflow/example_dags/example_dag_decorator.py for tasks to queue
[2024-10-18T11:17:25.847+0000] {logging_mixin.py:190} INFO - [2024-10-18T11:17:25.847+0000] {dagbag.py:588} INFO - Filling up the DagBag from /home/airflow/.local/lib/python3.12/site-packages/airflow/example_dags/example_dag_decorator.py
[2024-10-18T11:17:25.879+0000] {processor.py:925} INFO - DAG(s) 'example_dag_decorator' retrieved from /home/airflow/.local/lib/python3.12/site-packages/airflow/example_dags/example_dag_decorator.py
[2024-10-18T11:17:26.687+0000] {logging_mixin.py:190} INFO - [2024-10-18T11:17:26.686+0000] {dag.py:3239} INFO - Sync 1 DAGs
[2024-10-18T11:17:26.713+0000] {logging_mixin.py:190} INFO - [2024-10-18T11:17:26.713+0000] {dag.py:4180} INFO - Setting next_dagrun for example_dag_decorator to None, run_after=None
[2024-10-18T11:17:26.763+0000] {processor.py:208} INFO - Processing /home/airflow/.local/lib/python3.12/site-packages/airflow/example_dags/example_dag_decorator.py took 0.933 seconds
[2024-10-18T11:17:57.122+0000] {processor.py:186} INFO - Started process (PID=12460) to work on /home/airflow/.local/lib/python3.12/site-packages/airflow/example_dags/example_dag_decorator.py
[2024-10-18T11:17:57.124+0000] {processor.py:914} INFO - Processing file /home/airflow/.local/lib/python3.12/site-packages/airflow/example_dags/example_dag_decorator.py for tasks to queue
[2024-10-18T11:17:57.132+0000] {logging_mixin.py:190} INFO - [2024-10-18T11:17:57.131+0000] {dagbag.py:588} INFO - Filling up the DagBag from /home/airflow/.local/lib/python3.12/site-packages/airflow/example_dags/example_dag_decorator.py
[2024-10-18T11:17:57.164+0000] {processor.py:925} INFO - DAG(s) 'example_dag_decorator' retrieved from /home/airflow/.local/lib/python3.12/site-packages/airflow/example_dags/example_dag_decorator.py
[2024-10-18T11:17:57.845+0000] {logging_mixin.py:190} INFO - [2024-10-18T11:17:57.844+0000] {dag.py:3239} INFO - Sync 1 DAGs
[2024-10-18T11:17:57.887+0000] {logging_mixin.py:190} INFO - [2024-10-18T11:17:57.886+0000] {dag.py:4180} INFO - Setting next_dagrun for example_dag_decorator to None, run_after=None
[2024-10-18T11:17:57.949+0000] {processor.py:208} INFO - Processing /home/airflow/.local/lib/python3.12/site-packages/airflow/example_dags/example_dag_decorator.py took 0.846 seconds
[2024-10-18T11:18:28.134+0000] {processor.py:186} INFO - Started process (PID=12746) to work on /home/airflow/.local/lib/python3.12/site-packages/airflow/example_dags/example_dag_decorator.py
[2024-10-18T11:18:28.135+0000] {processor.py:914} INFO - Processing file /home/airflow/.local/lib/python3.12/site-packages/airflow/example_dags/example_dag_decorator.py for tasks to queue
[2024-10-18T11:18:28.141+0000] {logging_mixin.py:190} INFO - [2024-10-18T11:18:28.139+0000] {dagbag.py:588} INFO - Filling up the DagBag from /home/airflow/.local/lib/python3.12/site-packages/airflow/example_dags/example_dag_decorator.py
[2024-10-18T11:18:28.161+0000] {processor.py:925} INFO - DAG(s) 'example_dag_decorator' retrieved from /home/airflow/.local/lib/python3.12/site-packages/airflow/example_dags/example_dag_decorator.py
[2024-10-18T11:18:28.367+0000] {logging_mixin.py:190} INFO - [2024-10-18T11:18:28.367+0000] {dag.py:3239} INFO - Sync 1 DAGs
[2024-10-18T11:18:28.401+0000] {logging_mixin.py:190} INFO - [2024-10-18T11:18:28.401+0000] {dag.py:4180} INFO - Setting next_dagrun for example_dag_decorator to None, run_after=None
[2024-10-18T11:18:28.818+0000] {processor.py:208} INFO - Processing /home/airflow/.local/lib/python3.12/site-packages/airflow/example_dags/example_dag_decorator.py took 0.691 seconds
[2024-10-18T11:18:58.992+0000] {processor.py:186} INFO - Started process (PID=13033) to work on /home/airflow/.local/lib/python3.12/site-packages/airflow/example_dags/example_dag_decorator.py
[2024-10-18T11:18:58.993+0000] {processor.py:914} INFO - Processing file /home/airflow/.local/lib/python3.12/site-packages/airflow/example_dags/example_dag_decorator.py for tasks to queue
[2024-10-18T11:18:58.995+0000] {logging_mixin.py:190} INFO - [2024-10-18T11:18:58.995+0000] {dagbag.py:588} INFO - Filling up the DagBag from /home/airflow/.local/lib/python3.12/site-packages/airflow/example_dags/example_dag_decorator.py
[2024-10-18T11:18:59.006+0000] {processor.py:925} INFO - DAG(s) 'example_dag_decorator' retrieved from /home/airflow/.local/lib/python3.12/site-packages/airflow/example_dags/example_dag_decorator.py
[2024-10-18T11:18:59.135+0000] {logging_mixin.py:190} INFO - [2024-10-18T11:18:59.134+0000] {dag.py:3239} INFO - Sync 1 DAGs
[2024-10-18T11:18:59.147+0000] {logging_mixin.py:190} INFO - [2024-10-18T11:18:59.147+0000] {dag.py:4180} INFO - Setting next_dagrun for example_dag_decorator to None, run_after=None
[2024-10-18T11:18:59.171+0000] {processor.py:208} INFO - Processing /home/airflow/.local/lib/python3.12/site-packages/airflow/example_dags/example_dag_decorator.py took 0.184 seconds
[2024-10-18T11:19:29.969+0000] {processor.py:186} INFO - Started process (PID=13319) to work on /home/airflow/.local/lib/python3.12/site-packages/airflow/example_dags/example_dag_decorator.py
[2024-10-18T11:19:29.970+0000] {processor.py:914} INFO - Processing file /home/airflow/.local/lib/python3.12/site-packages/airflow/example_dags/example_dag_decorator.py for tasks to queue
[2024-10-18T11:19:29.974+0000] {logging_mixin.py:190} INFO - [2024-10-18T11:19:29.973+0000] {dagbag.py:588} INFO - Filling up the DagBag from /home/airflow/.local/lib/python3.12/site-packages/airflow/example_dags/example_dag_decorator.py
[2024-10-18T11:19:29.991+0000] {processor.py:925} INFO - DAG(s) 'example_dag_decorator' retrieved from /home/airflow/.local/lib/python3.12/site-packages/airflow/example_dags/example_dag_decorator.py
[2024-10-18T11:19:30.382+0000] {logging_mixin.py:190} INFO - [2024-10-18T11:19:30.381+0000] {dag.py:3239} INFO - Sync 1 DAGs
[2024-10-18T11:19:30.399+0000] {logging_mixin.py:190} INFO - [2024-10-18T11:19:30.398+0000] {dag.py:4180} INFO - Setting next_dagrun for example_dag_decorator to None, run_after=None
[2024-10-18T11:19:30.426+0000] {processor.py:208} INFO - Processing /home/airflow/.local/lib/python3.12/site-packages/airflow/example_dags/example_dag_decorator.py took 0.466 seconds
[2024-10-18T11:20:00.858+0000] {processor.py:186} INFO - Started process (PID=13605) to work on /home/airflow/.local/lib/python3.12/site-packages/airflow/example_dags/example_dag_decorator.py
[2024-10-18T11:20:00.859+0000] {processor.py:914} INFO - Processing file /home/airflow/.local/lib/python3.12/site-packages/airflow/example_dags/example_dag_decorator.py for tasks to queue
[2024-10-18T11:20:00.861+0000] {logging_mixin.py:190} INFO - [2024-10-18T11:20:00.861+0000] {dagbag.py:588} INFO - Filling up the DagBag from /home/airflow/.local/lib/python3.12/site-packages/airflow/example_dags/example_dag_decorator.py
[2024-10-18T11:20:00.873+0000] {processor.py:925} INFO - DAG(s) 'example_dag_decorator' retrieved from /home/airflow/.local/lib/python3.12/site-packages/airflow/example_dags/example_dag_decorator.py
[2024-10-18T11:20:01.159+0000] {logging_mixin.py:190} INFO - [2024-10-18T11:20:01.159+0000] {dag.py:3239} INFO - Sync 1 DAGs
[2024-10-18T11:20:01.173+0000] {logging_mixin.py:190} INFO - [2024-10-18T11:20:01.172+0000] {dag.py:4180} INFO - Setting next_dagrun for example_dag_decorator to None, run_after=None
[2024-10-18T11:20:01.197+0000] {processor.py:208} INFO - Processing /home/airflow/.local/lib/python3.12/site-packages/airflow/example_dags/example_dag_decorator.py took 0.345 seconds
[2024-10-18T11:20:31.439+0000] {processor.py:186} INFO - Started process (PID=13892) to work on /home/airflow/.local/lib/python3.12/site-packages/airflow/example_dags/example_dag_decorator.py
[2024-10-18T11:20:31.441+0000] {processor.py:914} INFO - Processing file /home/airflow/.local/lib/python3.12/site-packages/airflow/example_dags/example_dag_decorator.py for tasks to queue
[2024-10-18T11:20:31.447+0000] {logging_mixin.py:190} INFO - [2024-10-18T11:20:31.446+0000] {dagbag.py:588} INFO - Filling up the DagBag from /home/airflow/.local/lib/python3.12/site-packages/airflow/example_dags/example_dag_decorator.py
[2024-10-18T11:20:31.473+0000] {processor.py:925} INFO - DAG(s) 'example_dag_decorator' retrieved from /home/airflow/.local/lib/python3.12/site-packages/airflow/example_dags/example_dag_decorator.py
[2024-10-18T11:20:32.088+0000] {logging_mixin.py:190} INFO - [2024-10-18T11:20:32.087+0000] {dag.py:3239} INFO - Sync 1 DAGs
[2024-10-18T11:20:32.108+0000] {logging_mixin.py:190} INFO - [2024-10-18T11:20:32.107+0000] {dag.py:4180} INFO - Setting next_dagrun for example_dag_decorator to None, run_after=None
[2024-10-18T11:20:32.139+0000] {processor.py:208} INFO - Processing /home/airflow/.local/lib/python3.12/site-packages/airflow/example_dags/example_dag_decorator.py took 0.716 seconds
[2024-10-18T11:21:02.437+0000] {processor.py:186} INFO - Started process (PID=14188) to work on /home/airflow/.local/lib/python3.12/site-packages/airflow/example_dags/example_dag_decorator.py
[2024-10-18T11:21:02.438+0000] {processor.py:914} INFO - Processing file /home/airflow/.local/lib/python3.12/site-packages/airflow/example_dags/example_dag_decorator.py for tasks to queue
[2024-10-18T11:21:02.440+0000] {logging_mixin.py:190} INFO - [2024-10-18T11:21:02.440+0000] {dagbag.py:588} INFO - Filling up the DagBag from /home/airflow/.local/lib/python3.12/site-packages/airflow/example_dags/example_dag_decorator.py
[2024-10-18T11:21:02.452+0000] {processor.py:925} INFO - DAG(s) 'example_dag_decorator' retrieved from /home/airflow/.local/lib/python3.12/site-packages/airflow/example_dags/example_dag_decorator.py
[2024-10-18T11:21:02.702+0000] {logging_mixin.py:190} INFO - [2024-10-18T11:21:02.701+0000] {dag.py:3239} INFO - Sync 1 DAGs
[2024-10-18T11:21:02.713+0000] {logging_mixin.py:190} INFO - [2024-10-18T11:21:02.713+0000] {dag.py:4180} INFO - Setting next_dagrun for example_dag_decorator to None, run_after=None
[2024-10-18T11:21:02.735+0000] {processor.py:208} INFO - Processing /home/airflow/.local/lib/python3.12/site-packages/airflow/example_dags/example_dag_decorator.py took 0.304 seconds
[2024-10-18T11:21:33.075+0000] {processor.py:186} INFO - Started process (PID=14474) to work on /home/airflow/.local/lib/python3.12/site-packages/airflow/example_dags/example_dag_decorator.py
[2024-10-18T11:21:33.077+0000] {processor.py:914} INFO - Processing file /home/airflow/.local/lib/python3.12/site-packages/airflow/example_dags/example_dag_decorator.py for tasks to queue
[2024-10-18T11:21:33.080+0000] {logging_mixin.py:190} INFO - [2024-10-18T11:21:33.079+0000] {dagbag.py:588} INFO - Filling up the DagBag from /home/airflow/.local/lib/python3.12/site-packages/airflow/example_dags/example_dag_decorator.py
[2024-10-18T11:21:33.100+0000] {processor.py:925} INFO - DAG(s) 'example_dag_decorator' retrieved from /home/airflow/.local/lib/python3.12/site-packages/airflow/example_dags/example_dag_decorator.py
[2024-10-18T11:21:33.483+0000] {logging_mixin.py:190} INFO - [2024-10-18T11:21:33.483+0000] {dag.py:3239} INFO - Sync 1 DAGs
[2024-10-18T11:21:33.500+0000] {logging_mixin.py:190} INFO - [2024-10-18T11:21:33.499+0000] {dag.py:4180} INFO - Setting next_dagrun for example_dag_decorator to None, run_after=None
[2024-10-18T11:21:33.527+0000] {processor.py:208} INFO - Processing /home/airflow/.local/lib/python3.12/site-packages/airflow/example_dags/example_dag_decorator.py took 0.460 seconds
[2024-10-18T11:22:04.036+0000] {processor.py:186} INFO - Started process (PID=14750) to work on /home/airflow/.local/lib/python3.12/site-packages/airflow/example_dags/example_dag_decorator.py
[2024-10-18T11:22:04.038+0000] {processor.py:914} INFO - Processing file /home/airflow/.local/lib/python3.12/site-packages/airflow/example_dags/example_dag_decorator.py for tasks to queue
[2024-10-18T11:22:04.044+0000] {logging_mixin.py:190} INFO - [2024-10-18T11:22:04.044+0000] {dagbag.py:588} INFO - Filling up the DagBag from /home/airflow/.local/lib/python3.12/site-packages/airflow/example_dags/example_dag_decorator.py
[2024-10-18T11:22:04.064+0000] {processor.py:925} INFO - DAG(s) 'example_dag_decorator' retrieved from /home/airflow/.local/lib/python3.12/site-packages/airflow/example_dags/example_dag_decorator.py
[2024-10-18T11:22:04.223+0000] {logging_mixin.py:190} INFO - [2024-10-18T11:22:04.223+0000] {dag.py:3239} INFO - Sync 1 DAGs
[2024-10-18T11:22:04.240+0000] {logging_mixin.py:190} INFO - [2024-10-18T11:22:04.240+0000] {dag.py:4180} INFO - Setting next_dagrun for example_dag_decorator to None, run_after=None
[2024-10-18T11:22:04.264+0000] {processor.py:208} INFO - Processing /home/airflow/.local/lib/python3.12/site-packages/airflow/example_dags/example_dag_decorator.py took 0.239 seconds
[2024-10-18T11:22:34.867+0000] {processor.py:186} INFO - Started process (PID=15036) to work on /home/airflow/.local/lib/python3.12/site-packages/airflow/example_dags/example_dag_decorator.py
[2024-10-18T11:22:34.869+0000] {processor.py:914} INFO - Processing file /home/airflow/.local/lib/python3.12/site-packages/airflow/example_dags/example_dag_decorator.py for tasks to queue
[2024-10-18T11:22:34.872+0000] {logging_mixin.py:190} INFO - [2024-10-18T11:22:34.871+0000] {dagbag.py:588} INFO - Filling up the DagBag from /home/airflow/.local/lib/python3.12/site-packages/airflow/example_dags/example_dag_decorator.py
[2024-10-18T11:22:34.889+0000] {processor.py:925} INFO - DAG(s) 'example_dag_decorator' retrieved from /home/airflow/.local/lib/python3.12/site-packages/airflow/example_dags/example_dag_decorator.py
[2024-10-18T11:22:35.077+0000] {logging_mixin.py:190} INFO - [2024-10-18T11:22:35.076+0000] {dag.py:3239} INFO - Sync 1 DAGs
[2024-10-18T11:22:35.100+0000] {logging_mixin.py:190} INFO - [2024-10-18T11:22:35.100+0000] {dag.py:4180} INFO - Setting next_dagrun for example_dag_decorator to None, run_after=None
[2024-10-18T11:22:35.134+0000] {processor.py:208} INFO - Processing /home/airflow/.local/lib/python3.12/site-packages/airflow/example_dags/example_dag_decorator.py took 0.277 seconds
[2024-10-18T11:23:05.234+0000] {processor.py:186} INFO - Started process (PID=15322) to work on /home/airflow/.local/lib/python3.12/site-packages/airflow/example_dags/example_dag_decorator.py
[2024-10-18T11:23:05.236+0000] {processor.py:914} INFO - Processing file /home/airflow/.local/lib/python3.12/site-packages/airflow/example_dags/example_dag_decorator.py for tasks to queue
[2024-10-18T11:23:05.241+0000] {logging_mixin.py:190} INFO - [2024-10-18T11:23:05.240+0000] {dagbag.py:588} INFO - Filling up the DagBag from /home/airflow/.local/lib/python3.12/site-packages/airflow/example_dags/example_dag_decorator.py
[2024-10-18T11:23:05.256+0000] {processor.py:925} INFO - DAG(s) 'example_dag_decorator' retrieved from /home/airflow/.local/lib/python3.12/site-packages/airflow/example_dags/example_dag_decorator.py
[2024-10-18T11:23:05.430+0000] {logging_mixin.py:190} INFO - [2024-10-18T11:23:05.430+0000] {dag.py:3239} INFO - Sync 1 DAGs
[2024-10-18T11:23:05.451+0000] {logging_mixin.py:190} INFO - [2024-10-18T11:23:05.451+0000] {dag.py:4180} INFO - Setting next_dagrun for example_dag_decorator to None, run_after=None
[2024-10-18T11:23:05.488+0000] {processor.py:208} INFO - Processing /home/airflow/.local/lib/python3.12/site-packages/airflow/example_dags/example_dag_decorator.py took 0.262 seconds
[2024-10-18T11:23:35.638+0000] {processor.py:186} INFO - Started process (PID=15613) to work on /home/airflow/.local/lib/python3.12/site-packages/airflow/example_dags/example_dag_decorator.py
[2024-10-18T11:23:35.639+0000] {processor.py:914} INFO - Processing file /home/airflow/.local/lib/python3.12/site-packages/airflow/example_dags/example_dag_decorator.py for tasks to queue
[2024-10-18T11:23:35.644+0000] {logging_mixin.py:190} INFO - [2024-10-18T11:23:35.643+0000] {dagbag.py:588} INFO - Filling up the DagBag from /home/airflow/.local/lib/python3.12/site-packages/airflow/example_dags/example_dag_decorator.py
[2024-10-18T11:23:35.669+0000] {processor.py:925} INFO - DAG(s) 'example_dag_decorator' retrieved from /home/airflow/.local/lib/python3.12/site-packages/airflow/example_dags/example_dag_decorator.py
[2024-10-18T11:23:35.920+0000] {logging_mixin.py:190} INFO - [2024-10-18T11:23:35.920+0000] {dag.py:3239} INFO - Sync 1 DAGs
[2024-10-18T11:23:35.945+0000] {logging_mixin.py:190} INFO - [2024-10-18T11:23:35.944+0000] {dag.py:4180} INFO - Setting next_dagrun for example_dag_decorator to None, run_after=None
[2024-10-18T11:23:35.984+0000] {processor.py:208} INFO - Processing /home/airflow/.local/lib/python3.12/site-packages/airflow/example_dags/example_dag_decorator.py took 0.359 seconds
[2024-10-18T11:24:06.351+0000] {processor.py:186} INFO - Started process (PID=15904) to work on /home/airflow/.local/lib/python3.12/site-packages/airflow/example_dags/example_dag_decorator.py
[2024-10-18T11:24:06.353+0000] {processor.py:914} INFO - Processing file /home/airflow/.local/lib/python3.12/site-packages/airflow/example_dags/example_dag_decorator.py for tasks to queue
[2024-10-18T11:24:06.357+0000] {logging_mixin.py:190} INFO - [2024-10-18T11:24:06.357+0000] {dagbag.py:588} INFO - Filling up the DagBag from /home/airflow/.local/lib/python3.12/site-packages/airflow/example_dags/example_dag_decorator.py
[2024-10-18T11:24:06.380+0000] {processor.py:925} INFO - DAG(s) 'example_dag_decorator' retrieved from /home/airflow/.local/lib/python3.12/site-packages/airflow/example_dags/example_dag_decorator.py
[2024-10-18T11:24:06.681+0000] {logging_mixin.py:190} INFO - [2024-10-18T11:24:06.680+0000] {dag.py:3239} INFO - Sync 1 DAGs
[2024-10-18T11:24:06.707+0000] {logging_mixin.py:190} INFO - [2024-10-18T11:24:06.706+0000] {dag.py:4180} INFO - Setting next_dagrun for example_dag_decorator to None, run_after=None
[2024-10-18T11:24:06.751+0000] {processor.py:208} INFO - Processing /home/airflow/.local/lib/python3.12/site-packages/airflow/example_dags/example_dag_decorator.py took 0.412 seconds
[2024-10-18T11:24:37.016+0000] {processor.py:186} INFO - Started process (PID=16190) to work on /home/airflow/.local/lib/python3.12/site-packages/airflow/example_dags/example_dag_decorator.py
[2024-10-18T11:24:37.018+0000] {processor.py:914} INFO - Processing file /home/airflow/.local/lib/python3.12/site-packages/airflow/example_dags/example_dag_decorator.py for tasks to queue
[2024-10-18T11:24:37.021+0000] {logging_mixin.py:190} INFO - [2024-10-18T11:24:37.020+0000] {dagbag.py:588} INFO - Filling up the DagBag from /home/airflow/.local/lib/python3.12/site-packages/airflow/example_dags/example_dag_decorator.py
[2024-10-18T11:24:37.039+0000] {processor.py:925} INFO - DAG(s) 'example_dag_decorator' retrieved from /home/airflow/.local/lib/python3.12/site-packages/airflow/example_dags/example_dag_decorator.py
[2024-10-18T11:24:37.383+0000] {logging_mixin.py:190} INFO - [2024-10-18T11:24:37.382+0000] {dag.py:3239} INFO - Sync 1 DAGs
[2024-10-18T11:24:37.443+0000] {logging_mixin.py:190} INFO - [2024-10-18T11:24:37.442+0000] {dag.py:4180} INFO - Setting next_dagrun for example_dag_decorator to None, run_after=None
[2024-10-18T11:24:37.500+0000] {processor.py:208} INFO - Processing /home/airflow/.local/lib/python3.12/site-packages/airflow/example_dags/example_dag_decorator.py took 0.492 seconds
[2024-10-18T11:25:08.225+0000] {processor.py:186} INFO - Started process (PID=16476) to work on /home/airflow/.local/lib/python3.12/site-packages/airflow/example_dags/example_dag_decorator.py
[2024-10-18T11:25:08.227+0000] {processor.py:914} INFO - Processing file /home/airflow/.local/lib/python3.12/site-packages/airflow/example_dags/example_dag_decorator.py for tasks to queue
[2024-10-18T11:25:08.229+0000] {logging_mixin.py:190} INFO - [2024-10-18T11:25:08.229+0000] {dagbag.py:588} INFO - Filling up the DagBag from /home/airflow/.local/lib/python3.12/site-packages/airflow/example_dags/example_dag_decorator.py
[2024-10-18T11:25:08.240+0000] {processor.py:925} INFO - DAG(s) 'example_dag_decorator' retrieved from /home/airflow/.local/lib/python3.12/site-packages/airflow/example_dags/example_dag_decorator.py
[2024-10-18T11:25:08.373+0000] {logging_mixin.py:190} INFO - [2024-10-18T11:25:08.373+0000] {dag.py:3239} INFO - Sync 1 DAGs
[2024-10-18T11:25:08.387+0000] {logging_mixin.py:190} INFO - [2024-10-18T11:25:08.387+0000] {dag.py:4180} INFO - Setting next_dagrun for example_dag_decorator to None, run_after=None
[2024-10-18T11:25:08.411+0000] {processor.py:208} INFO - Processing /home/airflow/.local/lib/python3.12/site-packages/airflow/example_dags/example_dag_decorator.py took 0.191 seconds
