[2024-10-18T10:56:36.415+0000] {processor.py:186} INFO - Started process (PID=429) to work on /home/airflow/.local/lib/python3.12/site-packages/airflow/example_dags/example_sensors.py
[2024-10-18T10:56:36.417+0000] {processor.py:914} INFO - Processing file /home/airflow/.local/lib/python3.12/site-packages/airflow/example_dags/example_sensors.py for tasks to queue
[2024-10-18T10:56:36.421+0000] {logging_mixin.py:190} INFO - [2024-10-18T10:56:36.420+0000] {dagbag.py:588} INFO - Filling up the DagBag from /home/airflow/.local/lib/python3.12/site-packages/airflow/example_dags/example_sensors.py
[2024-10-18T10:56:36.440+0000] {processor.py:925} INFO - DAG(s) 'example_sensors' retrieved from /home/airflow/.local/lib/python3.12/site-packages/airflow/example_dags/example_sensors.py
[2024-10-18T10:56:36.624+0000] {logging_mixin.py:190} INFO - [2024-10-18T10:56:36.624+0000] {override.py:1900} INFO - Created Permission View: can delete on DAG:example_sensors
[2024-10-18T10:56:36.639+0000] {logging_mixin.py:190} INFO - [2024-10-18T10:56:36.639+0000] {override.py:1900} INFO - Created Permission View: can edit on DAG:example_sensors
[2024-10-18T10:56:36.652+0000] {logging_mixin.py:190} INFO - [2024-10-18T10:56:36.651+0000] {override.py:1900} INFO - Created Permission View: can read on DAG:example_sensors
[2024-10-18T10:56:36.675+0000] {logging_mixin.py:190} INFO - [2024-10-18T10:56:36.674+0000] {override.py:1900} INFO - Created Permission View: can delete on DAG Run:example_sensors
[2024-10-18T10:56:36.689+0000] {logging_mixin.py:190} INFO - [2024-10-18T10:56:36.689+0000] {override.py:1900} INFO - Created Permission View: menu access on DAG Run:example_sensors
[2024-10-18T10:56:36.704+0000] {logging_mixin.py:190} INFO - [2024-10-18T10:56:36.703+0000] {override.py:1900} INFO - Created Permission View: can read on DAG Run:example_sensors
[2024-10-18T10:56:36.717+0000] {logging_mixin.py:190} INFO - [2024-10-18T10:56:36.716+0000] {override.py:1900} INFO - Created Permission View: can create on DAG Run:example_sensors
[2024-10-18T10:56:36.718+0000] {logging_mixin.py:190} INFO - [2024-10-18T10:56:36.718+0000] {dag.py:3239} INFO - Sync 1 DAGs
[2024-10-18T10:56:36.744+0000] {logging_mixin.py:190} INFO - [2024-10-18T10:56:36.743+0000] {dag.py:3262} INFO - Creating ORM DAG for example_sensors
[2024-10-18T10:56:36.745+0000] {logging_mixin.py:190} INFO - [2024-10-18T10:56:36.745+0000] {dag.py:4180} INFO - Setting next_dagrun for example_sensors to None, run_after=None
[2024-10-18T10:56:36.773+0000] {processor.py:208} INFO - Processing /home/airflow/.local/lib/python3.12/site-packages/airflow/example_dags/example_sensors.py took 0.367 seconds
[2024-10-18T10:57:08.428+0000] {processor.py:186} INFO - Started process (PID=715) to work on /home/airflow/.local/lib/python3.12/site-packages/airflow/example_dags/example_sensors.py
[2024-10-18T10:57:08.432+0000] {processor.py:914} INFO - Processing file /home/airflow/.local/lib/python3.12/site-packages/airflow/example_dags/example_sensors.py for tasks to queue
[2024-10-18T10:57:08.436+0000] {logging_mixin.py:190} INFO - [2024-10-18T10:57:08.436+0000] {dagbag.py:588} INFO - Filling up the DagBag from /home/airflow/.local/lib/python3.12/site-packages/airflow/example_dags/example_sensors.py
[2024-10-18T10:57:08.461+0000] {processor.py:925} INFO - DAG(s) 'example_sensors' retrieved from /home/airflow/.local/lib/python3.12/site-packages/airflow/example_dags/example_sensors.py
[2024-10-18T10:57:08.544+0000] {logging_mixin.py:190} INFO - [2024-10-18T10:57:08.543+0000] {dag.py:3239} INFO - Sync 1 DAGs
[2024-10-18T10:57:08.600+0000] {logging_mixin.py:190} INFO - [2024-10-18T10:57:08.600+0000] {dag.py:4180} INFO - Setting next_dagrun for example_sensors to None, run_after=None
[2024-10-18T10:57:08.675+0000] {processor.py:208} INFO - Processing /home/airflow/.local/lib/python3.12/site-packages/airflow/example_dags/example_sensors.py took 0.258 seconds
[2024-10-18T10:57:38.980+0000] {processor.py:186} INFO - Started process (PID=1001) to work on /home/airflow/.local/lib/python3.12/site-packages/airflow/example_dags/example_sensors.py
[2024-10-18T10:57:38.988+0000] {processor.py:914} INFO - Processing file /home/airflow/.local/lib/python3.12/site-packages/airflow/example_dags/example_sensors.py for tasks to queue
[2024-10-18T10:57:38.993+0000] {logging_mixin.py:190} INFO - [2024-10-18T10:57:38.992+0000] {dagbag.py:588} INFO - Filling up the DagBag from /home/airflow/.local/lib/python3.12/site-packages/airflow/example_dags/example_sensors.py
[2024-10-18T10:57:39.037+0000] {processor.py:925} INFO - DAG(s) 'example_sensors' retrieved from /home/airflow/.local/lib/python3.12/site-packages/airflow/example_dags/example_sensors.py
[2024-10-18T10:57:39.115+0000] {logging_mixin.py:190} INFO - [2024-10-18T10:57:39.114+0000] {dag.py:3239} INFO - Sync 1 DAGs
[2024-10-18T10:57:39.164+0000] {logging_mixin.py:190} INFO - [2024-10-18T10:57:39.164+0000] {dag.py:4180} INFO - Setting next_dagrun for example_sensors to None, run_after=None
[2024-10-18T10:57:39.225+0000] {processor.py:208} INFO - Processing /home/airflow/.local/lib/python3.12/site-packages/airflow/example_dags/example_sensors.py took 0.262 seconds
[2024-10-18T10:58:09.818+0000] {processor.py:186} INFO - Started process (PID=1293) to work on /home/airflow/.local/lib/python3.12/site-packages/airflow/example_dags/example_sensors.py
[2024-10-18T10:58:09.819+0000] {processor.py:914} INFO - Processing file /home/airflow/.local/lib/python3.12/site-packages/airflow/example_dags/example_sensors.py for tasks to queue
[2024-10-18T10:58:09.823+0000] {logging_mixin.py:190} INFO - [2024-10-18T10:58:09.822+0000] {dagbag.py:588} INFO - Filling up the DagBag from /home/airflow/.local/lib/python3.12/site-packages/airflow/example_dags/example_sensors.py
[2024-10-18T10:58:09.835+0000] {processor.py:925} INFO - DAG(s) 'example_sensors' retrieved from /home/airflow/.local/lib/python3.12/site-packages/airflow/example_dags/example_sensors.py
[2024-10-18T10:58:09.868+0000] {logging_mixin.py:190} INFO - [2024-10-18T10:58:09.868+0000] {dag.py:3239} INFO - Sync 1 DAGs
[2024-10-18T10:58:09.886+0000] {logging_mixin.py:190} INFO - [2024-10-18T10:58:09.885+0000] {dag.py:4180} INFO - Setting next_dagrun for example_sensors to None, run_after=None
[2024-10-18T10:58:09.910+0000] {processor.py:208} INFO - Processing /home/airflow/.local/lib/python3.12/site-packages/airflow/example_dags/example_sensors.py took 0.099 seconds
[2024-10-18T10:58:40.366+0000] {processor.py:186} INFO - Started process (PID=1579) to work on /home/airflow/.local/lib/python3.12/site-packages/airflow/example_dags/example_sensors.py
[2024-10-18T10:58:40.367+0000] {processor.py:914} INFO - Processing file /home/airflow/.local/lib/python3.12/site-packages/airflow/example_dags/example_sensors.py for tasks to queue
[2024-10-18T10:58:40.370+0000] {logging_mixin.py:190} INFO - [2024-10-18T10:58:40.369+0000] {dagbag.py:588} INFO - Filling up the DagBag from /home/airflow/.local/lib/python3.12/site-packages/airflow/example_dags/example_sensors.py
[2024-10-18T10:58:40.382+0000] {processor.py:925} INFO - DAG(s) 'example_sensors' retrieved from /home/airflow/.local/lib/python3.12/site-packages/airflow/example_dags/example_sensors.py
[2024-10-18T10:58:40.426+0000] {logging_mixin.py:190} INFO - [2024-10-18T10:58:40.426+0000] {dag.py:3239} INFO - Sync 1 DAGs
[2024-10-18T10:58:40.477+0000] {logging_mixin.py:190} INFO - [2024-10-18T10:58:40.477+0000] {dag.py:4180} INFO - Setting next_dagrun for example_sensors to None, run_after=None
[2024-10-18T10:58:40.502+0000] {processor.py:208} INFO - Processing /home/airflow/.local/lib/python3.12/site-packages/airflow/example_dags/example_sensors.py took 0.143 seconds
[2024-10-18T10:59:10.817+0000] {processor.py:186} INFO - Started process (PID=1864) to work on /home/airflow/.local/lib/python3.12/site-packages/airflow/example_dags/example_sensors.py
[2024-10-18T10:59:10.818+0000] {processor.py:914} INFO - Processing file /home/airflow/.local/lib/python3.12/site-packages/airflow/example_dags/example_sensors.py for tasks to queue
[2024-10-18T10:59:10.820+0000] {logging_mixin.py:190} INFO - [2024-10-18T10:59:10.820+0000] {dagbag.py:588} INFO - Filling up the DagBag from /home/airflow/.local/lib/python3.12/site-packages/airflow/example_dags/example_sensors.py
[2024-10-18T10:59:10.831+0000] {processor.py:925} INFO - DAG(s) 'example_sensors' retrieved from /home/airflow/.local/lib/python3.12/site-packages/airflow/example_dags/example_sensors.py
[2024-10-18T10:59:10.858+0000] {logging_mixin.py:190} INFO - [2024-10-18T10:59:10.858+0000] {dag.py:3239} INFO - Sync 1 DAGs
[2024-10-18T10:59:10.873+0000] {logging_mixin.py:190} INFO - [2024-10-18T10:59:10.872+0000] {dag.py:4180} INFO - Setting next_dagrun for example_sensors to None, run_after=None
[2024-10-18T10:59:10.890+0000] {processor.py:208} INFO - Processing /home/airflow/.local/lib/python3.12/site-packages/airflow/example_dags/example_sensors.py took 0.078 seconds
[2024-10-18T10:59:41.142+0000] {processor.py:186} INFO - Started process (PID=2150) to work on /home/airflow/.local/lib/python3.12/site-packages/airflow/example_dags/example_sensors.py
[2024-10-18T10:59:41.143+0000] {processor.py:914} INFO - Processing file /home/airflow/.local/lib/python3.12/site-packages/airflow/example_dags/example_sensors.py for tasks to queue
[2024-10-18T10:59:41.145+0000] {logging_mixin.py:190} INFO - [2024-10-18T10:59:41.145+0000] {dagbag.py:588} INFO - Filling up the DagBag from /home/airflow/.local/lib/python3.12/site-packages/airflow/example_dags/example_sensors.py
[2024-10-18T10:59:41.155+0000] {processor.py:925} INFO - DAG(s) 'example_sensors' retrieved from /home/airflow/.local/lib/python3.12/site-packages/airflow/example_dags/example_sensors.py
[2024-10-18T10:59:41.178+0000] {logging_mixin.py:190} INFO - [2024-10-18T10:59:41.178+0000] {dag.py:3239} INFO - Sync 1 DAGs
[2024-10-18T10:59:41.192+0000] {logging_mixin.py:190} INFO - [2024-10-18T10:59:41.192+0000] {dag.py:4180} INFO - Setting next_dagrun for example_sensors to None, run_after=None
[2024-10-18T10:59:41.212+0000] {processor.py:208} INFO - Processing /home/airflow/.local/lib/python3.12/site-packages/airflow/example_dags/example_sensors.py took 0.078 seconds
[2024-10-18T11:00:11.502+0000] {processor.py:186} INFO - Started process (PID=2436) to work on /home/airflow/.local/lib/python3.12/site-packages/airflow/example_dags/example_sensors.py
[2024-10-18T11:00:11.503+0000] {processor.py:914} INFO - Processing file /home/airflow/.local/lib/python3.12/site-packages/airflow/example_dags/example_sensors.py for tasks to queue
[2024-10-18T11:00:11.505+0000] {logging_mixin.py:190} INFO - [2024-10-18T11:00:11.505+0000] {dagbag.py:588} INFO - Filling up the DagBag from /home/airflow/.local/lib/python3.12/site-packages/airflow/example_dags/example_sensors.py
[2024-10-18T11:00:11.518+0000] {processor.py:925} INFO - DAG(s) 'example_sensors' retrieved from /home/airflow/.local/lib/python3.12/site-packages/airflow/example_dags/example_sensors.py
[2024-10-18T11:00:11.548+0000] {logging_mixin.py:190} INFO - [2024-10-18T11:00:11.548+0000] {dag.py:3239} INFO - Sync 1 DAGs
[2024-10-18T11:00:11.562+0000] {logging_mixin.py:190} INFO - [2024-10-18T11:00:11.562+0000] {dag.py:4180} INFO - Setting next_dagrun for example_sensors to None, run_after=None
[2024-10-18T11:00:11.582+0000] {processor.py:208} INFO - Processing /home/airflow/.local/lib/python3.12/site-packages/airflow/example_dags/example_sensors.py took 0.086 seconds
[2024-10-18T11:00:41.983+0000] {processor.py:186} INFO - Started process (PID=2722) to work on /home/airflow/.local/lib/python3.12/site-packages/airflow/example_dags/example_sensors.py
[2024-10-18T11:00:41.984+0000] {processor.py:914} INFO - Processing file /home/airflow/.local/lib/python3.12/site-packages/airflow/example_dags/example_sensors.py for tasks to queue
[2024-10-18T11:00:41.987+0000] {logging_mixin.py:190} INFO - [2024-10-18T11:00:41.986+0000] {dagbag.py:588} INFO - Filling up the DagBag from /home/airflow/.local/lib/python3.12/site-packages/airflow/example_dags/example_sensors.py
[2024-10-18T11:00:41.997+0000] {processor.py:925} INFO - DAG(s) 'example_sensors' retrieved from /home/airflow/.local/lib/python3.12/site-packages/airflow/example_dags/example_sensors.py
[2024-10-18T11:00:42.021+0000] {logging_mixin.py:190} INFO - [2024-10-18T11:00:42.021+0000] {dag.py:3239} INFO - Sync 1 DAGs
[2024-10-18T11:00:42.033+0000] {logging_mixin.py:190} INFO - [2024-10-18T11:00:42.033+0000] {dag.py:4180} INFO - Setting next_dagrun for example_sensors to None, run_after=None
[2024-10-18T11:00:42.054+0000] {processor.py:208} INFO - Processing /home/airflow/.local/lib/python3.12/site-packages/airflow/example_dags/example_sensors.py took 0.076 seconds
[2024-10-18T11:01:12.426+0000] {processor.py:186} INFO - Started process (PID=3008) to work on /home/airflow/.local/lib/python3.12/site-packages/airflow/example_dags/example_sensors.py
[2024-10-18T11:01:12.427+0000] {processor.py:914} INFO - Processing file /home/airflow/.local/lib/python3.12/site-packages/airflow/example_dags/example_sensors.py for tasks to queue
[2024-10-18T11:01:12.429+0000] {logging_mixin.py:190} INFO - [2024-10-18T11:01:12.429+0000] {dagbag.py:588} INFO - Filling up the DagBag from /home/airflow/.local/lib/python3.12/site-packages/airflow/example_dags/example_sensors.py
[2024-10-18T11:01:12.439+0000] {processor.py:925} INFO - DAG(s) 'example_sensors' retrieved from /home/airflow/.local/lib/python3.12/site-packages/airflow/example_dags/example_sensors.py
[2024-10-18T11:01:12.463+0000] {logging_mixin.py:190} INFO - [2024-10-18T11:01:12.463+0000] {dag.py:3239} INFO - Sync 1 DAGs
[2024-10-18T11:01:12.475+0000] {logging_mixin.py:190} INFO - [2024-10-18T11:01:12.475+0000] {dag.py:4180} INFO - Setting next_dagrun for example_sensors to None, run_after=None
[2024-10-18T11:01:12.495+0000] {processor.py:208} INFO - Processing /home/airflow/.local/lib/python3.12/site-packages/airflow/example_dags/example_sensors.py took 0.074 seconds
[2024-10-18T11:01:42.994+0000] {processor.py:186} INFO - Started process (PID=3294) to work on /home/airflow/.local/lib/python3.12/site-packages/airflow/example_dags/example_sensors.py
[2024-10-18T11:01:42.995+0000] {processor.py:914} INFO - Processing file /home/airflow/.local/lib/python3.12/site-packages/airflow/example_dags/example_sensors.py for tasks to queue
[2024-10-18T11:01:42.997+0000] {logging_mixin.py:190} INFO - [2024-10-18T11:01:42.997+0000] {dagbag.py:588} INFO - Filling up the DagBag from /home/airflow/.local/lib/python3.12/site-packages/airflow/example_dags/example_sensors.py
[2024-10-18T11:01:43.008+0000] {processor.py:925} INFO - DAG(s) 'example_sensors' retrieved from /home/airflow/.local/lib/python3.12/site-packages/airflow/example_dags/example_sensors.py
[2024-10-18T11:01:43.033+0000] {logging_mixin.py:190} INFO - [2024-10-18T11:01:43.033+0000] {dag.py:3239} INFO - Sync 1 DAGs
[2024-10-18T11:01:43.046+0000] {logging_mixin.py:190} INFO - [2024-10-18T11:01:43.045+0000] {dag.py:4180} INFO - Setting next_dagrun for example_sensors to None, run_after=None
[2024-10-18T11:01:43.066+0000] {processor.py:208} INFO - Processing /home/airflow/.local/lib/python3.12/site-packages/airflow/example_dags/example_sensors.py took 0.077 seconds
[2024-10-18T11:02:13.473+0000] {processor.py:186} INFO - Started process (PID=3580) to work on /home/airflow/.local/lib/python3.12/site-packages/airflow/example_dags/example_sensors.py
[2024-10-18T11:02:13.474+0000] {processor.py:914} INFO - Processing file /home/airflow/.local/lib/python3.12/site-packages/airflow/example_dags/example_sensors.py for tasks to queue
[2024-10-18T11:02:13.476+0000] {logging_mixin.py:190} INFO - [2024-10-18T11:02:13.476+0000] {dagbag.py:588} INFO - Filling up the DagBag from /home/airflow/.local/lib/python3.12/site-packages/airflow/example_dags/example_sensors.py
[2024-10-18T11:02:13.489+0000] {processor.py:925} INFO - DAG(s) 'example_sensors' retrieved from /home/airflow/.local/lib/python3.12/site-packages/airflow/example_dags/example_sensors.py
[2024-10-18T11:02:13.516+0000] {logging_mixin.py:190} INFO - [2024-10-18T11:02:13.515+0000] {dag.py:3239} INFO - Sync 1 DAGs
[2024-10-18T11:02:13.529+0000] {logging_mixin.py:190} INFO - [2024-10-18T11:02:13.528+0000] {dag.py:4180} INFO - Setting next_dagrun for example_sensors to None, run_after=None
[2024-10-18T11:02:13.546+0000] {processor.py:208} INFO - Processing /home/airflow/.local/lib/python3.12/site-packages/airflow/example_dags/example_sensors.py took 0.079 seconds
[2024-10-18T11:02:43.940+0000] {processor.py:186} INFO - Started process (PID=3866) to work on /home/airflow/.local/lib/python3.12/site-packages/airflow/example_dags/example_sensors.py
[2024-10-18T11:02:43.941+0000] {processor.py:914} INFO - Processing file /home/airflow/.local/lib/python3.12/site-packages/airflow/example_dags/example_sensors.py for tasks to queue
[2024-10-18T11:02:43.943+0000] {logging_mixin.py:190} INFO - [2024-10-18T11:02:43.943+0000] {dagbag.py:588} INFO - Filling up the DagBag from /home/airflow/.local/lib/python3.12/site-packages/airflow/example_dags/example_sensors.py
[2024-10-18T11:02:43.952+0000] {processor.py:925} INFO - DAG(s) 'example_sensors' retrieved from /home/airflow/.local/lib/python3.12/site-packages/airflow/example_dags/example_sensors.py
[2024-10-18T11:02:43.976+0000] {logging_mixin.py:190} INFO - [2024-10-18T11:02:43.976+0000] {dag.py:3239} INFO - Sync 1 DAGs
[2024-10-18T11:02:43.988+0000] {logging_mixin.py:190} INFO - [2024-10-18T11:02:43.988+0000] {dag.py:4180} INFO - Setting next_dagrun for example_sensors to None, run_after=None
[2024-10-18T11:02:44.009+0000] {processor.py:208} INFO - Processing /home/airflow/.local/lib/python3.12/site-packages/airflow/example_dags/example_sensors.py took 0.074 seconds
[2024-10-18T11:03:14.240+0000] {processor.py:186} INFO - Started process (PID=4152) to work on /home/airflow/.local/lib/python3.12/site-packages/airflow/example_dags/example_sensors.py
[2024-10-18T11:03:14.241+0000] {processor.py:914} INFO - Processing file /home/airflow/.local/lib/python3.12/site-packages/airflow/example_dags/example_sensors.py for tasks to queue
[2024-10-18T11:03:14.244+0000] {logging_mixin.py:190} INFO - [2024-10-18T11:03:14.243+0000] {dagbag.py:588} INFO - Filling up the DagBag from /home/airflow/.local/lib/python3.12/site-packages/airflow/example_dags/example_sensors.py
[2024-10-18T11:03:14.255+0000] {processor.py:925} INFO - DAG(s) 'example_sensors' retrieved from /home/airflow/.local/lib/python3.12/site-packages/airflow/example_dags/example_sensors.py
[2024-10-18T11:03:14.280+0000] {logging_mixin.py:190} INFO - [2024-10-18T11:03:14.280+0000] {dag.py:3239} INFO - Sync 1 DAGs
[2024-10-18T11:03:14.295+0000] {logging_mixin.py:190} INFO - [2024-10-18T11:03:14.295+0000] {dag.py:4180} INFO - Setting next_dagrun for example_sensors to None, run_after=None
[2024-10-18T11:03:14.314+0000] {processor.py:208} INFO - Processing /home/airflow/.local/lib/python3.12/site-packages/airflow/example_dags/example_sensors.py took 0.078 seconds
[2024-10-18T11:03:44.672+0000] {processor.py:186} INFO - Started process (PID=4438) to work on /home/airflow/.local/lib/python3.12/site-packages/airflow/example_dags/example_sensors.py
[2024-10-18T11:03:44.673+0000] {processor.py:914} INFO - Processing file /home/airflow/.local/lib/python3.12/site-packages/airflow/example_dags/example_sensors.py for tasks to queue
[2024-10-18T11:03:44.674+0000] {logging_mixin.py:190} INFO - [2024-10-18T11:03:44.674+0000] {dagbag.py:588} INFO - Filling up the DagBag from /home/airflow/.local/lib/python3.12/site-packages/airflow/example_dags/example_sensors.py
[2024-10-18T11:03:44.684+0000] {processor.py:925} INFO - DAG(s) 'example_sensors' retrieved from /home/airflow/.local/lib/python3.12/site-packages/airflow/example_dags/example_sensors.py
[2024-10-18T11:03:44.706+0000] {logging_mixin.py:190} INFO - [2024-10-18T11:03:44.706+0000] {dag.py:3239} INFO - Sync 1 DAGs
[2024-10-18T11:03:44.718+0000] {logging_mixin.py:190} INFO - [2024-10-18T11:03:44.718+0000] {dag.py:4180} INFO - Setting next_dagrun for example_sensors to None, run_after=None
[2024-10-18T11:03:44.738+0000] {processor.py:208} INFO - Processing /home/airflow/.local/lib/python3.12/site-packages/airflow/example_dags/example_sensors.py took 0.072 seconds
[2024-10-18T11:04:14.933+0000] {processor.py:186} INFO - Started process (PID=4724) to work on /home/airflow/.local/lib/python3.12/site-packages/airflow/example_dags/example_sensors.py
[2024-10-18T11:04:14.934+0000] {processor.py:914} INFO - Processing file /home/airflow/.local/lib/python3.12/site-packages/airflow/example_dags/example_sensors.py for tasks to queue
[2024-10-18T11:04:14.936+0000] {logging_mixin.py:190} INFO - [2024-10-18T11:04:14.936+0000] {dagbag.py:588} INFO - Filling up the DagBag from /home/airflow/.local/lib/python3.12/site-packages/airflow/example_dags/example_sensors.py
[2024-10-18T11:04:14.946+0000] {processor.py:925} INFO - DAG(s) 'example_sensors' retrieved from /home/airflow/.local/lib/python3.12/site-packages/airflow/example_dags/example_sensors.py
[2024-10-18T11:04:14.971+0000] {logging_mixin.py:190} INFO - [2024-10-18T11:04:14.970+0000] {dag.py:3239} INFO - Sync 1 DAGs
[2024-10-18T11:04:14.984+0000] {logging_mixin.py:190} INFO - [2024-10-18T11:04:14.983+0000] {dag.py:4180} INFO - Setting next_dagrun for example_sensors to None, run_after=None
[2024-10-18T11:04:15.001+0000] {processor.py:208} INFO - Processing /home/airflow/.local/lib/python3.12/site-packages/airflow/example_dags/example_sensors.py took 0.073 seconds
[2024-10-18T11:04:45.192+0000] {processor.py:186} INFO - Started process (PID=5010) to work on /home/airflow/.local/lib/python3.12/site-packages/airflow/example_dags/example_sensors.py
[2024-10-18T11:04:45.193+0000] {processor.py:914} INFO - Processing file /home/airflow/.local/lib/python3.12/site-packages/airflow/example_dags/example_sensors.py for tasks to queue
[2024-10-18T11:04:45.195+0000] {logging_mixin.py:190} INFO - [2024-10-18T11:04:45.195+0000] {dagbag.py:588} INFO - Filling up the DagBag from /home/airflow/.local/lib/python3.12/site-packages/airflow/example_dags/example_sensors.py
[2024-10-18T11:04:45.205+0000] {processor.py:925} INFO - DAG(s) 'example_sensors' retrieved from /home/airflow/.local/lib/python3.12/site-packages/airflow/example_dags/example_sensors.py
[2024-10-18T11:04:45.230+0000] {logging_mixin.py:190} INFO - [2024-10-18T11:04:45.229+0000] {dag.py:3239} INFO - Sync 1 DAGs
[2024-10-18T11:04:45.243+0000] {logging_mixin.py:190} INFO - [2024-10-18T11:04:45.243+0000] {dag.py:4180} INFO - Setting next_dagrun for example_sensors to None, run_after=None
[2024-10-18T11:04:45.263+0000] {processor.py:208} INFO - Processing /home/airflow/.local/lib/python3.12/site-packages/airflow/example_dags/example_sensors.py took 0.076 seconds
[2024-10-18T11:05:15.481+0000] {processor.py:186} INFO - Started process (PID=5296) to work on /home/airflow/.local/lib/python3.12/site-packages/airflow/example_dags/example_sensors.py
[2024-10-18T11:05:15.482+0000] {processor.py:914} INFO - Processing file /home/airflow/.local/lib/python3.12/site-packages/airflow/example_dags/example_sensors.py for tasks to queue
[2024-10-18T11:05:15.485+0000] {logging_mixin.py:190} INFO - [2024-10-18T11:05:15.485+0000] {dagbag.py:588} INFO - Filling up the DagBag from /home/airflow/.local/lib/python3.12/site-packages/airflow/example_dags/example_sensors.py
[2024-10-18T11:05:15.497+0000] {processor.py:925} INFO - DAG(s) 'example_sensors' retrieved from /home/airflow/.local/lib/python3.12/site-packages/airflow/example_dags/example_sensors.py
[2024-10-18T11:05:15.524+0000] {logging_mixin.py:190} INFO - [2024-10-18T11:05:15.524+0000] {dag.py:3239} INFO - Sync 1 DAGs
[2024-10-18T11:05:15.538+0000] {logging_mixin.py:190} INFO - [2024-10-18T11:05:15.538+0000] {dag.py:4180} INFO - Setting next_dagrun for example_sensors to None, run_after=None
[2024-10-18T11:05:15.559+0000] {processor.py:208} INFO - Processing /home/airflow/.local/lib/python3.12/site-packages/airflow/example_dags/example_sensors.py took 0.083 seconds
[2024-10-18T11:05:45.734+0000] {processor.py:186} INFO - Started process (PID=5582) to work on /home/airflow/.local/lib/python3.12/site-packages/airflow/example_dags/example_sensors.py
[2024-10-18T11:05:45.735+0000] {processor.py:914} INFO - Processing file /home/airflow/.local/lib/python3.12/site-packages/airflow/example_dags/example_sensors.py for tasks to queue
[2024-10-18T11:05:45.737+0000] {logging_mixin.py:190} INFO - [2024-10-18T11:05:45.737+0000] {dagbag.py:588} INFO - Filling up the DagBag from /home/airflow/.local/lib/python3.12/site-packages/airflow/example_dags/example_sensors.py
[2024-10-18T11:05:45.746+0000] {processor.py:925} INFO - DAG(s) 'example_sensors' retrieved from /home/airflow/.local/lib/python3.12/site-packages/airflow/example_dags/example_sensors.py
[2024-10-18T11:05:45.770+0000] {logging_mixin.py:190} INFO - [2024-10-18T11:05:45.770+0000] {dag.py:3239} INFO - Sync 1 DAGs
[2024-10-18T11:05:45.783+0000] {logging_mixin.py:190} INFO - [2024-10-18T11:05:45.782+0000] {dag.py:4180} INFO - Setting next_dagrun for example_sensors to None, run_after=None
[2024-10-18T11:05:45.803+0000] {processor.py:208} INFO - Processing /home/airflow/.local/lib/python3.12/site-packages/airflow/example_dags/example_sensors.py took 0.074 seconds
[2024-10-18T11:06:16.197+0000] {processor.py:186} INFO - Started process (PID=5868) to work on /home/airflow/.local/lib/python3.12/site-packages/airflow/example_dags/example_sensors.py
[2024-10-18T11:06:16.198+0000] {processor.py:914} INFO - Processing file /home/airflow/.local/lib/python3.12/site-packages/airflow/example_dags/example_sensors.py for tasks to queue
[2024-10-18T11:06:16.200+0000] {logging_mixin.py:190} INFO - [2024-10-18T11:06:16.200+0000] {dagbag.py:588} INFO - Filling up the DagBag from /home/airflow/.local/lib/python3.12/site-packages/airflow/example_dags/example_sensors.py
[2024-10-18T11:06:16.210+0000] {processor.py:925} INFO - DAG(s) 'example_sensors' retrieved from /home/airflow/.local/lib/python3.12/site-packages/airflow/example_dags/example_sensors.py
[2024-10-18T11:06:16.235+0000] {logging_mixin.py:190} INFO - [2024-10-18T11:06:16.235+0000] {dag.py:3239} INFO - Sync 1 DAGs
[2024-10-18T11:06:16.249+0000] {logging_mixin.py:190} INFO - [2024-10-18T11:06:16.249+0000] {dag.py:4180} INFO - Setting next_dagrun for example_sensors to None, run_after=None
[2024-10-18T11:06:16.270+0000] {processor.py:208} INFO - Processing /home/airflow/.local/lib/python3.12/site-packages/airflow/example_dags/example_sensors.py took 0.079 seconds
[2024-10-18T11:06:46.606+0000] {processor.py:186} INFO - Started process (PID=6154) to work on /home/airflow/.local/lib/python3.12/site-packages/airflow/example_dags/example_sensors.py
[2024-10-18T11:06:46.607+0000] {processor.py:914} INFO - Processing file /home/airflow/.local/lib/python3.12/site-packages/airflow/example_dags/example_sensors.py for tasks to queue
[2024-10-18T11:06:46.609+0000] {logging_mixin.py:190} INFO - [2024-10-18T11:06:46.609+0000] {dagbag.py:588} INFO - Filling up the DagBag from /home/airflow/.local/lib/python3.12/site-packages/airflow/example_dags/example_sensors.py
[2024-10-18T11:06:46.619+0000] {processor.py:925} INFO - DAG(s) 'example_sensors' retrieved from /home/airflow/.local/lib/python3.12/site-packages/airflow/example_dags/example_sensors.py
[2024-10-18T11:06:46.645+0000] {logging_mixin.py:190} INFO - [2024-10-18T11:06:46.645+0000] {dag.py:3239} INFO - Sync 1 DAGs
[2024-10-18T11:06:46.658+0000] {logging_mixin.py:190} INFO - [2024-10-18T11:06:46.658+0000] {dag.py:4180} INFO - Setting next_dagrun for example_sensors to None, run_after=None
[2024-10-18T11:06:46.675+0000] {processor.py:208} INFO - Processing /home/airflow/.local/lib/python3.12/site-packages/airflow/example_dags/example_sensors.py took 0.075 seconds
[2024-10-18T11:07:16.885+0000] {processor.py:186} INFO - Started process (PID=6440) to work on /home/airflow/.local/lib/python3.12/site-packages/airflow/example_dags/example_sensors.py
[2024-10-18T11:07:16.886+0000] {processor.py:914} INFO - Processing file /home/airflow/.local/lib/python3.12/site-packages/airflow/example_dags/example_sensors.py for tasks to queue
[2024-10-18T11:07:16.888+0000] {logging_mixin.py:190} INFO - [2024-10-18T11:07:16.888+0000] {dagbag.py:588} INFO - Filling up the DagBag from /home/airflow/.local/lib/python3.12/site-packages/airflow/example_dags/example_sensors.py
[2024-10-18T11:07:16.898+0000] {processor.py:925} INFO - DAG(s) 'example_sensors' retrieved from /home/airflow/.local/lib/python3.12/site-packages/airflow/example_dags/example_sensors.py
[2024-10-18T11:07:16.922+0000] {logging_mixin.py:190} INFO - [2024-10-18T11:07:16.921+0000] {dag.py:3239} INFO - Sync 1 DAGs
[2024-10-18T11:07:16.934+0000] {logging_mixin.py:190} INFO - [2024-10-18T11:07:16.934+0000] {dag.py:4180} INFO - Setting next_dagrun for example_sensors to None, run_after=None
[2024-10-18T11:07:16.954+0000] {processor.py:208} INFO - Processing /home/airflow/.local/lib/python3.12/site-packages/airflow/example_dags/example_sensors.py took 0.075 seconds
[2024-10-18T11:07:47.256+0000] {processor.py:186} INFO - Started process (PID=6726) to work on /home/airflow/.local/lib/python3.12/site-packages/airflow/example_dags/example_sensors.py
[2024-10-18T11:07:47.257+0000] {processor.py:914} INFO - Processing file /home/airflow/.local/lib/python3.12/site-packages/airflow/example_dags/example_sensors.py for tasks to queue
[2024-10-18T11:07:47.259+0000] {logging_mixin.py:190} INFO - [2024-10-18T11:07:47.259+0000] {dagbag.py:588} INFO - Filling up the DagBag from /home/airflow/.local/lib/python3.12/site-packages/airflow/example_dags/example_sensors.py
[2024-10-18T11:07:47.270+0000] {processor.py:925} INFO - DAG(s) 'example_sensors' retrieved from /home/airflow/.local/lib/python3.12/site-packages/airflow/example_dags/example_sensors.py
[2024-10-18T11:07:47.294+0000] {logging_mixin.py:190} INFO - [2024-10-18T11:07:47.294+0000] {dag.py:3239} INFO - Sync 1 DAGs
[2024-10-18T11:07:47.307+0000] {logging_mixin.py:190} INFO - [2024-10-18T11:07:47.306+0000] {dag.py:4180} INFO - Setting next_dagrun for example_sensors to None, run_after=None
[2024-10-18T11:07:47.324+0000] {processor.py:208} INFO - Processing /home/airflow/.local/lib/python3.12/site-packages/airflow/example_dags/example_sensors.py took 0.074 seconds
[2024-10-18T11:08:17.409+0000] {processor.py:186} INFO - Started process (PID=7012) to work on /home/airflow/.local/lib/python3.12/site-packages/airflow/example_dags/example_sensors.py
[2024-10-18T11:08:17.410+0000] {processor.py:914} INFO - Processing file /home/airflow/.local/lib/python3.12/site-packages/airflow/example_dags/example_sensors.py for tasks to queue
[2024-10-18T11:08:17.412+0000] {logging_mixin.py:190} INFO - [2024-10-18T11:08:17.412+0000] {dagbag.py:588} INFO - Filling up the DagBag from /home/airflow/.local/lib/python3.12/site-packages/airflow/example_dags/example_sensors.py
[2024-10-18T11:08:17.421+0000] {processor.py:925} INFO - DAG(s) 'example_sensors' retrieved from /home/airflow/.local/lib/python3.12/site-packages/airflow/example_dags/example_sensors.py
[2024-10-18T11:08:17.445+0000] {logging_mixin.py:190} INFO - [2024-10-18T11:08:17.444+0000] {dag.py:3239} INFO - Sync 1 DAGs
[2024-10-18T11:08:17.457+0000] {logging_mixin.py:190} INFO - [2024-10-18T11:08:17.457+0000] {dag.py:4180} INFO - Setting next_dagrun for example_sensors to None, run_after=None
[2024-10-18T11:08:17.476+0000] {processor.py:208} INFO - Processing /home/airflow/.local/lib/python3.12/site-packages/airflow/example_dags/example_sensors.py took 0.071 seconds
[2024-10-18T11:08:47.692+0000] {processor.py:186} INFO - Started process (PID=7298) to work on /home/airflow/.local/lib/python3.12/site-packages/airflow/example_dags/example_sensors.py
[2024-10-18T11:08:47.693+0000] {processor.py:914} INFO - Processing file /home/airflow/.local/lib/python3.12/site-packages/airflow/example_dags/example_sensors.py for tasks to queue
[2024-10-18T11:08:47.696+0000] {logging_mixin.py:190} INFO - [2024-10-18T11:08:47.695+0000] {dagbag.py:588} INFO - Filling up the DagBag from /home/airflow/.local/lib/python3.12/site-packages/airflow/example_dags/example_sensors.py
[2024-10-18T11:08:47.705+0000] {processor.py:925} INFO - DAG(s) 'example_sensors' retrieved from /home/airflow/.local/lib/python3.12/site-packages/airflow/example_dags/example_sensors.py
[2024-10-18T11:08:47.729+0000] {logging_mixin.py:190} INFO - [2024-10-18T11:08:47.729+0000] {dag.py:3239} INFO - Sync 1 DAGs
[2024-10-18T11:08:47.742+0000] {logging_mixin.py:190} INFO - [2024-10-18T11:08:47.742+0000] {dag.py:4180} INFO - Setting next_dagrun for example_sensors to None, run_after=None
[2024-10-18T11:08:47.760+0000] {processor.py:208} INFO - Processing /home/airflow/.local/lib/python3.12/site-packages/airflow/example_dags/example_sensors.py took 0.072 seconds
[2024-10-18T11:09:18.058+0000] {processor.py:186} INFO - Started process (PID=7584) to work on /home/airflow/.local/lib/python3.12/site-packages/airflow/example_dags/example_sensors.py
[2024-10-18T11:09:18.059+0000] {processor.py:914} INFO - Processing file /home/airflow/.local/lib/python3.12/site-packages/airflow/example_dags/example_sensors.py for tasks to queue
[2024-10-18T11:09:18.061+0000] {logging_mixin.py:190} INFO - [2024-10-18T11:09:18.060+0000] {dagbag.py:588} INFO - Filling up the DagBag from /home/airflow/.local/lib/python3.12/site-packages/airflow/example_dags/example_sensors.py
[2024-10-18T11:09:18.070+0000] {processor.py:925} INFO - DAG(s) 'example_sensors' retrieved from /home/airflow/.local/lib/python3.12/site-packages/airflow/example_dags/example_sensors.py
[2024-10-18T11:09:18.093+0000] {logging_mixin.py:190} INFO - [2024-10-18T11:09:18.093+0000] {dag.py:3239} INFO - Sync 1 DAGs
[2024-10-18T11:09:18.105+0000] {logging_mixin.py:190} INFO - [2024-10-18T11:09:18.105+0000] {dag.py:4180} INFO - Setting next_dagrun for example_sensors to None, run_after=None
[2024-10-18T11:09:18.126+0000] {processor.py:208} INFO - Processing /home/airflow/.local/lib/python3.12/site-packages/airflow/example_dags/example_sensors.py took 0.072 seconds
[2024-10-18T11:09:48.329+0000] {processor.py:186} INFO - Started process (PID=7870) to work on /home/airflow/.local/lib/python3.12/site-packages/airflow/example_dags/example_sensors.py
[2024-10-18T11:09:48.330+0000] {processor.py:914} INFO - Processing file /home/airflow/.local/lib/python3.12/site-packages/airflow/example_dags/example_sensors.py for tasks to queue
[2024-10-18T11:09:48.332+0000] {logging_mixin.py:190} INFO - [2024-10-18T11:09:48.332+0000] {dagbag.py:588} INFO - Filling up the DagBag from /home/airflow/.local/lib/python3.12/site-packages/airflow/example_dags/example_sensors.py
[2024-10-18T11:09:48.342+0000] {processor.py:925} INFO - DAG(s) 'example_sensors' retrieved from /home/airflow/.local/lib/python3.12/site-packages/airflow/example_dags/example_sensors.py
[2024-10-18T11:09:48.367+0000] {logging_mixin.py:190} INFO - [2024-10-18T11:09:48.367+0000] {dag.py:3239} INFO - Sync 1 DAGs
[2024-10-18T11:09:48.379+0000] {logging_mixin.py:190} INFO - [2024-10-18T11:09:48.379+0000] {dag.py:4180} INFO - Setting next_dagrun for example_sensors to None, run_after=None
[2024-10-18T11:09:48.399+0000] {processor.py:208} INFO - Processing /home/airflow/.local/lib/python3.12/site-packages/airflow/example_dags/example_sensors.py took 0.075 seconds
[2024-10-18T11:10:18.759+0000] {processor.py:186} INFO - Started process (PID=8156) to work on /home/airflow/.local/lib/python3.12/site-packages/airflow/example_dags/example_sensors.py
[2024-10-18T11:10:18.760+0000] {processor.py:914} INFO - Processing file /home/airflow/.local/lib/python3.12/site-packages/airflow/example_dags/example_sensors.py for tasks to queue
[2024-10-18T11:10:18.762+0000] {logging_mixin.py:190} INFO - [2024-10-18T11:10:18.762+0000] {dagbag.py:588} INFO - Filling up the DagBag from /home/airflow/.local/lib/python3.12/site-packages/airflow/example_dags/example_sensors.py
[2024-10-18T11:10:18.772+0000] {processor.py:925} INFO - DAG(s) 'example_sensors' retrieved from /home/airflow/.local/lib/python3.12/site-packages/airflow/example_dags/example_sensors.py
[2024-10-18T11:10:18.796+0000] {logging_mixin.py:190} INFO - [2024-10-18T11:10:18.796+0000] {dag.py:3239} INFO - Sync 1 DAGs
[2024-10-18T11:10:18.809+0000] {logging_mixin.py:190} INFO - [2024-10-18T11:10:18.808+0000] {dag.py:4180} INFO - Setting next_dagrun for example_sensors to None, run_after=None
[2024-10-18T11:10:18.826+0000] {processor.py:208} INFO - Processing /home/airflow/.local/lib/python3.12/site-packages/airflow/example_dags/example_sensors.py took 0.072 seconds
[2024-10-18T11:10:49.510+0000] {processor.py:186} INFO - Started process (PID=8442) to work on /home/airflow/.local/lib/python3.12/site-packages/airflow/example_dags/example_sensors.py
[2024-10-18T11:10:49.511+0000] {processor.py:914} INFO - Processing file /home/airflow/.local/lib/python3.12/site-packages/airflow/example_dags/example_sensors.py for tasks to queue
[2024-10-18T11:10:49.518+0000] {logging_mixin.py:190} INFO - [2024-10-18T11:10:49.514+0000] {dagbag.py:588} INFO - Filling up the DagBag from /home/airflow/.local/lib/python3.12/site-packages/airflow/example_dags/example_sensors.py
[2024-10-18T11:10:49.553+0000] {processor.py:925} INFO - DAG(s) 'example_sensors' retrieved from /home/airflow/.local/lib/python3.12/site-packages/airflow/example_dags/example_sensors.py
[2024-10-18T11:10:49.602+0000] {logging_mixin.py:190} INFO - [2024-10-18T11:10:49.601+0000] {dag.py:3239} INFO - Sync 1 DAGs
[2024-10-18T11:10:49.645+0000] {logging_mixin.py:190} INFO - [2024-10-18T11:10:49.644+0000] {dag.py:4180} INFO - Setting next_dagrun for example_sensors to None, run_after=None
[2024-10-18T11:10:49.695+0000] {processor.py:208} INFO - Processing /home/airflow/.local/lib/python3.12/site-packages/airflow/example_dags/example_sensors.py took 0.199 seconds
[2024-10-18T11:11:20.228+0000] {processor.py:186} INFO - Started process (PID=8728) to work on /home/airflow/.local/lib/python3.12/site-packages/airflow/example_dags/example_sensors.py
[2024-10-18T11:11:20.229+0000] {processor.py:914} INFO - Processing file /home/airflow/.local/lib/python3.12/site-packages/airflow/example_dags/example_sensors.py for tasks to queue
[2024-10-18T11:11:20.231+0000] {logging_mixin.py:190} INFO - [2024-10-18T11:11:20.231+0000] {dagbag.py:588} INFO - Filling up the DagBag from /home/airflow/.local/lib/python3.12/site-packages/airflow/example_dags/example_sensors.py
[2024-10-18T11:11:20.242+0000] {processor.py:925} INFO - DAG(s) 'example_sensors' retrieved from /home/airflow/.local/lib/python3.12/site-packages/airflow/example_dags/example_sensors.py
[2024-10-18T11:11:20.269+0000] {logging_mixin.py:190} INFO - [2024-10-18T11:11:20.268+0000] {dag.py:3239} INFO - Sync 1 DAGs
[2024-10-18T11:11:20.281+0000] {logging_mixin.py:190} INFO - [2024-10-18T11:11:20.281+0000] {dag.py:4180} INFO - Setting next_dagrun for example_sensors to None, run_after=None
[2024-10-18T11:11:20.308+0000] {processor.py:208} INFO - Processing /home/airflow/.local/lib/python3.12/site-packages/airflow/example_dags/example_sensors.py took 0.085 seconds
[2024-10-18T11:11:50.779+0000] {processor.py:186} INFO - Started process (PID=9014) to work on /home/airflow/.local/lib/python3.12/site-packages/airflow/example_dags/example_sensors.py
[2024-10-18T11:11:50.781+0000] {processor.py:914} INFO - Processing file /home/airflow/.local/lib/python3.12/site-packages/airflow/example_dags/example_sensors.py for tasks to queue
[2024-10-18T11:11:50.783+0000] {logging_mixin.py:190} INFO - [2024-10-18T11:11:50.782+0000] {dagbag.py:588} INFO - Filling up the DagBag from /home/airflow/.local/lib/python3.12/site-packages/airflow/example_dags/example_sensors.py
[2024-10-18T11:11:50.797+0000] {processor.py:925} INFO - DAG(s) 'example_sensors' retrieved from /home/airflow/.local/lib/python3.12/site-packages/airflow/example_dags/example_sensors.py
[2024-10-18T11:11:50.822+0000] {logging_mixin.py:190} INFO - [2024-10-18T11:11:50.822+0000] {dag.py:3239} INFO - Sync 1 DAGs
[2024-10-18T11:11:50.836+0000] {logging_mixin.py:190} INFO - [2024-10-18T11:11:50.836+0000] {dag.py:4180} INFO - Setting next_dagrun for example_sensors to None, run_after=None
[2024-10-18T11:11:50.859+0000] {processor.py:208} INFO - Processing /home/airflow/.local/lib/python3.12/site-packages/airflow/example_dags/example_sensors.py took 0.086 seconds
[2024-10-18T11:12:21.361+0000] {processor.py:186} INFO - Started process (PID=9305) to work on /home/airflow/.local/lib/python3.12/site-packages/airflow/example_dags/example_sensors.py
[2024-10-18T11:12:21.362+0000] {processor.py:914} INFO - Processing file /home/airflow/.local/lib/python3.12/site-packages/airflow/example_dags/example_sensors.py for tasks to queue
[2024-10-18T11:12:21.365+0000] {logging_mixin.py:190} INFO - [2024-10-18T11:12:21.364+0000] {dagbag.py:588} INFO - Filling up the DagBag from /home/airflow/.local/lib/python3.12/site-packages/airflow/example_dags/example_sensors.py
[2024-10-18T11:12:21.375+0000] {processor.py:925} INFO - DAG(s) 'example_sensors' retrieved from /home/airflow/.local/lib/python3.12/site-packages/airflow/example_dags/example_sensors.py
[2024-10-18T11:12:21.408+0000] {logging_mixin.py:190} INFO - [2024-10-18T11:12:21.407+0000] {dag.py:3239} INFO - Sync 1 DAGs
[2024-10-18T11:12:21.424+0000] {logging_mixin.py:190} INFO - [2024-10-18T11:12:21.424+0000] {dag.py:4180} INFO - Setting next_dagrun for example_sensors to None, run_after=None
[2024-10-18T11:12:21.449+0000] {processor.py:208} INFO - Processing /home/airflow/.local/lib/python3.12/site-packages/airflow/example_dags/example_sensors.py took 0.094 seconds
[2024-10-18T11:12:52.035+0000] {processor.py:186} INFO - Started process (PID=9592) to work on /home/airflow/.local/lib/python3.12/site-packages/airflow/example_dags/example_sensors.py
[2024-10-18T11:12:52.036+0000] {processor.py:914} INFO - Processing file /home/airflow/.local/lib/python3.12/site-packages/airflow/example_dags/example_sensors.py for tasks to queue
[2024-10-18T11:12:52.039+0000] {logging_mixin.py:190} INFO - [2024-10-18T11:12:52.039+0000] {dagbag.py:588} INFO - Filling up the DagBag from /home/airflow/.local/lib/python3.12/site-packages/airflow/example_dags/example_sensors.py
[2024-10-18T11:12:52.052+0000] {processor.py:925} INFO - DAG(s) 'example_sensors' retrieved from /home/airflow/.local/lib/python3.12/site-packages/airflow/example_dags/example_sensors.py
[2024-10-18T11:12:52.081+0000] {logging_mixin.py:190} INFO - [2024-10-18T11:12:52.081+0000] {dag.py:3239} INFO - Sync 1 DAGs
[2024-10-18T11:12:52.095+0000] {logging_mixin.py:190} INFO - [2024-10-18T11:12:52.095+0000] {dag.py:4180} INFO - Setting next_dagrun for example_sensors to None, run_after=None
[2024-10-18T11:12:52.117+0000] {processor.py:208} INFO - Processing /home/airflow/.local/lib/python3.12/site-packages/airflow/example_dags/example_sensors.py took 0.088 seconds
[2024-10-18T11:13:22.211+0000] {processor.py:186} INFO - Started process (PID=9878) to work on /home/airflow/.local/lib/python3.12/site-packages/airflow/example_dags/example_sensors.py
[2024-10-18T11:13:22.212+0000] {processor.py:914} INFO - Processing file /home/airflow/.local/lib/python3.12/site-packages/airflow/example_dags/example_sensors.py for tasks to queue
[2024-10-18T11:13:22.214+0000] {logging_mixin.py:190} INFO - [2024-10-18T11:13:22.214+0000] {dagbag.py:588} INFO - Filling up the DagBag from /home/airflow/.local/lib/python3.12/site-packages/airflow/example_dags/example_sensors.py
[2024-10-18T11:13:22.226+0000] {processor.py:925} INFO - DAG(s) 'example_sensors' retrieved from /home/airflow/.local/lib/python3.12/site-packages/airflow/example_dags/example_sensors.py
[2024-10-18T11:13:22.254+0000] {logging_mixin.py:190} INFO - [2024-10-18T11:13:22.254+0000] {dag.py:3239} INFO - Sync 1 DAGs
[2024-10-18T11:13:22.268+0000] {logging_mixin.py:190} INFO - [2024-10-18T11:13:22.268+0000] {dag.py:4180} INFO - Setting next_dagrun for example_sensors to None, run_after=None
[2024-10-18T11:13:22.290+0000] {processor.py:208} INFO - Processing /home/airflow/.local/lib/python3.12/site-packages/airflow/example_dags/example_sensors.py took 0.084 seconds
[2024-10-18T11:13:52.872+0000] {processor.py:186} INFO - Started process (PID=10164) to work on /home/airflow/.local/lib/python3.12/site-packages/airflow/example_dags/example_sensors.py
[2024-10-18T11:13:52.874+0000] {processor.py:914} INFO - Processing file /home/airflow/.local/lib/python3.12/site-packages/airflow/example_dags/example_sensors.py for tasks to queue
[2024-10-18T11:13:52.877+0000] {logging_mixin.py:190} INFO - [2024-10-18T11:13:52.876+0000] {dagbag.py:588} INFO - Filling up the DagBag from /home/airflow/.local/lib/python3.12/site-packages/airflow/example_dags/example_sensors.py
[2024-10-18T11:13:52.890+0000] {processor.py:925} INFO - DAG(s) 'example_sensors' retrieved from /home/airflow/.local/lib/python3.12/site-packages/airflow/example_dags/example_sensors.py
[2024-10-18T11:13:52.938+0000] {logging_mixin.py:190} INFO - [2024-10-18T11:13:52.938+0000] {dag.py:3239} INFO - Sync 1 DAGs
[2024-10-18T11:13:52.964+0000] {logging_mixin.py:190} INFO - [2024-10-18T11:13:52.964+0000] {dag.py:4180} INFO - Setting next_dagrun for example_sensors to None, run_after=None
[2024-10-18T11:13:53.000+0000] {processor.py:208} INFO - Processing /home/airflow/.local/lib/python3.12/site-packages/airflow/example_dags/example_sensors.py took 0.135 seconds
[2024-10-18T11:14:23.819+0000] {processor.py:186} INFO - Started process (PID=10469) to work on /home/airflow/.local/lib/python3.12/site-packages/airflow/example_dags/example_sensors.py
[2024-10-18T11:14:23.820+0000] {processor.py:914} INFO - Processing file /home/airflow/.local/lib/python3.12/site-packages/airflow/example_dags/example_sensors.py for tasks to queue
[2024-10-18T11:14:23.822+0000] {logging_mixin.py:190} INFO - [2024-10-18T11:14:23.822+0000] {dagbag.py:588} INFO - Filling up the DagBag from /home/airflow/.local/lib/python3.12/site-packages/airflow/example_dags/example_sensors.py
[2024-10-18T11:14:23.834+0000] {processor.py:925} INFO - DAG(s) 'example_sensors' retrieved from /home/airflow/.local/lib/python3.12/site-packages/airflow/example_dags/example_sensors.py
[2024-10-18T11:14:23.863+0000] {logging_mixin.py:190} INFO - [2024-10-18T11:14:23.863+0000] {dag.py:3239} INFO - Sync 1 DAGs
[2024-10-18T11:14:23.879+0000] {logging_mixin.py:190} INFO - [2024-10-18T11:14:23.879+0000] {dag.py:4180} INFO - Setting next_dagrun for example_sensors to None, run_after=None
[2024-10-18T11:14:23.903+0000] {processor.py:208} INFO - Processing /home/airflow/.local/lib/python3.12/site-packages/airflow/example_dags/example_sensors.py took 0.091 seconds
[2024-10-18T11:14:54.842+0000] {processor.py:186} INFO - Started process (PID=10769) to work on /home/airflow/.local/lib/python3.12/site-packages/airflow/example_dags/example_sensors.py
[2024-10-18T11:14:54.845+0000] {processor.py:914} INFO - Processing file /home/airflow/.local/lib/python3.12/site-packages/airflow/example_dags/example_sensors.py for tasks to queue
[2024-10-18T11:14:54.851+0000] {logging_mixin.py:190} INFO - [2024-10-18T11:14:54.850+0000] {dagbag.py:588} INFO - Filling up the DagBag from /home/airflow/.local/lib/python3.12/site-packages/airflow/example_dags/example_sensors.py
[2024-10-18T11:14:54.899+0000] {processor.py:925} INFO - DAG(s) 'example_sensors' retrieved from /home/airflow/.local/lib/python3.12/site-packages/airflow/example_dags/example_sensors.py
[2024-10-18T11:14:54.957+0000] {logging_mixin.py:190} INFO - [2024-10-18T11:14:54.956+0000] {dag.py:3239} INFO - Sync 1 DAGs
[2024-10-18T11:14:54.990+0000] {logging_mixin.py:190} INFO - [2024-10-18T11:14:54.989+0000] {dag.py:4180} INFO - Setting next_dagrun for example_sensors to None, run_after=None
[2024-10-18T11:14:55.031+0000] {processor.py:208} INFO - Processing /home/airflow/.local/lib/python3.12/site-packages/airflow/example_dags/example_sensors.py took 0.201 seconds
[2024-10-18T11:15:25.099+0000] {processor.py:186} INFO - Started process (PID=11052) to work on /home/airflow/.local/lib/python3.12/site-packages/airflow/example_dags/example_sensors.py
[2024-10-18T11:15:25.100+0000] {processor.py:914} INFO - Processing file /home/airflow/.local/lib/python3.12/site-packages/airflow/example_dags/example_sensors.py for tasks to queue
[2024-10-18T11:15:25.102+0000] {logging_mixin.py:190} INFO - [2024-10-18T11:15:25.102+0000] {dagbag.py:588} INFO - Filling up the DagBag from /home/airflow/.local/lib/python3.12/site-packages/airflow/example_dags/example_sensors.py
[2024-10-18T11:15:25.113+0000] {processor.py:925} INFO - DAG(s) 'example_sensors' retrieved from /home/airflow/.local/lib/python3.12/site-packages/airflow/example_dags/example_sensors.py
[2024-10-18T11:15:25.140+0000] {logging_mixin.py:190} INFO - [2024-10-18T11:15:25.140+0000] {dag.py:3239} INFO - Sync 1 DAGs
[2024-10-18T11:15:25.155+0000] {logging_mixin.py:190} INFO - [2024-10-18T11:15:25.155+0000] {dag.py:4180} INFO - Setting next_dagrun for example_sensors to None, run_after=None
[2024-10-18T11:15:25.178+0000] {processor.py:208} INFO - Processing /home/airflow/.local/lib/python3.12/site-packages/airflow/example_dags/example_sensors.py took 0.085 seconds
[2024-10-18T11:15:55.262+0000] {processor.py:186} INFO - Started process (PID=11335) to work on /home/airflow/.local/lib/python3.12/site-packages/airflow/example_dags/example_sensors.py
[2024-10-18T11:15:55.264+0000] {processor.py:914} INFO - Processing file /home/airflow/.local/lib/python3.12/site-packages/airflow/example_dags/example_sensors.py for tasks to queue
[2024-10-18T11:15:55.267+0000] {logging_mixin.py:190} INFO - [2024-10-18T11:15:55.267+0000] {dagbag.py:588} INFO - Filling up the DagBag from /home/airflow/.local/lib/python3.12/site-packages/airflow/example_dags/example_sensors.py
[2024-10-18T11:15:55.283+0000] {processor.py:925} INFO - DAG(s) 'example_sensors' retrieved from /home/airflow/.local/lib/python3.12/site-packages/airflow/example_dags/example_sensors.py
[2024-10-18T11:15:55.323+0000] {logging_mixin.py:190} INFO - [2024-10-18T11:15:55.322+0000] {dag.py:3239} INFO - Sync 1 DAGs
[2024-10-18T11:15:55.350+0000] {logging_mixin.py:190} INFO - [2024-10-18T11:15:55.350+0000] {dag.py:4180} INFO - Setting next_dagrun for example_sensors to None, run_after=None
[2024-10-18T11:15:55.383+0000] {processor.py:208} INFO - Processing /home/airflow/.local/lib/python3.12/site-packages/airflow/example_dags/example_sensors.py took 0.130 seconds
[2024-10-18T11:16:26.535+0000] {processor.py:186} INFO - Started process (PID=11621) to work on /home/airflow/.local/lib/python3.12/site-packages/airflow/example_dags/example_sensors.py
[2024-10-18T11:16:26.537+0000] {processor.py:914} INFO - Processing file /home/airflow/.local/lib/python3.12/site-packages/airflow/example_dags/example_sensors.py for tasks to queue
[2024-10-18T11:16:26.540+0000] {logging_mixin.py:190} INFO - [2024-10-18T11:16:26.539+0000] {dagbag.py:588} INFO - Filling up the DagBag from /home/airflow/.local/lib/python3.12/site-packages/airflow/example_dags/example_sensors.py
[2024-10-18T11:16:26.554+0000] {processor.py:925} INFO - DAG(s) 'example_sensors' retrieved from /home/airflow/.local/lib/python3.12/site-packages/airflow/example_dags/example_sensors.py
[2024-10-18T11:16:26.588+0000] {logging_mixin.py:190} INFO - [2024-10-18T11:16:26.587+0000] {dag.py:3239} INFO - Sync 1 DAGs
[2024-10-18T11:16:26.608+0000] {logging_mixin.py:190} INFO - [2024-10-18T11:16:26.608+0000] {dag.py:4180} INFO - Setting next_dagrun for example_sensors to None, run_after=None
[2024-10-18T11:16:26.635+0000] {processor.py:208} INFO - Processing /home/airflow/.local/lib/python3.12/site-packages/airflow/example_dags/example_sensors.py took 0.111 seconds
[2024-10-18T11:16:57.899+0000] {processor.py:186} INFO - Started process (PID=11947) to work on /home/airflow/.local/lib/python3.12/site-packages/airflow/example_dags/example_sensors.py
[2024-10-18T11:16:57.901+0000] {processor.py:914} INFO - Processing file /home/airflow/.local/lib/python3.12/site-packages/airflow/example_dags/example_sensors.py for tasks to queue
[2024-10-18T11:16:57.904+0000] {logging_mixin.py:190} INFO - [2024-10-18T11:16:57.904+0000] {dagbag.py:588} INFO - Filling up the DagBag from /home/airflow/.local/lib/python3.12/site-packages/airflow/example_dags/example_sensors.py
[2024-10-18T11:16:57.926+0000] {processor.py:925} INFO - DAG(s) 'example_sensors' retrieved from /home/airflow/.local/lib/python3.12/site-packages/airflow/example_dags/example_sensors.py
[2024-10-18T11:16:57.966+0000] {logging_mixin.py:190} INFO - [2024-10-18T11:16:57.965+0000] {dag.py:3239} INFO - Sync 1 DAGs
[2024-10-18T11:16:57.990+0000] {logging_mixin.py:190} INFO - [2024-10-18T11:16:57.990+0000] {dag.py:4180} INFO - Setting next_dagrun for example_sensors to None, run_after=None
[2024-10-18T11:16:58.021+0000] {processor.py:208} INFO - Processing /home/airflow/.local/lib/python3.12/site-packages/airflow/example_dags/example_sensors.py took 0.132 seconds
[2024-10-18T11:17:29.057+0000] {processor.py:186} INFO - Started process (PID=12232) to work on /home/airflow/.local/lib/python3.12/site-packages/airflow/example_dags/example_sensors.py
[2024-10-18T11:17:29.061+0000] {processor.py:914} INFO - Processing file /home/airflow/.local/lib/python3.12/site-packages/airflow/example_dags/example_sensors.py for tasks to queue
[2024-10-18T11:17:29.064+0000] {logging_mixin.py:190} INFO - [2024-10-18T11:17:29.064+0000] {dagbag.py:588} INFO - Filling up the DagBag from /home/airflow/.local/lib/python3.12/site-packages/airflow/example_dags/example_sensors.py
[2024-10-18T11:17:29.094+0000] {processor.py:925} INFO - DAG(s) 'example_sensors' retrieved from /home/airflow/.local/lib/python3.12/site-packages/airflow/example_dags/example_sensors.py
[2024-10-18T11:17:29.167+0000] {logging_mixin.py:190} INFO - [2024-10-18T11:17:29.166+0000] {dag.py:3239} INFO - Sync 1 DAGs
[2024-10-18T11:17:29.211+0000] {logging_mixin.py:190} INFO - [2024-10-18T11:17:29.211+0000] {dag.py:4180} INFO - Setting next_dagrun for example_sensors to None, run_after=None
[2024-10-18T11:17:29.270+0000] {processor.py:208} INFO - Processing /home/airflow/.local/lib/python3.12/site-packages/airflow/example_dags/example_sensors.py took 0.237 seconds
[2024-10-18T11:18:00.874+0000] {processor.py:186} INFO - Started process (PID=12518) to work on /home/airflow/.local/lib/python3.12/site-packages/airflow/example_dags/example_sensors.py
[2024-10-18T11:18:00.877+0000] {processor.py:914} INFO - Processing file /home/airflow/.local/lib/python3.12/site-packages/airflow/example_dags/example_sensors.py for tasks to queue
[2024-10-18T11:18:00.940+0000] {logging_mixin.py:190} INFO - [2024-10-18T11:18:00.939+0000] {dagbag.py:588} INFO - Filling up the DagBag from /home/airflow/.local/lib/python3.12/site-packages/airflow/example_dags/example_sensors.py
[2024-10-18T11:18:01.089+0000] {processor.py:925} INFO - DAG(s) 'example_sensors' retrieved from /home/airflow/.local/lib/python3.12/site-packages/airflow/example_dags/example_sensors.py
[2024-10-18T11:18:01.325+0000] {logging_mixin.py:190} INFO - [2024-10-18T11:18:01.323+0000] {dag.py:3239} INFO - Sync 1 DAGs
[2024-10-18T11:18:01.641+0000] {logging_mixin.py:190} INFO - [2024-10-18T11:18:01.640+0000] {dag.py:4180} INFO - Setting next_dagrun for example_sensors to None, run_after=None
[2024-10-18T11:18:01.769+0000] {processor.py:208} INFO - Processing /home/airflow/.local/lib/python3.12/site-packages/airflow/example_dags/example_sensors.py took 0.908 seconds
[2024-10-18T11:18:31.929+0000] {processor.py:186} INFO - Started process (PID=12804) to work on /home/airflow/.local/lib/python3.12/site-packages/airflow/example_dags/example_sensors.py
[2024-10-18T11:18:31.931+0000] {processor.py:914} INFO - Processing file /home/airflow/.local/lib/python3.12/site-packages/airflow/example_dags/example_sensors.py for tasks to queue
[2024-10-18T11:18:31.934+0000] {logging_mixin.py:190} INFO - [2024-10-18T11:18:31.934+0000] {dagbag.py:588} INFO - Filling up the DagBag from /home/airflow/.local/lib/python3.12/site-packages/airflow/example_dags/example_sensors.py
[2024-10-18T11:18:31.961+0000] {processor.py:925} INFO - DAG(s) 'example_sensors' retrieved from /home/airflow/.local/lib/python3.12/site-packages/airflow/example_dags/example_sensors.py
[2024-10-18T11:18:32.017+0000] {logging_mixin.py:190} INFO - [2024-10-18T11:18:32.016+0000] {dag.py:3239} INFO - Sync 1 DAGs
[2024-10-18T11:18:32.049+0000] {logging_mixin.py:190} INFO - [2024-10-18T11:18:32.048+0000] {dag.py:4180} INFO - Setting next_dagrun for example_sensors to None, run_after=None
[2024-10-18T11:18:32.097+0000] {processor.py:208} INFO - Processing /home/airflow/.local/lib/python3.12/site-packages/airflow/example_dags/example_sensors.py took 0.181 seconds
[2024-10-18T11:19:02.658+0000] {processor.py:186} INFO - Started process (PID=13091) to work on /home/airflow/.local/lib/python3.12/site-packages/airflow/example_dags/example_sensors.py
[2024-10-18T11:19:02.659+0000] {processor.py:914} INFO - Processing file /home/airflow/.local/lib/python3.12/site-packages/airflow/example_dags/example_sensors.py for tasks to queue
[2024-10-18T11:19:02.663+0000] {logging_mixin.py:190} INFO - [2024-10-18T11:19:02.663+0000] {dagbag.py:588} INFO - Filling up the DagBag from /home/airflow/.local/lib/python3.12/site-packages/airflow/example_dags/example_sensors.py
[2024-10-18T11:19:02.681+0000] {processor.py:925} INFO - DAG(s) 'example_sensors' retrieved from /home/airflow/.local/lib/python3.12/site-packages/airflow/example_dags/example_sensors.py
[2024-10-18T11:19:02.722+0000] {logging_mixin.py:190} INFO - [2024-10-18T11:19:02.722+0000] {dag.py:3239} INFO - Sync 1 DAGs
[2024-10-18T11:19:02.748+0000] {logging_mixin.py:190} INFO - [2024-10-18T11:19:02.748+0000] {dag.py:4180} INFO - Setting next_dagrun for example_sensors to None, run_after=None
[2024-10-18T11:19:02.782+0000] {processor.py:208} INFO - Processing /home/airflow/.local/lib/python3.12/site-packages/airflow/example_dags/example_sensors.py took 0.138 seconds
[2024-10-18T11:19:33.718+0000] {processor.py:186} INFO - Started process (PID=13377) to work on /home/airflow/.local/lib/python3.12/site-packages/airflow/example_dags/example_sensors.py
[2024-10-18T11:19:33.719+0000] {processor.py:914} INFO - Processing file /home/airflow/.local/lib/python3.12/site-packages/airflow/example_dags/example_sensors.py for tasks to queue
[2024-10-18T11:19:33.721+0000] {logging_mixin.py:190} INFO - [2024-10-18T11:19:33.721+0000] {dagbag.py:588} INFO - Filling up the DagBag from /home/airflow/.local/lib/python3.12/site-packages/airflow/example_dags/example_sensors.py
[2024-10-18T11:19:33.732+0000] {processor.py:925} INFO - DAG(s) 'example_sensors' retrieved from /home/airflow/.local/lib/python3.12/site-packages/airflow/example_dags/example_sensors.py
[2024-10-18T11:19:33.758+0000] {logging_mixin.py:190} INFO - [2024-10-18T11:19:33.758+0000] {dag.py:3239} INFO - Sync 1 DAGs
[2024-10-18T11:19:33.771+0000] {logging_mixin.py:190} INFO - [2024-10-18T11:19:33.771+0000] {dag.py:4180} INFO - Setting next_dagrun for example_sensors to None, run_after=None
[2024-10-18T11:19:33.942+0000] {processor.py:208} INFO - Processing /home/airflow/.local/lib/python3.12/site-packages/airflow/example_dags/example_sensors.py took 0.229 seconds
[2024-10-18T11:20:04.243+0000] {processor.py:186} INFO - Started process (PID=13665) to work on /home/airflow/.local/lib/python3.12/site-packages/airflow/example_dags/example_sensors.py
[2024-10-18T11:20:04.244+0000] {processor.py:914} INFO - Processing file /home/airflow/.local/lib/python3.12/site-packages/airflow/example_dags/example_sensors.py for tasks to queue
[2024-10-18T11:20:04.247+0000] {logging_mixin.py:190} INFO - [2024-10-18T11:20:04.247+0000] {dagbag.py:588} INFO - Filling up the DagBag from /home/airflow/.local/lib/python3.12/site-packages/airflow/example_dags/example_sensors.py
[2024-10-18T11:20:04.264+0000] {processor.py:925} INFO - DAG(s) 'example_sensors' retrieved from /home/airflow/.local/lib/python3.12/site-packages/airflow/example_dags/example_sensors.py
[2024-10-18T11:20:04.316+0000] {logging_mixin.py:190} INFO - [2024-10-18T11:20:04.315+0000] {dag.py:3239} INFO - Sync 1 DAGs
[2024-10-18T11:20:04.351+0000] {logging_mixin.py:190} INFO - [2024-10-18T11:20:04.351+0000] {dag.py:4180} INFO - Setting next_dagrun for example_sensors to None, run_after=None
[2024-10-18T11:20:04.389+0000] {processor.py:208} INFO - Processing /home/airflow/.local/lib/python3.12/site-packages/airflow/example_dags/example_sensors.py took 0.154 seconds
[2024-10-18T11:20:35.120+0000] {processor.py:186} INFO - Started process (PID=13950) to work on /home/airflow/.local/lib/python3.12/site-packages/airflow/example_dags/example_sensors.py
[2024-10-18T11:20:35.128+0000] {processor.py:914} INFO - Processing file /home/airflow/.local/lib/python3.12/site-packages/airflow/example_dags/example_sensors.py for tasks to queue
[2024-10-18T11:20:35.138+0000] {logging_mixin.py:190} INFO - [2024-10-18T11:20:35.138+0000] {dagbag.py:588} INFO - Filling up the DagBag from /home/airflow/.local/lib/python3.12/site-packages/airflow/example_dags/example_sensors.py
[2024-10-18T11:20:35.182+0000] {processor.py:925} INFO - DAG(s) 'example_sensors' retrieved from /home/airflow/.local/lib/python3.12/site-packages/airflow/example_dags/example_sensors.py
[2024-10-18T11:20:35.352+0000] {logging_mixin.py:190} INFO - [2024-10-18T11:20:35.351+0000] {dag.py:3239} INFO - Sync 1 DAGs
[2024-10-18T11:20:35.446+0000] {logging_mixin.py:190} INFO - [2024-10-18T11:20:35.445+0000] {dag.py:4180} INFO - Setting next_dagrun for example_sensors to None, run_after=None
[2024-10-18T11:20:35.606+0000] {processor.py:208} INFO - Processing /home/airflow/.local/lib/python3.12/site-packages/airflow/example_dags/example_sensors.py took 0.512 seconds
[2024-10-18T11:21:06.513+0000] {processor.py:186} INFO - Started process (PID=14236) to work on /home/airflow/.local/lib/python3.12/site-packages/airflow/example_dags/example_sensors.py
[2024-10-18T11:21:06.514+0000] {processor.py:914} INFO - Processing file /home/airflow/.local/lib/python3.12/site-packages/airflow/example_dags/example_sensors.py for tasks to queue
[2024-10-18T11:21:06.518+0000] {logging_mixin.py:190} INFO - [2024-10-18T11:21:06.517+0000] {dagbag.py:588} INFO - Filling up the DagBag from /home/airflow/.local/lib/python3.12/site-packages/airflow/example_dags/example_sensors.py
[2024-10-18T11:21:06.537+0000] {processor.py:925} INFO - DAG(s) 'example_sensors' retrieved from /home/airflow/.local/lib/python3.12/site-packages/airflow/example_dags/example_sensors.py
[2024-10-18T11:21:06.572+0000] {logging_mixin.py:190} INFO - [2024-10-18T11:21:06.572+0000] {dag.py:3239} INFO - Sync 1 DAGs
[2024-10-18T11:21:06.593+0000] {logging_mixin.py:190} INFO - [2024-10-18T11:21:06.593+0000] {dag.py:4180} INFO - Setting next_dagrun for example_sensors to None, run_after=None
[2024-10-18T11:21:06.626+0000] {processor.py:208} INFO - Processing /home/airflow/.local/lib/python3.12/site-packages/airflow/example_dags/example_sensors.py took 0.120 seconds
[2024-10-18T11:21:37.939+0000] {processor.py:186} INFO - Started process (PID=14522) to work on /home/airflow/.local/lib/python3.12/site-packages/airflow/example_dags/example_sensors.py
[2024-10-18T11:21:37.940+0000] {processor.py:914} INFO - Processing file /home/airflow/.local/lib/python3.12/site-packages/airflow/example_dags/example_sensors.py for tasks to queue
[2024-10-18T11:21:37.945+0000] {logging_mixin.py:190} INFO - [2024-10-18T11:21:37.944+0000] {dagbag.py:588} INFO - Filling up the DagBag from /home/airflow/.local/lib/python3.12/site-packages/airflow/example_dags/example_sensors.py
[2024-10-18T11:21:37.964+0000] {processor.py:925} INFO - DAG(s) 'example_sensors' retrieved from /home/airflow/.local/lib/python3.12/site-packages/airflow/example_dags/example_sensors.py
[2024-10-18T11:21:38.258+0000] {logging_mixin.py:190} INFO - [2024-10-18T11:21:38.257+0000] {dag.py:3239} INFO - Sync 1 DAGs
[2024-10-18T11:21:38.302+0000] {logging_mixin.py:190} INFO - [2024-10-18T11:21:38.302+0000] {dag.py:4180} INFO - Setting next_dagrun for example_sensors to None, run_after=None
[2024-10-18T11:21:38.340+0000] {processor.py:208} INFO - Processing /home/airflow/.local/lib/python3.12/site-packages/airflow/example_dags/example_sensors.py took 0.410 seconds
[2024-10-18T11:22:08.462+0000] {processor.py:186} INFO - Started process (PID=14810) to work on /home/airflow/.local/lib/python3.12/site-packages/airflow/example_dags/example_sensors.py
[2024-10-18T11:22:08.463+0000] {processor.py:914} INFO - Processing file /home/airflow/.local/lib/python3.12/site-packages/airflow/example_dags/example_sensors.py for tasks to queue
[2024-10-18T11:22:08.466+0000] {logging_mixin.py:190} INFO - [2024-10-18T11:22:08.466+0000] {dagbag.py:588} INFO - Filling up the DagBag from /home/airflow/.local/lib/python3.12/site-packages/airflow/example_dags/example_sensors.py
[2024-10-18T11:22:08.481+0000] {processor.py:925} INFO - DAG(s) 'example_sensors' retrieved from /home/airflow/.local/lib/python3.12/site-packages/airflow/example_dags/example_sensors.py
[2024-10-18T11:22:08.519+0000] {logging_mixin.py:190} INFO - [2024-10-18T11:22:08.519+0000] {dag.py:3239} INFO - Sync 1 DAGs
[2024-10-18T11:22:08.540+0000] {logging_mixin.py:190} INFO - [2024-10-18T11:22:08.540+0000] {dag.py:4180} INFO - Setting next_dagrun for example_sensors to None, run_after=None
[2024-10-18T11:22:08.566+0000] {processor.py:208} INFO - Processing /home/airflow/.local/lib/python3.12/site-packages/airflow/example_dags/example_sensors.py took 0.113 seconds
[2024-10-18T11:22:39.280+0000] {processor.py:186} INFO - Started process (PID=15094) to work on /home/airflow/.local/lib/python3.12/site-packages/airflow/example_dags/example_sensors.py
[2024-10-18T11:22:39.282+0000] {processor.py:914} INFO - Processing file /home/airflow/.local/lib/python3.12/site-packages/airflow/example_dags/example_sensors.py for tasks to queue
[2024-10-18T11:22:39.287+0000] {logging_mixin.py:190} INFO - [2024-10-18T11:22:39.286+0000] {dagbag.py:588} INFO - Filling up the DagBag from /home/airflow/.local/lib/python3.12/site-packages/airflow/example_dags/example_sensors.py
[2024-10-18T11:22:39.316+0000] {processor.py:925} INFO - DAG(s) 'example_sensors' retrieved from /home/airflow/.local/lib/python3.12/site-packages/airflow/example_dags/example_sensors.py
[2024-10-18T11:22:39.396+0000] {logging_mixin.py:190} INFO - [2024-10-18T11:22:39.395+0000] {dag.py:3239} INFO - Sync 1 DAGs
[2024-10-18T11:22:39.432+0000] {logging_mixin.py:190} INFO - [2024-10-18T11:22:39.432+0000] {dag.py:4180} INFO - Setting next_dagrun for example_sensors to None, run_after=None
[2024-10-18T11:22:39.477+0000] {processor.py:208} INFO - Processing /home/airflow/.local/lib/python3.12/site-packages/airflow/example_dags/example_sensors.py took 0.211 seconds
[2024-10-18T11:23:10.263+0000] {processor.py:186} INFO - Started process (PID=15382) to work on /home/airflow/.local/lib/python3.12/site-packages/airflow/example_dags/example_sensors.py
[2024-10-18T11:23:10.264+0000] {processor.py:914} INFO - Processing file /home/airflow/.local/lib/python3.12/site-packages/airflow/example_dags/example_sensors.py for tasks to queue
[2024-10-18T11:23:10.266+0000] {logging_mixin.py:190} INFO - [2024-10-18T11:23:10.266+0000] {dagbag.py:588} INFO - Filling up the DagBag from /home/airflow/.local/lib/python3.12/site-packages/airflow/example_dags/example_sensors.py
[2024-10-18T11:23:10.277+0000] {processor.py:925} INFO - DAG(s) 'example_sensors' retrieved from /home/airflow/.local/lib/python3.12/site-packages/airflow/example_dags/example_sensors.py
[2024-10-18T11:23:10.304+0000] {logging_mixin.py:190} INFO - [2024-10-18T11:23:10.304+0000] {dag.py:3239} INFO - Sync 1 DAGs
[2024-10-18T11:23:10.319+0000] {logging_mixin.py:190} INFO - [2024-10-18T11:23:10.318+0000] {dag.py:4180} INFO - Setting next_dagrun for example_sensors to None, run_after=None
[2024-10-18T11:23:10.338+0000] {processor.py:208} INFO - Processing /home/airflow/.local/lib/python3.12/site-packages/airflow/example_dags/example_sensors.py took 0.081 seconds
[2024-10-18T11:23:40.802+0000] {processor.py:186} INFO - Started process (PID=15666) to work on /home/airflow/.local/lib/python3.12/site-packages/airflow/example_dags/example_sensors.py
[2024-10-18T11:23:40.804+0000] {processor.py:914} INFO - Processing file /home/airflow/.local/lib/python3.12/site-packages/airflow/example_dags/example_sensors.py for tasks to queue
[2024-10-18T11:23:40.807+0000] {logging_mixin.py:190} INFO - [2024-10-18T11:23:40.806+0000] {dagbag.py:588} INFO - Filling up the DagBag from /home/airflow/.local/lib/python3.12/site-packages/airflow/example_dags/example_sensors.py
[2024-10-18T11:23:40.823+0000] {processor.py:925} INFO - DAG(s) 'example_sensors' retrieved from /home/airflow/.local/lib/python3.12/site-packages/airflow/example_dags/example_sensors.py
[2024-10-18T11:23:40.864+0000] {logging_mixin.py:190} INFO - [2024-10-18T11:23:40.863+0000] {dag.py:3239} INFO - Sync 1 DAGs
[2024-10-18T11:23:40.886+0000] {logging_mixin.py:190} INFO - [2024-10-18T11:23:40.886+0000] {dag.py:4180} INFO - Setting next_dagrun for example_sensors to None, run_after=None
[2024-10-18T11:23:40.920+0000] {processor.py:208} INFO - Processing /home/airflow/.local/lib/python3.12/site-packages/airflow/example_dags/example_sensors.py took 0.126 seconds
[2024-10-18T11:24:11.175+0000] {processor.py:186} INFO - Started process (PID=15952) to work on /home/airflow/.local/lib/python3.12/site-packages/airflow/example_dags/example_sensors.py
[2024-10-18T11:24:11.176+0000] {processor.py:914} INFO - Processing file /home/airflow/.local/lib/python3.12/site-packages/airflow/example_dags/example_sensors.py for tasks to queue
[2024-10-18T11:24:11.178+0000] {logging_mixin.py:190} INFO - [2024-10-18T11:24:11.178+0000] {dagbag.py:588} INFO - Filling up the DagBag from /home/airflow/.local/lib/python3.12/site-packages/airflow/example_dags/example_sensors.py
[2024-10-18T11:24:11.189+0000] {processor.py:925} INFO - DAG(s) 'example_sensors' retrieved from /home/airflow/.local/lib/python3.12/site-packages/airflow/example_dags/example_sensors.py
[2024-10-18T11:24:11.218+0000] {logging_mixin.py:190} INFO - [2024-10-18T11:24:11.218+0000] {dag.py:3239} INFO - Sync 1 DAGs
[2024-10-18T11:24:11.234+0000] {logging_mixin.py:190} INFO - [2024-10-18T11:24:11.234+0000] {dag.py:4180} INFO - Setting next_dagrun for example_sensors to None, run_after=None
[2024-10-18T11:24:11.255+0000] {processor.py:208} INFO - Processing /home/airflow/.local/lib/python3.12/site-packages/airflow/example_dags/example_sensors.py took 0.087 seconds
[2024-10-18T11:24:41.507+0000] {processor.py:186} INFO - Started process (PID=16238) to work on /home/airflow/.local/lib/python3.12/site-packages/airflow/example_dags/example_sensors.py
[2024-10-18T11:24:41.508+0000] {processor.py:914} INFO - Processing file /home/airflow/.local/lib/python3.12/site-packages/airflow/example_dags/example_sensors.py for tasks to queue
[2024-10-18T11:24:41.511+0000] {logging_mixin.py:190} INFO - [2024-10-18T11:24:41.511+0000] {dagbag.py:588} INFO - Filling up the DagBag from /home/airflow/.local/lib/python3.12/site-packages/airflow/example_dags/example_sensors.py
[2024-10-18T11:24:41.526+0000] {processor.py:925} INFO - DAG(s) 'example_sensors' retrieved from /home/airflow/.local/lib/python3.12/site-packages/airflow/example_dags/example_sensors.py
[2024-10-18T11:24:41.570+0000] {logging_mixin.py:190} INFO - [2024-10-18T11:24:41.570+0000] {dag.py:3239} INFO - Sync 1 DAGs
[2024-10-18T11:24:41.608+0000] {logging_mixin.py:190} INFO - [2024-10-18T11:24:41.607+0000] {dag.py:4180} INFO - Setting next_dagrun for example_sensors to None, run_after=None
[2024-10-18T11:24:41.648+0000] {processor.py:208} INFO - Processing /home/airflow/.local/lib/python3.12/site-packages/airflow/example_dags/example_sensors.py took 0.150 seconds
[2024-10-18T11:25:12.088+0000] {processor.py:186} INFO - Started process (PID=16524) to work on /home/airflow/.local/lib/python3.12/site-packages/airflow/example_dags/example_sensors.py
[2024-10-18T11:25:12.089+0000] {processor.py:914} INFO - Processing file /home/airflow/.local/lib/python3.12/site-packages/airflow/example_dags/example_sensors.py for tasks to queue
[2024-10-18T11:25:12.092+0000] {logging_mixin.py:190} INFO - [2024-10-18T11:25:12.091+0000] {dagbag.py:588} INFO - Filling up the DagBag from /home/airflow/.local/lib/python3.12/site-packages/airflow/example_dags/example_sensors.py
[2024-10-18T11:25:12.108+0000] {processor.py:925} INFO - DAG(s) 'example_sensors' retrieved from /home/airflow/.local/lib/python3.12/site-packages/airflow/example_dags/example_sensors.py
[2024-10-18T11:25:12.140+0000] {logging_mixin.py:190} INFO - [2024-10-18T11:25:12.140+0000] {dag.py:3239} INFO - Sync 1 DAGs
[2024-10-18T11:25:12.158+0000] {logging_mixin.py:190} INFO - [2024-10-18T11:25:12.158+0000] {dag.py:4180} INFO - Setting next_dagrun for example_sensors to None, run_after=None
[2024-10-18T11:25:12.184+0000] {processor.py:208} INFO - Processing /home/airflow/.local/lib/python3.12/site-packages/airflow/example_dags/example_sensors.py took 0.104 seconds
