[2024-10-18T10:56:34.286+0000] {processor.py:186} INFO - Started process (PID=384) to work on /home/airflow/.local/lib/python3.12/site-packages/airflow/example_dags/example_inlet_event_extra.py
[2024-10-18T10:56:34.288+0000] {processor.py:914} INFO - Processing file /home/airflow/.local/lib/python3.12/site-packages/airflow/example_dags/example_inlet_event_extra.py for tasks to queue
[2024-10-18T10:56:34.294+0000] {logging_mixin.py:190} INFO - [2024-10-18T10:56:34.293+0000] {dagbag.py:588} INFO - Filling up the DagBag from /home/airflow/.local/lib/python3.12/site-packages/airflow/example_dags/example_inlet_event_extra.py
[2024-10-18T10:56:34.523+0000] {processor.py:925} INFO - DAG(s) 'read_dataset_event_from_classic', 'read_dataset_event' retrieved from /home/airflow/.local/lib/python3.12/site-packages/airflow/example_dags/example_inlet_event_extra.py
[2024-10-18T10:56:34.669+0000] {logging_mixin.py:190} INFO - [2024-10-18T10:56:34.668+0000] {override.py:1900} INFO - Created Permission View: can delete on DAG:read_dataset_event_from_classic
[2024-10-18T10:56:34.688+0000] {logging_mixin.py:190} INFO - [2024-10-18T10:56:34.687+0000] {override.py:1900} INFO - Created Permission View: can edit on DAG:read_dataset_event_from_classic
[2024-10-18T10:56:34.697+0000] {logging_mixin.py:190} INFO - [2024-10-18T10:56:34.697+0000] {override.py:1900} INFO - Created Permission View: can read on DAG:read_dataset_event_from_classic
[2024-10-18T10:56:34.708+0000] {logging_mixin.py:190} INFO - [2024-10-18T10:56:34.707+0000] {override.py:1900} INFO - Created Permission View: can delete on DAG Run:read_dataset_event_from_classic
[2024-10-18T10:56:34.716+0000] {logging_mixin.py:190} INFO - [2024-10-18T10:56:34.716+0000] {override.py:1900} INFO - Created Permission View: menu access on DAG Run:read_dataset_event_from_classic
[2024-10-18T10:56:34.726+0000] {logging_mixin.py:190} INFO - [2024-10-18T10:56:34.725+0000] {override.py:1900} INFO - Created Permission View: can read on DAG Run:read_dataset_event_from_classic
[2024-10-18T10:56:34.736+0000] {logging_mixin.py:190} INFO - [2024-10-18T10:56:34.735+0000] {override.py:1900} INFO - Created Permission View: can create on DAG Run:read_dataset_event_from_classic
[2024-10-18T10:56:34.753+0000] {logging_mixin.py:190} INFO - [2024-10-18T10:56:34.753+0000] {override.py:1900} INFO - Created Permission View: can delete on DAG:read_dataset_event
[2024-10-18T10:56:34.763+0000] {logging_mixin.py:190} INFO - [2024-10-18T10:56:34.762+0000] {override.py:1900} INFO - Created Permission View: can edit on DAG:read_dataset_event
[2024-10-18T10:56:34.774+0000] {logging_mixin.py:190} INFO - [2024-10-18T10:56:34.773+0000] {override.py:1900} INFO - Created Permission View: can read on DAG:read_dataset_event
[2024-10-18T10:56:34.789+0000] {logging_mixin.py:190} INFO - [2024-10-18T10:56:34.788+0000] {override.py:1900} INFO - Created Permission View: can delete on DAG Run:read_dataset_event
[2024-10-18T10:56:34.802+0000] {logging_mixin.py:190} INFO - [2024-10-18T10:56:34.801+0000] {override.py:1900} INFO - Created Permission View: menu access on DAG Run:read_dataset_event
[2024-10-18T10:56:34.813+0000] {logging_mixin.py:190} INFO - [2024-10-18T10:56:34.812+0000] {override.py:1900} INFO - Created Permission View: can read on DAG Run:read_dataset_event
[2024-10-18T10:56:34.823+0000] {logging_mixin.py:190} INFO - [2024-10-18T10:56:34.823+0000] {override.py:1900} INFO - Created Permission View: can create on DAG Run:read_dataset_event
[2024-10-18T10:56:34.824+0000] {logging_mixin.py:190} INFO - [2024-10-18T10:56:34.824+0000] {dag.py:3239} INFO - Sync 2 DAGs
[2024-10-18T10:56:34.841+0000] {logging_mixin.py:190} INFO - [2024-10-18T10:56:34.841+0000] {dag.py:3262} INFO - Creating ORM DAG for read_dataset_event
[2024-10-18T10:56:34.842+0000] {logging_mixin.py:190} INFO - [2024-10-18T10:56:34.842+0000] {dag.py:3262} INFO - Creating ORM DAG for read_dataset_event_from_classic
[2024-10-18T10:56:34.856+0000] {logging_mixin.py:190} INFO - [2024-10-18T10:56:34.856+0000] {dag.py:4180} INFO - Setting next_dagrun for read_dataset_event to 2024-10-17 00:00:00+00:00, run_after=2024-10-18 00:00:00+00:00
[2024-10-18T10:56:34.859+0000] {logging_mixin.py:190} INFO - [2024-10-18T10:56:34.859+0000] {dag.py:4180} INFO - Setting next_dagrun for read_dataset_event_from_classic to 2024-10-17 00:00:00+00:00, run_after=2024-10-18 00:00:00+00:00
[2024-10-18T10:56:34.881+0000] {processor.py:208} INFO - Processing /home/airflow/.local/lib/python3.12/site-packages/airflow/example_dags/example_inlet_event_extra.py took 0.606 seconds
[2024-10-18T10:57:05.380+0000] {processor.py:186} INFO - Started process (PID=670) to work on /home/airflow/.local/lib/python3.12/site-packages/airflow/example_dags/example_inlet_event_extra.py
[2024-10-18T10:57:05.386+0000] {processor.py:914} INFO - Processing file /home/airflow/.local/lib/python3.12/site-packages/airflow/example_dags/example_inlet_event_extra.py for tasks to queue
[2024-10-18T10:57:05.390+0000] {logging_mixin.py:190} INFO - [2024-10-18T10:57:05.389+0000] {dagbag.py:588} INFO - Filling up the DagBag from /home/airflow/.local/lib/python3.12/site-packages/airflow/example_dags/example_inlet_event_extra.py
[2024-10-18T10:57:05.601+0000] {processor.py:925} INFO - DAG(s) 'read_dataset_event_from_classic', 'read_dataset_event' retrieved from /home/airflow/.local/lib/python3.12/site-packages/airflow/example_dags/example_inlet_event_extra.py
[2024-10-18T10:57:05.639+0000] {logging_mixin.py:190} INFO - [2024-10-18T10:57:05.639+0000] {dag.py:3239} INFO - Sync 2 DAGs
[2024-10-18T10:57:05.674+0000] {logging_mixin.py:190} INFO - [2024-10-18T10:57:05.674+0000] {dag.py:4180} INFO - Setting next_dagrun for read_dataset_event to 2024-10-17 00:00:00+00:00, run_after=2024-10-18 00:00:00+00:00
[2024-10-18T10:57:05.682+0000] {logging_mixin.py:190} INFO - [2024-10-18T10:57:05.682+0000] {dag.py:4180} INFO - Setting next_dagrun for read_dataset_event_from_classic to 2024-10-17 00:00:00+00:00, run_after=2024-10-18 00:00:00+00:00
[2024-10-18T10:57:05.709+0000] {processor.py:208} INFO - Processing /home/airflow/.local/lib/python3.12/site-packages/airflow/example_dags/example_inlet_event_extra.py took 0.342 seconds
[2024-10-18T10:57:36.134+0000] {processor.py:186} INFO - Started process (PID=956) to work on /home/airflow/.local/lib/python3.12/site-packages/airflow/example_dags/example_inlet_event_extra.py
[2024-10-18T10:57:36.141+0000] {processor.py:914} INFO - Processing file /home/airflow/.local/lib/python3.12/site-packages/airflow/example_dags/example_inlet_event_extra.py for tasks to queue
[2024-10-18T10:57:36.145+0000] {logging_mixin.py:190} INFO - [2024-10-18T10:57:36.145+0000] {dagbag.py:588} INFO - Filling up the DagBag from /home/airflow/.local/lib/python3.12/site-packages/airflow/example_dags/example_inlet_event_extra.py
[2024-10-18T10:57:36.499+0000] {processor.py:925} INFO - DAG(s) 'read_dataset_event_from_classic', 'read_dataset_event' retrieved from /home/airflow/.local/lib/python3.12/site-packages/airflow/example_dags/example_inlet_event_extra.py
[2024-10-18T10:57:36.545+0000] {logging_mixin.py:190} INFO - [2024-10-18T10:57:36.545+0000] {dag.py:3239} INFO - Sync 2 DAGs
[2024-10-18T10:57:36.601+0000] {logging_mixin.py:190} INFO - [2024-10-18T10:57:36.601+0000] {dag.py:4180} INFO - Setting next_dagrun for read_dataset_event to 2024-10-17 00:00:00+00:00, run_after=2024-10-18 00:00:00+00:00
[2024-10-18T10:57:36.616+0000] {logging_mixin.py:190} INFO - [2024-10-18T10:57:36.615+0000] {dag.py:4180} INFO - Setting next_dagrun for read_dataset_event_from_classic to 2024-10-17 00:00:00+00:00, run_after=2024-10-18 00:00:00+00:00
[2024-10-18T10:57:36.665+0000] {processor.py:208} INFO - Processing /home/airflow/.local/lib/python3.12/site-packages/airflow/example_dags/example_inlet_event_extra.py took 0.542 seconds
[2024-10-18T10:58:06.739+0000] {processor.py:186} INFO - Started process (PID=1248) to work on /home/airflow/.local/lib/python3.12/site-packages/airflow/example_dags/example_inlet_event_extra.py
[2024-10-18T10:58:06.741+0000] {processor.py:914} INFO - Processing file /home/airflow/.local/lib/python3.12/site-packages/airflow/example_dags/example_inlet_event_extra.py for tasks to queue
[2024-10-18T10:58:06.744+0000] {logging_mixin.py:190} INFO - [2024-10-18T10:58:06.743+0000] {dagbag.py:588} INFO - Filling up the DagBag from /home/airflow/.local/lib/python3.12/site-packages/airflow/example_dags/example_inlet_event_extra.py
[2024-10-18T10:58:06.956+0000] {processor.py:925} INFO - DAG(s) 'read_dataset_event_from_classic', 'read_dataset_event' retrieved from /home/airflow/.local/lib/python3.12/site-packages/airflow/example_dags/example_inlet_event_extra.py
[2024-10-18T10:58:06.991+0000] {logging_mixin.py:190} INFO - [2024-10-18T10:58:06.991+0000] {dag.py:3239} INFO - Sync 2 DAGs
[2024-10-18T10:58:07.034+0000] {logging_mixin.py:190} INFO - [2024-10-18T10:58:07.034+0000] {dag.py:4180} INFO - Setting next_dagrun for read_dataset_event to 2024-10-17 00:00:00+00:00, run_after=2024-10-18 00:00:00+00:00
[2024-10-18T10:58:07.042+0000] {logging_mixin.py:190} INFO - [2024-10-18T10:58:07.041+0000] {dag.py:4180} INFO - Setting next_dagrun for read_dataset_event_from_classic to 2024-10-17 00:00:00+00:00, run_after=2024-10-18 00:00:00+00:00
[2024-10-18T10:58:07.069+0000] {processor.py:208} INFO - Processing /home/airflow/.local/lib/python3.12/site-packages/airflow/example_dags/example_inlet_event_extra.py took 0.337 seconds
[2024-10-18T10:58:37.956+0000] {processor.py:186} INFO - Started process (PID=1539) to work on /home/airflow/.local/lib/python3.12/site-packages/airflow/example_dags/example_inlet_event_extra.py
[2024-10-18T10:58:37.957+0000] {processor.py:914} INFO - Processing file /home/airflow/.local/lib/python3.12/site-packages/airflow/example_dags/example_inlet_event_extra.py for tasks to queue
[2024-10-18T10:58:37.959+0000] {logging_mixin.py:190} INFO - [2024-10-18T10:58:37.959+0000] {dagbag.py:588} INFO - Filling up the DagBag from /home/airflow/.local/lib/python3.12/site-packages/airflow/example_dags/example_inlet_event_extra.py
[2024-10-18T10:58:38.082+0000] {processor.py:925} INFO - DAG(s) 'read_dataset_event', 'read_dataset_event_from_classic' retrieved from /home/airflow/.local/lib/python3.12/site-packages/airflow/example_dags/example_inlet_event_extra.py
[2024-10-18T10:58:38.100+0000] {logging_mixin.py:190} INFO - [2024-10-18T10:58:38.100+0000] {dag.py:3239} INFO - Sync 2 DAGs
[2024-10-18T10:58:38.124+0000] {logging_mixin.py:190} INFO - [2024-10-18T10:58:38.124+0000] {dag.py:4180} INFO - Setting next_dagrun for read_dataset_event to 2024-10-17 00:00:00+00:00, run_after=2024-10-18 00:00:00+00:00
[2024-10-18T10:58:38.129+0000] {logging_mixin.py:190} INFO - [2024-10-18T10:58:38.129+0000] {dag.py:4180} INFO - Setting next_dagrun for read_dataset_event_from_classic to 2024-10-17 00:00:00+00:00, run_after=2024-10-18 00:00:00+00:00
[2024-10-18T10:58:38.145+0000] {processor.py:208} INFO - Processing /home/airflow/.local/lib/python3.12/site-packages/airflow/example_dags/example_inlet_event_extra.py took 0.194 seconds
[2024-10-18T10:59:08.257+0000] {processor.py:186} INFO - Started process (PID=1824) to work on /home/airflow/.local/lib/python3.12/site-packages/airflow/example_dags/example_inlet_event_extra.py
[2024-10-18T10:59:08.258+0000] {processor.py:914} INFO - Processing file /home/airflow/.local/lib/python3.12/site-packages/airflow/example_dags/example_inlet_event_extra.py for tasks to queue
[2024-10-18T10:59:08.261+0000] {logging_mixin.py:190} INFO - [2024-10-18T10:59:08.260+0000] {dagbag.py:588} INFO - Filling up the DagBag from /home/airflow/.local/lib/python3.12/site-packages/airflow/example_dags/example_inlet_event_extra.py
[2024-10-18T10:59:08.421+0000] {processor.py:925} INFO - DAG(s) 'read_dataset_event', 'read_dataset_event_from_classic' retrieved from /home/airflow/.local/lib/python3.12/site-packages/airflow/example_dags/example_inlet_event_extra.py
[2024-10-18T10:59:08.444+0000] {logging_mixin.py:190} INFO - [2024-10-18T10:59:08.444+0000] {dag.py:3239} INFO - Sync 2 DAGs
[2024-10-18T10:59:08.474+0000] {logging_mixin.py:190} INFO - [2024-10-18T10:59:08.473+0000] {dag.py:4180} INFO - Setting next_dagrun for read_dataset_event to 2024-10-17 00:00:00+00:00, run_after=2024-10-18 00:00:00+00:00
[2024-10-18T10:59:08.479+0000] {logging_mixin.py:190} INFO - [2024-10-18T10:59:08.479+0000] {dag.py:4180} INFO - Setting next_dagrun for read_dataset_event_from_classic to 2024-10-17 00:00:00+00:00, run_after=2024-10-18 00:00:00+00:00
[2024-10-18T10:59:08.498+0000] {processor.py:208} INFO - Processing /home/airflow/.local/lib/python3.12/site-packages/airflow/example_dags/example_inlet_event_extra.py took 0.247 seconds
[2024-10-18T10:59:38.781+0000] {processor.py:186} INFO - Started process (PID=2110) to work on /home/airflow/.local/lib/python3.12/site-packages/airflow/example_dags/example_inlet_event_extra.py
[2024-10-18T10:59:38.782+0000] {processor.py:914} INFO - Processing file /home/airflow/.local/lib/python3.12/site-packages/airflow/example_dags/example_inlet_event_extra.py for tasks to queue
[2024-10-18T10:59:38.784+0000] {logging_mixin.py:190} INFO - [2024-10-18T10:59:38.784+0000] {dagbag.py:588} INFO - Filling up the DagBag from /home/airflow/.local/lib/python3.12/site-packages/airflow/example_dags/example_inlet_event_extra.py
[2024-10-18T10:59:38.890+0000] {processor.py:925} INFO - DAG(s) 'read_dataset_event_from_classic', 'read_dataset_event' retrieved from /home/airflow/.local/lib/python3.12/site-packages/airflow/example_dags/example_inlet_event_extra.py
[2024-10-18T10:59:38.911+0000] {logging_mixin.py:190} INFO - [2024-10-18T10:59:38.911+0000] {dag.py:3239} INFO - Sync 2 DAGs
[2024-10-18T10:59:38.932+0000] {logging_mixin.py:190} INFO - [2024-10-18T10:59:38.932+0000] {dag.py:4180} INFO - Setting next_dagrun for read_dataset_event to 2024-10-17 00:00:00+00:00, run_after=2024-10-18 00:00:00+00:00
[2024-10-18T10:59:38.937+0000] {logging_mixin.py:190} INFO - [2024-10-18T10:59:38.937+0000] {dag.py:4180} INFO - Setting next_dagrun for read_dataset_event_from_classic to 2024-10-17 00:00:00+00:00, run_after=2024-10-18 00:00:00+00:00
[2024-10-18T10:59:38.955+0000] {processor.py:208} INFO - Processing /home/airflow/.local/lib/python3.12/site-packages/airflow/example_dags/example_inlet_event_extra.py took 0.179 seconds
[2024-10-18T11:00:09.059+0000] {processor.py:186} INFO - Started process (PID=2396) to work on /home/airflow/.local/lib/python3.12/site-packages/airflow/example_dags/example_inlet_event_extra.py
[2024-10-18T11:00:09.060+0000] {processor.py:914} INFO - Processing file /home/airflow/.local/lib/python3.12/site-packages/airflow/example_dags/example_inlet_event_extra.py for tasks to queue
[2024-10-18T11:00:09.062+0000] {logging_mixin.py:190} INFO - [2024-10-18T11:00:09.062+0000] {dagbag.py:588} INFO - Filling up the DagBag from /home/airflow/.local/lib/python3.12/site-packages/airflow/example_dags/example_inlet_event_extra.py
[2024-10-18T11:00:09.169+0000] {processor.py:925} INFO - DAG(s) 'read_dataset_event_from_classic', 'read_dataset_event' retrieved from /home/airflow/.local/lib/python3.12/site-packages/airflow/example_dags/example_inlet_event_extra.py
[2024-10-18T11:00:09.188+0000] {logging_mixin.py:190} INFO - [2024-10-18T11:00:09.188+0000] {dag.py:3239} INFO - Sync 2 DAGs
[2024-10-18T11:00:09.212+0000] {logging_mixin.py:190} INFO - [2024-10-18T11:00:09.211+0000] {dag.py:4180} INFO - Setting next_dagrun for read_dataset_event to 2024-10-17 00:00:00+00:00, run_after=2024-10-18 00:00:00+00:00
[2024-10-18T11:00:09.216+0000] {logging_mixin.py:190} INFO - [2024-10-18T11:00:09.216+0000] {dag.py:4180} INFO - Setting next_dagrun for read_dataset_event_from_classic to 2024-10-17 00:00:00+00:00, run_after=2024-10-18 00:00:00+00:00
[2024-10-18T11:00:09.235+0000] {processor.py:208} INFO - Processing /home/airflow/.local/lib/python3.12/site-packages/airflow/example_dags/example_inlet_event_extra.py took 0.182 seconds
[2024-10-18T11:00:39.596+0000] {processor.py:186} INFO - Started process (PID=2682) to work on /home/airflow/.local/lib/python3.12/site-packages/airflow/example_dags/example_inlet_event_extra.py
[2024-10-18T11:00:39.597+0000] {processor.py:914} INFO - Processing file /home/airflow/.local/lib/python3.12/site-packages/airflow/example_dags/example_inlet_event_extra.py for tasks to queue
[2024-10-18T11:00:39.599+0000] {logging_mixin.py:190} INFO - [2024-10-18T11:00:39.599+0000] {dagbag.py:588} INFO - Filling up the DagBag from /home/airflow/.local/lib/python3.12/site-packages/airflow/example_dags/example_inlet_event_extra.py
[2024-10-18T11:00:39.708+0000] {processor.py:925} INFO - DAG(s) 'read_dataset_event', 'read_dataset_event_from_classic' retrieved from /home/airflow/.local/lib/python3.12/site-packages/airflow/example_dags/example_inlet_event_extra.py
[2024-10-18T11:00:39.728+0000] {logging_mixin.py:190} INFO - [2024-10-18T11:00:39.728+0000] {dag.py:3239} INFO - Sync 2 DAGs
[2024-10-18T11:00:39.752+0000] {logging_mixin.py:190} INFO - [2024-10-18T11:00:39.751+0000] {dag.py:4180} INFO - Setting next_dagrun for read_dataset_event to 2024-10-17 00:00:00+00:00, run_after=2024-10-18 00:00:00+00:00
[2024-10-18T11:00:39.757+0000] {logging_mixin.py:190} INFO - [2024-10-18T11:00:39.756+0000] {dag.py:4180} INFO - Setting next_dagrun for read_dataset_event_from_classic to 2024-10-17 00:00:00+00:00, run_after=2024-10-18 00:00:00+00:00
[2024-10-18T11:00:39.775+0000] {processor.py:208} INFO - Processing /home/airflow/.local/lib/python3.12/site-packages/airflow/example_dags/example_inlet_event_extra.py took 0.184 seconds
[2024-10-18T11:01:10.046+0000] {processor.py:186} INFO - Started process (PID=2968) to work on /home/airflow/.local/lib/python3.12/site-packages/airflow/example_dags/example_inlet_event_extra.py
[2024-10-18T11:01:10.047+0000] {processor.py:914} INFO - Processing file /home/airflow/.local/lib/python3.12/site-packages/airflow/example_dags/example_inlet_event_extra.py for tasks to queue
[2024-10-18T11:01:10.049+0000] {logging_mixin.py:190} INFO - [2024-10-18T11:01:10.049+0000] {dagbag.py:588} INFO - Filling up the DagBag from /home/airflow/.local/lib/python3.12/site-packages/airflow/example_dags/example_inlet_event_extra.py
[2024-10-18T11:01:10.155+0000] {processor.py:925} INFO - DAG(s) 'read_dataset_event_from_classic', 'read_dataset_event' retrieved from /home/airflow/.local/lib/python3.12/site-packages/airflow/example_dags/example_inlet_event_extra.py
[2024-10-18T11:01:10.175+0000] {logging_mixin.py:190} INFO - [2024-10-18T11:01:10.174+0000] {dag.py:3239} INFO - Sync 2 DAGs
[2024-10-18T11:01:10.198+0000] {logging_mixin.py:190} INFO - [2024-10-18T11:01:10.198+0000] {dag.py:4180} INFO - Setting next_dagrun for read_dataset_event to 2024-10-17 00:00:00+00:00, run_after=2024-10-18 00:00:00+00:00
[2024-10-18T11:01:10.203+0000] {logging_mixin.py:190} INFO - [2024-10-18T11:01:10.203+0000] {dag.py:4180} INFO - Setting next_dagrun for read_dataset_event_from_classic to 2024-10-17 00:00:00+00:00, run_after=2024-10-18 00:00:00+00:00
[2024-10-18T11:01:10.221+0000] {processor.py:208} INFO - Processing /home/airflow/.local/lib/python3.12/site-packages/airflow/example_dags/example_inlet_event_extra.py took 0.180 seconds
[2024-10-18T11:01:40.578+0000] {processor.py:186} INFO - Started process (PID=3254) to work on /home/airflow/.local/lib/python3.12/site-packages/airflow/example_dags/example_inlet_event_extra.py
[2024-10-18T11:01:40.579+0000] {processor.py:914} INFO - Processing file /home/airflow/.local/lib/python3.12/site-packages/airflow/example_dags/example_inlet_event_extra.py for tasks to queue
[2024-10-18T11:01:40.582+0000] {logging_mixin.py:190} INFO - [2024-10-18T11:01:40.581+0000] {dagbag.py:588} INFO - Filling up the DagBag from /home/airflow/.local/lib/python3.12/site-packages/airflow/example_dags/example_inlet_event_extra.py
[2024-10-18T11:01:40.691+0000] {processor.py:925} INFO - DAG(s) 'read_dataset_event_from_classic', 'read_dataset_event' retrieved from /home/airflow/.local/lib/python3.12/site-packages/airflow/example_dags/example_inlet_event_extra.py
[2024-10-18T11:01:40.711+0000] {logging_mixin.py:190} INFO - [2024-10-18T11:01:40.710+0000] {dag.py:3239} INFO - Sync 2 DAGs
[2024-10-18T11:01:40.738+0000] {logging_mixin.py:190} INFO - [2024-10-18T11:01:40.738+0000] {dag.py:4180} INFO - Setting next_dagrun for read_dataset_event to 2024-10-17 00:00:00+00:00, run_after=2024-10-18 00:00:00+00:00
[2024-10-18T11:01:40.744+0000] {logging_mixin.py:190} INFO - [2024-10-18T11:01:40.743+0000] {dag.py:4180} INFO - Setting next_dagrun for read_dataset_event_from_classic to 2024-10-17 00:00:00+00:00, run_after=2024-10-18 00:00:00+00:00
[2024-10-18T11:01:40.759+0000] {processor.py:208} INFO - Processing /home/airflow/.local/lib/python3.12/site-packages/airflow/example_dags/example_inlet_event_extra.py took 0.185 seconds
[2024-10-18T11:02:11.075+0000] {processor.py:186} INFO - Started process (PID=3540) to work on /home/airflow/.local/lib/python3.12/site-packages/airflow/example_dags/example_inlet_event_extra.py
[2024-10-18T11:02:11.076+0000] {processor.py:914} INFO - Processing file /home/airflow/.local/lib/python3.12/site-packages/airflow/example_dags/example_inlet_event_extra.py for tasks to queue
[2024-10-18T11:02:11.078+0000] {logging_mixin.py:190} INFO - [2024-10-18T11:02:11.078+0000] {dagbag.py:588} INFO - Filling up the DagBag from /home/airflow/.local/lib/python3.12/site-packages/airflow/example_dags/example_inlet_event_extra.py
[2024-10-18T11:02:11.183+0000] {processor.py:925} INFO - DAG(s) 'read_dataset_event_from_classic', 'read_dataset_event' retrieved from /home/airflow/.local/lib/python3.12/site-packages/airflow/example_dags/example_inlet_event_extra.py
[2024-10-18T11:02:11.204+0000] {logging_mixin.py:190} INFO - [2024-10-18T11:02:11.204+0000] {dag.py:3239} INFO - Sync 2 DAGs
[2024-10-18T11:02:11.228+0000] {logging_mixin.py:190} INFO - [2024-10-18T11:02:11.228+0000] {dag.py:4180} INFO - Setting next_dagrun for read_dataset_event to 2024-10-17 00:00:00+00:00, run_after=2024-10-18 00:00:00+00:00
[2024-10-18T11:02:11.233+0000] {logging_mixin.py:190} INFO - [2024-10-18T11:02:11.233+0000] {dag.py:4180} INFO - Setting next_dagrun for read_dataset_event_from_classic to 2024-10-17 00:00:00+00:00, run_after=2024-10-18 00:00:00+00:00
[2024-10-18T11:02:11.252+0000] {processor.py:208} INFO - Processing /home/airflow/.local/lib/python3.12/site-packages/airflow/example_dags/example_inlet_event_extra.py took 0.182 seconds
[2024-10-18T11:02:41.415+0000] {processor.py:186} INFO - Started process (PID=3826) to work on /home/airflow/.local/lib/python3.12/site-packages/airflow/example_dags/example_inlet_event_extra.py
[2024-10-18T11:02:41.416+0000] {processor.py:914} INFO - Processing file /home/airflow/.local/lib/python3.12/site-packages/airflow/example_dags/example_inlet_event_extra.py for tasks to queue
[2024-10-18T11:02:41.418+0000] {logging_mixin.py:190} INFO - [2024-10-18T11:02:41.418+0000] {dagbag.py:588} INFO - Filling up the DagBag from /home/airflow/.local/lib/python3.12/site-packages/airflow/example_dags/example_inlet_event_extra.py
[2024-10-18T11:02:41.550+0000] {processor.py:925} INFO - DAG(s) 'read_dataset_event_from_classic', 'read_dataset_event' retrieved from /home/airflow/.local/lib/python3.12/site-packages/airflow/example_dags/example_inlet_event_extra.py
[2024-10-18T11:02:41.574+0000] {logging_mixin.py:190} INFO - [2024-10-18T11:02:41.573+0000] {dag.py:3239} INFO - Sync 2 DAGs
[2024-10-18T11:02:41.609+0000] {logging_mixin.py:190} INFO - [2024-10-18T11:02:41.609+0000] {dag.py:4180} INFO - Setting next_dagrun for read_dataset_event to 2024-10-17 00:00:00+00:00, run_after=2024-10-18 00:00:00+00:00
[2024-10-18T11:02:41.615+0000] {logging_mixin.py:190} INFO - [2024-10-18T11:02:41.615+0000] {dag.py:4180} INFO - Setting next_dagrun for read_dataset_event_from_classic to 2024-10-17 00:00:00+00:00, run_after=2024-10-18 00:00:00+00:00
[2024-10-18T11:02:41.635+0000] {processor.py:208} INFO - Processing /home/airflow/.local/lib/python3.12/site-packages/airflow/example_dags/example_inlet_event_extra.py took 0.226 seconds
[2024-10-18T11:03:11.868+0000] {processor.py:186} INFO - Started process (PID=4112) to work on /home/airflow/.local/lib/python3.12/site-packages/airflow/example_dags/example_inlet_event_extra.py
[2024-10-18T11:03:11.869+0000] {processor.py:914} INFO - Processing file /home/airflow/.local/lib/python3.12/site-packages/airflow/example_dags/example_inlet_event_extra.py for tasks to queue
[2024-10-18T11:03:11.871+0000] {logging_mixin.py:190} INFO - [2024-10-18T11:03:11.871+0000] {dagbag.py:588} INFO - Filling up the DagBag from /home/airflow/.local/lib/python3.12/site-packages/airflow/example_dags/example_inlet_event_extra.py
[2024-10-18T11:03:11.977+0000] {processor.py:925} INFO - DAG(s) 'read_dataset_event_from_classic', 'read_dataset_event' retrieved from /home/airflow/.local/lib/python3.12/site-packages/airflow/example_dags/example_inlet_event_extra.py
[2024-10-18T11:03:11.999+0000] {logging_mixin.py:190} INFO - [2024-10-18T11:03:11.998+0000] {dag.py:3239} INFO - Sync 2 DAGs
[2024-10-18T11:03:12.020+0000] {logging_mixin.py:190} INFO - [2024-10-18T11:03:12.020+0000] {dag.py:4180} INFO - Setting next_dagrun for read_dataset_event to 2024-10-17 00:00:00+00:00, run_after=2024-10-18 00:00:00+00:00
[2024-10-18T11:03:12.025+0000] {logging_mixin.py:190} INFO - [2024-10-18T11:03:12.025+0000] {dag.py:4180} INFO - Setting next_dagrun for read_dataset_event_from_classic to 2024-10-17 00:00:00+00:00, run_after=2024-10-18 00:00:00+00:00
[2024-10-18T11:03:12.044+0000] {processor.py:208} INFO - Processing /home/airflow/.local/lib/python3.12/site-packages/airflow/example_dags/example_inlet_event_extra.py took 0.181 seconds
[2024-10-18T11:03:42.317+0000] {processor.py:186} INFO - Started process (PID=4398) to work on /home/airflow/.local/lib/python3.12/site-packages/airflow/example_dags/example_inlet_event_extra.py
[2024-10-18T11:03:42.318+0000] {processor.py:914} INFO - Processing file /home/airflow/.local/lib/python3.12/site-packages/airflow/example_dags/example_inlet_event_extra.py for tasks to queue
[2024-10-18T11:03:42.320+0000] {logging_mixin.py:190} INFO - [2024-10-18T11:03:42.319+0000] {dagbag.py:588} INFO - Filling up the DagBag from /home/airflow/.local/lib/python3.12/site-packages/airflow/example_dags/example_inlet_event_extra.py
[2024-10-18T11:03:42.433+0000] {processor.py:925} INFO - DAG(s) 'read_dataset_event', 'read_dataset_event_from_classic' retrieved from /home/airflow/.local/lib/python3.12/site-packages/airflow/example_dags/example_inlet_event_extra.py
[2024-10-18T11:03:42.454+0000] {logging_mixin.py:190} INFO - [2024-10-18T11:03:42.453+0000] {dag.py:3239} INFO - Sync 2 DAGs
[2024-10-18T11:03:42.475+0000] {logging_mixin.py:190} INFO - [2024-10-18T11:03:42.475+0000] {dag.py:4180} INFO - Setting next_dagrun for read_dataset_event to 2024-10-17 00:00:00+00:00, run_after=2024-10-18 00:00:00+00:00
[2024-10-18T11:03:42.480+0000] {logging_mixin.py:190} INFO - [2024-10-18T11:03:42.480+0000] {dag.py:4180} INFO - Setting next_dagrun for read_dataset_event_from_classic to 2024-10-17 00:00:00+00:00, run_after=2024-10-18 00:00:00+00:00
[2024-10-18T11:03:42.495+0000] {processor.py:208} INFO - Processing /home/airflow/.local/lib/python3.12/site-packages/airflow/example_dags/example_inlet_event_extra.py took 0.184 seconds
[2024-10-18T11:04:12.552+0000] {processor.py:186} INFO - Started process (PID=4687) to work on /home/airflow/.local/lib/python3.12/site-packages/airflow/example_dags/example_inlet_event_extra.py
[2024-10-18T11:04:12.553+0000] {processor.py:914} INFO - Processing file /home/airflow/.local/lib/python3.12/site-packages/airflow/example_dags/example_inlet_event_extra.py for tasks to queue
[2024-10-18T11:04:12.555+0000] {logging_mixin.py:190} INFO - [2024-10-18T11:04:12.555+0000] {dagbag.py:588} INFO - Filling up the DagBag from /home/airflow/.local/lib/python3.12/site-packages/airflow/example_dags/example_inlet_event_extra.py
[2024-10-18T11:04:12.662+0000] {processor.py:925} INFO - DAG(s) 'read_dataset_event_from_classic', 'read_dataset_event' retrieved from /home/airflow/.local/lib/python3.12/site-packages/airflow/example_dags/example_inlet_event_extra.py
[2024-10-18T11:04:12.685+0000] {logging_mixin.py:190} INFO - [2024-10-18T11:04:12.685+0000] {dag.py:3239} INFO - Sync 2 DAGs
[2024-10-18T11:04:12.706+0000] {logging_mixin.py:190} INFO - [2024-10-18T11:04:12.706+0000] {dag.py:4180} INFO - Setting next_dagrun for read_dataset_event to 2024-10-17 00:00:00+00:00, run_after=2024-10-18 00:00:00+00:00
[2024-10-18T11:04:12.712+0000] {logging_mixin.py:190} INFO - [2024-10-18T11:04:12.712+0000] {dag.py:4180} INFO - Setting next_dagrun for read_dataset_event_from_classic to 2024-10-17 00:00:00+00:00, run_after=2024-10-18 00:00:00+00:00
[2024-10-18T11:04:12.731+0000] {processor.py:208} INFO - Processing /home/airflow/.local/lib/python3.12/site-packages/airflow/example_dags/example_inlet_event_extra.py took 0.184 seconds
[2024-10-18T11:04:42.807+0000] {processor.py:186} INFO - Started process (PID=4970) to work on /home/airflow/.local/lib/python3.12/site-packages/airflow/example_dags/example_inlet_event_extra.py
[2024-10-18T11:04:42.808+0000] {processor.py:914} INFO - Processing file /home/airflow/.local/lib/python3.12/site-packages/airflow/example_dags/example_inlet_event_extra.py for tasks to queue
[2024-10-18T11:04:42.810+0000] {logging_mixin.py:190} INFO - [2024-10-18T11:04:42.810+0000] {dagbag.py:588} INFO - Filling up the DagBag from /home/airflow/.local/lib/python3.12/site-packages/airflow/example_dags/example_inlet_event_extra.py
[2024-10-18T11:04:42.916+0000] {processor.py:925} INFO - DAG(s) 'read_dataset_event', 'read_dataset_event_from_classic' retrieved from /home/airflow/.local/lib/python3.12/site-packages/airflow/example_dags/example_inlet_event_extra.py
[2024-10-18T11:04:42.937+0000] {logging_mixin.py:190} INFO - [2024-10-18T11:04:42.937+0000] {dag.py:3239} INFO - Sync 2 DAGs
[2024-10-18T11:04:42.959+0000] {logging_mixin.py:190} INFO - [2024-10-18T11:04:42.959+0000] {dag.py:4180} INFO - Setting next_dagrun for read_dataset_event to 2024-10-17 00:00:00+00:00, run_after=2024-10-18 00:00:00+00:00
[2024-10-18T11:04:42.964+0000] {logging_mixin.py:190} INFO - [2024-10-18T11:04:42.964+0000] {dag.py:4180} INFO - Setting next_dagrun for read_dataset_event_from_classic to 2024-10-17 00:00:00+00:00, run_after=2024-10-18 00:00:00+00:00
[2024-10-18T11:04:42.982+0000] {processor.py:208} INFO - Processing /home/airflow/.local/lib/python3.12/site-packages/airflow/example_dags/example_inlet_event_extra.py took 0.180 seconds
[2024-10-18T11:05:13.099+0000] {processor.py:186} INFO - Started process (PID=5256) to work on /home/airflow/.local/lib/python3.12/site-packages/airflow/example_dags/example_inlet_event_extra.py
[2024-10-18T11:05:13.100+0000] {processor.py:914} INFO - Processing file /home/airflow/.local/lib/python3.12/site-packages/airflow/example_dags/example_inlet_event_extra.py for tasks to queue
[2024-10-18T11:05:13.102+0000] {logging_mixin.py:190} INFO - [2024-10-18T11:05:13.102+0000] {dagbag.py:588} INFO - Filling up the DagBag from /home/airflow/.local/lib/python3.12/site-packages/airflow/example_dags/example_inlet_event_extra.py
[2024-10-18T11:05:13.212+0000] {processor.py:925} INFO - DAG(s) 'read_dataset_event', 'read_dataset_event_from_classic' retrieved from /home/airflow/.local/lib/python3.12/site-packages/airflow/example_dags/example_inlet_event_extra.py
[2024-10-18T11:05:13.234+0000] {logging_mixin.py:190} INFO - [2024-10-18T11:05:13.234+0000] {dag.py:3239} INFO - Sync 2 DAGs
[2024-10-18T11:05:13.259+0000] {logging_mixin.py:190} INFO - [2024-10-18T11:05:13.259+0000] {dag.py:4180} INFO - Setting next_dagrun for read_dataset_event to 2024-10-17 00:00:00+00:00, run_after=2024-10-18 00:00:00+00:00
[2024-10-18T11:05:13.265+0000] {logging_mixin.py:190} INFO - [2024-10-18T11:05:13.265+0000] {dag.py:4180} INFO - Setting next_dagrun for read_dataset_event_from_classic to 2024-10-17 00:00:00+00:00, run_after=2024-10-18 00:00:00+00:00
[2024-10-18T11:05:13.286+0000] {processor.py:208} INFO - Processing /home/airflow/.local/lib/python3.12/site-packages/airflow/example_dags/example_inlet_event_extra.py took 0.192 seconds
[2024-10-18T11:05:43.366+0000] {processor.py:186} INFO - Started process (PID=5542) to work on /home/airflow/.local/lib/python3.12/site-packages/airflow/example_dags/example_inlet_event_extra.py
[2024-10-18T11:05:43.368+0000] {processor.py:914} INFO - Processing file /home/airflow/.local/lib/python3.12/site-packages/airflow/example_dags/example_inlet_event_extra.py for tasks to queue
[2024-10-18T11:05:43.370+0000] {logging_mixin.py:190} INFO - [2024-10-18T11:05:43.369+0000] {dagbag.py:588} INFO - Filling up the DagBag from /home/airflow/.local/lib/python3.12/site-packages/airflow/example_dags/example_inlet_event_extra.py
[2024-10-18T11:05:43.475+0000] {processor.py:925} INFO - DAG(s) 'read_dataset_event_from_classic', 'read_dataset_event' retrieved from /home/airflow/.local/lib/python3.12/site-packages/airflow/example_dags/example_inlet_event_extra.py
[2024-10-18T11:05:43.494+0000] {logging_mixin.py:190} INFO - [2024-10-18T11:05:43.494+0000] {dag.py:3239} INFO - Sync 2 DAGs
[2024-10-18T11:05:43.517+0000] {logging_mixin.py:190} INFO - [2024-10-18T11:05:43.517+0000] {dag.py:4180} INFO - Setting next_dagrun for read_dataset_event to 2024-10-17 00:00:00+00:00, run_after=2024-10-18 00:00:00+00:00
[2024-10-18T11:05:43.522+0000] {logging_mixin.py:190} INFO - [2024-10-18T11:05:43.522+0000] {dag.py:4180} INFO - Setting next_dagrun for read_dataset_event_from_classic to 2024-10-17 00:00:00+00:00, run_after=2024-10-18 00:00:00+00:00
[2024-10-18T11:05:43.552+0000] {processor.py:208} INFO - Processing /home/airflow/.local/lib/python3.12/site-packages/airflow/example_dags/example_inlet_event_extra.py took 0.190 seconds
[2024-10-18T11:06:13.812+0000] {processor.py:186} INFO - Started process (PID=5828) to work on /home/airflow/.local/lib/python3.12/site-packages/airflow/example_dags/example_inlet_event_extra.py
[2024-10-18T11:06:13.814+0000] {processor.py:914} INFO - Processing file /home/airflow/.local/lib/python3.12/site-packages/airflow/example_dags/example_inlet_event_extra.py for tasks to queue
[2024-10-18T11:06:13.816+0000] {logging_mixin.py:190} INFO - [2024-10-18T11:06:13.815+0000] {dagbag.py:588} INFO - Filling up the DagBag from /home/airflow/.local/lib/python3.12/site-packages/airflow/example_dags/example_inlet_event_extra.py
[2024-10-18T11:06:13.924+0000] {processor.py:925} INFO - DAG(s) 'read_dataset_event_from_classic', 'read_dataset_event' retrieved from /home/airflow/.local/lib/python3.12/site-packages/airflow/example_dags/example_inlet_event_extra.py
[2024-10-18T11:06:13.944+0000] {logging_mixin.py:190} INFO - [2024-10-18T11:06:13.944+0000] {dag.py:3239} INFO - Sync 2 DAGs
[2024-10-18T11:06:13.968+0000] {logging_mixin.py:190} INFO - [2024-10-18T11:06:13.968+0000] {dag.py:4180} INFO - Setting next_dagrun for read_dataset_event to 2024-10-17 00:00:00+00:00, run_after=2024-10-18 00:00:00+00:00
[2024-10-18T11:06:13.973+0000] {logging_mixin.py:190} INFO - [2024-10-18T11:06:13.973+0000] {dag.py:4180} INFO - Setting next_dagrun for read_dataset_event_from_classic to 2024-10-17 00:00:00+00:00, run_after=2024-10-18 00:00:00+00:00
[2024-10-18T11:06:13.991+0000] {processor.py:208} INFO - Processing /home/airflow/.local/lib/python3.12/site-packages/airflow/example_dags/example_inlet_event_extra.py took 0.183 seconds
[2024-10-18T11:06:44.220+0000] {processor.py:186} INFO - Started process (PID=6114) to work on /home/airflow/.local/lib/python3.12/site-packages/airflow/example_dags/example_inlet_event_extra.py
[2024-10-18T11:06:44.221+0000] {processor.py:914} INFO - Processing file /home/airflow/.local/lib/python3.12/site-packages/airflow/example_dags/example_inlet_event_extra.py for tasks to queue
[2024-10-18T11:06:44.223+0000] {logging_mixin.py:190} INFO - [2024-10-18T11:06:44.222+0000] {dagbag.py:588} INFO - Filling up the DagBag from /home/airflow/.local/lib/python3.12/site-packages/airflow/example_dags/example_inlet_event_extra.py
[2024-10-18T11:06:44.331+0000] {processor.py:925} INFO - DAG(s) 'read_dataset_event', 'read_dataset_event_from_classic' retrieved from /home/airflow/.local/lib/python3.12/site-packages/airflow/example_dags/example_inlet_event_extra.py
[2024-10-18T11:06:44.350+0000] {logging_mixin.py:190} INFO - [2024-10-18T11:06:44.350+0000] {dag.py:3239} INFO - Sync 2 DAGs
[2024-10-18T11:06:44.374+0000] {logging_mixin.py:190} INFO - [2024-10-18T11:06:44.373+0000] {dag.py:4180} INFO - Setting next_dagrun for read_dataset_event to 2024-10-17 00:00:00+00:00, run_after=2024-10-18 00:00:00+00:00
[2024-10-18T11:06:44.379+0000] {logging_mixin.py:190} INFO - [2024-10-18T11:06:44.379+0000] {dag.py:4180} INFO - Setting next_dagrun for read_dataset_event_from_classic to 2024-10-17 00:00:00+00:00, run_after=2024-10-18 00:00:00+00:00
[2024-10-18T11:06:44.397+0000] {processor.py:208} INFO - Processing /home/airflow/.local/lib/python3.12/site-packages/airflow/example_dags/example_inlet_event_extra.py took 0.182 seconds
[2024-10-18T11:07:14.448+0000] {processor.py:186} INFO - Started process (PID=6405) to work on /home/airflow/.local/lib/python3.12/site-packages/airflow/example_dags/example_inlet_event_extra.py
[2024-10-18T11:07:14.449+0000] {processor.py:914} INFO - Processing file /home/airflow/.local/lib/python3.12/site-packages/airflow/example_dags/example_inlet_event_extra.py for tasks to queue
[2024-10-18T11:07:14.451+0000] {logging_mixin.py:190} INFO - [2024-10-18T11:07:14.450+0000] {dagbag.py:588} INFO - Filling up the DagBag from /home/airflow/.local/lib/python3.12/site-packages/airflow/example_dags/example_inlet_event_extra.py
[2024-10-18T11:07:14.593+0000] {processor.py:925} INFO - DAG(s) 'read_dataset_event_from_classic', 'read_dataset_event' retrieved from /home/airflow/.local/lib/python3.12/site-packages/airflow/example_dags/example_inlet_event_extra.py
[2024-10-18T11:07:14.613+0000] {logging_mixin.py:190} INFO - [2024-10-18T11:07:14.613+0000] {dag.py:3239} INFO - Sync 2 DAGs
[2024-10-18T11:07:14.644+0000] {logging_mixin.py:190} INFO - [2024-10-18T11:07:14.644+0000] {dag.py:4180} INFO - Setting next_dagrun for read_dataset_event to 2024-10-17 00:00:00+00:00, run_after=2024-10-18 00:00:00+00:00
[2024-10-18T11:07:14.650+0000] {logging_mixin.py:190} INFO - [2024-10-18T11:07:14.649+0000] {dag.py:4180} INFO - Setting next_dagrun for read_dataset_event_from_classic to 2024-10-17 00:00:00+00:00, run_after=2024-10-18 00:00:00+00:00
[2024-10-18T11:07:14.670+0000] {processor.py:208} INFO - Processing /home/airflow/.local/lib/python3.12/site-packages/airflow/example_dags/example_inlet_event_extra.py took 0.228 seconds
[2024-10-18T11:07:44.787+0000] {processor.py:186} INFO - Started process (PID=6686) to work on /home/airflow/.local/lib/python3.12/site-packages/airflow/example_dags/example_inlet_event_extra.py
[2024-10-18T11:07:44.788+0000] {processor.py:914} INFO - Processing file /home/airflow/.local/lib/python3.12/site-packages/airflow/example_dags/example_inlet_event_extra.py for tasks to queue
[2024-10-18T11:07:44.790+0000] {logging_mixin.py:190} INFO - [2024-10-18T11:07:44.789+0000] {dagbag.py:588} INFO - Filling up the DagBag from /home/airflow/.local/lib/python3.12/site-packages/airflow/example_dags/example_inlet_event_extra.py
[2024-10-18T11:07:44.894+0000] {processor.py:925} INFO - DAG(s) 'read_dataset_event', 'read_dataset_event_from_classic' retrieved from /home/airflow/.local/lib/python3.12/site-packages/airflow/example_dags/example_inlet_event_extra.py
[2024-10-18T11:07:44.917+0000] {logging_mixin.py:190} INFO - [2024-10-18T11:07:44.916+0000] {dag.py:3239} INFO - Sync 2 DAGs
[2024-10-18T11:07:44.939+0000] {logging_mixin.py:190} INFO - [2024-10-18T11:07:44.938+0000] {dag.py:4180} INFO - Setting next_dagrun for read_dataset_event to 2024-10-17 00:00:00+00:00, run_after=2024-10-18 00:00:00+00:00
[2024-10-18T11:07:44.943+0000] {logging_mixin.py:190} INFO - [2024-10-18T11:07:44.943+0000] {dag.py:4180} INFO - Setting next_dagrun for read_dataset_event_from_classic to 2024-10-17 00:00:00+00:00, run_after=2024-10-18 00:00:00+00:00
[2024-10-18T11:07:44.959+0000] {processor.py:208} INFO - Processing /home/airflow/.local/lib/python3.12/site-packages/airflow/example_dags/example_inlet_event_extra.py took 0.177 seconds
[2024-10-18T11:08:15.065+0000] {processor.py:186} INFO - Started process (PID=6972) to work on /home/airflow/.local/lib/python3.12/site-packages/airflow/example_dags/example_inlet_event_extra.py
[2024-10-18T11:08:15.066+0000] {processor.py:914} INFO - Processing file /home/airflow/.local/lib/python3.12/site-packages/airflow/example_dags/example_inlet_event_extra.py for tasks to queue
[2024-10-18T11:08:15.068+0000] {logging_mixin.py:190} INFO - [2024-10-18T11:08:15.068+0000] {dagbag.py:588} INFO - Filling up the DagBag from /home/airflow/.local/lib/python3.12/site-packages/airflow/example_dags/example_inlet_event_extra.py
[2024-10-18T11:08:15.174+0000] {processor.py:925} INFO - DAG(s) 'read_dataset_event_from_classic', 'read_dataset_event' retrieved from /home/airflow/.local/lib/python3.12/site-packages/airflow/example_dags/example_inlet_event_extra.py
[2024-10-18T11:08:15.194+0000] {logging_mixin.py:190} INFO - [2024-10-18T11:08:15.193+0000] {dag.py:3239} INFO - Sync 2 DAGs
[2024-10-18T11:08:15.216+0000] {logging_mixin.py:190} INFO - [2024-10-18T11:08:15.216+0000] {dag.py:4180} INFO - Setting next_dagrun for read_dataset_event to 2024-10-17 00:00:00+00:00, run_after=2024-10-18 00:00:00+00:00
[2024-10-18T11:08:15.221+0000] {logging_mixin.py:190} INFO - [2024-10-18T11:08:15.221+0000] {dag.py:4180} INFO - Setting next_dagrun for read_dataset_event_from_classic to 2024-10-17 00:00:00+00:00, run_after=2024-10-18 00:00:00+00:00
[2024-10-18T11:08:15.240+0000] {processor.py:208} INFO - Processing /home/airflow/.local/lib/python3.12/site-packages/airflow/example_dags/example_inlet_event_extra.py took 0.179 seconds
[2024-10-18T11:08:45.340+0000] {processor.py:186} INFO - Started process (PID=7258) to work on /home/airflow/.local/lib/python3.12/site-packages/airflow/example_dags/example_inlet_event_extra.py
[2024-10-18T11:08:45.341+0000] {processor.py:914} INFO - Processing file /home/airflow/.local/lib/python3.12/site-packages/airflow/example_dags/example_inlet_event_extra.py for tasks to queue
[2024-10-18T11:08:45.343+0000] {logging_mixin.py:190} INFO - [2024-10-18T11:08:45.343+0000] {dagbag.py:588} INFO - Filling up the DagBag from /home/airflow/.local/lib/python3.12/site-packages/airflow/example_dags/example_inlet_event_extra.py
[2024-10-18T11:08:45.452+0000] {processor.py:925} INFO - DAG(s) 'read_dataset_event_from_classic', 'read_dataset_event' retrieved from /home/airflow/.local/lib/python3.12/site-packages/airflow/example_dags/example_inlet_event_extra.py
[2024-10-18T11:08:45.473+0000] {logging_mixin.py:190} INFO - [2024-10-18T11:08:45.473+0000] {dag.py:3239} INFO - Sync 2 DAGs
[2024-10-18T11:08:45.494+0000] {logging_mixin.py:190} INFO - [2024-10-18T11:08:45.494+0000] {dag.py:4180} INFO - Setting next_dagrun for read_dataset_event to 2024-10-17 00:00:00+00:00, run_after=2024-10-18 00:00:00+00:00
[2024-10-18T11:08:45.498+0000] {logging_mixin.py:190} INFO - [2024-10-18T11:08:45.498+0000] {dag.py:4180} INFO - Setting next_dagrun for read_dataset_event_from_classic to 2024-10-17 00:00:00+00:00, run_after=2024-10-18 00:00:00+00:00
[2024-10-18T11:08:45.515+0000] {processor.py:208} INFO - Processing /home/airflow/.local/lib/python3.12/site-packages/airflow/example_dags/example_inlet_event_extra.py took 0.179 seconds
[2024-10-18T11:09:15.687+0000] {processor.py:186} INFO - Started process (PID=7544) to work on /home/airflow/.local/lib/python3.12/site-packages/airflow/example_dags/example_inlet_event_extra.py
[2024-10-18T11:09:15.689+0000] {processor.py:914} INFO - Processing file /home/airflow/.local/lib/python3.12/site-packages/airflow/example_dags/example_inlet_event_extra.py for tasks to queue
[2024-10-18T11:09:15.691+0000] {logging_mixin.py:190} INFO - [2024-10-18T11:09:15.690+0000] {dagbag.py:588} INFO - Filling up the DagBag from /home/airflow/.local/lib/python3.12/site-packages/airflow/example_dags/example_inlet_event_extra.py
[2024-10-18T11:09:15.799+0000] {processor.py:925} INFO - DAG(s) 'read_dataset_event', 'read_dataset_event_from_classic' retrieved from /home/airflow/.local/lib/python3.12/site-packages/airflow/example_dags/example_inlet_event_extra.py
[2024-10-18T11:09:15.819+0000] {logging_mixin.py:190} INFO - [2024-10-18T11:09:15.818+0000] {dag.py:3239} INFO - Sync 2 DAGs
[2024-10-18T11:09:15.842+0000] {logging_mixin.py:190} INFO - [2024-10-18T11:09:15.842+0000] {dag.py:4180} INFO - Setting next_dagrun for read_dataset_event to 2024-10-17 00:00:00+00:00, run_after=2024-10-18 00:00:00+00:00
[2024-10-18T11:09:15.847+0000] {logging_mixin.py:190} INFO - [2024-10-18T11:09:15.847+0000] {dag.py:4180} INFO - Setting next_dagrun for read_dataset_event_from_classic to 2024-10-17 00:00:00+00:00, run_after=2024-10-18 00:00:00+00:00
[2024-10-18T11:09:15.862+0000] {processor.py:208} INFO - Processing /home/airflow/.local/lib/python3.12/site-packages/airflow/example_dags/example_inlet_event_extra.py took 0.180 seconds
[2024-10-18T11:09:45.970+0000] {processor.py:186} INFO - Started process (PID=7830) to work on /home/airflow/.local/lib/python3.12/site-packages/airflow/example_dags/example_inlet_event_extra.py
[2024-10-18T11:09:45.971+0000] {processor.py:914} INFO - Processing file /home/airflow/.local/lib/python3.12/site-packages/airflow/example_dags/example_inlet_event_extra.py for tasks to queue
[2024-10-18T11:09:45.973+0000] {logging_mixin.py:190} INFO - [2024-10-18T11:09:45.973+0000] {dagbag.py:588} INFO - Filling up the DagBag from /home/airflow/.local/lib/python3.12/site-packages/airflow/example_dags/example_inlet_event_extra.py
[2024-10-18T11:09:46.080+0000] {processor.py:925} INFO - DAG(s) 'read_dataset_event_from_classic', 'read_dataset_event' retrieved from /home/airflow/.local/lib/python3.12/site-packages/airflow/example_dags/example_inlet_event_extra.py
[2024-10-18T11:09:46.102+0000] {logging_mixin.py:190} INFO - [2024-10-18T11:09:46.101+0000] {dag.py:3239} INFO - Sync 2 DAGs
[2024-10-18T11:09:46.125+0000] {logging_mixin.py:190} INFO - [2024-10-18T11:09:46.125+0000] {dag.py:4180} INFO - Setting next_dagrun for read_dataset_event to 2024-10-17 00:00:00+00:00, run_after=2024-10-18 00:00:00+00:00
[2024-10-18T11:09:46.130+0000] {logging_mixin.py:190} INFO - [2024-10-18T11:09:46.129+0000] {dag.py:4180} INFO - Setting next_dagrun for read_dataset_event_from_classic to 2024-10-17 00:00:00+00:00, run_after=2024-10-18 00:00:00+00:00
[2024-10-18T11:09:46.146+0000] {processor.py:208} INFO - Processing /home/airflow/.local/lib/python3.12/site-packages/airflow/example_dags/example_inlet_event_extra.py took 0.180 seconds
[2024-10-18T11:10:16.248+0000] {processor.py:186} INFO - Started process (PID=8116) to work on /home/airflow/.local/lib/python3.12/site-packages/airflow/example_dags/example_inlet_event_extra.py
[2024-10-18T11:10:16.249+0000] {processor.py:914} INFO - Processing file /home/airflow/.local/lib/python3.12/site-packages/airflow/example_dags/example_inlet_event_extra.py for tasks to queue
[2024-10-18T11:10:16.251+0000] {logging_mixin.py:190} INFO - [2024-10-18T11:10:16.250+0000] {dagbag.py:588} INFO - Filling up the DagBag from /home/airflow/.local/lib/python3.12/site-packages/airflow/example_dags/example_inlet_event_extra.py
[2024-10-18T11:10:16.359+0000] {processor.py:925} INFO - DAG(s) 'read_dataset_event_from_classic', 'read_dataset_event' retrieved from /home/airflow/.local/lib/python3.12/site-packages/airflow/example_dags/example_inlet_event_extra.py
[2024-10-18T11:10:16.378+0000] {logging_mixin.py:190} INFO - [2024-10-18T11:10:16.378+0000] {dag.py:3239} INFO - Sync 2 DAGs
[2024-10-18T11:10:16.402+0000] {logging_mixin.py:190} INFO - [2024-10-18T11:10:16.402+0000] {dag.py:4180} INFO - Setting next_dagrun for read_dataset_event to 2024-10-17 00:00:00+00:00, run_after=2024-10-18 00:00:00+00:00
[2024-10-18T11:10:16.408+0000] {logging_mixin.py:190} INFO - [2024-10-18T11:10:16.408+0000] {dag.py:4180} INFO - Setting next_dagrun for read_dataset_event_from_classic to 2024-10-17 00:00:00+00:00, run_after=2024-10-18 00:00:00+00:00
[2024-10-18T11:10:16.598+0000] {processor.py:208} INFO - Processing /home/airflow/.local/lib/python3.12/site-packages/airflow/example_dags/example_inlet_event_extra.py took 0.356 seconds
[2024-10-18T11:10:47.178+0000] {processor.py:186} INFO - Started process (PID=8400) to work on /home/airflow/.local/lib/python3.12/site-packages/airflow/example_dags/example_inlet_event_extra.py
[2024-10-18T11:10:47.179+0000] {processor.py:914} INFO - Processing file /home/airflow/.local/lib/python3.12/site-packages/airflow/example_dags/example_inlet_event_extra.py for tasks to queue
[2024-10-18T11:10:47.182+0000] {logging_mixin.py:190} INFO - [2024-10-18T11:10:47.181+0000] {dagbag.py:588} INFO - Filling up the DagBag from /home/airflow/.local/lib/python3.12/site-packages/airflow/example_dags/example_inlet_event_extra.py
[2024-10-18T11:10:47.422+0000] {processor.py:925} INFO - DAG(s) 'read_dataset_event_from_classic', 'read_dataset_event' retrieved from /home/airflow/.local/lib/python3.12/site-packages/airflow/example_dags/example_inlet_event_extra.py
[2024-10-18T11:10:47.463+0000] {logging_mixin.py:190} INFO - [2024-10-18T11:10:47.463+0000] {dag.py:3239} INFO - Sync 2 DAGs
[2024-10-18T11:10:47.516+0000] {logging_mixin.py:190} INFO - [2024-10-18T11:10:47.515+0000] {dag.py:4180} INFO - Setting next_dagrun for read_dataset_event to 2024-10-17 00:00:00+00:00, run_after=2024-10-18 00:00:00+00:00
[2024-10-18T11:10:47.532+0000] {logging_mixin.py:190} INFO - [2024-10-18T11:10:47.531+0000] {dag.py:4180} INFO - Setting next_dagrun for read_dataset_event_from_classic to 2024-10-17 00:00:00+00:00, run_after=2024-10-18 00:00:00+00:00
[2024-10-18T11:10:47.577+0000] {processor.py:208} INFO - Processing /home/airflow/.local/lib/python3.12/site-packages/airflow/example_dags/example_inlet_event_extra.py took 0.412 seconds
[2024-10-18T11:11:17.627+0000] {processor.py:186} INFO - Started process (PID=8686) to work on /home/airflow/.local/lib/python3.12/site-packages/airflow/example_dags/example_inlet_event_extra.py
[2024-10-18T11:11:17.628+0000] {processor.py:914} INFO - Processing file /home/airflow/.local/lib/python3.12/site-packages/airflow/example_dags/example_inlet_event_extra.py for tasks to queue
[2024-10-18T11:11:17.630+0000] {logging_mixin.py:190} INFO - [2024-10-18T11:11:17.630+0000] {dagbag.py:588} INFO - Filling up the DagBag from /home/airflow/.local/lib/python3.12/site-packages/airflow/example_dags/example_inlet_event_extra.py
[2024-10-18T11:11:17.744+0000] {processor.py:925} INFO - DAG(s) 'read_dataset_event_from_classic', 'read_dataset_event' retrieved from /home/airflow/.local/lib/python3.12/site-packages/airflow/example_dags/example_inlet_event_extra.py
[2024-10-18T11:11:17.765+0000] {logging_mixin.py:190} INFO - [2024-10-18T11:11:17.764+0000] {dag.py:3239} INFO - Sync 2 DAGs
[2024-10-18T11:11:17.788+0000] {logging_mixin.py:190} INFO - [2024-10-18T11:11:17.788+0000] {dag.py:4180} INFO - Setting next_dagrun for read_dataset_event to 2024-10-17 00:00:00+00:00, run_after=2024-10-18 00:00:00+00:00
[2024-10-18T11:11:17.794+0000] {logging_mixin.py:190} INFO - [2024-10-18T11:11:17.793+0000] {dag.py:4180} INFO - Setting next_dagrun for read_dataset_event_from_classic to 2024-10-17 00:00:00+00:00, run_after=2024-10-18 00:00:00+00:00
[2024-10-18T11:11:17.811+0000] {processor.py:208} INFO - Processing /home/airflow/.local/lib/python3.12/site-packages/airflow/example_dags/example_inlet_event_extra.py took 0.189 seconds
[2024-10-18T11:11:48.085+0000] {processor.py:186} INFO - Started process (PID=8972) to work on /home/airflow/.local/lib/python3.12/site-packages/airflow/example_dags/example_inlet_event_extra.py
[2024-10-18T11:11:48.087+0000] {processor.py:914} INFO - Processing file /home/airflow/.local/lib/python3.12/site-packages/airflow/example_dags/example_inlet_event_extra.py for tasks to queue
[2024-10-18T11:11:48.091+0000] {logging_mixin.py:190} INFO - [2024-10-18T11:11:48.090+0000] {dagbag.py:588} INFO - Filling up the DagBag from /home/airflow/.local/lib/python3.12/site-packages/airflow/example_dags/example_inlet_event_extra.py
[2024-10-18T11:11:48.265+0000] {processor.py:925} INFO - DAG(s) 'read_dataset_event_from_classic', 'read_dataset_event' retrieved from /home/airflow/.local/lib/python3.12/site-packages/airflow/example_dags/example_inlet_event_extra.py
[2024-10-18T11:11:48.293+0000] {logging_mixin.py:190} INFO - [2024-10-18T11:11:48.293+0000] {dag.py:3239} INFO - Sync 2 DAGs
[2024-10-18T11:11:48.328+0000] {logging_mixin.py:190} INFO - [2024-10-18T11:11:48.328+0000] {dag.py:4180} INFO - Setting next_dagrun for read_dataset_event to 2024-10-17 00:00:00+00:00, run_after=2024-10-18 00:00:00+00:00
[2024-10-18T11:11:48.336+0000] {logging_mixin.py:190} INFO - [2024-10-18T11:11:48.336+0000] {dag.py:4180} INFO - Setting next_dagrun for read_dataset_event_from_classic to 2024-10-17 00:00:00+00:00, run_after=2024-10-18 00:00:00+00:00
[2024-10-18T11:11:48.362+0000] {processor.py:208} INFO - Processing /home/airflow/.local/lib/python3.12/site-packages/airflow/example_dags/example_inlet_event_extra.py took 0.285 seconds
[2024-10-18T11:12:18.663+0000] {processor.py:186} INFO - Started process (PID=9258) to work on /home/airflow/.local/lib/python3.12/site-packages/airflow/example_dags/example_inlet_event_extra.py
[2024-10-18T11:12:18.663+0000] {processor.py:914} INFO - Processing file /home/airflow/.local/lib/python3.12/site-packages/airflow/example_dags/example_inlet_event_extra.py for tasks to queue
[2024-10-18T11:12:18.666+0000] {logging_mixin.py:190} INFO - [2024-10-18T11:12:18.665+0000] {dagbag.py:588} INFO - Filling up the DagBag from /home/airflow/.local/lib/python3.12/site-packages/airflow/example_dags/example_inlet_event_extra.py
[2024-10-18T11:12:18.805+0000] {processor.py:925} INFO - DAG(s) 'read_dataset_event_from_classic', 'read_dataset_event' retrieved from /home/airflow/.local/lib/python3.12/site-packages/airflow/example_dags/example_inlet_event_extra.py
[2024-10-18T11:12:18.828+0000] {logging_mixin.py:190} INFO - [2024-10-18T11:12:18.828+0000] {dag.py:3239} INFO - Sync 2 DAGs
[2024-10-18T11:12:18.860+0000] {logging_mixin.py:190} INFO - [2024-10-18T11:12:18.860+0000] {dag.py:4180} INFO - Setting next_dagrun for read_dataset_event to 2024-10-17 00:00:00+00:00, run_after=2024-10-18 00:00:00+00:00
[2024-10-18T11:12:18.868+0000] {logging_mixin.py:190} INFO - [2024-10-18T11:12:18.868+0000] {dag.py:4180} INFO - Setting next_dagrun for read_dataset_event_from_classic to 2024-10-17 00:00:00+00:00, run_after=2024-10-18 00:00:00+00:00
[2024-10-18T11:12:18.893+0000] {processor.py:208} INFO - Processing /home/airflow/.local/lib/python3.12/site-packages/airflow/example_dags/example_inlet_event_extra.py took 0.236 seconds
[2024-10-18T11:12:49.161+0000] {processor.py:186} INFO - Started process (PID=9547) to work on /home/airflow/.local/lib/python3.12/site-packages/airflow/example_dags/example_inlet_event_extra.py
[2024-10-18T11:12:49.162+0000] {processor.py:914} INFO - Processing file /home/airflow/.local/lib/python3.12/site-packages/airflow/example_dags/example_inlet_event_extra.py for tasks to queue
[2024-10-18T11:12:49.165+0000] {logging_mixin.py:190} INFO - [2024-10-18T11:12:49.165+0000] {dagbag.py:588} INFO - Filling up the DagBag from /home/airflow/.local/lib/python3.12/site-packages/airflow/example_dags/example_inlet_event_extra.py
[2024-10-18T11:12:49.317+0000] {processor.py:925} INFO - DAG(s) 'read_dataset_event', 'read_dataset_event_from_classic' retrieved from /home/airflow/.local/lib/python3.12/site-packages/airflow/example_dags/example_inlet_event_extra.py
[2024-10-18T11:12:49.342+0000] {logging_mixin.py:190} INFO - [2024-10-18T11:12:49.342+0000] {dag.py:3239} INFO - Sync 2 DAGs
[2024-10-18T11:12:49.375+0000] {logging_mixin.py:190} INFO - [2024-10-18T11:12:49.375+0000] {dag.py:4180} INFO - Setting next_dagrun for read_dataset_event to 2024-10-17 00:00:00+00:00, run_after=2024-10-18 00:00:00+00:00
[2024-10-18T11:12:49.381+0000] {logging_mixin.py:190} INFO - [2024-10-18T11:12:49.381+0000] {dag.py:4180} INFO - Setting next_dagrun for read_dataset_event_from_classic to 2024-10-17 00:00:00+00:00, run_after=2024-10-18 00:00:00+00:00
[2024-10-18T11:12:49.405+0000] {processor.py:208} INFO - Processing /home/airflow/.local/lib/python3.12/site-packages/airflow/example_dags/example_inlet_event_extra.py took 0.251 seconds
[2024-10-18T11:13:19.481+0000] {processor.py:186} INFO - Started process (PID=9833) to work on /home/airflow/.local/lib/python3.12/site-packages/airflow/example_dags/example_inlet_event_extra.py
[2024-10-18T11:13:19.482+0000] {processor.py:914} INFO - Processing file /home/airflow/.local/lib/python3.12/site-packages/airflow/example_dags/example_inlet_event_extra.py for tasks to queue
[2024-10-18T11:13:19.485+0000] {logging_mixin.py:190} INFO - [2024-10-18T11:13:19.484+0000] {dagbag.py:588} INFO - Filling up the DagBag from /home/airflow/.local/lib/python3.12/site-packages/airflow/example_dags/example_inlet_event_extra.py
[2024-10-18T11:13:19.598+0000] {processor.py:925} INFO - DAG(s) 'read_dataset_event_from_classic', 'read_dataset_event' retrieved from /home/airflow/.local/lib/python3.12/site-packages/airflow/example_dags/example_inlet_event_extra.py
[2024-10-18T11:13:19.618+0000] {logging_mixin.py:190} INFO - [2024-10-18T11:13:19.618+0000] {dag.py:3239} INFO - Sync 2 DAGs
[2024-10-18T11:13:19.642+0000] {logging_mixin.py:190} INFO - [2024-10-18T11:13:19.641+0000] {dag.py:4180} INFO - Setting next_dagrun for read_dataset_event to 2024-10-17 00:00:00+00:00, run_after=2024-10-18 00:00:00+00:00
[2024-10-18T11:13:19.646+0000] {logging_mixin.py:190} INFO - [2024-10-18T11:13:19.646+0000] {dag.py:4180} INFO - Setting next_dagrun for read_dataset_event_from_classic to 2024-10-17 00:00:00+00:00, run_after=2024-10-18 00:00:00+00:00
[2024-10-18T11:13:19.666+0000] {processor.py:208} INFO - Processing /home/airflow/.local/lib/python3.12/site-packages/airflow/example_dags/example_inlet_event_extra.py took 0.190 seconds
[2024-10-18T11:13:50.870+0000] {processor.py:186} INFO - Started process (PID=10117) to work on /home/airflow/.local/lib/python3.12/site-packages/airflow/example_dags/example_inlet_event_extra.py
[2024-10-18T11:13:50.872+0000] {processor.py:914} INFO - Processing file /home/airflow/.local/lib/python3.12/site-packages/airflow/example_dags/example_inlet_event_extra.py for tasks to queue
[2024-10-18T11:13:50.875+0000] {logging_mixin.py:190} INFO - [2024-10-18T11:13:50.875+0000] {dagbag.py:588} INFO - Filling up the DagBag from /home/airflow/.local/lib/python3.12/site-packages/airflow/example_dags/example_inlet_event_extra.py
[2024-10-18T11:13:51.084+0000] {processor.py:925} INFO - DAG(s) 'read_dataset_event', 'read_dataset_event_from_classic' retrieved from /home/airflow/.local/lib/python3.12/site-packages/airflow/example_dags/example_inlet_event_extra.py
[2024-10-18T11:13:51.115+0000] {logging_mixin.py:190} INFO - [2024-10-18T11:13:51.114+0000] {dag.py:3239} INFO - Sync 2 DAGs
[2024-10-18T11:13:51.159+0000] {logging_mixin.py:190} INFO - [2024-10-18T11:13:51.159+0000] {dag.py:4180} INFO - Setting next_dagrun for read_dataset_event to 2024-10-17 00:00:00+00:00, run_after=2024-10-18 00:00:00+00:00
[2024-10-18T11:13:51.170+0000] {logging_mixin.py:190} INFO - [2024-10-18T11:13:51.169+0000] {dag.py:4180} INFO - Setting next_dagrun for read_dataset_event_from_classic to 2024-10-17 00:00:00+00:00, run_after=2024-10-18 00:00:00+00:00
[2024-10-18T11:13:51.199+0000] {processor.py:208} INFO - Processing /home/airflow/.local/lib/python3.12/site-packages/airflow/example_dags/example_inlet_event_extra.py took 0.337 seconds
[2024-10-18T11:14:21.312+0000] {processor.py:186} INFO - Started process (PID=10422) to work on /home/airflow/.local/lib/python3.12/site-packages/airflow/example_dags/example_inlet_event_extra.py
[2024-10-18T11:14:21.314+0000] {processor.py:914} INFO - Processing file /home/airflow/.local/lib/python3.12/site-packages/airflow/example_dags/example_inlet_event_extra.py for tasks to queue
[2024-10-18T11:14:21.316+0000] {logging_mixin.py:190} INFO - [2024-10-18T11:14:21.316+0000] {dagbag.py:588} INFO - Filling up the DagBag from /home/airflow/.local/lib/python3.12/site-packages/airflow/example_dags/example_inlet_event_extra.py
[2024-10-18T11:14:21.625+0000] {processor.py:925} INFO - DAG(s) 'read_dataset_event', 'read_dataset_event_from_classic' retrieved from /home/airflow/.local/lib/python3.12/site-packages/airflow/example_dags/example_inlet_event_extra.py
[2024-10-18T11:14:21.648+0000] {logging_mixin.py:190} INFO - [2024-10-18T11:14:21.648+0000] {dag.py:3239} INFO - Sync 2 DAGs
[2024-10-18T11:14:21.673+0000] {logging_mixin.py:190} INFO - [2024-10-18T11:14:21.673+0000] {dag.py:4180} INFO - Setting next_dagrun for read_dataset_event to 2024-10-17 00:00:00+00:00, run_after=2024-10-18 00:00:00+00:00
[2024-10-18T11:14:21.681+0000] {logging_mixin.py:190} INFO - [2024-10-18T11:14:21.680+0000] {dag.py:4180} INFO - Setting next_dagrun for read_dataset_event_from_classic to 2024-10-17 00:00:00+00:00, run_after=2024-10-18 00:00:00+00:00
[2024-10-18T11:14:21.700+0000] {processor.py:208} INFO - Processing /home/airflow/.local/lib/python3.12/site-packages/airflow/example_dags/example_inlet_event_extra.py took 0.394 seconds
[2024-10-18T11:14:52.813+0000] {processor.py:186} INFO - Started process (PID=10725) to work on /home/airflow/.local/lib/python3.12/site-packages/airflow/example_dags/example_inlet_event_extra.py
[2024-10-18T11:14:52.815+0000] {processor.py:914} INFO - Processing file /home/airflow/.local/lib/python3.12/site-packages/airflow/example_dags/example_inlet_event_extra.py for tasks to queue
[2024-10-18T11:14:52.820+0000] {logging_mixin.py:190} INFO - [2024-10-18T11:14:52.819+0000] {dagbag.py:588} INFO - Filling up the DagBag from /home/airflow/.local/lib/python3.12/site-packages/airflow/example_dags/example_inlet_event_extra.py
[2024-10-18T11:14:53.282+0000] {processor.py:925} INFO - DAG(s) 'read_dataset_event_from_classic', 'read_dataset_event' retrieved from /home/airflow/.local/lib/python3.12/site-packages/airflow/example_dags/example_inlet_event_extra.py
[2024-10-18T11:14:53.312+0000] {logging_mixin.py:190} INFO - [2024-10-18T11:14:53.312+0000] {dag.py:3239} INFO - Sync 2 DAGs
[2024-10-18T11:14:53.356+0000] {logging_mixin.py:190} INFO - [2024-10-18T11:14:53.355+0000] {dag.py:4180} INFO - Setting next_dagrun for read_dataset_event to 2024-10-17 00:00:00+00:00, run_after=2024-10-18 00:00:00+00:00
[2024-10-18T11:14:53.363+0000] {logging_mixin.py:190} INFO - [2024-10-18T11:14:53.363+0000] {dag.py:4180} INFO - Setting next_dagrun for read_dataset_event_from_classic to 2024-10-17 00:00:00+00:00, run_after=2024-10-18 00:00:00+00:00
[2024-10-18T11:14:53.396+0000] {processor.py:208} INFO - Processing /home/airflow/.local/lib/python3.12/site-packages/airflow/example_dags/example_inlet_event_extra.py took 0.595 seconds
[2024-10-18T11:15:23.460+0000] {processor.py:186} INFO - Started process (PID=11021) to work on /home/airflow/.local/lib/python3.12/site-packages/airflow/example_dags/example_inlet_event_extra.py
[2024-10-18T11:15:23.461+0000] {processor.py:914} INFO - Processing file /home/airflow/.local/lib/python3.12/site-packages/airflow/example_dags/example_inlet_event_extra.py for tasks to queue
[2024-10-18T11:15:23.464+0000] {logging_mixin.py:190} INFO - [2024-10-18T11:15:23.463+0000] {dagbag.py:588} INFO - Filling up the DagBag from /home/airflow/.local/lib/python3.12/site-packages/airflow/example_dags/example_inlet_event_extra.py
[2024-10-18T11:15:23.745+0000] {processor.py:925} INFO - DAG(s) 'read_dataset_event', 'read_dataset_event_from_classic' retrieved from /home/airflow/.local/lib/python3.12/site-packages/airflow/example_dags/example_inlet_event_extra.py
[2024-10-18T11:15:23.772+0000] {logging_mixin.py:190} INFO - [2024-10-18T11:15:23.772+0000] {dag.py:3239} INFO - Sync 2 DAGs
[2024-10-18T11:15:23.800+0000] {logging_mixin.py:190} INFO - [2024-10-18T11:15:23.800+0000] {dag.py:4180} INFO - Setting next_dagrun for read_dataset_event to 2024-10-17 00:00:00+00:00, run_after=2024-10-18 00:00:00+00:00
[2024-10-18T11:15:23.806+0000] {logging_mixin.py:190} INFO - [2024-10-18T11:15:23.806+0000] {dag.py:4180} INFO - Setting next_dagrun for read_dataset_event_from_classic to 2024-10-17 00:00:00+00:00, run_after=2024-10-18 00:00:00+00:00
[2024-10-18T11:15:23.827+0000] {processor.py:208} INFO - Processing /home/airflow/.local/lib/python3.12/site-packages/airflow/example_dags/example_inlet_event_extra.py took 0.373 seconds
[2024-10-18T11:15:54.554+0000] {processor.py:186} INFO - Started process (PID=11310) to work on /home/airflow/.local/lib/python3.12/site-packages/airflow/example_dags/example_inlet_event_extra.py
[2024-10-18T11:15:54.557+0000] {processor.py:914} INFO - Processing file /home/airflow/.local/lib/python3.12/site-packages/airflow/example_dags/example_inlet_event_extra.py for tasks to queue
[2024-10-18T11:15:54.563+0000] {logging_mixin.py:190} INFO - [2024-10-18T11:15:54.562+0000] {dagbag.py:588} INFO - Filling up the DagBag from /home/airflow/.local/lib/python3.12/site-packages/airflow/example_dags/example_inlet_event_extra.py
[2024-10-18T11:15:55.084+0000] {processor.py:925} INFO - DAG(s) 'read_dataset_event', 'read_dataset_event_from_classic' retrieved from /home/airflow/.local/lib/python3.12/site-packages/airflow/example_dags/example_inlet_event_extra.py
[2024-10-18T11:15:55.119+0000] {logging_mixin.py:190} INFO - [2024-10-18T11:15:55.119+0000] {dag.py:3239} INFO - Sync 2 DAGs
[2024-10-18T11:15:55.156+0000] {logging_mixin.py:190} INFO - [2024-10-18T11:15:55.156+0000] {dag.py:4180} INFO - Setting next_dagrun for read_dataset_event to 2024-10-17 00:00:00+00:00, run_after=2024-10-18 00:00:00+00:00
[2024-10-18T11:15:55.164+0000] {logging_mixin.py:190} INFO - [2024-10-18T11:15:55.163+0000] {dag.py:4180} INFO - Setting next_dagrun for read_dataset_event_from_classic to 2024-10-17 00:00:00+00:00, run_after=2024-10-18 00:00:00+00:00
[2024-10-18T11:15:55.186+0000] {processor.py:208} INFO - Processing /home/airflow/.local/lib/python3.12/site-packages/airflow/example_dags/example_inlet_event_extra.py took 0.644 seconds
[2024-10-18T11:16:26.004+0000] {processor.py:186} INFO - Started process (PID=11606) to work on /home/airflow/.local/lib/python3.12/site-packages/airflow/example_dags/example_inlet_event_extra.py
[2024-10-18T11:16:26.007+0000] {processor.py:914} INFO - Processing file /home/airflow/.local/lib/python3.12/site-packages/airflow/example_dags/example_inlet_event_extra.py for tasks to queue
[2024-10-18T11:16:26.015+0000] {logging_mixin.py:190} INFO - [2024-10-18T11:16:26.014+0000] {dagbag.py:588} INFO - Filling up the DagBag from /home/airflow/.local/lib/python3.12/site-packages/airflow/example_dags/example_inlet_event_extra.py
[2024-10-18T11:16:26.546+0000] {processor.py:925} INFO - DAG(s) 'read_dataset_event_from_classic', 'read_dataset_event' retrieved from /home/airflow/.local/lib/python3.12/site-packages/airflow/example_dags/example_inlet_event_extra.py
[2024-10-18T11:16:26.569+0000] {logging_mixin.py:190} INFO - [2024-10-18T11:16:26.569+0000] {dag.py:3239} INFO - Sync 2 DAGs
[2024-10-18T11:16:26.600+0000] {logging_mixin.py:190} INFO - [2024-10-18T11:16:26.599+0000] {dag.py:4180} INFO - Setting next_dagrun for read_dataset_event to 2024-10-17 00:00:00+00:00, run_after=2024-10-18 00:00:00+00:00
[2024-10-18T11:16:26.607+0000] {logging_mixin.py:190} INFO - [2024-10-18T11:16:26.606+0000] {dag.py:4180} INFO - Setting next_dagrun for read_dataset_event_from_classic to 2024-10-17 00:00:00+00:00, run_after=2024-10-18 00:00:00+00:00
[2024-10-18T11:16:26.630+0000] {processor.py:208} INFO - Processing /home/airflow/.local/lib/python3.12/site-packages/airflow/example_dags/example_inlet_event_extra.py took 0.640 seconds
[2024-10-18T11:16:56.846+0000] {processor.py:186} INFO - Started process (PID=11916) to work on /home/airflow/.local/lib/python3.12/site-packages/airflow/example_dags/example_inlet_event_extra.py
[2024-10-18T11:16:56.848+0000] {processor.py:914} INFO - Processing file /home/airflow/.local/lib/python3.12/site-packages/airflow/example_dags/example_inlet_event_extra.py for tasks to queue
[2024-10-18T11:16:56.858+0000] {logging_mixin.py:190} INFO - [2024-10-18T11:16:56.856+0000] {dagbag.py:588} INFO - Filling up the DagBag from /home/airflow/.local/lib/python3.12/site-packages/airflow/example_dags/example_inlet_event_extra.py
[2024-10-18T11:16:57.462+0000] {processor.py:925} INFO - DAG(s) 'read_dataset_event', 'read_dataset_event_from_classic' retrieved from /home/airflow/.local/lib/python3.12/site-packages/airflow/example_dags/example_inlet_event_extra.py
[2024-10-18T11:16:57.505+0000] {logging_mixin.py:190} INFO - [2024-10-18T11:16:57.505+0000] {dag.py:3239} INFO - Sync 2 DAGs
[2024-10-18T11:16:57.550+0000] {logging_mixin.py:190} INFO - [2024-10-18T11:16:57.549+0000] {dag.py:4180} INFO - Setting next_dagrun for read_dataset_event to 2024-10-17 00:00:00+00:00, run_after=2024-10-18 00:00:00+00:00
[2024-10-18T11:16:57.560+0000] {logging_mixin.py:190} INFO - [2024-10-18T11:16:57.559+0000] {dag.py:4180} INFO - Setting next_dagrun for read_dataset_event_from_classic to 2024-10-17 00:00:00+00:00, run_after=2024-10-18 00:00:00+00:00
[2024-10-18T11:16:57.587+0000] {processor.py:208} INFO - Processing /home/airflow/.local/lib/python3.12/site-packages/airflow/example_dags/example_inlet_event_extra.py took 0.757 seconds
[2024-10-18T11:17:27.696+0000] {processor.py:186} INFO - Started process (PID=12197) to work on /home/airflow/.local/lib/python3.12/site-packages/airflow/example_dags/example_inlet_event_extra.py
[2024-10-18T11:17:27.698+0000] {processor.py:914} INFO - Processing file /home/airflow/.local/lib/python3.12/site-packages/airflow/example_dags/example_inlet_event_extra.py for tasks to queue
[2024-10-18T11:17:27.702+0000] {logging_mixin.py:190} INFO - [2024-10-18T11:17:27.701+0000] {dagbag.py:588} INFO - Filling up the DagBag from /home/airflow/.local/lib/python3.12/site-packages/airflow/example_dags/example_inlet_event_extra.py
[2024-10-18T11:17:28.381+0000] {processor.py:925} INFO - DAG(s) 'read_dataset_event_from_classic', 'read_dataset_event' retrieved from /home/airflow/.local/lib/python3.12/site-packages/airflow/example_dags/example_inlet_event_extra.py
[2024-10-18T11:17:28.420+0000] {logging_mixin.py:190} INFO - [2024-10-18T11:17:28.419+0000] {dag.py:3239} INFO - Sync 2 DAGs
[2024-10-18T11:17:28.479+0000] {logging_mixin.py:190} INFO - [2024-10-18T11:17:28.479+0000] {dag.py:4180} INFO - Setting next_dagrun for read_dataset_event to 2024-10-17 00:00:00+00:00, run_after=2024-10-18 00:00:00+00:00
[2024-10-18T11:17:28.497+0000] {logging_mixin.py:190} INFO - [2024-10-18T11:17:28.497+0000] {dag.py:4180} INFO - Setting next_dagrun for read_dataset_event_from_classic to 2024-10-17 00:00:00+00:00, run_after=2024-10-18 00:00:00+00:00
[2024-10-18T11:17:28.545+0000] {processor.py:208} INFO - Processing /home/airflow/.local/lib/python3.12/site-packages/airflow/example_dags/example_inlet_event_extra.py took 0.861 seconds
[2024-10-18T11:17:59.135+0000] {processor.py:186} INFO - Started process (PID=12483) to work on /home/airflow/.local/lib/python3.12/site-packages/airflow/example_dags/example_inlet_event_extra.py
[2024-10-18T11:17:59.137+0000] {processor.py:914} INFO - Processing file /home/airflow/.local/lib/python3.12/site-packages/airflow/example_dags/example_inlet_event_extra.py for tasks to queue
[2024-10-18T11:17:59.142+0000] {logging_mixin.py:190} INFO - [2024-10-18T11:17:59.142+0000] {dagbag.py:588} INFO - Filling up the DagBag from /home/airflow/.local/lib/python3.12/site-packages/airflow/example_dags/example_inlet_event_extra.py
[2024-10-18T11:18:00.008+0000] {processor.py:925} INFO - DAG(s) 'read_dataset_event_from_classic', 'read_dataset_event' retrieved from /home/airflow/.local/lib/python3.12/site-packages/airflow/example_dags/example_inlet_event_extra.py
[2024-10-18T11:18:00.073+0000] {logging_mixin.py:190} INFO - [2024-10-18T11:18:00.073+0000] {dag.py:3239} INFO - Sync 2 DAGs
[2024-10-18T11:18:00.153+0000] {logging_mixin.py:190} INFO - [2024-10-18T11:18:00.153+0000] {dag.py:4180} INFO - Setting next_dagrun for read_dataset_event to 2024-10-17 00:00:00+00:00, run_after=2024-10-18 00:00:00+00:00
[2024-10-18T11:18:00.178+0000] {logging_mixin.py:190} INFO - [2024-10-18T11:18:00.177+0000] {dag.py:4180} INFO - Setting next_dagrun for read_dataset_event_from_classic to 2024-10-17 00:00:00+00:00, run_after=2024-10-18 00:00:00+00:00
[2024-10-18T11:18:00.224+0000] {processor.py:208} INFO - Processing /home/airflow/.local/lib/python3.12/site-packages/airflow/example_dags/example_inlet_event_extra.py took 1.107 seconds
[2024-10-18T11:18:31.092+0000] {processor.py:186} INFO - Started process (PID=12781) to work on /home/airflow/.local/lib/python3.12/site-packages/airflow/example_dags/example_inlet_event_extra.py
[2024-10-18T11:18:31.094+0000] {processor.py:914} INFO - Processing file /home/airflow/.local/lib/python3.12/site-packages/airflow/example_dags/example_inlet_event_extra.py for tasks to queue
[2024-10-18T11:18:31.098+0000] {logging_mixin.py:190} INFO - [2024-10-18T11:18:31.098+0000] {dagbag.py:588} INFO - Filling up the DagBag from /home/airflow/.local/lib/python3.12/site-packages/airflow/example_dags/example_inlet_event_extra.py
[2024-10-18T11:18:31.683+0000] {processor.py:925} INFO - DAG(s) 'read_dataset_event', 'read_dataset_event_from_classic' retrieved from /home/airflow/.local/lib/python3.12/site-packages/airflow/example_dags/example_inlet_event_extra.py
[2024-10-18T11:18:31.737+0000] {logging_mixin.py:190} INFO - [2024-10-18T11:18:31.734+0000] {dag.py:3239} INFO - Sync 2 DAGs
[2024-10-18T11:18:31.780+0000] {logging_mixin.py:190} INFO - [2024-10-18T11:18:31.780+0000] {dag.py:4180} INFO - Setting next_dagrun for read_dataset_event to 2024-10-17 00:00:00+00:00, run_after=2024-10-18 00:00:00+00:00
[2024-10-18T11:18:31.793+0000] {logging_mixin.py:190} INFO - [2024-10-18T11:18:31.793+0000] {dag.py:4180} INFO - Setting next_dagrun for read_dataset_event_from_classic to 2024-10-17 00:00:00+00:00, run_after=2024-10-18 00:00:00+00:00
[2024-10-18T11:18:31.833+0000] {processor.py:208} INFO - Processing /home/airflow/.local/lib/python3.12/site-packages/airflow/example_dags/example_inlet_event_extra.py took 0.753 seconds
[2024-10-18T11:19:02.016+0000] {processor.py:186} INFO - Started process (PID=13068) to work on /home/airflow/.local/lib/python3.12/site-packages/airflow/example_dags/example_inlet_event_extra.py
[2024-10-18T11:19:02.017+0000] {processor.py:914} INFO - Processing file /home/airflow/.local/lib/python3.12/site-packages/airflow/example_dags/example_inlet_event_extra.py for tasks to queue
[2024-10-18T11:19:02.024+0000] {logging_mixin.py:190} INFO - [2024-10-18T11:19:02.023+0000] {dagbag.py:588} INFO - Filling up the DagBag from /home/airflow/.local/lib/python3.12/site-packages/airflow/example_dags/example_inlet_event_extra.py
[2024-10-18T11:19:02.463+0000] {processor.py:925} INFO - DAG(s) 'read_dataset_event_from_classic', 'read_dataset_event' retrieved from /home/airflow/.local/lib/python3.12/site-packages/airflow/example_dags/example_inlet_event_extra.py
[2024-10-18T11:19:02.500+0000] {logging_mixin.py:190} INFO - [2024-10-18T11:19:02.500+0000] {dag.py:3239} INFO - Sync 2 DAGs
[2024-10-18T11:19:02.542+0000] {logging_mixin.py:190} INFO - [2024-10-18T11:19:02.541+0000] {dag.py:4180} INFO - Setting next_dagrun for read_dataset_event to 2024-10-17 00:00:00+00:00, run_after=2024-10-18 00:00:00+00:00
[2024-10-18T11:19:02.551+0000] {logging_mixin.py:190} INFO - [2024-10-18T11:19:02.550+0000] {dag.py:4180} INFO - Setting next_dagrun for read_dataset_event_from_classic to 2024-10-17 00:00:00+00:00, run_after=2024-10-18 00:00:00+00:00
[2024-10-18T11:19:02.583+0000] {processor.py:208} INFO - Processing /home/airflow/.local/lib/python3.12/site-packages/airflow/example_dags/example_inlet_event_extra.py took 0.579 seconds
[2024-10-18T11:19:32.961+0000] {processor.py:186} INFO - Started process (PID=13354) to work on /home/airflow/.local/lib/python3.12/site-packages/airflow/example_dags/example_inlet_event_extra.py
[2024-10-18T11:19:32.963+0000] {processor.py:914} INFO - Processing file /home/airflow/.local/lib/python3.12/site-packages/airflow/example_dags/example_inlet_event_extra.py for tasks to queue
[2024-10-18T11:19:32.965+0000] {logging_mixin.py:190} INFO - [2024-10-18T11:19:32.965+0000] {dagbag.py:588} INFO - Filling up the DagBag from /home/airflow/.local/lib/python3.12/site-packages/airflow/example_dags/example_inlet_event_extra.py
[2024-10-18T11:19:33.314+0000] {processor.py:925} INFO - DAG(s) 'read_dataset_event_from_classic', 'read_dataset_event' retrieved from /home/airflow/.local/lib/python3.12/site-packages/airflow/example_dags/example_inlet_event_extra.py
[2024-10-18T11:19:33.333+0000] {logging_mixin.py:190} INFO - [2024-10-18T11:19:33.333+0000] {dag.py:3239} INFO - Sync 2 DAGs
[2024-10-18T11:19:33.356+0000] {logging_mixin.py:190} INFO - [2024-10-18T11:19:33.355+0000] {dag.py:4180} INFO - Setting next_dagrun for read_dataset_event to 2024-10-17 00:00:00+00:00, run_after=2024-10-18 00:00:00+00:00
[2024-10-18T11:19:33.361+0000] {logging_mixin.py:190} INFO - [2024-10-18T11:19:33.361+0000] {dag.py:4180} INFO - Setting next_dagrun for read_dataset_event_from_classic to 2024-10-17 00:00:00+00:00, run_after=2024-10-18 00:00:00+00:00
[2024-10-18T11:19:33.377+0000] {processor.py:208} INFO - Processing /home/airflow/.local/lib/python3.12/site-packages/airflow/example_dags/example_inlet_event_extra.py took 0.422 seconds
[2024-10-18T11:20:03.600+0000] {processor.py:186} INFO - Started process (PID=13640) to work on /home/airflow/.local/lib/python3.12/site-packages/airflow/example_dags/example_inlet_event_extra.py
[2024-10-18T11:20:03.602+0000] {processor.py:914} INFO - Processing file /home/airflow/.local/lib/python3.12/site-packages/airflow/example_dags/example_inlet_event_extra.py for tasks to queue
[2024-10-18T11:20:03.604+0000] {logging_mixin.py:190} INFO - [2024-10-18T11:20:03.604+0000] {dagbag.py:588} INFO - Filling up the DagBag from /home/airflow/.local/lib/python3.12/site-packages/airflow/example_dags/example_inlet_event_extra.py
[2024-10-18T11:20:03.912+0000] {processor.py:925} INFO - DAG(s) 'read_dataset_event_from_classic', 'read_dataset_event' retrieved from /home/airflow/.local/lib/python3.12/site-packages/airflow/example_dags/example_inlet_event_extra.py
[2024-10-18T11:20:03.943+0000] {logging_mixin.py:190} INFO - [2024-10-18T11:20:03.943+0000] {dag.py:3239} INFO - Sync 2 DAGs
[2024-10-18T11:20:03.976+0000] {logging_mixin.py:190} INFO - [2024-10-18T11:20:03.976+0000] {dag.py:4180} INFO - Setting next_dagrun for read_dataset_event to 2024-10-17 00:00:00+00:00, run_after=2024-10-18 00:00:00+00:00
[2024-10-18T11:20:03.986+0000] {logging_mixin.py:190} INFO - [2024-10-18T11:20:03.985+0000] {dag.py:4180} INFO - Setting next_dagrun for read_dataset_event_from_classic to 2024-10-17 00:00:00+00:00, run_after=2024-10-18 00:00:00+00:00
[2024-10-18T11:20:04.012+0000] {processor.py:208} INFO - Processing /home/airflow/.local/lib/python3.12/site-packages/airflow/example_dags/example_inlet_event_extra.py took 0.417 seconds
[2024-10-18T11:20:34.343+0000] {processor.py:186} INFO - Started process (PID=13935) to work on /home/airflow/.local/lib/python3.12/site-packages/airflow/example_dags/example_inlet_event_extra.py
[2024-10-18T11:20:34.346+0000] {processor.py:914} INFO - Processing file /home/airflow/.local/lib/python3.12/site-packages/airflow/example_dags/example_inlet_event_extra.py for tasks to queue
[2024-10-18T11:20:34.351+0000] {logging_mixin.py:190} INFO - [2024-10-18T11:20:34.350+0000] {dagbag.py:588} INFO - Filling up the DagBag from /home/airflow/.local/lib/python3.12/site-packages/airflow/example_dags/example_inlet_event_extra.py
[2024-10-18T11:20:35.152+0000] {processor.py:925} INFO - DAG(s) 'read_dataset_event', 'read_dataset_event_from_classic' retrieved from /home/airflow/.local/lib/python3.12/site-packages/airflow/example_dags/example_inlet_event_extra.py
[2024-10-18T11:20:35.280+0000] {logging_mixin.py:190} INFO - [2024-10-18T11:20:35.279+0000] {dag.py:3239} INFO - Sync 2 DAGs
[2024-10-18T11:20:35.422+0000] {logging_mixin.py:190} INFO - [2024-10-18T11:20:35.420+0000] {dag.py:4180} INFO - Setting next_dagrun for read_dataset_event to 2024-10-17 00:00:00+00:00, run_after=2024-10-18 00:00:00+00:00
[2024-10-18T11:20:35.459+0000] {logging_mixin.py:190} INFO - [2024-10-18T11:20:35.458+0000] {dag.py:4180} INFO - Setting next_dagrun for read_dataset_event_from_classic to 2024-10-17 00:00:00+00:00, run_after=2024-10-18 00:00:00+00:00
[2024-10-18T11:20:35.650+0000] {processor.py:208} INFO - Processing /home/airflow/.local/lib/python3.12/site-packages/airflow/example_dags/example_inlet_event_extra.py took 1.328 seconds
[2024-10-18T11:21:06.511+0000] {processor.py:186} INFO - Started process (PID=14233) to work on /home/airflow/.local/lib/python3.12/site-packages/airflow/example_dags/example_inlet_event_extra.py
[2024-10-18T11:21:06.513+0000] {processor.py:914} INFO - Processing file /home/airflow/.local/lib/python3.12/site-packages/airflow/example_dags/example_inlet_event_extra.py for tasks to queue
[2024-10-18T11:21:06.516+0000] {logging_mixin.py:190} INFO - [2024-10-18T11:21:06.515+0000] {dagbag.py:588} INFO - Filling up the DagBag from /home/airflow/.local/lib/python3.12/site-packages/airflow/example_dags/example_inlet_event_extra.py
[2024-10-18T11:21:06.921+0000] {processor.py:925} INFO - DAG(s) 'read_dataset_event_from_classic', 'read_dataset_event' retrieved from /home/airflow/.local/lib/python3.12/site-packages/airflow/example_dags/example_inlet_event_extra.py
[2024-10-18T11:21:06.947+0000] {logging_mixin.py:190} INFO - [2024-10-18T11:21:06.946+0000] {dag.py:3239} INFO - Sync 2 DAGs
[2024-10-18T11:21:06.982+0000] {logging_mixin.py:190} INFO - [2024-10-18T11:21:06.982+0000] {dag.py:4180} INFO - Setting next_dagrun for read_dataset_event to 2024-10-17 00:00:00+00:00, run_after=2024-10-18 00:00:00+00:00
[2024-10-18T11:21:06.991+0000] {logging_mixin.py:190} INFO - [2024-10-18T11:21:06.991+0000] {dag.py:4180} INFO - Setting next_dagrun for read_dataset_event_from_classic to 2024-10-17 00:00:00+00:00, run_after=2024-10-18 00:00:00+00:00
[2024-10-18T11:21:07.013+0000] {processor.py:208} INFO - Processing /home/airflow/.local/lib/python3.12/site-packages/airflow/example_dags/example_inlet_event_extra.py took 0.509 seconds
[2024-10-18T11:21:37.250+0000] {processor.py:186} INFO - Started process (PID=14512) to work on /home/airflow/.local/lib/python3.12/site-packages/airflow/example_dags/example_inlet_event_extra.py
[2024-10-18T11:21:37.253+0000] {processor.py:914} INFO - Processing file /home/airflow/.local/lib/python3.12/site-packages/airflow/example_dags/example_inlet_event_extra.py for tasks to queue
[2024-10-18T11:21:37.259+0000] {logging_mixin.py:190} INFO - [2024-10-18T11:21:37.257+0000] {dagbag.py:588} INFO - Filling up the DagBag from /home/airflow/.local/lib/python3.12/site-packages/airflow/example_dags/example_inlet_event_extra.py
[2024-10-18T11:21:37.755+0000] {processor.py:925} INFO - DAG(s) 'read_dataset_event', 'read_dataset_event_from_classic' retrieved from /home/airflow/.local/lib/python3.12/site-packages/airflow/example_dags/example_inlet_event_extra.py
[2024-10-18T11:21:37.788+0000] {logging_mixin.py:190} INFO - [2024-10-18T11:21:37.788+0000] {dag.py:3239} INFO - Sync 2 DAGs
[2024-10-18T11:21:37.834+0000] {logging_mixin.py:190} INFO - [2024-10-18T11:21:37.833+0000] {dag.py:4180} INFO - Setting next_dagrun for read_dataset_event to 2024-10-17 00:00:00+00:00, run_after=2024-10-18 00:00:00+00:00
[2024-10-18T11:21:37.846+0000] {logging_mixin.py:190} INFO - [2024-10-18T11:21:37.845+0000] {dag.py:4180} INFO - Setting next_dagrun for read_dataset_event_from_classic to 2024-10-17 00:00:00+00:00, run_after=2024-10-18 00:00:00+00:00
[2024-10-18T11:21:37.877+0000] {processor.py:208} INFO - Processing /home/airflow/.local/lib/python3.12/site-packages/airflow/example_dags/example_inlet_event_extra.py took 0.640 seconds
[2024-10-18T11:22:08.015+0000] {processor.py:186} INFO - Started process (PID=14798) to work on /home/airflow/.local/lib/python3.12/site-packages/airflow/example_dags/example_inlet_event_extra.py
[2024-10-18T11:22:08.017+0000] {processor.py:914} INFO - Processing file /home/airflow/.local/lib/python3.12/site-packages/airflow/example_dags/example_inlet_event_extra.py for tasks to queue
[2024-10-18T11:22:08.021+0000] {logging_mixin.py:190} INFO - [2024-10-18T11:22:08.020+0000] {dagbag.py:588} INFO - Filling up the DagBag from /home/airflow/.local/lib/python3.12/site-packages/airflow/example_dags/example_inlet_event_extra.py
[2024-10-18T11:22:08.258+0000] {processor.py:925} INFO - DAG(s) 'read_dataset_event', 'read_dataset_event_from_classic' retrieved from /home/airflow/.local/lib/python3.12/site-packages/airflow/example_dags/example_inlet_event_extra.py
[2024-10-18T11:22:08.301+0000] {logging_mixin.py:190} INFO - [2024-10-18T11:22:08.300+0000] {dag.py:3239} INFO - Sync 2 DAGs
[2024-10-18T11:22:08.355+0000] {logging_mixin.py:190} INFO - [2024-10-18T11:22:08.354+0000] {dag.py:4180} INFO - Setting next_dagrun for read_dataset_event to 2024-10-17 00:00:00+00:00, run_after=2024-10-18 00:00:00+00:00
[2024-10-18T11:22:08.367+0000] {logging_mixin.py:190} INFO - [2024-10-18T11:22:08.366+0000] {dag.py:4180} INFO - Setting next_dagrun for read_dataset_event_from_classic to 2024-10-17 00:00:00+00:00, run_after=2024-10-18 00:00:00+00:00
[2024-10-18T11:22:08.401+0000] {processor.py:208} INFO - Processing /home/airflow/.local/lib/python3.12/site-packages/airflow/example_dags/example_inlet_event_extra.py took 0.394 seconds
[2024-10-18T11:22:39.139+0000] {processor.py:186} INFO - Started process (PID=15089) to work on /home/airflow/.local/lib/python3.12/site-packages/airflow/example_dags/example_inlet_event_extra.py
[2024-10-18T11:22:39.140+0000] {processor.py:914} INFO - Processing file /home/airflow/.local/lib/python3.12/site-packages/airflow/example_dags/example_inlet_event_extra.py for tasks to queue
[2024-10-18T11:22:39.145+0000] {logging_mixin.py:190} INFO - [2024-10-18T11:22:39.144+0000] {dagbag.py:588} INFO - Filling up the DagBag from /home/airflow/.local/lib/python3.12/site-packages/airflow/example_dags/example_inlet_event_extra.py
[2024-10-18T11:22:39.452+0000] {processor.py:925} INFO - DAG(s) 'read_dataset_event', 'read_dataset_event_from_classic' retrieved from /home/airflow/.local/lib/python3.12/site-packages/airflow/example_dags/example_inlet_event_extra.py
[2024-10-18T11:22:39.493+0000] {logging_mixin.py:190} INFO - [2024-10-18T11:22:39.493+0000] {dag.py:3239} INFO - Sync 2 DAGs
[2024-10-18T11:22:39.549+0000] {logging_mixin.py:190} INFO - [2024-10-18T11:22:39.548+0000] {dag.py:4180} INFO - Setting next_dagrun for read_dataset_event to 2024-10-17 00:00:00+00:00, run_after=2024-10-18 00:00:00+00:00
[2024-10-18T11:22:39.559+0000] {logging_mixin.py:190} INFO - [2024-10-18T11:22:39.559+0000] {dag.py:4180} INFO - Setting next_dagrun for read_dataset_event_from_classic to 2024-10-17 00:00:00+00:00, run_after=2024-10-18 00:00:00+00:00
[2024-10-18T11:22:39.586+0000] {processor.py:208} INFO - Processing /home/airflow/.local/lib/python3.12/site-packages/airflow/example_dags/example_inlet_event_extra.py took 0.458 seconds
[2024-10-18T11:23:09.809+0000] {processor.py:186} INFO - Started process (PID=15355) to work on /home/airflow/.local/lib/python3.12/site-packages/airflow/example_dags/example_inlet_event_extra.py
[2024-10-18T11:23:09.810+0000] {processor.py:914} INFO - Processing file /home/airflow/.local/lib/python3.12/site-packages/airflow/example_dags/example_inlet_event_extra.py for tasks to queue
[2024-10-18T11:23:09.812+0000] {logging_mixin.py:190} INFO - [2024-10-18T11:23:09.812+0000] {dagbag.py:588} INFO - Filling up the DagBag from /home/airflow/.local/lib/python3.12/site-packages/airflow/example_dags/example_inlet_event_extra.py
[2024-10-18T11:23:09.920+0000] {processor.py:925} INFO - DAG(s) 'read_dataset_event', 'read_dataset_event_from_classic' retrieved from /home/airflow/.local/lib/python3.12/site-packages/airflow/example_dags/example_inlet_event_extra.py
[2024-10-18T11:23:09.940+0000] {logging_mixin.py:190} INFO - [2024-10-18T11:23:09.940+0000] {dag.py:3239} INFO - Sync 2 DAGs
[2024-10-18T11:23:09.963+0000] {logging_mixin.py:190} INFO - [2024-10-18T11:23:09.962+0000] {dag.py:4180} INFO - Setting next_dagrun for read_dataset_event to 2024-10-17 00:00:00+00:00, run_after=2024-10-18 00:00:00+00:00
[2024-10-18T11:23:09.968+0000] {logging_mixin.py:190} INFO - [2024-10-18T11:23:09.968+0000] {dag.py:4180} INFO - Setting next_dagrun for read_dataset_event_from_classic to 2024-10-17 00:00:00+00:00, run_after=2024-10-18 00:00:00+00:00
[2024-10-18T11:23:09.987+0000] {processor.py:208} INFO - Processing /home/airflow/.local/lib/python3.12/site-packages/airflow/example_dags/example_inlet_event_extra.py took 0.182 seconds
[2024-10-18T11:23:40.094+0000] {processor.py:186} INFO - Started process (PID=15641) to work on /home/airflow/.local/lib/python3.12/site-packages/airflow/example_dags/example_inlet_event_extra.py
[2024-10-18T11:23:40.095+0000] {processor.py:914} INFO - Processing file /home/airflow/.local/lib/python3.12/site-packages/airflow/example_dags/example_inlet_event_extra.py for tasks to queue
[2024-10-18T11:23:40.099+0000] {logging_mixin.py:190} INFO - [2024-10-18T11:23:40.098+0000] {dagbag.py:588} INFO - Filling up the DagBag from /home/airflow/.local/lib/python3.12/site-packages/airflow/example_dags/example_inlet_event_extra.py
[2024-10-18T11:23:40.292+0000] {processor.py:925} INFO - DAG(s) 'read_dataset_event', 'read_dataset_event_from_classic' retrieved from /home/airflow/.local/lib/python3.12/site-packages/airflow/example_dags/example_inlet_event_extra.py
[2024-10-18T11:23:40.325+0000] {logging_mixin.py:190} INFO - [2024-10-18T11:23:40.325+0000] {dag.py:3239} INFO - Sync 2 DAGs
[2024-10-18T11:23:40.368+0000] {logging_mixin.py:190} INFO - [2024-10-18T11:23:40.368+0000] {dag.py:4180} INFO - Setting next_dagrun for read_dataset_event to 2024-10-17 00:00:00+00:00, run_after=2024-10-18 00:00:00+00:00
[2024-10-18T11:23:40.376+0000] {logging_mixin.py:190} INFO - [2024-10-18T11:23:40.376+0000] {dag.py:4180} INFO - Setting next_dagrun for read_dataset_event_from_classic to 2024-10-17 00:00:00+00:00, run_after=2024-10-18 00:00:00+00:00
[2024-10-18T11:23:40.404+0000] {processor.py:208} INFO - Processing /home/airflow/.local/lib/python3.12/site-packages/airflow/example_dags/example_inlet_event_extra.py took 0.318 seconds
[2024-10-18T11:24:10.617+0000] {processor.py:186} INFO - Started process (PID=15927) to work on /home/airflow/.local/lib/python3.12/site-packages/airflow/example_dags/example_inlet_event_extra.py
[2024-10-18T11:24:10.618+0000] {processor.py:914} INFO - Processing file /home/airflow/.local/lib/python3.12/site-packages/airflow/example_dags/example_inlet_event_extra.py for tasks to queue
[2024-10-18T11:24:10.622+0000] {logging_mixin.py:190} INFO - [2024-10-18T11:24:10.621+0000] {dagbag.py:588} INFO - Filling up the DagBag from /home/airflow/.local/lib/python3.12/site-packages/airflow/example_dags/example_inlet_event_extra.py
[2024-10-18T11:24:10.763+0000] {processor.py:925} INFO - DAG(s) 'read_dataset_event_from_classic', 'read_dataset_event' retrieved from /home/airflow/.local/lib/python3.12/site-packages/airflow/example_dags/example_inlet_event_extra.py
[2024-10-18T11:24:10.787+0000] {logging_mixin.py:190} INFO - [2024-10-18T11:24:10.787+0000] {dag.py:3239} INFO - Sync 2 DAGs
[2024-10-18T11:24:10.820+0000] {logging_mixin.py:190} INFO - [2024-10-18T11:24:10.820+0000] {dag.py:4180} INFO - Setting next_dagrun for read_dataset_event to 2024-10-17 00:00:00+00:00, run_after=2024-10-18 00:00:00+00:00
[2024-10-18T11:24:10.827+0000] {logging_mixin.py:190} INFO - [2024-10-18T11:24:10.827+0000] {dag.py:4180} INFO - Setting next_dagrun for read_dataset_event_from_classic to 2024-10-17 00:00:00+00:00, run_after=2024-10-18 00:00:00+00:00
[2024-10-18T11:24:10.848+0000] {processor.py:208} INFO - Processing /home/airflow/.local/lib/python3.12/site-packages/airflow/example_dags/example_inlet_event_extra.py took 0.240 seconds
