[2024-10-18T10:56:29.382+0000] {processor.py:186} INFO - Started process (PID=321) to work on /home/airflow/.local/lib/python3.12/site-packages/airflow/example_dags/example_params_trigger_ui.py
[2024-10-18T10:56:29.390+0000] {processor.py:914} INFO - Processing file /home/airflow/.local/lib/python3.12/site-packages/airflow/example_dags/example_params_trigger_ui.py for tasks to queue
[2024-10-18T10:56:29.399+0000] {logging_mixin.py:190} INFO - [2024-10-18T10:56:29.398+0000] {dagbag.py:588} INFO - Filling up the DagBag from /home/airflow/.local/lib/python3.12/site-packages/airflow/example_dags/example_params_trigger_ui.py
[2024-10-18T10:56:29.430+0000] {processor.py:925} INFO - DAG(s) 'example_params_trigger_ui' retrieved from /home/airflow/.local/lib/python3.12/site-packages/airflow/example_dags/example_params_trigger_ui.py
[2024-10-18T10:56:29.732+0000] {logging_mixin.py:190} INFO - [2024-10-18T10:56:29.731+0000] {override.py:1900} INFO - Created Permission View: can delete on DAG:example_params_trigger_ui
[2024-10-18T10:56:29.765+0000] {logging_mixin.py:190} INFO - [2024-10-18T10:56:29.764+0000] {override.py:1900} INFO - Created Permission View: can edit on DAG:example_params_trigger_ui
[2024-10-18T10:56:29.791+0000] {logging_mixin.py:190} INFO - [2024-10-18T10:56:29.788+0000] {override.py:1900} INFO - Created Permission View: can read on DAG:example_params_trigger_ui
[2024-10-18T10:56:29.812+0000] {logging_mixin.py:190} INFO - [2024-10-18T10:56:29.812+0000] {override.py:1900} INFO - Created Permission View: can delete on DAG Run:example_params_trigger_ui
[2024-10-18T10:56:29.831+0000] {logging_mixin.py:190} INFO - [2024-10-18T10:56:29.831+0000] {override.py:1900} INFO - Created Permission View: menu access on DAG Run:example_params_trigger_ui
[2024-10-18T10:56:29.860+0000] {logging_mixin.py:190} INFO - [2024-10-18T10:56:29.852+0000] {override.py:1900} INFO - Created Permission View: can read on DAG Run:example_params_trigger_ui
[2024-10-18T10:56:29.882+0000] {logging_mixin.py:190} INFO - [2024-10-18T10:56:29.881+0000] {override.py:1900} INFO - Created Permission View: can create on DAG Run:example_params_trigger_ui
[2024-10-18T10:56:29.882+0000] {logging_mixin.py:190} INFO - [2024-10-18T10:56:29.882+0000] {dag.py:3239} INFO - Sync 1 DAGs
[2024-10-18T10:56:29.941+0000] {logging_mixin.py:190} INFO - [2024-10-18T10:56:29.939+0000] {dag.py:3262} INFO - Creating ORM DAG for example_params_trigger_ui
[2024-10-18T10:56:29.955+0000] {logging_mixin.py:190} INFO - [2024-10-18T10:56:29.950+0000] {dag.py:4180} INFO - Setting next_dagrun for example_params_trigger_ui to None, run_after=None
[2024-10-18T10:56:30.067+0000] {processor.py:208} INFO - Processing /home/airflow/.local/lib/python3.12/site-packages/airflow/example_dags/example_params_trigger_ui.py took 0.702 seconds
[2024-10-18T10:57:00.268+0000] {processor.py:186} INFO - Started process (PID=605) to work on /home/airflow/.local/lib/python3.12/site-packages/airflow/example_dags/example_params_trigger_ui.py
[2024-10-18T10:57:00.271+0000] {processor.py:914} INFO - Processing file /home/airflow/.local/lib/python3.12/site-packages/airflow/example_dags/example_params_trigger_ui.py for tasks to queue
[2024-10-18T10:57:00.275+0000] {logging_mixin.py:190} INFO - [2024-10-18T10:57:00.274+0000] {dagbag.py:588} INFO - Filling up the DagBag from /home/airflow/.local/lib/python3.12/site-packages/airflow/example_dags/example_params_trigger_ui.py
[2024-10-18T10:57:00.294+0000] {processor.py:925} INFO - DAG(s) 'example_params_trigger_ui' retrieved from /home/airflow/.local/lib/python3.12/site-packages/airflow/example_dags/example_params_trigger_ui.py
[2024-10-18T10:57:00.406+0000] {logging_mixin.py:190} INFO - [2024-10-18T10:57:00.405+0000] {dag.py:3239} INFO - Sync 1 DAGs
[2024-10-18T10:57:00.447+0000] {logging_mixin.py:190} INFO - [2024-10-18T10:57:00.447+0000] {dag.py:4180} INFO - Setting next_dagrun for example_params_trigger_ui to None, run_after=None
[2024-10-18T10:57:00.499+0000] {processor.py:208} INFO - Processing /home/airflow/.local/lib/python3.12/site-packages/airflow/example_dags/example_params_trigger_ui.py took 0.249 seconds
[2024-10-18T10:57:30.606+0000] {processor.py:186} INFO - Started process (PID=888) to work on /home/airflow/.local/lib/python3.12/site-packages/airflow/example_dags/example_params_trigger_ui.py
[2024-10-18T10:57:30.608+0000] {processor.py:914} INFO - Processing file /home/airflow/.local/lib/python3.12/site-packages/airflow/example_dags/example_params_trigger_ui.py for tasks to queue
[2024-10-18T10:57:30.617+0000] {logging_mixin.py:190} INFO - [2024-10-18T10:57:30.616+0000] {dagbag.py:588} INFO - Filling up the DagBag from /home/airflow/.local/lib/python3.12/site-packages/airflow/example_dags/example_params_trigger_ui.py
[2024-10-18T10:57:30.652+0000] {processor.py:925} INFO - DAG(s) 'example_params_trigger_ui' retrieved from /home/airflow/.local/lib/python3.12/site-packages/airflow/example_dags/example_params_trigger_ui.py
[2024-10-18T10:57:30.770+0000] {logging_mixin.py:190} INFO - [2024-10-18T10:57:30.770+0000] {dag.py:3239} INFO - Sync 1 DAGs
[2024-10-18T10:57:30.813+0000] {logging_mixin.py:190} INFO - [2024-10-18T10:57:30.812+0000] {dag.py:4180} INFO - Setting next_dagrun for example_params_trigger_ui to None, run_after=None
[2024-10-18T10:57:30.858+0000] {processor.py:208} INFO - Processing /home/airflow/.local/lib/python3.12/site-packages/airflow/example_dags/example_params_trigger_ui.py took 0.260 seconds
[2024-10-18T10:58:00.925+0000] {processor.py:186} INFO - Started process (PID=1176) to work on /home/airflow/.local/lib/python3.12/site-packages/airflow/example_dags/example_params_trigger_ui.py
[2024-10-18T10:58:00.926+0000] {processor.py:914} INFO - Processing file /home/airflow/.local/lib/python3.12/site-packages/airflow/example_dags/example_params_trigger_ui.py for tasks to queue
[2024-10-18T10:58:00.930+0000] {logging_mixin.py:190} INFO - [2024-10-18T10:58:00.930+0000] {dagbag.py:588} INFO - Filling up the DagBag from /home/airflow/.local/lib/python3.12/site-packages/airflow/example_dags/example_params_trigger_ui.py
[2024-10-18T10:58:00.944+0000] {processor.py:925} INFO - DAG(s) 'example_params_trigger_ui' retrieved from /home/airflow/.local/lib/python3.12/site-packages/airflow/example_dags/example_params_trigger_ui.py
[2024-10-18T10:58:01.002+0000] {logging_mixin.py:190} INFO - [2024-10-18T10:58:01.001+0000] {dag.py:3239} INFO - Sync 1 DAGs
[2024-10-18T10:58:01.022+0000] {logging_mixin.py:190} INFO - [2024-10-18T10:58:01.022+0000] {dag.py:4180} INFO - Setting next_dagrun for example_params_trigger_ui to None, run_after=None
[2024-10-18T10:58:01.047+0000] {processor.py:208} INFO - Processing /home/airflow/.local/lib/python3.12/site-packages/airflow/example_dags/example_params_trigger_ui.py took 0.131 seconds
[2024-10-18T10:58:31.740+0000] {processor.py:186} INFO - Started process (PID=1467) to work on /home/airflow/.local/lib/python3.12/site-packages/airflow/example_dags/example_params_trigger_ui.py
[2024-10-18T10:58:31.741+0000] {processor.py:914} INFO - Processing file /home/airflow/.local/lib/python3.12/site-packages/airflow/example_dags/example_params_trigger_ui.py for tasks to queue
[2024-10-18T10:58:31.743+0000] {logging_mixin.py:190} INFO - [2024-10-18T10:58:31.743+0000] {dagbag.py:588} INFO - Filling up the DagBag from /home/airflow/.local/lib/python3.12/site-packages/airflow/example_dags/example_params_trigger_ui.py
[2024-10-18T10:58:31.753+0000] {processor.py:925} INFO - DAG(s) 'example_params_trigger_ui' retrieved from /home/airflow/.local/lib/python3.12/site-packages/airflow/example_dags/example_params_trigger_ui.py
[2024-10-18T10:58:31.802+0000] {logging_mixin.py:190} INFO - [2024-10-18T10:58:31.802+0000] {dag.py:3239} INFO - Sync 1 DAGs
[2024-10-18T10:58:31.820+0000] {logging_mixin.py:190} INFO - [2024-10-18T10:58:31.820+0000] {dag.py:4180} INFO - Setting next_dagrun for example_params_trigger_ui to None, run_after=None
[2024-10-18T10:58:31.844+0000] {processor.py:208} INFO - Processing /home/airflow/.local/lib/python3.12/site-packages/airflow/example_dags/example_params_trigger_ui.py took 0.110 seconds
[2024-10-18T10:59:02.127+0000] {processor.py:186} INFO - Started process (PID=1752) to work on /home/airflow/.local/lib/python3.12/site-packages/airflow/example_dags/example_params_trigger_ui.py
[2024-10-18T10:59:02.128+0000] {processor.py:914} INFO - Processing file /home/airflow/.local/lib/python3.12/site-packages/airflow/example_dags/example_params_trigger_ui.py for tasks to queue
[2024-10-18T10:59:02.130+0000] {logging_mixin.py:190} INFO - [2024-10-18T10:59:02.130+0000] {dagbag.py:588} INFO - Filling up the DagBag from /home/airflow/.local/lib/python3.12/site-packages/airflow/example_dags/example_params_trigger_ui.py
[2024-10-18T10:59:02.141+0000] {processor.py:925} INFO - DAG(s) 'example_params_trigger_ui' retrieved from /home/airflow/.local/lib/python3.12/site-packages/airflow/example_dags/example_params_trigger_ui.py
[2024-10-18T10:59:02.188+0000] {logging_mixin.py:190} INFO - [2024-10-18T10:59:02.187+0000] {dag.py:3239} INFO - Sync 1 DAGs
[2024-10-18T10:59:02.201+0000] {logging_mixin.py:190} INFO - [2024-10-18T10:59:02.201+0000] {dag.py:4180} INFO - Setting next_dagrun for example_params_trigger_ui to None, run_after=None
[2024-10-18T10:59:02.219+0000] {processor.py:208} INFO - Processing /home/airflow/.local/lib/python3.12/site-packages/airflow/example_dags/example_params_trigger_ui.py took 0.098 seconds
[2024-10-18T10:59:32.679+0000] {processor.py:186} INFO - Started process (PID=2038) to work on /home/airflow/.local/lib/python3.12/site-packages/airflow/example_dags/example_params_trigger_ui.py
[2024-10-18T10:59:32.680+0000] {processor.py:914} INFO - Processing file /home/airflow/.local/lib/python3.12/site-packages/airflow/example_dags/example_params_trigger_ui.py for tasks to queue
[2024-10-18T10:59:32.683+0000] {logging_mixin.py:190} INFO - [2024-10-18T10:59:32.683+0000] {dagbag.py:588} INFO - Filling up the DagBag from /home/airflow/.local/lib/python3.12/site-packages/airflow/example_dags/example_params_trigger_ui.py
[2024-10-18T10:59:32.694+0000] {processor.py:925} INFO - DAG(s) 'example_params_trigger_ui' retrieved from /home/airflow/.local/lib/python3.12/site-packages/airflow/example_dags/example_params_trigger_ui.py
[2024-10-18T10:59:32.734+0000] {logging_mixin.py:190} INFO - [2024-10-18T10:59:32.734+0000] {dag.py:3239} INFO - Sync 1 DAGs
[2024-10-18T10:59:32.749+0000] {logging_mixin.py:190} INFO - [2024-10-18T10:59:32.748+0000] {dag.py:4180} INFO - Setting next_dagrun for example_params_trigger_ui to None, run_after=None
[2024-10-18T10:59:32.768+0000] {processor.py:208} INFO - Processing /home/airflow/.local/lib/python3.12/site-packages/airflow/example_dags/example_params_trigger_ui.py took 0.095 seconds
[2024-10-18T11:00:02.981+0000] {processor.py:186} INFO - Started process (PID=2324) to work on /home/airflow/.local/lib/python3.12/site-packages/airflow/example_dags/example_params_trigger_ui.py
[2024-10-18T11:00:02.982+0000] {processor.py:914} INFO - Processing file /home/airflow/.local/lib/python3.12/site-packages/airflow/example_dags/example_params_trigger_ui.py for tasks to queue
[2024-10-18T11:00:02.983+0000] {logging_mixin.py:190} INFO - [2024-10-18T11:00:02.983+0000] {dagbag.py:588} INFO - Filling up the DagBag from /home/airflow/.local/lib/python3.12/site-packages/airflow/example_dags/example_params_trigger_ui.py
[2024-10-18T11:00:02.993+0000] {processor.py:925} INFO - DAG(s) 'example_params_trigger_ui' retrieved from /home/airflow/.local/lib/python3.12/site-packages/airflow/example_dags/example_params_trigger_ui.py
[2024-10-18T11:00:03.032+0000] {logging_mixin.py:190} INFO - [2024-10-18T11:00:03.031+0000] {dag.py:3239} INFO - Sync 1 DAGs
[2024-10-18T11:00:03.045+0000] {logging_mixin.py:190} INFO - [2024-10-18T11:00:03.045+0000] {dag.py:4180} INFO - Setting next_dagrun for example_params_trigger_ui to None, run_after=None
[2024-10-18T11:00:03.064+0000] {processor.py:208} INFO - Processing /home/airflow/.local/lib/python3.12/site-packages/airflow/example_dags/example_params_trigger_ui.py took 0.088 seconds
[2024-10-18T11:00:33.515+0000] {processor.py:186} INFO - Started process (PID=2610) to work on /home/airflow/.local/lib/python3.12/site-packages/airflow/example_dags/example_params_trigger_ui.py
[2024-10-18T11:00:33.517+0000] {processor.py:914} INFO - Processing file /home/airflow/.local/lib/python3.12/site-packages/airflow/example_dags/example_params_trigger_ui.py for tasks to queue
[2024-10-18T11:00:33.519+0000] {logging_mixin.py:190} INFO - [2024-10-18T11:00:33.519+0000] {dagbag.py:588} INFO - Filling up the DagBag from /home/airflow/.local/lib/python3.12/site-packages/airflow/example_dags/example_params_trigger_ui.py
[2024-10-18T11:00:33.532+0000] {processor.py:925} INFO - DAG(s) 'example_params_trigger_ui' retrieved from /home/airflow/.local/lib/python3.12/site-packages/airflow/example_dags/example_params_trigger_ui.py
[2024-10-18T11:00:33.591+0000] {logging_mixin.py:190} INFO - [2024-10-18T11:00:33.591+0000] {dag.py:3239} INFO - Sync 1 DAGs
[2024-10-18T11:00:33.608+0000] {logging_mixin.py:190} INFO - [2024-10-18T11:00:33.608+0000] {dag.py:4180} INFO - Setting next_dagrun for example_params_trigger_ui to None, run_after=None
[2024-10-18T11:00:33.632+0000] {processor.py:208} INFO - Processing /home/airflow/.local/lib/python3.12/site-packages/airflow/example_dags/example_params_trigger_ui.py took 0.123 seconds
[2024-10-18T11:01:03.950+0000] {processor.py:186} INFO - Started process (PID=2896) to work on /home/airflow/.local/lib/python3.12/site-packages/airflow/example_dags/example_params_trigger_ui.py
[2024-10-18T11:01:03.951+0000] {processor.py:914} INFO - Processing file /home/airflow/.local/lib/python3.12/site-packages/airflow/example_dags/example_params_trigger_ui.py for tasks to queue
[2024-10-18T11:01:03.953+0000] {logging_mixin.py:190} INFO - [2024-10-18T11:01:03.953+0000] {dagbag.py:588} INFO - Filling up the DagBag from /home/airflow/.local/lib/python3.12/site-packages/airflow/example_dags/example_params_trigger_ui.py
[2024-10-18T11:01:03.963+0000] {processor.py:925} INFO - DAG(s) 'example_params_trigger_ui' retrieved from /home/airflow/.local/lib/python3.12/site-packages/airflow/example_dags/example_params_trigger_ui.py
[2024-10-18T11:01:04.003+0000] {logging_mixin.py:190} INFO - [2024-10-18T11:01:04.003+0000] {dag.py:3239} INFO - Sync 1 DAGs
[2024-10-18T11:01:04.017+0000] {logging_mixin.py:190} INFO - [2024-10-18T11:01:04.017+0000] {dag.py:4180} INFO - Setting next_dagrun for example_params_trigger_ui to None, run_after=None
[2024-10-18T11:01:04.035+0000] {processor.py:208} INFO - Processing /home/airflow/.local/lib/python3.12/site-packages/airflow/example_dags/example_params_trigger_ui.py took 0.092 seconds
[2024-10-18T11:01:34.363+0000] {processor.py:186} INFO - Started process (PID=3182) to work on /home/airflow/.local/lib/python3.12/site-packages/airflow/example_dags/example_params_trigger_ui.py
[2024-10-18T11:01:34.364+0000] {processor.py:914} INFO - Processing file /home/airflow/.local/lib/python3.12/site-packages/airflow/example_dags/example_params_trigger_ui.py for tasks to queue
[2024-10-18T11:01:34.367+0000] {logging_mixin.py:190} INFO - [2024-10-18T11:01:34.366+0000] {dagbag.py:588} INFO - Filling up the DagBag from /home/airflow/.local/lib/python3.12/site-packages/airflow/example_dags/example_params_trigger_ui.py
[2024-10-18T11:01:34.377+0000] {processor.py:925} INFO - DAG(s) 'example_params_trigger_ui' retrieved from /home/airflow/.local/lib/python3.12/site-packages/airflow/example_dags/example_params_trigger_ui.py
[2024-10-18T11:01:34.425+0000] {logging_mixin.py:190} INFO - [2024-10-18T11:01:34.424+0000] {dag.py:3239} INFO - Sync 1 DAGs
[2024-10-18T11:01:34.441+0000] {logging_mixin.py:190} INFO - [2024-10-18T11:01:34.441+0000] {dag.py:4180} INFO - Setting next_dagrun for example_params_trigger_ui to None, run_after=None
[2024-10-18T11:01:34.459+0000] {processor.py:208} INFO - Processing /home/airflow/.local/lib/python3.12/site-packages/airflow/example_dags/example_params_trigger_ui.py took 0.103 seconds
[2024-10-18T11:02:05.054+0000] {processor.py:186} INFO - Started process (PID=3468) to work on /home/airflow/.local/lib/python3.12/site-packages/airflow/example_dags/example_params_trigger_ui.py
[2024-10-18T11:02:05.055+0000] {processor.py:914} INFO - Processing file /home/airflow/.local/lib/python3.12/site-packages/airflow/example_dags/example_params_trigger_ui.py for tasks to queue
[2024-10-18T11:02:05.058+0000] {logging_mixin.py:190} INFO - [2024-10-18T11:02:05.057+0000] {dagbag.py:588} INFO - Filling up the DagBag from /home/airflow/.local/lib/python3.12/site-packages/airflow/example_dags/example_params_trigger_ui.py
[2024-10-18T11:02:05.068+0000] {processor.py:925} INFO - DAG(s) 'example_params_trigger_ui' retrieved from /home/airflow/.local/lib/python3.12/site-packages/airflow/example_dags/example_params_trigger_ui.py
[2024-10-18T11:02:05.107+0000] {logging_mixin.py:190} INFO - [2024-10-18T11:02:05.107+0000] {dag.py:3239} INFO - Sync 1 DAGs
[2024-10-18T11:02:05.121+0000] {logging_mixin.py:190} INFO - [2024-10-18T11:02:05.120+0000] {dag.py:4180} INFO - Setting next_dagrun for example_params_trigger_ui to None, run_after=None
[2024-10-18T11:02:05.139+0000] {processor.py:208} INFO - Processing /home/airflow/.local/lib/python3.12/site-packages/airflow/example_dags/example_params_trigger_ui.py took 0.091 seconds
[2024-10-18T11:02:35.261+0000] {processor.py:186} INFO - Started process (PID=3754) to work on /home/airflow/.local/lib/python3.12/site-packages/airflow/example_dags/example_params_trigger_ui.py
[2024-10-18T11:02:35.262+0000] {processor.py:914} INFO - Processing file /home/airflow/.local/lib/python3.12/site-packages/airflow/example_dags/example_params_trigger_ui.py for tasks to queue
[2024-10-18T11:02:35.264+0000] {logging_mixin.py:190} INFO - [2024-10-18T11:02:35.264+0000] {dagbag.py:588} INFO - Filling up the DagBag from /home/airflow/.local/lib/python3.12/site-packages/airflow/example_dags/example_params_trigger_ui.py
[2024-10-18T11:02:35.273+0000] {processor.py:925} INFO - DAG(s) 'example_params_trigger_ui' retrieved from /home/airflow/.local/lib/python3.12/site-packages/airflow/example_dags/example_params_trigger_ui.py
[2024-10-18T11:02:35.314+0000] {logging_mixin.py:190} INFO - [2024-10-18T11:02:35.313+0000] {dag.py:3239} INFO - Sync 1 DAGs
[2024-10-18T11:02:35.327+0000] {logging_mixin.py:190} INFO - [2024-10-18T11:02:35.326+0000] {dag.py:4180} INFO - Setting next_dagrun for example_params_trigger_ui to None, run_after=None
[2024-10-18T11:02:35.345+0000] {processor.py:208} INFO - Processing /home/airflow/.local/lib/python3.12/site-packages/airflow/example_dags/example_params_trigger_ui.py took 0.089 seconds
[2024-10-18T11:03:05.840+0000] {processor.py:186} INFO - Started process (PID=4040) to work on /home/airflow/.local/lib/python3.12/site-packages/airflow/example_dags/example_params_trigger_ui.py
[2024-10-18T11:03:05.841+0000] {processor.py:914} INFO - Processing file /home/airflow/.local/lib/python3.12/site-packages/airflow/example_dags/example_params_trigger_ui.py for tasks to queue
[2024-10-18T11:03:05.843+0000] {logging_mixin.py:190} INFO - [2024-10-18T11:03:05.843+0000] {dagbag.py:588} INFO - Filling up the DagBag from /home/airflow/.local/lib/python3.12/site-packages/airflow/example_dags/example_params_trigger_ui.py
[2024-10-18T11:03:05.854+0000] {processor.py:925} INFO - DAG(s) 'example_params_trigger_ui' retrieved from /home/airflow/.local/lib/python3.12/site-packages/airflow/example_dags/example_params_trigger_ui.py
[2024-10-18T11:03:05.893+0000] {logging_mixin.py:190} INFO - [2024-10-18T11:03:05.893+0000] {dag.py:3239} INFO - Sync 1 DAGs
[2024-10-18T11:03:05.908+0000] {logging_mixin.py:190} INFO - [2024-10-18T11:03:05.908+0000] {dag.py:4180} INFO - Setting next_dagrun for example_params_trigger_ui to None, run_after=None
[2024-10-18T11:03:05.926+0000] {processor.py:208} INFO - Processing /home/airflow/.local/lib/python3.12/site-packages/airflow/example_dags/example_params_trigger_ui.py took 0.093 seconds
[2024-10-18T11:03:36.155+0000] {processor.py:186} INFO - Started process (PID=4326) to work on /home/airflow/.local/lib/python3.12/site-packages/airflow/example_dags/example_params_trigger_ui.py
[2024-10-18T11:03:36.156+0000] {processor.py:914} INFO - Processing file /home/airflow/.local/lib/python3.12/site-packages/airflow/example_dags/example_params_trigger_ui.py for tasks to queue
[2024-10-18T11:03:36.158+0000] {logging_mixin.py:190} INFO - [2024-10-18T11:03:36.158+0000] {dagbag.py:588} INFO - Filling up the DagBag from /home/airflow/.local/lib/python3.12/site-packages/airflow/example_dags/example_params_trigger_ui.py
[2024-10-18T11:03:36.168+0000] {processor.py:925} INFO - DAG(s) 'example_params_trigger_ui' retrieved from /home/airflow/.local/lib/python3.12/site-packages/airflow/example_dags/example_params_trigger_ui.py
[2024-10-18T11:03:36.208+0000] {logging_mixin.py:190} INFO - [2024-10-18T11:03:36.207+0000] {dag.py:3239} INFO - Sync 1 DAGs
[2024-10-18T11:03:36.222+0000] {logging_mixin.py:190} INFO - [2024-10-18T11:03:36.221+0000] {dag.py:4180} INFO - Setting next_dagrun for example_params_trigger_ui to None, run_after=None
[2024-10-18T11:03:36.241+0000] {processor.py:208} INFO - Processing /home/airflow/.local/lib/python3.12/site-packages/airflow/example_dags/example_params_trigger_ui.py took 0.092 seconds
[2024-10-18T11:04:06.529+0000] {processor.py:186} INFO - Started process (PID=4612) to work on /home/airflow/.local/lib/python3.12/site-packages/airflow/example_dags/example_params_trigger_ui.py
[2024-10-18T11:04:06.530+0000] {processor.py:914} INFO - Processing file /home/airflow/.local/lib/python3.12/site-packages/airflow/example_dags/example_params_trigger_ui.py for tasks to queue
[2024-10-18T11:04:06.533+0000] {logging_mixin.py:190} INFO - [2024-10-18T11:04:06.532+0000] {dagbag.py:588} INFO - Filling up the DagBag from /home/airflow/.local/lib/python3.12/site-packages/airflow/example_dags/example_params_trigger_ui.py
[2024-10-18T11:04:06.543+0000] {processor.py:925} INFO - DAG(s) 'example_params_trigger_ui' retrieved from /home/airflow/.local/lib/python3.12/site-packages/airflow/example_dags/example_params_trigger_ui.py
[2024-10-18T11:04:06.582+0000] {logging_mixin.py:190} INFO - [2024-10-18T11:04:06.582+0000] {dag.py:3239} INFO - Sync 1 DAGs
[2024-10-18T11:04:06.596+0000] {logging_mixin.py:190} INFO - [2024-10-18T11:04:06.596+0000] {dag.py:4180} INFO - Setting next_dagrun for example_params_trigger_ui to None, run_after=None
[2024-10-18T11:04:06.614+0000] {processor.py:208} INFO - Processing /home/airflow/.local/lib/python3.12/site-packages/airflow/example_dags/example_params_trigger_ui.py took 0.091 seconds
[2024-10-18T11:04:36.817+0000] {processor.py:186} INFO - Started process (PID=4898) to work on /home/airflow/.local/lib/python3.12/site-packages/airflow/example_dags/example_params_trigger_ui.py
[2024-10-18T11:04:36.819+0000] {processor.py:914} INFO - Processing file /home/airflow/.local/lib/python3.12/site-packages/airflow/example_dags/example_params_trigger_ui.py for tasks to queue
[2024-10-18T11:04:36.821+0000] {logging_mixin.py:190} INFO - [2024-10-18T11:04:36.820+0000] {dagbag.py:588} INFO - Filling up the DagBag from /home/airflow/.local/lib/python3.12/site-packages/airflow/example_dags/example_params_trigger_ui.py
[2024-10-18T11:04:36.830+0000] {processor.py:925} INFO - DAG(s) 'example_params_trigger_ui' retrieved from /home/airflow/.local/lib/python3.12/site-packages/airflow/example_dags/example_params_trigger_ui.py
[2024-10-18T11:04:36.869+0000] {logging_mixin.py:190} INFO - [2024-10-18T11:04:36.868+0000] {dag.py:3239} INFO - Sync 1 DAGs
[2024-10-18T11:04:36.882+0000] {logging_mixin.py:190} INFO - [2024-10-18T11:04:36.882+0000] {dag.py:4180} INFO - Setting next_dagrun for example_params_trigger_ui to None, run_after=None
[2024-10-18T11:04:36.900+0000] {processor.py:208} INFO - Processing /home/airflow/.local/lib/python3.12/site-packages/airflow/example_dags/example_params_trigger_ui.py took 0.087 seconds
[2024-10-18T11:05:07.115+0000] {processor.py:186} INFO - Started process (PID=5184) to work on /home/airflow/.local/lib/python3.12/site-packages/airflow/example_dags/example_params_trigger_ui.py
[2024-10-18T11:05:07.116+0000] {processor.py:914} INFO - Processing file /home/airflow/.local/lib/python3.12/site-packages/airflow/example_dags/example_params_trigger_ui.py for tasks to queue
[2024-10-18T11:05:07.118+0000] {logging_mixin.py:190} INFO - [2024-10-18T11:05:07.118+0000] {dagbag.py:588} INFO - Filling up the DagBag from /home/airflow/.local/lib/python3.12/site-packages/airflow/example_dags/example_params_trigger_ui.py
[2024-10-18T11:05:07.127+0000] {processor.py:925} INFO - DAG(s) 'example_params_trigger_ui' retrieved from /home/airflow/.local/lib/python3.12/site-packages/airflow/example_dags/example_params_trigger_ui.py
[2024-10-18T11:05:07.166+0000] {logging_mixin.py:190} INFO - [2024-10-18T11:05:07.166+0000] {dag.py:3239} INFO - Sync 1 DAGs
[2024-10-18T11:05:07.181+0000] {logging_mixin.py:190} INFO - [2024-10-18T11:05:07.180+0000] {dag.py:4180} INFO - Setting next_dagrun for example_params_trigger_ui to None, run_after=None
[2024-10-18T11:05:07.199+0000] {processor.py:208} INFO - Processing /home/airflow/.local/lib/python3.12/site-packages/airflow/example_dags/example_params_trigger_ui.py took 0.089 seconds
[2024-10-18T11:05:37.402+0000] {processor.py:186} INFO - Started process (PID=5470) to work on /home/airflow/.local/lib/python3.12/site-packages/airflow/example_dags/example_params_trigger_ui.py
[2024-10-18T11:05:37.403+0000] {processor.py:914} INFO - Processing file /home/airflow/.local/lib/python3.12/site-packages/airflow/example_dags/example_params_trigger_ui.py for tasks to queue
[2024-10-18T11:05:37.405+0000] {logging_mixin.py:190} INFO - [2024-10-18T11:05:37.405+0000] {dagbag.py:588} INFO - Filling up the DagBag from /home/airflow/.local/lib/python3.12/site-packages/airflow/example_dags/example_params_trigger_ui.py
[2024-10-18T11:05:37.415+0000] {processor.py:925} INFO - DAG(s) 'example_params_trigger_ui' retrieved from /home/airflow/.local/lib/python3.12/site-packages/airflow/example_dags/example_params_trigger_ui.py
[2024-10-18T11:05:37.453+0000] {logging_mixin.py:190} INFO - [2024-10-18T11:05:37.453+0000] {dag.py:3239} INFO - Sync 1 DAGs
[2024-10-18T11:05:37.466+0000] {logging_mixin.py:190} INFO - [2024-10-18T11:05:37.466+0000] {dag.py:4180} INFO - Setting next_dagrun for example_params_trigger_ui to None, run_after=None
[2024-10-18T11:05:37.484+0000] {processor.py:208} INFO - Processing /home/airflow/.local/lib/python3.12/site-packages/airflow/example_dags/example_params_trigger_ui.py took 0.087 seconds
[2024-10-18T11:06:07.719+0000] {processor.py:186} INFO - Started process (PID=5756) to work on /home/airflow/.local/lib/python3.12/site-packages/airflow/example_dags/example_params_trigger_ui.py
[2024-10-18T11:06:07.720+0000] {processor.py:914} INFO - Processing file /home/airflow/.local/lib/python3.12/site-packages/airflow/example_dags/example_params_trigger_ui.py for tasks to queue
[2024-10-18T11:06:07.723+0000] {logging_mixin.py:190} INFO - [2024-10-18T11:06:07.722+0000] {dagbag.py:588} INFO - Filling up the DagBag from /home/airflow/.local/lib/python3.12/site-packages/airflow/example_dags/example_params_trigger_ui.py
[2024-10-18T11:06:07.734+0000] {processor.py:925} INFO - DAG(s) 'example_params_trigger_ui' retrieved from /home/airflow/.local/lib/python3.12/site-packages/airflow/example_dags/example_params_trigger_ui.py
[2024-10-18T11:06:07.774+0000] {logging_mixin.py:190} INFO - [2024-10-18T11:06:07.774+0000] {dag.py:3239} INFO - Sync 1 DAGs
[2024-10-18T11:06:07.788+0000] {logging_mixin.py:190} INFO - [2024-10-18T11:06:07.788+0000] {dag.py:4180} INFO - Setting next_dagrun for example_params_trigger_ui to None, run_after=None
[2024-10-18T11:06:07.806+0000] {processor.py:208} INFO - Processing /home/airflow/.local/lib/python3.12/site-packages/airflow/example_dags/example_params_trigger_ui.py took 0.093 seconds
[2024-10-18T11:06:38.157+0000] {processor.py:186} INFO - Started process (PID=6042) to work on /home/airflow/.local/lib/python3.12/site-packages/airflow/example_dags/example_params_trigger_ui.py
[2024-10-18T11:06:38.158+0000] {processor.py:914} INFO - Processing file /home/airflow/.local/lib/python3.12/site-packages/airflow/example_dags/example_params_trigger_ui.py for tasks to queue
[2024-10-18T11:06:38.160+0000] {logging_mixin.py:190} INFO - [2024-10-18T11:06:38.159+0000] {dagbag.py:588} INFO - Filling up the DagBag from /home/airflow/.local/lib/python3.12/site-packages/airflow/example_dags/example_params_trigger_ui.py
[2024-10-18T11:06:38.169+0000] {processor.py:925} INFO - DAG(s) 'example_params_trigger_ui' retrieved from /home/airflow/.local/lib/python3.12/site-packages/airflow/example_dags/example_params_trigger_ui.py
[2024-10-18T11:06:38.206+0000] {logging_mixin.py:190} INFO - [2024-10-18T11:06:38.206+0000] {dag.py:3239} INFO - Sync 1 DAGs
[2024-10-18T11:06:38.221+0000] {logging_mixin.py:190} INFO - [2024-10-18T11:06:38.221+0000] {dag.py:4180} INFO - Setting next_dagrun for example_params_trigger_ui to None, run_after=None
[2024-10-18T11:06:38.239+0000] {processor.py:208} INFO - Processing /home/airflow/.local/lib/python3.12/site-packages/airflow/example_dags/example_params_trigger_ui.py took 0.087 seconds
[2024-10-18T11:07:08.467+0000] {processor.py:186} INFO - Started process (PID=6328) to work on /home/airflow/.local/lib/python3.12/site-packages/airflow/example_dags/example_params_trigger_ui.py
[2024-10-18T11:07:08.468+0000] {processor.py:914} INFO - Processing file /home/airflow/.local/lib/python3.12/site-packages/airflow/example_dags/example_params_trigger_ui.py for tasks to queue
[2024-10-18T11:07:08.470+0000] {logging_mixin.py:190} INFO - [2024-10-18T11:07:08.470+0000] {dagbag.py:588} INFO - Filling up the DagBag from /home/airflow/.local/lib/python3.12/site-packages/airflow/example_dags/example_params_trigger_ui.py
[2024-10-18T11:07:08.479+0000] {processor.py:925} INFO - DAG(s) 'example_params_trigger_ui' retrieved from /home/airflow/.local/lib/python3.12/site-packages/airflow/example_dags/example_params_trigger_ui.py
[2024-10-18T11:07:08.518+0000] {logging_mixin.py:190} INFO - [2024-10-18T11:07:08.518+0000] {dag.py:3239} INFO - Sync 1 DAGs
[2024-10-18T11:07:08.532+0000] {logging_mixin.py:190} INFO - [2024-10-18T11:07:08.532+0000] {dag.py:4180} INFO - Setting next_dagrun for example_params_trigger_ui to None, run_after=None
[2024-10-18T11:07:08.552+0000] {processor.py:208} INFO - Processing /home/airflow/.local/lib/python3.12/site-packages/airflow/example_dags/example_params_trigger_ui.py took 0.090 seconds
[2024-10-18T11:07:38.727+0000] {processor.py:186} INFO - Started process (PID=6614) to work on /home/airflow/.local/lib/python3.12/site-packages/airflow/example_dags/example_params_trigger_ui.py
[2024-10-18T11:07:38.728+0000] {processor.py:914} INFO - Processing file /home/airflow/.local/lib/python3.12/site-packages/airflow/example_dags/example_params_trigger_ui.py for tasks to queue
[2024-10-18T11:07:38.730+0000] {logging_mixin.py:190} INFO - [2024-10-18T11:07:38.730+0000] {dagbag.py:588} INFO - Filling up the DagBag from /home/airflow/.local/lib/python3.12/site-packages/airflow/example_dags/example_params_trigger_ui.py
[2024-10-18T11:07:38.740+0000] {processor.py:925} INFO - DAG(s) 'example_params_trigger_ui' retrieved from /home/airflow/.local/lib/python3.12/site-packages/airflow/example_dags/example_params_trigger_ui.py
[2024-10-18T11:07:38.781+0000] {logging_mixin.py:190} INFO - [2024-10-18T11:07:38.781+0000] {dag.py:3239} INFO - Sync 1 DAGs
[2024-10-18T11:07:38.796+0000] {logging_mixin.py:190} INFO - [2024-10-18T11:07:38.796+0000] {dag.py:4180} INFO - Setting next_dagrun for example_params_trigger_ui to None, run_after=None
[2024-10-18T11:07:38.815+0000] {processor.py:208} INFO - Processing /home/airflow/.local/lib/python3.12/site-packages/airflow/example_dags/example_params_trigger_ui.py took 0.092 seconds
[2024-10-18T11:08:09.136+0000] {processor.py:186} INFO - Started process (PID=6900) to work on /home/airflow/.local/lib/python3.12/site-packages/airflow/example_dags/example_params_trigger_ui.py
[2024-10-18T11:08:09.137+0000] {processor.py:914} INFO - Processing file /home/airflow/.local/lib/python3.12/site-packages/airflow/example_dags/example_params_trigger_ui.py for tasks to queue
[2024-10-18T11:08:09.140+0000] {logging_mixin.py:190} INFO - [2024-10-18T11:08:09.140+0000] {dagbag.py:588} INFO - Filling up the DagBag from /home/airflow/.local/lib/python3.12/site-packages/airflow/example_dags/example_params_trigger_ui.py
[2024-10-18T11:08:09.150+0000] {processor.py:925} INFO - DAG(s) 'example_params_trigger_ui' retrieved from /home/airflow/.local/lib/python3.12/site-packages/airflow/example_dags/example_params_trigger_ui.py
[2024-10-18T11:08:09.190+0000] {logging_mixin.py:190} INFO - [2024-10-18T11:08:09.189+0000] {dag.py:3239} INFO - Sync 1 DAGs
[2024-10-18T11:08:09.204+0000] {logging_mixin.py:190} INFO - [2024-10-18T11:08:09.204+0000] {dag.py:4180} INFO - Setting next_dagrun for example_params_trigger_ui to None, run_after=None
[2024-10-18T11:08:09.223+0000] {processor.py:208} INFO - Processing /home/airflow/.local/lib/python3.12/site-packages/airflow/example_dags/example_params_trigger_ui.py took 0.093 seconds
[2024-10-18T11:08:39.396+0000] {processor.py:186} INFO - Started process (PID=7186) to work on /home/airflow/.local/lib/python3.12/site-packages/airflow/example_dags/example_params_trigger_ui.py
[2024-10-18T11:08:39.397+0000] {processor.py:914} INFO - Processing file /home/airflow/.local/lib/python3.12/site-packages/airflow/example_dags/example_params_trigger_ui.py for tasks to queue
[2024-10-18T11:08:39.399+0000] {logging_mixin.py:190} INFO - [2024-10-18T11:08:39.399+0000] {dagbag.py:588} INFO - Filling up the DagBag from /home/airflow/.local/lib/python3.12/site-packages/airflow/example_dags/example_params_trigger_ui.py
[2024-10-18T11:08:39.408+0000] {processor.py:925} INFO - DAG(s) 'example_params_trigger_ui' retrieved from /home/airflow/.local/lib/python3.12/site-packages/airflow/example_dags/example_params_trigger_ui.py
[2024-10-18T11:08:39.448+0000] {logging_mixin.py:190} INFO - [2024-10-18T11:08:39.448+0000] {dag.py:3239} INFO - Sync 1 DAGs
[2024-10-18T11:08:39.462+0000] {logging_mixin.py:190} INFO - [2024-10-18T11:08:39.461+0000] {dag.py:4180} INFO - Setting next_dagrun for example_params_trigger_ui to None, run_after=None
[2024-10-18T11:08:39.480+0000] {processor.py:208} INFO - Processing /home/airflow/.local/lib/python3.12/site-packages/airflow/example_dags/example_params_trigger_ui.py took 0.089 seconds
[2024-10-18T11:09:09.739+0000] {processor.py:186} INFO - Started process (PID=7472) to work on /home/airflow/.local/lib/python3.12/site-packages/airflow/example_dags/example_params_trigger_ui.py
[2024-10-18T11:09:09.740+0000] {processor.py:914} INFO - Processing file /home/airflow/.local/lib/python3.12/site-packages/airflow/example_dags/example_params_trigger_ui.py for tasks to queue
[2024-10-18T11:09:09.742+0000] {logging_mixin.py:190} INFO - [2024-10-18T11:09:09.742+0000] {dagbag.py:588} INFO - Filling up the DagBag from /home/airflow/.local/lib/python3.12/site-packages/airflow/example_dags/example_params_trigger_ui.py
[2024-10-18T11:09:09.751+0000] {processor.py:925} INFO - DAG(s) 'example_params_trigger_ui' retrieved from /home/airflow/.local/lib/python3.12/site-packages/airflow/example_dags/example_params_trigger_ui.py
[2024-10-18T11:09:09.791+0000] {logging_mixin.py:190} INFO - [2024-10-18T11:09:09.791+0000] {dag.py:3239} INFO - Sync 1 DAGs
[2024-10-18T11:09:09.804+0000] {logging_mixin.py:190} INFO - [2024-10-18T11:09:09.804+0000] {dag.py:4180} INFO - Setting next_dagrun for example_params_trigger_ui to None, run_after=None
[2024-10-18T11:09:09.824+0000] {processor.py:208} INFO - Processing /home/airflow/.local/lib/python3.12/site-packages/airflow/example_dags/example_params_trigger_ui.py took 0.090 seconds
[2024-10-18T11:09:40.011+0000] {processor.py:186} INFO - Started process (PID=7758) to work on /home/airflow/.local/lib/python3.12/site-packages/airflow/example_dags/example_params_trigger_ui.py
[2024-10-18T11:09:40.012+0000] {processor.py:914} INFO - Processing file /home/airflow/.local/lib/python3.12/site-packages/airflow/example_dags/example_params_trigger_ui.py for tasks to queue
[2024-10-18T11:09:40.014+0000] {logging_mixin.py:190} INFO - [2024-10-18T11:09:40.013+0000] {dagbag.py:588} INFO - Filling up the DagBag from /home/airflow/.local/lib/python3.12/site-packages/airflow/example_dags/example_params_trigger_ui.py
[2024-10-18T11:09:40.023+0000] {processor.py:925} INFO - DAG(s) 'example_params_trigger_ui' retrieved from /home/airflow/.local/lib/python3.12/site-packages/airflow/example_dags/example_params_trigger_ui.py
[2024-10-18T11:09:40.064+0000] {logging_mixin.py:190} INFO - [2024-10-18T11:09:40.064+0000] {dag.py:3239} INFO - Sync 1 DAGs
[2024-10-18T11:09:40.079+0000] {logging_mixin.py:190} INFO - [2024-10-18T11:09:40.078+0000] {dag.py:4180} INFO - Setting next_dagrun for example_params_trigger_ui to None, run_after=None
[2024-10-18T11:09:40.097+0000] {processor.py:208} INFO - Processing /home/airflow/.local/lib/python3.12/site-packages/airflow/example_dags/example_params_trigger_ui.py took 0.091 seconds
[2024-10-18T11:10:10.304+0000] {processor.py:186} INFO - Started process (PID=8044) to work on /home/airflow/.local/lib/python3.12/site-packages/airflow/example_dags/example_params_trigger_ui.py
[2024-10-18T11:10:10.305+0000] {processor.py:914} INFO - Processing file /home/airflow/.local/lib/python3.12/site-packages/airflow/example_dags/example_params_trigger_ui.py for tasks to queue
[2024-10-18T11:10:10.308+0000] {logging_mixin.py:190} INFO - [2024-10-18T11:10:10.307+0000] {dagbag.py:588} INFO - Filling up the DagBag from /home/airflow/.local/lib/python3.12/site-packages/airflow/example_dags/example_params_trigger_ui.py
[2024-10-18T11:10:10.318+0000] {processor.py:925} INFO - DAG(s) 'example_params_trigger_ui' retrieved from /home/airflow/.local/lib/python3.12/site-packages/airflow/example_dags/example_params_trigger_ui.py
[2024-10-18T11:10:10.358+0000] {logging_mixin.py:190} INFO - [2024-10-18T11:10:10.358+0000] {dag.py:3239} INFO - Sync 1 DAGs
[2024-10-18T11:10:10.374+0000] {logging_mixin.py:190} INFO - [2024-10-18T11:10:10.374+0000] {dag.py:4180} INFO - Setting next_dagrun for example_params_trigger_ui to None, run_after=None
[2024-10-18T11:10:10.394+0000] {processor.py:208} INFO - Processing /home/airflow/.local/lib/python3.12/site-packages/airflow/example_dags/example_params_trigger_ui.py took 0.096 seconds
[2024-10-18T11:10:40.624+0000] {processor.py:186} INFO - Started process (PID=8330) to work on /home/airflow/.local/lib/python3.12/site-packages/airflow/example_dags/example_params_trigger_ui.py
[2024-10-18T11:10:40.625+0000] {processor.py:914} INFO - Processing file /home/airflow/.local/lib/python3.12/site-packages/airflow/example_dags/example_params_trigger_ui.py for tasks to queue
[2024-10-18T11:10:40.627+0000] {logging_mixin.py:190} INFO - [2024-10-18T11:10:40.626+0000] {dagbag.py:588} INFO - Filling up the DagBag from /home/airflow/.local/lib/python3.12/site-packages/airflow/example_dags/example_params_trigger_ui.py
[2024-10-18T11:10:40.636+0000] {processor.py:925} INFO - DAG(s) 'example_params_trigger_ui' retrieved from /home/airflow/.local/lib/python3.12/site-packages/airflow/example_dags/example_params_trigger_ui.py
[2024-10-18T11:10:40.677+0000] {logging_mixin.py:190} INFO - [2024-10-18T11:10:40.677+0000] {dag.py:3239} INFO - Sync 1 DAGs
[2024-10-18T11:10:40.691+0000] {logging_mixin.py:190} INFO - [2024-10-18T11:10:40.691+0000] {dag.py:4180} INFO - Setting next_dagrun for example_params_trigger_ui to None, run_after=None
[2024-10-18T11:10:40.711+0000] {processor.py:208} INFO - Processing /home/airflow/.local/lib/python3.12/site-packages/airflow/example_dags/example_params_trigger_ui.py took 0.092 seconds
[2024-10-18T11:11:11.531+0000] {processor.py:186} INFO - Started process (PID=8616) to work on /home/airflow/.local/lib/python3.12/site-packages/airflow/example_dags/example_params_trigger_ui.py
[2024-10-18T11:11:11.532+0000] {processor.py:914} INFO - Processing file /home/airflow/.local/lib/python3.12/site-packages/airflow/example_dags/example_params_trigger_ui.py for tasks to queue
[2024-10-18T11:11:11.535+0000] {logging_mixin.py:190} INFO - [2024-10-18T11:11:11.534+0000] {dagbag.py:588} INFO - Filling up the DagBag from /home/airflow/.local/lib/python3.12/site-packages/airflow/example_dags/example_params_trigger_ui.py
[2024-10-18T11:11:11.545+0000] {processor.py:925} INFO - DAG(s) 'example_params_trigger_ui' retrieved from /home/airflow/.local/lib/python3.12/site-packages/airflow/example_dags/example_params_trigger_ui.py
[2024-10-18T11:11:11.593+0000] {logging_mixin.py:190} INFO - [2024-10-18T11:11:11.592+0000] {dag.py:3239} INFO - Sync 1 DAGs
[2024-10-18T11:11:11.611+0000] {logging_mixin.py:190} INFO - [2024-10-18T11:11:11.610+0000] {dag.py:4180} INFO - Setting next_dagrun for example_params_trigger_ui to None, run_after=None
[2024-10-18T11:11:11.632+0000] {processor.py:208} INFO - Processing /home/airflow/.local/lib/python3.12/site-packages/airflow/example_dags/example_params_trigger_ui.py took 0.107 seconds
[2024-10-18T11:11:42.295+0000] {processor.py:186} INFO - Started process (PID=8902) to work on /home/airflow/.local/lib/python3.12/site-packages/airflow/example_dags/example_params_trigger_ui.py
[2024-10-18T11:11:42.306+0000] {processor.py:914} INFO - Processing file /home/airflow/.local/lib/python3.12/site-packages/airflow/example_dags/example_params_trigger_ui.py for tasks to queue
[2024-10-18T11:11:42.311+0000] {logging_mixin.py:190} INFO - [2024-10-18T11:11:42.310+0000] {dagbag.py:588} INFO - Filling up the DagBag from /home/airflow/.local/lib/python3.12/site-packages/airflow/example_dags/example_params_trigger_ui.py
[2024-10-18T11:11:42.352+0000] {processor.py:925} INFO - DAG(s) 'example_params_trigger_ui' retrieved from /home/airflow/.local/lib/python3.12/site-packages/airflow/example_dags/example_params_trigger_ui.py
[2024-10-18T11:11:42.528+0000] {logging_mixin.py:190} INFO - [2024-10-18T11:11:42.528+0000] {dag.py:3239} INFO - Sync 1 DAGs
[2024-10-18T11:11:42.596+0000] {logging_mixin.py:190} INFO - [2024-10-18T11:11:42.595+0000] {dag.py:4180} INFO - Setting next_dagrun for example_params_trigger_ui to None, run_after=None
[2024-10-18T11:11:42.666+0000] {processor.py:208} INFO - Processing /home/airflow/.local/lib/python3.12/site-packages/airflow/example_dags/example_params_trigger_ui.py took 0.378 seconds
[2024-10-18T11:12:12.726+0000] {processor.py:186} INFO - Started process (PID=9193) to work on /home/airflow/.local/lib/python3.12/site-packages/airflow/example_dags/example_params_trigger_ui.py
[2024-10-18T11:12:12.727+0000] {processor.py:914} INFO - Processing file /home/airflow/.local/lib/python3.12/site-packages/airflow/example_dags/example_params_trigger_ui.py for tasks to queue
[2024-10-18T11:12:12.730+0000] {logging_mixin.py:190} INFO - [2024-10-18T11:12:12.729+0000] {dagbag.py:588} INFO - Filling up the DagBag from /home/airflow/.local/lib/python3.12/site-packages/airflow/example_dags/example_params_trigger_ui.py
[2024-10-18T11:12:12.743+0000] {processor.py:925} INFO - DAG(s) 'example_params_trigger_ui' retrieved from /home/airflow/.local/lib/python3.12/site-packages/airflow/example_dags/example_params_trigger_ui.py
[2024-10-18T11:12:12.798+0000] {logging_mixin.py:190} INFO - [2024-10-18T11:12:12.798+0000] {dag.py:3239} INFO - Sync 1 DAGs
[2024-10-18T11:12:12.815+0000] {logging_mixin.py:190} INFO - [2024-10-18T11:12:12.814+0000] {dag.py:4180} INFO - Setting next_dagrun for example_params_trigger_ui to None, run_after=None
[2024-10-18T11:12:12.837+0000] {processor.py:208} INFO - Processing /home/airflow/.local/lib/python3.12/site-packages/airflow/example_dags/example_params_trigger_ui.py took 0.119 seconds
[2024-10-18T11:12:42.957+0000] {processor.py:186} INFO - Started process (PID=9480) to work on /home/airflow/.local/lib/python3.12/site-packages/airflow/example_dags/example_params_trigger_ui.py
[2024-10-18T11:12:42.958+0000] {processor.py:914} INFO - Processing file /home/airflow/.local/lib/python3.12/site-packages/airflow/example_dags/example_params_trigger_ui.py for tasks to queue
[2024-10-18T11:12:42.961+0000] {logging_mixin.py:190} INFO - [2024-10-18T11:12:42.960+0000] {dagbag.py:588} INFO - Filling up the DagBag from /home/airflow/.local/lib/python3.12/site-packages/airflow/example_dags/example_params_trigger_ui.py
[2024-10-18T11:12:42.970+0000] {processor.py:925} INFO - DAG(s) 'example_params_trigger_ui' retrieved from /home/airflow/.local/lib/python3.12/site-packages/airflow/example_dags/example_params_trigger_ui.py
[2024-10-18T11:12:43.011+0000] {logging_mixin.py:190} INFO - [2024-10-18T11:12:43.010+0000] {dag.py:3239} INFO - Sync 1 DAGs
[2024-10-18T11:12:43.025+0000] {logging_mixin.py:190} INFO - [2024-10-18T11:12:43.025+0000] {dag.py:4180} INFO - Setting next_dagrun for example_params_trigger_ui to None, run_after=None
[2024-10-18T11:12:43.045+0000] {processor.py:208} INFO - Processing /home/airflow/.local/lib/python3.12/site-packages/airflow/example_dags/example_params_trigger_ui.py took 0.092 seconds
[2024-10-18T11:13:13.480+0000] {processor.py:186} INFO - Started process (PID=9766) to work on /home/airflow/.local/lib/python3.12/site-packages/airflow/example_dags/example_params_trigger_ui.py
[2024-10-18T11:13:13.481+0000] {processor.py:914} INFO - Processing file /home/airflow/.local/lib/python3.12/site-packages/airflow/example_dags/example_params_trigger_ui.py for tasks to queue
[2024-10-18T11:13:13.484+0000] {logging_mixin.py:190} INFO - [2024-10-18T11:13:13.484+0000] {dagbag.py:588} INFO - Filling up the DagBag from /home/airflow/.local/lib/python3.12/site-packages/airflow/example_dags/example_params_trigger_ui.py
[2024-10-18T11:13:13.496+0000] {processor.py:925} INFO - DAG(s) 'example_params_trigger_ui' retrieved from /home/airflow/.local/lib/python3.12/site-packages/airflow/example_dags/example_params_trigger_ui.py
[2024-10-18T11:13:13.573+0000] {logging_mixin.py:190} INFO - [2024-10-18T11:13:13.573+0000] {dag.py:3239} INFO - Sync 1 DAGs
[2024-10-18T11:13:13.599+0000] {logging_mixin.py:190} INFO - [2024-10-18T11:13:13.599+0000] {dag.py:4180} INFO - Setting next_dagrun for example_params_trigger_ui to None, run_after=None
[2024-10-18T11:13:13.626+0000] {processor.py:208} INFO - Processing /home/airflow/.local/lib/python3.12/site-packages/airflow/example_dags/example_params_trigger_ui.py took 0.152 seconds
[2024-10-18T11:13:44.106+0000] {processor.py:186} INFO - Started process (PID=10052) to work on /home/airflow/.local/lib/python3.12/site-packages/airflow/example_dags/example_params_trigger_ui.py
[2024-10-18T11:13:44.107+0000] {processor.py:914} INFO - Processing file /home/airflow/.local/lib/python3.12/site-packages/airflow/example_dags/example_params_trigger_ui.py for tasks to queue
[2024-10-18T11:13:44.109+0000] {logging_mixin.py:190} INFO - [2024-10-18T11:13:44.109+0000] {dagbag.py:588} INFO - Filling up the DagBag from /home/airflow/.local/lib/python3.12/site-packages/airflow/example_dags/example_params_trigger_ui.py
[2024-10-18T11:13:44.119+0000] {processor.py:925} INFO - DAG(s) 'example_params_trigger_ui' retrieved from /home/airflow/.local/lib/python3.12/site-packages/airflow/example_dags/example_params_trigger_ui.py
[2024-10-18T11:13:44.159+0000] {logging_mixin.py:190} INFO - [2024-10-18T11:13:44.158+0000] {dag.py:3239} INFO - Sync 1 DAGs
[2024-10-18T11:13:44.173+0000] {logging_mixin.py:190} INFO - [2024-10-18T11:13:44.173+0000] {dag.py:4180} INFO - Setting next_dagrun for example_params_trigger_ui to None, run_after=None
[2024-10-18T11:13:44.193+0000] {processor.py:208} INFO - Processing /home/airflow/.local/lib/python3.12/site-packages/airflow/example_dags/example_params_trigger_ui.py took 0.093 seconds
[2024-10-18T11:14:14.923+0000] {processor.py:186} INFO - Started process (PID=10352) to work on /home/airflow/.local/lib/python3.12/site-packages/airflow/example_dags/example_params_trigger_ui.py
[2024-10-18T11:14:14.926+0000] {processor.py:914} INFO - Processing file /home/airflow/.local/lib/python3.12/site-packages/airflow/example_dags/example_params_trigger_ui.py for tasks to queue
[2024-10-18T11:14:14.930+0000] {logging_mixin.py:190} INFO - [2024-10-18T11:14:14.930+0000] {dagbag.py:588} INFO - Filling up the DagBag from /home/airflow/.local/lib/python3.12/site-packages/airflow/example_dags/example_params_trigger_ui.py
[2024-10-18T11:14:14.952+0000] {processor.py:925} INFO - DAG(s) 'example_params_trigger_ui' retrieved from /home/airflow/.local/lib/python3.12/site-packages/airflow/example_dags/example_params_trigger_ui.py
[2024-10-18T11:14:15.038+0000] {logging_mixin.py:190} INFO - [2024-10-18T11:14:15.037+0000] {dag.py:3239} INFO - Sync 1 DAGs
[2024-10-18T11:14:15.060+0000] {logging_mixin.py:190} INFO - [2024-10-18T11:14:15.059+0000] {dag.py:4180} INFO - Setting next_dagrun for example_params_trigger_ui to None, run_after=None
[2024-10-18T11:14:15.087+0000] {processor.py:208} INFO - Processing /home/airflow/.local/lib/python3.12/site-packages/airflow/example_dags/example_params_trigger_ui.py took 0.172 seconds
[2024-10-18T11:14:45.759+0000] {processor.py:186} INFO - Started process (PID=10648) to work on /home/airflow/.local/lib/python3.12/site-packages/airflow/example_dags/example_params_trigger_ui.py
[2024-10-18T11:14:45.760+0000] {processor.py:914} INFO - Processing file /home/airflow/.local/lib/python3.12/site-packages/airflow/example_dags/example_params_trigger_ui.py for tasks to queue
[2024-10-18T11:14:45.762+0000] {logging_mixin.py:190} INFO - [2024-10-18T11:14:45.762+0000] {dagbag.py:588} INFO - Filling up the DagBag from /home/airflow/.local/lib/python3.12/site-packages/airflow/example_dags/example_params_trigger_ui.py
[2024-10-18T11:14:45.772+0000] {processor.py:925} INFO - DAG(s) 'example_params_trigger_ui' retrieved from /home/airflow/.local/lib/python3.12/site-packages/airflow/example_dags/example_params_trigger_ui.py
[2024-10-18T11:14:45.812+0000] {logging_mixin.py:190} INFO - [2024-10-18T11:14:45.812+0000] {dag.py:3239} INFO - Sync 1 DAGs
[2024-10-18T11:14:45.827+0000] {logging_mixin.py:190} INFO - [2024-10-18T11:14:45.826+0000] {dag.py:4180} INFO - Setting next_dagrun for example_params_trigger_ui to None, run_after=None
[2024-10-18T11:14:45.846+0000] {processor.py:208} INFO - Processing /home/airflow/.local/lib/python3.12/site-packages/airflow/example_dags/example_params_trigger_ui.py took 0.092 seconds
[2024-10-18T11:15:16.279+0000] {processor.py:186} INFO - Started process (PID=10934) to work on /home/airflow/.local/lib/python3.12/site-packages/airflow/example_dags/example_params_trigger_ui.py
[2024-10-18T11:15:16.280+0000] {processor.py:914} INFO - Processing file /home/airflow/.local/lib/python3.12/site-packages/airflow/example_dags/example_params_trigger_ui.py for tasks to queue
[2024-10-18T11:15:16.283+0000] {logging_mixin.py:190} INFO - [2024-10-18T11:15:16.283+0000] {dagbag.py:588} INFO - Filling up the DagBag from /home/airflow/.local/lib/python3.12/site-packages/airflow/example_dags/example_params_trigger_ui.py
[2024-10-18T11:15:16.293+0000] {processor.py:925} INFO - DAG(s) 'example_params_trigger_ui' retrieved from /home/airflow/.local/lib/python3.12/site-packages/airflow/example_dags/example_params_trigger_ui.py
[2024-10-18T11:15:16.340+0000] {logging_mixin.py:190} INFO - [2024-10-18T11:15:16.339+0000] {dag.py:3239} INFO - Sync 1 DAGs
[2024-10-18T11:15:16.357+0000] {logging_mixin.py:190} INFO - [2024-10-18T11:15:16.357+0000] {dag.py:4180} INFO - Setting next_dagrun for example_params_trigger_ui to None, run_after=None
[2024-10-18T11:15:16.379+0000] {processor.py:208} INFO - Processing /home/airflow/.local/lib/python3.12/site-packages/airflow/example_dags/example_params_trigger_ui.py took 0.105 seconds
[2024-10-18T11:15:46.842+0000] {processor.py:186} INFO - Started process (PID=11220) to work on /home/airflow/.local/lib/python3.12/site-packages/airflow/example_dags/example_params_trigger_ui.py
[2024-10-18T11:15:46.844+0000] {processor.py:914} INFO - Processing file /home/airflow/.local/lib/python3.12/site-packages/airflow/example_dags/example_params_trigger_ui.py for tasks to queue
[2024-10-18T11:15:46.847+0000] {logging_mixin.py:190} INFO - [2024-10-18T11:15:46.847+0000] {dagbag.py:588} INFO - Filling up the DagBag from /home/airflow/.local/lib/python3.12/site-packages/airflow/example_dags/example_params_trigger_ui.py
[2024-10-18T11:15:46.862+0000] {processor.py:925} INFO - DAG(s) 'example_params_trigger_ui' retrieved from /home/airflow/.local/lib/python3.12/site-packages/airflow/example_dags/example_params_trigger_ui.py
[2024-10-18T11:15:46.946+0000] {logging_mixin.py:190} INFO - [2024-10-18T11:15:46.946+0000] {dag.py:3239} INFO - Sync 1 DAGs
[2024-10-18T11:15:46.976+0000] {logging_mixin.py:190} INFO - [2024-10-18T11:15:46.976+0000] {dag.py:4180} INFO - Setting next_dagrun for example_params_trigger_ui to None, run_after=None
[2024-10-18T11:15:47.008+0000] {processor.py:208} INFO - Processing /home/airflow/.local/lib/python3.12/site-packages/airflow/example_dags/example_params_trigger_ui.py took 0.174 seconds
[2024-10-18T11:16:17.205+0000] {processor.py:186} INFO - Started process (PID=11505) to work on /home/airflow/.local/lib/python3.12/site-packages/airflow/example_dags/example_params_trigger_ui.py
[2024-10-18T11:16:17.206+0000] {processor.py:914} INFO - Processing file /home/airflow/.local/lib/python3.12/site-packages/airflow/example_dags/example_params_trigger_ui.py for tasks to queue
[2024-10-18T11:16:17.209+0000] {logging_mixin.py:190} INFO - [2024-10-18T11:16:17.208+0000] {dagbag.py:588} INFO - Filling up the DagBag from /home/airflow/.local/lib/python3.12/site-packages/airflow/example_dags/example_params_trigger_ui.py
[2024-10-18T11:16:17.221+0000] {processor.py:925} INFO - DAG(s) 'example_params_trigger_ui' retrieved from /home/airflow/.local/lib/python3.12/site-packages/airflow/example_dags/example_params_trigger_ui.py
[2024-10-18T11:16:17.269+0000] {logging_mixin.py:190} INFO - [2024-10-18T11:16:17.269+0000] {dag.py:3239} INFO - Sync 1 DAGs
[2024-10-18T11:16:17.286+0000] {logging_mixin.py:190} INFO - [2024-10-18T11:16:17.285+0000] {dag.py:4180} INFO - Setting next_dagrun for example_params_trigger_ui to None, run_after=None
[2024-10-18T11:16:17.310+0000] {processor.py:208} INFO - Processing /home/airflow/.local/lib/python3.12/site-packages/airflow/example_dags/example_params_trigger_ui.py took 0.112 seconds
[2024-10-18T11:16:48.236+0000] {processor.py:186} INFO - Started process (PID=11820) to work on /home/airflow/.local/lib/python3.12/site-packages/airflow/example_dags/example_params_trigger_ui.py
[2024-10-18T11:16:48.238+0000] {processor.py:914} INFO - Processing file /home/airflow/.local/lib/python3.12/site-packages/airflow/example_dags/example_params_trigger_ui.py for tasks to queue
[2024-10-18T11:16:48.242+0000] {logging_mixin.py:190} INFO - [2024-10-18T11:16:48.242+0000] {dagbag.py:588} INFO - Filling up the DagBag from /home/airflow/.local/lib/python3.12/site-packages/airflow/example_dags/example_params_trigger_ui.py
[2024-10-18T11:16:48.265+0000] {processor.py:925} INFO - DAG(s) 'example_params_trigger_ui' retrieved from /home/airflow/.local/lib/python3.12/site-packages/airflow/example_dags/example_params_trigger_ui.py
[2024-10-18T11:16:48.355+0000] {logging_mixin.py:190} INFO - [2024-10-18T11:16:48.354+0000] {dag.py:3239} INFO - Sync 1 DAGs
[2024-10-18T11:16:48.383+0000] {logging_mixin.py:190} INFO - [2024-10-18T11:16:48.383+0000] {dag.py:4180} INFO - Setting next_dagrun for example_params_trigger_ui to None, run_after=None
[2024-10-18T11:16:48.419+0000] {processor.py:208} INFO - Processing /home/airflow/.local/lib/python3.12/site-packages/airflow/example_dags/example_params_trigger_ui.py took 0.195 seconds
[2024-10-18T11:17:19.891+0000] {processor.py:186} INFO - Started process (PID=12116) to work on /home/airflow/.local/lib/python3.12/site-packages/airflow/example_dags/example_params_trigger_ui.py
[2024-10-18T11:17:19.900+0000] {processor.py:914} INFO - Processing file /home/airflow/.local/lib/python3.12/site-packages/airflow/example_dags/example_params_trigger_ui.py for tasks to queue
[2024-10-18T11:17:19.907+0000] {logging_mixin.py:190} INFO - [2024-10-18T11:17:19.906+0000] {dagbag.py:588} INFO - Filling up the DagBag from /home/airflow/.local/lib/python3.12/site-packages/airflow/example_dags/example_params_trigger_ui.py
[2024-10-18T11:17:19.965+0000] {processor.py:925} INFO - DAG(s) 'example_params_trigger_ui' retrieved from /home/airflow/.local/lib/python3.12/site-packages/airflow/example_dags/example_params_trigger_ui.py
[2024-10-18T11:17:20.171+0000] {logging_mixin.py:190} INFO - [2024-10-18T11:17:20.170+0000] {dag.py:3239} INFO - Sync 1 DAGs
[2024-10-18T11:17:20.254+0000] {logging_mixin.py:190} INFO - [2024-10-18T11:17:20.253+0000] {dag.py:4180} INFO - Setting next_dagrun for example_params_trigger_ui to None, run_after=None
[2024-10-18T11:17:20.352+0000] {processor.py:208} INFO - Processing /home/airflow/.local/lib/python3.12/site-packages/airflow/example_dags/example_params_trigger_ui.py took 0.494 seconds
[2024-10-18T11:17:51.112+0000] {processor.py:186} INFO - Started process (PID=12404) to work on /home/airflow/.local/lib/python3.12/site-packages/airflow/example_dags/example_params_trigger_ui.py
[2024-10-18T11:17:51.113+0000] {processor.py:914} INFO - Processing file /home/airflow/.local/lib/python3.12/site-packages/airflow/example_dags/example_params_trigger_ui.py for tasks to queue
[2024-10-18T11:17:51.125+0000] {logging_mixin.py:190} INFO - [2024-10-18T11:17:51.124+0000] {dagbag.py:588} INFO - Filling up the DagBag from /home/airflow/.local/lib/python3.12/site-packages/airflow/example_dags/example_params_trigger_ui.py
[2024-10-18T11:17:51.153+0000] {processor.py:925} INFO - DAG(s) 'example_params_trigger_ui' retrieved from /home/airflow/.local/lib/python3.12/site-packages/airflow/example_dags/example_params_trigger_ui.py
[2024-10-18T11:17:51.273+0000] {logging_mixin.py:190} INFO - [2024-10-18T11:17:51.273+0000] {dag.py:3239} INFO - Sync 1 DAGs
[2024-10-18T11:17:51.315+0000] {logging_mixin.py:190} INFO - [2024-10-18T11:17:51.314+0000] {dag.py:4180} INFO - Setting next_dagrun for example_params_trigger_ui to None, run_after=None
[2024-10-18T11:17:51.364+0000] {processor.py:208} INFO - Processing /home/airflow/.local/lib/python3.12/site-packages/airflow/example_dags/example_params_trigger_ui.py took 0.267 seconds
[2024-10-18T11:18:21.974+0000] {processor.py:186} INFO - Started process (PID=12688) to work on /home/airflow/.local/lib/python3.12/site-packages/airflow/example_dags/example_params_trigger_ui.py
[2024-10-18T11:18:21.976+0000] {processor.py:914} INFO - Processing file /home/airflow/.local/lib/python3.12/site-packages/airflow/example_dags/example_params_trigger_ui.py for tasks to queue
[2024-10-18T11:18:21.983+0000] {logging_mixin.py:190} INFO - [2024-10-18T11:18:21.982+0000] {dagbag.py:588} INFO - Filling up the DagBag from /home/airflow/.local/lib/python3.12/site-packages/airflow/example_dags/example_params_trigger_ui.py
[2024-10-18T11:18:22.010+0000] {processor.py:925} INFO - DAG(s) 'example_params_trigger_ui' retrieved from /home/airflow/.local/lib/python3.12/site-packages/airflow/example_dags/example_params_trigger_ui.py
[2024-10-18T11:18:22.123+0000] {logging_mixin.py:190} INFO - [2024-10-18T11:18:22.122+0000] {dag.py:3239} INFO - Sync 1 DAGs
[2024-10-18T11:18:22.157+0000] {logging_mixin.py:190} INFO - [2024-10-18T11:18:22.156+0000] {dag.py:4180} INFO - Setting next_dagrun for example_params_trigger_ui to None, run_after=None
[2024-10-18T11:18:22.219+0000] {processor.py:208} INFO - Processing /home/airflow/.local/lib/python3.12/site-packages/airflow/example_dags/example_params_trigger_ui.py took 0.266 seconds
[2024-10-18T11:18:52.335+0000] {processor.py:186} INFO - Started process (PID=12971) to work on /home/airflow/.local/lib/python3.12/site-packages/airflow/example_dags/example_params_trigger_ui.py
[2024-10-18T11:18:52.336+0000] {processor.py:914} INFO - Processing file /home/airflow/.local/lib/python3.12/site-packages/airflow/example_dags/example_params_trigger_ui.py for tasks to queue
[2024-10-18T11:18:52.338+0000] {logging_mixin.py:190} INFO - [2024-10-18T11:18:52.338+0000] {dagbag.py:588} INFO - Filling up the DagBag from /home/airflow/.local/lib/python3.12/site-packages/airflow/example_dags/example_params_trigger_ui.py
[2024-10-18T11:18:52.348+0000] {processor.py:925} INFO - DAG(s) 'example_params_trigger_ui' retrieved from /home/airflow/.local/lib/python3.12/site-packages/airflow/example_dags/example_params_trigger_ui.py
[2024-10-18T11:18:52.387+0000] {logging_mixin.py:190} INFO - [2024-10-18T11:18:52.387+0000] {dag.py:3239} INFO - Sync 1 DAGs
[2024-10-18T11:18:52.400+0000] {logging_mixin.py:190} INFO - [2024-10-18T11:18:52.400+0000] {dag.py:4180} INFO - Setting next_dagrun for example_params_trigger_ui to None, run_after=None
[2024-10-18T11:18:52.422+0000] {processor.py:208} INFO - Processing /home/airflow/.local/lib/python3.12/site-packages/airflow/example_dags/example_params_trigger_ui.py took 0.092 seconds
[2024-10-18T11:19:23.019+0000] {processor.py:186} INFO - Started process (PID=13258) to work on /home/airflow/.local/lib/python3.12/site-packages/airflow/example_dags/example_params_trigger_ui.py
[2024-10-18T11:19:23.020+0000] {processor.py:914} INFO - Processing file /home/airflow/.local/lib/python3.12/site-packages/airflow/example_dags/example_params_trigger_ui.py for tasks to queue
[2024-10-18T11:19:23.023+0000] {logging_mixin.py:190} INFO - [2024-10-18T11:19:23.023+0000] {dagbag.py:588} INFO - Filling up the DagBag from /home/airflow/.local/lib/python3.12/site-packages/airflow/example_dags/example_params_trigger_ui.py
[2024-10-18T11:19:23.040+0000] {processor.py:925} INFO - DAG(s) 'example_params_trigger_ui' retrieved from /home/airflow/.local/lib/python3.12/site-packages/airflow/example_dags/example_params_trigger_ui.py
[2024-10-18T11:19:23.100+0000] {logging_mixin.py:190} INFO - [2024-10-18T11:19:23.099+0000] {dag.py:3239} INFO - Sync 1 DAGs
[2024-10-18T11:19:23.119+0000] {logging_mixin.py:190} INFO - [2024-10-18T11:19:23.118+0000] {dag.py:4180} INFO - Setting next_dagrun for example_params_trigger_ui to None, run_after=None
[2024-10-18T11:19:23.144+0000] {processor.py:208} INFO - Processing /home/airflow/.local/lib/python3.12/site-packages/airflow/example_dags/example_params_trigger_ui.py took 0.132 seconds
[2024-10-18T11:19:53.256+0000] {processor.py:186} INFO - Started process (PID=13544) to work on /home/airflow/.local/lib/python3.12/site-packages/airflow/example_dags/example_params_trigger_ui.py
[2024-10-18T11:19:53.258+0000] {processor.py:914} INFO - Processing file /home/airflow/.local/lib/python3.12/site-packages/airflow/example_dags/example_params_trigger_ui.py for tasks to queue
[2024-10-18T11:19:53.261+0000] {logging_mixin.py:190} INFO - [2024-10-18T11:19:53.260+0000] {dagbag.py:588} INFO - Filling up the DagBag from /home/airflow/.local/lib/python3.12/site-packages/airflow/example_dags/example_params_trigger_ui.py
[2024-10-18T11:19:53.273+0000] {processor.py:925} INFO - DAG(s) 'example_params_trigger_ui' retrieved from /home/airflow/.local/lib/python3.12/site-packages/airflow/example_dags/example_params_trigger_ui.py
[2024-10-18T11:19:53.326+0000] {logging_mixin.py:190} INFO - [2024-10-18T11:19:53.326+0000] {dag.py:3239} INFO - Sync 1 DAGs
[2024-10-18T11:19:53.344+0000] {logging_mixin.py:190} INFO - [2024-10-18T11:19:53.344+0000] {dag.py:4180} INFO - Setting next_dagrun for example_params_trigger_ui to None, run_after=None
[2024-10-18T11:19:53.367+0000] {processor.py:208} INFO - Processing /home/airflow/.local/lib/python3.12/site-packages/airflow/example_dags/example_params_trigger_ui.py took 0.118 seconds
[2024-10-18T11:20:24.247+0000] {processor.py:186} INFO - Started process (PID=13830) to work on /home/airflow/.local/lib/python3.12/site-packages/airflow/example_dags/example_params_trigger_ui.py
[2024-10-18T11:20:24.249+0000] {processor.py:914} INFO - Processing file /home/airflow/.local/lib/python3.12/site-packages/airflow/example_dags/example_params_trigger_ui.py for tasks to queue
[2024-10-18T11:20:24.255+0000] {logging_mixin.py:190} INFO - [2024-10-18T11:20:24.254+0000] {dagbag.py:588} INFO - Filling up the DagBag from /home/airflow/.local/lib/python3.12/site-packages/airflow/example_dags/example_params_trigger_ui.py
[2024-10-18T11:20:24.284+0000] {processor.py:925} INFO - DAG(s) 'example_params_trigger_ui' retrieved from /home/airflow/.local/lib/python3.12/site-packages/airflow/example_dags/example_params_trigger_ui.py
[2024-10-18T11:20:24.390+0000] {logging_mixin.py:190} INFO - [2024-10-18T11:20:24.389+0000] {dag.py:3239} INFO - Sync 1 DAGs
[2024-10-18T11:20:24.430+0000] {logging_mixin.py:190} INFO - [2024-10-18T11:20:24.429+0000] {dag.py:4180} INFO - Setting next_dagrun for example_params_trigger_ui to None, run_after=None
[2024-10-18T11:20:24.494+0000] {processor.py:208} INFO - Processing /home/airflow/.local/lib/python3.12/site-packages/airflow/example_dags/example_params_trigger_ui.py took 0.259 seconds
[2024-10-18T11:20:54.985+0000] {processor.py:186} INFO - Started process (PID=14123) to work on /home/airflow/.local/lib/python3.12/site-packages/airflow/example_dags/example_params_trigger_ui.py
[2024-10-18T11:20:54.986+0000] {processor.py:914} INFO - Processing file /home/airflow/.local/lib/python3.12/site-packages/airflow/example_dags/example_params_trigger_ui.py for tasks to queue
[2024-10-18T11:20:54.989+0000] {logging_mixin.py:190} INFO - [2024-10-18T11:20:54.989+0000] {dagbag.py:588} INFO - Filling up the DagBag from /home/airflow/.local/lib/python3.12/site-packages/airflow/example_dags/example_params_trigger_ui.py
[2024-10-18T11:20:55.001+0000] {processor.py:925} INFO - DAG(s) 'example_params_trigger_ui' retrieved from /home/airflow/.local/lib/python3.12/site-packages/airflow/example_dags/example_params_trigger_ui.py
[2024-10-18T11:20:55.063+0000] {logging_mixin.py:190} INFO - [2024-10-18T11:20:55.063+0000] {dag.py:3239} INFO - Sync 1 DAGs
[2024-10-18T11:20:55.315+0000] {logging_mixin.py:190} INFO - [2024-10-18T11:20:55.314+0000] {dag.py:4180} INFO - Setting next_dagrun for example_params_trigger_ui to None, run_after=None
[2024-10-18T11:20:55.340+0000] {processor.py:208} INFO - Processing /home/airflow/.local/lib/python3.12/site-packages/airflow/example_dags/example_params_trigger_ui.py took 0.361 seconds
[2024-10-18T11:21:25.751+0000] {processor.py:186} INFO - Started process (PID=14409) to work on /home/airflow/.local/lib/python3.12/site-packages/airflow/example_dags/example_params_trigger_ui.py
[2024-10-18T11:21:25.752+0000] {processor.py:914} INFO - Processing file /home/airflow/.local/lib/python3.12/site-packages/airflow/example_dags/example_params_trigger_ui.py for tasks to queue
[2024-10-18T11:21:25.756+0000] {logging_mixin.py:190} INFO - [2024-10-18T11:21:25.755+0000] {dagbag.py:588} INFO - Filling up the DagBag from /home/airflow/.local/lib/python3.12/site-packages/airflow/example_dags/example_params_trigger_ui.py
[2024-10-18T11:21:25.770+0000] {processor.py:925} INFO - DAG(s) 'example_params_trigger_ui' retrieved from /home/airflow/.local/lib/python3.12/site-packages/airflow/example_dags/example_params_trigger_ui.py
[2024-10-18T11:21:25.842+0000] {logging_mixin.py:190} INFO - [2024-10-18T11:21:25.841+0000] {dag.py:3239} INFO - Sync 1 DAGs
[2024-10-18T11:21:25.863+0000] {logging_mixin.py:190} INFO - [2024-10-18T11:21:25.862+0000] {dag.py:4180} INFO - Setting next_dagrun for example_params_trigger_ui to None, run_after=None
[2024-10-18T11:21:26.105+0000] {processor.py:208} INFO - Processing /home/airflow/.local/lib/python3.12/site-packages/airflow/example_dags/example_params_trigger_ui.py took 0.362 seconds
[2024-10-18T11:21:56.195+0000] {processor.py:186} INFO - Started process (PID=14695) to work on /home/airflow/.local/lib/python3.12/site-packages/airflow/example_dags/example_params_trigger_ui.py
[2024-10-18T11:21:56.196+0000] {processor.py:914} INFO - Processing file /home/airflow/.local/lib/python3.12/site-packages/airflow/example_dags/example_params_trigger_ui.py for tasks to queue
[2024-10-18T11:21:56.200+0000] {logging_mixin.py:190} INFO - [2024-10-18T11:21:56.199+0000] {dagbag.py:588} INFO - Filling up the DagBag from /home/airflow/.local/lib/python3.12/site-packages/airflow/example_dags/example_params_trigger_ui.py
[2024-10-18T11:21:56.214+0000] {processor.py:925} INFO - DAG(s) 'example_params_trigger_ui' retrieved from /home/airflow/.local/lib/python3.12/site-packages/airflow/example_dags/example_params_trigger_ui.py
[2024-10-18T11:21:56.290+0000] {logging_mixin.py:190} INFO - [2024-10-18T11:21:56.289+0000] {dag.py:3239} INFO - Sync 1 DAGs
[2024-10-18T11:21:56.314+0000] {logging_mixin.py:190} INFO - [2024-10-18T11:21:56.314+0000] {dag.py:4180} INFO - Setting next_dagrun for example_params_trigger_ui to None, run_after=None
[2024-10-18T11:21:56.338+0000] {processor.py:208} INFO - Processing /home/airflow/.local/lib/python3.12/site-packages/airflow/example_dags/example_params_trigger_ui.py took 0.151 seconds
[2024-10-18T11:22:27.062+0000] {processor.py:186} INFO - Started process (PID=14981) to work on /home/airflow/.local/lib/python3.12/site-packages/airflow/example_dags/example_params_trigger_ui.py
[2024-10-18T11:22:27.063+0000] {processor.py:914} INFO - Processing file /home/airflow/.local/lib/python3.12/site-packages/airflow/example_dags/example_params_trigger_ui.py for tasks to queue
[2024-10-18T11:22:27.065+0000] {logging_mixin.py:190} INFO - [2024-10-18T11:22:27.065+0000] {dagbag.py:588} INFO - Filling up the DagBag from /home/airflow/.local/lib/python3.12/site-packages/airflow/example_dags/example_params_trigger_ui.py
[2024-10-18T11:22:27.077+0000] {processor.py:925} INFO - DAG(s) 'example_params_trigger_ui' retrieved from /home/airflow/.local/lib/python3.12/site-packages/airflow/example_dags/example_params_trigger_ui.py
[2024-10-18T11:22:27.127+0000] {logging_mixin.py:190} INFO - [2024-10-18T11:22:27.127+0000] {dag.py:3239} INFO - Sync 1 DAGs
[2024-10-18T11:22:27.145+0000] {logging_mixin.py:190} INFO - [2024-10-18T11:22:27.144+0000] {dag.py:4180} INFO - Setting next_dagrun for example_params_trigger_ui to None, run_after=None
[2024-10-18T11:22:27.167+0000] {processor.py:208} INFO - Processing /home/airflow/.local/lib/python3.12/site-packages/airflow/example_dags/example_params_trigger_ui.py took 0.112 seconds
[2024-10-18T11:22:57.494+0000] {processor.py:186} INFO - Started process (PID=15267) to work on /home/airflow/.local/lib/python3.12/site-packages/airflow/example_dags/example_params_trigger_ui.py
[2024-10-18T11:22:57.496+0000] {processor.py:914} INFO - Processing file /home/airflow/.local/lib/python3.12/site-packages/airflow/example_dags/example_params_trigger_ui.py for tasks to queue
[2024-10-18T11:22:57.501+0000] {logging_mixin.py:190} INFO - [2024-10-18T11:22:57.500+0000] {dagbag.py:588} INFO - Filling up the DagBag from /home/airflow/.local/lib/python3.12/site-packages/airflow/example_dags/example_params_trigger_ui.py
[2024-10-18T11:22:57.520+0000] {processor.py:925} INFO - DAG(s) 'example_params_trigger_ui' retrieved from /home/airflow/.local/lib/python3.12/site-packages/airflow/example_dags/example_params_trigger_ui.py
[2024-10-18T11:22:57.601+0000] {logging_mixin.py:190} INFO - [2024-10-18T11:22:57.601+0000] {dag.py:3239} INFO - Sync 1 DAGs
[2024-10-18T11:22:57.627+0000] {logging_mixin.py:190} INFO - [2024-10-18T11:22:57.627+0000] {dag.py:4180} INFO - Setting next_dagrun for example_params_trigger_ui to None, run_after=None
[2024-10-18T11:22:57.653+0000] {processor.py:208} INFO - Processing /home/airflow/.local/lib/python3.12/site-packages/airflow/example_dags/example_params_trigger_ui.py took 0.171 seconds
[2024-10-18T11:23:27.819+0000] {processor.py:186} INFO - Started process (PID=15553) to work on /home/airflow/.local/lib/python3.12/site-packages/airflow/example_dags/example_params_trigger_ui.py
[2024-10-18T11:23:27.821+0000] {processor.py:914} INFO - Processing file /home/airflow/.local/lib/python3.12/site-packages/airflow/example_dags/example_params_trigger_ui.py for tasks to queue
[2024-10-18T11:23:27.824+0000] {logging_mixin.py:190} INFO - [2024-10-18T11:23:27.823+0000] {dagbag.py:588} INFO - Filling up the DagBag from /home/airflow/.local/lib/python3.12/site-packages/airflow/example_dags/example_params_trigger_ui.py
[2024-10-18T11:23:27.839+0000] {processor.py:925} INFO - DAG(s) 'example_params_trigger_ui' retrieved from /home/airflow/.local/lib/python3.12/site-packages/airflow/example_dags/example_params_trigger_ui.py
[2024-10-18T11:23:27.911+0000] {logging_mixin.py:190} INFO - [2024-10-18T11:23:27.911+0000] {dag.py:3239} INFO - Sync 1 DAGs
[2024-10-18T11:23:27.938+0000] {logging_mixin.py:190} INFO - [2024-10-18T11:23:27.937+0000] {dag.py:4180} INFO - Setting next_dagrun for example_params_trigger_ui to None, run_after=None
[2024-10-18T11:23:27.981+0000] {processor.py:208} INFO - Processing /home/airflow/.local/lib/python3.12/site-packages/airflow/example_dags/example_params_trigger_ui.py took 0.171 seconds
[2024-10-18T11:23:58.149+0000] {processor.py:186} INFO - Started process (PID=15839) to work on /home/airflow/.local/lib/python3.12/site-packages/airflow/example_dags/example_params_trigger_ui.py
[2024-10-18T11:23:58.150+0000] {processor.py:914} INFO - Processing file /home/airflow/.local/lib/python3.12/site-packages/airflow/example_dags/example_params_trigger_ui.py for tasks to queue
[2024-10-18T11:23:58.153+0000] {logging_mixin.py:190} INFO - [2024-10-18T11:23:58.153+0000] {dagbag.py:588} INFO - Filling up the DagBag from /home/airflow/.local/lib/python3.12/site-packages/airflow/example_dags/example_params_trigger_ui.py
[2024-10-18T11:23:58.162+0000] {processor.py:925} INFO - DAG(s) 'example_params_trigger_ui' retrieved from /home/airflow/.local/lib/python3.12/site-packages/airflow/example_dags/example_params_trigger_ui.py
[2024-10-18T11:23:58.201+0000] {logging_mixin.py:190} INFO - [2024-10-18T11:23:58.201+0000] {dag.py:3239} INFO - Sync 1 DAGs
[2024-10-18T11:23:58.216+0000] {logging_mixin.py:190} INFO - [2024-10-18T11:23:58.216+0000] {dag.py:4180} INFO - Setting next_dagrun for example_params_trigger_ui to None, run_after=None
[2024-10-18T11:23:58.235+0000] {processor.py:208} INFO - Processing /home/airflow/.local/lib/python3.12/site-packages/airflow/example_dags/example_params_trigger_ui.py took 0.090 seconds
[2024-10-18T11:24:28.693+0000] {processor.py:186} INFO - Started process (PID=16125) to work on /home/airflow/.local/lib/python3.12/site-packages/airflow/example_dags/example_params_trigger_ui.py
[2024-10-18T11:24:28.694+0000] {processor.py:914} INFO - Processing file /home/airflow/.local/lib/python3.12/site-packages/airflow/example_dags/example_params_trigger_ui.py for tasks to queue
[2024-10-18T11:24:28.697+0000] {logging_mixin.py:190} INFO - [2024-10-18T11:24:28.697+0000] {dagbag.py:588} INFO - Filling up the DagBag from /home/airflow/.local/lib/python3.12/site-packages/airflow/example_dags/example_params_trigger_ui.py
[2024-10-18T11:24:28.713+0000] {processor.py:925} INFO - DAG(s) 'example_params_trigger_ui' retrieved from /home/airflow/.local/lib/python3.12/site-packages/airflow/example_dags/example_params_trigger_ui.py
[2024-10-18T11:24:28.777+0000] {logging_mixin.py:190} INFO - [2024-10-18T11:24:28.776+0000] {dag.py:3239} INFO - Sync 1 DAGs
[2024-10-18T11:24:28.798+0000] {logging_mixin.py:190} INFO - [2024-10-18T11:24:28.798+0000] {dag.py:4180} INFO - Setting next_dagrun for example_params_trigger_ui to None, run_after=None
[2024-10-18T11:24:28.822+0000] {processor.py:208} INFO - Processing /home/airflow/.local/lib/python3.12/site-packages/airflow/example_dags/example_params_trigger_ui.py took 0.136 seconds
