[2024-10-18T10:56:25.434+0000] {processor.py:186} INFO - Started process (PID=271) to work on /home/airflow/.local/lib/python3.12/site-packages/airflow/example_dags/example_branch_python_dop_operator_3.py
[2024-10-18T10:56:25.435+0000] {processor.py:914} INFO - Processing file /home/airflow/.local/lib/python3.12/site-packages/airflow/example_dags/example_branch_python_dop_operator_3.py for tasks to queue
[2024-10-18T10:56:25.438+0000] {logging_mixin.py:190} INFO - [2024-10-18T10:56:25.438+0000] {dagbag.py:588} INFO - Filling up the DagBag from /home/airflow/.local/lib/python3.12/site-packages/airflow/example_dags/example_branch_python_dop_operator_3.py
[2024-10-18T10:56:25.457+0000] {processor.py:925} INFO - DAG(s) 'example_branch_dop_operator_v3' retrieved from /home/airflow/.local/lib/python3.12/site-packages/airflow/example_dags/example_branch_python_dop_operator_3.py
[2024-10-18T10:56:25.600+0000] {logging_mixin.py:190} INFO - [2024-10-18T10:56:25.600+0000] {override.py:1900} INFO - Created Permission View: can delete on DAG:example_branch_dop_operator_v3
[2024-10-18T10:56:25.614+0000] {logging_mixin.py:190} INFO - [2024-10-18T10:56:25.613+0000] {override.py:1900} INFO - Created Permission View: can edit on DAG:example_branch_dop_operator_v3
[2024-10-18T10:56:25.623+0000] {logging_mixin.py:190} INFO - [2024-10-18T10:56:25.622+0000] {override.py:1900} INFO - Created Permission View: can read on DAG:example_branch_dop_operator_v3
[2024-10-18T10:56:25.637+0000] {logging_mixin.py:190} INFO - [2024-10-18T10:56:25.636+0000] {override.py:1900} INFO - Created Permission View: can delete on DAG Run:example_branch_dop_operator_v3
[2024-10-18T10:56:25.646+0000] {logging_mixin.py:190} INFO - [2024-10-18T10:56:25.646+0000] {override.py:1900} INFO - Created Permission View: menu access on DAG Run:example_branch_dop_operator_v3
[2024-10-18T10:56:25.656+0000] {logging_mixin.py:190} INFO - [2024-10-18T10:56:25.655+0000] {override.py:1900} INFO - Created Permission View: can read on DAG Run:example_branch_dop_operator_v3
[2024-10-18T10:56:25.665+0000] {logging_mixin.py:190} INFO - [2024-10-18T10:56:25.665+0000] {override.py:1900} INFO - Created Permission View: can create on DAG Run:example_branch_dop_operator_v3
[2024-10-18T10:56:25.666+0000] {logging_mixin.py:190} INFO - [2024-10-18T10:56:25.666+0000] {dag.py:3239} INFO - Sync 1 DAGs
[2024-10-18T10:56:25.690+0000] {logging_mixin.py:190} INFO - [2024-10-18T10:56:25.689+0000] {dag.py:3262} INFO - Creating ORM DAG for example_branch_dop_operator_v3
[2024-10-18T10:56:25.709+0000] {logging_mixin.py:190} INFO - [2024-10-18T10:56:25.709+0000] {dag.py:4180} INFO - Setting next_dagrun for example_branch_dop_operator_v3 to 2024-10-18 10:55:00+00:00, run_after=2024-10-18 10:56:00+00:00
[2024-10-18T10:56:25.751+0000] {processor.py:208} INFO - Processing /home/airflow/.local/lib/python3.12/site-packages/airflow/example_dags/example_branch_python_dop_operator_3.py took 0.325 seconds
[2024-10-18T10:56:56.046+0000] {processor.py:186} INFO - Started process (PID=555) to work on /home/airflow/.local/lib/python3.12/site-packages/airflow/example_dags/example_branch_python_dop_operator_3.py
[2024-10-18T10:56:56.047+0000] {processor.py:914} INFO - Processing file /home/airflow/.local/lib/python3.12/site-packages/airflow/example_dags/example_branch_python_dop_operator_3.py for tasks to queue
[2024-10-18T10:56:56.050+0000] {logging_mixin.py:190} INFO - [2024-10-18T10:56:56.049+0000] {dagbag.py:588} INFO - Filling up the DagBag from /home/airflow/.local/lib/python3.12/site-packages/airflow/example_dags/example_branch_python_dop_operator_3.py
[2024-10-18T10:56:56.071+0000] {processor.py:925} INFO - DAG(s) 'example_branch_dop_operator_v3' retrieved from /home/airflow/.local/lib/python3.12/site-packages/airflow/example_dags/example_branch_python_dop_operator_3.py
[2024-10-18T10:56:56.112+0000] {logging_mixin.py:190} INFO - [2024-10-18T10:56:56.109+0000] {dag.py:3239} INFO - Sync 1 DAGs
[2024-10-18T10:56:56.171+0000] {logging_mixin.py:190} INFO - [2024-10-18T10:56:56.170+0000] {dag.py:4180} INFO - Setting next_dagrun for example_branch_dop_operator_v3 to 2024-10-18 10:55:00+00:00, run_after=2024-10-18 10:56:00+00:00
[2024-10-18T10:56:56.219+0000] {processor.py:208} INFO - Processing /home/airflow/.local/lib/python3.12/site-packages/airflow/example_dags/example_branch_python_dop_operator_3.py took 0.184 seconds
[2024-10-18T10:57:27.220+0000] {processor.py:186} INFO - Started process (PID=841) to work on /home/airflow/.local/lib/python3.12/site-packages/airflow/example_dags/example_branch_python_dop_operator_3.py
[2024-10-18T10:57:27.222+0000] {processor.py:914} INFO - Processing file /home/airflow/.local/lib/python3.12/site-packages/airflow/example_dags/example_branch_python_dop_operator_3.py for tasks to queue
[2024-10-18T10:57:27.226+0000] {logging_mixin.py:190} INFO - [2024-10-18T10:57:27.225+0000] {dagbag.py:588} INFO - Filling up the DagBag from /home/airflow/.local/lib/python3.12/site-packages/airflow/example_dags/example_branch_python_dop_operator_3.py
[2024-10-18T10:57:27.256+0000] {processor.py:925} INFO - DAG(s) 'example_branch_dop_operator_v3' retrieved from /home/airflow/.local/lib/python3.12/site-packages/airflow/example_dags/example_branch_python_dop_operator_3.py
[2024-10-18T10:57:27.309+0000] {logging_mixin.py:190} INFO - [2024-10-18T10:57:27.309+0000] {dag.py:3239} INFO - Sync 1 DAGs
[2024-10-18T10:57:27.401+0000] {logging_mixin.py:190} INFO - [2024-10-18T10:57:27.393+0000] {dag.py:4180} INFO - Setting next_dagrun for example_branch_dop_operator_v3 to 2024-10-18 10:56:00+00:00, run_after=2024-10-18 10:57:00+00:00
[2024-10-18T10:57:27.468+0000] {processor.py:208} INFO - Processing /home/airflow/.local/lib/python3.12/site-packages/airflow/example_dags/example_branch_python_dop_operator_3.py took 0.262 seconds
[2024-10-18T10:57:58.290+0000] {processor.py:186} INFO - Started process (PID=1131) to work on /home/airflow/.local/lib/python3.12/site-packages/airflow/example_dags/example_branch_python_dop_operator_3.py
[2024-10-18T10:57:58.292+0000] {processor.py:914} INFO - Processing file /home/airflow/.local/lib/python3.12/site-packages/airflow/example_dags/example_branch_python_dop_operator_3.py for tasks to queue
[2024-10-18T10:57:58.296+0000] {logging_mixin.py:190} INFO - [2024-10-18T10:57:58.295+0000] {dagbag.py:588} INFO - Filling up the DagBag from /home/airflow/.local/lib/python3.12/site-packages/airflow/example_dags/example_branch_python_dop_operator_3.py
[2024-10-18T10:57:58.311+0000] {processor.py:925} INFO - DAG(s) 'example_branch_dop_operator_v3' retrieved from /home/airflow/.local/lib/python3.12/site-packages/airflow/example_dags/example_branch_python_dop_operator_3.py
[2024-10-18T10:57:58.337+0000] {logging_mixin.py:190} INFO - [2024-10-18T10:57:58.336+0000] {dag.py:3239} INFO - Sync 1 DAGs
[2024-10-18T10:57:58.382+0000] {logging_mixin.py:190} INFO - [2024-10-18T10:57:58.381+0000] {dag.py:4180} INFO - Setting next_dagrun for example_branch_dop_operator_v3 to 2024-10-18 10:56:00+00:00, run_after=2024-10-18 10:57:00+00:00
[2024-10-18T10:57:58.416+0000] {processor.py:208} INFO - Processing /home/airflow/.local/lib/python3.12/site-packages/airflow/example_dags/example_branch_python_dop_operator_3.py took 0.135 seconds
[2024-10-18T10:58:29.300+0000] {processor.py:186} INFO - Started process (PID=1422) to work on /home/airflow/.local/lib/python3.12/site-packages/airflow/example_dags/example_branch_python_dop_operator_3.py
[2024-10-18T10:58:29.301+0000] {processor.py:914} INFO - Processing file /home/airflow/.local/lib/python3.12/site-packages/airflow/example_dags/example_branch_python_dop_operator_3.py for tasks to queue
[2024-10-18T10:58:29.303+0000] {logging_mixin.py:190} INFO - [2024-10-18T10:58:29.303+0000] {dagbag.py:588} INFO - Filling up the DagBag from /home/airflow/.local/lib/python3.12/site-packages/airflow/example_dags/example_branch_python_dop_operator_3.py
[2024-10-18T10:58:29.313+0000] {processor.py:925} INFO - DAG(s) 'example_branch_dop_operator_v3' retrieved from /home/airflow/.local/lib/python3.12/site-packages/airflow/example_dags/example_branch_python_dop_operator_3.py
[2024-10-18T10:58:29.333+0000] {logging_mixin.py:190} INFO - [2024-10-18T10:58:29.333+0000] {dag.py:3239} INFO - Sync 1 DAGs
[2024-10-18T10:58:29.366+0000] {logging_mixin.py:190} INFO - [2024-10-18T10:58:29.366+0000] {dag.py:4180} INFO - Setting next_dagrun for example_branch_dop_operator_v3 to 2024-10-18 10:57:00+00:00, run_after=2024-10-18 10:58:00+00:00
[2024-10-18T10:58:29.389+0000] {processor.py:208} INFO - Processing /home/airflow/.local/lib/python3.12/site-packages/airflow/example_dags/example_branch_python_dop_operator_3.py took 0.096 seconds
[2024-10-18T10:58:59.714+0000] {processor.py:186} INFO - Started process (PID=1707) to work on /home/airflow/.local/lib/python3.12/site-packages/airflow/example_dags/example_branch_python_dop_operator_3.py
[2024-10-18T10:58:59.715+0000] {processor.py:914} INFO - Processing file /home/airflow/.local/lib/python3.12/site-packages/airflow/example_dags/example_branch_python_dop_operator_3.py for tasks to queue
[2024-10-18T10:58:59.717+0000] {logging_mixin.py:190} INFO - [2024-10-18T10:58:59.717+0000] {dagbag.py:588} INFO - Filling up the DagBag from /home/airflow/.local/lib/python3.12/site-packages/airflow/example_dags/example_branch_python_dop_operator_3.py
[2024-10-18T10:58:59.726+0000] {processor.py:925} INFO - DAG(s) 'example_branch_dop_operator_v3' retrieved from /home/airflow/.local/lib/python3.12/site-packages/airflow/example_dags/example_branch_python_dop_operator_3.py
[2024-10-18T10:58:59.742+0000] {logging_mixin.py:190} INFO - [2024-10-18T10:58:59.742+0000] {dag.py:3239} INFO - Sync 1 DAGs
[2024-10-18T10:58:59.766+0000] {logging_mixin.py:190} INFO - [2024-10-18T10:58:59.766+0000] {dag.py:4180} INFO - Setting next_dagrun for example_branch_dop_operator_v3 to 2024-10-18 10:57:00+00:00, run_after=2024-10-18 10:58:00+00:00
[2024-10-18T10:58:59.783+0000] {processor.py:208} INFO - Processing /home/airflow/.local/lib/python3.12/site-packages/airflow/example_dags/example_branch_python_dop_operator_3.py took 0.074 seconds
[2024-10-18T10:59:30.257+0000] {processor.py:186} INFO - Started process (PID=1993) to work on /home/airflow/.local/lib/python3.12/site-packages/airflow/example_dags/example_branch_python_dop_operator_3.py
[2024-10-18T10:59:30.258+0000] {processor.py:914} INFO - Processing file /home/airflow/.local/lib/python3.12/site-packages/airflow/example_dags/example_branch_python_dop_operator_3.py for tasks to queue
[2024-10-18T10:59:30.261+0000] {logging_mixin.py:190} INFO - [2024-10-18T10:59:30.260+0000] {dagbag.py:588} INFO - Filling up the DagBag from /home/airflow/.local/lib/python3.12/site-packages/airflow/example_dags/example_branch_python_dop_operator_3.py
[2024-10-18T10:59:30.270+0000] {processor.py:925} INFO - DAG(s) 'example_branch_dop_operator_v3' retrieved from /home/airflow/.local/lib/python3.12/site-packages/airflow/example_dags/example_branch_python_dop_operator_3.py
[2024-10-18T10:59:30.289+0000] {logging_mixin.py:190} INFO - [2024-10-18T10:59:30.288+0000] {dag.py:3239} INFO - Sync 1 DAGs
[2024-10-18T10:59:30.315+0000] {logging_mixin.py:190} INFO - [2024-10-18T10:59:30.315+0000] {dag.py:4180} INFO - Setting next_dagrun for example_branch_dop_operator_v3 to 2024-10-18 10:58:00+00:00, run_after=2024-10-18 10:59:00+00:00
[2024-10-18T10:59:30.337+0000] {processor.py:208} INFO - Processing /home/airflow/.local/lib/python3.12/site-packages/airflow/example_dags/example_branch_python_dop_operator_3.py took 0.085 seconds
[2024-10-18T11:00:00.570+0000] {processor.py:186} INFO - Started process (PID=2281) to work on /home/airflow/.local/lib/python3.12/site-packages/airflow/example_dags/example_branch_python_dop_operator_3.py
[2024-10-18T11:00:00.571+0000] {processor.py:914} INFO - Processing file /home/airflow/.local/lib/python3.12/site-packages/airflow/example_dags/example_branch_python_dop_operator_3.py for tasks to queue
[2024-10-18T11:00:00.573+0000] {logging_mixin.py:190} INFO - [2024-10-18T11:00:00.572+0000] {dagbag.py:588} INFO - Filling up the DagBag from /home/airflow/.local/lib/python3.12/site-packages/airflow/example_dags/example_branch_python_dop_operator_3.py
[2024-10-18T11:00:00.582+0000] {processor.py:925} INFO - DAG(s) 'example_branch_dop_operator_v3' retrieved from /home/airflow/.local/lib/python3.12/site-packages/airflow/example_dags/example_branch_python_dop_operator_3.py
[2024-10-18T11:00:00.598+0000] {logging_mixin.py:190} INFO - [2024-10-18T11:00:00.598+0000] {dag.py:3239} INFO - Sync 1 DAGs
[2024-10-18T11:00:00.622+0000] {logging_mixin.py:190} INFO - [2024-10-18T11:00:00.621+0000] {dag.py:4180} INFO - Setting next_dagrun for example_branch_dop_operator_v3 to 2024-10-18 10:59:00+00:00, run_after=2024-10-18 11:00:00+00:00
[2024-10-18T11:00:00.639+0000] {processor.py:208} INFO - Processing /home/airflow/.local/lib/python3.12/site-packages/airflow/example_dags/example_branch_python_dop_operator_3.py took 0.073 seconds
[2024-10-18T11:00:30.943+0000] {processor.py:186} INFO - Started process (PID=2567) to work on /home/airflow/.local/lib/python3.12/site-packages/airflow/example_dags/example_branch_python_dop_operator_3.py
[2024-10-18T11:00:30.944+0000] {processor.py:914} INFO - Processing file /home/airflow/.local/lib/python3.12/site-packages/airflow/example_dags/example_branch_python_dop_operator_3.py for tasks to queue
[2024-10-18T11:00:30.946+0000] {logging_mixin.py:190} INFO - [2024-10-18T11:00:30.946+0000] {dagbag.py:588} INFO - Filling up the DagBag from /home/airflow/.local/lib/python3.12/site-packages/airflow/example_dags/example_branch_python_dop_operator_3.py
[2024-10-18T11:00:30.956+0000] {processor.py:925} INFO - DAG(s) 'example_branch_dop_operator_v3' retrieved from /home/airflow/.local/lib/python3.12/site-packages/airflow/example_dags/example_branch_python_dop_operator_3.py
[2024-10-18T11:00:30.976+0000] {logging_mixin.py:190} INFO - [2024-10-18T11:00:30.976+0000] {dag.py:3239} INFO - Sync 1 DAGs
[2024-10-18T11:00:31.004+0000] {logging_mixin.py:190} INFO - [2024-10-18T11:00:31.004+0000] {dag.py:4180} INFO - Setting next_dagrun for example_branch_dop_operator_v3 to 2024-10-18 10:59:00+00:00, run_after=2024-10-18 11:00:00+00:00
[2024-10-18T11:00:31.031+0000] {processor.py:208} INFO - Processing /home/airflow/.local/lib/python3.12/site-packages/airflow/example_dags/example_branch_python_dop_operator_3.py took 0.093 seconds
[2024-10-18T11:01:01.506+0000] {processor.py:186} INFO - Started process (PID=2853) to work on /home/airflow/.local/lib/python3.12/site-packages/airflow/example_dags/example_branch_python_dop_operator_3.py
[2024-10-18T11:01:01.507+0000] {processor.py:914} INFO - Processing file /home/airflow/.local/lib/python3.12/site-packages/airflow/example_dags/example_branch_python_dop_operator_3.py for tasks to queue
[2024-10-18T11:01:01.509+0000] {logging_mixin.py:190} INFO - [2024-10-18T11:01:01.509+0000] {dagbag.py:588} INFO - Filling up the DagBag from /home/airflow/.local/lib/python3.12/site-packages/airflow/example_dags/example_branch_python_dop_operator_3.py
[2024-10-18T11:01:01.517+0000] {processor.py:925} INFO - DAG(s) 'example_branch_dop_operator_v3' retrieved from /home/airflow/.local/lib/python3.12/site-packages/airflow/example_dags/example_branch_python_dop_operator_3.py
[2024-10-18T11:01:01.534+0000] {logging_mixin.py:190} INFO - [2024-10-18T11:01:01.534+0000] {dag.py:3239} INFO - Sync 1 DAGs
[2024-10-18T11:01:01.559+0000] {logging_mixin.py:190} INFO - [2024-10-18T11:01:01.559+0000] {dag.py:4180} INFO - Setting next_dagrun for example_branch_dop_operator_v3 to 2024-10-18 11:00:00+00:00, run_after=2024-10-18 11:01:00+00:00
[2024-10-18T11:01:01.582+0000] {processor.py:208} INFO - Processing /home/airflow/.local/lib/python3.12/site-packages/airflow/example_dags/example_branch_python_dop_operator_3.py took 0.080 seconds
[2024-10-18T11:01:31.904+0000] {processor.py:186} INFO - Started process (PID=3137) to work on /home/airflow/.local/lib/python3.12/site-packages/airflow/example_dags/example_branch_python_dop_operator_3.py
[2024-10-18T11:01:31.905+0000] {processor.py:914} INFO - Processing file /home/airflow/.local/lib/python3.12/site-packages/airflow/example_dags/example_branch_python_dop_operator_3.py for tasks to queue
[2024-10-18T11:01:31.908+0000] {logging_mixin.py:190} INFO - [2024-10-18T11:01:31.908+0000] {dagbag.py:588} INFO - Filling up the DagBag from /home/airflow/.local/lib/python3.12/site-packages/airflow/example_dags/example_branch_python_dop_operator_3.py
[2024-10-18T11:01:31.922+0000] {processor.py:925} INFO - DAG(s) 'example_branch_dop_operator_v3' retrieved from /home/airflow/.local/lib/python3.12/site-packages/airflow/example_dags/example_branch_python_dop_operator_3.py
[2024-10-18T11:01:31.941+0000] {logging_mixin.py:190} INFO - [2024-10-18T11:01:31.941+0000] {dag.py:3239} INFO - Sync 1 DAGs
[2024-10-18T11:01:31.978+0000] {logging_mixin.py:190} INFO - [2024-10-18T11:01:31.977+0000] {dag.py:4180} INFO - Setting next_dagrun for example_branch_dop_operator_v3 to 2024-10-18 11:00:00+00:00, run_after=2024-10-18 11:01:00+00:00
[2024-10-18T11:01:32.003+0000] {processor.py:208} INFO - Processing /home/airflow/.local/lib/python3.12/site-packages/airflow/example_dags/example_branch_python_dop_operator_3.py took 0.106 seconds
[2024-10-18T11:02:02.526+0000] {processor.py:186} INFO - Started process (PID=3425) to work on /home/airflow/.local/lib/python3.12/site-packages/airflow/example_dags/example_branch_python_dop_operator_3.py
[2024-10-18T11:02:02.528+0000] {processor.py:914} INFO - Processing file /home/airflow/.local/lib/python3.12/site-packages/airflow/example_dags/example_branch_python_dop_operator_3.py for tasks to queue
[2024-10-18T11:02:02.530+0000] {logging_mixin.py:190} INFO - [2024-10-18T11:02:02.529+0000] {dagbag.py:588} INFO - Filling up the DagBag from /home/airflow/.local/lib/python3.12/site-packages/airflow/example_dags/example_branch_python_dop_operator_3.py
[2024-10-18T11:02:02.539+0000] {processor.py:925} INFO - DAG(s) 'example_branch_dop_operator_v3' retrieved from /home/airflow/.local/lib/python3.12/site-packages/airflow/example_dags/example_branch_python_dop_operator_3.py
[2024-10-18T11:02:02.559+0000] {logging_mixin.py:190} INFO - [2024-10-18T11:02:02.558+0000] {dag.py:3239} INFO - Sync 1 DAGs
[2024-10-18T11:02:02.586+0000] {logging_mixin.py:190} INFO - [2024-10-18T11:02:02.585+0000] {dag.py:4180} INFO - Setting next_dagrun for example_branch_dop_operator_v3 to 2024-10-18 11:01:00+00:00, run_after=2024-10-18 11:02:00+00:00
[2024-10-18T11:02:02.604+0000] {processor.py:208} INFO - Processing /home/airflow/.local/lib/python3.12/site-packages/airflow/example_dags/example_branch_python_dop_operator_3.py took 0.083 seconds
[2024-10-18T11:02:32.878+0000] {processor.py:186} INFO - Started process (PID=3711) to work on /home/airflow/.local/lib/python3.12/site-packages/airflow/example_dags/example_branch_python_dop_operator_3.py
[2024-10-18T11:02:32.879+0000] {processor.py:914} INFO - Processing file /home/airflow/.local/lib/python3.12/site-packages/airflow/example_dags/example_branch_python_dop_operator_3.py for tasks to queue
[2024-10-18T11:02:32.881+0000] {logging_mixin.py:190} INFO - [2024-10-18T11:02:32.881+0000] {dagbag.py:588} INFO - Filling up the DagBag from /home/airflow/.local/lib/python3.12/site-packages/airflow/example_dags/example_branch_python_dop_operator_3.py
[2024-10-18T11:02:32.889+0000] {processor.py:925} INFO - DAG(s) 'example_branch_dop_operator_v3' retrieved from /home/airflow/.local/lib/python3.12/site-packages/airflow/example_dags/example_branch_python_dop_operator_3.py
[2024-10-18T11:02:32.905+0000] {logging_mixin.py:190} INFO - [2024-10-18T11:02:32.905+0000] {dag.py:3239} INFO - Sync 1 DAGs
[2024-10-18T11:02:32.930+0000] {logging_mixin.py:190} INFO - [2024-10-18T11:02:32.929+0000] {dag.py:4180} INFO - Setting next_dagrun for example_branch_dop_operator_v3 to 2024-10-18 11:01:00+00:00, run_after=2024-10-18 11:02:00+00:00
[2024-10-18T11:02:32.950+0000] {processor.py:208} INFO - Processing /home/airflow/.local/lib/python3.12/site-packages/airflow/example_dags/example_branch_python_dop_operator_3.py took 0.077 seconds
[2024-10-18T11:03:03.382+0000] {processor.py:186} INFO - Started process (PID=3995) to work on /home/airflow/.local/lib/python3.12/site-packages/airflow/example_dags/example_branch_python_dop_operator_3.py
[2024-10-18T11:03:03.383+0000] {processor.py:914} INFO - Processing file /home/airflow/.local/lib/python3.12/site-packages/airflow/example_dags/example_branch_python_dop_operator_3.py for tasks to queue
[2024-10-18T11:03:03.385+0000] {logging_mixin.py:190} INFO - [2024-10-18T11:03:03.384+0000] {dagbag.py:588} INFO - Filling up the DagBag from /home/airflow/.local/lib/python3.12/site-packages/airflow/example_dags/example_branch_python_dop_operator_3.py
[2024-10-18T11:03:03.396+0000] {processor.py:925} INFO - DAG(s) 'example_branch_dop_operator_v3' retrieved from /home/airflow/.local/lib/python3.12/site-packages/airflow/example_dags/example_branch_python_dop_operator_3.py
[2024-10-18T11:03:03.413+0000] {logging_mixin.py:190} INFO - [2024-10-18T11:03:03.412+0000] {dag.py:3239} INFO - Sync 1 DAGs
[2024-10-18T11:03:03.437+0000] {logging_mixin.py:190} INFO - [2024-10-18T11:03:03.437+0000] {dag.py:4180} INFO - Setting next_dagrun for example_branch_dop_operator_v3 to 2024-10-18 11:02:00+00:00, run_after=2024-10-18 11:03:00+00:00
[2024-10-18T11:03:03.460+0000] {processor.py:208} INFO - Processing /home/airflow/.local/lib/python3.12/site-packages/airflow/example_dags/example_branch_python_dop_operator_3.py took 0.084 seconds
[2024-10-18T11:03:33.767+0000] {processor.py:186} INFO - Started process (PID=4281) to work on /home/airflow/.local/lib/python3.12/site-packages/airflow/example_dags/example_branch_python_dop_operator_3.py
[2024-10-18T11:03:33.768+0000] {processor.py:914} INFO - Processing file /home/airflow/.local/lib/python3.12/site-packages/airflow/example_dags/example_branch_python_dop_operator_3.py for tasks to queue
[2024-10-18T11:03:33.770+0000] {logging_mixin.py:190} INFO - [2024-10-18T11:03:33.770+0000] {dagbag.py:588} INFO - Filling up the DagBag from /home/airflow/.local/lib/python3.12/site-packages/airflow/example_dags/example_branch_python_dop_operator_3.py
[2024-10-18T11:03:33.779+0000] {processor.py:925} INFO - DAG(s) 'example_branch_dop_operator_v3' retrieved from /home/airflow/.local/lib/python3.12/site-packages/airflow/example_dags/example_branch_python_dop_operator_3.py
[2024-10-18T11:03:33.796+0000] {logging_mixin.py:190} INFO - [2024-10-18T11:03:33.796+0000] {dag.py:3239} INFO - Sync 1 DAGs
[2024-10-18T11:03:33.820+0000] {logging_mixin.py:190} INFO - [2024-10-18T11:03:33.819+0000] {dag.py:4180} INFO - Setting next_dagrun for example_branch_dop_operator_v3 to 2024-10-18 11:02:00+00:00, run_after=2024-10-18 11:03:00+00:00
[2024-10-18T11:03:33.839+0000] {processor.py:208} INFO - Processing /home/airflow/.local/lib/python3.12/site-packages/airflow/example_dags/example_branch_python_dop_operator_3.py took 0.078 seconds
[2024-10-18T11:04:04.107+0000] {processor.py:186} INFO - Started process (PID=4569) to work on /home/airflow/.local/lib/python3.12/site-packages/airflow/example_dags/example_branch_python_dop_operator_3.py
[2024-10-18T11:04:04.108+0000] {processor.py:914} INFO - Processing file /home/airflow/.local/lib/python3.12/site-packages/airflow/example_dags/example_branch_python_dop_operator_3.py for tasks to queue
[2024-10-18T11:04:04.110+0000] {logging_mixin.py:190} INFO - [2024-10-18T11:04:04.110+0000] {dagbag.py:588} INFO - Filling up the DagBag from /home/airflow/.local/lib/python3.12/site-packages/airflow/example_dags/example_branch_python_dop_operator_3.py
[2024-10-18T11:04:04.118+0000] {processor.py:925} INFO - DAG(s) 'example_branch_dop_operator_v3' retrieved from /home/airflow/.local/lib/python3.12/site-packages/airflow/example_dags/example_branch_python_dop_operator_3.py
[2024-10-18T11:04:04.135+0000] {logging_mixin.py:190} INFO - [2024-10-18T11:04:04.135+0000] {dag.py:3239} INFO - Sync 1 DAGs
[2024-10-18T11:04:04.159+0000] {logging_mixin.py:190} INFO - [2024-10-18T11:04:04.159+0000] {dag.py:4180} INFO - Setting next_dagrun for example_branch_dop_operator_v3 to 2024-10-18 11:03:00+00:00, run_after=2024-10-18 11:04:00+00:00
[2024-10-18T11:04:04.179+0000] {processor.py:208} INFO - Processing /home/airflow/.local/lib/python3.12/site-packages/airflow/example_dags/example_branch_python_dop_operator_3.py took 0.077 seconds
[2024-10-18T11:04:34.378+0000] {processor.py:186} INFO - Started process (PID=4853) to work on /home/airflow/.local/lib/python3.12/site-packages/airflow/example_dags/example_branch_python_dop_operator_3.py
[2024-10-18T11:04:34.379+0000] {processor.py:914} INFO - Processing file /home/airflow/.local/lib/python3.12/site-packages/airflow/example_dags/example_branch_python_dop_operator_3.py for tasks to queue
[2024-10-18T11:04:34.381+0000] {logging_mixin.py:190} INFO - [2024-10-18T11:04:34.381+0000] {dagbag.py:588} INFO - Filling up the DagBag from /home/airflow/.local/lib/python3.12/site-packages/airflow/example_dags/example_branch_python_dop_operator_3.py
[2024-10-18T11:04:34.389+0000] {processor.py:925} INFO - DAG(s) 'example_branch_dop_operator_v3' retrieved from /home/airflow/.local/lib/python3.12/site-packages/airflow/example_dags/example_branch_python_dop_operator_3.py
[2024-10-18T11:04:34.405+0000] {logging_mixin.py:190} INFO - [2024-10-18T11:04:34.405+0000] {dag.py:3239} INFO - Sync 1 DAGs
[2024-10-18T11:04:34.426+0000] {logging_mixin.py:190} INFO - [2024-10-18T11:04:34.426+0000] {dag.py:4180} INFO - Setting next_dagrun for example_branch_dop_operator_v3 to 2024-10-18 11:03:00+00:00, run_after=2024-10-18 11:04:00+00:00
[2024-10-18T11:04:34.448+0000] {processor.py:208} INFO - Processing /home/airflow/.local/lib/python3.12/site-packages/airflow/example_dags/example_branch_python_dop_operator_3.py took 0.078 seconds
[2024-10-18T11:05:04.635+0000] {processor.py:186} INFO - Started process (PID=5139) to work on /home/airflow/.local/lib/python3.12/site-packages/airflow/example_dags/example_branch_python_dop_operator_3.py
[2024-10-18T11:05:04.636+0000] {processor.py:914} INFO - Processing file /home/airflow/.local/lib/python3.12/site-packages/airflow/example_dags/example_branch_python_dop_operator_3.py for tasks to queue
[2024-10-18T11:05:04.638+0000] {logging_mixin.py:190} INFO - [2024-10-18T11:05:04.637+0000] {dagbag.py:588} INFO - Filling up the DagBag from /home/airflow/.local/lib/python3.12/site-packages/airflow/example_dags/example_branch_python_dop_operator_3.py
[2024-10-18T11:05:04.646+0000] {processor.py:925} INFO - DAG(s) 'example_branch_dop_operator_v3' retrieved from /home/airflow/.local/lib/python3.12/site-packages/airflow/example_dags/example_branch_python_dop_operator_3.py
[2024-10-18T11:05:04.664+0000] {logging_mixin.py:190} INFO - [2024-10-18T11:05:04.664+0000] {dag.py:3239} INFO - Sync 1 DAGs
[2024-10-18T11:05:04.689+0000] {logging_mixin.py:190} INFO - [2024-10-18T11:05:04.689+0000] {dag.py:4180} INFO - Setting next_dagrun for example_branch_dop_operator_v3 to 2024-10-18 11:04:00+00:00, run_after=2024-10-18 11:05:00+00:00
[2024-10-18T11:05:04.707+0000] {processor.py:208} INFO - Processing /home/airflow/.local/lib/python3.12/site-packages/airflow/example_dags/example_branch_python_dop_operator_3.py took 0.077 seconds
[2024-10-18T11:05:34.968+0000] {processor.py:186} INFO - Started process (PID=5425) to work on /home/airflow/.local/lib/python3.12/site-packages/airflow/example_dags/example_branch_python_dop_operator_3.py
[2024-10-18T11:05:34.969+0000] {processor.py:914} INFO - Processing file /home/airflow/.local/lib/python3.12/site-packages/airflow/example_dags/example_branch_python_dop_operator_3.py for tasks to queue
[2024-10-18T11:05:34.971+0000] {logging_mixin.py:190} INFO - [2024-10-18T11:05:34.971+0000] {dagbag.py:588} INFO - Filling up the DagBag from /home/airflow/.local/lib/python3.12/site-packages/airflow/example_dags/example_branch_python_dop_operator_3.py
[2024-10-18T11:05:34.979+0000] {processor.py:925} INFO - DAG(s) 'example_branch_dop_operator_v3' retrieved from /home/airflow/.local/lib/python3.12/site-packages/airflow/example_dags/example_branch_python_dop_operator_3.py
[2024-10-18T11:05:34.995+0000] {logging_mixin.py:190} INFO - [2024-10-18T11:05:34.995+0000] {dag.py:3239} INFO - Sync 1 DAGs
[2024-10-18T11:05:35.019+0000] {logging_mixin.py:190} INFO - [2024-10-18T11:05:35.019+0000] {dag.py:4180} INFO - Setting next_dagrun for example_branch_dop_operator_v3 to 2024-10-18 11:04:00+00:00, run_after=2024-10-18 11:05:00+00:00
[2024-10-18T11:05:35.035+0000] {processor.py:208} INFO - Processing /home/airflow/.local/lib/python3.12/site-packages/airflow/example_dags/example_branch_python_dop_operator_3.py took 0.072 seconds
[2024-10-18T11:06:05.262+0000] {processor.py:186} INFO - Started process (PID=5711) to work on /home/airflow/.local/lib/python3.12/site-packages/airflow/example_dags/example_branch_python_dop_operator_3.py
[2024-10-18T11:06:05.263+0000] {processor.py:914} INFO - Processing file /home/airflow/.local/lib/python3.12/site-packages/airflow/example_dags/example_branch_python_dop_operator_3.py for tasks to queue
[2024-10-18T11:06:05.266+0000] {logging_mixin.py:190} INFO - [2024-10-18T11:06:05.265+0000] {dagbag.py:588} INFO - Filling up the DagBag from /home/airflow/.local/lib/python3.12/site-packages/airflow/example_dags/example_branch_python_dop_operator_3.py
[2024-10-18T11:06:05.277+0000] {processor.py:925} INFO - DAG(s) 'example_branch_dop_operator_v3' retrieved from /home/airflow/.local/lib/python3.12/site-packages/airflow/example_dags/example_branch_python_dop_operator_3.py
[2024-10-18T11:06:05.297+0000] {logging_mixin.py:190} INFO - [2024-10-18T11:06:05.297+0000] {dag.py:3239} INFO - Sync 1 DAGs
[2024-10-18T11:06:05.324+0000] {logging_mixin.py:190} INFO - [2024-10-18T11:06:05.323+0000] {dag.py:4180} INFO - Setting next_dagrun for example_branch_dop_operator_v3 to 2024-10-18 11:05:00+00:00, run_after=2024-10-18 11:06:00+00:00
[2024-10-18T11:06:05.346+0000] {processor.py:208} INFO - Processing /home/airflow/.local/lib/python3.12/site-packages/airflow/example_dags/example_branch_python_dop_operator_3.py took 0.089 seconds
[2024-10-18T11:06:35.710+0000] {processor.py:186} INFO - Started process (PID=5999) to work on /home/airflow/.local/lib/python3.12/site-packages/airflow/example_dags/example_branch_python_dop_operator_3.py
[2024-10-18T11:06:35.711+0000] {processor.py:914} INFO - Processing file /home/airflow/.local/lib/python3.12/site-packages/airflow/example_dags/example_branch_python_dop_operator_3.py for tasks to queue
[2024-10-18T11:06:35.713+0000] {logging_mixin.py:190} INFO - [2024-10-18T11:06:35.713+0000] {dagbag.py:588} INFO - Filling up the DagBag from /home/airflow/.local/lib/python3.12/site-packages/airflow/example_dags/example_branch_python_dop_operator_3.py
[2024-10-18T11:06:35.721+0000] {processor.py:925} INFO - DAG(s) 'example_branch_dop_operator_v3' retrieved from /home/airflow/.local/lib/python3.12/site-packages/airflow/example_dags/example_branch_python_dop_operator_3.py
[2024-10-18T11:06:35.738+0000] {logging_mixin.py:190} INFO - [2024-10-18T11:06:35.738+0000] {dag.py:3239} INFO - Sync 1 DAGs
[2024-10-18T11:06:35.762+0000] {logging_mixin.py:190} INFO - [2024-10-18T11:06:35.762+0000] {dag.py:4180} INFO - Setting next_dagrun for example_branch_dop_operator_v3 to 2024-10-18 11:05:00+00:00, run_after=2024-10-18 11:06:00+00:00
[2024-10-18T11:06:35.782+0000] {processor.py:208} INFO - Processing /home/airflow/.local/lib/python3.12/site-packages/airflow/example_dags/example_branch_python_dop_operator_3.py took 0.076 seconds
[2024-10-18T11:07:06.067+0000] {processor.py:186} INFO - Started process (PID=6285) to work on /home/airflow/.local/lib/python3.12/site-packages/airflow/example_dags/example_branch_python_dop_operator_3.py
[2024-10-18T11:07:06.068+0000] {processor.py:914} INFO - Processing file /home/airflow/.local/lib/python3.12/site-packages/airflow/example_dags/example_branch_python_dop_operator_3.py for tasks to queue
[2024-10-18T11:07:06.070+0000] {logging_mixin.py:190} INFO - [2024-10-18T11:07:06.070+0000] {dagbag.py:588} INFO - Filling up the DagBag from /home/airflow/.local/lib/python3.12/site-packages/airflow/example_dags/example_branch_python_dop_operator_3.py
[2024-10-18T11:07:06.079+0000] {processor.py:925} INFO - DAG(s) 'example_branch_dop_operator_v3' retrieved from /home/airflow/.local/lib/python3.12/site-packages/airflow/example_dags/example_branch_python_dop_operator_3.py
[2024-10-18T11:07:06.096+0000] {logging_mixin.py:190} INFO - [2024-10-18T11:07:06.095+0000] {dag.py:3239} INFO - Sync 1 DAGs
[2024-10-18T11:07:06.119+0000] {logging_mixin.py:190} INFO - [2024-10-18T11:07:06.119+0000] {dag.py:4180} INFO - Setting next_dagrun for example_branch_dop_operator_v3 to 2024-10-18 11:06:00+00:00, run_after=2024-10-18 11:07:00+00:00
[2024-10-18T11:07:06.140+0000] {processor.py:208} INFO - Processing /home/airflow/.local/lib/python3.12/site-packages/airflow/example_dags/example_branch_python_dop_operator_3.py took 0.078 seconds
[2024-10-18T11:07:36.262+0000] {processor.py:186} INFO - Started process (PID=6569) to work on /home/airflow/.local/lib/python3.12/site-packages/airflow/example_dags/example_branch_python_dop_operator_3.py
[2024-10-18T11:07:36.264+0000] {processor.py:914} INFO - Processing file /home/airflow/.local/lib/python3.12/site-packages/airflow/example_dags/example_branch_python_dop_operator_3.py for tasks to queue
[2024-10-18T11:07:36.266+0000] {logging_mixin.py:190} INFO - [2024-10-18T11:07:36.265+0000] {dagbag.py:588} INFO - Filling up the DagBag from /home/airflow/.local/lib/python3.12/site-packages/airflow/example_dags/example_branch_python_dop_operator_3.py
[2024-10-18T11:07:36.274+0000] {processor.py:925} INFO - DAG(s) 'example_branch_dop_operator_v3' retrieved from /home/airflow/.local/lib/python3.12/site-packages/airflow/example_dags/example_branch_python_dop_operator_3.py
[2024-10-18T11:07:36.292+0000] {logging_mixin.py:190} INFO - [2024-10-18T11:07:36.292+0000] {dag.py:3239} INFO - Sync 1 DAGs
[2024-10-18T11:07:36.317+0000] {logging_mixin.py:190} INFO - [2024-10-18T11:07:36.317+0000] {dag.py:4180} INFO - Setting next_dagrun for example_branch_dop_operator_v3 to 2024-10-18 11:06:00+00:00, run_after=2024-10-18 11:07:00+00:00
[2024-10-18T11:07:36.336+0000] {processor.py:208} INFO - Processing /home/airflow/.local/lib/python3.12/site-packages/airflow/example_dags/example_branch_python_dop_operator_3.py took 0.078 seconds
[2024-10-18T11:08:06.735+0000] {processor.py:186} INFO - Started process (PID=6856) to work on /home/airflow/.local/lib/python3.12/site-packages/airflow/example_dags/example_branch_python_dop_operator_3.py
[2024-10-18T11:08:06.736+0000] {processor.py:914} INFO - Processing file /home/airflow/.local/lib/python3.12/site-packages/airflow/example_dags/example_branch_python_dop_operator_3.py for tasks to queue
[2024-10-18T11:08:06.738+0000] {logging_mixin.py:190} INFO - [2024-10-18T11:08:06.738+0000] {dagbag.py:588} INFO - Filling up the DagBag from /home/airflow/.local/lib/python3.12/site-packages/airflow/example_dags/example_branch_python_dop_operator_3.py
[2024-10-18T11:08:06.746+0000] {processor.py:925} INFO - DAG(s) 'example_branch_dop_operator_v3' retrieved from /home/airflow/.local/lib/python3.12/site-packages/airflow/example_dags/example_branch_python_dop_operator_3.py
[2024-10-18T11:08:06.764+0000] {logging_mixin.py:190} INFO - [2024-10-18T11:08:06.764+0000] {dag.py:3239} INFO - Sync 1 DAGs
[2024-10-18T11:08:06.787+0000] {logging_mixin.py:190} INFO - [2024-10-18T11:08:06.787+0000] {dag.py:4180} INFO - Setting next_dagrun for example_branch_dop_operator_v3 to 2024-10-18 11:07:00+00:00, run_after=2024-10-18 11:08:00+00:00
[2024-10-18T11:08:06.807+0000] {processor.py:208} INFO - Processing /home/airflow/.local/lib/python3.12/site-packages/airflow/example_dags/example_branch_python_dop_operator_3.py took 0.077 seconds
[2024-10-18T11:08:36.993+0000] {processor.py:186} INFO - Started process (PID=7143) to work on /home/airflow/.local/lib/python3.12/site-packages/airflow/example_dags/example_branch_python_dop_operator_3.py
[2024-10-18T11:08:36.994+0000] {processor.py:914} INFO - Processing file /home/airflow/.local/lib/python3.12/site-packages/airflow/example_dags/example_branch_python_dop_operator_3.py for tasks to queue
[2024-10-18T11:08:36.997+0000] {logging_mixin.py:190} INFO - [2024-10-18T11:08:36.996+0000] {dagbag.py:588} INFO - Filling up the DagBag from /home/airflow/.local/lib/python3.12/site-packages/airflow/example_dags/example_branch_python_dop_operator_3.py
[2024-10-18T11:08:37.005+0000] {processor.py:925} INFO - DAG(s) 'example_branch_dop_operator_v3' retrieved from /home/airflow/.local/lib/python3.12/site-packages/airflow/example_dags/example_branch_python_dop_operator_3.py
[2024-10-18T11:08:37.023+0000] {logging_mixin.py:190} INFO - [2024-10-18T11:08:37.023+0000] {dag.py:3239} INFO - Sync 1 DAGs
[2024-10-18T11:08:37.046+0000] {logging_mixin.py:190} INFO - [2024-10-18T11:08:37.046+0000] {dag.py:4180} INFO - Setting next_dagrun for example_branch_dop_operator_v3 to 2024-10-18 11:07:00+00:00, run_after=2024-10-18 11:08:00+00:00
[2024-10-18T11:08:37.068+0000] {processor.py:208} INFO - Processing /home/airflow/.local/lib/python3.12/site-packages/airflow/example_dags/example_branch_python_dop_operator_3.py took 0.080 seconds
[2024-10-18T11:09:07.327+0000] {processor.py:186} INFO - Started process (PID=7429) to work on /home/airflow/.local/lib/python3.12/site-packages/airflow/example_dags/example_branch_python_dop_operator_3.py
[2024-10-18T11:09:07.328+0000] {processor.py:914} INFO - Processing file /home/airflow/.local/lib/python3.12/site-packages/airflow/example_dags/example_branch_python_dop_operator_3.py for tasks to queue
[2024-10-18T11:09:07.330+0000] {logging_mixin.py:190} INFO - [2024-10-18T11:09:07.330+0000] {dagbag.py:588} INFO - Filling up the DagBag from /home/airflow/.local/lib/python3.12/site-packages/airflow/example_dags/example_branch_python_dop_operator_3.py
[2024-10-18T11:09:07.338+0000] {processor.py:925} INFO - DAG(s) 'example_branch_dop_operator_v3' retrieved from /home/airflow/.local/lib/python3.12/site-packages/airflow/example_dags/example_branch_python_dop_operator_3.py
[2024-10-18T11:09:07.357+0000] {logging_mixin.py:190} INFO - [2024-10-18T11:09:07.357+0000] {dag.py:3239} INFO - Sync 1 DAGs
[2024-10-18T11:09:07.381+0000] {logging_mixin.py:190} INFO - [2024-10-18T11:09:07.380+0000] {dag.py:4180} INFO - Setting next_dagrun for example_branch_dop_operator_v3 to 2024-10-18 11:08:00+00:00, run_after=2024-10-18 11:09:00+00:00
[2024-10-18T11:09:07.398+0000] {processor.py:208} INFO - Processing /home/airflow/.local/lib/python3.12/site-packages/airflow/example_dags/example_branch_python_dop_operator_3.py took 0.076 seconds
[2024-10-18T11:09:37.627+0000] {processor.py:186} INFO - Started process (PID=7715) to work on /home/airflow/.local/lib/python3.12/site-packages/airflow/example_dags/example_branch_python_dop_operator_3.py
[2024-10-18T11:09:37.628+0000] {processor.py:914} INFO - Processing file /home/airflow/.local/lib/python3.12/site-packages/airflow/example_dags/example_branch_python_dop_operator_3.py for tasks to queue
[2024-10-18T11:09:37.630+0000] {logging_mixin.py:190} INFO - [2024-10-18T11:09:37.630+0000] {dagbag.py:588} INFO - Filling up the DagBag from /home/airflow/.local/lib/python3.12/site-packages/airflow/example_dags/example_branch_python_dop_operator_3.py
[2024-10-18T11:09:37.639+0000] {processor.py:925} INFO - DAG(s) 'example_branch_dop_operator_v3' retrieved from /home/airflow/.local/lib/python3.12/site-packages/airflow/example_dags/example_branch_python_dop_operator_3.py
[2024-10-18T11:09:37.657+0000] {logging_mixin.py:190} INFO - [2024-10-18T11:09:37.656+0000] {dag.py:3239} INFO - Sync 1 DAGs
[2024-10-18T11:09:37.680+0000] {logging_mixin.py:190} INFO - [2024-10-18T11:09:37.680+0000] {dag.py:4180} INFO - Setting next_dagrun for example_branch_dop_operator_v3 to 2024-10-18 11:08:00+00:00, run_after=2024-10-18 11:09:00+00:00
[2024-10-18T11:09:37.700+0000] {processor.py:208} INFO - Processing /home/airflow/.local/lib/python3.12/site-packages/airflow/example_dags/example_branch_python_dop_operator_3.py took 0.077 seconds
[2024-10-18T11:10:07.876+0000] {processor.py:186} INFO - Started process (PID=8001) to work on /home/airflow/.local/lib/python3.12/site-packages/airflow/example_dags/example_branch_python_dop_operator_3.py
[2024-10-18T11:10:07.877+0000] {processor.py:914} INFO - Processing file /home/airflow/.local/lib/python3.12/site-packages/airflow/example_dags/example_branch_python_dop_operator_3.py for tasks to queue
[2024-10-18T11:10:07.880+0000] {logging_mixin.py:190} INFO - [2024-10-18T11:10:07.879+0000] {dagbag.py:588} INFO - Filling up the DagBag from /home/airflow/.local/lib/python3.12/site-packages/airflow/example_dags/example_branch_python_dop_operator_3.py
[2024-10-18T11:10:07.888+0000] {processor.py:925} INFO - DAG(s) 'example_branch_dop_operator_v3' retrieved from /home/airflow/.local/lib/python3.12/site-packages/airflow/example_dags/example_branch_python_dop_operator_3.py
[2024-10-18T11:10:07.906+0000] {logging_mixin.py:190} INFO - [2024-10-18T11:10:07.905+0000] {dag.py:3239} INFO - Sync 1 DAGs
[2024-10-18T11:10:07.929+0000] {logging_mixin.py:190} INFO - [2024-10-18T11:10:07.929+0000] {dag.py:4180} INFO - Setting next_dagrun for example_branch_dop_operator_v3 to 2024-10-18 11:09:00+00:00, run_after=2024-10-18 11:10:00+00:00
[2024-10-18T11:10:07.946+0000] {processor.py:208} INFO - Processing /home/airflow/.local/lib/python3.12/site-packages/airflow/example_dags/example_branch_python_dop_operator_3.py took 0.075 seconds
[2024-10-18T11:10:38.177+0000] {processor.py:186} INFO - Started process (PID=8285) to work on /home/airflow/.local/lib/python3.12/site-packages/airflow/example_dags/example_branch_python_dop_operator_3.py
[2024-10-18T11:10:38.178+0000] {processor.py:914} INFO - Processing file /home/airflow/.local/lib/python3.12/site-packages/airflow/example_dags/example_branch_python_dop_operator_3.py for tasks to queue
[2024-10-18T11:10:38.181+0000] {logging_mixin.py:190} INFO - [2024-10-18T11:10:38.180+0000] {dagbag.py:588} INFO - Filling up the DagBag from /home/airflow/.local/lib/python3.12/site-packages/airflow/example_dags/example_branch_python_dop_operator_3.py
[2024-10-18T11:10:38.191+0000] {processor.py:925} INFO - DAG(s) 'example_branch_dop_operator_v3' retrieved from /home/airflow/.local/lib/python3.12/site-packages/airflow/example_dags/example_branch_python_dop_operator_3.py
[2024-10-18T11:10:38.213+0000] {logging_mixin.py:190} INFO - [2024-10-18T11:10:38.212+0000] {dag.py:3239} INFO - Sync 1 DAGs
[2024-10-18T11:10:38.238+0000] {logging_mixin.py:190} INFO - [2024-10-18T11:10:38.238+0000] {dag.py:4180} INFO - Setting next_dagrun for example_branch_dop_operator_v3 to 2024-10-18 11:09:00+00:00, run_after=2024-10-18 11:10:00+00:00
[2024-10-18T11:10:38.259+0000] {processor.py:208} INFO - Processing /home/airflow/.local/lib/python3.12/site-packages/airflow/example_dags/example_branch_python_dop_operator_3.py took 0.087 seconds
[2024-10-18T11:11:08.996+0000] {processor.py:186} INFO - Started process (PID=8571) to work on /home/airflow/.local/lib/python3.12/site-packages/airflow/example_dags/example_branch_python_dop_operator_3.py
[2024-10-18T11:11:08.997+0000] {processor.py:914} INFO - Processing file /home/airflow/.local/lib/python3.12/site-packages/airflow/example_dags/example_branch_python_dop_operator_3.py for tasks to queue
[2024-10-18T11:11:09.003+0000] {logging_mixin.py:190} INFO - [2024-10-18T11:11:09.002+0000] {dagbag.py:588} INFO - Filling up the DagBag from /home/airflow/.local/lib/python3.12/site-packages/airflow/example_dags/example_branch_python_dop_operator_3.py
[2024-10-18T11:11:09.020+0000] {processor.py:925} INFO - DAG(s) 'example_branch_dop_operator_v3' retrieved from /home/airflow/.local/lib/python3.12/site-packages/airflow/example_dags/example_branch_python_dop_operator_3.py
[2024-10-18T11:11:09.044+0000] {logging_mixin.py:190} INFO - [2024-10-18T11:11:09.044+0000] {dag.py:3239} INFO - Sync 1 DAGs
[2024-10-18T11:11:09.085+0000] {logging_mixin.py:190} INFO - [2024-10-18T11:11:09.085+0000] {dag.py:4180} INFO - Setting next_dagrun for example_branch_dop_operator_v3 to 2024-10-18 11:10:00+00:00, run_after=2024-10-18 11:11:00+00:00
[2024-10-18T11:11:09.116+0000] {processor.py:208} INFO - Processing /home/airflow/.local/lib/python3.12/site-packages/airflow/example_dags/example_branch_python_dop_operator_3.py took 0.126 seconds
[2024-10-18T11:11:39.500+0000] {processor.py:186} INFO - Started process (PID=8859) to work on /home/airflow/.local/lib/python3.12/site-packages/airflow/example_dags/example_branch_python_dop_operator_3.py
[2024-10-18T11:11:39.501+0000] {processor.py:914} INFO - Processing file /home/airflow/.local/lib/python3.12/site-packages/airflow/example_dags/example_branch_python_dop_operator_3.py for tasks to queue
[2024-10-18T11:11:39.504+0000] {logging_mixin.py:190} INFO - [2024-10-18T11:11:39.503+0000] {dagbag.py:588} INFO - Filling up the DagBag from /home/airflow/.local/lib/python3.12/site-packages/airflow/example_dags/example_branch_python_dop_operator_3.py
[2024-10-18T11:11:39.514+0000] {processor.py:925} INFO - DAG(s) 'example_branch_dop_operator_v3' retrieved from /home/airflow/.local/lib/python3.12/site-packages/airflow/example_dags/example_branch_python_dop_operator_3.py
[2024-10-18T11:11:39.532+0000] {logging_mixin.py:190} INFO - [2024-10-18T11:11:39.532+0000] {dag.py:3239} INFO - Sync 1 DAGs
[2024-10-18T11:11:39.557+0000] {logging_mixin.py:190} INFO - [2024-10-18T11:11:39.557+0000] {dag.py:4180} INFO - Setting next_dagrun for example_branch_dop_operator_v3 to 2024-10-18 11:10:00+00:00, run_after=2024-10-18 11:11:00+00:00
[2024-10-18T11:11:39.576+0000] {processor.py:208} INFO - Processing /home/airflow/.local/lib/python3.12/site-packages/airflow/example_dags/example_branch_python_dop_operator_3.py took 0.081 seconds
[2024-10-18T11:12:10.099+0000] {processor.py:186} INFO - Started process (PID=9148) to work on /home/airflow/.local/lib/python3.12/site-packages/airflow/example_dags/example_branch_python_dop_operator_3.py
[2024-10-18T11:12:10.100+0000] {processor.py:914} INFO - Processing file /home/airflow/.local/lib/python3.12/site-packages/airflow/example_dags/example_branch_python_dop_operator_3.py for tasks to queue
[2024-10-18T11:12:10.103+0000] {logging_mixin.py:190} INFO - [2024-10-18T11:12:10.103+0000] {dagbag.py:588} INFO - Filling up the DagBag from /home/airflow/.local/lib/python3.12/site-packages/airflow/example_dags/example_branch_python_dop_operator_3.py
[2024-10-18T11:12:10.119+0000] {processor.py:925} INFO - DAG(s) 'example_branch_dop_operator_v3' retrieved from /home/airflow/.local/lib/python3.12/site-packages/airflow/example_dags/example_branch_python_dop_operator_3.py
[2024-10-18T11:12:10.148+0000] {logging_mixin.py:190} INFO - [2024-10-18T11:12:10.147+0000] {dag.py:3239} INFO - Sync 1 DAGs
[2024-10-18T11:12:10.180+0000] {logging_mixin.py:190} INFO - [2024-10-18T11:12:10.180+0000] {dag.py:4180} INFO - Setting next_dagrun for example_branch_dop_operator_v3 to 2024-10-18 11:11:00+00:00, run_after=2024-10-18 11:12:00+00:00
[2024-10-18T11:12:10.204+0000] {processor.py:208} INFO - Processing /home/airflow/.local/lib/python3.12/site-packages/airflow/example_dags/example_branch_python_dop_operator_3.py took 0.116 seconds
[2024-10-18T11:12:40.493+0000] {processor.py:186} INFO - Started process (PID=9437) to work on /home/airflow/.local/lib/python3.12/site-packages/airflow/example_dags/example_branch_python_dop_operator_3.py
[2024-10-18T11:12:40.495+0000] {processor.py:914} INFO - Processing file /home/airflow/.local/lib/python3.12/site-packages/airflow/example_dags/example_branch_python_dop_operator_3.py for tasks to queue
[2024-10-18T11:12:40.498+0000] {logging_mixin.py:190} INFO - [2024-10-18T11:12:40.497+0000] {dagbag.py:588} INFO - Filling up the DagBag from /home/airflow/.local/lib/python3.12/site-packages/airflow/example_dags/example_branch_python_dop_operator_3.py
[2024-10-18T11:12:40.509+0000] {processor.py:925} INFO - DAG(s) 'example_branch_dop_operator_v3' retrieved from /home/airflow/.local/lib/python3.12/site-packages/airflow/example_dags/example_branch_python_dop_operator_3.py
[2024-10-18T11:12:40.533+0000] {logging_mixin.py:190} INFO - [2024-10-18T11:12:40.533+0000] {dag.py:3239} INFO - Sync 1 DAGs
[2024-10-18T11:12:40.564+0000] {logging_mixin.py:190} INFO - [2024-10-18T11:12:40.564+0000] {dag.py:4180} INFO - Setting next_dagrun for example_branch_dop_operator_v3 to 2024-10-18 11:11:00+00:00, run_after=2024-10-18 11:12:00+00:00
[2024-10-18T11:12:40.587+0000] {processor.py:208} INFO - Processing /home/airflow/.local/lib/python3.12/site-packages/airflow/example_dags/example_branch_python_dop_operator_3.py took 0.101 seconds
[2024-10-18T11:13:11.042+0000] {processor.py:186} INFO - Started process (PID=9723) to work on /home/airflow/.local/lib/python3.12/site-packages/airflow/example_dags/example_branch_python_dop_operator_3.py
[2024-10-18T11:13:11.043+0000] {processor.py:914} INFO - Processing file /home/airflow/.local/lib/python3.12/site-packages/airflow/example_dags/example_branch_python_dop_operator_3.py for tasks to queue
[2024-10-18T11:13:11.045+0000] {logging_mixin.py:190} INFO - [2024-10-18T11:13:11.045+0000] {dagbag.py:588} INFO - Filling up the DagBag from /home/airflow/.local/lib/python3.12/site-packages/airflow/example_dags/example_branch_python_dop_operator_3.py
[2024-10-18T11:13:11.055+0000] {processor.py:925} INFO - DAG(s) 'example_branch_dop_operator_v3' retrieved from /home/airflow/.local/lib/python3.12/site-packages/airflow/example_dags/example_branch_python_dop_operator_3.py
[2024-10-18T11:13:11.078+0000] {logging_mixin.py:190} INFO - [2024-10-18T11:13:11.077+0000] {dag.py:3239} INFO - Sync 1 DAGs
[2024-10-18T11:13:11.111+0000] {logging_mixin.py:190} INFO - [2024-10-18T11:13:11.110+0000] {dag.py:4180} INFO - Setting next_dagrun for example_branch_dop_operator_v3 to 2024-10-18 11:12:00+00:00, run_after=2024-10-18 11:13:00+00:00
[2024-10-18T11:13:11.135+0000] {processor.py:208} INFO - Processing /home/airflow/.local/lib/python3.12/site-packages/airflow/example_dags/example_branch_python_dop_operator_3.py took 0.098 seconds
[2024-10-18T11:13:41.549+0000] {processor.py:186} INFO - Started process (PID=10009) to work on /home/airflow/.local/lib/python3.12/site-packages/airflow/example_dags/example_branch_python_dop_operator_3.py
[2024-10-18T11:13:41.550+0000] {processor.py:914} INFO - Processing file /home/airflow/.local/lib/python3.12/site-packages/airflow/example_dags/example_branch_python_dop_operator_3.py for tasks to queue
[2024-10-18T11:13:41.553+0000] {logging_mixin.py:190} INFO - [2024-10-18T11:13:41.552+0000] {dagbag.py:588} INFO - Filling up the DagBag from /home/airflow/.local/lib/python3.12/site-packages/airflow/example_dags/example_branch_python_dop_operator_3.py
[2024-10-18T11:13:41.565+0000] {processor.py:925} INFO - DAG(s) 'example_branch_dop_operator_v3' retrieved from /home/airflow/.local/lib/python3.12/site-packages/airflow/example_dags/example_branch_python_dop_operator_3.py
[2024-10-18T11:13:41.587+0000] {logging_mixin.py:190} INFO - [2024-10-18T11:13:41.586+0000] {dag.py:3239} INFO - Sync 1 DAGs
[2024-10-18T11:13:41.616+0000] {logging_mixin.py:190} INFO - [2024-10-18T11:13:41.616+0000] {dag.py:4180} INFO - Setting next_dagrun for example_branch_dop_operator_v3 to 2024-10-18 11:12:00+00:00, run_after=2024-10-18 11:13:00+00:00
[2024-10-18T11:13:41.641+0000] {processor.py:208} INFO - Processing /home/airflow/.local/lib/python3.12/site-packages/airflow/example_dags/example_branch_python_dop_operator_3.py took 0.100 seconds
[2024-10-18T11:14:12.055+0000] {processor.py:186} INFO - Started process (PID=10303) to work on /home/airflow/.local/lib/python3.12/site-packages/airflow/example_dags/example_branch_python_dop_operator_3.py
[2024-10-18T11:14:12.056+0000] {processor.py:914} INFO - Processing file /home/airflow/.local/lib/python3.12/site-packages/airflow/example_dags/example_branch_python_dop_operator_3.py for tasks to queue
[2024-10-18T11:14:12.060+0000] {logging_mixin.py:190} INFO - [2024-10-18T11:14:12.059+0000] {dagbag.py:588} INFO - Filling up the DagBag from /home/airflow/.local/lib/python3.12/site-packages/airflow/example_dags/example_branch_python_dop_operator_3.py
[2024-10-18T11:14:12.075+0000] {processor.py:925} INFO - DAG(s) 'example_branch_dop_operator_v3' retrieved from /home/airflow/.local/lib/python3.12/site-packages/airflow/example_dags/example_branch_python_dop_operator_3.py
[2024-10-18T11:14:12.112+0000] {logging_mixin.py:190} INFO - [2024-10-18T11:14:12.112+0000] {dag.py:3239} INFO - Sync 1 DAGs
[2024-10-18T11:14:12.166+0000] {logging_mixin.py:190} INFO - [2024-10-18T11:14:12.166+0000] {dag.py:4180} INFO - Setting next_dagrun for example_branch_dop_operator_v3 to 2024-10-18 11:13:00+00:00, run_after=2024-10-18 11:14:00+00:00
[2024-10-18T11:14:12.207+0000] {processor.py:208} INFO - Processing /home/airflow/.local/lib/python3.12/site-packages/airflow/example_dags/example_branch_python_dop_operator_3.py took 0.163 seconds
[2024-10-18T11:14:42.967+0000] {processor.py:186} INFO - Started process (PID=10603) to work on /home/airflow/.local/lib/python3.12/site-packages/airflow/example_dags/example_branch_python_dop_operator_3.py
[2024-10-18T11:14:42.968+0000] {processor.py:914} INFO - Processing file /home/airflow/.local/lib/python3.12/site-packages/airflow/example_dags/example_branch_python_dop_operator_3.py for tasks to queue
[2024-10-18T11:14:42.971+0000] {logging_mixin.py:190} INFO - [2024-10-18T11:14:42.970+0000] {dagbag.py:588} INFO - Filling up the DagBag from /home/airflow/.local/lib/python3.12/site-packages/airflow/example_dags/example_branch_python_dop_operator_3.py
[2024-10-18T11:14:42.984+0000] {processor.py:925} INFO - DAG(s) 'example_branch_dop_operator_v3' retrieved from /home/airflow/.local/lib/python3.12/site-packages/airflow/example_dags/example_branch_python_dop_operator_3.py
[2024-10-18T11:14:43.016+0000] {logging_mixin.py:190} INFO - [2024-10-18T11:14:43.016+0000] {dag.py:3239} INFO - Sync 1 DAGs
[2024-10-18T11:14:43.057+0000] {logging_mixin.py:190} INFO - [2024-10-18T11:14:43.057+0000] {dag.py:4180} INFO - Setting next_dagrun for example_branch_dop_operator_v3 to 2024-10-18 11:13:00+00:00, run_after=2024-10-18 11:14:00+00:00
[2024-10-18T11:14:43.084+0000] {processor.py:208} INFO - Processing /home/airflow/.local/lib/python3.12/site-packages/airflow/example_dags/example_branch_python_dop_operator_3.py took 0.127 seconds
[2024-10-18T11:15:13.502+0000] {processor.py:186} INFO - Started process (PID=10886) to work on /home/airflow/.local/lib/python3.12/site-packages/airflow/example_dags/example_branch_python_dop_operator_3.py
[2024-10-18T11:15:13.503+0000] {processor.py:914} INFO - Processing file /home/airflow/.local/lib/python3.12/site-packages/airflow/example_dags/example_branch_python_dop_operator_3.py for tasks to queue
[2024-10-18T11:15:13.506+0000] {logging_mixin.py:190} INFO - [2024-10-18T11:15:13.505+0000] {dagbag.py:588} INFO - Filling up the DagBag from /home/airflow/.local/lib/python3.12/site-packages/airflow/example_dags/example_branch_python_dop_operator_3.py
[2024-10-18T11:15:13.522+0000] {processor.py:925} INFO - DAG(s) 'example_branch_dop_operator_v3' retrieved from /home/airflow/.local/lib/python3.12/site-packages/airflow/example_dags/example_branch_python_dop_operator_3.py
[2024-10-18T11:15:13.549+0000] {logging_mixin.py:190} INFO - [2024-10-18T11:15:13.549+0000] {dag.py:3239} INFO - Sync 1 DAGs
[2024-10-18T11:15:13.583+0000] {logging_mixin.py:190} INFO - [2024-10-18T11:15:13.583+0000] {dag.py:4180} INFO - Setting next_dagrun for example_branch_dop_operator_v3 to 2024-10-18 11:14:00+00:00, run_after=2024-10-18 11:15:00+00:00
[2024-10-18T11:15:13.616+0000] {processor.py:208} INFO - Processing /home/airflow/.local/lib/python3.12/site-packages/airflow/example_dags/example_branch_python_dop_operator_3.py took 0.121 seconds
[2024-10-18T11:15:44.122+0000] {processor.py:186} INFO - Started process (PID=11172) to work on /home/airflow/.local/lib/python3.12/site-packages/airflow/example_dags/example_branch_python_dop_operator_3.py
[2024-10-18T11:15:44.123+0000] {processor.py:914} INFO - Processing file /home/airflow/.local/lib/python3.12/site-packages/airflow/example_dags/example_branch_python_dop_operator_3.py for tasks to queue
[2024-10-18T11:15:44.126+0000] {logging_mixin.py:190} INFO - [2024-10-18T11:15:44.126+0000] {dagbag.py:588} INFO - Filling up the DagBag from /home/airflow/.local/lib/python3.12/site-packages/airflow/example_dags/example_branch_python_dop_operator_3.py
[2024-10-18T11:15:44.142+0000] {processor.py:925} INFO - DAG(s) 'example_branch_dop_operator_v3' retrieved from /home/airflow/.local/lib/python3.12/site-packages/airflow/example_dags/example_branch_python_dop_operator_3.py
[2024-10-18T11:15:44.170+0000] {logging_mixin.py:190} INFO - [2024-10-18T11:15:44.169+0000] {dag.py:3239} INFO - Sync 1 DAGs
[2024-10-18T11:15:44.203+0000] {logging_mixin.py:190} INFO - [2024-10-18T11:15:44.203+0000] {dag.py:4180} INFO - Setting next_dagrun for example_branch_dop_operator_v3 to 2024-10-18 11:14:00+00:00, run_after=2024-10-18 11:15:00+00:00
[2024-10-18T11:15:44.229+0000] {processor.py:208} INFO - Processing /home/airflow/.local/lib/python3.12/site-packages/airflow/example_dags/example_branch_python_dop_operator_3.py took 0.114 seconds
[2024-10-18T11:16:14.318+0000] {processor.py:186} INFO - Started process (PID=11457) to work on /home/airflow/.local/lib/python3.12/site-packages/airflow/example_dags/example_branch_python_dop_operator_3.py
[2024-10-18T11:16:14.319+0000] {processor.py:914} INFO - Processing file /home/airflow/.local/lib/python3.12/site-packages/airflow/example_dags/example_branch_python_dop_operator_3.py for tasks to queue
[2024-10-18T11:16:14.324+0000] {logging_mixin.py:190} INFO - [2024-10-18T11:16:14.323+0000] {dagbag.py:588} INFO - Filling up the DagBag from /home/airflow/.local/lib/python3.12/site-packages/airflow/example_dags/example_branch_python_dop_operator_3.py
[2024-10-18T11:16:14.339+0000] {processor.py:925} INFO - DAG(s) 'example_branch_dop_operator_v3' retrieved from /home/airflow/.local/lib/python3.12/site-packages/airflow/example_dags/example_branch_python_dop_operator_3.py
[2024-10-18T11:16:14.370+0000] {logging_mixin.py:190} INFO - [2024-10-18T11:16:14.369+0000] {dag.py:3239} INFO - Sync 1 DAGs
[2024-10-18T11:16:14.425+0000] {logging_mixin.py:190} INFO - [2024-10-18T11:16:14.424+0000] {dag.py:4180} INFO - Setting next_dagrun for example_branch_dop_operator_v3 to 2024-10-18 11:15:00+00:00, run_after=2024-10-18 11:16:00+00:00
[2024-10-18T11:16:14.456+0000] {processor.py:208} INFO - Processing /home/airflow/.local/lib/python3.12/site-packages/airflow/example_dags/example_branch_python_dop_operator_3.py took 0.148 seconds
[2024-10-18T11:16:45.135+0000] {processor.py:186} INFO - Started process (PID=11767) to work on /home/airflow/.local/lib/python3.12/site-packages/airflow/example_dags/example_branch_python_dop_operator_3.py
[2024-10-18T11:16:45.137+0000] {processor.py:914} INFO - Processing file /home/airflow/.local/lib/python3.12/site-packages/airflow/example_dags/example_branch_python_dop_operator_3.py for tasks to queue
[2024-10-18T11:16:45.141+0000] {logging_mixin.py:190} INFO - [2024-10-18T11:16:45.140+0000] {dagbag.py:588} INFO - Filling up the DagBag from /home/airflow/.local/lib/python3.12/site-packages/airflow/example_dags/example_branch_python_dop_operator_3.py
[2024-10-18T11:16:45.161+0000] {processor.py:925} INFO - DAG(s) 'example_branch_dop_operator_v3' retrieved from /home/airflow/.local/lib/python3.12/site-packages/airflow/example_dags/example_branch_python_dop_operator_3.py
[2024-10-18T11:16:45.201+0000] {logging_mixin.py:190} INFO - [2024-10-18T11:16:45.200+0000] {dag.py:3239} INFO - Sync 1 DAGs
[2024-10-18T11:16:45.253+0000] {logging_mixin.py:190} INFO - [2024-10-18T11:16:45.253+0000] {dag.py:4180} INFO - Setting next_dagrun for example_branch_dop_operator_v3 to 2024-10-18 11:15:00+00:00, run_after=2024-10-18 11:16:00+00:00
[2024-10-18T11:16:45.292+0000] {processor.py:208} INFO - Processing /home/airflow/.local/lib/python3.12/site-packages/airflow/example_dags/example_branch_python_dop_operator_3.py took 0.176 seconds
[2024-10-18T11:17:15.660+0000] {processor.py:186} INFO - Started process (PID=12068) to work on /home/airflow/.local/lib/python3.12/site-packages/airflow/example_dags/example_branch_python_dop_operator_3.py
[2024-10-18T11:17:15.662+0000] {processor.py:914} INFO - Processing file /home/airflow/.local/lib/python3.12/site-packages/airflow/example_dags/example_branch_python_dop_operator_3.py for tasks to queue
[2024-10-18T11:17:15.671+0000] {logging_mixin.py:190} INFO - [2024-10-18T11:17:15.671+0000] {dagbag.py:588} INFO - Filling up the DagBag from /home/airflow/.local/lib/python3.12/site-packages/airflow/example_dags/example_branch_python_dop_operator_3.py
[2024-10-18T11:17:15.692+0000] {processor.py:925} INFO - DAG(s) 'example_branch_dop_operator_v3' retrieved from /home/airflow/.local/lib/python3.12/site-packages/airflow/example_dags/example_branch_python_dop_operator_3.py
[2024-10-18T11:17:15.739+0000] {logging_mixin.py:190} INFO - [2024-10-18T11:17:15.739+0000] {dag.py:3239} INFO - Sync 1 DAGs
[2024-10-18T11:17:15.790+0000] {logging_mixin.py:190} INFO - [2024-10-18T11:17:15.789+0000] {dag.py:4180} INFO - Setting next_dagrun for example_branch_dop_operator_v3 to 2024-10-18 11:16:00+00:00, run_after=2024-10-18 11:17:00+00:00
[2024-10-18T11:17:15.835+0000] {processor.py:208} INFO - Processing /home/airflow/.local/lib/python3.12/site-packages/airflow/example_dags/example_branch_python_dop_operator_3.py took 0.182 seconds
[2024-10-18T11:17:46.234+0000] {processor.py:186} INFO - Started process (PID=12354) to work on /home/airflow/.local/lib/python3.12/site-packages/airflow/example_dags/example_branch_python_dop_operator_3.py
[2024-10-18T11:17:46.236+0000] {processor.py:914} INFO - Processing file /home/airflow/.local/lib/python3.12/site-packages/airflow/example_dags/example_branch_python_dop_operator_3.py for tasks to queue
[2024-10-18T11:17:46.243+0000] {logging_mixin.py:190} INFO - [2024-10-18T11:17:46.242+0000] {dagbag.py:588} INFO - Filling up the DagBag from /home/airflow/.local/lib/python3.12/site-packages/airflow/example_dags/example_branch_python_dop_operator_3.py
[2024-10-18T11:17:46.273+0000] {processor.py:925} INFO - DAG(s) 'example_branch_dop_operator_v3' retrieved from /home/airflow/.local/lib/python3.12/site-packages/airflow/example_dags/example_branch_python_dop_operator_3.py
[2024-10-18T11:17:46.330+0000] {logging_mixin.py:190} INFO - [2024-10-18T11:17:46.329+0000] {dag.py:3239} INFO - Sync 1 DAGs
[2024-10-18T11:17:46.413+0000] {logging_mixin.py:190} INFO - [2024-10-18T11:17:46.412+0000] {dag.py:4180} INFO - Setting next_dagrun for example_branch_dop_operator_v3 to 2024-10-18 11:16:00+00:00, run_after=2024-10-18 11:17:00+00:00
[2024-10-18T11:17:46.464+0000] {processor.py:208} INFO - Processing /home/airflow/.local/lib/python3.12/site-packages/airflow/example_dags/example_branch_python_dop_operator_3.py took 0.246 seconds
[2024-10-18T11:18:16.695+0000] {processor.py:186} INFO - Started process (PID=12640) to work on /home/airflow/.local/lib/python3.12/site-packages/airflow/example_dags/example_branch_python_dop_operator_3.py
[2024-10-18T11:18:16.705+0000] {processor.py:914} INFO - Processing file /home/airflow/.local/lib/python3.12/site-packages/airflow/example_dags/example_branch_python_dop_operator_3.py for tasks to queue
[2024-10-18T11:18:16.709+0000] {logging_mixin.py:190} INFO - [2024-10-18T11:18:16.709+0000] {dagbag.py:588} INFO - Filling up the DagBag from /home/airflow/.local/lib/python3.12/site-packages/airflow/example_dags/example_branch_python_dop_operator_3.py
[2024-10-18T11:18:16.733+0000] {processor.py:925} INFO - DAG(s) 'example_branch_dop_operator_v3' retrieved from /home/airflow/.local/lib/python3.12/site-packages/airflow/example_dags/example_branch_python_dop_operator_3.py
[2024-10-18T11:18:16.778+0000] {logging_mixin.py:190} INFO - [2024-10-18T11:18:16.778+0000] {dag.py:3239} INFO - Sync 1 DAGs
[2024-10-18T11:18:16.857+0000] {logging_mixin.py:190} INFO - [2024-10-18T11:18:16.857+0000] {dag.py:4180} INFO - Setting next_dagrun for example_branch_dop_operator_v3 to 2024-10-18 11:17:00+00:00, run_after=2024-10-18 11:18:00+00:00
[2024-10-18T11:18:16.937+0000] {processor.py:208} INFO - Processing /home/airflow/.local/lib/python3.12/site-packages/airflow/example_dags/example_branch_python_dop_operator_3.py took 0.260 seconds
[2024-10-18T11:18:47.531+0000] {processor.py:186} INFO - Started process (PID=12926) to work on /home/airflow/.local/lib/python3.12/site-packages/airflow/example_dags/example_branch_python_dop_operator_3.py
[2024-10-18T11:18:47.532+0000] {processor.py:914} INFO - Processing file /home/airflow/.local/lib/python3.12/site-packages/airflow/example_dags/example_branch_python_dop_operator_3.py for tasks to queue
[2024-10-18T11:18:47.535+0000] {logging_mixin.py:190} INFO - [2024-10-18T11:18:47.535+0000] {dagbag.py:588} INFO - Filling up the DagBag from /home/airflow/.local/lib/python3.12/site-packages/airflow/example_dags/example_branch_python_dop_operator_3.py
[2024-10-18T11:18:47.549+0000] {processor.py:925} INFO - DAG(s) 'example_branch_dop_operator_v3' retrieved from /home/airflow/.local/lib/python3.12/site-packages/airflow/example_dags/example_branch_python_dop_operator_3.py
[2024-10-18T11:18:47.577+0000] {logging_mixin.py:190} INFO - [2024-10-18T11:18:47.577+0000] {dag.py:3239} INFO - Sync 1 DAGs
[2024-10-18T11:18:47.613+0000] {logging_mixin.py:190} INFO - [2024-10-18T11:18:47.612+0000] {dag.py:4180} INFO - Setting next_dagrun for example_branch_dop_operator_v3 to 2024-10-18 11:17:00+00:00, run_after=2024-10-18 11:18:00+00:00
[2024-10-18T11:18:47.647+0000] {processor.py:208} INFO - Processing /home/airflow/.local/lib/python3.12/site-packages/airflow/example_dags/example_branch_python_dop_operator_3.py took 0.125 seconds
[2024-10-18T11:19:18.415+0000] {processor.py:186} INFO - Started process (PID=13213) to work on /home/airflow/.local/lib/python3.12/site-packages/airflow/example_dags/example_branch_python_dop_operator_3.py
[2024-10-18T11:19:18.417+0000] {processor.py:914} INFO - Processing file /home/airflow/.local/lib/python3.12/site-packages/airflow/example_dags/example_branch_python_dop_operator_3.py for tasks to queue
[2024-10-18T11:19:18.420+0000] {logging_mixin.py:190} INFO - [2024-10-18T11:19:18.420+0000] {dagbag.py:588} INFO - Filling up the DagBag from /home/airflow/.local/lib/python3.12/site-packages/airflow/example_dags/example_branch_python_dop_operator_3.py
[2024-10-18T11:19:18.436+0000] {processor.py:925} INFO - DAG(s) 'example_branch_dop_operator_v3' retrieved from /home/airflow/.local/lib/python3.12/site-packages/airflow/example_dags/example_branch_python_dop_operator_3.py
[2024-10-18T11:19:18.468+0000] {logging_mixin.py:190} INFO - [2024-10-18T11:19:18.468+0000] {dag.py:3239} INFO - Sync 1 DAGs
[2024-10-18T11:19:18.513+0000] {logging_mixin.py:190} INFO - [2024-10-18T11:19:18.512+0000] {dag.py:4180} INFO - Setting next_dagrun for example_branch_dop_operator_v3 to 2024-10-18 11:18:00+00:00, run_after=2024-10-18 11:19:00+00:00
[2024-10-18T11:19:18.544+0000] {processor.py:208} INFO - Processing /home/airflow/.local/lib/python3.12/site-packages/airflow/example_dags/example_branch_python_dop_operator_3.py took 0.138 seconds
[2024-10-18T11:19:48.687+0000] {processor.py:186} INFO - Started process (PID=13499) to work on /home/airflow/.local/lib/python3.12/site-packages/airflow/example_dags/example_branch_python_dop_operator_3.py
[2024-10-18T11:19:48.688+0000] {processor.py:914} INFO - Processing file /home/airflow/.local/lib/python3.12/site-packages/airflow/example_dags/example_branch_python_dop_operator_3.py for tasks to queue
[2024-10-18T11:19:48.690+0000] {logging_mixin.py:190} INFO - [2024-10-18T11:19:48.690+0000] {dagbag.py:588} INFO - Filling up the DagBag from /home/airflow/.local/lib/python3.12/site-packages/airflow/example_dags/example_branch_python_dop_operator_3.py
[2024-10-18T11:19:48.699+0000] {processor.py:925} INFO - DAG(s) 'example_branch_dop_operator_v3' retrieved from /home/airflow/.local/lib/python3.12/site-packages/airflow/example_dags/example_branch_python_dop_operator_3.py
[2024-10-18T11:19:48.717+0000] {logging_mixin.py:190} INFO - [2024-10-18T11:19:48.717+0000] {dag.py:3239} INFO - Sync 1 DAGs
[2024-10-18T11:19:48.744+0000] {logging_mixin.py:190} INFO - [2024-10-18T11:19:48.744+0000] {dag.py:4180} INFO - Setting next_dagrun for example_branch_dop_operator_v3 to 2024-10-18 11:18:00+00:00, run_after=2024-10-18 11:19:00+00:00
[2024-10-18T11:19:48.762+0000] {processor.py:208} INFO - Processing /home/airflow/.local/lib/python3.12/site-packages/airflow/example_dags/example_branch_python_dop_operator_3.py took 0.080 seconds
[2024-10-18T11:20:20.651+0000] {processor.py:186} INFO - Started process (PID=13783) to work on /home/airflow/.local/lib/python3.12/site-packages/airflow/example_dags/example_branch_python_dop_operator_3.py
[2024-10-18T11:20:20.653+0000] {processor.py:914} INFO - Processing file /home/airflow/.local/lib/python3.12/site-packages/airflow/example_dags/example_branch_python_dop_operator_3.py for tasks to queue
[2024-10-18T11:20:20.659+0000] {logging_mixin.py:190} INFO - [2024-10-18T11:20:20.658+0000] {dagbag.py:588} INFO - Filling up the DagBag from /home/airflow/.local/lib/python3.12/site-packages/airflow/example_dags/example_branch_python_dop_operator_3.py
[2024-10-18T11:20:20.683+0000] {processor.py:925} INFO - DAG(s) 'example_branch_dop_operator_v3' retrieved from /home/airflow/.local/lib/python3.12/site-packages/airflow/example_dags/example_branch_python_dop_operator_3.py
[2024-10-18T11:20:20.725+0000] {logging_mixin.py:190} INFO - [2024-10-18T11:20:20.724+0000] {dag.py:3239} INFO - Sync 1 DAGs
[2024-10-18T11:20:21.052+0000] {logging_mixin.py:190} INFO - [2024-10-18T11:20:21.051+0000] {dag.py:4180} INFO - Setting next_dagrun for example_branch_dop_operator_v3 to 2024-10-18 11:19:00+00:00, run_after=2024-10-18 11:20:00+00:00
[2024-10-18T11:20:21.087+0000] {processor.py:208} INFO - Processing /home/airflow/.local/lib/python3.12/site-packages/airflow/example_dags/example_branch_python_dop_operator_3.py took 0.448 seconds
[2024-10-18T11:20:51.679+0000] {processor.py:186} INFO - Started process (PID=14070) to work on /home/airflow/.local/lib/python3.12/site-packages/airflow/example_dags/example_branch_python_dop_operator_3.py
[2024-10-18T11:20:51.679+0000] {processor.py:914} INFO - Processing file /home/airflow/.local/lib/python3.12/site-packages/airflow/example_dags/example_branch_python_dop_operator_3.py for tasks to queue
[2024-10-18T11:20:51.681+0000] {logging_mixin.py:190} INFO - [2024-10-18T11:20:51.681+0000] {dagbag.py:588} INFO - Filling up the DagBag from /home/airflow/.local/lib/python3.12/site-packages/airflow/example_dags/example_branch_python_dop_operator_3.py
[2024-10-18T11:20:51.691+0000] {processor.py:925} INFO - DAG(s) 'example_branch_dop_operator_v3' retrieved from /home/airflow/.local/lib/python3.12/site-packages/airflow/example_dags/example_branch_python_dop_operator_3.py
[2024-10-18T11:20:51.710+0000] {logging_mixin.py:190} INFO - [2024-10-18T11:20:51.710+0000] {dag.py:3239} INFO - Sync 1 DAGs
[2024-10-18T11:20:51.738+0000] {logging_mixin.py:190} INFO - [2024-10-18T11:20:51.737+0000] {dag.py:4180} INFO - Setting next_dagrun for example_branch_dop_operator_v3 to 2024-10-18 11:19:00+00:00, run_after=2024-10-18 11:20:00+00:00
[2024-10-18T11:20:51.938+0000] {processor.py:208} INFO - Processing /home/airflow/.local/lib/python3.12/site-packages/airflow/example_dags/example_branch_python_dop_operator_3.py took 0.265 seconds
