[2024-10-18T10:56:26.630+0000] {processor.py:186} INFO - Started process (PID=294) to work on /home/airflow/.local/lib/python3.12/site-packages/airflow/example_dags/example_trigger_target_dag.py
[2024-10-18T10:56:26.632+0000] {processor.py:914} INFO - Processing file /home/airflow/.local/lib/python3.12/site-packages/airflow/example_dags/example_trigger_target_dag.py for tasks to queue
[2024-10-18T10:56:26.636+0000] {logging_mixin.py:190} INFO - [2024-10-18T10:56:26.635+0000] {dagbag.py:588} INFO - Filling up the DagBag from /home/airflow/.local/lib/python3.12/site-packages/airflow/example_dags/example_trigger_target_dag.py
[2024-10-18T10:56:26.653+0000] {processor.py:925} INFO - DAG(s) 'example_trigger_target_dag' retrieved from /home/airflow/.local/lib/python3.12/site-packages/airflow/example_dags/example_trigger_target_dag.py
[2024-10-18T10:56:26.793+0000] {logging_mixin.py:190} INFO - [2024-10-18T10:56:26.792+0000] {override.py:1900} INFO - Created Permission View: can delete on DAG:example_trigger_target_dag
[2024-10-18T10:56:26.810+0000] {logging_mixin.py:190} INFO - [2024-10-18T10:56:26.809+0000] {override.py:1900} INFO - Created Permission View: can edit on DAG:example_trigger_target_dag
[2024-10-18T10:56:26.820+0000] {logging_mixin.py:190} INFO - [2024-10-18T10:56:26.820+0000] {override.py:1900} INFO - Created Permission View: can read on DAG:example_trigger_target_dag
[2024-10-18T10:56:26.832+0000] {logging_mixin.py:190} INFO - [2024-10-18T10:56:26.831+0000] {override.py:1900} INFO - Created Permission View: can delete on DAG Run:example_trigger_target_dag
[2024-10-18T10:56:26.842+0000] {logging_mixin.py:190} INFO - [2024-10-18T10:56:26.842+0000] {override.py:1900} INFO - Created Permission View: menu access on DAG Run:example_trigger_target_dag
[2024-10-18T10:56:26.853+0000] {logging_mixin.py:190} INFO - [2024-10-18T10:56:26.853+0000] {override.py:1900} INFO - Created Permission View: can read on DAG Run:example_trigger_target_dag
[2024-10-18T10:56:26.864+0000] {logging_mixin.py:190} INFO - [2024-10-18T10:56:26.863+0000] {override.py:1900} INFO - Created Permission View: can create on DAG Run:example_trigger_target_dag
[2024-10-18T10:56:26.865+0000] {logging_mixin.py:190} INFO - [2024-10-18T10:56:26.864+0000] {dag.py:3239} INFO - Sync 1 DAGs
[2024-10-18T10:56:26.887+0000] {logging_mixin.py:190} INFO - [2024-10-18T10:56:26.887+0000] {dag.py:3262} INFO - Creating ORM DAG for example_trigger_target_dag
[2024-10-18T10:56:26.888+0000] {logging_mixin.py:190} INFO - [2024-10-18T10:56:26.888+0000] {dag.py:4180} INFO - Setting next_dagrun for example_trigger_target_dag to None, run_after=None
[2024-10-18T10:56:26.913+0000] {processor.py:208} INFO - Processing /home/airflow/.local/lib/python3.12/site-packages/airflow/example_dags/example_trigger_target_dag.py took 0.293 seconds
[2024-10-18T10:56:57.762+0000] {processor.py:186} INFO - Started process (PID=582) to work on /home/airflow/.local/lib/python3.12/site-packages/airflow/example_dags/example_trigger_target_dag.py
[2024-10-18T10:56:57.763+0000] {processor.py:914} INFO - Processing file /home/airflow/.local/lib/python3.12/site-packages/airflow/example_dags/example_trigger_target_dag.py for tasks to queue
[2024-10-18T10:56:57.766+0000] {logging_mixin.py:190} INFO - [2024-10-18T10:56:57.765+0000] {dagbag.py:588} INFO - Filling up the DagBag from /home/airflow/.local/lib/python3.12/site-packages/airflow/example_dags/example_trigger_target_dag.py
[2024-10-18T10:56:57.782+0000] {processor.py:925} INFO - DAG(s) 'example_trigger_target_dag' retrieved from /home/airflow/.local/lib/python3.12/site-packages/airflow/example_dags/example_trigger_target_dag.py
[2024-10-18T10:56:57.819+0000] {logging_mixin.py:190} INFO - [2024-10-18T10:56:57.818+0000] {dag.py:3239} INFO - Sync 1 DAGs
[2024-10-18T10:56:57.860+0000] {logging_mixin.py:190} INFO - [2024-10-18T10:56:57.859+0000] {dag.py:4180} INFO - Setting next_dagrun for example_trigger_target_dag to None, run_after=None
[2024-10-18T10:56:57.897+0000] {processor.py:208} INFO - Processing /home/airflow/.local/lib/python3.12/site-packages/airflow/example_dags/example_trigger_target_dag.py took 0.148 seconds
[2024-10-18T10:57:28.584+0000] {processor.py:186} INFO - Started process (PID=868) to work on /home/airflow/.local/lib/python3.12/site-packages/airflow/example_dags/example_trigger_target_dag.py
[2024-10-18T10:57:28.586+0000] {processor.py:914} INFO - Processing file /home/airflow/.local/lib/python3.12/site-packages/airflow/example_dags/example_trigger_target_dag.py for tasks to queue
[2024-10-18T10:57:28.590+0000] {logging_mixin.py:190} INFO - [2024-10-18T10:57:28.589+0000] {dagbag.py:588} INFO - Filling up the DagBag from /home/airflow/.local/lib/python3.12/site-packages/airflow/example_dags/example_trigger_target_dag.py
[2024-10-18T10:57:28.608+0000] {processor.py:925} INFO - DAG(s) 'example_trigger_target_dag' retrieved from /home/airflow/.local/lib/python3.12/site-packages/airflow/example_dags/example_trigger_target_dag.py
[2024-10-18T10:57:28.660+0000] {logging_mixin.py:190} INFO - [2024-10-18T10:57:28.659+0000] {dag.py:3239} INFO - Sync 1 DAGs
[2024-10-18T10:57:28.707+0000] {logging_mixin.py:190} INFO - [2024-10-18T10:57:28.706+0000] {dag.py:4180} INFO - Setting next_dagrun for example_trigger_target_dag to None, run_after=None
[2024-10-18T10:57:28.766+0000] {processor.py:208} INFO - Processing /home/airflow/.local/lib/python3.12/site-packages/airflow/example_dags/example_trigger_target_dag.py took 0.199 seconds
[2024-10-18T10:57:59.746+0000] {processor.py:186} INFO - Started process (PID=1158) to work on /home/airflow/.local/lib/python3.12/site-packages/airflow/example_dags/example_trigger_target_dag.py
[2024-10-18T10:57:59.747+0000] {processor.py:914} INFO - Processing file /home/airflow/.local/lib/python3.12/site-packages/airflow/example_dags/example_trigger_target_dag.py for tasks to queue
[2024-10-18T10:57:59.749+0000] {logging_mixin.py:190} INFO - [2024-10-18T10:57:59.749+0000] {dagbag.py:588} INFO - Filling up the DagBag from /home/airflow/.local/lib/python3.12/site-packages/airflow/example_dags/example_trigger_target_dag.py
[2024-10-18T10:57:59.757+0000] {processor.py:925} INFO - DAG(s) 'example_trigger_target_dag' retrieved from /home/airflow/.local/lib/python3.12/site-packages/airflow/example_dags/example_trigger_target_dag.py
[2024-10-18T10:57:59.775+0000] {logging_mixin.py:190} INFO - [2024-10-18T10:57:59.775+0000] {dag.py:3239} INFO - Sync 1 DAGs
[2024-10-18T10:57:59.790+0000] {logging_mixin.py:190} INFO - [2024-10-18T10:57:59.789+0000] {dag.py:4180} INFO - Setting next_dagrun for example_trigger_target_dag to None, run_after=None
[2024-10-18T10:57:59.810+0000] {processor.py:208} INFO - Processing /home/airflow/.local/lib/python3.12/site-packages/airflow/example_dags/example_trigger_target_dag.py took 0.070 seconds
[2024-10-18T10:58:30.582+0000] {processor.py:186} INFO - Started process (PID=1449) to work on /home/airflow/.local/lib/python3.12/site-packages/airflow/example_dags/example_trigger_target_dag.py
[2024-10-18T10:58:30.583+0000] {processor.py:914} INFO - Processing file /home/airflow/.local/lib/python3.12/site-packages/airflow/example_dags/example_trigger_target_dag.py for tasks to queue
[2024-10-18T10:58:30.585+0000] {logging_mixin.py:190} INFO - [2024-10-18T10:58:30.585+0000] {dagbag.py:588} INFO - Filling up the DagBag from /home/airflow/.local/lib/python3.12/site-packages/airflow/example_dags/example_trigger_target_dag.py
[2024-10-18T10:58:30.591+0000] {processor.py:925} INFO - DAG(s) 'example_trigger_target_dag' retrieved from /home/airflow/.local/lib/python3.12/site-packages/airflow/example_dags/example_trigger_target_dag.py
[2024-10-18T10:58:30.607+0000] {logging_mixin.py:190} INFO - [2024-10-18T10:58:30.607+0000] {dag.py:3239} INFO - Sync 1 DAGs
[2024-10-18T10:58:30.620+0000] {logging_mixin.py:190} INFO - [2024-10-18T10:58:30.620+0000] {dag.py:4180} INFO - Setting next_dagrun for example_trigger_target_dag to None, run_after=None
[2024-10-18T10:58:30.642+0000] {processor.py:208} INFO - Processing /home/airflow/.local/lib/python3.12/site-packages/airflow/example_dags/example_trigger_target_dag.py took 0.065 seconds
[2024-10-18T10:59:00.965+0000] {processor.py:186} INFO - Started process (PID=1734) to work on /home/airflow/.local/lib/python3.12/site-packages/airflow/example_dags/example_trigger_target_dag.py
[2024-10-18T10:59:00.966+0000] {processor.py:914} INFO - Processing file /home/airflow/.local/lib/python3.12/site-packages/airflow/example_dags/example_trigger_target_dag.py for tasks to queue
[2024-10-18T10:59:00.968+0000] {logging_mixin.py:190} INFO - [2024-10-18T10:59:00.968+0000] {dagbag.py:588} INFO - Filling up the DagBag from /home/airflow/.local/lib/python3.12/site-packages/airflow/example_dags/example_trigger_target_dag.py
[2024-10-18T10:59:00.975+0000] {processor.py:925} INFO - DAG(s) 'example_trigger_target_dag' retrieved from /home/airflow/.local/lib/python3.12/site-packages/airflow/example_dags/example_trigger_target_dag.py
[2024-10-18T10:59:00.996+0000] {logging_mixin.py:190} INFO - [2024-10-18T10:59:00.995+0000] {dag.py:3239} INFO - Sync 1 DAGs
[2024-10-18T10:59:01.013+0000] {logging_mixin.py:190} INFO - [2024-10-18T10:59:01.013+0000] {dag.py:4180} INFO - Setting next_dagrun for example_trigger_target_dag to None, run_after=None
[2024-10-18T10:59:01.036+0000] {processor.py:208} INFO - Processing /home/airflow/.local/lib/python3.12/site-packages/airflow/example_dags/example_trigger_target_dag.py took 0.076 seconds
[2024-10-18T10:59:31.514+0000] {processor.py:186} INFO - Started process (PID=2020) to work on /home/airflow/.local/lib/python3.12/site-packages/airflow/example_dags/example_trigger_target_dag.py
[2024-10-18T10:59:31.515+0000] {processor.py:914} INFO - Processing file /home/airflow/.local/lib/python3.12/site-packages/airflow/example_dags/example_trigger_target_dag.py for tasks to queue
[2024-10-18T10:59:31.517+0000] {logging_mixin.py:190} INFO - [2024-10-18T10:59:31.517+0000] {dagbag.py:588} INFO - Filling up the DagBag from /home/airflow/.local/lib/python3.12/site-packages/airflow/example_dags/example_trigger_target_dag.py
[2024-10-18T10:59:31.524+0000] {processor.py:925} INFO - DAG(s) 'example_trigger_target_dag' retrieved from /home/airflow/.local/lib/python3.12/site-packages/airflow/example_dags/example_trigger_target_dag.py
[2024-10-18T10:59:31.541+0000] {logging_mixin.py:190} INFO - [2024-10-18T10:59:31.540+0000] {dag.py:3239} INFO - Sync 1 DAGs
[2024-10-18T10:59:31.553+0000] {logging_mixin.py:190} INFO - [2024-10-18T10:59:31.553+0000] {dag.py:4180} INFO - Setting next_dagrun for example_trigger_target_dag to None, run_after=None
[2024-10-18T10:59:31.575+0000] {processor.py:208} INFO - Processing /home/airflow/.local/lib/python3.12/site-packages/airflow/example_dags/example_trigger_target_dag.py took 0.066 seconds
[2024-10-18T11:00:01.810+0000] {processor.py:186} INFO - Started process (PID=2306) to work on /home/airflow/.local/lib/python3.12/site-packages/airflow/example_dags/example_trigger_target_dag.py
[2024-10-18T11:00:01.811+0000] {processor.py:914} INFO - Processing file /home/airflow/.local/lib/python3.12/site-packages/airflow/example_dags/example_trigger_target_dag.py for tasks to queue
[2024-10-18T11:00:01.813+0000] {logging_mixin.py:190} INFO - [2024-10-18T11:00:01.812+0000] {dagbag.py:588} INFO - Filling up the DagBag from /home/airflow/.local/lib/python3.12/site-packages/airflow/example_dags/example_trigger_target_dag.py
[2024-10-18T11:00:01.819+0000] {processor.py:925} INFO - DAG(s) 'example_trigger_target_dag' retrieved from /home/airflow/.local/lib/python3.12/site-packages/airflow/example_dags/example_trigger_target_dag.py
[2024-10-18T11:00:01.836+0000] {logging_mixin.py:190} INFO - [2024-10-18T11:00:01.836+0000] {dag.py:3239} INFO - Sync 1 DAGs
[2024-10-18T11:00:01.849+0000] {logging_mixin.py:190} INFO - [2024-10-18T11:00:01.848+0000] {dag.py:4180} INFO - Setting next_dagrun for example_trigger_target_dag to None, run_after=None
[2024-10-18T11:00:01.870+0000] {processor.py:208} INFO - Processing /home/airflow/.local/lib/python3.12/site-packages/airflow/example_dags/example_trigger_target_dag.py took 0.065 seconds
[2024-10-18T11:00:32.328+0000] {processor.py:186} INFO - Started process (PID=2592) to work on /home/airflow/.local/lib/python3.12/site-packages/airflow/example_dags/example_trigger_target_dag.py
[2024-10-18T11:00:32.329+0000] {processor.py:914} INFO - Processing file /home/airflow/.local/lib/python3.12/site-packages/airflow/example_dags/example_trigger_target_dag.py for tasks to queue
[2024-10-18T11:00:32.331+0000] {logging_mixin.py:190} INFO - [2024-10-18T11:00:32.331+0000] {dagbag.py:588} INFO - Filling up the DagBag from /home/airflow/.local/lib/python3.12/site-packages/airflow/example_dags/example_trigger_target_dag.py
[2024-10-18T11:00:32.339+0000] {processor.py:925} INFO - DAG(s) 'example_trigger_target_dag' retrieved from /home/airflow/.local/lib/python3.12/site-packages/airflow/example_dags/example_trigger_target_dag.py
[2024-10-18T11:00:32.361+0000] {logging_mixin.py:190} INFO - [2024-10-18T11:00:32.361+0000] {dag.py:3239} INFO - Sync 1 DAGs
[2024-10-18T11:00:32.378+0000] {logging_mixin.py:190} INFO - [2024-10-18T11:00:32.378+0000] {dag.py:4180} INFO - Setting next_dagrun for example_trigger_target_dag to None, run_after=None
[2024-10-18T11:00:32.400+0000] {processor.py:208} INFO - Processing /home/airflow/.local/lib/python3.12/site-packages/airflow/example_dags/example_trigger_target_dag.py took 0.078 seconds
[2024-10-18T11:01:02.766+0000] {processor.py:186} INFO - Started process (PID=2878) to work on /home/airflow/.local/lib/python3.12/site-packages/airflow/example_dags/example_trigger_target_dag.py
[2024-10-18T11:01:02.767+0000] {processor.py:914} INFO - Processing file /home/airflow/.local/lib/python3.12/site-packages/airflow/example_dags/example_trigger_target_dag.py for tasks to queue
[2024-10-18T11:01:02.769+0000] {logging_mixin.py:190} INFO - [2024-10-18T11:01:02.769+0000] {dagbag.py:588} INFO - Filling up the DagBag from /home/airflow/.local/lib/python3.12/site-packages/airflow/example_dags/example_trigger_target_dag.py
[2024-10-18T11:01:02.776+0000] {processor.py:925} INFO - DAG(s) 'example_trigger_target_dag' retrieved from /home/airflow/.local/lib/python3.12/site-packages/airflow/example_dags/example_trigger_target_dag.py
[2024-10-18T11:01:02.795+0000] {logging_mixin.py:190} INFO - [2024-10-18T11:01:02.795+0000] {dag.py:3239} INFO - Sync 1 DAGs
[2024-10-18T11:01:02.807+0000] {logging_mixin.py:190} INFO - [2024-10-18T11:01:02.807+0000] {dag.py:4180} INFO - Setting next_dagrun for example_trigger_target_dag to None, run_after=None
[2024-10-18T11:01:02.828+0000] {processor.py:208} INFO - Processing /home/airflow/.local/lib/python3.12/site-packages/airflow/example_dags/example_trigger_target_dag.py took 0.067 seconds
[2024-10-18T11:01:33.192+0000] {processor.py:186} INFO - Started process (PID=3164) to work on /home/airflow/.local/lib/python3.12/site-packages/airflow/example_dags/example_trigger_target_dag.py
[2024-10-18T11:01:33.193+0000] {processor.py:914} INFO - Processing file /home/airflow/.local/lib/python3.12/site-packages/airflow/example_dags/example_trigger_target_dag.py for tasks to queue
[2024-10-18T11:01:33.195+0000] {logging_mixin.py:190} INFO - [2024-10-18T11:01:33.195+0000] {dagbag.py:588} INFO - Filling up the DagBag from /home/airflow/.local/lib/python3.12/site-packages/airflow/example_dags/example_trigger_target_dag.py
[2024-10-18T11:01:33.202+0000] {processor.py:925} INFO - DAG(s) 'example_trigger_target_dag' retrieved from /home/airflow/.local/lib/python3.12/site-packages/airflow/example_dags/example_trigger_target_dag.py
[2024-10-18T11:01:33.222+0000] {logging_mixin.py:190} INFO - [2024-10-18T11:01:33.222+0000] {dag.py:3239} INFO - Sync 1 DAGs
[2024-10-18T11:01:33.236+0000] {logging_mixin.py:190} INFO - [2024-10-18T11:01:33.236+0000] {dag.py:4180} INFO - Setting next_dagrun for example_trigger_target_dag to None, run_after=None
[2024-10-18T11:01:33.260+0000] {processor.py:208} INFO - Processing /home/airflow/.local/lib/python3.12/site-packages/airflow/example_dags/example_trigger_target_dag.py took 0.073 seconds
[2024-10-18T11:02:03.883+0000] {processor.py:186} INFO - Started process (PID=3450) to work on /home/airflow/.local/lib/python3.12/site-packages/airflow/example_dags/example_trigger_target_dag.py
[2024-10-18T11:02:03.884+0000] {processor.py:914} INFO - Processing file /home/airflow/.local/lib/python3.12/site-packages/airflow/example_dags/example_trigger_target_dag.py for tasks to queue
[2024-10-18T11:02:03.886+0000] {logging_mixin.py:190} INFO - [2024-10-18T11:02:03.886+0000] {dagbag.py:588} INFO - Filling up the DagBag from /home/airflow/.local/lib/python3.12/site-packages/airflow/example_dags/example_trigger_target_dag.py
[2024-10-18T11:02:03.893+0000] {processor.py:925} INFO - DAG(s) 'example_trigger_target_dag' retrieved from /home/airflow/.local/lib/python3.12/site-packages/airflow/example_dags/example_trigger_target_dag.py
[2024-10-18T11:02:03.910+0000] {logging_mixin.py:190} INFO - [2024-10-18T11:02:03.910+0000] {dag.py:3239} INFO - Sync 1 DAGs
[2024-10-18T11:02:03.923+0000] {logging_mixin.py:190} INFO - [2024-10-18T11:02:03.923+0000] {dag.py:4180} INFO - Setting next_dagrun for example_trigger_target_dag to None, run_after=None
[2024-10-18T11:02:03.944+0000] {processor.py:208} INFO - Processing /home/airflow/.local/lib/python3.12/site-packages/airflow/example_dags/example_trigger_target_dag.py took 0.066 seconds
[2024-10-18T11:02:34.115+0000] {processor.py:186} INFO - Started process (PID=3736) to work on /home/airflow/.local/lib/python3.12/site-packages/airflow/example_dags/example_trigger_target_dag.py
[2024-10-18T11:02:34.116+0000] {processor.py:914} INFO - Processing file /home/airflow/.local/lib/python3.12/site-packages/airflow/example_dags/example_trigger_target_dag.py for tasks to queue
[2024-10-18T11:02:34.118+0000] {logging_mixin.py:190} INFO - [2024-10-18T11:02:34.118+0000] {dagbag.py:588} INFO - Filling up the DagBag from /home/airflow/.local/lib/python3.12/site-packages/airflow/example_dags/example_trigger_target_dag.py
[2024-10-18T11:02:34.125+0000] {processor.py:925} INFO - DAG(s) 'example_trigger_target_dag' retrieved from /home/airflow/.local/lib/python3.12/site-packages/airflow/example_dags/example_trigger_target_dag.py
[2024-10-18T11:02:34.142+0000] {logging_mixin.py:190} INFO - [2024-10-18T11:02:34.141+0000] {dag.py:3239} INFO - Sync 1 DAGs
[2024-10-18T11:02:34.154+0000] {logging_mixin.py:190} INFO - [2024-10-18T11:02:34.154+0000] {dag.py:4180} INFO - Setting next_dagrun for example_trigger_target_dag to None, run_after=None
[2024-10-18T11:02:34.176+0000] {processor.py:208} INFO - Processing /home/airflow/.local/lib/python3.12/site-packages/airflow/example_dags/example_trigger_target_dag.py took 0.066 seconds
[2024-10-18T11:03:04.644+0000] {processor.py:186} INFO - Started process (PID=4022) to work on /home/airflow/.local/lib/python3.12/site-packages/airflow/example_dags/example_trigger_target_dag.py
[2024-10-18T11:03:04.645+0000] {processor.py:914} INFO - Processing file /home/airflow/.local/lib/python3.12/site-packages/airflow/example_dags/example_trigger_target_dag.py for tasks to queue
[2024-10-18T11:03:04.647+0000] {logging_mixin.py:190} INFO - [2024-10-18T11:03:04.647+0000] {dagbag.py:588} INFO - Filling up the DagBag from /home/airflow/.local/lib/python3.12/site-packages/airflow/example_dags/example_trigger_target_dag.py
[2024-10-18T11:03:04.654+0000] {processor.py:925} INFO - DAG(s) 'example_trigger_target_dag' retrieved from /home/airflow/.local/lib/python3.12/site-packages/airflow/example_dags/example_trigger_target_dag.py
[2024-10-18T11:03:04.671+0000] {logging_mixin.py:190} INFO - [2024-10-18T11:03:04.670+0000] {dag.py:3239} INFO - Sync 1 DAGs
[2024-10-18T11:03:04.683+0000] {logging_mixin.py:190} INFO - [2024-10-18T11:03:04.683+0000] {dag.py:4180} INFO - Setting next_dagrun for example_trigger_target_dag to None, run_after=None
[2024-10-18T11:03:04.703+0000] {processor.py:208} INFO - Processing /home/airflow/.local/lib/python3.12/site-packages/airflow/example_dags/example_trigger_target_dag.py took 0.065 seconds
[2024-10-18T11:03:35.005+0000] {processor.py:186} INFO - Started process (PID=4308) to work on /home/airflow/.local/lib/python3.12/site-packages/airflow/example_dags/example_trigger_target_dag.py
[2024-10-18T11:03:35.006+0000] {processor.py:914} INFO - Processing file /home/airflow/.local/lib/python3.12/site-packages/airflow/example_dags/example_trigger_target_dag.py for tasks to queue
[2024-10-18T11:03:35.008+0000] {logging_mixin.py:190} INFO - [2024-10-18T11:03:35.008+0000] {dagbag.py:588} INFO - Filling up the DagBag from /home/airflow/.local/lib/python3.12/site-packages/airflow/example_dags/example_trigger_target_dag.py
[2024-10-18T11:03:35.014+0000] {processor.py:925} INFO - DAG(s) 'example_trigger_target_dag' retrieved from /home/airflow/.local/lib/python3.12/site-packages/airflow/example_dags/example_trigger_target_dag.py
[2024-10-18T11:03:35.031+0000] {logging_mixin.py:190} INFO - [2024-10-18T11:03:35.030+0000] {dag.py:3239} INFO - Sync 1 DAGs
[2024-10-18T11:03:35.044+0000] {logging_mixin.py:190} INFO - [2024-10-18T11:03:35.044+0000] {dag.py:4180} INFO - Setting next_dagrun for example_trigger_target_dag to None, run_after=None
[2024-10-18T11:03:35.065+0000] {processor.py:208} INFO - Processing /home/airflow/.local/lib/python3.12/site-packages/airflow/example_dags/example_trigger_target_dag.py took 0.065 seconds
[2024-10-18T11:04:05.367+0000] {processor.py:186} INFO - Started process (PID=4594) to work on /home/airflow/.local/lib/python3.12/site-packages/airflow/example_dags/example_trigger_target_dag.py
[2024-10-18T11:04:05.368+0000] {processor.py:914} INFO - Processing file /home/airflow/.local/lib/python3.12/site-packages/airflow/example_dags/example_trigger_target_dag.py for tasks to queue
[2024-10-18T11:04:05.370+0000] {logging_mixin.py:190} INFO - [2024-10-18T11:04:05.369+0000] {dagbag.py:588} INFO - Filling up the DagBag from /home/airflow/.local/lib/python3.12/site-packages/airflow/example_dags/example_trigger_target_dag.py
[2024-10-18T11:04:05.376+0000] {processor.py:925} INFO - DAG(s) 'example_trigger_target_dag' retrieved from /home/airflow/.local/lib/python3.12/site-packages/airflow/example_dags/example_trigger_target_dag.py
[2024-10-18T11:04:05.393+0000] {logging_mixin.py:190} INFO - [2024-10-18T11:04:05.392+0000] {dag.py:3239} INFO - Sync 1 DAGs
[2024-10-18T11:04:05.405+0000] {logging_mixin.py:190} INFO - [2024-10-18T11:04:05.405+0000] {dag.py:4180} INFO - Setting next_dagrun for example_trigger_target_dag to None, run_after=None
[2024-10-18T11:04:05.427+0000] {processor.py:208} INFO - Processing /home/airflow/.local/lib/python3.12/site-packages/airflow/example_dags/example_trigger_target_dag.py took 0.065 seconds
[2024-10-18T11:04:35.635+0000] {processor.py:186} INFO - Started process (PID=4880) to work on /home/airflow/.local/lib/python3.12/site-packages/airflow/example_dags/example_trigger_target_dag.py
[2024-10-18T11:04:35.636+0000] {processor.py:914} INFO - Processing file /home/airflow/.local/lib/python3.12/site-packages/airflow/example_dags/example_trigger_target_dag.py for tasks to queue
[2024-10-18T11:04:35.638+0000] {logging_mixin.py:190} INFO - [2024-10-18T11:04:35.638+0000] {dagbag.py:588} INFO - Filling up the DagBag from /home/airflow/.local/lib/python3.12/site-packages/airflow/example_dags/example_trigger_target_dag.py
[2024-10-18T11:04:35.645+0000] {processor.py:925} INFO - DAG(s) 'example_trigger_target_dag' retrieved from /home/airflow/.local/lib/python3.12/site-packages/airflow/example_dags/example_trigger_target_dag.py
[2024-10-18T11:04:35.663+0000] {logging_mixin.py:190} INFO - [2024-10-18T11:04:35.663+0000] {dag.py:3239} INFO - Sync 1 DAGs
[2024-10-18T11:04:35.676+0000] {logging_mixin.py:190} INFO - [2024-10-18T11:04:35.676+0000] {dag.py:4180} INFO - Setting next_dagrun for example_trigger_target_dag to None, run_after=None
[2024-10-18T11:04:35.696+0000] {processor.py:208} INFO - Processing /home/airflow/.local/lib/python3.12/site-packages/airflow/example_dags/example_trigger_target_dag.py took 0.066 seconds
[2024-10-18T11:05:05.933+0000] {processor.py:186} INFO - Started process (PID=5166) to work on /home/airflow/.local/lib/python3.12/site-packages/airflow/example_dags/example_trigger_target_dag.py
[2024-10-18T11:05:05.934+0000] {processor.py:914} INFO - Processing file /home/airflow/.local/lib/python3.12/site-packages/airflow/example_dags/example_trigger_target_dag.py for tasks to queue
[2024-10-18T11:05:05.937+0000] {logging_mixin.py:190} INFO - [2024-10-18T11:05:05.937+0000] {dagbag.py:588} INFO - Filling up the DagBag from /home/airflow/.local/lib/python3.12/site-packages/airflow/example_dags/example_trigger_target_dag.py
[2024-10-18T11:05:05.945+0000] {processor.py:925} INFO - DAG(s) 'example_trigger_target_dag' retrieved from /home/airflow/.local/lib/python3.12/site-packages/airflow/example_dags/example_trigger_target_dag.py
[2024-10-18T11:05:05.961+0000] {logging_mixin.py:190} INFO - [2024-10-18T11:05:05.961+0000] {dag.py:3239} INFO - Sync 1 DAGs
[2024-10-18T11:05:05.977+0000] {logging_mixin.py:190} INFO - [2024-10-18T11:05:05.977+0000] {dag.py:4180} INFO - Setting next_dagrun for example_trigger_target_dag to None, run_after=None
[2024-10-18T11:05:05.998+0000] {processor.py:208} INFO - Processing /home/airflow/.local/lib/python3.12/site-packages/airflow/example_dags/example_trigger_target_dag.py took 0.071 seconds
[2024-10-18T11:05:36.214+0000] {processor.py:186} INFO - Started process (PID=5452) to work on /home/airflow/.local/lib/python3.12/site-packages/airflow/example_dags/example_trigger_target_dag.py
[2024-10-18T11:05:36.215+0000] {processor.py:914} INFO - Processing file /home/airflow/.local/lib/python3.12/site-packages/airflow/example_dags/example_trigger_target_dag.py for tasks to queue
[2024-10-18T11:05:36.217+0000] {logging_mixin.py:190} INFO - [2024-10-18T11:05:36.216+0000] {dagbag.py:588} INFO - Filling up the DagBag from /home/airflow/.local/lib/python3.12/site-packages/airflow/example_dags/example_trigger_target_dag.py
[2024-10-18T11:05:36.224+0000] {processor.py:925} INFO - DAG(s) 'example_trigger_target_dag' retrieved from /home/airflow/.local/lib/python3.12/site-packages/airflow/example_dags/example_trigger_target_dag.py
[2024-10-18T11:05:36.242+0000] {logging_mixin.py:190} INFO - [2024-10-18T11:05:36.241+0000] {dag.py:3239} INFO - Sync 1 DAGs
[2024-10-18T11:05:36.254+0000] {logging_mixin.py:190} INFO - [2024-10-18T11:05:36.254+0000] {dag.py:4180} INFO - Setting next_dagrun for example_trigger_target_dag to None, run_after=None
[2024-10-18T11:05:36.274+0000] {processor.py:208} INFO - Processing /home/airflow/.local/lib/python3.12/site-packages/airflow/example_dags/example_trigger_target_dag.py took 0.065 seconds
[2024-10-18T11:06:06.561+0000] {processor.py:186} INFO - Started process (PID=5738) to work on /home/airflow/.local/lib/python3.12/site-packages/airflow/example_dags/example_trigger_target_dag.py
[2024-10-18T11:06:06.562+0000] {processor.py:914} INFO - Processing file /home/airflow/.local/lib/python3.12/site-packages/airflow/example_dags/example_trigger_target_dag.py for tasks to queue
[2024-10-18T11:06:06.565+0000] {logging_mixin.py:190} INFO - [2024-10-18T11:06:06.564+0000] {dagbag.py:588} INFO - Filling up the DagBag from /home/airflow/.local/lib/python3.12/site-packages/airflow/example_dags/example_trigger_target_dag.py
[2024-10-18T11:06:06.573+0000] {processor.py:925} INFO - DAG(s) 'example_trigger_target_dag' retrieved from /home/airflow/.local/lib/python3.12/site-packages/airflow/example_dags/example_trigger_target_dag.py
[2024-10-18T11:06:06.593+0000] {logging_mixin.py:190} INFO - [2024-10-18T11:06:06.593+0000] {dag.py:3239} INFO - Sync 1 DAGs
[2024-10-18T11:06:06.606+0000] {logging_mixin.py:190} INFO - [2024-10-18T11:06:06.606+0000] {dag.py:4180} INFO - Setting next_dagrun for example_trigger_target_dag to None, run_after=None
[2024-10-18T11:06:06.625+0000] {processor.py:208} INFO - Processing /home/airflow/.local/lib/python3.12/site-packages/airflow/example_dags/example_trigger_target_dag.py took 0.072 seconds
[2024-10-18T11:06:36.984+0000] {processor.py:186} INFO - Started process (PID=6024) to work on /home/airflow/.local/lib/python3.12/site-packages/airflow/example_dags/example_trigger_target_dag.py
[2024-10-18T11:06:36.985+0000] {processor.py:914} INFO - Processing file /home/airflow/.local/lib/python3.12/site-packages/airflow/example_dags/example_trigger_target_dag.py for tasks to queue
[2024-10-18T11:06:36.987+0000] {logging_mixin.py:190} INFO - [2024-10-18T11:06:36.986+0000] {dagbag.py:588} INFO - Filling up the DagBag from /home/airflow/.local/lib/python3.12/site-packages/airflow/example_dags/example_trigger_target_dag.py
[2024-10-18T11:06:36.993+0000] {processor.py:925} INFO - DAG(s) 'example_trigger_target_dag' retrieved from /home/airflow/.local/lib/python3.12/site-packages/airflow/example_dags/example_trigger_target_dag.py
[2024-10-18T11:06:37.009+0000] {logging_mixin.py:190} INFO - [2024-10-18T11:06:37.009+0000] {dag.py:3239} INFO - Sync 1 DAGs
[2024-10-18T11:06:37.021+0000] {logging_mixin.py:190} INFO - [2024-10-18T11:06:37.021+0000] {dag.py:4180} INFO - Setting next_dagrun for example_trigger_target_dag to None, run_after=None
[2024-10-18T11:06:37.040+0000] {processor.py:208} INFO - Processing /home/airflow/.local/lib/python3.12/site-packages/airflow/example_dags/example_trigger_target_dag.py took 0.061 seconds
[2024-10-18T11:07:07.308+0000] {processor.py:186} INFO - Started process (PID=6310) to work on /home/airflow/.local/lib/python3.12/site-packages/airflow/example_dags/example_trigger_target_dag.py
[2024-10-18T11:07:07.309+0000] {processor.py:914} INFO - Processing file /home/airflow/.local/lib/python3.12/site-packages/airflow/example_dags/example_trigger_target_dag.py for tasks to queue
[2024-10-18T11:07:07.311+0000] {logging_mixin.py:190} INFO - [2024-10-18T11:07:07.311+0000] {dagbag.py:588} INFO - Filling up the DagBag from /home/airflow/.local/lib/python3.12/site-packages/airflow/example_dags/example_trigger_target_dag.py
[2024-10-18T11:07:07.319+0000] {processor.py:925} INFO - DAG(s) 'example_trigger_target_dag' retrieved from /home/airflow/.local/lib/python3.12/site-packages/airflow/example_dags/example_trigger_target_dag.py
[2024-10-18T11:07:07.335+0000] {logging_mixin.py:190} INFO - [2024-10-18T11:07:07.335+0000] {dag.py:3239} INFO - Sync 1 DAGs
[2024-10-18T11:07:07.347+0000] {logging_mixin.py:190} INFO - [2024-10-18T11:07:07.347+0000] {dag.py:4180} INFO - Setting next_dagrun for example_trigger_target_dag to None, run_after=None
[2024-10-18T11:07:07.367+0000] {processor.py:208} INFO - Processing /home/airflow/.local/lib/python3.12/site-packages/airflow/example_dags/example_trigger_target_dag.py took 0.066 seconds
[2024-10-18T11:07:37.579+0000] {processor.py:186} INFO - Started process (PID=6596) to work on /home/airflow/.local/lib/python3.12/site-packages/airflow/example_dags/example_trigger_target_dag.py
[2024-10-18T11:07:37.580+0000] {processor.py:914} INFO - Processing file /home/airflow/.local/lib/python3.12/site-packages/airflow/example_dags/example_trigger_target_dag.py for tasks to queue
[2024-10-18T11:07:37.582+0000] {logging_mixin.py:190} INFO - [2024-10-18T11:07:37.582+0000] {dagbag.py:588} INFO - Filling up the DagBag from /home/airflow/.local/lib/python3.12/site-packages/airflow/example_dags/example_trigger_target_dag.py
[2024-10-18T11:07:37.588+0000] {processor.py:925} INFO - DAG(s) 'example_trigger_target_dag' retrieved from /home/airflow/.local/lib/python3.12/site-packages/airflow/example_dags/example_trigger_target_dag.py
[2024-10-18T11:07:37.604+0000] {logging_mixin.py:190} INFO - [2024-10-18T11:07:37.604+0000] {dag.py:3239} INFO - Sync 1 DAGs
[2024-10-18T11:07:37.617+0000] {logging_mixin.py:190} INFO - [2024-10-18T11:07:37.616+0000] {dag.py:4180} INFO - Setting next_dagrun for example_trigger_target_dag to None, run_after=None
[2024-10-18T11:07:37.635+0000] {processor.py:208} INFO - Processing /home/airflow/.local/lib/python3.12/site-packages/airflow/example_dags/example_trigger_target_dag.py took 0.061 seconds
[2024-10-18T11:08:07.989+0000] {processor.py:186} INFO - Started process (PID=6882) to work on /home/airflow/.local/lib/python3.12/site-packages/airflow/example_dags/example_trigger_target_dag.py
[2024-10-18T11:08:07.991+0000] {processor.py:914} INFO - Processing file /home/airflow/.local/lib/python3.12/site-packages/airflow/example_dags/example_trigger_target_dag.py for tasks to queue
[2024-10-18T11:08:07.993+0000] {logging_mixin.py:190} INFO - [2024-10-18T11:08:07.993+0000] {dagbag.py:588} INFO - Filling up the DagBag from /home/airflow/.local/lib/python3.12/site-packages/airflow/example_dags/example_trigger_target_dag.py
[2024-10-18T11:08:08.001+0000] {processor.py:925} INFO - DAG(s) 'example_trigger_target_dag' retrieved from /home/airflow/.local/lib/python3.12/site-packages/airflow/example_dags/example_trigger_target_dag.py
[2024-10-18T11:08:08.018+0000] {logging_mixin.py:190} INFO - [2024-10-18T11:08:08.018+0000] {dag.py:3239} INFO - Sync 1 DAGs
[2024-10-18T11:08:08.031+0000] {logging_mixin.py:190} INFO - [2024-10-18T11:08:08.030+0000] {dag.py:4180} INFO - Setting next_dagrun for example_trigger_target_dag to None, run_after=None
[2024-10-18T11:08:08.048+0000] {processor.py:208} INFO - Processing /home/airflow/.local/lib/python3.12/site-packages/airflow/example_dags/example_trigger_target_dag.py took 0.065 seconds
[2024-10-18T11:08:38.238+0000] {processor.py:186} INFO - Started process (PID=7168) to work on /home/airflow/.local/lib/python3.12/site-packages/airflow/example_dags/example_trigger_target_dag.py
[2024-10-18T11:08:38.239+0000] {processor.py:914} INFO - Processing file /home/airflow/.local/lib/python3.12/site-packages/airflow/example_dags/example_trigger_target_dag.py for tasks to queue
[2024-10-18T11:08:38.241+0000] {logging_mixin.py:190} INFO - [2024-10-18T11:08:38.241+0000] {dagbag.py:588} INFO - Filling up the DagBag from /home/airflow/.local/lib/python3.12/site-packages/airflow/example_dags/example_trigger_target_dag.py
[2024-10-18T11:08:38.248+0000] {processor.py:925} INFO - DAG(s) 'example_trigger_target_dag' retrieved from /home/airflow/.local/lib/python3.12/site-packages/airflow/example_dags/example_trigger_target_dag.py
[2024-10-18T11:08:38.265+0000] {logging_mixin.py:190} INFO - [2024-10-18T11:08:38.265+0000] {dag.py:3239} INFO - Sync 1 DAGs
[2024-10-18T11:08:38.277+0000] {logging_mixin.py:190} INFO - [2024-10-18T11:08:38.276+0000] {dag.py:4180} INFO - Setting next_dagrun for example_trigger_target_dag to None, run_after=None
[2024-10-18T11:08:38.295+0000] {processor.py:208} INFO - Processing /home/airflow/.local/lib/python3.12/site-packages/airflow/example_dags/example_trigger_target_dag.py took 0.061 seconds
[2024-10-18T11:09:08.585+0000] {processor.py:186} INFO - Started process (PID=7454) to work on /home/airflow/.local/lib/python3.12/site-packages/airflow/example_dags/example_trigger_target_dag.py
[2024-10-18T11:09:08.586+0000] {processor.py:914} INFO - Processing file /home/airflow/.local/lib/python3.12/site-packages/airflow/example_dags/example_trigger_target_dag.py for tasks to queue
[2024-10-18T11:09:08.588+0000] {logging_mixin.py:190} INFO - [2024-10-18T11:09:08.587+0000] {dagbag.py:588} INFO - Filling up the DagBag from /home/airflow/.local/lib/python3.12/site-packages/airflow/example_dags/example_trigger_target_dag.py
[2024-10-18T11:09:08.594+0000] {processor.py:925} INFO - DAG(s) 'example_trigger_target_dag' retrieved from /home/airflow/.local/lib/python3.12/site-packages/airflow/example_dags/example_trigger_target_dag.py
[2024-10-18T11:09:08.611+0000] {logging_mixin.py:190} INFO - [2024-10-18T11:09:08.611+0000] {dag.py:3239} INFO - Sync 1 DAGs
[2024-10-18T11:09:08.623+0000] {logging_mixin.py:190} INFO - [2024-10-18T11:09:08.623+0000] {dag.py:4180} INFO - Setting next_dagrun for example_trigger_target_dag to None, run_after=None
[2024-10-18T11:09:08.641+0000] {processor.py:208} INFO - Processing /home/airflow/.local/lib/python3.12/site-packages/airflow/example_dags/example_trigger_target_dag.py took 0.062 seconds
[2024-10-18T11:09:38.855+0000] {processor.py:186} INFO - Started process (PID=7740) to work on /home/airflow/.local/lib/python3.12/site-packages/airflow/example_dags/example_trigger_target_dag.py
[2024-10-18T11:09:38.857+0000] {processor.py:914} INFO - Processing file /home/airflow/.local/lib/python3.12/site-packages/airflow/example_dags/example_trigger_target_dag.py for tasks to queue
[2024-10-18T11:09:38.859+0000] {logging_mixin.py:190} INFO - [2024-10-18T11:09:38.858+0000] {dagbag.py:588} INFO - Filling up the DagBag from /home/airflow/.local/lib/python3.12/site-packages/airflow/example_dags/example_trigger_target_dag.py
[2024-10-18T11:09:38.865+0000] {processor.py:925} INFO - DAG(s) 'example_trigger_target_dag' retrieved from /home/airflow/.local/lib/python3.12/site-packages/airflow/example_dags/example_trigger_target_dag.py
[2024-10-18T11:09:38.882+0000] {logging_mixin.py:190} INFO - [2024-10-18T11:09:38.882+0000] {dag.py:3239} INFO - Sync 1 DAGs
[2024-10-18T11:09:38.895+0000] {logging_mixin.py:190} INFO - [2024-10-18T11:09:38.895+0000] {dag.py:4180} INFO - Setting next_dagrun for example_trigger_target_dag to None, run_after=None
[2024-10-18T11:09:38.916+0000] {processor.py:208} INFO - Processing /home/airflow/.local/lib/python3.12/site-packages/airflow/example_dags/example_trigger_target_dag.py took 0.065 seconds
[2024-10-18T11:10:09.107+0000] {processor.py:186} INFO - Started process (PID=8026) to work on /home/airflow/.local/lib/python3.12/site-packages/airflow/example_dags/example_trigger_target_dag.py
[2024-10-18T11:10:09.108+0000] {processor.py:914} INFO - Processing file /home/airflow/.local/lib/python3.12/site-packages/airflow/example_dags/example_trigger_target_dag.py for tasks to queue
[2024-10-18T11:10:09.110+0000] {logging_mixin.py:190} INFO - [2024-10-18T11:10:09.110+0000] {dagbag.py:588} INFO - Filling up the DagBag from /home/airflow/.local/lib/python3.12/site-packages/airflow/example_dags/example_trigger_target_dag.py
[2024-10-18T11:10:09.117+0000] {processor.py:925} INFO - DAG(s) 'example_trigger_target_dag' retrieved from /home/airflow/.local/lib/python3.12/site-packages/airflow/example_dags/example_trigger_target_dag.py
[2024-10-18T11:10:09.136+0000] {logging_mixin.py:190} INFO - [2024-10-18T11:10:09.136+0000] {dag.py:3239} INFO - Sync 1 DAGs
[2024-10-18T11:10:09.151+0000] {logging_mixin.py:190} INFO - [2024-10-18T11:10:09.151+0000] {dag.py:4180} INFO - Setting next_dagrun for example_trigger_target_dag to None, run_after=None
[2024-10-18T11:10:09.174+0000] {processor.py:208} INFO - Processing /home/airflow/.local/lib/python3.12/site-packages/airflow/example_dags/example_trigger_target_dag.py took 0.072 seconds
[2024-10-18T11:10:39.455+0000] {processor.py:186} INFO - Started process (PID=8312) to work on /home/airflow/.local/lib/python3.12/site-packages/airflow/example_dags/example_trigger_target_dag.py
[2024-10-18T11:10:39.457+0000] {processor.py:914} INFO - Processing file /home/airflow/.local/lib/python3.12/site-packages/airflow/example_dags/example_trigger_target_dag.py for tasks to queue
[2024-10-18T11:10:39.459+0000] {logging_mixin.py:190} INFO - [2024-10-18T11:10:39.458+0000] {dagbag.py:588} INFO - Filling up the DagBag from /home/airflow/.local/lib/python3.12/site-packages/airflow/example_dags/example_trigger_target_dag.py
[2024-10-18T11:10:39.466+0000] {processor.py:925} INFO - DAG(s) 'example_trigger_target_dag' retrieved from /home/airflow/.local/lib/python3.12/site-packages/airflow/example_dags/example_trigger_target_dag.py
[2024-10-18T11:10:39.484+0000] {logging_mixin.py:190} INFO - [2024-10-18T11:10:39.484+0000] {dag.py:3239} INFO - Sync 1 DAGs
[2024-10-18T11:10:39.497+0000] {logging_mixin.py:190} INFO - [2024-10-18T11:10:39.496+0000] {dag.py:4180} INFO - Setting next_dagrun for example_trigger_target_dag to None, run_after=None
[2024-10-18T11:10:39.522+0000] {processor.py:208} INFO - Processing /home/airflow/.local/lib/python3.12/site-packages/airflow/example_dags/example_trigger_target_dag.py took 0.072 seconds
[2024-10-18T11:11:10.357+0000] {processor.py:186} INFO - Started process (PID=8598) to work on /home/airflow/.local/lib/python3.12/site-packages/airflow/example_dags/example_trigger_target_dag.py
[2024-10-18T11:11:10.358+0000] {processor.py:914} INFO - Processing file /home/airflow/.local/lib/python3.12/site-packages/airflow/example_dags/example_trigger_target_dag.py for tasks to queue
[2024-10-18T11:11:10.362+0000] {logging_mixin.py:190} INFO - [2024-10-18T11:11:10.362+0000] {dagbag.py:588} INFO - Filling up the DagBag from /home/airflow/.local/lib/python3.12/site-packages/airflow/example_dags/example_trigger_target_dag.py
[2024-10-18T11:11:10.374+0000] {processor.py:925} INFO - DAG(s) 'example_trigger_target_dag' retrieved from /home/airflow/.local/lib/python3.12/site-packages/airflow/example_dags/example_trigger_target_dag.py
[2024-10-18T11:11:10.392+0000] {logging_mixin.py:190} INFO - [2024-10-18T11:11:10.392+0000] {dag.py:3239} INFO - Sync 1 DAGs
[2024-10-18T11:11:10.406+0000] {logging_mixin.py:190} INFO - [2024-10-18T11:11:10.405+0000] {dag.py:4180} INFO - Setting next_dagrun for example_trigger_target_dag to None, run_after=None
[2024-10-18T11:11:10.427+0000] {processor.py:208} INFO - Processing /home/airflow/.local/lib/python3.12/site-packages/airflow/example_dags/example_trigger_target_dag.py took 0.075 seconds
[2024-10-18T11:11:40.904+0000] {processor.py:186} INFO - Started process (PID=8884) to work on /home/airflow/.local/lib/python3.12/site-packages/airflow/example_dags/example_trigger_target_dag.py
[2024-10-18T11:11:40.907+0000] {processor.py:914} INFO - Processing file /home/airflow/.local/lib/python3.12/site-packages/airflow/example_dags/example_trigger_target_dag.py for tasks to queue
[2024-10-18T11:11:40.910+0000] {logging_mixin.py:190} INFO - [2024-10-18T11:11:40.909+0000] {dagbag.py:588} INFO - Filling up the DagBag from /home/airflow/.local/lib/python3.12/site-packages/airflow/example_dags/example_trigger_target_dag.py
[2024-10-18T11:11:40.922+0000] {processor.py:925} INFO - DAG(s) 'example_trigger_target_dag' retrieved from /home/airflow/.local/lib/python3.12/site-packages/airflow/example_dags/example_trigger_target_dag.py
[2024-10-18T11:11:40.974+0000] {logging_mixin.py:190} INFO - [2024-10-18T11:11:40.974+0000] {dag.py:3239} INFO - Sync 1 DAGs
[2024-10-18T11:11:41.008+0000] {logging_mixin.py:190} INFO - [2024-10-18T11:11:41.007+0000] {dag.py:4180} INFO - Setting next_dagrun for example_trigger_target_dag to None, run_after=None
[2024-10-18T11:11:41.060+0000] {processor.py:208} INFO - Processing /home/airflow/.local/lib/python3.12/site-packages/airflow/example_dags/example_trigger_target_dag.py took 0.168 seconds
[2024-10-18T11:12:11.467+0000] {processor.py:186} INFO - Started process (PID=9175) to work on /home/airflow/.local/lib/python3.12/site-packages/airflow/example_dags/example_trigger_target_dag.py
[2024-10-18T11:12:11.468+0000] {processor.py:914} INFO - Processing file /home/airflow/.local/lib/python3.12/site-packages/airflow/example_dags/example_trigger_target_dag.py for tasks to queue
[2024-10-18T11:12:11.470+0000] {logging_mixin.py:190} INFO - [2024-10-18T11:12:11.470+0000] {dagbag.py:588} INFO - Filling up the DagBag from /home/airflow/.local/lib/python3.12/site-packages/airflow/example_dags/example_trigger_target_dag.py
[2024-10-18T11:12:11.480+0000] {processor.py:925} INFO - DAG(s) 'example_trigger_target_dag' retrieved from /home/airflow/.local/lib/python3.12/site-packages/airflow/example_dags/example_trigger_target_dag.py
[2024-10-18T11:12:11.503+0000] {logging_mixin.py:190} INFO - [2024-10-18T11:12:11.502+0000] {dag.py:3239} INFO - Sync 1 DAGs
[2024-10-18T11:12:11.524+0000] {logging_mixin.py:190} INFO - [2024-10-18T11:12:11.523+0000] {dag.py:4180} INFO - Setting next_dagrun for example_trigger_target_dag to None, run_after=None
[2024-10-18T11:12:11.554+0000] {processor.py:208} INFO - Processing /home/airflow/.local/lib/python3.12/site-packages/airflow/example_dags/example_trigger_target_dag.py took 0.093 seconds
[2024-10-18T11:12:41.799+0000] {processor.py:186} INFO - Started process (PID=9462) to work on /home/airflow/.local/lib/python3.12/site-packages/airflow/example_dags/example_trigger_target_dag.py
[2024-10-18T11:12:41.800+0000] {processor.py:914} INFO - Processing file /home/airflow/.local/lib/python3.12/site-packages/airflow/example_dags/example_trigger_target_dag.py for tasks to queue
[2024-10-18T11:12:41.802+0000] {logging_mixin.py:190} INFO - [2024-10-18T11:12:41.802+0000] {dagbag.py:588} INFO - Filling up the DagBag from /home/airflow/.local/lib/python3.12/site-packages/airflow/example_dags/example_trigger_target_dag.py
[2024-10-18T11:12:41.808+0000] {processor.py:925} INFO - DAG(s) 'example_trigger_target_dag' retrieved from /home/airflow/.local/lib/python3.12/site-packages/airflow/example_dags/example_trigger_target_dag.py
[2024-10-18T11:12:41.826+0000] {logging_mixin.py:190} INFO - [2024-10-18T11:12:41.825+0000] {dag.py:3239} INFO - Sync 1 DAGs
[2024-10-18T11:12:41.843+0000] {logging_mixin.py:190} INFO - [2024-10-18T11:12:41.843+0000] {dag.py:4180} INFO - Setting next_dagrun for example_trigger_target_dag to None, run_after=None
[2024-10-18T11:12:41.865+0000] {processor.py:208} INFO - Processing /home/airflow/.local/lib/python3.12/site-packages/airflow/example_dags/example_trigger_target_dag.py took 0.071 seconds
[2024-10-18T11:13:12.306+0000] {processor.py:186} INFO - Started process (PID=9748) to work on /home/airflow/.local/lib/python3.12/site-packages/airflow/example_dags/example_trigger_target_dag.py
[2024-10-18T11:13:12.307+0000] {processor.py:914} INFO - Processing file /home/airflow/.local/lib/python3.12/site-packages/airflow/example_dags/example_trigger_target_dag.py for tasks to queue
[2024-10-18T11:13:12.310+0000] {logging_mixin.py:190} INFO - [2024-10-18T11:13:12.309+0000] {dagbag.py:588} INFO - Filling up the DagBag from /home/airflow/.local/lib/python3.12/site-packages/airflow/example_dags/example_trigger_target_dag.py
[2024-10-18T11:13:12.318+0000] {processor.py:925} INFO - DAG(s) 'example_trigger_target_dag' retrieved from /home/airflow/.local/lib/python3.12/site-packages/airflow/example_dags/example_trigger_target_dag.py
[2024-10-18T11:13:12.339+0000] {logging_mixin.py:190} INFO - [2024-10-18T11:13:12.338+0000] {dag.py:3239} INFO - Sync 1 DAGs
[2024-10-18T11:13:12.352+0000] {logging_mixin.py:190} INFO - [2024-10-18T11:13:12.352+0000] {dag.py:4180} INFO - Setting next_dagrun for example_trigger_target_dag to None, run_after=None
[2024-10-18T11:13:12.373+0000] {processor.py:208} INFO - Processing /home/airflow/.local/lib/python3.12/site-packages/airflow/example_dags/example_trigger_target_dag.py took 0.073 seconds
[2024-10-18T11:13:42.951+0000] {processor.py:186} INFO - Started process (PID=10034) to work on /home/airflow/.local/lib/python3.12/site-packages/airflow/example_dags/example_trigger_target_dag.py
[2024-10-18T11:13:42.952+0000] {processor.py:914} INFO - Processing file /home/airflow/.local/lib/python3.12/site-packages/airflow/example_dags/example_trigger_target_dag.py for tasks to queue
[2024-10-18T11:13:42.954+0000] {logging_mixin.py:190} INFO - [2024-10-18T11:13:42.953+0000] {dagbag.py:588} INFO - Filling up the DagBag from /home/airflow/.local/lib/python3.12/site-packages/airflow/example_dags/example_trigger_target_dag.py
[2024-10-18T11:13:42.960+0000] {processor.py:925} INFO - DAG(s) 'example_trigger_target_dag' retrieved from /home/airflow/.local/lib/python3.12/site-packages/airflow/example_dags/example_trigger_target_dag.py
[2024-10-18T11:13:42.976+0000] {logging_mixin.py:190} INFO - [2024-10-18T11:13:42.976+0000] {dag.py:3239} INFO - Sync 1 DAGs
[2024-10-18T11:13:42.989+0000] {logging_mixin.py:190} INFO - [2024-10-18T11:13:42.989+0000] {dag.py:4180} INFO - Setting next_dagrun for example_trigger_target_dag to None, run_after=None
[2024-10-18T11:13:43.011+0000] {processor.py:208} INFO - Processing /home/airflow/.local/lib/python3.12/site-packages/airflow/example_dags/example_trigger_target_dag.py took 0.065 seconds
[2024-10-18T11:14:13.678+0000] {processor.py:186} INFO - Started process (PID=10331) to work on /home/airflow/.local/lib/python3.12/site-packages/airflow/example_dags/example_trigger_target_dag.py
[2024-10-18T11:14:13.679+0000] {processor.py:914} INFO - Processing file /home/airflow/.local/lib/python3.12/site-packages/airflow/example_dags/example_trigger_target_dag.py for tasks to queue
[2024-10-18T11:14:13.682+0000] {logging_mixin.py:190} INFO - [2024-10-18T11:14:13.682+0000] {dagbag.py:588} INFO - Filling up the DagBag from /home/airflow/.local/lib/python3.12/site-packages/airflow/example_dags/example_trigger_target_dag.py
[2024-10-18T11:14:13.695+0000] {processor.py:925} INFO - DAG(s) 'example_trigger_target_dag' retrieved from /home/airflow/.local/lib/python3.12/site-packages/airflow/example_dags/example_trigger_target_dag.py
[2024-10-18T11:14:13.720+0000] {logging_mixin.py:190} INFO - [2024-10-18T11:14:13.720+0000] {dag.py:3239} INFO - Sync 1 DAGs
[2024-10-18T11:14:13.743+0000] {logging_mixin.py:190} INFO - [2024-10-18T11:14:13.743+0000] {dag.py:4180} INFO - Setting next_dagrun for example_trigger_target_dag to None, run_after=None
[2024-10-18T11:14:13.773+0000] {processor.py:208} INFO - Processing /home/airflow/.local/lib/python3.12/site-packages/airflow/example_dags/example_trigger_target_dag.py took 0.102 seconds
[2024-10-18T11:14:44.599+0000] {processor.py:186} INFO - Started process (PID=10630) to work on /home/airflow/.local/lib/python3.12/site-packages/airflow/example_dags/example_trigger_target_dag.py
[2024-10-18T11:14:44.600+0000] {processor.py:914} INFO - Processing file /home/airflow/.local/lib/python3.12/site-packages/airflow/example_dags/example_trigger_target_dag.py for tasks to queue
[2024-10-18T11:14:44.602+0000] {logging_mixin.py:190} INFO - [2024-10-18T11:14:44.602+0000] {dagbag.py:588} INFO - Filling up the DagBag from /home/airflow/.local/lib/python3.12/site-packages/airflow/example_dags/example_trigger_target_dag.py
[2024-10-18T11:14:44.610+0000] {processor.py:925} INFO - DAG(s) 'example_trigger_target_dag' retrieved from /home/airflow/.local/lib/python3.12/site-packages/airflow/example_dags/example_trigger_target_dag.py
[2024-10-18T11:14:44.627+0000] {logging_mixin.py:190} INFO - [2024-10-18T11:14:44.627+0000] {dag.py:3239} INFO - Sync 1 DAGs
[2024-10-18T11:14:44.641+0000] {logging_mixin.py:190} INFO - [2024-10-18T11:14:44.641+0000] {dag.py:4180} INFO - Setting next_dagrun for example_trigger_target_dag to None, run_after=None
[2024-10-18T11:14:44.661+0000] {processor.py:208} INFO - Processing /home/airflow/.local/lib/python3.12/site-packages/airflow/example_dags/example_trigger_target_dag.py took 0.067 seconds
[2024-10-18T11:15:15.104+0000] {processor.py:186} INFO - Started process (PID=10916) to work on /home/airflow/.local/lib/python3.12/site-packages/airflow/example_dags/example_trigger_target_dag.py
[2024-10-18T11:15:15.105+0000] {processor.py:914} INFO - Processing file /home/airflow/.local/lib/python3.12/site-packages/airflow/example_dags/example_trigger_target_dag.py for tasks to queue
[2024-10-18T11:15:15.108+0000] {logging_mixin.py:190} INFO - [2024-10-18T11:15:15.108+0000] {dagbag.py:588} INFO - Filling up the DagBag from /home/airflow/.local/lib/python3.12/site-packages/airflow/example_dags/example_trigger_target_dag.py
[2024-10-18T11:15:15.116+0000] {processor.py:925} INFO - DAG(s) 'example_trigger_target_dag' retrieved from /home/airflow/.local/lib/python3.12/site-packages/airflow/example_dags/example_trigger_target_dag.py
[2024-10-18T11:15:15.134+0000] {logging_mixin.py:190} INFO - [2024-10-18T11:15:15.134+0000] {dag.py:3239} INFO - Sync 1 DAGs
[2024-10-18T11:15:15.149+0000] {logging_mixin.py:190} INFO - [2024-10-18T11:15:15.148+0000] {dag.py:4180} INFO - Setting next_dagrun for example_trigger_target_dag to None, run_after=None
[2024-10-18T11:15:15.174+0000] {processor.py:208} INFO - Processing /home/airflow/.local/lib/python3.12/site-packages/airflow/example_dags/example_trigger_target_dag.py took 0.075 seconds
[2024-10-18T11:15:45.593+0000] {processor.py:186} INFO - Started process (PID=11202) to work on /home/airflow/.local/lib/python3.12/site-packages/airflow/example_dags/example_trigger_target_dag.py
[2024-10-18T11:15:45.594+0000] {processor.py:914} INFO - Processing file /home/airflow/.local/lib/python3.12/site-packages/airflow/example_dags/example_trigger_target_dag.py for tasks to queue
[2024-10-18T11:15:45.597+0000] {logging_mixin.py:190} INFO - [2024-10-18T11:15:45.597+0000] {dagbag.py:588} INFO - Filling up the DagBag from /home/airflow/.local/lib/python3.12/site-packages/airflow/example_dags/example_trigger_target_dag.py
[2024-10-18T11:15:45.608+0000] {processor.py:925} INFO - DAG(s) 'example_trigger_target_dag' retrieved from /home/airflow/.local/lib/python3.12/site-packages/airflow/example_dags/example_trigger_target_dag.py
[2024-10-18T11:15:45.634+0000] {logging_mixin.py:190} INFO - [2024-10-18T11:15:45.633+0000] {dag.py:3239} INFO - Sync 1 DAGs
[2024-10-18T11:15:45.653+0000] {logging_mixin.py:190} INFO - [2024-10-18T11:15:45.653+0000] {dag.py:4180} INFO - Setting next_dagrun for example_trigger_target_dag to None, run_after=None
[2024-10-18T11:15:45.682+0000] {processor.py:208} INFO - Processing /home/airflow/.local/lib/python3.12/site-packages/airflow/example_dags/example_trigger_target_dag.py took 0.099 seconds
[2024-10-18T11:16:15.846+0000] {processor.py:186} INFO - Started process (PID=11485) to work on /home/airflow/.local/lib/python3.12/site-packages/airflow/example_dags/example_trigger_target_dag.py
[2024-10-18T11:16:15.848+0000] {processor.py:914} INFO - Processing file /home/airflow/.local/lib/python3.12/site-packages/airflow/example_dags/example_trigger_target_dag.py for tasks to queue
[2024-10-18T11:16:15.851+0000] {logging_mixin.py:190} INFO - [2024-10-18T11:16:15.851+0000] {dagbag.py:588} INFO - Filling up the DagBag from /home/airflow/.local/lib/python3.12/site-packages/airflow/example_dags/example_trigger_target_dag.py
[2024-10-18T11:16:15.862+0000] {processor.py:925} INFO - DAG(s) 'example_trigger_target_dag' retrieved from /home/airflow/.local/lib/python3.12/site-packages/airflow/example_dags/example_trigger_target_dag.py
[2024-10-18T11:16:15.885+0000] {logging_mixin.py:190} INFO - [2024-10-18T11:16:15.885+0000] {dag.py:3239} INFO - Sync 1 DAGs
[2024-10-18T11:16:15.903+0000] {logging_mixin.py:190} INFO - [2024-10-18T11:16:15.903+0000] {dag.py:4180} INFO - Setting next_dagrun for example_trigger_target_dag to None, run_after=None
[2024-10-18T11:16:15.929+0000] {processor.py:208} INFO - Processing /home/airflow/.local/lib/python3.12/site-packages/airflow/example_dags/example_trigger_target_dag.py took 0.091 seconds
[2024-10-18T11:16:46.774+0000] {processor.py:186} INFO - Started process (PID=11795) to work on /home/airflow/.local/lib/python3.12/site-packages/airflow/example_dags/example_trigger_target_dag.py
[2024-10-18T11:16:46.776+0000] {processor.py:914} INFO - Processing file /home/airflow/.local/lib/python3.12/site-packages/airflow/example_dags/example_trigger_target_dag.py for tasks to queue
[2024-10-18T11:16:46.783+0000] {logging_mixin.py:190} INFO - [2024-10-18T11:16:46.782+0000] {dagbag.py:588} INFO - Filling up the DagBag from /home/airflow/.local/lib/python3.12/site-packages/airflow/example_dags/example_trigger_target_dag.py
[2024-10-18T11:16:46.821+0000] {processor.py:925} INFO - DAG(s) 'example_trigger_target_dag' retrieved from /home/airflow/.local/lib/python3.12/site-packages/airflow/example_dags/example_trigger_target_dag.py
[2024-10-18T11:16:46.903+0000] {logging_mixin.py:190} INFO - [2024-10-18T11:16:46.902+0000] {dag.py:3239} INFO - Sync 1 DAGs
[2024-10-18T11:16:46.967+0000] {logging_mixin.py:190} INFO - [2024-10-18T11:16:46.966+0000] {dag.py:4180} INFO - Setting next_dagrun for example_trigger_target_dag to None, run_after=None
[2024-10-18T11:16:47.026+0000] {processor.py:208} INFO - Processing /home/airflow/.local/lib/python3.12/site-packages/airflow/example_dags/example_trigger_target_dag.py took 0.265 seconds
[2024-10-18T11:17:17.285+0000] {processor.py:186} INFO - Started process (PID=12093) to work on /home/airflow/.local/lib/python3.12/site-packages/airflow/example_dags/example_trigger_target_dag.py
[2024-10-18T11:17:17.287+0000] {processor.py:914} INFO - Processing file /home/airflow/.local/lib/python3.12/site-packages/airflow/example_dags/example_trigger_target_dag.py for tasks to queue
[2024-10-18T11:17:17.290+0000] {logging_mixin.py:190} INFO - [2024-10-18T11:17:17.289+0000] {dagbag.py:588} INFO - Filling up the DagBag from /home/airflow/.local/lib/python3.12/site-packages/airflow/example_dags/example_trigger_target_dag.py
[2024-10-18T11:17:17.302+0000] {processor.py:925} INFO - DAG(s) 'example_trigger_target_dag' retrieved from /home/airflow/.local/lib/python3.12/site-packages/airflow/example_dags/example_trigger_target_dag.py
[2024-10-18T11:17:17.336+0000] {logging_mixin.py:190} INFO - [2024-10-18T11:17:17.335+0000] {dag.py:3239} INFO - Sync 1 DAGs
[2024-10-18T11:17:17.359+0000] {logging_mixin.py:190} INFO - [2024-10-18T11:17:17.359+0000] {dag.py:4180} INFO - Setting next_dagrun for example_trigger_target_dag to None, run_after=None
[2024-10-18T11:17:17.393+0000] {processor.py:208} INFO - Processing /home/airflow/.local/lib/python3.12/site-packages/airflow/example_dags/example_trigger_target_dag.py took 0.118 seconds
[2024-10-18T11:17:47.904+0000] {processor.py:186} INFO - Started process (PID=12379) to work on /home/airflow/.local/lib/python3.12/site-packages/airflow/example_dags/example_trigger_target_dag.py
[2024-10-18T11:17:47.909+0000] {processor.py:914} INFO - Processing file /home/airflow/.local/lib/python3.12/site-packages/airflow/example_dags/example_trigger_target_dag.py for tasks to queue
[2024-10-18T11:17:47.912+0000] {logging_mixin.py:190} INFO - [2024-10-18T11:17:47.912+0000] {dagbag.py:588} INFO - Filling up the DagBag from /home/airflow/.local/lib/python3.12/site-packages/airflow/example_dags/example_trigger_target_dag.py
[2024-10-18T11:17:47.928+0000] {processor.py:925} INFO - DAG(s) 'example_trigger_target_dag' retrieved from /home/airflow/.local/lib/python3.12/site-packages/airflow/example_dags/example_trigger_target_dag.py
[2024-10-18T11:17:47.966+0000] {logging_mixin.py:190} INFO - [2024-10-18T11:17:47.965+0000] {dag.py:3239} INFO - Sync 1 DAGs
[2024-10-18T11:17:47.999+0000] {logging_mixin.py:190} INFO - [2024-10-18T11:17:47.998+0000] {dag.py:4180} INFO - Setting next_dagrun for example_trigger_target_dag to None, run_after=None
[2024-10-18T11:17:48.046+0000] {processor.py:208} INFO - Processing /home/airflow/.local/lib/python3.12/site-packages/airflow/example_dags/example_trigger_target_dag.py took 0.151 seconds
[2024-10-18T11:18:18.508+0000] {processor.py:186} INFO - Started process (PID=12665) to work on /home/airflow/.local/lib/python3.12/site-packages/airflow/example_dags/example_trigger_target_dag.py
[2024-10-18T11:18:18.510+0000] {processor.py:914} INFO - Processing file /home/airflow/.local/lib/python3.12/site-packages/airflow/example_dags/example_trigger_target_dag.py for tasks to queue
[2024-10-18T11:18:18.516+0000] {logging_mixin.py:190} INFO - [2024-10-18T11:18:18.515+0000] {dagbag.py:588} INFO - Filling up the DagBag from /home/airflow/.local/lib/python3.12/site-packages/airflow/example_dags/example_trigger_target_dag.py
[2024-10-18T11:18:18.526+0000] {processor.py:925} INFO - DAG(s) 'example_trigger_target_dag' retrieved from /home/airflow/.local/lib/python3.12/site-packages/airflow/example_dags/example_trigger_target_dag.py
[2024-10-18T11:18:18.572+0000] {logging_mixin.py:190} INFO - [2024-10-18T11:18:18.571+0000] {dag.py:3239} INFO - Sync 1 DAGs
[2024-10-18T11:18:18.602+0000] {logging_mixin.py:190} INFO - [2024-10-18T11:18:18.601+0000] {dag.py:4180} INFO - Setting next_dagrun for example_trigger_target_dag to None, run_after=None
[2024-10-18T11:18:18.644+0000] {processor.py:208} INFO - Processing /home/airflow/.local/lib/python3.12/site-packages/airflow/example_dags/example_trigger_target_dag.py took 0.149 seconds
[2024-10-18T11:18:48.937+0000] {processor.py:186} INFO - Started process (PID=12951) to work on /home/airflow/.local/lib/python3.12/site-packages/airflow/example_dags/example_trigger_target_dag.py
[2024-10-18T11:18:48.938+0000] {processor.py:914} INFO - Processing file /home/airflow/.local/lib/python3.12/site-packages/airflow/example_dags/example_trigger_target_dag.py for tasks to queue
[2024-10-18T11:18:48.941+0000] {logging_mixin.py:190} INFO - [2024-10-18T11:18:48.940+0000] {dagbag.py:588} INFO - Filling up the DagBag from /home/airflow/.local/lib/python3.12/site-packages/airflow/example_dags/example_trigger_target_dag.py
[2024-10-18T11:18:48.950+0000] {processor.py:925} INFO - DAG(s) 'example_trigger_target_dag' retrieved from /home/airflow/.local/lib/python3.12/site-packages/airflow/example_dags/example_trigger_target_dag.py
[2024-10-18T11:18:48.975+0000] {logging_mixin.py:190} INFO - [2024-10-18T11:18:48.974+0000] {dag.py:3239} INFO - Sync 1 DAGs
[2024-10-18T11:18:48.994+0000] {logging_mixin.py:190} INFO - [2024-10-18T11:18:48.993+0000] {dag.py:4180} INFO - Setting next_dagrun for example_trigger_target_dag to None, run_after=None
[2024-10-18T11:18:49.022+0000] {processor.py:208} INFO - Processing /home/airflow/.local/lib/python3.12/site-packages/airflow/example_dags/example_trigger_target_dag.py took 0.095 seconds
[2024-10-18T11:19:19.799+0000] {processor.py:186} INFO - Started process (PID=13238) to work on /home/airflow/.local/lib/python3.12/site-packages/airflow/example_dags/example_trigger_target_dag.py
[2024-10-18T11:19:19.800+0000] {processor.py:914} INFO - Processing file /home/airflow/.local/lib/python3.12/site-packages/airflow/example_dags/example_trigger_target_dag.py for tasks to queue
[2024-10-18T11:19:19.803+0000] {logging_mixin.py:190} INFO - [2024-10-18T11:19:19.803+0000] {dagbag.py:588} INFO - Filling up the DagBag from /home/airflow/.local/lib/python3.12/site-packages/airflow/example_dags/example_trigger_target_dag.py
[2024-10-18T11:19:19.811+0000] {processor.py:925} INFO - DAG(s) 'example_trigger_target_dag' retrieved from /home/airflow/.local/lib/python3.12/site-packages/airflow/example_dags/example_trigger_target_dag.py
[2024-10-18T11:19:19.832+0000] {logging_mixin.py:190} INFO - [2024-10-18T11:19:19.831+0000] {dag.py:3239} INFO - Sync 1 DAGs
[2024-10-18T11:19:19.847+0000] {logging_mixin.py:190} INFO - [2024-10-18T11:19:19.847+0000] {dag.py:4180} INFO - Setting next_dagrun for example_trigger_target_dag to None, run_after=None
[2024-10-18T11:19:19.868+0000] {processor.py:208} INFO - Processing /home/airflow/.local/lib/python3.12/site-packages/airflow/example_dags/example_trigger_target_dag.py took 0.075 seconds
[2024-10-18T11:19:49.952+0000] {processor.py:186} INFO - Started process (PID=13524) to work on /home/airflow/.local/lib/python3.12/site-packages/airflow/example_dags/example_trigger_target_dag.py
[2024-10-18T11:19:49.953+0000] {processor.py:914} INFO - Processing file /home/airflow/.local/lib/python3.12/site-packages/airflow/example_dags/example_trigger_target_dag.py for tasks to queue
[2024-10-18T11:19:49.955+0000] {logging_mixin.py:190} INFO - [2024-10-18T11:19:49.955+0000] {dagbag.py:588} INFO - Filling up the DagBag from /home/airflow/.local/lib/python3.12/site-packages/airflow/example_dags/example_trigger_target_dag.py
[2024-10-18T11:19:49.963+0000] {processor.py:925} INFO - DAG(s) 'example_trigger_target_dag' retrieved from /home/airflow/.local/lib/python3.12/site-packages/airflow/example_dags/example_trigger_target_dag.py
[2024-10-18T11:19:49.981+0000] {logging_mixin.py:190} INFO - [2024-10-18T11:19:49.981+0000] {dag.py:3239} INFO - Sync 1 DAGs
[2024-10-18T11:19:49.995+0000] {logging_mixin.py:190} INFO - [2024-10-18T11:19:49.995+0000] {dag.py:4180} INFO - Setting next_dagrun for example_trigger_target_dag to None, run_after=None
[2024-10-18T11:19:50.015+0000] {processor.py:208} INFO - Processing /home/airflow/.local/lib/python3.12/site-packages/airflow/example_dags/example_trigger_target_dag.py took 0.068 seconds
[2024-10-18T11:20:22.003+0000] {processor.py:186} INFO - Started process (PID=13808) to work on /home/airflow/.local/lib/python3.12/site-packages/airflow/example_dags/example_trigger_target_dag.py
[2024-10-18T11:20:22.004+0000] {processor.py:914} INFO - Processing file /home/airflow/.local/lib/python3.12/site-packages/airflow/example_dags/example_trigger_target_dag.py for tasks to queue
[2024-10-18T11:20:22.010+0000] {logging_mixin.py:190} INFO - [2024-10-18T11:20:22.009+0000] {dagbag.py:588} INFO - Filling up the DagBag from /home/airflow/.local/lib/python3.12/site-packages/airflow/example_dags/example_trigger_target_dag.py
[2024-10-18T11:20:22.026+0000] {processor.py:925} INFO - DAG(s) 'example_trigger_target_dag' retrieved from /home/airflow/.local/lib/python3.12/site-packages/airflow/example_dags/example_trigger_target_dag.py
[2024-10-18T11:20:22.065+0000] {logging_mixin.py:190} INFO - [2024-10-18T11:20:22.064+0000] {dag.py:3239} INFO - Sync 1 DAGs
[2024-10-18T11:20:22.397+0000] {logging_mixin.py:190} INFO - [2024-10-18T11:20:22.396+0000] {dag.py:4180} INFO - Setting next_dagrun for example_trigger_target_dag to None, run_after=None
[2024-10-18T11:20:22.451+0000] {processor.py:208} INFO - Processing /home/airflow/.local/lib/python3.12/site-packages/airflow/example_dags/example_trigger_target_dag.py took 0.461 seconds
[2024-10-18T11:20:53.381+0000] {processor.py:186} INFO - Started process (PID=14097) to work on /home/airflow/.local/lib/python3.12/site-packages/airflow/example_dags/example_trigger_target_dag.py
[2024-10-18T11:20:53.382+0000] {processor.py:914} INFO - Processing file /home/airflow/.local/lib/python3.12/site-packages/airflow/example_dags/example_trigger_target_dag.py for tasks to queue
[2024-10-18T11:20:53.384+0000] {logging_mixin.py:190} INFO - [2024-10-18T11:20:53.384+0000] {dagbag.py:588} INFO - Filling up the DagBag from /home/airflow/.local/lib/python3.12/site-packages/airflow/example_dags/example_trigger_target_dag.py
[2024-10-18T11:20:53.391+0000] {processor.py:925} INFO - DAG(s) 'example_trigger_target_dag' retrieved from /home/airflow/.local/lib/python3.12/site-packages/airflow/example_dags/example_trigger_target_dag.py
[2024-10-18T11:20:53.408+0000] {logging_mixin.py:190} INFO - [2024-10-18T11:20:53.408+0000] {dag.py:3239} INFO - Sync 1 DAGs
[2024-10-18T11:20:53.422+0000] {logging_mixin.py:190} INFO - [2024-10-18T11:20:53.421+0000] {dag.py:4180} INFO - Setting next_dagrun for example_trigger_target_dag to None, run_after=None
[2024-10-18T11:20:53.610+0000] {processor.py:208} INFO - Processing /home/airflow/.local/lib/python3.12/site-packages/airflow/example_dags/example_trigger_target_dag.py took 0.234 seconds
