[2024-10-18T10:56:25.045+0000] {processor.py:186} INFO - Started process (PID=264) to work on /home/airflow/.local/lib/python3.12/site-packages/airflow/example_dags/example_python_decorator.py
[2024-10-18T10:56:25.047+0000] {processor.py:914} INFO - Processing file /home/airflow/.local/lib/python3.12/site-packages/airflow/example_dags/example_python_decorator.py for tasks to queue
[2024-10-18T10:56:25.050+0000] {logging_mixin.py:190} INFO - [2024-10-18T10:56:25.049+0000] {dagbag.py:588} INFO - Filling up the DagBag from /home/airflow/.local/lib/python3.12/site-packages/airflow/example_dags/example_python_decorator.py
[2024-10-18T10:56:25.071+0000] {processor.py:925} INFO - DAG(s) 'example_python_decorator' retrieved from /home/airflow/.local/lib/python3.12/site-packages/airflow/example_dags/example_python_decorator.py
[2024-10-18T10:56:25.253+0000] {logging_mixin.py:190} INFO - [2024-10-18T10:56:25.252+0000] {override.py:1900} INFO - Created Permission View: can delete on DAG:example_python_decorator
[2024-10-18T10:56:25.272+0000] {logging_mixin.py:190} INFO - [2024-10-18T10:56:25.271+0000] {override.py:1900} INFO - Created Permission View: can edit on DAG:example_python_decorator
[2024-10-18T10:56:25.281+0000] {logging_mixin.py:190} INFO - [2024-10-18T10:56:25.281+0000] {override.py:1900} INFO - Created Permission View: can read on DAG:example_python_decorator
[2024-10-18T10:56:25.293+0000] {logging_mixin.py:190} INFO - [2024-10-18T10:56:25.292+0000] {override.py:1900} INFO - Created Permission View: can delete on DAG Run:example_python_decorator
[2024-10-18T10:56:25.303+0000] {logging_mixin.py:190} INFO - [2024-10-18T10:56:25.302+0000] {override.py:1900} INFO - Created Permission View: menu access on DAG Run:example_python_decorator
[2024-10-18T10:56:25.313+0000] {logging_mixin.py:190} INFO - [2024-10-18T10:56:25.313+0000] {override.py:1900} INFO - Created Permission View: can read on DAG Run:example_python_decorator
[2024-10-18T10:56:25.323+0000] {logging_mixin.py:190} INFO - [2024-10-18T10:56:25.323+0000] {override.py:1900} INFO - Created Permission View: can create on DAG Run:example_python_decorator
[2024-10-18T10:56:25.324+0000] {logging_mixin.py:190} INFO - [2024-10-18T10:56:25.324+0000] {dag.py:3239} INFO - Sync 1 DAGs
[2024-10-18T10:56:25.342+0000] {logging_mixin.py:190} INFO - [2024-10-18T10:56:25.342+0000] {dag.py:3262} INFO - Creating ORM DAG for example_python_decorator
[2024-10-18T10:56:25.343+0000] {logging_mixin.py:190} INFO - [2024-10-18T10:56:25.343+0000] {dag.py:4180} INFO - Setting next_dagrun for example_python_decorator to None, run_after=None
[2024-10-18T10:56:25.368+0000] {processor.py:208} INFO - Processing /home/airflow/.local/lib/python3.12/site-packages/airflow/example_dags/example_python_decorator.py took 0.331 seconds
[2024-10-18T10:56:56.028+0000] {processor.py:186} INFO - Started process (PID=552) to work on /home/airflow/.local/lib/python3.12/site-packages/airflow/example_dags/example_python_decorator.py
[2024-10-18T10:56:56.030+0000] {processor.py:914} INFO - Processing file /home/airflow/.local/lib/python3.12/site-packages/airflow/example_dags/example_python_decorator.py for tasks to queue
[2024-10-18T10:56:56.032+0000] {logging_mixin.py:190} INFO - [2024-10-18T10:56:56.032+0000] {dagbag.py:588} INFO - Filling up the DagBag from /home/airflow/.local/lib/python3.12/site-packages/airflow/example_dags/example_python_decorator.py
[2024-10-18T10:56:56.064+0000] {processor.py:925} INFO - DAG(s) 'example_python_decorator' retrieved from /home/airflow/.local/lib/python3.12/site-packages/airflow/example_dags/example_python_decorator.py
[2024-10-18T10:56:56.115+0000] {logging_mixin.py:190} INFO - [2024-10-18T10:56:56.115+0000] {dag.py:3239} INFO - Sync 1 DAGs
[2024-10-18T10:56:56.144+0000] {logging_mixin.py:190} INFO - [2024-10-18T10:56:56.144+0000] {dag.py:4180} INFO - Setting next_dagrun for example_python_decorator to None, run_after=None
[2024-10-18T10:56:56.182+0000] {processor.py:208} INFO - Processing /home/airflow/.local/lib/python3.12/site-packages/airflow/example_dags/example_python_decorator.py took 0.164 seconds
[2024-10-18T10:57:27.221+0000] {processor.py:186} INFO - Started process (PID=838) to work on /home/airflow/.local/lib/python3.12/site-packages/airflow/example_dags/example_python_decorator.py
[2024-10-18T10:57:27.223+0000] {processor.py:914} INFO - Processing file /home/airflow/.local/lib/python3.12/site-packages/airflow/example_dags/example_python_decorator.py for tasks to queue
[2024-10-18T10:57:27.234+0000] {logging_mixin.py:190} INFO - [2024-10-18T10:57:27.233+0000] {dagbag.py:588} INFO - Filling up the DagBag from /home/airflow/.local/lib/python3.12/site-packages/airflow/example_dags/example_python_decorator.py
[2024-10-18T10:57:27.271+0000] {processor.py:925} INFO - DAG(s) 'example_python_decorator' retrieved from /home/airflow/.local/lib/python3.12/site-packages/airflow/example_dags/example_python_decorator.py
[2024-10-18T10:57:27.340+0000] {logging_mixin.py:190} INFO - [2024-10-18T10:57:27.339+0000] {dag.py:3239} INFO - Sync 1 DAGs
[2024-10-18T10:57:27.390+0000] {logging_mixin.py:190} INFO - [2024-10-18T10:57:27.390+0000] {dag.py:4180} INFO - Setting next_dagrun for example_python_decorator to None, run_after=None
[2024-10-18T10:57:27.465+0000] {processor.py:208} INFO - Processing /home/airflow/.local/lib/python3.12/site-packages/airflow/example_dags/example_python_decorator.py took 0.260 seconds
[2024-10-18T10:57:58.232+0000] {processor.py:186} INFO - Started process (PID=1126) to work on /home/airflow/.local/lib/python3.12/site-packages/airflow/example_dags/example_python_decorator.py
[2024-10-18T10:57:58.233+0000] {processor.py:914} INFO - Processing file /home/airflow/.local/lib/python3.12/site-packages/airflow/example_dags/example_python_decorator.py for tasks to queue
[2024-10-18T10:57:58.236+0000] {logging_mixin.py:190} INFO - [2024-10-18T10:57:58.236+0000] {dagbag.py:588} INFO - Filling up the DagBag from /home/airflow/.local/lib/python3.12/site-packages/airflow/example_dags/example_python_decorator.py
[2024-10-18T10:57:58.258+0000] {processor.py:925} INFO - DAG(s) 'example_python_decorator' retrieved from /home/airflow/.local/lib/python3.12/site-packages/airflow/example_dags/example_python_decorator.py
[2024-10-18T10:57:58.291+0000] {logging_mixin.py:190} INFO - [2024-10-18T10:57:58.291+0000] {dag.py:3239} INFO - Sync 1 DAGs
[2024-10-18T10:57:58.315+0000] {logging_mixin.py:190} INFO - [2024-10-18T10:57:58.314+0000] {dag.py:4180} INFO - Setting next_dagrun for example_python_decorator to None, run_after=None
[2024-10-18T10:57:58.344+0000] {processor.py:208} INFO - Processing /home/airflow/.local/lib/python3.12/site-packages/airflow/example_dags/example_python_decorator.py took 0.120 seconds
[2024-10-18T10:58:29.187+0000] {processor.py:186} INFO - Started process (PID=1417) to work on /home/airflow/.local/lib/python3.12/site-packages/airflow/example_dags/example_python_decorator.py
[2024-10-18T10:58:29.188+0000] {processor.py:914} INFO - Processing file /home/airflow/.local/lib/python3.12/site-packages/airflow/example_dags/example_python_decorator.py for tasks to queue
[2024-10-18T10:58:29.190+0000] {logging_mixin.py:190} INFO - [2024-10-18T10:58:29.190+0000] {dagbag.py:588} INFO - Filling up the DagBag from /home/airflow/.local/lib/python3.12/site-packages/airflow/example_dags/example_python_decorator.py
[2024-10-18T10:58:29.203+0000] {processor.py:925} INFO - DAG(s) 'example_python_decorator' retrieved from /home/airflow/.local/lib/python3.12/site-packages/airflow/example_dags/example_python_decorator.py
[2024-10-18T10:58:29.224+0000] {logging_mixin.py:190} INFO - [2024-10-18T10:58:29.223+0000] {dag.py:3239} INFO - Sync 1 DAGs
[2024-10-18T10:58:29.239+0000] {logging_mixin.py:190} INFO - [2024-10-18T10:58:29.239+0000] {dag.py:4180} INFO - Setting next_dagrun for example_python_decorator to None, run_after=None
[2024-10-18T10:58:29.262+0000] {processor.py:208} INFO - Processing /home/airflow/.local/lib/python3.12/site-packages/airflow/example_dags/example_python_decorator.py took 0.080 seconds
[2024-10-18T10:58:59.616+0000] {processor.py:186} INFO - Started process (PID=1702) to work on /home/airflow/.local/lib/python3.12/site-packages/airflow/example_dags/example_python_decorator.py
[2024-10-18T10:58:59.617+0000] {processor.py:914} INFO - Processing file /home/airflow/.local/lib/python3.12/site-packages/airflow/example_dags/example_python_decorator.py for tasks to queue
[2024-10-18T10:58:59.619+0000] {logging_mixin.py:190} INFO - [2024-10-18T10:58:59.619+0000] {dagbag.py:588} INFO - Filling up the DagBag from /home/airflow/.local/lib/python3.12/site-packages/airflow/example_dags/example_python_decorator.py
[2024-10-18T10:58:59.631+0000] {processor.py:925} INFO - DAG(s) 'example_python_decorator' retrieved from /home/airflow/.local/lib/python3.12/site-packages/airflow/example_dags/example_python_decorator.py
[2024-10-18T10:58:59.651+0000] {logging_mixin.py:190} INFO - [2024-10-18T10:58:59.651+0000] {dag.py:3239} INFO - Sync 1 DAGs
[2024-10-18T10:58:59.664+0000] {logging_mixin.py:190} INFO - [2024-10-18T10:58:59.664+0000] {dag.py:4180} INFO - Setting next_dagrun for example_python_decorator to None, run_after=None
[2024-10-18T10:58:59.681+0000] {processor.py:208} INFO - Processing /home/airflow/.local/lib/python3.12/site-packages/airflow/example_dags/example_python_decorator.py took 0.070 seconds
[2024-10-18T10:59:30.147+0000] {processor.py:186} INFO - Started process (PID=1988) to work on /home/airflow/.local/lib/python3.12/site-packages/airflow/example_dags/example_python_decorator.py
[2024-10-18T10:59:30.148+0000] {processor.py:914} INFO - Processing file /home/airflow/.local/lib/python3.12/site-packages/airflow/example_dags/example_python_decorator.py for tasks to queue
[2024-10-18T10:59:30.150+0000] {logging_mixin.py:190} INFO - [2024-10-18T10:59:30.150+0000] {dagbag.py:588} INFO - Filling up the DagBag from /home/airflow/.local/lib/python3.12/site-packages/airflow/example_dags/example_python_decorator.py
[2024-10-18T10:59:30.164+0000] {processor.py:925} INFO - DAG(s) 'example_python_decorator' retrieved from /home/airflow/.local/lib/python3.12/site-packages/airflow/example_dags/example_python_decorator.py
[2024-10-18T10:59:30.185+0000] {logging_mixin.py:190} INFO - [2024-10-18T10:59:30.185+0000] {dag.py:3239} INFO - Sync 1 DAGs
[2024-10-18T10:59:30.200+0000] {logging_mixin.py:190} INFO - [2024-10-18T10:59:30.199+0000] {dag.py:4180} INFO - Setting next_dagrun for example_python_decorator to None, run_after=None
[2024-10-18T10:59:30.222+0000] {processor.py:208} INFO - Processing /home/airflow/.local/lib/python3.12/site-packages/airflow/example_dags/example_python_decorator.py took 0.080 seconds
[2024-10-18T11:00:00.460+0000] {processor.py:186} INFO - Started process (PID=2274) to work on /home/airflow/.local/lib/python3.12/site-packages/airflow/example_dags/example_python_decorator.py
[2024-10-18T11:00:00.461+0000] {processor.py:914} INFO - Processing file /home/airflow/.local/lib/python3.12/site-packages/airflow/example_dags/example_python_decorator.py for tasks to queue
[2024-10-18T11:00:00.464+0000] {logging_mixin.py:190} INFO - [2024-10-18T11:00:00.464+0000] {dagbag.py:588} INFO - Filling up the DagBag from /home/airflow/.local/lib/python3.12/site-packages/airflow/example_dags/example_python_decorator.py
[2024-10-18T11:00:00.477+0000] {processor.py:925} INFO - DAG(s) 'example_python_decorator' retrieved from /home/airflow/.local/lib/python3.12/site-packages/airflow/example_dags/example_python_decorator.py
[2024-10-18T11:00:00.497+0000] {logging_mixin.py:190} INFO - [2024-10-18T11:00:00.497+0000] {dag.py:3239} INFO - Sync 1 DAGs
[2024-10-18T11:00:00.510+0000] {logging_mixin.py:190} INFO - [2024-10-18T11:00:00.510+0000] {dag.py:4180} INFO - Setting next_dagrun for example_python_decorator to None, run_after=None
[2024-10-18T11:00:00.531+0000] {processor.py:208} INFO - Processing /home/airflow/.local/lib/python3.12/site-packages/airflow/example_dags/example_python_decorator.py took 0.076 seconds
[2024-10-18T11:00:30.821+0000] {processor.py:186} INFO - Started process (PID=2560) to work on /home/airflow/.local/lib/python3.12/site-packages/airflow/example_dags/example_python_decorator.py
[2024-10-18T11:00:30.822+0000] {processor.py:914} INFO - Processing file /home/airflow/.local/lib/python3.12/site-packages/airflow/example_dags/example_python_decorator.py for tasks to queue
[2024-10-18T11:00:30.825+0000] {logging_mixin.py:190} INFO - [2024-10-18T11:00:30.825+0000] {dagbag.py:588} INFO - Filling up the DagBag from /home/airflow/.local/lib/python3.12/site-packages/airflow/example_dags/example_python_decorator.py
[2024-10-18T11:00:30.839+0000] {processor.py:925} INFO - DAG(s) 'example_python_decorator' retrieved from /home/airflow/.local/lib/python3.12/site-packages/airflow/example_dags/example_python_decorator.py
[2024-10-18T11:00:30.865+0000] {logging_mixin.py:190} INFO - [2024-10-18T11:00:30.864+0000] {dag.py:3239} INFO - Sync 1 DAGs
[2024-10-18T11:00:30.883+0000] {logging_mixin.py:190} INFO - [2024-10-18T11:00:30.883+0000] {dag.py:4180} INFO - Setting next_dagrun for example_python_decorator to None, run_after=None
[2024-10-18T11:00:30.904+0000] {processor.py:208} INFO - Processing /home/airflow/.local/lib/python3.12/site-packages/airflow/example_dags/example_python_decorator.py took 0.089 seconds
[2024-10-18T11:01:01.399+0000] {processor.py:186} INFO - Started process (PID=2846) to work on /home/airflow/.local/lib/python3.12/site-packages/airflow/example_dags/example_python_decorator.py
[2024-10-18T11:01:01.400+0000] {processor.py:914} INFO - Processing file /home/airflow/.local/lib/python3.12/site-packages/airflow/example_dags/example_python_decorator.py for tasks to queue
[2024-10-18T11:01:01.402+0000] {logging_mixin.py:190} INFO - [2024-10-18T11:01:01.401+0000] {dagbag.py:588} INFO - Filling up the DagBag from /home/airflow/.local/lib/python3.12/site-packages/airflow/example_dags/example_python_decorator.py
[2024-10-18T11:01:01.414+0000] {processor.py:925} INFO - DAG(s) 'example_python_decorator' retrieved from /home/airflow/.local/lib/python3.12/site-packages/airflow/example_dags/example_python_decorator.py
[2024-10-18T11:01:01.434+0000] {logging_mixin.py:190} INFO - [2024-10-18T11:01:01.434+0000] {dag.py:3239} INFO - Sync 1 DAGs
[2024-10-18T11:01:01.447+0000] {logging_mixin.py:190} INFO - [2024-10-18T11:01:01.447+0000] {dag.py:4180} INFO - Setting next_dagrun for example_python_decorator to None, run_after=None
[2024-10-18T11:01:01.470+0000] {processor.py:208} INFO - Processing /home/airflow/.local/lib/python3.12/site-packages/airflow/example_dags/example_python_decorator.py took 0.076 seconds
[2024-10-18T11:01:31.783+0000] {processor.py:186} INFO - Started process (PID=3132) to work on /home/airflow/.local/lib/python3.12/site-packages/airflow/example_dags/example_python_decorator.py
[2024-10-18T11:01:31.784+0000] {processor.py:914} INFO - Processing file /home/airflow/.local/lib/python3.12/site-packages/airflow/example_dags/example_python_decorator.py for tasks to queue
[2024-10-18T11:01:31.786+0000] {logging_mixin.py:190} INFO - [2024-10-18T11:01:31.786+0000] {dagbag.py:588} INFO - Filling up the DagBag from /home/airflow/.local/lib/python3.12/site-packages/airflow/example_dags/example_python_decorator.py
[2024-10-18T11:01:31.801+0000] {processor.py:925} INFO - DAG(s) 'example_python_decorator' retrieved from /home/airflow/.local/lib/python3.12/site-packages/airflow/example_dags/example_python_decorator.py
[2024-10-18T11:01:31.825+0000] {logging_mixin.py:190} INFO - [2024-10-18T11:01:31.825+0000] {dag.py:3239} INFO - Sync 1 DAGs
[2024-10-18T11:01:31.842+0000] {logging_mixin.py:190} INFO - [2024-10-18T11:01:31.841+0000] {dag.py:4180} INFO - Setting next_dagrun for example_python_decorator to None, run_after=None
[2024-10-18T11:01:31.867+0000] {processor.py:208} INFO - Processing /home/airflow/.local/lib/python3.12/site-packages/airflow/example_dags/example_python_decorator.py took 0.090 seconds
[2024-10-18T11:02:02.419+0000] {processor.py:186} INFO - Started process (PID=3418) to work on /home/airflow/.local/lib/python3.12/site-packages/airflow/example_dags/example_python_decorator.py
[2024-10-18T11:02:02.420+0000] {processor.py:914} INFO - Processing file /home/airflow/.local/lib/python3.12/site-packages/airflow/example_dags/example_python_decorator.py for tasks to queue
[2024-10-18T11:02:02.422+0000] {logging_mixin.py:190} INFO - [2024-10-18T11:02:02.421+0000] {dagbag.py:588} INFO - Filling up the DagBag from /home/airflow/.local/lib/python3.12/site-packages/airflow/example_dags/example_python_decorator.py
[2024-10-18T11:02:02.435+0000] {processor.py:925} INFO - DAG(s) 'example_python_decorator' retrieved from /home/airflow/.local/lib/python3.12/site-packages/airflow/example_dags/example_python_decorator.py
[2024-10-18T11:02:02.455+0000] {logging_mixin.py:190} INFO - [2024-10-18T11:02:02.455+0000] {dag.py:3239} INFO - Sync 1 DAGs
[2024-10-18T11:02:02.468+0000] {logging_mixin.py:190} INFO - [2024-10-18T11:02:02.468+0000] {dag.py:4180} INFO - Setting next_dagrun for example_python_decorator to None, run_after=None
[2024-10-18T11:02:02.489+0000] {processor.py:208} INFO - Processing /home/airflow/.local/lib/python3.12/site-packages/airflow/example_dags/example_python_decorator.py took 0.076 seconds
[2024-10-18T11:02:32.775+0000] {processor.py:186} INFO - Started process (PID=3704) to work on /home/airflow/.local/lib/python3.12/site-packages/airflow/example_dags/example_python_decorator.py
[2024-10-18T11:02:32.776+0000] {processor.py:914} INFO - Processing file /home/airflow/.local/lib/python3.12/site-packages/airflow/example_dags/example_python_decorator.py for tasks to queue
[2024-10-18T11:02:32.778+0000] {logging_mixin.py:190} INFO - [2024-10-18T11:02:32.778+0000] {dagbag.py:588} INFO - Filling up the DagBag from /home/airflow/.local/lib/python3.12/site-packages/airflow/example_dags/example_python_decorator.py
[2024-10-18T11:02:32.791+0000] {processor.py:925} INFO - DAG(s) 'example_python_decorator' retrieved from /home/airflow/.local/lib/python3.12/site-packages/airflow/example_dags/example_python_decorator.py
[2024-10-18T11:02:32.812+0000] {logging_mixin.py:190} INFO - [2024-10-18T11:02:32.811+0000] {dag.py:3239} INFO - Sync 1 DAGs
[2024-10-18T11:02:32.825+0000] {logging_mixin.py:190} INFO - [2024-10-18T11:02:32.824+0000] {dag.py:4180} INFO - Setting next_dagrun for example_python_decorator to None, run_after=None
[2024-10-18T11:02:32.845+0000] {processor.py:208} INFO - Processing /home/airflow/.local/lib/python3.12/site-packages/airflow/example_dags/example_python_decorator.py took 0.075 seconds
[2024-10-18T11:03:03.282+0000] {processor.py:186} INFO - Started process (PID=3990) to work on /home/airflow/.local/lib/python3.12/site-packages/airflow/example_dags/example_python_decorator.py
[2024-10-18T11:03:03.283+0000] {processor.py:914} INFO - Processing file /home/airflow/.local/lib/python3.12/site-packages/airflow/example_dags/example_python_decorator.py for tasks to queue
[2024-10-18T11:03:03.285+0000] {logging_mixin.py:190} INFO - [2024-10-18T11:03:03.285+0000] {dagbag.py:588} INFO - Filling up the DagBag from /home/airflow/.local/lib/python3.12/site-packages/airflow/example_dags/example_python_decorator.py
[2024-10-18T11:03:03.298+0000] {processor.py:925} INFO - DAG(s) 'example_python_decorator' retrieved from /home/airflow/.local/lib/python3.12/site-packages/airflow/example_dags/example_python_decorator.py
[2024-10-18T11:03:03.318+0000] {logging_mixin.py:190} INFO - [2024-10-18T11:03:03.318+0000] {dag.py:3239} INFO - Sync 1 DAGs
[2024-10-18T11:03:03.331+0000] {logging_mixin.py:190} INFO - [2024-10-18T11:03:03.331+0000] {dag.py:4180} INFO - Setting next_dagrun for example_python_decorator to None, run_after=None
[2024-10-18T11:03:03.350+0000] {processor.py:208} INFO - Processing /home/airflow/.local/lib/python3.12/site-packages/airflow/example_dags/example_python_decorator.py took 0.072 seconds
[2024-10-18T11:03:33.671+0000] {processor.py:186} INFO - Started process (PID=4276) to work on /home/airflow/.local/lib/python3.12/site-packages/airflow/example_dags/example_python_decorator.py
[2024-10-18T11:03:33.672+0000] {processor.py:914} INFO - Processing file /home/airflow/.local/lib/python3.12/site-packages/airflow/example_dags/example_python_decorator.py for tasks to queue
[2024-10-18T11:03:33.674+0000] {logging_mixin.py:190} INFO - [2024-10-18T11:03:33.673+0000] {dagbag.py:588} INFO - Filling up the DagBag from /home/airflow/.local/lib/python3.12/site-packages/airflow/example_dags/example_python_decorator.py
[2024-10-18T11:03:33.685+0000] {processor.py:925} INFO - DAG(s) 'example_python_decorator' retrieved from /home/airflow/.local/lib/python3.12/site-packages/airflow/example_dags/example_python_decorator.py
[2024-10-18T11:03:33.705+0000] {logging_mixin.py:190} INFO - [2024-10-18T11:03:33.705+0000] {dag.py:3239} INFO - Sync 1 DAGs
[2024-10-18T11:03:33.718+0000] {logging_mixin.py:190} INFO - [2024-10-18T11:03:33.718+0000] {dag.py:4180} INFO - Setting next_dagrun for example_python_decorator to None, run_after=None
[2024-10-18T11:03:33.735+0000] {processor.py:208} INFO - Processing /home/airflow/.local/lib/python3.12/site-packages/airflow/example_dags/example_python_decorator.py took 0.069 seconds
[2024-10-18T11:04:04.003+0000] {processor.py:186} INFO - Started process (PID=4562) to work on /home/airflow/.local/lib/python3.12/site-packages/airflow/example_dags/example_python_decorator.py
[2024-10-18T11:04:04.004+0000] {processor.py:914} INFO - Processing file /home/airflow/.local/lib/python3.12/site-packages/airflow/example_dags/example_python_decorator.py for tasks to queue
[2024-10-18T11:04:04.006+0000] {logging_mixin.py:190} INFO - [2024-10-18T11:04:04.006+0000] {dagbag.py:588} INFO - Filling up the DagBag from /home/airflow/.local/lib/python3.12/site-packages/airflow/example_dags/example_python_decorator.py
[2024-10-18T11:04:04.019+0000] {processor.py:925} INFO - DAG(s) 'example_python_decorator' retrieved from /home/airflow/.local/lib/python3.12/site-packages/airflow/example_dags/example_python_decorator.py
[2024-10-18T11:04:04.040+0000] {logging_mixin.py:190} INFO - [2024-10-18T11:04:04.040+0000] {dag.py:3239} INFO - Sync 1 DAGs
[2024-10-18T11:04:04.052+0000] {logging_mixin.py:190} INFO - [2024-10-18T11:04:04.052+0000] {dag.py:4180} INFO - Setting next_dagrun for example_python_decorator to None, run_after=None
[2024-10-18T11:04:04.073+0000] {processor.py:208} INFO - Processing /home/airflow/.local/lib/python3.12/site-packages/airflow/example_dags/example_python_decorator.py took 0.075 seconds
[2024-10-18T11:04:34.282+0000] {processor.py:186} INFO - Started process (PID=4848) to work on /home/airflow/.local/lib/python3.12/site-packages/airflow/example_dags/example_python_decorator.py
[2024-10-18T11:04:34.283+0000] {processor.py:914} INFO - Processing file /home/airflow/.local/lib/python3.12/site-packages/airflow/example_dags/example_python_decorator.py for tasks to queue
[2024-10-18T11:04:34.285+0000] {logging_mixin.py:190} INFO - [2024-10-18T11:04:34.285+0000] {dagbag.py:588} INFO - Filling up the DagBag from /home/airflow/.local/lib/python3.12/site-packages/airflow/example_dags/example_python_decorator.py
[2024-10-18T11:04:34.297+0000] {processor.py:925} INFO - DAG(s) 'example_python_decorator' retrieved from /home/airflow/.local/lib/python3.12/site-packages/airflow/example_dags/example_python_decorator.py
[2024-10-18T11:04:34.317+0000] {logging_mixin.py:190} INFO - [2024-10-18T11:04:34.316+0000] {dag.py:3239} INFO - Sync 1 DAGs
[2024-10-18T11:04:34.329+0000] {logging_mixin.py:190} INFO - [2024-10-18T11:04:34.328+0000] {dag.py:4180} INFO - Setting next_dagrun for example_python_decorator to None, run_after=None
[2024-10-18T11:04:34.346+0000] {processor.py:208} INFO - Processing /home/airflow/.local/lib/python3.12/site-packages/airflow/example_dags/example_python_decorator.py took 0.069 seconds
[2024-10-18T11:05:04.534+0000] {processor.py:186} INFO - Started process (PID=5134) to work on /home/airflow/.local/lib/python3.12/site-packages/airflow/example_dags/example_python_decorator.py
[2024-10-18T11:05:04.535+0000] {processor.py:914} INFO - Processing file /home/airflow/.local/lib/python3.12/site-packages/airflow/example_dags/example_python_decorator.py for tasks to queue
[2024-10-18T11:05:04.537+0000] {logging_mixin.py:190} INFO - [2024-10-18T11:05:04.537+0000] {dagbag.py:588} INFO - Filling up the DagBag from /home/airflow/.local/lib/python3.12/site-packages/airflow/example_dags/example_python_decorator.py
[2024-10-18T11:05:04.549+0000] {processor.py:925} INFO - DAG(s) 'example_python_decorator' retrieved from /home/airflow/.local/lib/python3.12/site-packages/airflow/example_dags/example_python_decorator.py
[2024-10-18T11:05:04.570+0000] {logging_mixin.py:190} INFO - [2024-10-18T11:05:04.570+0000] {dag.py:3239} INFO - Sync 1 DAGs
[2024-10-18T11:05:04.583+0000] {logging_mixin.py:190} INFO - [2024-10-18T11:05:04.582+0000] {dag.py:4180} INFO - Setting next_dagrun for example_python_decorator to None, run_after=None
[2024-10-18T11:05:04.603+0000] {processor.py:208} INFO - Processing /home/airflow/.local/lib/python3.12/site-packages/airflow/example_dags/example_python_decorator.py took 0.075 seconds
[2024-10-18T11:05:34.871+0000] {processor.py:186} INFO - Started process (PID=5420) to work on /home/airflow/.local/lib/python3.12/site-packages/airflow/example_dags/example_python_decorator.py
[2024-10-18T11:05:34.872+0000] {processor.py:914} INFO - Processing file /home/airflow/.local/lib/python3.12/site-packages/airflow/example_dags/example_python_decorator.py for tasks to queue
[2024-10-18T11:05:34.874+0000] {logging_mixin.py:190} INFO - [2024-10-18T11:05:34.874+0000] {dagbag.py:588} INFO - Filling up the DagBag from /home/airflow/.local/lib/python3.12/site-packages/airflow/example_dags/example_python_decorator.py
[2024-10-18T11:05:34.886+0000] {processor.py:925} INFO - DAG(s) 'example_python_decorator' retrieved from /home/airflow/.local/lib/python3.12/site-packages/airflow/example_dags/example_python_decorator.py
[2024-10-18T11:05:34.906+0000] {logging_mixin.py:190} INFO - [2024-10-18T11:05:34.906+0000] {dag.py:3239} INFO - Sync 1 DAGs
[2024-10-18T11:05:34.919+0000] {logging_mixin.py:190} INFO - [2024-10-18T11:05:34.919+0000] {dag.py:4180} INFO - Setting next_dagrun for example_python_decorator to None, run_after=None
[2024-10-18T11:05:34.936+0000] {processor.py:208} INFO - Processing /home/airflow/.local/lib/python3.12/site-packages/airflow/example_dags/example_python_decorator.py took 0.069 seconds
[2024-10-18T11:06:05.152+0000] {processor.py:186} INFO - Started process (PID=5706) to work on /home/airflow/.local/lib/python3.12/site-packages/airflow/example_dags/example_python_decorator.py
[2024-10-18T11:06:05.153+0000] {processor.py:914} INFO - Processing file /home/airflow/.local/lib/python3.12/site-packages/airflow/example_dags/example_python_decorator.py for tasks to queue
[2024-10-18T11:06:05.155+0000] {logging_mixin.py:190} INFO - [2024-10-18T11:06:05.154+0000] {dagbag.py:588} INFO - Filling up the DagBag from /home/airflow/.local/lib/python3.12/site-packages/airflow/example_dags/example_python_decorator.py
[2024-10-18T11:06:05.174+0000] {processor.py:925} INFO - DAG(s) 'example_python_decorator' retrieved from /home/airflow/.local/lib/python3.12/site-packages/airflow/example_dags/example_python_decorator.py
[2024-10-18T11:06:05.194+0000] {logging_mixin.py:190} INFO - [2024-10-18T11:06:05.193+0000] {dag.py:3239} INFO - Sync 1 DAGs
[2024-10-18T11:06:05.207+0000] {logging_mixin.py:190} INFO - [2024-10-18T11:06:05.207+0000] {dag.py:4180} INFO - Setting next_dagrun for example_python_decorator to None, run_after=None
[2024-10-18T11:06:05.226+0000] {processor.py:208} INFO - Processing /home/airflow/.local/lib/python3.12/site-packages/airflow/example_dags/example_python_decorator.py took 0.080 seconds
[2024-10-18T11:06:35.609+0000] {processor.py:186} INFO - Started process (PID=5992) to work on /home/airflow/.local/lib/python3.12/site-packages/airflow/example_dags/example_python_decorator.py
[2024-10-18T11:06:35.609+0000] {processor.py:914} INFO - Processing file /home/airflow/.local/lib/python3.12/site-packages/airflow/example_dags/example_python_decorator.py for tasks to queue
[2024-10-18T11:06:35.611+0000] {logging_mixin.py:190} INFO - [2024-10-18T11:06:35.611+0000] {dagbag.py:588} INFO - Filling up the DagBag from /home/airflow/.local/lib/python3.12/site-packages/airflow/example_dags/example_python_decorator.py
[2024-10-18T11:06:35.624+0000] {processor.py:925} INFO - DAG(s) 'example_python_decorator' retrieved from /home/airflow/.local/lib/python3.12/site-packages/airflow/example_dags/example_python_decorator.py
[2024-10-18T11:06:35.643+0000] {logging_mixin.py:190} INFO - [2024-10-18T11:06:35.643+0000] {dag.py:3239} INFO - Sync 1 DAGs
[2024-10-18T11:06:35.656+0000] {logging_mixin.py:190} INFO - [2024-10-18T11:06:35.656+0000] {dag.py:4180} INFO - Setting next_dagrun for example_python_decorator to None, run_after=None
[2024-10-18T11:06:35.677+0000] {processor.py:208} INFO - Processing /home/airflow/.local/lib/python3.12/site-packages/airflow/example_dags/example_python_decorator.py took 0.073 seconds
[2024-10-18T11:07:05.963+0000] {processor.py:186} INFO - Started process (PID=6278) to work on /home/airflow/.local/lib/python3.12/site-packages/airflow/example_dags/example_python_decorator.py
[2024-10-18T11:07:05.964+0000] {processor.py:914} INFO - Processing file /home/airflow/.local/lib/python3.12/site-packages/airflow/example_dags/example_python_decorator.py for tasks to queue
[2024-10-18T11:07:05.966+0000] {logging_mixin.py:190} INFO - [2024-10-18T11:07:05.966+0000] {dagbag.py:588} INFO - Filling up the DagBag from /home/airflow/.local/lib/python3.12/site-packages/airflow/example_dags/example_python_decorator.py
[2024-10-18T11:07:05.979+0000] {processor.py:925} INFO - DAG(s) 'example_python_decorator' retrieved from /home/airflow/.local/lib/python3.12/site-packages/airflow/example_dags/example_python_decorator.py
[2024-10-18T11:07:06.001+0000] {logging_mixin.py:190} INFO - [2024-10-18T11:07:06.000+0000] {dag.py:3239} INFO - Sync 1 DAGs
[2024-10-18T11:07:06.014+0000] {logging_mixin.py:190} INFO - [2024-10-18T11:07:06.013+0000] {dag.py:4180} INFO - Setting next_dagrun for example_python_decorator to None, run_after=None
[2024-10-18T11:07:06.032+0000] {processor.py:208} INFO - Processing /home/airflow/.local/lib/python3.12/site-packages/airflow/example_dags/example_python_decorator.py took 0.074 seconds
[2024-10-18T11:07:36.162+0000] {processor.py:186} INFO - Started process (PID=6564) to work on /home/airflow/.local/lib/python3.12/site-packages/airflow/example_dags/example_python_decorator.py
[2024-10-18T11:07:36.163+0000] {processor.py:914} INFO - Processing file /home/airflow/.local/lib/python3.12/site-packages/airflow/example_dags/example_python_decorator.py for tasks to queue
[2024-10-18T11:07:36.165+0000] {logging_mixin.py:190} INFO - [2024-10-18T11:07:36.164+0000] {dagbag.py:588} INFO - Filling up the DagBag from /home/airflow/.local/lib/python3.12/site-packages/airflow/example_dags/example_python_decorator.py
[2024-10-18T11:07:36.177+0000] {processor.py:925} INFO - DAG(s) 'example_python_decorator' retrieved from /home/airflow/.local/lib/python3.12/site-packages/airflow/example_dags/example_python_decorator.py
[2024-10-18T11:07:36.197+0000] {logging_mixin.py:190} INFO - [2024-10-18T11:07:36.197+0000] {dag.py:3239} INFO - Sync 1 DAGs
[2024-10-18T11:07:36.210+0000] {logging_mixin.py:190} INFO - [2024-10-18T11:07:36.210+0000] {dag.py:4180} INFO - Setting next_dagrun for example_python_decorator to None, run_after=None
[2024-10-18T11:07:36.228+0000] {processor.py:208} INFO - Processing /home/airflow/.local/lib/python3.12/site-packages/airflow/example_dags/example_python_decorator.py took 0.071 seconds
[2024-10-18T11:08:06.633+0000] {processor.py:186} INFO - Started process (PID=6850) to work on /home/airflow/.local/lib/python3.12/site-packages/airflow/example_dags/example_python_decorator.py
[2024-10-18T11:08:06.634+0000] {processor.py:914} INFO - Processing file /home/airflow/.local/lib/python3.12/site-packages/airflow/example_dags/example_python_decorator.py for tasks to queue
[2024-10-18T11:08:06.636+0000] {logging_mixin.py:190} INFO - [2024-10-18T11:08:06.636+0000] {dagbag.py:588} INFO - Filling up the DagBag from /home/airflow/.local/lib/python3.12/site-packages/airflow/example_dags/example_python_decorator.py
[2024-10-18T11:08:06.648+0000] {processor.py:925} INFO - DAG(s) 'example_python_decorator' retrieved from /home/airflow/.local/lib/python3.12/site-packages/airflow/example_dags/example_python_decorator.py
[2024-10-18T11:08:06.668+0000] {logging_mixin.py:190} INFO - [2024-10-18T11:08:06.668+0000] {dag.py:3239} INFO - Sync 1 DAGs
[2024-10-18T11:08:06.680+0000] {logging_mixin.py:190} INFO - [2024-10-18T11:08:06.680+0000] {dag.py:4180} INFO - Setting next_dagrun for example_python_decorator to None, run_after=None
[2024-10-18T11:08:06.701+0000] {processor.py:208} INFO - Processing /home/airflow/.local/lib/python3.12/site-packages/airflow/example_dags/example_python_decorator.py took 0.073 seconds
[2024-10-18T11:08:36.734+0000] {processor.py:186} INFO - Started process (PID=7131) to work on /home/airflow/.local/lib/python3.12/site-packages/airflow/example_dags/example_python_decorator.py
[2024-10-18T11:08:36.735+0000] {processor.py:914} INFO - Processing file /home/airflow/.local/lib/python3.12/site-packages/airflow/example_dags/example_python_decorator.py for tasks to queue
[2024-10-18T11:08:36.737+0000] {logging_mixin.py:190} INFO - [2024-10-18T11:08:36.737+0000] {dagbag.py:588} INFO - Filling up the DagBag from /home/airflow/.local/lib/python3.12/site-packages/airflow/example_dags/example_python_decorator.py
[2024-10-18T11:08:36.750+0000] {processor.py:925} INFO - DAG(s) 'example_python_decorator' retrieved from /home/airflow/.local/lib/python3.12/site-packages/airflow/example_dags/example_python_decorator.py
[2024-10-18T11:08:36.770+0000] {logging_mixin.py:190} INFO - [2024-10-18T11:08:36.770+0000] {dag.py:3239} INFO - Sync 1 DAGs
[2024-10-18T11:08:36.783+0000] {logging_mixin.py:190} INFO - [2024-10-18T11:08:36.783+0000] {dag.py:4180} INFO - Setting next_dagrun for example_python_decorator to None, run_after=None
[2024-10-18T11:08:36.803+0000] {processor.py:208} INFO - Processing /home/airflow/.local/lib/python3.12/site-packages/airflow/example_dags/example_python_decorator.py took 0.074 seconds
[2024-10-18T11:09:07.004+0000] {processor.py:186} INFO - Started process (PID=7417) to work on /home/airflow/.local/lib/python3.12/site-packages/airflow/example_dags/example_python_decorator.py
[2024-10-18T11:09:07.005+0000] {processor.py:914} INFO - Processing file /home/airflow/.local/lib/python3.12/site-packages/airflow/example_dags/example_python_decorator.py for tasks to queue
[2024-10-18T11:09:07.007+0000] {logging_mixin.py:190} INFO - [2024-10-18T11:09:07.006+0000] {dagbag.py:588} INFO - Filling up the DagBag from /home/airflow/.local/lib/python3.12/site-packages/airflow/example_dags/example_python_decorator.py
[2024-10-18T11:09:07.019+0000] {processor.py:925} INFO - DAG(s) 'example_python_decorator' retrieved from /home/airflow/.local/lib/python3.12/site-packages/airflow/example_dags/example_python_decorator.py
[2024-10-18T11:09:07.040+0000] {logging_mixin.py:190} INFO - [2024-10-18T11:09:07.040+0000] {dag.py:3239} INFO - Sync 1 DAGs
[2024-10-18T11:09:07.053+0000] {logging_mixin.py:190} INFO - [2024-10-18T11:09:07.053+0000] {dag.py:4180} INFO - Setting next_dagrun for example_python_decorator to None, run_after=None
[2024-10-18T11:09:07.074+0000] {processor.py:208} INFO - Processing /home/airflow/.local/lib/python3.12/site-packages/airflow/example_dags/example_python_decorator.py took 0.075 seconds
[2024-10-18T11:09:37.296+0000] {processor.py:186} INFO - Started process (PID=7703) to work on /home/airflow/.local/lib/python3.12/site-packages/airflow/example_dags/example_python_decorator.py
[2024-10-18T11:09:37.297+0000] {processor.py:914} INFO - Processing file /home/airflow/.local/lib/python3.12/site-packages/airflow/example_dags/example_python_decorator.py for tasks to queue
[2024-10-18T11:09:37.299+0000] {logging_mixin.py:190} INFO - [2024-10-18T11:09:37.299+0000] {dagbag.py:588} INFO - Filling up the DagBag from /home/airflow/.local/lib/python3.12/site-packages/airflow/example_dags/example_python_decorator.py
[2024-10-18T11:09:37.314+0000] {processor.py:925} INFO - DAG(s) 'example_python_decorator' retrieved from /home/airflow/.local/lib/python3.12/site-packages/airflow/example_dags/example_python_decorator.py
[2024-10-18T11:09:37.336+0000] {logging_mixin.py:190} INFO - [2024-10-18T11:09:37.335+0000] {dag.py:3239} INFO - Sync 1 DAGs
[2024-10-18T11:09:37.350+0000] {logging_mixin.py:190} INFO - [2024-10-18T11:09:37.350+0000] {dag.py:4180} INFO - Setting next_dagrun for example_python_decorator to None, run_after=None
[2024-10-18T11:09:37.371+0000] {processor.py:208} INFO - Processing /home/airflow/.local/lib/python3.12/site-packages/airflow/example_dags/example_python_decorator.py took 0.081 seconds
[2024-10-18T11:10:07.774+0000] {processor.py:186} INFO - Started process (PID=7994) to work on /home/airflow/.local/lib/python3.12/site-packages/airflow/example_dags/example_python_decorator.py
[2024-10-18T11:10:07.775+0000] {processor.py:914} INFO - Processing file /home/airflow/.local/lib/python3.12/site-packages/airflow/example_dags/example_python_decorator.py for tasks to queue
[2024-10-18T11:10:07.777+0000] {logging_mixin.py:190} INFO - [2024-10-18T11:10:07.777+0000] {dagbag.py:588} INFO - Filling up the DagBag from /home/airflow/.local/lib/python3.12/site-packages/airflow/example_dags/example_python_decorator.py
[2024-10-18T11:10:07.789+0000] {processor.py:925} INFO - DAG(s) 'example_python_decorator' retrieved from /home/airflow/.local/lib/python3.12/site-packages/airflow/example_dags/example_python_decorator.py
[2024-10-18T11:10:07.808+0000] {logging_mixin.py:190} INFO - [2024-10-18T11:10:07.808+0000] {dag.py:3239} INFO - Sync 1 DAGs
[2024-10-18T11:10:07.821+0000] {logging_mixin.py:190} INFO - [2024-10-18T11:10:07.821+0000] {dag.py:4180} INFO - Setting next_dagrun for example_python_decorator to None, run_after=None
[2024-10-18T11:10:07.841+0000] {processor.py:208} INFO - Processing /home/airflow/.local/lib/python3.12/site-packages/airflow/example_dags/example_python_decorator.py took 0.072 seconds
[2024-10-18T11:10:38.072+0000] {processor.py:186} INFO - Started process (PID=8280) to work on /home/airflow/.local/lib/python3.12/site-packages/airflow/example_dags/example_python_decorator.py
[2024-10-18T11:10:38.073+0000] {processor.py:914} INFO - Processing file /home/airflow/.local/lib/python3.12/site-packages/airflow/example_dags/example_python_decorator.py for tasks to queue
[2024-10-18T11:10:38.075+0000] {logging_mixin.py:190} INFO - [2024-10-18T11:10:38.074+0000] {dagbag.py:588} INFO - Filling up the DagBag from /home/airflow/.local/lib/python3.12/site-packages/airflow/example_dags/example_python_decorator.py
[2024-10-18T11:10:38.087+0000] {processor.py:925} INFO - DAG(s) 'example_python_decorator' retrieved from /home/airflow/.local/lib/python3.12/site-packages/airflow/example_dags/example_python_decorator.py
[2024-10-18T11:10:38.108+0000] {logging_mixin.py:190} INFO - [2024-10-18T11:10:38.108+0000] {dag.py:3239} INFO - Sync 1 DAGs
[2024-10-18T11:10:38.124+0000] {logging_mixin.py:190} INFO - [2024-10-18T11:10:38.124+0000] {dag.py:4180} INFO - Setting next_dagrun for example_python_decorator to None, run_after=None
[2024-10-18T11:10:38.143+0000] {processor.py:208} INFO - Processing /home/airflow/.local/lib/python3.12/site-packages/airflow/example_dags/example_python_decorator.py took 0.077 seconds
[2024-10-18T11:11:08.840+0000] {processor.py:186} INFO - Started process (PID=8566) to work on /home/airflow/.local/lib/python3.12/site-packages/airflow/example_dags/example_python_decorator.py
[2024-10-18T11:11:08.842+0000] {processor.py:914} INFO - Processing file /home/airflow/.local/lib/python3.12/site-packages/airflow/example_dags/example_python_decorator.py for tasks to queue
[2024-10-18T11:11:08.844+0000] {logging_mixin.py:190} INFO - [2024-10-18T11:11:08.844+0000] {dagbag.py:588} INFO - Filling up the DagBag from /home/airflow/.local/lib/python3.12/site-packages/airflow/example_dags/example_python_decorator.py
[2024-10-18T11:11:08.870+0000] {processor.py:925} INFO - DAG(s) 'example_python_decorator' retrieved from /home/airflow/.local/lib/python3.12/site-packages/airflow/example_dags/example_python_decorator.py
[2024-10-18T11:11:08.902+0000] {logging_mixin.py:190} INFO - [2024-10-18T11:11:08.902+0000] {dag.py:3239} INFO - Sync 1 DAGs
[2024-10-18T11:11:08.922+0000] {logging_mixin.py:190} INFO - [2024-10-18T11:11:08.922+0000] {dag.py:4180} INFO - Setting next_dagrun for example_python_decorator to None, run_after=None
[2024-10-18T11:11:08.952+0000] {processor.py:208} INFO - Processing /home/airflow/.local/lib/python3.12/site-packages/airflow/example_dags/example_python_decorator.py took 0.120 seconds
[2024-10-18T11:11:39.387+0000] {processor.py:186} INFO - Started process (PID=8852) to work on /home/airflow/.local/lib/python3.12/site-packages/airflow/example_dags/example_python_decorator.py
[2024-10-18T11:11:39.388+0000] {processor.py:914} INFO - Processing file /home/airflow/.local/lib/python3.12/site-packages/airflow/example_dags/example_python_decorator.py for tasks to queue
[2024-10-18T11:11:39.390+0000] {logging_mixin.py:190} INFO - [2024-10-18T11:11:39.390+0000] {dagbag.py:588} INFO - Filling up the DagBag from /home/airflow/.local/lib/python3.12/site-packages/airflow/example_dags/example_python_decorator.py
[2024-10-18T11:11:39.404+0000] {processor.py:925} INFO - DAG(s) 'example_python_decorator' retrieved from /home/airflow/.local/lib/python3.12/site-packages/airflow/example_dags/example_python_decorator.py
[2024-10-18T11:11:39.424+0000] {logging_mixin.py:190} INFO - [2024-10-18T11:11:39.424+0000] {dag.py:3239} INFO - Sync 1 DAGs
[2024-10-18T11:11:39.439+0000] {logging_mixin.py:190} INFO - [2024-10-18T11:11:39.438+0000] {dag.py:4180} INFO - Setting next_dagrun for example_python_decorator to None, run_after=None
[2024-10-18T11:11:39.462+0000] {processor.py:208} INFO - Processing /home/airflow/.local/lib/python3.12/site-packages/airflow/example_dags/example_python_decorator.py took 0.079 seconds
[2024-10-18T11:12:10.043+0000] {processor.py:186} INFO - Started process (PID=9143) to work on /home/airflow/.local/lib/python3.12/site-packages/airflow/example_dags/example_python_decorator.py
[2024-10-18T11:12:10.047+0000] {processor.py:914} INFO - Processing file /home/airflow/.local/lib/python3.12/site-packages/airflow/example_dags/example_python_decorator.py for tasks to queue
[2024-10-18T11:12:10.050+0000] {logging_mixin.py:190} INFO - [2024-10-18T11:12:10.049+0000] {dagbag.py:588} INFO - Filling up the DagBag from /home/airflow/.local/lib/python3.12/site-packages/airflow/example_dags/example_python_decorator.py
[2024-10-18T11:12:10.077+0000] {processor.py:925} INFO - DAG(s) 'example_python_decorator' retrieved from /home/airflow/.local/lib/python3.12/site-packages/airflow/example_dags/example_python_decorator.py
[2024-10-18T11:12:10.110+0000] {logging_mixin.py:190} INFO - [2024-10-18T11:12:10.109+0000] {dag.py:3239} INFO - Sync 1 DAGs
[2024-10-18T11:12:10.133+0000] {logging_mixin.py:190} INFO - [2024-10-18T11:12:10.133+0000] {dag.py:4180} INFO - Setting next_dagrun for example_python_decorator to None, run_after=None
[2024-10-18T11:12:10.157+0000] {processor.py:208} INFO - Processing /home/airflow/.local/lib/python3.12/site-packages/airflow/example_dags/example_python_decorator.py took 0.124 seconds
[2024-10-18T11:12:40.365+0000] {processor.py:186} INFO - Started process (PID=9430) to work on /home/airflow/.local/lib/python3.12/site-packages/airflow/example_dags/example_python_decorator.py
[2024-10-18T11:12:40.366+0000] {processor.py:914} INFO - Processing file /home/airflow/.local/lib/python3.12/site-packages/airflow/example_dags/example_python_decorator.py for tasks to queue
[2024-10-18T11:12:40.369+0000] {logging_mixin.py:190} INFO - [2024-10-18T11:12:40.369+0000] {dagbag.py:588} INFO - Filling up the DagBag from /home/airflow/.local/lib/python3.12/site-packages/airflow/example_dags/example_python_decorator.py
[2024-10-18T11:12:40.385+0000] {processor.py:925} INFO - DAG(s) 'example_python_decorator' retrieved from /home/airflow/.local/lib/python3.12/site-packages/airflow/example_dags/example_python_decorator.py
[2024-10-18T11:12:40.411+0000] {logging_mixin.py:190} INFO - [2024-10-18T11:12:40.410+0000] {dag.py:3239} INFO - Sync 1 DAGs
[2024-10-18T11:12:40.429+0000] {logging_mixin.py:190} INFO - [2024-10-18T11:12:40.428+0000] {dag.py:4180} INFO - Setting next_dagrun for example_python_decorator to None, run_after=None
[2024-10-18T11:12:40.454+0000] {processor.py:208} INFO - Processing /home/airflow/.local/lib/python3.12/site-packages/airflow/example_dags/example_python_decorator.py took 0.097 seconds
[2024-10-18T11:13:10.506+0000] {processor.py:186} INFO - Started process (PID=9711) to work on /home/airflow/.local/lib/python3.12/site-packages/airflow/example_dags/example_python_decorator.py
[2024-10-18T11:13:10.507+0000] {processor.py:914} INFO - Processing file /home/airflow/.local/lib/python3.12/site-packages/airflow/example_dags/example_python_decorator.py for tasks to queue
[2024-10-18T11:13:10.510+0000] {logging_mixin.py:190} INFO - [2024-10-18T11:13:10.509+0000] {dagbag.py:588} INFO - Filling up the DagBag from /home/airflow/.local/lib/python3.12/site-packages/airflow/example_dags/example_python_decorator.py
[2024-10-18T11:13:10.525+0000] {processor.py:925} INFO - DAG(s) 'example_python_decorator' retrieved from /home/airflow/.local/lib/python3.12/site-packages/airflow/example_dags/example_python_decorator.py
[2024-10-18T11:13:10.551+0000] {logging_mixin.py:190} INFO - [2024-10-18T11:13:10.550+0000] {dag.py:3239} INFO - Sync 1 DAGs
[2024-10-18T11:13:10.566+0000] {logging_mixin.py:190} INFO - [2024-10-18T11:13:10.566+0000] {dag.py:4180} INFO - Setting next_dagrun for example_python_decorator to None, run_after=None
[2024-10-18T11:13:10.590+0000] {processor.py:208} INFO - Processing /home/airflow/.local/lib/python3.12/site-packages/airflow/example_dags/example_python_decorator.py took 0.090 seconds
[2024-10-18T11:13:40.937+0000] {processor.py:186} INFO - Started process (PID=9997) to work on /home/airflow/.local/lib/python3.12/site-packages/airflow/example_dags/example_python_decorator.py
[2024-10-18T11:13:40.938+0000] {processor.py:914} INFO - Processing file /home/airflow/.local/lib/python3.12/site-packages/airflow/example_dags/example_python_decorator.py for tasks to queue
[2024-10-18T11:13:40.941+0000] {logging_mixin.py:190} INFO - [2024-10-18T11:13:40.941+0000] {dagbag.py:588} INFO - Filling up the DagBag from /home/airflow/.local/lib/python3.12/site-packages/airflow/example_dags/example_python_decorator.py
[2024-10-18T11:13:40.957+0000] {processor.py:925} INFO - DAG(s) 'example_python_decorator' retrieved from /home/airflow/.local/lib/python3.12/site-packages/airflow/example_dags/example_python_decorator.py
[2024-10-18T11:13:40.980+0000] {logging_mixin.py:190} INFO - [2024-10-18T11:13:40.980+0000] {dag.py:3239} INFO - Sync 1 DAGs
[2024-10-18T11:13:40.997+0000] {logging_mixin.py:190} INFO - [2024-10-18T11:13:40.996+0000] {dag.py:4180} INFO - Setting next_dagrun for example_python_decorator to None, run_after=None
[2024-10-18T11:13:41.019+0000] {processor.py:208} INFO - Processing /home/airflow/.local/lib/python3.12/site-packages/airflow/example_dags/example_python_decorator.py took 0.088 seconds
[2024-10-18T11:14:11.519+0000] {processor.py:186} INFO - Started process (PID=10293) to work on /home/airflow/.local/lib/python3.12/site-packages/airflow/example_dags/example_python_decorator.py
[2024-10-18T11:14:11.520+0000] {processor.py:914} INFO - Processing file /home/airflow/.local/lib/python3.12/site-packages/airflow/example_dags/example_python_decorator.py for tasks to queue
[2024-10-18T11:14:11.524+0000] {logging_mixin.py:190} INFO - [2024-10-18T11:14:11.523+0000] {dagbag.py:588} INFO - Filling up the DagBag from /home/airflow/.local/lib/python3.12/site-packages/airflow/example_dags/example_python_decorator.py
[2024-10-18T11:14:11.545+0000] {processor.py:925} INFO - DAG(s) 'example_python_decorator' retrieved from /home/airflow/.local/lib/python3.12/site-packages/airflow/example_dags/example_python_decorator.py
[2024-10-18T11:14:11.582+0000] {logging_mixin.py:190} INFO - [2024-10-18T11:14:11.582+0000] {dag.py:3239} INFO - Sync 1 DAGs
[2024-10-18T11:14:11.603+0000] {logging_mixin.py:190} INFO - [2024-10-18T11:14:11.603+0000] {dag.py:4180} INFO - Setting next_dagrun for example_python_decorator to None, run_after=None
[2024-10-18T11:14:11.635+0000] {processor.py:208} INFO - Processing /home/airflow/.local/lib/python3.12/site-packages/airflow/example_dags/example_python_decorator.py took 0.126 seconds
[2024-10-18T11:14:41.774+0000] {processor.py:186} INFO - Started process (PID=10593) to work on /home/airflow/.local/lib/python3.12/site-packages/airflow/example_dags/example_python_decorator.py
[2024-10-18T11:14:41.776+0000] {processor.py:914} INFO - Processing file /home/airflow/.local/lib/python3.12/site-packages/airflow/example_dags/example_python_decorator.py for tasks to queue
[2024-10-18T11:14:41.780+0000] {logging_mixin.py:190} INFO - [2024-10-18T11:14:41.780+0000] {dagbag.py:588} INFO - Filling up the DagBag from /home/airflow/.local/lib/python3.12/site-packages/airflow/example_dags/example_python_decorator.py
[2024-10-18T11:14:41.810+0000] {processor.py:925} INFO - DAG(s) 'example_python_decorator' retrieved from /home/airflow/.local/lib/python3.12/site-packages/airflow/example_dags/example_python_decorator.py
[2024-10-18T11:14:41.848+0000] {logging_mixin.py:190} INFO - [2024-10-18T11:14:41.847+0000] {dag.py:3239} INFO - Sync 1 DAGs
[2024-10-18T11:14:41.877+0000] {logging_mixin.py:190} INFO - [2024-10-18T11:14:41.876+0000] {dag.py:4180} INFO - Setting next_dagrun for example_python_decorator to None, run_after=None
[2024-10-18T11:14:41.908+0000] {processor.py:208} INFO - Processing /home/airflow/.local/lib/python3.12/site-packages/airflow/example_dags/example_python_decorator.py took 0.144 seconds
[2024-10-18T11:15:12.284+0000] {processor.py:186} INFO - Started process (PID=10879) to work on /home/airflow/.local/lib/python3.12/site-packages/airflow/example_dags/example_python_decorator.py
[2024-10-18T11:15:12.285+0000] {processor.py:914} INFO - Processing file /home/airflow/.local/lib/python3.12/site-packages/airflow/example_dags/example_python_decorator.py for tasks to queue
[2024-10-18T11:15:12.291+0000] {logging_mixin.py:190} INFO - [2024-10-18T11:15:12.290+0000] {dagbag.py:588} INFO - Filling up the DagBag from /home/airflow/.local/lib/python3.12/site-packages/airflow/example_dags/example_python_decorator.py
[2024-10-18T11:15:12.327+0000] {processor.py:925} INFO - DAG(s) 'example_python_decorator' retrieved from /home/airflow/.local/lib/python3.12/site-packages/airflow/example_dags/example_python_decorator.py
[2024-10-18T11:15:12.375+0000] {logging_mixin.py:190} INFO - [2024-10-18T11:15:12.374+0000] {dag.py:3239} INFO - Sync 1 DAGs
[2024-10-18T11:15:12.411+0000] {logging_mixin.py:190} INFO - [2024-10-18T11:15:12.411+0000] {dag.py:4180} INFO - Setting next_dagrun for example_python_decorator to None, run_after=None
[2024-10-18T11:15:12.441+0000] {processor.py:208} INFO - Processing /home/airflow/.local/lib/python3.12/site-packages/airflow/example_dags/example_python_decorator.py took 0.165 seconds
[2024-10-18T11:15:42.957+0000] {processor.py:186} INFO - Started process (PID=11165) to work on /home/airflow/.local/lib/python3.12/site-packages/airflow/example_dags/example_python_decorator.py
[2024-10-18T11:15:42.959+0000] {processor.py:914} INFO - Processing file /home/airflow/.local/lib/python3.12/site-packages/airflow/example_dags/example_python_decorator.py for tasks to queue
[2024-10-18T11:15:42.961+0000] {logging_mixin.py:190} INFO - [2024-10-18T11:15:42.961+0000] {dagbag.py:588} INFO - Filling up the DagBag from /home/airflow/.local/lib/python3.12/site-packages/airflow/example_dags/example_python_decorator.py
[2024-10-18T11:15:42.984+0000] {processor.py:925} INFO - DAG(s) 'example_python_decorator' retrieved from /home/airflow/.local/lib/python3.12/site-packages/airflow/example_dags/example_python_decorator.py
[2024-10-18T11:15:43.013+0000] {logging_mixin.py:190} INFO - [2024-10-18T11:15:43.012+0000] {dag.py:3239} INFO - Sync 1 DAGs
[2024-10-18T11:15:43.033+0000] {logging_mixin.py:190} INFO - [2024-10-18T11:15:43.033+0000] {dag.py:4180} INFO - Setting next_dagrun for example_python_decorator to None, run_after=None
[2024-10-18T11:15:43.063+0000] {processor.py:208} INFO - Processing /home/airflow/.local/lib/python3.12/site-packages/airflow/example_dags/example_python_decorator.py took 0.112 seconds
[2024-10-18T11:16:13.273+0000] {processor.py:186} INFO - Started process (PID=11450) to work on /home/airflow/.local/lib/python3.12/site-packages/airflow/example_dags/example_python_decorator.py
[2024-10-18T11:16:13.275+0000] {processor.py:914} INFO - Processing file /home/airflow/.local/lib/python3.12/site-packages/airflow/example_dags/example_python_decorator.py for tasks to queue
[2024-10-18T11:16:13.277+0000] {logging_mixin.py:190} INFO - [2024-10-18T11:16:13.277+0000] {dagbag.py:588} INFO - Filling up the DagBag from /home/airflow/.local/lib/python3.12/site-packages/airflow/example_dags/example_python_decorator.py
[2024-10-18T11:16:13.297+0000] {processor.py:925} INFO - DAG(s) 'example_python_decorator' retrieved from /home/airflow/.local/lib/python3.12/site-packages/airflow/example_dags/example_python_decorator.py
[2024-10-18T11:16:13.323+0000] {logging_mixin.py:190} INFO - [2024-10-18T11:16:13.322+0000] {dag.py:3239} INFO - Sync 1 DAGs
[2024-10-18T11:16:13.345+0000] {logging_mixin.py:190} INFO - [2024-10-18T11:16:13.344+0000] {dag.py:4180} INFO - Setting next_dagrun for example_python_decorator to None, run_after=None
[2024-10-18T11:16:13.375+0000] {processor.py:208} INFO - Processing /home/airflow/.local/lib/python3.12/site-packages/airflow/example_dags/example_python_decorator.py took 0.108 seconds
[2024-10-18T11:16:44.123+0000] {processor.py:186} INFO - Started process (PID=11762) to work on /home/airflow/.local/lib/python3.12/site-packages/airflow/example_dags/example_python_decorator.py
[2024-10-18T11:16:44.124+0000] {processor.py:914} INFO - Processing file /home/airflow/.local/lib/python3.12/site-packages/airflow/example_dags/example_python_decorator.py for tasks to queue
[2024-10-18T11:16:44.139+0000] {logging_mixin.py:190} INFO - [2024-10-18T11:16:44.139+0000] {dagbag.py:588} INFO - Filling up the DagBag from /home/airflow/.local/lib/python3.12/site-packages/airflow/example_dags/example_python_decorator.py
[2024-10-18T11:16:44.184+0000] {processor.py:925} INFO - DAG(s) 'example_python_decorator' retrieved from /home/airflow/.local/lib/python3.12/site-packages/airflow/example_dags/example_python_decorator.py
[2024-10-18T11:16:44.254+0000] {logging_mixin.py:190} INFO - [2024-10-18T11:16:44.254+0000] {dag.py:3239} INFO - Sync 1 DAGs
[2024-10-18T11:16:44.304+0000] {logging_mixin.py:190} INFO - [2024-10-18T11:16:44.304+0000] {dag.py:4180} INFO - Setting next_dagrun for example_python_decorator to None, run_after=None
[2024-10-18T11:16:44.363+0000] {processor.py:208} INFO - Processing /home/airflow/.local/lib/python3.12/site-packages/airflow/example_dags/example_python_decorator.py took 0.259 seconds
[2024-10-18T11:17:14.645+0000] {processor.py:186} INFO - Started process (PID=12063) to work on /home/airflow/.local/lib/python3.12/site-packages/airflow/example_dags/example_python_decorator.py
[2024-10-18T11:17:14.651+0000] {processor.py:914} INFO - Processing file /home/airflow/.local/lib/python3.12/site-packages/airflow/example_dags/example_python_decorator.py for tasks to queue
[2024-10-18T11:17:14.656+0000] {logging_mixin.py:190} INFO - [2024-10-18T11:17:14.656+0000] {dagbag.py:588} INFO - Filling up the DagBag from /home/airflow/.local/lib/python3.12/site-packages/airflow/example_dags/example_python_decorator.py
[2024-10-18T11:17:14.690+0000] {processor.py:925} INFO - DAG(s) 'example_python_decorator' retrieved from /home/airflow/.local/lib/python3.12/site-packages/airflow/example_dags/example_python_decorator.py
[2024-10-18T11:17:14.736+0000] {logging_mixin.py:190} INFO - [2024-10-18T11:17:14.736+0000] {dag.py:3239} INFO - Sync 1 DAGs
[2024-10-18T11:17:14.766+0000] {logging_mixin.py:190} INFO - [2024-10-18T11:17:14.765+0000] {dag.py:4180} INFO - Setting next_dagrun for example_python_decorator to None, run_after=None
[2024-10-18T11:17:14.807+0000] {processor.py:208} INFO - Processing /home/airflow/.local/lib/python3.12/site-packages/airflow/example_dags/example_python_decorator.py took 0.178 seconds
[2024-10-18T11:17:45.221+0000] {processor.py:186} INFO - Started process (PID=12349) to work on /home/airflow/.local/lib/python3.12/site-packages/airflow/example_dags/example_python_decorator.py
[2024-10-18T11:17:45.224+0000] {processor.py:914} INFO - Processing file /home/airflow/.local/lib/python3.12/site-packages/airflow/example_dags/example_python_decorator.py for tasks to queue
[2024-10-18T11:17:45.230+0000] {logging_mixin.py:190} INFO - [2024-10-18T11:17:45.229+0000] {dagbag.py:588} INFO - Filling up the DagBag from /home/airflow/.local/lib/python3.12/site-packages/airflow/example_dags/example_python_decorator.py
[2024-10-18T11:17:45.269+0000] {processor.py:925} INFO - DAG(s) 'example_python_decorator' retrieved from /home/airflow/.local/lib/python3.12/site-packages/airflow/example_dags/example_python_decorator.py
[2024-10-18T11:17:45.340+0000] {logging_mixin.py:190} INFO - [2024-10-18T11:17:45.338+0000] {dag.py:3239} INFO - Sync 1 DAGs
[2024-10-18T11:17:45.390+0000] {logging_mixin.py:190} INFO - [2024-10-18T11:17:45.388+0000] {dag.py:4180} INFO - Setting next_dagrun for example_python_decorator to None, run_after=None
[2024-10-18T11:17:45.461+0000] {processor.py:208} INFO - Processing /home/airflow/.local/lib/python3.12/site-packages/airflow/example_dags/example_python_decorator.py took 0.259 seconds
[2024-10-18T11:18:15.657+0000] {processor.py:186} INFO - Started process (PID=12633) to work on /home/airflow/.local/lib/python3.12/site-packages/airflow/example_dags/example_python_decorator.py
[2024-10-18T11:18:15.658+0000] {processor.py:914} INFO - Processing file /home/airflow/.local/lib/python3.12/site-packages/airflow/example_dags/example_python_decorator.py for tasks to queue
[2024-10-18T11:18:15.662+0000] {logging_mixin.py:190} INFO - [2024-10-18T11:18:15.662+0000] {dagbag.py:588} INFO - Filling up the DagBag from /home/airflow/.local/lib/python3.12/site-packages/airflow/example_dags/example_python_decorator.py
[2024-10-18T11:18:15.702+0000] {processor.py:925} INFO - DAG(s) 'example_python_decorator' retrieved from /home/airflow/.local/lib/python3.12/site-packages/airflow/example_dags/example_python_decorator.py
[2024-10-18T11:18:15.755+0000] {logging_mixin.py:190} INFO - [2024-10-18T11:18:15.754+0000] {dag.py:3239} INFO - Sync 1 DAGs
[2024-10-18T11:18:15.796+0000] {logging_mixin.py:190} INFO - [2024-10-18T11:18:15.795+0000] {dag.py:4180} INFO - Setting next_dagrun for example_python_decorator to None, run_after=None
[2024-10-18T11:18:15.859+0000] {processor.py:208} INFO - Processing /home/airflow/.local/lib/python3.12/site-packages/airflow/example_dags/example_python_decorator.py took 0.217 seconds
[2024-10-18T11:18:46.513+0000] {processor.py:186} INFO - Started process (PID=12919) to work on /home/airflow/.local/lib/python3.12/site-packages/airflow/example_dags/example_python_decorator.py
[2024-10-18T11:18:46.514+0000] {processor.py:914} INFO - Processing file /home/airflow/.local/lib/python3.12/site-packages/airflow/example_dags/example_python_decorator.py for tasks to queue
[2024-10-18T11:18:46.518+0000] {logging_mixin.py:190} INFO - [2024-10-18T11:18:46.517+0000] {dagbag.py:588} INFO - Filling up the DagBag from /home/airflow/.local/lib/python3.12/site-packages/airflow/example_dags/example_python_decorator.py
[2024-10-18T11:18:46.540+0000] {processor.py:925} INFO - DAG(s) 'example_python_decorator' retrieved from /home/airflow/.local/lib/python3.12/site-packages/airflow/example_dags/example_python_decorator.py
[2024-10-18T11:18:46.574+0000] {logging_mixin.py:190} INFO - [2024-10-18T11:18:46.574+0000] {dag.py:3239} INFO - Sync 1 DAGs
[2024-10-18T11:18:46.599+0000] {logging_mixin.py:190} INFO - [2024-10-18T11:18:46.598+0000] {dag.py:4180} INFO - Setting next_dagrun for example_python_decorator to None, run_after=None
[2024-10-18T11:18:46.627+0000] {processor.py:208} INFO - Processing /home/airflow/.local/lib/python3.12/site-packages/airflow/example_dags/example_python_decorator.py took 0.122 seconds
[2024-10-18T11:19:17.386+0000] {processor.py:186} INFO - Started process (PID=13206) to work on /home/airflow/.local/lib/python3.12/site-packages/airflow/example_dags/example_python_decorator.py
[2024-10-18T11:19:17.387+0000] {processor.py:914} INFO - Processing file /home/airflow/.local/lib/python3.12/site-packages/airflow/example_dags/example_python_decorator.py for tasks to queue
[2024-10-18T11:19:17.392+0000] {logging_mixin.py:190} INFO - [2024-10-18T11:19:17.391+0000] {dagbag.py:588} INFO - Filling up the DagBag from /home/airflow/.local/lib/python3.12/site-packages/airflow/example_dags/example_python_decorator.py
[2024-10-18T11:19:17.416+0000] {processor.py:925} INFO - DAG(s) 'example_python_decorator' retrieved from /home/airflow/.local/lib/python3.12/site-packages/airflow/example_dags/example_python_decorator.py
[2024-10-18T11:19:17.452+0000] {logging_mixin.py:190} INFO - [2024-10-18T11:19:17.452+0000] {dag.py:3239} INFO - Sync 1 DAGs
[2024-10-18T11:19:17.476+0000] {logging_mixin.py:190} INFO - [2024-10-18T11:19:17.476+0000] {dag.py:4180} INFO - Setting next_dagrun for example_python_decorator to None, run_after=None
[2024-10-18T11:19:17.508+0000] {processor.py:208} INFO - Processing /home/airflow/.local/lib/python3.12/site-packages/airflow/example_dags/example_python_decorator.py took 0.132 seconds
[2024-10-18T11:19:47.562+0000] {processor.py:186} INFO - Started process (PID=13492) to work on /home/airflow/.local/lib/python3.12/site-packages/airflow/example_dags/example_python_decorator.py
[2024-10-18T11:19:47.563+0000] {processor.py:914} INFO - Processing file /home/airflow/.local/lib/python3.12/site-packages/airflow/example_dags/example_python_decorator.py for tasks to queue
[2024-10-18T11:19:47.565+0000] {logging_mixin.py:190} INFO - [2024-10-18T11:19:47.565+0000] {dagbag.py:588} INFO - Filling up the DagBag from /home/airflow/.local/lib/python3.12/site-packages/airflow/example_dags/example_python_decorator.py
[2024-10-18T11:19:47.580+0000] {processor.py:925} INFO - DAG(s) 'example_python_decorator' retrieved from /home/airflow/.local/lib/python3.12/site-packages/airflow/example_dags/example_python_decorator.py
[2024-10-18T11:19:47.603+0000] {logging_mixin.py:190} INFO - [2024-10-18T11:19:47.603+0000] {dag.py:3239} INFO - Sync 1 DAGs
[2024-10-18T11:19:47.618+0000] {logging_mixin.py:190} INFO - [2024-10-18T11:19:47.618+0000] {dag.py:4180} INFO - Setting next_dagrun for example_python_decorator to None, run_after=None
[2024-10-18T11:19:47.640+0000] {processor.py:208} INFO - Processing /home/airflow/.local/lib/python3.12/site-packages/airflow/example_dags/example_python_decorator.py took 0.084 seconds
[2024-10-18T11:20:20.465+0000] {processor.py:186} INFO - Started process (PID=13778) to work on /home/airflow/.local/lib/python3.12/site-packages/airflow/example_dags/example_python_decorator.py
[2024-10-18T11:20:20.472+0000] {processor.py:914} INFO - Processing file /home/airflow/.local/lib/python3.12/site-packages/airflow/example_dags/example_python_decorator.py for tasks to queue
[2024-10-18T11:20:20.479+0000] {logging_mixin.py:190} INFO - [2024-10-18T11:20:20.478+0000] {dagbag.py:588} INFO - Filling up the DagBag from /home/airflow/.local/lib/python3.12/site-packages/airflow/example_dags/example_python_decorator.py
[2024-10-18T11:20:20.543+0000] {processor.py:925} INFO - DAG(s) 'example_python_decorator' retrieved from /home/airflow/.local/lib/python3.12/site-packages/airflow/example_dags/example_python_decorator.py
[2024-10-18T11:20:20.612+0000] {logging_mixin.py:190} INFO - [2024-10-18T11:20:20.612+0000] {dag.py:3239} INFO - Sync 1 DAGs
[2024-10-18T11:20:20.915+0000] {logging_mixin.py:190} INFO - [2024-10-18T11:20:20.914+0000] {dag.py:4180} INFO - Setting next_dagrun for example_python_decorator to None, run_after=None
[2024-10-18T11:20:20.960+0000] {processor.py:208} INFO - Processing /home/airflow/.local/lib/python3.12/site-packages/airflow/example_dags/example_python_decorator.py took 0.517 seconds
[2024-10-18T11:20:51.678+0000] {processor.py:186} INFO - Started process (PID=14067) to work on /home/airflow/.local/lib/python3.12/site-packages/airflow/example_dags/example_python_decorator.py
[2024-10-18T11:20:51.679+0000] {processor.py:914} INFO - Processing file /home/airflow/.local/lib/python3.12/site-packages/airflow/example_dags/example_python_decorator.py for tasks to queue
[2024-10-18T11:20:51.681+0000] {logging_mixin.py:190} INFO - [2024-10-18T11:20:51.680+0000] {dagbag.py:588} INFO - Filling up the DagBag from /home/airflow/.local/lib/python3.12/site-packages/airflow/example_dags/example_python_decorator.py
[2024-10-18T11:20:51.694+0000] {processor.py:925} INFO - DAG(s) 'example_python_decorator' retrieved from /home/airflow/.local/lib/python3.12/site-packages/airflow/example_dags/example_python_decorator.py
[2024-10-18T11:20:51.716+0000] {logging_mixin.py:190} INFO - [2024-10-18T11:20:51.715+0000] {dag.py:3239} INFO - Sync 1 DAGs
[2024-10-18T11:20:51.734+0000] {logging_mixin.py:190} INFO - [2024-10-18T11:20:51.734+0000] {dag.py:4180} INFO - Setting next_dagrun for example_python_decorator to None, run_after=None
[2024-10-18T11:20:51.759+0000] {processor.py:208} INFO - Processing /home/airflow/.local/lib/python3.12/site-packages/airflow/example_dags/example_python_decorator.py took 0.087 seconds
