[2024-10-18T10:56:36.829+0000] {processor.py:186} INFO - Started process (PID=439) to work on /home/airflow/.local/lib/python3.12/site-packages/airflow/example_dags/example_xcom.py
[2024-10-18T10:56:36.831+0000] {processor.py:914} INFO - Processing file /home/airflow/.local/lib/python3.12/site-packages/airflow/example_dags/example_xcom.py for tasks to queue
[2024-10-18T10:56:36.835+0000] {logging_mixin.py:190} INFO - [2024-10-18T10:56:36.835+0000] {dagbag.py:588} INFO - Filling up the DagBag from /home/airflow/.local/lib/python3.12/site-packages/airflow/example_dags/example_xcom.py
[2024-10-18T10:56:36.851+0000] {processor.py:925} INFO - DAG(s) 'example_xcom' retrieved from /home/airflow/.local/lib/python3.12/site-packages/airflow/example_dags/example_xcom.py
[2024-10-18T10:56:37.011+0000] {logging_mixin.py:190} INFO - [2024-10-18T10:56:37.010+0000] {override.py:1900} INFO - Created Permission View: can delete on DAG:example_xcom
[2024-10-18T10:56:37.027+0000] {logging_mixin.py:190} INFO - [2024-10-18T10:56:37.026+0000] {override.py:1900} INFO - Created Permission View: can edit on DAG:example_xcom
[2024-10-18T10:56:37.037+0000] {logging_mixin.py:190} INFO - [2024-10-18T10:56:37.036+0000] {override.py:1900} INFO - Created Permission View: can read on DAG:example_xcom
[2024-10-18T10:56:37.050+0000] {logging_mixin.py:190} INFO - [2024-10-18T10:56:37.049+0000] {override.py:1900} INFO - Created Permission View: can delete on DAG Run:example_xcom
[2024-10-18T10:56:37.060+0000] {logging_mixin.py:190} INFO - [2024-10-18T10:56:37.059+0000] {override.py:1900} INFO - Created Permission View: menu access on DAG Run:example_xcom
[2024-10-18T10:56:37.069+0000] {logging_mixin.py:190} INFO - [2024-10-18T10:56:37.068+0000] {override.py:1900} INFO - Created Permission View: can read on DAG Run:example_xcom
[2024-10-18T10:56:37.080+0000] {logging_mixin.py:190} INFO - [2024-10-18T10:56:37.079+0000] {override.py:1900} INFO - Created Permission View: can create on DAG Run:example_xcom
[2024-10-18T10:56:37.081+0000] {logging_mixin.py:190} INFO - [2024-10-18T10:56:37.080+0000] {dag.py:3239} INFO - Sync 1 DAGs
[2024-10-18T10:56:37.102+0000] {logging_mixin.py:190} INFO - [2024-10-18T10:56:37.102+0000] {dag.py:3262} INFO - Creating ORM DAG for example_xcom
[2024-10-18T10:56:37.114+0000] {logging_mixin.py:190} INFO - [2024-10-18T10:56:37.114+0000] {dag.py:4180} INFO - Setting next_dagrun for example_xcom to 2021-01-01 00:00:00+00:00, run_after=2021-01-01 00:00:00+00:00
[2024-10-18T10:56:37.138+0000] {processor.py:208} INFO - Processing /home/airflow/.local/lib/python3.12/site-packages/airflow/example_dags/example_xcom.py took 0.318 seconds
[2024-10-18T10:57:08.790+0000] {processor.py:186} INFO - Started process (PID=725) to work on /home/airflow/.local/lib/python3.12/site-packages/airflow/example_dags/example_xcom.py
[2024-10-18T10:57:08.797+0000] {processor.py:914} INFO - Processing file /home/airflow/.local/lib/python3.12/site-packages/airflow/example_dags/example_xcom.py for tasks to queue
[2024-10-18T10:57:08.804+0000] {logging_mixin.py:190} INFO - [2024-10-18T10:57:08.802+0000] {dagbag.py:588} INFO - Filling up the DagBag from /home/airflow/.local/lib/python3.12/site-packages/airflow/example_dags/example_xcom.py
[2024-10-18T10:57:08.840+0000] {processor.py:925} INFO - DAG(s) 'example_xcom' retrieved from /home/airflow/.local/lib/python3.12/site-packages/airflow/example_dags/example_xcom.py
[2024-10-18T10:57:08.935+0000] {logging_mixin.py:190} INFO - [2024-10-18T10:57:08.934+0000] {dag.py:3239} INFO - Sync 1 DAGs
[2024-10-18T10:57:09.029+0000] {logging_mixin.py:190} INFO - [2024-10-18T10:57:09.029+0000] {dag.py:4180} INFO - Setting next_dagrun for example_xcom to 2021-01-01 00:00:00+00:00, run_after=2021-01-01 00:00:00+00:00
[2024-10-18T10:57:09.090+0000] {processor.py:208} INFO - Processing /home/airflow/.local/lib/python3.12/site-packages/airflow/example_dags/example_xcom.py took 0.319 seconds
[2024-10-18T10:57:39.372+0000] {processor.py:186} INFO - Started process (PID=1008) to work on /home/airflow/.local/lib/python3.12/site-packages/airflow/example_dags/example_xcom.py
[2024-10-18T10:57:39.375+0000] {processor.py:914} INFO - Processing file /home/airflow/.local/lib/python3.12/site-packages/airflow/example_dags/example_xcom.py for tasks to queue
[2024-10-18T10:57:39.380+0000] {logging_mixin.py:190} INFO - [2024-10-18T10:57:39.379+0000] {dagbag.py:588} INFO - Filling up the DagBag from /home/airflow/.local/lib/python3.12/site-packages/airflow/example_dags/example_xcom.py
[2024-10-18T10:57:39.408+0000] {processor.py:925} INFO - DAG(s) 'example_xcom' retrieved from /home/airflow/.local/lib/python3.12/site-packages/airflow/example_dags/example_xcom.py
[2024-10-18T10:57:39.473+0000] {logging_mixin.py:190} INFO - [2024-10-18T10:57:39.470+0000] {dag.py:3239} INFO - Sync 1 DAGs
[2024-10-18T10:57:39.547+0000] {logging_mixin.py:190} INFO - [2024-10-18T10:57:39.547+0000] {dag.py:4180} INFO - Setting next_dagrun for example_xcom to 2021-01-01 00:00:00+00:00, run_after=2021-01-01 00:00:00+00:00
[2024-10-18T10:57:39.611+0000] {processor.py:208} INFO - Processing /home/airflow/.local/lib/python3.12/site-packages/airflow/example_dags/example_xcom.py took 0.265 seconds
[2024-10-18T10:58:09.835+0000] {processor.py:186} INFO - Started process (PID=1296) to work on /home/airflow/.local/lib/python3.12/site-packages/airflow/example_dags/example_xcom.py
[2024-10-18T10:58:09.836+0000] {processor.py:914} INFO - Processing file /home/airflow/.local/lib/python3.12/site-packages/airflow/example_dags/example_xcom.py for tasks to queue
[2024-10-18T10:58:09.839+0000] {logging_mixin.py:190} INFO - [2024-10-18T10:58:09.839+0000] {dagbag.py:588} INFO - Filling up the DagBag from /home/airflow/.local/lib/python3.12/site-packages/airflow/example_dags/example_xcom.py
[2024-10-18T10:58:09.851+0000] {processor.py:925} INFO - DAG(s) 'example_xcom' retrieved from /home/airflow/.local/lib/python3.12/site-packages/airflow/example_dags/example_xcom.py
[2024-10-18T10:58:09.874+0000] {logging_mixin.py:190} INFO - [2024-10-18T10:58:09.874+0000] {dag.py:3239} INFO - Sync 1 DAGs
[2024-10-18T10:58:09.903+0000] {logging_mixin.py:190} INFO - [2024-10-18T10:58:09.903+0000] {dag.py:4180} INFO - Setting next_dagrun for example_xcom to 2021-01-01 00:00:00+00:00, run_after=2021-01-01 00:00:00+00:00
[2024-10-18T10:58:09.925+0000] {processor.py:208} INFO - Processing /home/airflow/.local/lib/python3.12/site-packages/airflow/example_dags/example_xcom.py took 0.097 seconds
[2024-10-18T10:58:40.376+0000] {processor.py:186} INFO - Started process (PID=1582) to work on /home/airflow/.local/lib/python3.12/site-packages/airflow/example_dags/example_xcom.py
[2024-10-18T10:58:40.377+0000] {processor.py:914} INFO - Processing file /home/airflow/.local/lib/python3.12/site-packages/airflow/example_dags/example_xcom.py for tasks to queue
[2024-10-18T10:58:40.379+0000] {logging_mixin.py:190} INFO - [2024-10-18T10:58:40.379+0000] {dagbag.py:588} INFO - Filling up the DagBag from /home/airflow/.local/lib/python3.12/site-packages/airflow/example_dags/example_xcom.py
[2024-10-18T10:58:40.391+0000] {processor.py:925} INFO - DAG(s) 'example_xcom' retrieved from /home/airflow/.local/lib/python3.12/site-packages/airflow/example_dags/example_xcom.py
[2024-10-18T10:58:40.413+0000] {logging_mixin.py:190} INFO - [2024-10-18T10:58:40.413+0000] {dag.py:3239} INFO - Sync 1 DAGs
[2024-10-18T10:58:40.477+0000] {logging_mixin.py:190} INFO - [2024-10-18T10:58:40.477+0000] {dag.py:4180} INFO - Setting next_dagrun for example_xcom to 2021-01-01 00:00:00+00:00, run_after=2021-01-01 00:00:00+00:00
[2024-10-18T10:58:40.502+0000] {processor.py:208} INFO - Processing /home/airflow/.local/lib/python3.12/site-packages/airflow/example_dags/example_xcom.py took 0.133 seconds
[2024-10-18T10:59:10.926+0000] {processor.py:186} INFO - Started process (PID=1869) to work on /home/airflow/.local/lib/python3.12/site-packages/airflow/example_dags/example_xcom.py
[2024-10-18T10:59:10.927+0000] {processor.py:914} INFO - Processing file /home/airflow/.local/lib/python3.12/site-packages/airflow/example_dags/example_xcom.py for tasks to queue
[2024-10-18T10:59:10.929+0000] {logging_mixin.py:190} INFO - [2024-10-18T10:59:10.928+0000] {dagbag.py:588} INFO - Filling up the DagBag from /home/airflow/.local/lib/python3.12/site-packages/airflow/example_dags/example_xcom.py
[2024-10-18T10:59:10.937+0000] {processor.py:925} INFO - DAG(s) 'example_xcom' retrieved from /home/airflow/.local/lib/python3.12/site-packages/airflow/example_dags/example_xcom.py
[2024-10-18T10:59:10.958+0000] {logging_mixin.py:190} INFO - [2024-10-18T10:59:10.958+0000] {dag.py:3239} INFO - Sync 1 DAGs
[2024-10-18T10:59:10.981+0000] {logging_mixin.py:190} INFO - [2024-10-18T10:59:10.981+0000] {dag.py:4180} INFO - Setting next_dagrun for example_xcom to 2021-01-01 00:00:00+00:00, run_after=2021-01-01 00:00:00+00:00
[2024-10-18T10:59:10.999+0000] {processor.py:208} INFO - Processing /home/airflow/.local/lib/python3.12/site-packages/airflow/example_dags/example_xcom.py took 0.078 seconds
[2024-10-18T10:59:41.250+0000] {processor.py:186} INFO - Started process (PID=2155) to work on /home/airflow/.local/lib/python3.12/site-packages/airflow/example_dags/example_xcom.py
[2024-10-18T10:59:41.251+0000] {processor.py:914} INFO - Processing file /home/airflow/.local/lib/python3.12/site-packages/airflow/example_dags/example_xcom.py for tasks to queue
[2024-10-18T10:59:41.253+0000] {logging_mixin.py:190} INFO - [2024-10-18T10:59:41.253+0000] {dagbag.py:588} INFO - Filling up the DagBag from /home/airflow/.local/lib/python3.12/site-packages/airflow/example_dags/example_xcom.py
[2024-10-18T10:59:41.261+0000] {processor.py:925} INFO - DAG(s) 'example_xcom' retrieved from /home/airflow/.local/lib/python3.12/site-packages/airflow/example_dags/example_xcom.py
[2024-10-18T10:59:41.280+0000] {logging_mixin.py:190} INFO - [2024-10-18T10:59:41.279+0000] {dag.py:3239} INFO - Sync 1 DAGs
[2024-10-18T10:59:41.303+0000] {logging_mixin.py:190} INFO - [2024-10-18T10:59:41.303+0000] {dag.py:4180} INFO - Setting next_dagrun for example_xcom to 2021-01-01 00:00:00+00:00, run_after=2021-01-01 00:00:00+00:00
[2024-10-18T10:59:41.323+0000] {processor.py:208} INFO - Processing /home/airflow/.local/lib/python3.12/site-packages/airflow/example_dags/example_xcom.py took 0.078 seconds
[2024-10-18T11:00:11.620+0000] {processor.py:186} INFO - Started process (PID=2441) to work on /home/airflow/.local/lib/python3.12/site-packages/airflow/example_dags/example_xcom.py
[2024-10-18T11:00:11.622+0000] {processor.py:914} INFO - Processing file /home/airflow/.local/lib/python3.12/site-packages/airflow/example_dags/example_xcom.py for tasks to queue
[2024-10-18T11:00:11.624+0000] {logging_mixin.py:190} INFO - [2024-10-18T11:00:11.623+0000] {dagbag.py:588} INFO - Filling up the DagBag from /home/airflow/.local/lib/python3.12/site-packages/airflow/example_dags/example_xcom.py
[2024-10-18T11:00:11.632+0000] {processor.py:925} INFO - DAG(s) 'example_xcom' retrieved from /home/airflow/.local/lib/python3.12/site-packages/airflow/example_dags/example_xcom.py
[2024-10-18T11:00:11.651+0000] {logging_mixin.py:190} INFO - [2024-10-18T11:00:11.651+0000] {dag.py:3239} INFO - Sync 1 DAGs
[2024-10-18T11:00:11.671+0000] {logging_mixin.py:190} INFO - [2024-10-18T11:00:11.671+0000] {dag.py:4180} INFO - Setting next_dagrun for example_xcom to 2021-01-01 00:00:00+00:00, run_after=2021-01-01 00:00:00+00:00
[2024-10-18T11:00:11.690+0000] {processor.py:208} INFO - Processing /home/airflow/.local/lib/python3.12/site-packages/airflow/example_dags/example_xcom.py took 0.074 seconds
[2024-10-18T11:00:42.091+0000] {processor.py:186} INFO - Started process (PID=2727) to work on /home/airflow/.local/lib/python3.12/site-packages/airflow/example_dags/example_xcom.py
[2024-10-18T11:00:42.092+0000] {processor.py:914} INFO - Processing file /home/airflow/.local/lib/python3.12/site-packages/airflow/example_dags/example_xcom.py for tasks to queue
[2024-10-18T11:00:42.095+0000] {logging_mixin.py:190} INFO - [2024-10-18T11:00:42.094+0000] {dagbag.py:588} INFO - Filling up the DagBag from /home/airflow/.local/lib/python3.12/site-packages/airflow/example_dags/example_xcom.py
[2024-10-18T11:00:42.103+0000] {processor.py:925} INFO - DAG(s) 'example_xcom' retrieved from /home/airflow/.local/lib/python3.12/site-packages/airflow/example_dags/example_xcom.py
[2024-10-18T11:00:42.122+0000] {logging_mixin.py:190} INFO - [2024-10-18T11:00:42.122+0000] {dag.py:3239} INFO - Sync 1 DAGs
[2024-10-18T11:00:42.142+0000] {logging_mixin.py:190} INFO - [2024-10-18T11:00:42.142+0000] {dag.py:4180} INFO - Setting next_dagrun for example_xcom to 2021-01-01 00:00:00+00:00, run_after=2021-01-01 00:00:00+00:00
[2024-10-18T11:00:42.162+0000] {processor.py:208} INFO - Processing /home/airflow/.local/lib/python3.12/site-packages/airflow/example_dags/example_xcom.py took 0.076 seconds
[2024-10-18T11:01:12.533+0000] {processor.py:186} INFO - Started process (PID=3013) to work on /home/airflow/.local/lib/python3.12/site-packages/airflow/example_dags/example_xcom.py
[2024-10-18T11:01:12.534+0000] {processor.py:914} INFO - Processing file /home/airflow/.local/lib/python3.12/site-packages/airflow/example_dags/example_xcom.py for tasks to queue
[2024-10-18T11:01:12.536+0000] {logging_mixin.py:190} INFO - [2024-10-18T11:01:12.535+0000] {dagbag.py:588} INFO - Filling up the DagBag from /home/airflow/.local/lib/python3.12/site-packages/airflow/example_dags/example_xcom.py
[2024-10-18T11:01:12.543+0000] {processor.py:925} INFO - DAG(s) 'example_xcom' retrieved from /home/airflow/.local/lib/python3.12/site-packages/airflow/example_dags/example_xcom.py
[2024-10-18T11:01:12.564+0000] {logging_mixin.py:190} INFO - [2024-10-18T11:01:12.563+0000] {dag.py:3239} INFO - Sync 1 DAGs
[2024-10-18T11:01:12.587+0000] {logging_mixin.py:190} INFO - [2024-10-18T11:01:12.587+0000] {dag.py:4180} INFO - Setting next_dagrun for example_xcom to 2021-01-01 00:00:00+00:00, run_after=2021-01-01 00:00:00+00:00
[2024-10-18T11:01:12.606+0000] {processor.py:208} INFO - Processing /home/airflow/.local/lib/python3.12/site-packages/airflow/example_dags/example_xcom.py took 0.079 seconds
[2024-10-18T11:01:43.103+0000] {processor.py:186} INFO - Started process (PID=3299) to work on /home/airflow/.local/lib/python3.12/site-packages/airflow/example_dags/example_xcom.py
[2024-10-18T11:01:43.104+0000] {processor.py:914} INFO - Processing file /home/airflow/.local/lib/python3.12/site-packages/airflow/example_dags/example_xcom.py for tasks to queue
[2024-10-18T11:01:43.106+0000] {logging_mixin.py:190} INFO - [2024-10-18T11:01:43.106+0000] {dagbag.py:588} INFO - Filling up the DagBag from /home/airflow/.local/lib/python3.12/site-packages/airflow/example_dags/example_xcom.py
[2024-10-18T11:01:43.114+0000] {processor.py:925} INFO - DAG(s) 'example_xcom' retrieved from /home/airflow/.local/lib/python3.12/site-packages/airflow/example_dags/example_xcom.py
[2024-10-18T11:01:43.134+0000] {logging_mixin.py:190} INFO - [2024-10-18T11:01:43.133+0000] {dag.py:3239} INFO - Sync 1 DAGs
[2024-10-18T11:01:43.155+0000] {logging_mixin.py:190} INFO - [2024-10-18T11:01:43.155+0000] {dag.py:4180} INFO - Setting next_dagrun for example_xcom to 2021-01-01 00:00:00+00:00, run_after=2021-01-01 00:00:00+00:00
[2024-10-18T11:01:43.174+0000] {processor.py:208} INFO - Processing /home/airflow/.local/lib/python3.12/site-packages/airflow/example_dags/example_xcom.py took 0.076 seconds
[2024-10-18T11:02:13.583+0000] {processor.py:186} INFO - Started process (PID=3585) to work on /home/airflow/.local/lib/python3.12/site-packages/airflow/example_dags/example_xcom.py
[2024-10-18T11:02:13.584+0000] {processor.py:914} INFO - Processing file /home/airflow/.local/lib/python3.12/site-packages/airflow/example_dags/example_xcom.py for tasks to queue
[2024-10-18T11:02:13.586+0000] {logging_mixin.py:190} INFO - [2024-10-18T11:02:13.586+0000] {dagbag.py:588} INFO - Filling up the DagBag from /home/airflow/.local/lib/python3.12/site-packages/airflow/example_dags/example_xcom.py
[2024-10-18T11:02:13.594+0000] {processor.py:925} INFO - DAG(s) 'example_xcom' retrieved from /home/airflow/.local/lib/python3.12/site-packages/airflow/example_dags/example_xcom.py
[2024-10-18T11:02:13.613+0000] {logging_mixin.py:190} INFO - [2024-10-18T11:02:13.613+0000] {dag.py:3239} INFO - Sync 1 DAGs
[2024-10-18T11:02:13.635+0000] {logging_mixin.py:190} INFO - [2024-10-18T11:02:13.635+0000] {dag.py:4180} INFO - Setting next_dagrun for example_xcom to 2021-01-01 00:00:00+00:00, run_after=2021-01-01 00:00:00+00:00
[2024-10-18T11:02:13.652+0000] {processor.py:208} INFO - Processing /home/airflow/.local/lib/python3.12/site-packages/airflow/example_dags/example_xcom.py took 0.074 seconds
[2024-10-18T11:02:44.045+0000] {processor.py:186} INFO - Started process (PID=3871) to work on /home/airflow/.local/lib/python3.12/site-packages/airflow/example_dags/example_xcom.py
[2024-10-18T11:02:44.046+0000] {processor.py:914} INFO - Processing file /home/airflow/.local/lib/python3.12/site-packages/airflow/example_dags/example_xcom.py for tasks to queue
[2024-10-18T11:02:44.049+0000] {logging_mixin.py:190} INFO - [2024-10-18T11:02:44.048+0000] {dagbag.py:588} INFO - Filling up the DagBag from /home/airflow/.local/lib/python3.12/site-packages/airflow/example_dags/example_xcom.py
[2024-10-18T11:02:44.058+0000] {processor.py:925} INFO - DAG(s) 'example_xcom' retrieved from /home/airflow/.local/lib/python3.12/site-packages/airflow/example_dags/example_xcom.py
[2024-10-18T11:02:44.082+0000] {logging_mixin.py:190} INFO - [2024-10-18T11:02:44.081+0000] {dag.py:3239} INFO - Sync 1 DAGs
[2024-10-18T11:02:44.103+0000] {logging_mixin.py:190} INFO - [2024-10-18T11:02:44.103+0000] {dag.py:4180} INFO - Setting next_dagrun for example_xcom to 2021-01-01 00:00:00+00:00, run_after=2021-01-01 00:00:00+00:00
[2024-10-18T11:02:44.122+0000] {processor.py:208} INFO - Processing /home/airflow/.local/lib/python3.12/site-packages/airflow/example_dags/example_xcom.py took 0.083 seconds
[2024-10-18T11:03:14.354+0000] {processor.py:186} INFO - Started process (PID=4157) to work on /home/airflow/.local/lib/python3.12/site-packages/airflow/example_dags/example_xcom.py
[2024-10-18T11:03:14.355+0000] {processor.py:914} INFO - Processing file /home/airflow/.local/lib/python3.12/site-packages/airflow/example_dags/example_xcom.py for tasks to queue
[2024-10-18T11:03:14.357+0000] {logging_mixin.py:190} INFO - [2024-10-18T11:03:14.357+0000] {dagbag.py:588} INFO - Filling up the DagBag from /home/airflow/.local/lib/python3.12/site-packages/airflow/example_dags/example_xcom.py
[2024-10-18T11:03:14.367+0000] {processor.py:925} INFO - DAG(s) 'example_xcom' retrieved from /home/airflow/.local/lib/python3.12/site-packages/airflow/example_dags/example_xcom.py
[2024-10-18T11:03:14.386+0000] {logging_mixin.py:190} INFO - [2024-10-18T11:03:14.386+0000] {dag.py:3239} INFO - Sync 1 DAGs
[2024-10-18T11:03:14.406+0000] {logging_mixin.py:190} INFO - [2024-10-18T11:03:14.406+0000] {dag.py:4180} INFO - Setting next_dagrun for example_xcom to 2021-01-01 00:00:00+00:00, run_after=2021-01-01 00:00:00+00:00
[2024-10-18T11:03:14.422+0000] {processor.py:208} INFO - Processing /home/airflow/.local/lib/python3.12/site-packages/airflow/example_dags/example_xcom.py took 0.074 seconds
[2024-10-18T11:03:44.775+0000] {processor.py:186} INFO - Started process (PID=4443) to work on /home/airflow/.local/lib/python3.12/site-packages/airflow/example_dags/example_xcom.py
[2024-10-18T11:03:44.776+0000] {processor.py:914} INFO - Processing file /home/airflow/.local/lib/python3.12/site-packages/airflow/example_dags/example_xcom.py for tasks to queue
[2024-10-18T11:03:44.778+0000] {logging_mixin.py:190} INFO - [2024-10-18T11:03:44.778+0000] {dagbag.py:588} INFO - Filling up the DagBag from /home/airflow/.local/lib/python3.12/site-packages/airflow/example_dags/example_xcom.py
[2024-10-18T11:03:44.786+0000] {processor.py:925} INFO - DAG(s) 'example_xcom' retrieved from /home/airflow/.local/lib/python3.12/site-packages/airflow/example_dags/example_xcom.py
[2024-10-18T11:03:44.805+0000] {logging_mixin.py:190} INFO - [2024-10-18T11:03:44.805+0000] {dag.py:3239} INFO - Sync 1 DAGs
[2024-10-18T11:03:44.826+0000] {logging_mixin.py:190} INFO - [2024-10-18T11:03:44.826+0000] {dag.py:4180} INFO - Setting next_dagrun for example_xcom to 2021-01-01 00:00:00+00:00, run_after=2021-01-01 00:00:00+00:00
[2024-10-18T11:03:44.841+0000] {processor.py:208} INFO - Processing /home/airflow/.local/lib/python3.12/site-packages/airflow/example_dags/example_xcom.py took 0.071 seconds
[2024-10-18T11:04:15.040+0000] {processor.py:186} INFO - Started process (PID=4729) to work on /home/airflow/.local/lib/python3.12/site-packages/airflow/example_dags/example_xcom.py
[2024-10-18T11:04:15.041+0000] {processor.py:914} INFO - Processing file /home/airflow/.local/lib/python3.12/site-packages/airflow/example_dags/example_xcom.py for tasks to queue
[2024-10-18T11:04:15.043+0000] {logging_mixin.py:190} INFO - [2024-10-18T11:04:15.043+0000] {dagbag.py:588} INFO - Filling up the DagBag from /home/airflow/.local/lib/python3.12/site-packages/airflow/example_dags/example_xcom.py
[2024-10-18T11:04:15.052+0000] {processor.py:925} INFO - DAG(s) 'example_xcom' retrieved from /home/airflow/.local/lib/python3.12/site-packages/airflow/example_dags/example_xcom.py
[2024-10-18T11:04:15.072+0000] {logging_mixin.py:190} INFO - [2024-10-18T11:04:15.072+0000] {dag.py:3239} INFO - Sync 1 DAGs
[2024-10-18T11:04:15.094+0000] {logging_mixin.py:190} INFO - [2024-10-18T11:04:15.094+0000] {dag.py:4180} INFO - Setting next_dagrun for example_xcom to 2021-01-01 00:00:00+00:00, run_after=2021-01-01 00:00:00+00:00
[2024-10-18T11:04:15.113+0000] {processor.py:208} INFO - Processing /home/airflow/.local/lib/python3.12/site-packages/airflow/example_dags/example_xcom.py took 0.078 seconds
[2024-10-18T11:04:45.301+0000] {processor.py:186} INFO - Started process (PID=5015) to work on /home/airflow/.local/lib/python3.12/site-packages/airflow/example_dags/example_xcom.py
[2024-10-18T11:04:45.302+0000] {processor.py:914} INFO - Processing file /home/airflow/.local/lib/python3.12/site-packages/airflow/example_dags/example_xcom.py for tasks to queue
[2024-10-18T11:04:45.304+0000] {logging_mixin.py:190} INFO - [2024-10-18T11:04:45.304+0000] {dagbag.py:588} INFO - Filling up the DagBag from /home/airflow/.local/lib/python3.12/site-packages/airflow/example_dags/example_xcom.py
[2024-10-18T11:04:45.312+0000] {processor.py:925} INFO - DAG(s) 'example_xcom' retrieved from /home/airflow/.local/lib/python3.12/site-packages/airflow/example_dags/example_xcom.py
[2024-10-18T11:04:45.330+0000] {logging_mixin.py:190} INFO - [2024-10-18T11:04:45.330+0000] {dag.py:3239} INFO - Sync 1 DAGs
[2024-10-18T11:04:45.351+0000] {logging_mixin.py:190} INFO - [2024-10-18T11:04:45.351+0000] {dag.py:4180} INFO - Setting next_dagrun for example_xcom to 2021-01-01 00:00:00+00:00, run_after=2021-01-01 00:00:00+00:00
[2024-10-18T11:04:45.370+0000] {processor.py:208} INFO - Processing /home/airflow/.local/lib/python3.12/site-packages/airflow/example_dags/example_xcom.py took 0.073 seconds
[2024-10-18T11:05:15.596+0000] {processor.py:186} INFO - Started process (PID=5301) to work on /home/airflow/.local/lib/python3.12/site-packages/airflow/example_dags/example_xcom.py
[2024-10-18T11:05:15.597+0000] {processor.py:914} INFO - Processing file /home/airflow/.local/lib/python3.12/site-packages/airflow/example_dags/example_xcom.py for tasks to queue
[2024-10-18T11:05:15.599+0000] {logging_mixin.py:190} INFO - [2024-10-18T11:05:15.599+0000] {dagbag.py:588} INFO - Filling up the DagBag from /home/airflow/.local/lib/python3.12/site-packages/airflow/example_dags/example_xcom.py
[2024-10-18T11:05:15.607+0000] {processor.py:925} INFO - DAG(s) 'example_xcom' retrieved from /home/airflow/.local/lib/python3.12/site-packages/airflow/example_dags/example_xcom.py
[2024-10-18T11:05:15.626+0000] {logging_mixin.py:190} INFO - [2024-10-18T11:05:15.625+0000] {dag.py:3239} INFO - Sync 1 DAGs
[2024-10-18T11:05:15.646+0000] {logging_mixin.py:190} INFO - [2024-10-18T11:05:15.646+0000] {dag.py:4180} INFO - Setting next_dagrun for example_xcom to 2021-01-01 00:00:00+00:00, run_after=2021-01-01 00:00:00+00:00
[2024-10-18T11:05:15.667+0000] {processor.py:208} INFO - Processing /home/airflow/.local/lib/python3.12/site-packages/airflow/example_dags/example_xcom.py took 0.076 seconds
[2024-10-18T11:05:45.841+0000] {processor.py:186} INFO - Started process (PID=5587) to work on /home/airflow/.local/lib/python3.12/site-packages/airflow/example_dags/example_xcom.py
[2024-10-18T11:05:45.843+0000] {processor.py:914} INFO - Processing file /home/airflow/.local/lib/python3.12/site-packages/airflow/example_dags/example_xcom.py for tasks to queue
[2024-10-18T11:05:45.845+0000] {logging_mixin.py:190} INFO - [2024-10-18T11:05:45.844+0000] {dagbag.py:588} INFO - Filling up the DagBag from /home/airflow/.local/lib/python3.12/site-packages/airflow/example_dags/example_xcom.py
[2024-10-18T11:05:45.853+0000] {processor.py:925} INFO - DAG(s) 'example_xcom' retrieved from /home/airflow/.local/lib/python3.12/site-packages/airflow/example_dags/example_xcom.py
[2024-10-18T11:05:45.872+0000] {logging_mixin.py:190} INFO - [2024-10-18T11:05:45.871+0000] {dag.py:3239} INFO - Sync 1 DAGs
[2024-10-18T11:05:45.892+0000] {logging_mixin.py:190} INFO - [2024-10-18T11:05:45.892+0000] {dag.py:4180} INFO - Setting next_dagrun for example_xcom to 2021-01-01 00:00:00+00:00, run_after=2021-01-01 00:00:00+00:00
[2024-10-18T11:05:45.911+0000] {processor.py:208} INFO - Processing /home/airflow/.local/lib/python3.12/site-packages/airflow/example_dags/example_xcom.py took 0.075 seconds
[2024-10-18T11:06:16.308+0000] {processor.py:186} INFO - Started process (PID=5873) to work on /home/airflow/.local/lib/python3.12/site-packages/airflow/example_dags/example_xcom.py
[2024-10-18T11:06:16.309+0000] {processor.py:914} INFO - Processing file /home/airflow/.local/lib/python3.12/site-packages/airflow/example_dags/example_xcom.py for tasks to queue
[2024-10-18T11:06:16.311+0000] {logging_mixin.py:190} INFO - [2024-10-18T11:06:16.311+0000] {dagbag.py:588} INFO - Filling up the DagBag from /home/airflow/.local/lib/python3.12/site-packages/airflow/example_dags/example_xcom.py
[2024-10-18T11:06:16.319+0000] {processor.py:925} INFO - DAG(s) 'example_xcom' retrieved from /home/airflow/.local/lib/python3.12/site-packages/airflow/example_dags/example_xcom.py
[2024-10-18T11:06:16.339+0000] {logging_mixin.py:190} INFO - [2024-10-18T11:06:16.338+0000] {dag.py:3239} INFO - Sync 1 DAGs
[2024-10-18T11:06:16.358+0000] {logging_mixin.py:190} INFO - [2024-10-18T11:06:16.358+0000] {dag.py:4180} INFO - Setting next_dagrun for example_xcom to 2021-01-01 00:00:00+00:00, run_after=2021-01-01 00:00:00+00:00
[2024-10-18T11:06:16.377+0000] {processor.py:208} INFO - Processing /home/airflow/.local/lib/python3.12/site-packages/airflow/example_dags/example_xcom.py took 0.073 seconds
[2024-10-18T11:06:46.713+0000] {processor.py:186} INFO - Started process (PID=6159) to work on /home/airflow/.local/lib/python3.12/site-packages/airflow/example_dags/example_xcom.py
[2024-10-18T11:06:46.714+0000] {processor.py:914} INFO - Processing file /home/airflow/.local/lib/python3.12/site-packages/airflow/example_dags/example_xcom.py for tasks to queue
[2024-10-18T11:06:46.717+0000] {logging_mixin.py:190} INFO - [2024-10-18T11:06:46.717+0000] {dagbag.py:588} INFO - Filling up the DagBag from /home/airflow/.local/lib/python3.12/site-packages/airflow/example_dags/example_xcom.py
[2024-10-18T11:06:46.725+0000] {processor.py:925} INFO - DAG(s) 'example_xcom' retrieved from /home/airflow/.local/lib/python3.12/site-packages/airflow/example_dags/example_xcom.py
[2024-10-18T11:06:46.744+0000] {logging_mixin.py:190} INFO - [2024-10-18T11:06:46.743+0000] {dag.py:3239} INFO - Sync 1 DAGs
[2024-10-18T11:06:46.766+0000] {logging_mixin.py:190} INFO - [2024-10-18T11:06:46.766+0000] {dag.py:4180} INFO - Setting next_dagrun for example_xcom to 2021-01-01 00:00:00+00:00, run_after=2021-01-01 00:00:00+00:00
[2024-10-18T11:06:46.784+0000] {processor.py:208} INFO - Processing /home/airflow/.local/lib/python3.12/site-packages/airflow/example_dags/example_xcom.py took 0.075 seconds
[2024-10-18T11:07:16.889+0000] {processor.py:186} INFO - Started process (PID=6443) to work on /home/airflow/.local/lib/python3.12/site-packages/airflow/example_dags/example_xcom.py
[2024-10-18T11:07:16.890+0000] {processor.py:914} INFO - Processing file /home/airflow/.local/lib/python3.12/site-packages/airflow/example_dags/example_xcom.py for tasks to queue
[2024-10-18T11:07:16.892+0000] {logging_mixin.py:190} INFO - [2024-10-18T11:07:16.892+0000] {dagbag.py:588} INFO - Filling up the DagBag from /home/airflow/.local/lib/python3.12/site-packages/airflow/example_dags/example_xcom.py
[2024-10-18T11:07:16.899+0000] {processor.py:925} INFO - DAG(s) 'example_xcom' retrieved from /home/airflow/.local/lib/python3.12/site-packages/airflow/example_dags/example_xcom.py
[2024-10-18T11:07:16.917+0000] {logging_mixin.py:190} INFO - [2024-10-18T11:07:16.917+0000] {dag.py:3239} INFO - Sync 1 DAGs
[2024-10-18T11:07:16.938+0000] {logging_mixin.py:190} INFO - [2024-10-18T11:07:16.937+0000] {dag.py:4180} INFO - Setting next_dagrun for example_xcom to 2021-01-01 00:00:00+00:00, run_after=2021-01-01 00:00:00+00:00
[2024-10-18T11:07:16.957+0000] {processor.py:208} INFO - Processing /home/airflow/.local/lib/python3.12/site-packages/airflow/example_dags/example_xcom.py took 0.074 seconds
[2024-10-18T11:07:47.360+0000] {processor.py:186} INFO - Started process (PID=6731) to work on /home/airflow/.local/lib/python3.12/site-packages/airflow/example_dags/example_xcom.py
[2024-10-18T11:07:47.361+0000] {processor.py:914} INFO - Processing file /home/airflow/.local/lib/python3.12/site-packages/airflow/example_dags/example_xcom.py for tasks to queue
[2024-10-18T11:07:47.363+0000] {logging_mixin.py:190} INFO - [2024-10-18T11:07:47.363+0000] {dagbag.py:588} INFO - Filling up the DagBag from /home/airflow/.local/lib/python3.12/site-packages/airflow/example_dags/example_xcom.py
[2024-10-18T11:07:47.372+0000] {processor.py:925} INFO - DAG(s) 'example_xcom' retrieved from /home/airflow/.local/lib/python3.12/site-packages/airflow/example_dags/example_xcom.py
[2024-10-18T11:07:47.393+0000] {logging_mixin.py:190} INFO - [2024-10-18T11:07:47.393+0000] {dag.py:3239} INFO - Sync 1 DAGs
[2024-10-18T11:07:47.413+0000] {logging_mixin.py:190} INFO - [2024-10-18T11:07:47.412+0000] {dag.py:4180} INFO - Setting next_dagrun for example_xcom to 2021-01-01 00:00:00+00:00, run_after=2021-01-01 00:00:00+00:00
[2024-10-18T11:07:47.429+0000] {processor.py:208} INFO - Processing /home/airflow/.local/lib/python3.12/site-packages/airflow/example_dags/example_xcom.py took 0.074 seconds
[2024-10-18T11:08:17.511+0000] {processor.py:186} INFO - Started process (PID=7017) to work on /home/airflow/.local/lib/python3.12/site-packages/airflow/example_dags/example_xcom.py
[2024-10-18T11:08:17.512+0000] {processor.py:914} INFO - Processing file /home/airflow/.local/lib/python3.12/site-packages/airflow/example_dags/example_xcom.py for tasks to queue
[2024-10-18T11:08:17.514+0000] {logging_mixin.py:190} INFO - [2024-10-18T11:08:17.513+0000] {dagbag.py:588} INFO - Filling up the DagBag from /home/airflow/.local/lib/python3.12/site-packages/airflow/example_dags/example_xcom.py
[2024-10-18T11:08:17.521+0000] {processor.py:925} INFO - DAG(s) 'example_xcom' retrieved from /home/airflow/.local/lib/python3.12/site-packages/airflow/example_dags/example_xcom.py
[2024-10-18T11:08:17.540+0000] {logging_mixin.py:190} INFO - [2024-10-18T11:08:17.539+0000] {dag.py:3239} INFO - Sync 1 DAGs
[2024-10-18T11:08:17.560+0000] {logging_mixin.py:190} INFO - [2024-10-18T11:08:17.560+0000] {dag.py:4180} INFO - Setting next_dagrun for example_xcom to 2021-01-01 00:00:00+00:00, run_after=2021-01-01 00:00:00+00:00
[2024-10-18T11:08:17.578+0000] {processor.py:208} INFO - Processing /home/airflow/.local/lib/python3.12/site-packages/airflow/example_dags/example_xcom.py took 0.072 seconds
[2024-10-18T11:08:47.701+0000] {processor.py:186} INFO - Started process (PID=7301) to work on /home/airflow/.local/lib/python3.12/site-packages/airflow/example_dags/example_xcom.py
[2024-10-18T11:08:47.702+0000] {processor.py:914} INFO - Processing file /home/airflow/.local/lib/python3.12/site-packages/airflow/example_dags/example_xcom.py for tasks to queue
[2024-10-18T11:08:47.704+0000] {logging_mixin.py:190} INFO - [2024-10-18T11:08:47.704+0000] {dagbag.py:588} INFO - Filling up the DagBag from /home/airflow/.local/lib/python3.12/site-packages/airflow/example_dags/example_xcom.py
[2024-10-18T11:08:47.713+0000] {processor.py:925} INFO - DAG(s) 'example_xcom' retrieved from /home/airflow/.local/lib/python3.12/site-packages/airflow/example_dags/example_xcom.py
[2024-10-18T11:08:47.731+0000] {logging_mixin.py:190} INFO - [2024-10-18T11:08:47.731+0000] {dag.py:3239} INFO - Sync 1 DAGs
[2024-10-18T11:08:47.751+0000] {logging_mixin.py:190} INFO - [2024-10-18T11:08:47.751+0000] {dag.py:4180} INFO - Setting next_dagrun for example_xcom to 2021-01-01 00:00:00+00:00, run_after=2021-01-01 00:00:00+00:00
[2024-10-18T11:08:47.771+0000] {processor.py:208} INFO - Processing /home/airflow/.local/lib/python3.12/site-packages/airflow/example_dags/example_xcom.py took 0.075 seconds
[2024-10-18T11:09:18.064+0000] {processor.py:186} INFO - Started process (PID=7587) to work on /home/airflow/.local/lib/python3.12/site-packages/airflow/example_dags/example_xcom.py
[2024-10-18T11:09:18.065+0000] {processor.py:914} INFO - Processing file /home/airflow/.local/lib/python3.12/site-packages/airflow/example_dags/example_xcom.py for tasks to queue
[2024-10-18T11:09:18.067+0000] {logging_mixin.py:190} INFO - [2024-10-18T11:09:18.067+0000] {dagbag.py:588} INFO - Filling up the DagBag from /home/airflow/.local/lib/python3.12/site-packages/airflow/example_dags/example_xcom.py
[2024-10-18T11:09:18.075+0000] {processor.py:925} INFO - DAG(s) 'example_xcom' retrieved from /home/airflow/.local/lib/python3.12/site-packages/airflow/example_dags/example_xcom.py
[2024-10-18T11:09:18.093+0000] {logging_mixin.py:190} INFO - [2024-10-18T11:09:18.093+0000] {dag.py:3239} INFO - Sync 1 DAGs
[2024-10-18T11:09:18.113+0000] {logging_mixin.py:190} INFO - [2024-10-18T11:09:18.113+0000] {dag.py:4180} INFO - Setting next_dagrun for example_xcom to 2021-01-01 00:00:00+00:00, run_after=2021-01-01 00:00:00+00:00
[2024-10-18T11:09:18.130+0000] {processor.py:208} INFO - Processing /home/airflow/.local/lib/python3.12/site-packages/airflow/example_dags/example_xcom.py took 0.071 seconds
[2024-10-18T11:09:48.338+0000] {processor.py:186} INFO - Started process (PID=7873) to work on /home/airflow/.local/lib/python3.12/site-packages/airflow/example_dags/example_xcom.py
[2024-10-18T11:09:48.339+0000] {processor.py:914} INFO - Processing file /home/airflow/.local/lib/python3.12/site-packages/airflow/example_dags/example_xcom.py for tasks to queue
[2024-10-18T11:09:48.341+0000] {logging_mixin.py:190} INFO - [2024-10-18T11:09:48.341+0000] {dagbag.py:588} INFO - Filling up the DagBag from /home/airflow/.local/lib/python3.12/site-packages/airflow/example_dags/example_xcom.py
[2024-10-18T11:09:48.350+0000] {processor.py:925} INFO - DAG(s) 'example_xcom' retrieved from /home/airflow/.local/lib/python3.12/site-packages/airflow/example_dags/example_xcom.py
[2024-10-18T11:09:48.370+0000] {logging_mixin.py:190} INFO - [2024-10-18T11:09:48.370+0000] {dag.py:3239} INFO - Sync 1 DAGs
[2024-10-18T11:09:48.392+0000] {logging_mixin.py:190} INFO - [2024-10-18T11:09:48.392+0000] {dag.py:4180} INFO - Setting next_dagrun for example_xcom to 2021-01-01 00:00:00+00:00, run_after=2021-01-01 00:00:00+00:00
[2024-10-18T11:09:48.412+0000] {processor.py:208} INFO - Processing /home/airflow/.local/lib/python3.12/site-packages/airflow/example_dags/example_xcom.py took 0.079 seconds
[2024-10-18T11:10:18.864+0000] {processor.py:186} INFO - Started process (PID=8161) to work on /home/airflow/.local/lib/python3.12/site-packages/airflow/example_dags/example_xcom.py
[2024-10-18T11:10:18.865+0000] {processor.py:914} INFO - Processing file /home/airflow/.local/lib/python3.12/site-packages/airflow/example_dags/example_xcom.py for tasks to queue
[2024-10-18T11:10:18.867+0000] {logging_mixin.py:190} INFO - [2024-10-18T11:10:18.867+0000] {dagbag.py:588} INFO - Filling up the DagBag from /home/airflow/.local/lib/python3.12/site-packages/airflow/example_dags/example_xcom.py
[2024-10-18T11:10:18.876+0000] {processor.py:925} INFO - DAG(s) 'example_xcom' retrieved from /home/airflow/.local/lib/python3.12/site-packages/airflow/example_dags/example_xcom.py
[2024-10-18T11:10:18.897+0000] {logging_mixin.py:190} INFO - [2024-10-18T11:10:18.897+0000] {dag.py:3239} INFO - Sync 1 DAGs
[2024-10-18T11:10:18.917+0000] {logging_mixin.py:190} INFO - [2024-10-18T11:10:18.917+0000] {dag.py:4180} INFO - Setting next_dagrun for example_xcom to 2021-01-01 00:00:00+00:00, run_after=2021-01-01 00:00:00+00:00
[2024-10-18T11:10:18.933+0000] {processor.py:208} INFO - Processing /home/airflow/.local/lib/python3.12/site-packages/airflow/example_dags/example_xcom.py took 0.074 seconds
[2024-10-18T11:10:49.789+0000] {processor.py:186} INFO - Started process (PID=8447) to work on /home/airflow/.local/lib/python3.12/site-packages/airflow/example_dags/example_xcom.py
[2024-10-18T11:10:49.792+0000] {processor.py:914} INFO - Processing file /home/airflow/.local/lib/python3.12/site-packages/airflow/example_dags/example_xcom.py for tasks to queue
[2024-10-18T11:10:49.795+0000] {logging_mixin.py:190} INFO - [2024-10-18T11:10:49.794+0000] {dagbag.py:588} INFO - Filling up the DagBag from /home/airflow/.local/lib/python3.12/site-packages/airflow/example_dags/example_xcom.py
[2024-10-18T11:10:49.812+0000] {processor.py:925} INFO - DAG(s) 'example_xcom' retrieved from /home/airflow/.local/lib/python3.12/site-packages/airflow/example_dags/example_xcom.py
[2024-10-18T11:10:49.868+0000] {logging_mixin.py:190} INFO - [2024-10-18T11:10:49.867+0000] {dag.py:3239} INFO - Sync 1 DAGs
[2024-10-18T11:10:49.925+0000] {logging_mixin.py:190} INFO - [2024-10-18T11:10:49.925+0000] {dag.py:4180} INFO - Setting next_dagrun for example_xcom to 2021-01-01 00:00:00+00:00, run_after=2021-01-01 00:00:00+00:00
[2024-10-18T11:10:49.970+0000] {processor.py:208} INFO - Processing /home/airflow/.local/lib/python3.12/site-packages/airflow/example_dags/example_xcom.py took 0.193 seconds
[2024-10-18T11:11:20.353+0000] {processor.py:186} INFO - Started process (PID=8733) to work on /home/airflow/.local/lib/python3.12/site-packages/airflow/example_dags/example_xcom.py
[2024-10-18T11:11:20.354+0000] {processor.py:914} INFO - Processing file /home/airflow/.local/lib/python3.12/site-packages/airflow/example_dags/example_xcom.py for tasks to queue
[2024-10-18T11:11:20.356+0000] {logging_mixin.py:190} INFO - [2024-10-18T11:11:20.356+0000] {dagbag.py:588} INFO - Filling up the DagBag from /home/airflow/.local/lib/python3.12/site-packages/airflow/example_dags/example_xcom.py
[2024-10-18T11:11:20.364+0000] {processor.py:925} INFO - DAG(s) 'example_xcom' retrieved from /home/airflow/.local/lib/python3.12/site-packages/airflow/example_dags/example_xcom.py
[2024-10-18T11:11:20.387+0000] {logging_mixin.py:190} INFO - [2024-10-18T11:11:20.387+0000] {dag.py:3239} INFO - Sync 1 DAGs
[2024-10-18T11:11:20.410+0000] {logging_mixin.py:190} INFO - [2024-10-18T11:11:20.410+0000] {dag.py:4180} INFO - Setting next_dagrun for example_xcom to 2021-01-01 00:00:00+00:00, run_after=2021-01-01 00:00:00+00:00
[2024-10-18T11:11:20.445+0000] {processor.py:208} INFO - Processing /home/airflow/.local/lib/python3.12/site-packages/airflow/example_dags/example_xcom.py took 0.097 seconds
[2024-10-18T11:11:50.898+0000] {processor.py:186} INFO - Started process (PID=9019) to work on /home/airflow/.local/lib/python3.12/site-packages/airflow/example_dags/example_xcom.py
[2024-10-18T11:11:50.899+0000] {processor.py:914} INFO - Processing file /home/airflow/.local/lib/python3.12/site-packages/airflow/example_dags/example_xcom.py for tasks to queue
[2024-10-18T11:11:50.902+0000] {logging_mixin.py:190} INFO - [2024-10-18T11:11:50.901+0000] {dagbag.py:588} INFO - Filling up the DagBag from /home/airflow/.local/lib/python3.12/site-packages/airflow/example_dags/example_xcom.py
[2024-10-18T11:11:50.911+0000] {processor.py:925} INFO - DAG(s) 'example_xcom' retrieved from /home/airflow/.local/lib/python3.12/site-packages/airflow/example_dags/example_xcom.py
[2024-10-18T11:11:50.934+0000] {logging_mixin.py:190} INFO - [2024-10-18T11:11:50.934+0000] {dag.py:3239} INFO - Sync 1 DAGs
[2024-10-18T11:11:50.960+0000] {logging_mixin.py:190} INFO - [2024-10-18T11:11:50.960+0000] {dag.py:4180} INFO - Setting next_dagrun for example_xcom to 2021-01-01 00:00:00+00:00, run_after=2021-01-01 00:00:00+00:00
[2024-10-18T11:11:50.984+0000] {processor.py:208} INFO - Processing /home/airflow/.local/lib/python3.12/site-packages/airflow/example_dags/example_xcom.py took 0.092 seconds
[2024-10-18T11:12:21.495+0000] {processor.py:186} INFO - Started process (PID=9310) to work on /home/airflow/.local/lib/python3.12/site-packages/airflow/example_dags/example_xcom.py
[2024-10-18T11:12:21.497+0000] {processor.py:914} INFO - Processing file /home/airflow/.local/lib/python3.12/site-packages/airflow/example_dags/example_xcom.py for tasks to queue
[2024-10-18T11:12:21.500+0000] {logging_mixin.py:190} INFO - [2024-10-18T11:12:21.499+0000] {dagbag.py:588} INFO - Filling up the DagBag from /home/airflow/.local/lib/python3.12/site-packages/airflow/example_dags/example_xcom.py
[2024-10-18T11:12:21.511+0000] {processor.py:925} INFO - DAG(s) 'example_xcom' retrieved from /home/airflow/.local/lib/python3.12/site-packages/airflow/example_dags/example_xcom.py
[2024-10-18T11:12:21.538+0000] {logging_mixin.py:190} INFO - [2024-10-18T11:12:21.537+0000] {dag.py:3239} INFO - Sync 1 DAGs
[2024-10-18T11:12:21.568+0000] {logging_mixin.py:190} INFO - [2024-10-18T11:12:21.568+0000] {dag.py:4180} INFO - Setting next_dagrun for example_xcom to 2021-01-01 00:00:00+00:00, run_after=2021-01-01 00:00:00+00:00
[2024-10-18T11:12:21.594+0000] {processor.py:208} INFO - Processing /home/airflow/.local/lib/python3.12/site-packages/airflow/example_dags/example_xcom.py took 0.105 seconds
[2024-10-18T11:12:52.156+0000] {processor.py:186} INFO - Started process (PID=9597) to work on /home/airflow/.local/lib/python3.12/site-packages/airflow/example_dags/example_xcom.py
[2024-10-18T11:12:52.157+0000] {processor.py:914} INFO - Processing file /home/airflow/.local/lib/python3.12/site-packages/airflow/example_dags/example_xcom.py for tasks to queue
[2024-10-18T11:12:52.160+0000] {logging_mixin.py:190} INFO - [2024-10-18T11:12:52.159+0000] {dagbag.py:588} INFO - Filling up the DagBag from /home/airflow/.local/lib/python3.12/site-packages/airflow/example_dags/example_xcom.py
[2024-10-18T11:12:52.172+0000] {processor.py:925} INFO - DAG(s) 'example_xcom' retrieved from /home/airflow/.local/lib/python3.12/site-packages/airflow/example_dags/example_xcom.py
[2024-10-18T11:12:52.194+0000] {logging_mixin.py:190} INFO - [2024-10-18T11:12:52.194+0000] {dag.py:3239} INFO - Sync 1 DAGs
[2024-10-18T11:12:52.218+0000] {logging_mixin.py:190} INFO - [2024-10-18T11:12:52.218+0000] {dag.py:4180} INFO - Setting next_dagrun for example_xcom to 2021-01-01 00:00:00+00:00, run_after=2021-01-01 00:00:00+00:00
[2024-10-18T11:12:52.238+0000] {processor.py:208} INFO - Processing /home/airflow/.local/lib/python3.12/site-packages/airflow/example_dags/example_xcom.py took 0.089 seconds
[2024-10-18T11:13:22.330+0000] {processor.py:186} INFO - Started process (PID=9883) to work on /home/airflow/.local/lib/python3.12/site-packages/airflow/example_dags/example_xcom.py
[2024-10-18T11:13:22.331+0000] {processor.py:914} INFO - Processing file /home/airflow/.local/lib/python3.12/site-packages/airflow/example_dags/example_xcom.py for tasks to queue
[2024-10-18T11:13:22.333+0000] {logging_mixin.py:190} INFO - [2024-10-18T11:13:22.333+0000] {dagbag.py:588} INFO - Filling up the DagBag from /home/airflow/.local/lib/python3.12/site-packages/airflow/example_dags/example_xcom.py
[2024-10-18T11:13:22.341+0000] {processor.py:925} INFO - DAG(s) 'example_xcom' retrieved from /home/airflow/.local/lib/python3.12/site-packages/airflow/example_dags/example_xcom.py
[2024-10-18T11:13:22.362+0000] {logging_mixin.py:190} INFO - [2024-10-18T11:13:22.362+0000] {dag.py:3239} INFO - Sync 1 DAGs
[2024-10-18T11:13:22.389+0000] {logging_mixin.py:190} INFO - [2024-10-18T11:13:22.389+0000] {dag.py:4180} INFO - Setting next_dagrun for example_xcom to 2021-01-01 00:00:00+00:00, run_after=2021-01-01 00:00:00+00:00
[2024-10-18T11:13:22.410+0000] {processor.py:208} INFO - Processing /home/airflow/.local/lib/python3.12/site-packages/airflow/example_dags/example_xcom.py took 0.086 seconds
[2024-10-18T11:13:53.068+0000] {processor.py:186} INFO - Started process (PID=10169) to work on /home/airflow/.local/lib/python3.12/site-packages/airflow/example_dags/example_xcom.py
[2024-10-18T11:13:53.069+0000] {processor.py:914} INFO - Processing file /home/airflow/.local/lib/python3.12/site-packages/airflow/example_dags/example_xcom.py for tasks to queue
[2024-10-18T11:13:53.074+0000] {logging_mixin.py:190} INFO - [2024-10-18T11:13:53.073+0000] {dagbag.py:588} INFO - Filling up the DagBag from /home/airflow/.local/lib/python3.12/site-packages/airflow/example_dags/example_xcom.py
[2024-10-18T11:13:53.088+0000] {processor.py:925} INFO - DAG(s) 'example_xcom' retrieved from /home/airflow/.local/lib/python3.12/site-packages/airflow/example_dags/example_xcom.py
[2024-10-18T11:13:53.122+0000] {logging_mixin.py:190} INFO - [2024-10-18T11:13:53.122+0000] {dag.py:3239} INFO - Sync 1 DAGs
[2024-10-18T11:13:53.168+0000] {logging_mixin.py:190} INFO - [2024-10-18T11:13:53.168+0000] {dag.py:4180} INFO - Setting next_dagrun for example_xcom to 2021-01-01 00:00:00+00:00, run_after=2021-01-01 00:00:00+00:00
[2024-10-18T11:13:53.200+0000] {processor.py:208} INFO - Processing /home/airflow/.local/lib/python3.12/site-packages/airflow/example_dags/example_xcom.py took 0.145 seconds
[2024-10-18T11:14:23.948+0000] {processor.py:186} INFO - Started process (PID=10474) to work on /home/airflow/.local/lib/python3.12/site-packages/airflow/example_dags/example_xcom.py
[2024-10-18T11:14:23.949+0000] {processor.py:914} INFO - Processing file /home/airflow/.local/lib/python3.12/site-packages/airflow/example_dags/example_xcom.py for tasks to queue
[2024-10-18T11:14:23.952+0000] {logging_mixin.py:190} INFO - [2024-10-18T11:14:23.951+0000] {dagbag.py:588} INFO - Filling up the DagBag from /home/airflow/.local/lib/python3.12/site-packages/airflow/example_dags/example_xcom.py
[2024-10-18T11:14:23.961+0000] {processor.py:925} INFO - DAG(s) 'example_xcom' retrieved from /home/airflow/.local/lib/python3.12/site-packages/airflow/example_dags/example_xcom.py
[2024-10-18T11:14:23.985+0000] {logging_mixin.py:190} INFO - [2024-10-18T11:14:23.985+0000] {dag.py:3239} INFO - Sync 1 DAGs
[2024-10-18T11:14:24.012+0000] {logging_mixin.py:190} INFO - [2024-10-18T11:14:24.011+0000] {dag.py:4180} INFO - Setting next_dagrun for example_xcom to 2021-01-01 00:00:00+00:00, run_after=2021-01-01 00:00:00+00:00
[2024-10-18T11:14:24.037+0000] {processor.py:208} INFO - Processing /home/airflow/.local/lib/python3.12/site-packages/airflow/example_dags/example_xcom.py took 0.095 seconds
[2024-10-18T11:14:55.100+0000] {processor.py:186} INFO - Started process (PID=10774) to work on /home/airflow/.local/lib/python3.12/site-packages/airflow/example_dags/example_xcom.py
[2024-10-18T11:14:55.103+0000] {processor.py:914} INFO - Processing file /home/airflow/.local/lib/python3.12/site-packages/airflow/example_dags/example_xcom.py for tasks to queue
[2024-10-18T11:14:55.109+0000] {logging_mixin.py:190} INFO - [2024-10-18T11:14:55.108+0000] {dagbag.py:588} INFO - Filling up the DagBag from /home/airflow/.local/lib/python3.12/site-packages/airflow/example_dags/example_xcom.py
[2024-10-18T11:14:55.135+0000] {processor.py:925} INFO - DAG(s) 'example_xcom' retrieved from /home/airflow/.local/lib/python3.12/site-packages/airflow/example_dags/example_xcom.py
[2024-10-18T11:14:55.185+0000] {logging_mixin.py:190} INFO - [2024-10-18T11:14:55.185+0000] {dag.py:3239} INFO - Sync 1 DAGs
[2024-10-18T11:14:55.241+0000] {logging_mixin.py:190} INFO - [2024-10-18T11:14:55.241+0000] {dag.py:4180} INFO - Setting next_dagrun for example_xcom to 2021-01-01 00:00:00+00:00, run_after=2021-01-01 00:00:00+00:00
[2024-10-18T11:14:55.285+0000] {processor.py:208} INFO - Processing /home/airflow/.local/lib/python3.12/site-packages/airflow/example_dags/example_xcom.py took 0.199 seconds
[2024-10-18T11:15:26.139+0000] {processor.py:186} INFO - Started process (PID=11060) to work on /home/airflow/.local/lib/python3.12/site-packages/airflow/example_dags/example_xcom.py
[2024-10-18T11:15:26.140+0000] {processor.py:914} INFO - Processing file /home/airflow/.local/lib/python3.12/site-packages/airflow/example_dags/example_xcom.py for tasks to queue
[2024-10-18T11:15:26.143+0000] {logging_mixin.py:190} INFO - [2024-10-18T11:15:26.143+0000] {dagbag.py:588} INFO - Filling up the DagBag from /home/airflow/.local/lib/python3.12/site-packages/airflow/example_dags/example_xcom.py
[2024-10-18T11:15:26.161+0000] {processor.py:925} INFO - DAG(s) 'example_xcom' retrieved from /home/airflow/.local/lib/python3.12/site-packages/airflow/example_dags/example_xcom.py
[2024-10-18T11:15:26.198+0000] {logging_mixin.py:190} INFO - [2024-10-18T11:15:26.198+0000] {dag.py:3239} INFO - Sync 1 DAGs
[2024-10-18T11:15:26.241+0000] {logging_mixin.py:190} INFO - [2024-10-18T11:15:26.240+0000] {dag.py:4180} INFO - Setting next_dagrun for example_xcom to 2021-01-01 00:00:00+00:00, run_after=2021-01-01 00:00:00+00:00
[2024-10-18T11:15:26.269+0000] {processor.py:208} INFO - Processing /home/airflow/.local/lib/python3.12/site-packages/airflow/example_dags/example_xcom.py took 0.138 seconds
[2024-10-18T11:15:56.421+0000] {processor.py:186} INFO - Started process (PID=11342) to work on /home/airflow/.local/lib/python3.12/site-packages/airflow/example_dags/example_xcom.py
[2024-10-18T11:15:56.422+0000] {processor.py:914} INFO - Processing file /home/airflow/.local/lib/python3.12/site-packages/airflow/example_dags/example_xcom.py for tasks to queue
[2024-10-18T11:15:56.425+0000] {logging_mixin.py:190} INFO - [2024-10-18T11:15:56.424+0000] {dagbag.py:588} INFO - Filling up the DagBag from /home/airflow/.local/lib/python3.12/site-packages/airflow/example_dags/example_xcom.py
[2024-10-18T11:15:56.435+0000] {processor.py:925} INFO - DAG(s) 'example_xcom' retrieved from /home/airflow/.local/lib/python3.12/site-packages/airflow/example_dags/example_xcom.py
[2024-10-18T11:15:56.462+0000] {logging_mixin.py:190} INFO - [2024-10-18T11:15:56.461+0000] {dag.py:3239} INFO - Sync 1 DAGs
[2024-10-18T11:15:56.489+0000] {logging_mixin.py:190} INFO - [2024-10-18T11:15:56.489+0000] {dag.py:4180} INFO - Setting next_dagrun for example_xcom to 2021-01-01 00:00:00+00:00, run_after=2021-01-01 00:00:00+00:00
[2024-10-18T11:15:56.513+0000] {processor.py:208} INFO - Processing /home/airflow/.local/lib/python3.12/site-packages/airflow/example_dags/example_xcom.py took 0.099 seconds
[2024-10-18T11:16:26.687+0000] {processor.py:186} INFO - Started process (PID=11628) to work on /home/airflow/.local/lib/python3.12/site-packages/airflow/example_dags/example_xcom.py
[2024-10-18T11:16:26.688+0000] {processor.py:914} INFO - Processing file /home/airflow/.local/lib/python3.12/site-packages/airflow/example_dags/example_xcom.py for tasks to queue
[2024-10-18T11:16:26.692+0000] {logging_mixin.py:190} INFO - [2024-10-18T11:16:26.691+0000] {dagbag.py:588} INFO - Filling up the DagBag from /home/airflow/.local/lib/python3.12/site-packages/airflow/example_dags/example_xcom.py
[2024-10-18T11:16:26.703+0000] {processor.py:925} INFO - DAG(s) 'example_xcom' retrieved from /home/airflow/.local/lib/python3.12/site-packages/airflow/example_dags/example_xcom.py
[2024-10-18T11:16:26.730+0000] {logging_mixin.py:190} INFO - [2024-10-18T11:16:26.730+0000] {dag.py:3239} INFO - Sync 1 DAGs
[2024-10-18T11:16:26.769+0000] {logging_mixin.py:190} INFO - [2024-10-18T11:16:26.769+0000] {dag.py:4180} INFO - Setting next_dagrun for example_xcom to 2021-01-01 00:00:00+00:00, run_after=2021-01-01 00:00:00+00:00
[2024-10-18T11:16:26.795+0000] {processor.py:208} INFO - Processing /home/airflow/.local/lib/python3.12/site-packages/airflow/example_dags/example_xcom.py took 0.116 seconds
[2024-10-18T11:16:57.930+0000] {processor.py:186} INFO - Started process (PID=11951) to work on /home/airflow/.local/lib/python3.12/site-packages/airflow/example_dags/example_xcom.py
[2024-10-18T11:16:57.931+0000] {processor.py:914} INFO - Processing file /home/airflow/.local/lib/python3.12/site-packages/airflow/example_dags/example_xcom.py for tasks to queue
[2024-10-18T11:16:57.935+0000] {logging_mixin.py:190} INFO - [2024-10-18T11:16:57.935+0000] {dagbag.py:588} INFO - Filling up the DagBag from /home/airflow/.local/lib/python3.12/site-packages/airflow/example_dags/example_xcom.py
[2024-10-18T11:16:57.950+0000] {processor.py:925} INFO - DAG(s) 'example_xcom' retrieved from /home/airflow/.local/lib/python3.12/site-packages/airflow/example_dags/example_xcom.py
[2024-10-18T11:16:57.985+0000] {logging_mixin.py:190} INFO - [2024-10-18T11:16:57.985+0000] {dag.py:3239} INFO - Sync 1 DAGs
[2024-10-18T11:16:58.031+0000] {logging_mixin.py:190} INFO - [2024-10-18T11:16:58.030+0000] {dag.py:4180} INFO - Setting next_dagrun for example_xcom to 2021-01-01 00:00:00+00:00, run_after=2021-01-01 00:00:00+00:00
[2024-10-18T11:16:58.063+0000] {processor.py:208} INFO - Processing /home/airflow/.local/lib/python3.12/site-packages/airflow/example_dags/example_xcom.py took 0.143 seconds
[2024-10-18T11:17:29.177+0000] {processor.py:186} INFO - Started process (PID=12237) to work on /home/airflow/.local/lib/python3.12/site-packages/airflow/example_dags/example_xcom.py
[2024-10-18T11:17:29.178+0000] {processor.py:914} INFO - Processing file /home/airflow/.local/lib/python3.12/site-packages/airflow/example_dags/example_xcom.py for tasks to queue
[2024-10-18T11:17:29.182+0000] {logging_mixin.py:190} INFO - [2024-10-18T11:17:29.182+0000] {dagbag.py:588} INFO - Filling up the DagBag from /home/airflow/.local/lib/python3.12/site-packages/airflow/example_dags/example_xcom.py
[2024-10-18T11:17:29.211+0000] {processor.py:925} INFO - DAG(s) 'example_xcom' retrieved from /home/airflow/.local/lib/python3.12/site-packages/airflow/example_dags/example_xcom.py
[2024-10-18T11:17:29.274+0000] {logging_mixin.py:190} INFO - [2024-10-18T11:17:29.272+0000] {dag.py:3239} INFO - Sync 1 DAGs
[2024-10-18T11:17:29.336+0000] {logging_mixin.py:190} INFO - [2024-10-18T11:17:29.336+0000] {dag.py:4180} INFO - Setting next_dagrun for example_xcom to 2021-01-01 00:00:00+00:00, run_after=2021-01-01 00:00:00+00:00
[2024-10-18T11:17:29.397+0000] {processor.py:208} INFO - Processing /home/airflow/.local/lib/python3.12/site-packages/airflow/example_dags/example_xcom.py took 0.234 seconds
[2024-10-18T11:18:01.738+0000] {processor.py:186} INFO - Started process (PID=12523) to work on /home/airflow/.local/lib/python3.12/site-packages/airflow/example_dags/example_xcom.py
[2024-10-18T11:18:01.741+0000] {processor.py:914} INFO - Processing file /home/airflow/.local/lib/python3.12/site-packages/airflow/example_dags/example_xcom.py for tasks to queue
[2024-10-18T11:18:01.752+0000] {logging_mixin.py:190} INFO - [2024-10-18T11:18:01.752+0000] {dagbag.py:588} INFO - Filling up the DagBag from /home/airflow/.local/lib/python3.12/site-packages/airflow/example_dags/example_xcom.py
[2024-10-18T11:18:01.787+0000] {processor.py:925} INFO - DAG(s) 'example_xcom' retrieved from /home/airflow/.local/lib/python3.12/site-packages/airflow/example_dags/example_xcom.py
[2024-10-18T11:18:01.840+0000] {logging_mixin.py:190} INFO - [2024-10-18T11:18:01.839+0000] {dag.py:3239} INFO - Sync 1 DAGs
[2024-10-18T11:18:01.908+0000] {logging_mixin.py:190} INFO - [2024-10-18T11:18:01.908+0000] {dag.py:4180} INFO - Setting next_dagrun for example_xcom to 2021-01-01 00:00:00+00:00, run_after=2021-01-01 00:00:00+00:00
[2024-10-18T11:18:01.984+0000] {processor.py:208} INFO - Processing /home/airflow/.local/lib/python3.12/site-packages/airflow/example_dags/example_xcom.py took 0.265 seconds
[2024-10-18T11:18:32.139+0000] {processor.py:186} INFO - Started process (PID=12809) to work on /home/airflow/.local/lib/python3.12/site-packages/airflow/example_dags/example_xcom.py
[2024-10-18T11:18:32.141+0000] {processor.py:914} INFO - Processing file /home/airflow/.local/lib/python3.12/site-packages/airflow/example_dags/example_xcom.py for tasks to queue
[2024-10-18T11:18:32.146+0000] {logging_mixin.py:190} INFO - [2024-10-18T11:18:32.145+0000] {dagbag.py:588} INFO - Filling up the DagBag from /home/airflow/.local/lib/python3.12/site-packages/airflow/example_dags/example_xcom.py
[2024-10-18T11:18:32.175+0000] {processor.py:925} INFO - DAG(s) 'example_xcom' retrieved from /home/airflow/.local/lib/python3.12/site-packages/airflow/example_dags/example_xcom.py
[2024-10-18T11:18:32.213+0000] {logging_mixin.py:190} INFO - [2024-10-18T11:18:32.213+0000] {dag.py:3239} INFO - Sync 1 DAGs
[2024-10-18T11:18:32.265+0000] {logging_mixin.py:190} INFO - [2024-10-18T11:18:32.265+0000] {dag.py:4180} INFO - Setting next_dagrun for example_xcom to 2021-01-01 00:00:00+00:00, run_after=2021-01-01 00:00:00+00:00
[2024-10-18T11:18:32.309+0000] {processor.py:208} INFO - Processing /home/airflow/.local/lib/python3.12/site-packages/airflow/example_dags/example_xcom.py took 0.193 seconds
[2024-10-18T11:19:02.761+0000] {processor.py:186} INFO - Started process (PID=13096) to work on /home/airflow/.local/lib/python3.12/site-packages/airflow/example_dags/example_xcom.py
[2024-10-18T11:19:02.763+0000] {processor.py:914} INFO - Processing file /home/airflow/.local/lib/python3.12/site-packages/airflow/example_dags/example_xcom.py for tasks to queue
[2024-10-18T11:19:02.766+0000] {logging_mixin.py:190} INFO - [2024-10-18T11:19:02.766+0000] {dagbag.py:588} INFO - Filling up the DagBag from /home/airflow/.local/lib/python3.12/site-packages/airflow/example_dags/example_xcom.py
[2024-10-18T11:19:02.780+0000] {processor.py:925} INFO - DAG(s) 'example_xcom' retrieved from /home/airflow/.local/lib/python3.12/site-packages/airflow/example_dags/example_xcom.py
[2024-10-18T11:19:02.813+0000] {logging_mixin.py:190} INFO - [2024-10-18T11:19:02.813+0000] {dag.py:3239} INFO - Sync 1 DAGs
[2024-10-18T11:19:02.854+0000] {logging_mixin.py:190} INFO - [2024-10-18T11:19:02.854+0000] {dag.py:4180} INFO - Setting next_dagrun for example_xcom to 2021-01-01 00:00:00+00:00, run_after=2021-01-01 00:00:00+00:00
[2024-10-18T11:19:02.892+0000] {processor.py:208} INFO - Processing /home/airflow/.local/lib/python3.12/site-packages/airflow/example_dags/example_xcom.py took 0.142 seconds
[2024-10-18T11:19:33.825+0000] {processor.py:186} INFO - Started process (PID=13382) to work on /home/airflow/.local/lib/python3.12/site-packages/airflow/example_dags/example_xcom.py
[2024-10-18T11:19:33.826+0000] {processor.py:914} INFO - Processing file /home/airflow/.local/lib/python3.12/site-packages/airflow/example_dags/example_xcom.py for tasks to queue
[2024-10-18T11:19:33.829+0000] {logging_mixin.py:190} INFO - [2024-10-18T11:19:33.828+0000] {dagbag.py:588} INFO - Filling up the DagBag from /home/airflow/.local/lib/python3.12/site-packages/airflow/example_dags/example_xcom.py
[2024-10-18T11:19:33.838+0000] {processor.py:925} INFO - DAG(s) 'example_xcom' retrieved from /home/airflow/.local/lib/python3.12/site-packages/airflow/example_dags/example_xcom.py
[2024-10-18T11:19:33.859+0000] {logging_mixin.py:190} INFO - [2024-10-18T11:19:33.859+0000] {dag.py:3239} INFO - Sync 1 DAGs
[2024-10-18T11:19:33.888+0000] {logging_mixin.py:190} INFO - [2024-10-18T11:19:33.888+0000] {dag.py:4180} INFO - Setting next_dagrun for example_xcom to 2021-01-01 00:00:00+00:00, run_after=2021-01-01 00:00:00+00:00
[2024-10-18T11:19:34.080+0000] {processor.py:208} INFO - Processing /home/airflow/.local/lib/python3.12/site-packages/airflow/example_dags/example_xcom.py took 0.261 seconds
[2024-10-18T11:20:04.249+0000] {processor.py:186} INFO - Started process (PID=13668) to work on /home/airflow/.local/lib/python3.12/site-packages/airflow/example_dags/example_xcom.py
[2024-10-18T11:20:04.250+0000] {processor.py:914} INFO - Processing file /home/airflow/.local/lib/python3.12/site-packages/airflow/example_dags/example_xcom.py for tasks to queue
[2024-10-18T11:20:04.253+0000] {logging_mixin.py:190} INFO - [2024-10-18T11:20:04.253+0000] {dagbag.py:588} INFO - Filling up the DagBag from /home/airflow/.local/lib/python3.12/site-packages/airflow/example_dags/example_xcom.py
[2024-10-18T11:20:04.271+0000] {processor.py:925} INFO - DAG(s) 'example_xcom' retrieved from /home/airflow/.local/lib/python3.12/site-packages/airflow/example_dags/example_xcom.py
[2024-10-18T11:20:04.305+0000] {logging_mixin.py:190} INFO - [2024-10-18T11:20:04.305+0000] {dag.py:3239} INFO - Sync 1 DAGs
[2024-10-18T11:20:04.357+0000] {logging_mixin.py:190} INFO - [2024-10-18T11:20:04.357+0000] {dag.py:4180} INFO - Setting next_dagrun for example_xcom to 2021-01-01 00:00:00+00:00, run_after=2021-01-01 00:00:00+00:00
[2024-10-18T11:20:04.394+0000] {processor.py:208} INFO - Processing /home/airflow/.local/lib/python3.12/site-packages/airflow/example_dags/example_xcom.py took 0.156 seconds
[2024-10-18T11:20:35.803+0000] {processor.py:186} INFO - Started process (PID=13957) to work on /home/airflow/.local/lib/python3.12/site-packages/airflow/example_dags/example_xcom.py
[2024-10-18T11:20:35.806+0000] {processor.py:914} INFO - Processing file /home/airflow/.local/lib/python3.12/site-packages/airflow/example_dags/example_xcom.py for tasks to queue
[2024-10-18T11:20:35.815+0000] {logging_mixin.py:190} INFO - [2024-10-18T11:20:35.811+0000] {dagbag.py:588} INFO - Filling up the DagBag from /home/airflow/.local/lib/python3.12/site-packages/airflow/example_dags/example_xcom.py
[2024-10-18T11:20:35.866+0000] {processor.py:925} INFO - DAG(s) 'example_xcom' retrieved from /home/airflow/.local/lib/python3.12/site-packages/airflow/example_dags/example_xcom.py
[2024-10-18T11:20:35.962+0000] {logging_mixin.py:190} INFO - [2024-10-18T11:20:35.961+0000] {dag.py:3239} INFO - Sync 1 DAGs
[2024-10-18T11:20:36.075+0000] {logging_mixin.py:190} INFO - [2024-10-18T11:20:36.074+0000] {dag.py:4180} INFO - Setting next_dagrun for example_xcom to 2021-01-01 00:00:00+00:00, run_after=2021-01-01 00:00:00+00:00
[2024-10-18T11:20:36.164+0000] {processor.py:208} INFO - Processing /home/airflow/.local/lib/python3.12/site-packages/airflow/example_dags/example_xcom.py took 0.397 seconds
[2024-10-18T11:21:06.677+0000] {processor.py:186} INFO - Started process (PID=14241) to work on /home/airflow/.local/lib/python3.12/site-packages/airflow/example_dags/example_xcom.py
[2024-10-18T11:21:06.678+0000] {processor.py:914} INFO - Processing file /home/airflow/.local/lib/python3.12/site-packages/airflow/example_dags/example_xcom.py for tasks to queue
[2024-10-18T11:21:06.681+0000] {logging_mixin.py:190} INFO - [2024-10-18T11:21:06.681+0000] {dagbag.py:588} INFO - Filling up the DagBag from /home/airflow/.local/lib/python3.12/site-packages/airflow/example_dags/example_xcom.py
[2024-10-18T11:21:06.697+0000] {processor.py:925} INFO - DAG(s) 'example_xcom' retrieved from /home/airflow/.local/lib/python3.12/site-packages/airflow/example_dags/example_xcom.py
[2024-10-18T11:21:06.729+0000] {logging_mixin.py:190} INFO - [2024-10-18T11:21:06.728+0000] {dag.py:3239} INFO - Sync 1 DAGs
[2024-10-18T11:21:06.764+0000] {logging_mixin.py:190} INFO - [2024-10-18T11:21:06.764+0000] {dag.py:4180} INFO - Setting next_dagrun for example_xcom to 2021-01-01 00:00:00+00:00, run_after=2021-01-01 00:00:00+00:00
[2024-10-18T11:21:06.797+0000] {processor.py:208} INFO - Processing /home/airflow/.local/lib/python3.12/site-packages/airflow/example_dags/example_xcom.py took 0.128 seconds
