[2024-10-18T10:56:29.900+0000] {processor.py:186} INFO - Started process (PID=324) to work on /home/airflow/.local/lib/python3.12/site-packages/airflow/example_dags/tutorial_objectstorage.py
[2024-10-18T10:56:29.904+0000] {processor.py:914} INFO - Processing file /home/airflow/.local/lib/python3.12/site-packages/airflow/example_dags/tutorial_objectstorage.py for tasks to queue
[2024-10-18T10:56:29.912+0000] {logging_mixin.py:190} INFO - [2024-10-18T10:56:29.912+0000] {dagbag.py:588} INFO - Filling up the DagBag from /home/airflow/.local/lib/python3.12/site-packages/airflow/example_dags/tutorial_objectstorage.py
[2024-10-18T10:56:30.014+0000] {processor.py:925} INFO - DAG(s) 'tutorial_objectstorage' retrieved from /home/airflow/.local/lib/python3.12/site-packages/airflow/example_dags/tutorial_objectstorage.py
[2024-10-18T10:56:30.391+0000] {logging_mixin.py:190} INFO - [2024-10-18T10:56:30.383+0000] {override.py:1900} INFO - Created Permission View: can delete on DAG:tutorial_objectstorage
[2024-10-18T10:56:30.422+0000] {logging_mixin.py:190} INFO - [2024-10-18T10:56:30.421+0000] {override.py:1900} INFO - Created Permission View: can edit on DAG:tutorial_objectstorage
[2024-10-18T10:56:30.445+0000] {logging_mixin.py:190} INFO - [2024-10-18T10:56:30.445+0000] {override.py:1900} INFO - Created Permission View: can read on DAG:tutorial_objectstorage
[2024-10-18T10:56:30.472+0000] {logging_mixin.py:190} INFO - [2024-10-18T10:56:30.471+0000] {override.py:1900} INFO - Created Permission View: can delete on DAG Run:tutorial_objectstorage
[2024-10-18T10:56:30.482+0000] {logging_mixin.py:190} INFO - [2024-10-18T10:56:30.482+0000] {override.py:1900} INFO - Created Permission View: menu access on DAG Run:tutorial_objectstorage
[2024-10-18T10:56:30.503+0000] {logging_mixin.py:190} INFO - [2024-10-18T10:56:30.503+0000] {override.py:1900} INFO - Created Permission View: can read on DAG Run:tutorial_objectstorage
[2024-10-18T10:56:30.526+0000] {logging_mixin.py:190} INFO - [2024-10-18T10:56:30.525+0000] {override.py:1900} INFO - Created Permission View: can create on DAG Run:tutorial_objectstorage
[2024-10-18T10:56:30.527+0000] {logging_mixin.py:190} INFO - [2024-10-18T10:56:30.527+0000] {dag.py:3239} INFO - Sync 1 DAGs
[2024-10-18T10:56:30.559+0000] {logging_mixin.py:190} INFO - [2024-10-18T10:56:30.558+0000] {dag.py:3262} INFO - Creating ORM DAG for tutorial_objectstorage
[2024-10-18T10:56:30.562+0000] {logging_mixin.py:190} INFO - [2024-10-18T10:56:30.561+0000] {dag.py:4180} INFO - Setting next_dagrun for tutorial_objectstorage to None, run_after=None
[2024-10-18T10:56:30.620+0000] {processor.py:208} INFO - Processing /home/airflow/.local/lib/python3.12/site-packages/airflow/example_dags/tutorial_objectstorage.py took 0.736 seconds
[2024-10-18T10:57:00.807+0000] {processor.py:186} INFO - Started process (PID=612) to work on /home/airflow/.local/lib/python3.12/site-packages/airflow/example_dags/tutorial_objectstorage.py
[2024-10-18T10:57:00.808+0000] {processor.py:914} INFO - Processing file /home/airflow/.local/lib/python3.12/site-packages/airflow/example_dags/tutorial_objectstorage.py for tasks to queue
[2024-10-18T10:57:00.811+0000] {logging_mixin.py:190} INFO - [2024-10-18T10:57:00.810+0000] {dagbag.py:588} INFO - Filling up the DagBag from /home/airflow/.local/lib/python3.12/site-packages/airflow/example_dags/tutorial_objectstorage.py
[2024-10-18T10:57:00.828+0000] {processor.py:925} INFO - DAG(s) 'tutorial_objectstorage' retrieved from /home/airflow/.local/lib/python3.12/site-packages/airflow/example_dags/tutorial_objectstorage.py
[2024-10-18T10:57:00.862+0000] {logging_mixin.py:190} INFO - [2024-10-18T10:57:00.862+0000] {dag.py:3239} INFO - Sync 1 DAGs
[2024-10-18T10:57:00.883+0000] {logging_mixin.py:190} INFO - [2024-10-18T10:57:00.883+0000] {dag.py:4180} INFO - Setting next_dagrun for tutorial_objectstorage to None, run_after=None
[2024-10-18T10:57:00.931+0000] {processor.py:208} INFO - Processing /home/airflow/.local/lib/python3.12/site-packages/airflow/example_dags/tutorial_objectstorage.py took 0.138 seconds
[2024-10-18T10:57:31.654+0000] {processor.py:186} INFO - Started process (PID=896) to work on /home/airflow/.local/lib/python3.12/site-packages/airflow/example_dags/tutorial_objectstorage.py
[2024-10-18T10:57:31.655+0000] {processor.py:914} INFO - Processing file /home/airflow/.local/lib/python3.12/site-packages/airflow/example_dags/tutorial_objectstorage.py for tasks to queue
[2024-10-18T10:57:31.665+0000] {logging_mixin.py:190} INFO - [2024-10-18T10:57:31.664+0000] {dagbag.py:588} INFO - Filling up the DagBag from /home/airflow/.local/lib/python3.12/site-packages/airflow/example_dags/tutorial_objectstorage.py
[2024-10-18T10:57:31.689+0000] {processor.py:925} INFO - DAG(s) 'tutorial_objectstorage' retrieved from /home/airflow/.local/lib/python3.12/site-packages/airflow/example_dags/tutorial_objectstorage.py
[2024-10-18T10:57:31.751+0000] {logging_mixin.py:190} INFO - [2024-10-18T10:57:31.750+0000] {dag.py:3239} INFO - Sync 1 DAGs
[2024-10-18T10:57:31.806+0000] {logging_mixin.py:190} INFO - [2024-10-18T10:57:31.805+0000] {dag.py:4180} INFO - Setting next_dagrun for tutorial_objectstorage to None, run_after=None
[2024-10-18T10:57:31.864+0000] {processor.py:208} INFO - Processing /home/airflow/.local/lib/python3.12/site-packages/airflow/example_dags/tutorial_objectstorage.py took 0.230 seconds
[2024-10-18T10:58:02.064+0000] {processor.py:186} INFO - Started process (PID=1186) to work on /home/airflow/.local/lib/python3.12/site-packages/airflow/example_dags/tutorial_objectstorage.py
[2024-10-18T10:58:02.065+0000] {processor.py:914} INFO - Processing file /home/airflow/.local/lib/python3.12/site-packages/airflow/example_dags/tutorial_objectstorage.py for tasks to queue
[2024-10-18T10:58:02.068+0000] {logging_mixin.py:190} INFO - [2024-10-18T10:58:02.068+0000] {dagbag.py:588} INFO - Filling up the DagBag from /home/airflow/.local/lib/python3.12/site-packages/airflow/example_dags/tutorial_objectstorage.py
[2024-10-18T10:58:02.077+0000] {processor.py:925} INFO - DAG(s) 'tutorial_objectstorage' retrieved from /home/airflow/.local/lib/python3.12/site-packages/airflow/example_dags/tutorial_objectstorage.py
[2024-10-18T10:58:02.099+0000] {logging_mixin.py:190} INFO - [2024-10-18T10:58:02.099+0000] {dag.py:3239} INFO - Sync 1 DAGs
[2024-10-18T10:58:02.116+0000] {logging_mixin.py:190} INFO - [2024-10-18T10:58:02.115+0000] {dag.py:4180} INFO - Setting next_dagrun for tutorial_objectstorage to None, run_after=None
[2024-10-18T10:58:02.140+0000] {processor.py:208} INFO - Processing /home/airflow/.local/lib/python3.12/site-packages/airflow/example_dags/tutorial_objectstorage.py took 0.083 seconds
[2024-10-18T10:58:32.862+0000] {processor.py:186} INFO - Started process (PID=1474) to work on /home/airflow/.local/lib/python3.12/site-packages/airflow/example_dags/tutorial_objectstorage.py
[2024-10-18T10:58:32.863+0000] {processor.py:914} INFO - Processing file /home/airflow/.local/lib/python3.12/site-packages/airflow/example_dags/tutorial_objectstorage.py for tasks to queue
[2024-10-18T10:58:32.866+0000] {logging_mixin.py:190} INFO - [2024-10-18T10:58:32.865+0000] {dagbag.py:588} INFO - Filling up the DagBag from /home/airflow/.local/lib/python3.12/site-packages/airflow/example_dags/tutorial_objectstorage.py
[2024-10-18T10:58:32.873+0000] {processor.py:925} INFO - DAG(s) 'tutorial_objectstorage' retrieved from /home/airflow/.local/lib/python3.12/site-packages/airflow/example_dags/tutorial_objectstorage.py
[2024-10-18T10:58:32.892+0000] {logging_mixin.py:190} INFO - [2024-10-18T10:58:32.892+0000] {dag.py:3239} INFO - Sync 1 DAGs
[2024-10-18T10:58:32.907+0000] {logging_mixin.py:190} INFO - [2024-10-18T10:58:32.907+0000] {dag.py:4180} INFO - Setting next_dagrun for tutorial_objectstorage to None, run_after=None
[2024-10-18T10:58:32.931+0000] {processor.py:208} INFO - Processing /home/airflow/.local/lib/python3.12/site-packages/airflow/example_dags/tutorial_objectstorage.py took 0.074 seconds
[2024-10-18T10:59:03.235+0000] {processor.py:186} INFO - Started process (PID=1759) to work on /home/airflow/.local/lib/python3.12/site-packages/airflow/example_dags/tutorial_objectstorage.py
[2024-10-18T10:59:03.236+0000] {processor.py:914} INFO - Processing file /home/airflow/.local/lib/python3.12/site-packages/airflow/example_dags/tutorial_objectstorage.py for tasks to queue
[2024-10-18T10:59:03.238+0000] {logging_mixin.py:190} INFO - [2024-10-18T10:59:03.238+0000] {dagbag.py:588} INFO - Filling up the DagBag from /home/airflow/.local/lib/python3.12/site-packages/airflow/example_dags/tutorial_objectstorage.py
[2024-10-18T10:59:03.247+0000] {processor.py:925} INFO - DAG(s) 'tutorial_objectstorage' retrieved from /home/airflow/.local/lib/python3.12/site-packages/airflow/example_dags/tutorial_objectstorage.py
[2024-10-18T10:59:03.265+0000] {logging_mixin.py:190} INFO - [2024-10-18T10:59:03.264+0000] {dag.py:3239} INFO - Sync 1 DAGs
[2024-10-18T10:59:03.279+0000] {logging_mixin.py:190} INFO - [2024-10-18T10:59:03.278+0000] {dag.py:4180} INFO - Setting next_dagrun for tutorial_objectstorage to None, run_after=None
[2024-10-18T10:59:03.300+0000] {processor.py:208} INFO - Processing /home/airflow/.local/lib/python3.12/site-packages/airflow/example_dags/tutorial_objectstorage.py took 0.071 seconds
[2024-10-18T10:59:33.787+0000] {processor.py:186} INFO - Started process (PID=2045) to work on /home/airflow/.local/lib/python3.12/site-packages/airflow/example_dags/tutorial_objectstorage.py
[2024-10-18T10:59:33.788+0000] {processor.py:914} INFO - Processing file /home/airflow/.local/lib/python3.12/site-packages/airflow/example_dags/tutorial_objectstorage.py for tasks to queue
[2024-10-18T10:59:33.791+0000] {logging_mixin.py:190} INFO - [2024-10-18T10:59:33.790+0000] {dagbag.py:588} INFO - Filling up the DagBag from /home/airflow/.local/lib/python3.12/site-packages/airflow/example_dags/tutorial_objectstorage.py
[2024-10-18T10:59:33.799+0000] {processor.py:925} INFO - DAG(s) 'tutorial_objectstorage' retrieved from /home/airflow/.local/lib/python3.12/site-packages/airflow/example_dags/tutorial_objectstorage.py
[2024-10-18T10:59:33.816+0000] {logging_mixin.py:190} INFO - [2024-10-18T10:59:33.816+0000] {dag.py:3239} INFO - Sync 1 DAGs
[2024-10-18T10:59:33.830+0000] {logging_mixin.py:190} INFO - [2024-10-18T10:59:33.830+0000] {dag.py:4180} INFO - Setting next_dagrun for tutorial_objectstorage to None, run_after=None
[2024-10-18T10:59:33.852+0000] {processor.py:208} INFO - Processing /home/airflow/.local/lib/python3.12/site-packages/airflow/example_dags/tutorial_objectstorage.py took 0.070 seconds
[2024-10-18T11:00:04.099+0000] {processor.py:186} INFO - Started process (PID=2331) to work on /home/airflow/.local/lib/python3.12/site-packages/airflow/example_dags/tutorial_objectstorage.py
[2024-10-18T11:00:04.100+0000] {processor.py:914} INFO - Processing file /home/airflow/.local/lib/python3.12/site-packages/airflow/example_dags/tutorial_objectstorage.py for tasks to queue
[2024-10-18T11:00:04.102+0000] {logging_mixin.py:190} INFO - [2024-10-18T11:00:04.102+0000] {dagbag.py:588} INFO - Filling up the DagBag from /home/airflow/.local/lib/python3.12/site-packages/airflow/example_dags/tutorial_objectstorage.py
[2024-10-18T11:00:04.110+0000] {processor.py:925} INFO - DAG(s) 'tutorial_objectstorage' retrieved from /home/airflow/.local/lib/python3.12/site-packages/airflow/example_dags/tutorial_objectstorage.py
[2024-10-18T11:00:04.128+0000] {logging_mixin.py:190} INFO - [2024-10-18T11:00:04.128+0000] {dag.py:3239} INFO - Sync 1 DAGs
[2024-10-18T11:00:04.141+0000] {logging_mixin.py:190} INFO - [2024-10-18T11:00:04.141+0000] {dag.py:4180} INFO - Setting next_dagrun for tutorial_objectstorage to None, run_after=None
[2024-10-18T11:00:04.160+0000] {processor.py:208} INFO - Processing /home/airflow/.local/lib/python3.12/site-packages/airflow/example_dags/tutorial_objectstorage.py took 0.066 seconds
[2024-10-18T11:00:34.675+0000] {processor.py:186} INFO - Started process (PID=2617) to work on /home/airflow/.local/lib/python3.12/site-packages/airflow/example_dags/tutorial_objectstorage.py
[2024-10-18T11:00:34.676+0000] {processor.py:914} INFO - Processing file /home/airflow/.local/lib/python3.12/site-packages/airflow/example_dags/tutorial_objectstorage.py for tasks to queue
[2024-10-18T11:00:34.678+0000] {logging_mixin.py:190} INFO - [2024-10-18T11:00:34.678+0000] {dagbag.py:588} INFO - Filling up the DagBag from /home/airflow/.local/lib/python3.12/site-packages/airflow/example_dags/tutorial_objectstorage.py
[2024-10-18T11:00:34.686+0000] {processor.py:925} INFO - DAG(s) 'tutorial_objectstorage' retrieved from /home/airflow/.local/lib/python3.12/site-packages/airflow/example_dags/tutorial_objectstorage.py
[2024-10-18T11:00:34.702+0000] {logging_mixin.py:190} INFO - [2024-10-18T11:00:34.701+0000] {dag.py:3239} INFO - Sync 1 DAGs
[2024-10-18T11:00:34.717+0000] {logging_mixin.py:190} INFO - [2024-10-18T11:00:34.716+0000] {dag.py:4180} INFO - Setting next_dagrun for tutorial_objectstorage to None, run_after=None
[2024-10-18T11:00:34.737+0000] {processor.py:208} INFO - Processing /home/airflow/.local/lib/python3.12/site-packages/airflow/example_dags/tutorial_objectstorage.py took 0.067 seconds
[2024-10-18T11:01:05.052+0000] {processor.py:186} INFO - Started process (PID=2903) to work on /home/airflow/.local/lib/python3.12/site-packages/airflow/example_dags/tutorial_objectstorage.py
[2024-10-18T11:01:05.053+0000] {processor.py:914} INFO - Processing file /home/airflow/.local/lib/python3.12/site-packages/airflow/example_dags/tutorial_objectstorage.py for tasks to queue
[2024-10-18T11:01:05.055+0000] {logging_mixin.py:190} INFO - [2024-10-18T11:01:05.055+0000] {dagbag.py:588} INFO - Filling up the DagBag from /home/airflow/.local/lib/python3.12/site-packages/airflow/example_dags/tutorial_objectstorage.py
[2024-10-18T11:01:05.062+0000] {processor.py:925} INFO - DAG(s) 'tutorial_objectstorage' retrieved from /home/airflow/.local/lib/python3.12/site-packages/airflow/example_dags/tutorial_objectstorage.py
[2024-10-18T11:01:05.078+0000] {logging_mixin.py:190} INFO - [2024-10-18T11:01:05.077+0000] {dag.py:3239} INFO - Sync 1 DAGs
[2024-10-18T11:01:05.092+0000] {logging_mixin.py:190} INFO - [2024-10-18T11:01:05.091+0000] {dag.py:4180} INFO - Setting next_dagrun for tutorial_objectstorage to None, run_after=None
[2024-10-18T11:01:05.108+0000] {processor.py:208} INFO - Processing /home/airflow/.local/lib/python3.12/site-packages/airflow/example_dags/tutorial_objectstorage.py took 0.061 seconds
[2024-10-18T11:01:35.469+0000] {processor.py:186} INFO - Started process (PID=3189) to work on /home/airflow/.local/lib/python3.12/site-packages/airflow/example_dags/tutorial_objectstorage.py
[2024-10-18T11:01:35.470+0000] {processor.py:914} INFO - Processing file /home/airflow/.local/lib/python3.12/site-packages/airflow/example_dags/tutorial_objectstorage.py for tasks to queue
[2024-10-18T11:01:35.472+0000] {logging_mixin.py:190} INFO - [2024-10-18T11:01:35.471+0000] {dagbag.py:588} INFO - Filling up the DagBag from /home/airflow/.local/lib/python3.12/site-packages/airflow/example_dags/tutorial_objectstorage.py
[2024-10-18T11:01:35.479+0000] {processor.py:925} INFO - DAG(s) 'tutorial_objectstorage' retrieved from /home/airflow/.local/lib/python3.12/site-packages/airflow/example_dags/tutorial_objectstorage.py
[2024-10-18T11:01:35.495+0000] {logging_mixin.py:190} INFO - [2024-10-18T11:01:35.495+0000] {dag.py:3239} INFO - Sync 1 DAGs
[2024-10-18T11:01:35.509+0000] {logging_mixin.py:190} INFO - [2024-10-18T11:01:35.509+0000] {dag.py:4180} INFO - Setting next_dagrun for tutorial_objectstorage to None, run_after=None
[2024-10-18T11:01:35.528+0000] {processor.py:208} INFO - Processing /home/airflow/.local/lib/python3.12/site-packages/airflow/example_dags/tutorial_objectstorage.py took 0.064 seconds
[2024-10-18T11:02:06.162+0000] {processor.py:186} INFO - Started process (PID=3475) to work on /home/airflow/.local/lib/python3.12/site-packages/airflow/example_dags/tutorial_objectstorage.py
[2024-10-18T11:02:06.163+0000] {processor.py:914} INFO - Processing file /home/airflow/.local/lib/python3.12/site-packages/airflow/example_dags/tutorial_objectstorage.py for tasks to queue
[2024-10-18T11:02:06.165+0000] {logging_mixin.py:190} INFO - [2024-10-18T11:02:06.165+0000] {dagbag.py:588} INFO - Filling up the DagBag from /home/airflow/.local/lib/python3.12/site-packages/airflow/example_dags/tutorial_objectstorage.py
[2024-10-18T11:02:06.172+0000] {processor.py:925} INFO - DAG(s) 'tutorial_objectstorage' retrieved from /home/airflow/.local/lib/python3.12/site-packages/airflow/example_dags/tutorial_objectstorage.py
[2024-10-18T11:02:06.189+0000] {logging_mixin.py:190} INFO - [2024-10-18T11:02:06.189+0000] {dag.py:3239} INFO - Sync 1 DAGs
[2024-10-18T11:02:06.202+0000] {logging_mixin.py:190} INFO - [2024-10-18T11:02:06.202+0000] {dag.py:4180} INFO - Setting next_dagrun for tutorial_objectstorage to None, run_after=None
[2024-10-18T11:02:06.220+0000] {processor.py:208} INFO - Processing /home/airflow/.local/lib/python3.12/site-packages/airflow/example_dags/tutorial_objectstorage.py took 0.063 seconds
[2024-10-18T11:02:36.365+0000] {processor.py:186} INFO - Started process (PID=3761) to work on /home/airflow/.local/lib/python3.12/site-packages/airflow/example_dags/tutorial_objectstorage.py
[2024-10-18T11:02:36.366+0000] {processor.py:914} INFO - Processing file /home/airflow/.local/lib/python3.12/site-packages/airflow/example_dags/tutorial_objectstorage.py for tasks to queue
[2024-10-18T11:02:36.368+0000] {logging_mixin.py:190} INFO - [2024-10-18T11:02:36.368+0000] {dagbag.py:588} INFO - Filling up the DagBag from /home/airflow/.local/lib/python3.12/site-packages/airflow/example_dags/tutorial_objectstorage.py
[2024-10-18T11:02:36.377+0000] {processor.py:925} INFO - DAG(s) 'tutorial_objectstorage' retrieved from /home/airflow/.local/lib/python3.12/site-packages/airflow/example_dags/tutorial_objectstorage.py
[2024-10-18T11:02:36.398+0000] {logging_mixin.py:190} INFO - [2024-10-18T11:02:36.398+0000] {dag.py:3239} INFO - Sync 1 DAGs
[2024-10-18T11:02:36.417+0000] {logging_mixin.py:190} INFO - [2024-10-18T11:02:36.417+0000] {dag.py:4180} INFO - Setting next_dagrun for tutorial_objectstorage to None, run_after=None
[2024-10-18T11:02:36.441+0000] {processor.py:208} INFO - Processing /home/airflow/.local/lib/python3.12/site-packages/airflow/example_dags/tutorial_objectstorage.py took 0.081 seconds
[2024-10-18T11:03:06.967+0000] {processor.py:186} INFO - Started process (PID=4047) to work on /home/airflow/.local/lib/python3.12/site-packages/airflow/example_dags/tutorial_objectstorage.py
[2024-10-18T11:03:06.968+0000] {processor.py:914} INFO - Processing file /home/airflow/.local/lib/python3.12/site-packages/airflow/example_dags/tutorial_objectstorage.py for tasks to queue
[2024-10-18T11:03:06.970+0000] {logging_mixin.py:190} INFO - [2024-10-18T11:03:06.970+0000] {dagbag.py:588} INFO - Filling up the DagBag from /home/airflow/.local/lib/python3.12/site-packages/airflow/example_dags/tutorial_objectstorage.py
[2024-10-18T11:03:06.978+0000] {processor.py:925} INFO - DAG(s) 'tutorial_objectstorage' retrieved from /home/airflow/.local/lib/python3.12/site-packages/airflow/example_dags/tutorial_objectstorage.py
[2024-10-18T11:03:06.994+0000] {logging_mixin.py:190} INFO - [2024-10-18T11:03:06.994+0000] {dag.py:3239} INFO - Sync 1 DAGs
[2024-10-18T11:03:07.007+0000] {logging_mixin.py:190} INFO - [2024-10-18T11:03:07.007+0000] {dag.py:4180} INFO - Setting next_dagrun for tutorial_objectstorage to None, run_after=None
[2024-10-18T11:03:07.026+0000] {processor.py:208} INFO - Processing /home/airflow/.local/lib/python3.12/site-packages/airflow/example_dags/tutorial_objectstorage.py took 0.064 seconds
[2024-10-18T11:03:37.283+0000] {processor.py:186} INFO - Started process (PID=4333) to work on /home/airflow/.local/lib/python3.12/site-packages/airflow/example_dags/tutorial_objectstorage.py
[2024-10-18T11:03:37.284+0000] {processor.py:914} INFO - Processing file /home/airflow/.local/lib/python3.12/site-packages/airflow/example_dags/tutorial_objectstorage.py for tasks to queue
[2024-10-18T11:03:37.286+0000] {logging_mixin.py:190} INFO - [2024-10-18T11:03:37.286+0000] {dagbag.py:588} INFO - Filling up the DagBag from /home/airflow/.local/lib/python3.12/site-packages/airflow/example_dags/tutorial_objectstorage.py
[2024-10-18T11:03:37.294+0000] {processor.py:925} INFO - DAG(s) 'tutorial_objectstorage' retrieved from /home/airflow/.local/lib/python3.12/site-packages/airflow/example_dags/tutorial_objectstorage.py
[2024-10-18T11:03:37.310+0000] {logging_mixin.py:190} INFO - [2024-10-18T11:03:37.310+0000] {dag.py:3239} INFO - Sync 1 DAGs
[2024-10-18T11:03:37.324+0000] {logging_mixin.py:190} INFO - [2024-10-18T11:03:37.324+0000] {dag.py:4180} INFO - Setting next_dagrun for tutorial_objectstorage to None, run_after=None
[2024-10-18T11:03:37.344+0000] {processor.py:208} INFO - Processing /home/airflow/.local/lib/python3.12/site-packages/airflow/example_dags/tutorial_objectstorage.py took 0.065 seconds
[2024-10-18T11:04:07.629+0000] {processor.py:186} INFO - Started process (PID=4619) to work on /home/airflow/.local/lib/python3.12/site-packages/airflow/example_dags/tutorial_objectstorage.py
[2024-10-18T11:04:07.630+0000] {processor.py:914} INFO - Processing file /home/airflow/.local/lib/python3.12/site-packages/airflow/example_dags/tutorial_objectstorage.py for tasks to queue
[2024-10-18T11:04:07.632+0000] {logging_mixin.py:190} INFO - [2024-10-18T11:04:07.632+0000] {dagbag.py:588} INFO - Filling up the DagBag from /home/airflow/.local/lib/python3.12/site-packages/airflow/example_dags/tutorial_objectstorage.py
[2024-10-18T11:04:07.639+0000] {processor.py:925} INFO - DAG(s) 'tutorial_objectstorage' retrieved from /home/airflow/.local/lib/python3.12/site-packages/airflow/example_dags/tutorial_objectstorage.py
[2024-10-18T11:04:07.656+0000] {logging_mixin.py:190} INFO - [2024-10-18T11:04:07.656+0000] {dag.py:3239} INFO - Sync 1 DAGs
[2024-10-18T11:04:07.671+0000] {logging_mixin.py:190} INFO - [2024-10-18T11:04:07.670+0000] {dag.py:4180} INFO - Setting next_dagrun for tutorial_objectstorage to None, run_after=None
[2024-10-18T11:04:07.692+0000] {processor.py:208} INFO - Processing /home/airflow/.local/lib/python3.12/site-packages/airflow/example_dags/tutorial_objectstorage.py took 0.068 seconds
[2024-10-18T11:04:37.920+0000] {processor.py:186} INFO - Started process (PID=4905) to work on /home/airflow/.local/lib/python3.12/site-packages/airflow/example_dags/tutorial_objectstorage.py
[2024-10-18T11:04:37.921+0000] {processor.py:914} INFO - Processing file /home/airflow/.local/lib/python3.12/site-packages/airflow/example_dags/tutorial_objectstorage.py for tasks to queue
[2024-10-18T11:04:37.922+0000] {logging_mixin.py:190} INFO - [2024-10-18T11:04:37.922+0000] {dagbag.py:588} INFO - Filling up the DagBag from /home/airflow/.local/lib/python3.12/site-packages/airflow/example_dags/tutorial_objectstorage.py
[2024-10-18T11:04:37.930+0000] {processor.py:925} INFO - DAG(s) 'tutorial_objectstorage' retrieved from /home/airflow/.local/lib/python3.12/site-packages/airflow/example_dags/tutorial_objectstorage.py
[2024-10-18T11:04:37.946+0000] {logging_mixin.py:190} INFO - [2024-10-18T11:04:37.946+0000] {dag.py:3239} INFO - Sync 1 DAGs
[2024-10-18T11:04:37.960+0000] {logging_mixin.py:190} INFO - [2024-10-18T11:04:37.959+0000] {dag.py:4180} INFO - Setting next_dagrun for tutorial_objectstorage to None, run_after=None
[2024-10-18T11:04:37.979+0000] {processor.py:208} INFO - Processing /home/airflow/.local/lib/python3.12/site-packages/airflow/example_dags/tutorial_objectstorage.py took 0.065 seconds
[2024-10-18T11:05:08.235+0000] {processor.py:186} INFO - Started process (PID=5191) to work on /home/airflow/.local/lib/python3.12/site-packages/airflow/example_dags/tutorial_objectstorage.py
[2024-10-18T11:05:08.236+0000] {processor.py:914} INFO - Processing file /home/airflow/.local/lib/python3.12/site-packages/airflow/example_dags/tutorial_objectstorage.py for tasks to queue
[2024-10-18T11:05:08.238+0000] {logging_mixin.py:190} INFO - [2024-10-18T11:05:08.238+0000] {dagbag.py:588} INFO - Filling up the DagBag from /home/airflow/.local/lib/python3.12/site-packages/airflow/example_dags/tutorial_objectstorage.py
[2024-10-18T11:05:08.246+0000] {processor.py:925} INFO - DAG(s) 'tutorial_objectstorage' retrieved from /home/airflow/.local/lib/python3.12/site-packages/airflow/example_dags/tutorial_objectstorage.py
[2024-10-18T11:05:08.263+0000] {logging_mixin.py:190} INFO - [2024-10-18T11:05:08.263+0000] {dag.py:3239} INFO - Sync 1 DAGs
[2024-10-18T11:05:08.278+0000] {logging_mixin.py:190} INFO - [2024-10-18T11:05:08.277+0000] {dag.py:4180} INFO - Setting next_dagrun for tutorial_objectstorage to None, run_after=None
[2024-10-18T11:05:08.297+0000] {processor.py:208} INFO - Processing /home/airflow/.local/lib/python3.12/site-packages/airflow/example_dags/tutorial_objectstorage.py took 0.066 seconds
[2024-10-18T11:05:38.524+0000] {processor.py:186} INFO - Started process (PID=5477) to work on /home/airflow/.local/lib/python3.12/site-packages/airflow/example_dags/tutorial_objectstorage.py
[2024-10-18T11:05:38.525+0000] {processor.py:914} INFO - Processing file /home/airflow/.local/lib/python3.12/site-packages/airflow/example_dags/tutorial_objectstorage.py for tasks to queue
[2024-10-18T11:05:38.527+0000] {logging_mixin.py:190} INFO - [2024-10-18T11:05:38.527+0000] {dagbag.py:588} INFO - Filling up the DagBag from /home/airflow/.local/lib/python3.12/site-packages/airflow/example_dags/tutorial_objectstorage.py
[2024-10-18T11:05:38.535+0000] {processor.py:925} INFO - DAG(s) 'tutorial_objectstorage' retrieved from /home/airflow/.local/lib/python3.12/site-packages/airflow/example_dags/tutorial_objectstorage.py
[2024-10-18T11:05:38.552+0000] {logging_mixin.py:190} INFO - [2024-10-18T11:05:38.552+0000] {dag.py:3239} INFO - Sync 1 DAGs
[2024-10-18T11:05:38.565+0000] {logging_mixin.py:190} INFO - [2024-10-18T11:05:38.565+0000] {dag.py:4180} INFO - Setting next_dagrun for tutorial_objectstorage to None, run_after=None
[2024-10-18T11:05:38.582+0000] {processor.py:208} INFO - Processing /home/airflow/.local/lib/python3.12/site-packages/airflow/example_dags/tutorial_objectstorage.py took 0.063 seconds
[2024-10-18T11:06:08.843+0000] {processor.py:186} INFO - Started process (PID=5763) to work on /home/airflow/.local/lib/python3.12/site-packages/airflow/example_dags/tutorial_objectstorage.py
[2024-10-18T11:06:08.844+0000] {processor.py:914} INFO - Processing file /home/airflow/.local/lib/python3.12/site-packages/airflow/example_dags/tutorial_objectstorage.py for tasks to queue
[2024-10-18T11:06:08.846+0000] {logging_mixin.py:190} INFO - [2024-10-18T11:06:08.846+0000] {dagbag.py:588} INFO - Filling up the DagBag from /home/airflow/.local/lib/python3.12/site-packages/airflow/example_dags/tutorial_objectstorage.py
[2024-10-18T11:06:08.854+0000] {processor.py:925} INFO - DAG(s) 'tutorial_objectstorage' retrieved from /home/airflow/.local/lib/python3.12/site-packages/airflow/example_dags/tutorial_objectstorage.py
[2024-10-18T11:06:08.871+0000] {logging_mixin.py:190} INFO - [2024-10-18T11:06:08.871+0000] {dag.py:3239} INFO - Sync 1 DAGs
[2024-10-18T11:06:08.885+0000] {logging_mixin.py:190} INFO - [2024-10-18T11:06:08.884+0000] {dag.py:4180} INFO - Setting next_dagrun for tutorial_objectstorage to None, run_after=None
[2024-10-18T11:06:08.902+0000] {processor.py:208} INFO - Processing /home/airflow/.local/lib/python3.12/site-packages/airflow/example_dags/tutorial_objectstorage.py took 0.064 seconds
[2024-10-18T11:06:39.282+0000] {processor.py:186} INFO - Started process (PID=6049) to work on /home/airflow/.local/lib/python3.12/site-packages/airflow/example_dags/tutorial_objectstorage.py
[2024-10-18T11:06:39.284+0000] {processor.py:914} INFO - Processing file /home/airflow/.local/lib/python3.12/site-packages/airflow/example_dags/tutorial_objectstorage.py for tasks to queue
[2024-10-18T11:06:39.286+0000] {logging_mixin.py:190} INFO - [2024-10-18T11:06:39.285+0000] {dagbag.py:588} INFO - Filling up the DagBag from /home/airflow/.local/lib/python3.12/site-packages/airflow/example_dags/tutorial_objectstorage.py
[2024-10-18T11:06:39.293+0000] {processor.py:925} INFO - DAG(s) 'tutorial_objectstorage' retrieved from /home/airflow/.local/lib/python3.12/site-packages/airflow/example_dags/tutorial_objectstorage.py
[2024-10-18T11:06:39.311+0000] {logging_mixin.py:190} INFO - [2024-10-18T11:06:39.310+0000] {dag.py:3239} INFO - Sync 1 DAGs
[2024-10-18T11:06:39.324+0000] {logging_mixin.py:190} INFO - [2024-10-18T11:06:39.324+0000] {dag.py:4180} INFO - Setting next_dagrun for tutorial_objectstorage to None, run_after=None
[2024-10-18T11:06:39.341+0000] {processor.py:208} INFO - Processing /home/airflow/.local/lib/python3.12/site-packages/airflow/example_dags/tutorial_objectstorage.py took 0.062 seconds
[2024-10-18T11:07:09.570+0000] {processor.py:186} INFO - Started process (PID=6335) to work on /home/airflow/.local/lib/python3.12/site-packages/airflow/example_dags/tutorial_objectstorage.py
[2024-10-18T11:07:09.571+0000] {processor.py:914} INFO - Processing file /home/airflow/.local/lib/python3.12/site-packages/airflow/example_dags/tutorial_objectstorage.py for tasks to queue
[2024-10-18T11:07:09.572+0000] {logging_mixin.py:190} INFO - [2024-10-18T11:07:09.572+0000] {dagbag.py:588} INFO - Filling up the DagBag from /home/airflow/.local/lib/python3.12/site-packages/airflow/example_dags/tutorial_objectstorage.py
[2024-10-18T11:07:09.580+0000] {processor.py:925} INFO - DAG(s) 'tutorial_objectstorage' retrieved from /home/airflow/.local/lib/python3.12/site-packages/airflow/example_dags/tutorial_objectstorage.py
[2024-10-18T11:07:09.596+0000] {logging_mixin.py:190} INFO - [2024-10-18T11:07:09.596+0000] {dag.py:3239} INFO - Sync 1 DAGs
[2024-10-18T11:07:09.608+0000] {logging_mixin.py:190} INFO - [2024-10-18T11:07:09.608+0000] {dag.py:4180} INFO - Setting next_dagrun for tutorial_objectstorage to None, run_after=None
[2024-10-18T11:07:09.629+0000] {processor.py:208} INFO - Processing /home/airflow/.local/lib/python3.12/site-packages/airflow/example_dags/tutorial_objectstorage.py took 0.064 seconds
[2024-10-18T11:07:39.854+0000] {processor.py:186} INFO - Started process (PID=6621) to work on /home/airflow/.local/lib/python3.12/site-packages/airflow/example_dags/tutorial_objectstorage.py
[2024-10-18T11:07:39.855+0000] {processor.py:914} INFO - Processing file /home/airflow/.local/lib/python3.12/site-packages/airflow/example_dags/tutorial_objectstorage.py for tasks to queue
[2024-10-18T11:07:39.857+0000] {logging_mixin.py:190} INFO - [2024-10-18T11:07:39.857+0000] {dagbag.py:588} INFO - Filling up the DagBag from /home/airflow/.local/lib/python3.12/site-packages/airflow/example_dags/tutorial_objectstorage.py
[2024-10-18T11:07:39.865+0000] {processor.py:925} INFO - DAG(s) 'tutorial_objectstorage' retrieved from /home/airflow/.local/lib/python3.12/site-packages/airflow/example_dags/tutorial_objectstorage.py
[2024-10-18T11:07:39.881+0000] {logging_mixin.py:190} INFO - [2024-10-18T11:07:39.881+0000] {dag.py:3239} INFO - Sync 1 DAGs
[2024-10-18T11:07:39.894+0000] {logging_mixin.py:190} INFO - [2024-10-18T11:07:39.894+0000] {dag.py:4180} INFO - Setting next_dagrun for tutorial_objectstorage to None, run_after=None
[2024-10-18T11:07:39.916+0000] {processor.py:208} INFO - Processing /home/airflow/.local/lib/python3.12/site-packages/airflow/example_dags/tutorial_objectstorage.py took 0.067 seconds
[2024-10-18T11:08:10.264+0000] {processor.py:186} INFO - Started process (PID=6907) to work on /home/airflow/.local/lib/python3.12/site-packages/airflow/example_dags/tutorial_objectstorage.py
[2024-10-18T11:08:10.264+0000] {processor.py:914} INFO - Processing file /home/airflow/.local/lib/python3.12/site-packages/airflow/example_dags/tutorial_objectstorage.py for tasks to queue
[2024-10-18T11:08:10.266+0000] {logging_mixin.py:190} INFO - [2024-10-18T11:08:10.266+0000] {dagbag.py:588} INFO - Filling up the DagBag from /home/airflow/.local/lib/python3.12/site-packages/airflow/example_dags/tutorial_objectstorage.py
[2024-10-18T11:08:10.274+0000] {processor.py:925} INFO - DAG(s) 'tutorial_objectstorage' retrieved from /home/airflow/.local/lib/python3.12/site-packages/airflow/example_dags/tutorial_objectstorage.py
[2024-10-18T11:08:10.289+0000] {logging_mixin.py:190} INFO - [2024-10-18T11:08:10.289+0000] {dag.py:3239} INFO - Sync 1 DAGs
[2024-10-18T11:08:10.302+0000] {logging_mixin.py:190} INFO - [2024-10-18T11:08:10.302+0000] {dag.py:4180} INFO - Setting next_dagrun for tutorial_objectstorage to None, run_after=None
[2024-10-18T11:08:10.319+0000] {processor.py:208} INFO - Processing /home/airflow/.local/lib/python3.12/site-packages/airflow/example_dags/tutorial_objectstorage.py took 0.060 seconds
[2024-10-18T11:08:40.504+0000] {processor.py:186} INFO - Started process (PID=7193) to work on /home/airflow/.local/lib/python3.12/site-packages/airflow/example_dags/tutorial_objectstorage.py
[2024-10-18T11:08:40.505+0000] {processor.py:914} INFO - Processing file /home/airflow/.local/lib/python3.12/site-packages/airflow/example_dags/tutorial_objectstorage.py for tasks to queue
[2024-10-18T11:08:40.507+0000] {logging_mixin.py:190} INFO - [2024-10-18T11:08:40.506+0000] {dagbag.py:588} INFO - Filling up the DagBag from /home/airflow/.local/lib/python3.12/site-packages/airflow/example_dags/tutorial_objectstorage.py
[2024-10-18T11:08:40.514+0000] {processor.py:925} INFO - DAG(s) 'tutorial_objectstorage' retrieved from /home/airflow/.local/lib/python3.12/site-packages/airflow/example_dags/tutorial_objectstorage.py
[2024-10-18T11:08:40.531+0000] {logging_mixin.py:190} INFO - [2024-10-18T11:08:40.531+0000] {dag.py:3239} INFO - Sync 1 DAGs
[2024-10-18T11:08:40.545+0000] {logging_mixin.py:190} INFO - [2024-10-18T11:08:40.545+0000] {dag.py:4180} INFO - Setting next_dagrun for tutorial_objectstorage to None, run_after=None
[2024-10-18T11:08:40.568+0000] {processor.py:208} INFO - Processing /home/airflow/.local/lib/python3.12/site-packages/airflow/example_dags/tutorial_objectstorage.py took 0.069 seconds
[2024-10-18T11:09:10.841+0000] {processor.py:186} INFO - Started process (PID=7479) to work on /home/airflow/.local/lib/python3.12/site-packages/airflow/example_dags/tutorial_objectstorage.py
[2024-10-18T11:09:10.842+0000] {processor.py:914} INFO - Processing file /home/airflow/.local/lib/python3.12/site-packages/airflow/example_dags/tutorial_objectstorage.py for tasks to queue
[2024-10-18T11:09:10.844+0000] {logging_mixin.py:190} INFO - [2024-10-18T11:09:10.844+0000] {dagbag.py:588} INFO - Filling up the DagBag from /home/airflow/.local/lib/python3.12/site-packages/airflow/example_dags/tutorial_objectstorage.py
[2024-10-18T11:09:10.852+0000] {processor.py:925} INFO - DAG(s) 'tutorial_objectstorage' retrieved from /home/airflow/.local/lib/python3.12/site-packages/airflow/example_dags/tutorial_objectstorage.py
[2024-10-18T11:09:10.868+0000] {logging_mixin.py:190} INFO - [2024-10-18T11:09:10.868+0000] {dag.py:3239} INFO - Sync 1 DAGs
[2024-10-18T11:09:10.880+0000] {logging_mixin.py:190} INFO - [2024-10-18T11:09:10.880+0000] {dag.py:4180} INFO - Setting next_dagrun for tutorial_objectstorage to None, run_after=None
[2024-10-18T11:09:10.900+0000] {processor.py:208} INFO - Processing /home/airflow/.local/lib/python3.12/site-packages/airflow/example_dags/tutorial_objectstorage.py took 0.064 seconds
[2024-10-18T11:09:41.120+0000] {processor.py:186} INFO - Started process (PID=7765) to work on /home/airflow/.local/lib/python3.12/site-packages/airflow/example_dags/tutorial_objectstorage.py
[2024-10-18T11:09:41.121+0000] {processor.py:914} INFO - Processing file /home/airflow/.local/lib/python3.12/site-packages/airflow/example_dags/tutorial_objectstorage.py for tasks to queue
[2024-10-18T11:09:41.123+0000] {logging_mixin.py:190} INFO - [2024-10-18T11:09:41.122+0000] {dagbag.py:588} INFO - Filling up the DagBag from /home/airflow/.local/lib/python3.12/site-packages/airflow/example_dags/tutorial_objectstorage.py
[2024-10-18T11:09:41.130+0000] {processor.py:925} INFO - DAG(s) 'tutorial_objectstorage' retrieved from /home/airflow/.local/lib/python3.12/site-packages/airflow/example_dags/tutorial_objectstorage.py
[2024-10-18T11:09:41.146+0000] {logging_mixin.py:190} INFO - [2024-10-18T11:09:41.146+0000] {dag.py:3239} INFO - Sync 1 DAGs
[2024-10-18T11:09:41.160+0000] {logging_mixin.py:190} INFO - [2024-10-18T11:09:41.160+0000] {dag.py:4180} INFO - Setting next_dagrun for tutorial_objectstorage to None, run_after=None
[2024-10-18T11:09:41.180+0000] {processor.py:208} INFO - Processing /home/airflow/.local/lib/python3.12/site-packages/airflow/example_dags/tutorial_objectstorage.py took 0.065 seconds
[2024-10-18T11:10:11.410+0000] {processor.py:186} INFO - Started process (PID=8051) to work on /home/airflow/.local/lib/python3.12/site-packages/airflow/example_dags/tutorial_objectstorage.py
[2024-10-18T11:10:11.411+0000] {processor.py:914} INFO - Processing file /home/airflow/.local/lib/python3.12/site-packages/airflow/example_dags/tutorial_objectstorage.py for tasks to queue
[2024-10-18T11:10:11.413+0000] {logging_mixin.py:190} INFO - [2024-10-18T11:10:11.413+0000] {dagbag.py:588} INFO - Filling up the DagBag from /home/airflow/.local/lib/python3.12/site-packages/airflow/example_dags/tutorial_objectstorage.py
[2024-10-18T11:10:11.421+0000] {processor.py:925} INFO - DAG(s) 'tutorial_objectstorage' retrieved from /home/airflow/.local/lib/python3.12/site-packages/airflow/example_dags/tutorial_objectstorage.py
[2024-10-18T11:10:11.437+0000] {logging_mixin.py:190} INFO - [2024-10-18T11:10:11.436+0000] {dag.py:3239} INFO - Sync 1 DAGs
[2024-10-18T11:10:11.450+0000] {logging_mixin.py:190} INFO - [2024-10-18T11:10:11.450+0000] {dag.py:4180} INFO - Setting next_dagrun for tutorial_objectstorage to None, run_after=None
[2024-10-18T11:10:11.469+0000] {processor.py:208} INFO - Processing /home/airflow/.local/lib/python3.12/site-packages/airflow/example_dags/tutorial_objectstorage.py took 0.065 seconds
[2024-10-18T11:10:41.732+0000] {processor.py:186} INFO - Started process (PID=8337) to work on /home/airflow/.local/lib/python3.12/site-packages/airflow/example_dags/tutorial_objectstorage.py
[2024-10-18T11:10:41.733+0000] {processor.py:914} INFO - Processing file /home/airflow/.local/lib/python3.12/site-packages/airflow/example_dags/tutorial_objectstorage.py for tasks to queue
[2024-10-18T11:10:41.735+0000] {logging_mixin.py:190} INFO - [2024-10-18T11:10:41.735+0000] {dagbag.py:588} INFO - Filling up the DagBag from /home/airflow/.local/lib/python3.12/site-packages/airflow/example_dags/tutorial_objectstorage.py
[2024-10-18T11:10:41.745+0000] {processor.py:925} INFO - DAG(s) 'tutorial_objectstorage' retrieved from /home/airflow/.local/lib/python3.12/site-packages/airflow/example_dags/tutorial_objectstorage.py
[2024-10-18T11:10:41.764+0000] {logging_mixin.py:190} INFO - [2024-10-18T11:10:41.764+0000] {dag.py:3239} INFO - Sync 1 DAGs
[2024-10-18T11:10:41.781+0000] {logging_mixin.py:190} INFO - [2024-10-18T11:10:41.780+0000] {dag.py:4180} INFO - Setting next_dagrun for tutorial_objectstorage to None, run_after=None
[2024-10-18T11:10:41.802+0000] {processor.py:208} INFO - Processing /home/airflow/.local/lib/python3.12/site-packages/airflow/example_dags/tutorial_objectstorage.py took 0.078 seconds
[2024-10-18T11:11:12.650+0000] {processor.py:186} INFO - Started process (PID=8623) to work on /home/airflow/.local/lib/python3.12/site-packages/airflow/example_dags/tutorial_objectstorage.py
[2024-10-18T11:11:12.651+0000] {processor.py:914} INFO - Processing file /home/airflow/.local/lib/python3.12/site-packages/airflow/example_dags/tutorial_objectstorage.py for tasks to queue
[2024-10-18T11:11:12.654+0000] {logging_mixin.py:190} INFO - [2024-10-18T11:11:12.653+0000] {dagbag.py:588} INFO - Filling up the DagBag from /home/airflow/.local/lib/python3.12/site-packages/airflow/example_dags/tutorial_objectstorage.py
[2024-10-18T11:11:12.662+0000] {processor.py:925} INFO - DAG(s) 'tutorial_objectstorage' retrieved from /home/airflow/.local/lib/python3.12/site-packages/airflow/example_dags/tutorial_objectstorage.py
[2024-10-18T11:11:12.679+0000] {logging_mixin.py:190} INFO - [2024-10-18T11:11:12.679+0000] {dag.py:3239} INFO - Sync 1 DAGs
[2024-10-18T11:11:12.693+0000] {logging_mixin.py:190} INFO - [2024-10-18T11:11:12.692+0000] {dag.py:4180} INFO - Setting next_dagrun for tutorial_objectstorage to None, run_after=None
[2024-10-18T11:11:12.715+0000] {processor.py:208} INFO - Processing /home/airflow/.local/lib/python3.12/site-packages/airflow/example_dags/tutorial_objectstorage.py took 0.071 seconds
[2024-10-18T11:11:43.644+0000] {processor.py:186} INFO - Started process (PID=8909) to work on /home/airflow/.local/lib/python3.12/site-packages/airflow/example_dags/tutorial_objectstorage.py
[2024-10-18T11:11:43.646+0000] {processor.py:914} INFO - Processing file /home/airflow/.local/lib/python3.12/site-packages/airflow/example_dags/tutorial_objectstorage.py for tasks to queue
[2024-10-18T11:11:43.652+0000] {logging_mixin.py:190} INFO - [2024-10-18T11:11:43.650+0000] {dagbag.py:588} INFO - Filling up the DagBag from /home/airflow/.local/lib/python3.12/site-packages/airflow/example_dags/tutorial_objectstorage.py
[2024-10-18T11:11:43.670+0000] {processor.py:925} INFO - DAG(s) 'tutorial_objectstorage' retrieved from /home/airflow/.local/lib/python3.12/site-packages/airflow/example_dags/tutorial_objectstorage.py
[2024-10-18T11:11:43.696+0000] {logging_mixin.py:190} INFO - [2024-10-18T11:11:43.696+0000] {dag.py:3239} INFO - Sync 1 DAGs
[2024-10-18T11:11:43.726+0000] {logging_mixin.py:190} INFO - [2024-10-18T11:11:43.726+0000] {dag.py:4180} INFO - Setting next_dagrun for tutorial_objectstorage to None, run_after=None
[2024-10-18T11:11:43.761+0000] {processor.py:208} INFO - Processing /home/airflow/.local/lib/python3.12/site-packages/airflow/example_dags/tutorial_objectstorage.py took 0.129 seconds
[2024-10-18T11:12:13.818+0000] {processor.py:186} INFO - Started process (PID=9200) to work on /home/airflow/.local/lib/python3.12/site-packages/airflow/example_dags/tutorial_objectstorage.py
[2024-10-18T11:12:13.820+0000] {processor.py:914} INFO - Processing file /home/airflow/.local/lib/python3.12/site-packages/airflow/example_dags/tutorial_objectstorage.py for tasks to queue
[2024-10-18T11:12:13.822+0000] {logging_mixin.py:190} INFO - [2024-10-18T11:12:13.822+0000] {dagbag.py:588} INFO - Filling up the DagBag from /home/airflow/.local/lib/python3.12/site-packages/airflow/example_dags/tutorial_objectstorage.py
[2024-10-18T11:12:13.830+0000] {processor.py:925} INFO - DAG(s) 'tutorial_objectstorage' retrieved from /home/airflow/.local/lib/python3.12/site-packages/airflow/example_dags/tutorial_objectstorage.py
[2024-10-18T11:12:13.852+0000] {logging_mixin.py:190} INFO - [2024-10-18T11:12:13.852+0000] {dag.py:3239} INFO - Sync 1 DAGs
[2024-10-18T11:12:13.870+0000] {logging_mixin.py:190} INFO - [2024-10-18T11:12:13.870+0000] {dag.py:4180} INFO - Setting next_dagrun for tutorial_objectstorage to None, run_after=None
[2024-10-18T11:12:13.892+0000] {processor.py:208} INFO - Processing /home/airflow/.local/lib/python3.12/site-packages/airflow/example_dags/tutorial_objectstorage.py took 0.080 seconds
[2024-10-18T11:12:44.067+0000] {processor.py:186} INFO - Started process (PID=9487) to work on /home/airflow/.local/lib/python3.12/site-packages/airflow/example_dags/tutorial_objectstorage.py
[2024-10-18T11:12:44.068+0000] {processor.py:914} INFO - Processing file /home/airflow/.local/lib/python3.12/site-packages/airflow/example_dags/tutorial_objectstorage.py for tasks to queue
[2024-10-18T11:12:44.070+0000] {logging_mixin.py:190} INFO - [2024-10-18T11:12:44.070+0000] {dagbag.py:588} INFO - Filling up the DagBag from /home/airflow/.local/lib/python3.12/site-packages/airflow/example_dags/tutorial_objectstorage.py
[2024-10-18T11:12:44.079+0000] {processor.py:925} INFO - DAG(s) 'tutorial_objectstorage' retrieved from /home/airflow/.local/lib/python3.12/site-packages/airflow/example_dags/tutorial_objectstorage.py
[2024-10-18T11:12:44.097+0000] {logging_mixin.py:190} INFO - [2024-10-18T11:12:44.097+0000] {dag.py:3239} INFO - Sync 1 DAGs
[2024-10-18T11:12:44.113+0000] {logging_mixin.py:190} INFO - [2024-10-18T11:12:44.113+0000] {dag.py:4180} INFO - Setting next_dagrun for tutorial_objectstorage to None, run_after=None
[2024-10-18T11:12:44.133+0000] {processor.py:208} INFO - Processing /home/airflow/.local/lib/python3.12/site-packages/airflow/example_dags/tutorial_objectstorage.py took 0.071 seconds
[2024-10-18T11:13:14.617+0000] {processor.py:186} INFO - Started process (PID=9773) to work on /home/airflow/.local/lib/python3.12/site-packages/airflow/example_dags/tutorial_objectstorage.py
[2024-10-18T11:13:14.618+0000] {processor.py:914} INFO - Processing file /home/airflow/.local/lib/python3.12/site-packages/airflow/example_dags/tutorial_objectstorage.py for tasks to queue
[2024-10-18T11:13:14.621+0000] {logging_mixin.py:190} INFO - [2024-10-18T11:13:14.620+0000] {dagbag.py:588} INFO - Filling up the DagBag from /home/airflow/.local/lib/python3.12/site-packages/airflow/example_dags/tutorial_objectstorage.py
[2024-10-18T11:13:14.630+0000] {processor.py:925} INFO - DAG(s) 'tutorial_objectstorage' retrieved from /home/airflow/.local/lib/python3.12/site-packages/airflow/example_dags/tutorial_objectstorage.py
[2024-10-18T11:13:14.651+0000] {logging_mixin.py:190} INFO - [2024-10-18T11:13:14.650+0000] {dag.py:3239} INFO - Sync 1 DAGs
[2024-10-18T11:13:14.667+0000] {logging_mixin.py:190} INFO - [2024-10-18T11:13:14.666+0000] {dag.py:4180} INFO - Setting next_dagrun for tutorial_objectstorage to None, run_after=None
[2024-10-18T11:13:14.687+0000] {processor.py:208} INFO - Processing /home/airflow/.local/lib/python3.12/site-packages/airflow/example_dags/tutorial_objectstorage.py took 0.076 seconds
[2024-10-18T11:13:45.235+0000] {processor.py:186} INFO - Started process (PID=10059) to work on /home/airflow/.local/lib/python3.12/site-packages/airflow/example_dags/tutorial_objectstorage.py
[2024-10-18T11:13:45.236+0000] {processor.py:914} INFO - Processing file /home/airflow/.local/lib/python3.12/site-packages/airflow/example_dags/tutorial_objectstorage.py for tasks to queue
[2024-10-18T11:13:45.238+0000] {logging_mixin.py:190} INFO - [2024-10-18T11:13:45.238+0000] {dagbag.py:588} INFO - Filling up the DagBag from /home/airflow/.local/lib/python3.12/site-packages/airflow/example_dags/tutorial_objectstorage.py
[2024-10-18T11:13:45.247+0000] {processor.py:925} INFO - DAG(s) 'tutorial_objectstorage' retrieved from /home/airflow/.local/lib/python3.12/site-packages/airflow/example_dags/tutorial_objectstorage.py
[2024-10-18T11:13:45.263+0000] {logging_mixin.py:190} INFO - [2024-10-18T11:13:45.263+0000] {dag.py:3239} INFO - Sync 1 DAGs
[2024-10-18T11:13:45.277+0000] {logging_mixin.py:190} INFO - [2024-10-18T11:13:45.277+0000] {dag.py:4180} INFO - Setting next_dagrun for tutorial_objectstorage to None, run_after=None
[2024-10-18T11:13:45.298+0000] {processor.py:208} INFO - Processing /home/airflow/.local/lib/python3.12/site-packages/airflow/example_dags/tutorial_objectstorage.py took 0.068 seconds
[2024-10-18T11:14:16.084+0000] {processor.py:186} INFO - Started process (PID=10359) to work on /home/airflow/.local/lib/python3.12/site-packages/airflow/example_dags/tutorial_objectstorage.py
[2024-10-18T11:14:16.085+0000] {processor.py:914} INFO - Processing file /home/airflow/.local/lib/python3.12/site-packages/airflow/example_dags/tutorial_objectstorage.py for tasks to queue
[2024-10-18T11:14:16.088+0000] {logging_mixin.py:190} INFO - [2024-10-18T11:14:16.087+0000] {dagbag.py:588} INFO - Filling up the DagBag from /home/airflow/.local/lib/python3.12/site-packages/airflow/example_dags/tutorial_objectstorage.py
[2024-10-18T11:14:16.097+0000] {processor.py:925} INFO - DAG(s) 'tutorial_objectstorage' retrieved from /home/airflow/.local/lib/python3.12/site-packages/airflow/example_dags/tutorial_objectstorage.py
[2024-10-18T11:14:16.120+0000] {logging_mixin.py:190} INFO - [2024-10-18T11:14:16.119+0000] {dag.py:3239} INFO - Sync 1 DAGs
[2024-10-18T11:14:16.137+0000] {logging_mixin.py:190} INFO - [2024-10-18T11:14:16.137+0000] {dag.py:4180} INFO - Setting next_dagrun for tutorial_objectstorage to None, run_after=None
[2024-10-18T11:14:16.161+0000] {processor.py:208} INFO - Processing /home/airflow/.local/lib/python3.12/site-packages/airflow/example_dags/tutorial_objectstorage.py took 0.082 seconds
[2024-10-18T11:14:46.870+0000] {processor.py:186} INFO - Started process (PID=10655) to work on /home/airflow/.local/lib/python3.12/site-packages/airflow/example_dags/tutorial_objectstorage.py
[2024-10-18T11:14:46.871+0000] {processor.py:914} INFO - Processing file /home/airflow/.local/lib/python3.12/site-packages/airflow/example_dags/tutorial_objectstorage.py for tasks to queue
[2024-10-18T11:14:46.874+0000] {logging_mixin.py:190} INFO - [2024-10-18T11:14:46.873+0000] {dagbag.py:588} INFO - Filling up the DagBag from /home/airflow/.local/lib/python3.12/site-packages/airflow/example_dags/tutorial_objectstorage.py
[2024-10-18T11:14:46.882+0000] {processor.py:925} INFO - DAG(s) 'tutorial_objectstorage' retrieved from /home/airflow/.local/lib/python3.12/site-packages/airflow/example_dags/tutorial_objectstorage.py
[2024-10-18T11:14:46.903+0000] {logging_mixin.py:190} INFO - [2024-10-18T11:14:46.902+0000] {dag.py:3239} INFO - Sync 1 DAGs
[2024-10-18T11:14:46.920+0000] {logging_mixin.py:190} INFO - [2024-10-18T11:14:46.919+0000] {dag.py:4180} INFO - Setting next_dagrun for tutorial_objectstorage to None, run_after=None
[2024-10-18T11:14:46.947+0000] {processor.py:208} INFO - Processing /home/airflow/.local/lib/python3.12/site-packages/airflow/example_dags/tutorial_objectstorage.py took 0.083 seconds
[2024-10-18T11:15:17.394+0000] {processor.py:186} INFO - Started process (PID=10941) to work on /home/airflow/.local/lib/python3.12/site-packages/airflow/example_dags/tutorial_objectstorage.py
[2024-10-18T11:15:17.395+0000] {processor.py:914} INFO - Processing file /home/airflow/.local/lib/python3.12/site-packages/airflow/example_dags/tutorial_objectstorage.py for tasks to queue
[2024-10-18T11:15:17.398+0000] {logging_mixin.py:190} INFO - [2024-10-18T11:15:17.398+0000] {dagbag.py:588} INFO - Filling up the DagBag from /home/airflow/.local/lib/python3.12/site-packages/airflow/example_dags/tutorial_objectstorage.py
[2024-10-18T11:15:17.406+0000] {processor.py:925} INFO - DAG(s) 'tutorial_objectstorage' retrieved from /home/airflow/.local/lib/python3.12/site-packages/airflow/example_dags/tutorial_objectstorage.py
[2024-10-18T11:15:17.423+0000] {logging_mixin.py:190} INFO - [2024-10-18T11:15:17.423+0000] {dag.py:3239} INFO - Sync 1 DAGs
[2024-10-18T11:15:17.439+0000] {logging_mixin.py:190} INFO - [2024-10-18T11:15:17.438+0000] {dag.py:4180} INFO - Setting next_dagrun for tutorial_objectstorage to None, run_after=None
[2024-10-18T11:15:17.461+0000] {processor.py:208} INFO - Processing /home/airflow/.local/lib/python3.12/site-packages/airflow/example_dags/tutorial_objectstorage.py took 0.072 seconds
[2024-10-18T11:15:48.014+0000] {processor.py:186} INFO - Started process (PID=11227) to work on /home/airflow/.local/lib/python3.12/site-packages/airflow/example_dags/tutorial_objectstorage.py
[2024-10-18T11:15:48.016+0000] {processor.py:914} INFO - Processing file /home/airflow/.local/lib/python3.12/site-packages/airflow/example_dags/tutorial_objectstorage.py for tasks to queue
[2024-10-18T11:15:48.019+0000] {logging_mixin.py:190} INFO - [2024-10-18T11:15:48.018+0000] {dagbag.py:588} INFO - Filling up the DagBag from /home/airflow/.local/lib/python3.12/site-packages/airflow/example_dags/tutorial_objectstorage.py
[2024-10-18T11:15:48.031+0000] {processor.py:925} INFO - DAG(s) 'tutorial_objectstorage' retrieved from /home/airflow/.local/lib/python3.12/site-packages/airflow/example_dags/tutorial_objectstorage.py
[2024-10-18T11:15:48.059+0000] {logging_mixin.py:190} INFO - [2024-10-18T11:15:48.058+0000] {dag.py:3239} INFO - Sync 1 DAGs
[2024-10-18T11:15:48.079+0000] {logging_mixin.py:190} INFO - [2024-10-18T11:15:48.079+0000] {dag.py:4180} INFO - Setting next_dagrun for tutorial_objectstorage to None, run_after=None
[2024-10-18T11:15:48.109+0000] {processor.py:208} INFO - Processing /home/airflow/.local/lib/python3.12/site-packages/airflow/example_dags/tutorial_objectstorage.py took 0.103 seconds
[2024-10-18T11:16:18.345+0000] {processor.py:186} INFO - Started process (PID=11512) to work on /home/airflow/.local/lib/python3.12/site-packages/airflow/example_dags/tutorial_objectstorage.py
[2024-10-18T11:16:18.346+0000] {processor.py:914} INFO - Processing file /home/airflow/.local/lib/python3.12/site-packages/airflow/example_dags/tutorial_objectstorage.py for tasks to queue
[2024-10-18T11:16:18.348+0000] {logging_mixin.py:190} INFO - [2024-10-18T11:16:18.348+0000] {dagbag.py:588} INFO - Filling up the DagBag from /home/airflow/.local/lib/python3.12/site-packages/airflow/example_dags/tutorial_objectstorage.py
[2024-10-18T11:16:18.356+0000] {processor.py:925} INFO - DAG(s) 'tutorial_objectstorage' retrieved from /home/airflow/.local/lib/python3.12/site-packages/airflow/example_dags/tutorial_objectstorage.py
[2024-10-18T11:16:18.374+0000] {logging_mixin.py:190} INFO - [2024-10-18T11:16:18.374+0000] {dag.py:3239} INFO - Sync 1 DAGs
[2024-10-18T11:16:18.388+0000] {logging_mixin.py:190} INFO - [2024-10-18T11:16:18.387+0000] {dag.py:4180} INFO - Setting next_dagrun for tutorial_objectstorage to None, run_after=None
[2024-10-18T11:16:18.409+0000] {processor.py:208} INFO - Processing /home/airflow/.local/lib/python3.12/site-packages/airflow/example_dags/tutorial_objectstorage.py took 0.071 seconds
[2024-10-18T11:16:48.486+0000] {processor.py:186} INFO - Started process (PID=11827) to work on /home/airflow/.local/lib/python3.12/site-packages/airflow/example_dags/tutorial_objectstorage.py
[2024-10-18T11:16:48.488+0000] {processor.py:914} INFO - Processing file /home/airflow/.local/lib/python3.12/site-packages/airflow/example_dags/tutorial_objectstorage.py for tasks to queue
[2024-10-18T11:16:48.493+0000] {logging_mixin.py:190} INFO - [2024-10-18T11:16:48.493+0000] {dagbag.py:588} INFO - Filling up the DagBag from /home/airflow/.local/lib/python3.12/site-packages/airflow/example_dags/tutorial_objectstorage.py
[2024-10-18T11:16:48.507+0000] {processor.py:925} INFO - DAG(s) 'tutorial_objectstorage' retrieved from /home/airflow/.local/lib/python3.12/site-packages/airflow/example_dags/tutorial_objectstorage.py
[2024-10-18T11:16:48.537+0000] {logging_mixin.py:190} INFO - [2024-10-18T11:16:48.536+0000] {dag.py:3239} INFO - Sync 1 DAGs
[2024-10-18T11:16:48.563+0000] {logging_mixin.py:190} INFO - [2024-10-18T11:16:48.563+0000] {dag.py:4180} INFO - Setting next_dagrun for tutorial_objectstorage to None, run_after=None
[2024-10-18T11:16:48.597+0000] {processor.py:208} INFO - Processing /home/airflow/.local/lib/python3.12/site-packages/airflow/example_dags/tutorial_objectstorage.py took 0.120 seconds
[2024-10-18T11:17:19.994+0000] {processor.py:186} INFO - Started process (PID=12121) to work on /home/airflow/.local/lib/python3.12/site-packages/airflow/example_dags/tutorial_objectstorage.py
[2024-10-18T11:17:20.001+0000] {processor.py:914} INFO - Processing file /home/airflow/.local/lib/python3.12/site-packages/airflow/example_dags/tutorial_objectstorage.py for tasks to queue
[2024-10-18T11:17:20.008+0000] {logging_mixin.py:190} INFO - [2024-10-18T11:17:20.006+0000] {dagbag.py:588} INFO - Filling up the DagBag from /home/airflow/.local/lib/python3.12/site-packages/airflow/example_dags/tutorial_objectstorage.py
[2024-10-18T11:17:20.050+0000] {processor.py:925} INFO - DAG(s) 'tutorial_objectstorage' retrieved from /home/airflow/.local/lib/python3.12/site-packages/airflow/example_dags/tutorial_objectstorage.py
[2024-10-18T11:17:20.126+0000] {logging_mixin.py:190} INFO - [2024-10-18T11:17:20.126+0000] {dag.py:3239} INFO - Sync 1 DAGs
[2024-10-18T11:17:20.210+0000] {logging_mixin.py:190} INFO - [2024-10-18T11:17:20.209+0000] {dag.py:4180} INFO - Setting next_dagrun for tutorial_objectstorage to None, run_after=None
[2024-10-18T11:17:20.307+0000] {processor.py:208} INFO - Processing /home/airflow/.local/lib/python3.12/site-packages/airflow/example_dags/tutorial_objectstorage.py took 0.335 seconds
[2024-10-18T11:17:51.114+0000] {processor.py:186} INFO - Started process (PID=12407) to work on /home/airflow/.local/lib/python3.12/site-packages/airflow/example_dags/tutorial_objectstorage.py
[2024-10-18T11:17:51.116+0000] {processor.py:914} INFO - Processing file /home/airflow/.local/lib/python3.12/site-packages/airflow/example_dags/tutorial_objectstorage.py for tasks to queue
[2024-10-18T11:17:51.126+0000] {logging_mixin.py:190} INFO - [2024-10-18T11:17:51.125+0000] {dagbag.py:588} INFO - Filling up the DagBag from /home/airflow/.local/lib/python3.12/site-packages/airflow/example_dags/tutorial_objectstorage.py
[2024-10-18T11:17:51.142+0000] {processor.py:925} INFO - DAG(s) 'tutorial_objectstorage' retrieved from /home/airflow/.local/lib/python3.12/site-packages/airflow/example_dags/tutorial_objectstorage.py
[2024-10-18T11:17:51.180+0000] {logging_mixin.py:190} INFO - [2024-10-18T11:17:51.180+0000] {dag.py:3239} INFO - Sync 1 DAGs
[2024-10-18T11:17:51.216+0000] {logging_mixin.py:190} INFO - [2024-10-18T11:17:51.216+0000] {dag.py:4180} INFO - Setting next_dagrun for tutorial_objectstorage to None, run_after=None
[2024-10-18T11:17:51.280+0000] {processor.py:208} INFO - Processing /home/airflow/.local/lib/python3.12/site-packages/airflow/example_dags/tutorial_objectstorage.py took 0.178 seconds
[2024-10-18T11:18:22.301+0000] {processor.py:186} INFO - Started process (PID=12693) to work on /home/airflow/.local/lib/python3.12/site-packages/airflow/example_dags/tutorial_objectstorage.py
[2024-10-18T11:18:22.303+0000] {processor.py:914} INFO - Processing file /home/airflow/.local/lib/python3.12/site-packages/airflow/example_dags/tutorial_objectstorage.py for tasks to queue
[2024-10-18T11:18:22.307+0000] {logging_mixin.py:190} INFO - [2024-10-18T11:18:22.306+0000] {dagbag.py:588} INFO - Filling up the DagBag from /home/airflow/.local/lib/python3.12/site-packages/airflow/example_dags/tutorial_objectstorage.py
[2024-10-18T11:18:22.328+0000] {processor.py:925} INFO - DAG(s) 'tutorial_objectstorage' retrieved from /home/airflow/.local/lib/python3.12/site-packages/airflow/example_dags/tutorial_objectstorage.py
[2024-10-18T11:18:22.375+0000] {logging_mixin.py:190} INFO - [2024-10-18T11:18:22.374+0000] {dag.py:3239} INFO - Sync 1 DAGs
[2024-10-18T11:18:22.424+0000] {logging_mixin.py:190} INFO - [2024-10-18T11:18:22.423+0000] {dag.py:4180} INFO - Setting next_dagrun for tutorial_objectstorage to None, run_after=None
[2024-10-18T11:18:22.491+0000] {processor.py:208} INFO - Processing /home/airflow/.local/lib/python3.12/site-packages/airflow/example_dags/tutorial_objectstorage.py took 0.206 seconds
[2024-10-18T11:18:53.367+0000] {processor.py:186} INFO - Started process (PID=12979) to work on /home/airflow/.local/lib/python3.12/site-packages/airflow/example_dags/tutorial_objectstorage.py
[2024-10-18T11:18:53.368+0000] {processor.py:914} INFO - Processing file /home/airflow/.local/lib/python3.12/site-packages/airflow/example_dags/tutorial_objectstorage.py for tasks to queue
[2024-10-18T11:18:53.370+0000] {logging_mixin.py:190} INFO - [2024-10-18T11:18:53.370+0000] {dagbag.py:588} INFO - Filling up the DagBag from /home/airflow/.local/lib/python3.12/site-packages/airflow/example_dags/tutorial_objectstorage.py
[2024-10-18T11:18:53.378+0000] {processor.py:925} INFO - DAG(s) 'tutorial_objectstorage' retrieved from /home/airflow/.local/lib/python3.12/site-packages/airflow/example_dags/tutorial_objectstorage.py
[2024-10-18T11:18:53.396+0000] {logging_mixin.py:190} INFO - [2024-10-18T11:18:53.396+0000] {dag.py:3239} INFO - Sync 1 DAGs
[2024-10-18T11:18:53.409+0000] {logging_mixin.py:190} INFO - [2024-10-18T11:18:53.409+0000] {dag.py:4180} INFO - Setting next_dagrun for tutorial_objectstorage to None, run_after=None
[2024-10-18T11:18:53.428+0000] {processor.py:208} INFO - Processing /home/airflow/.local/lib/python3.12/site-packages/airflow/example_dags/tutorial_objectstorage.py took 0.066 seconds
[2024-10-18T11:19:24.098+0000] {processor.py:186} INFO - Started process (PID=13266) to work on /home/airflow/.local/lib/python3.12/site-packages/airflow/example_dags/tutorial_objectstorage.py
[2024-10-18T11:19:24.099+0000] {processor.py:914} INFO - Processing file /home/airflow/.local/lib/python3.12/site-packages/airflow/example_dags/tutorial_objectstorage.py for tasks to queue
[2024-10-18T11:19:24.103+0000] {logging_mixin.py:190} INFO - [2024-10-18T11:19:24.103+0000] {dagbag.py:588} INFO - Filling up the DagBag from /home/airflow/.local/lib/python3.12/site-packages/airflow/example_dags/tutorial_objectstorage.py
[2024-10-18T11:19:24.115+0000] {processor.py:925} INFO - DAG(s) 'tutorial_objectstorage' retrieved from /home/airflow/.local/lib/python3.12/site-packages/airflow/example_dags/tutorial_objectstorage.py
[2024-10-18T11:19:24.141+0000] {logging_mixin.py:190} INFO - [2024-10-18T11:19:24.140+0000] {dag.py:3239} INFO - Sync 1 DAGs
[2024-10-18T11:19:24.168+0000] {logging_mixin.py:190} INFO - [2024-10-18T11:19:24.167+0000] {dag.py:4180} INFO - Setting next_dagrun for tutorial_objectstorage to None, run_after=None
[2024-10-18T11:19:24.200+0000] {processor.py:208} INFO - Processing /home/airflow/.local/lib/python3.12/site-packages/airflow/example_dags/tutorial_objectstorage.py took 0.110 seconds
[2024-10-18T11:19:54.269+0000] {processor.py:186} INFO - Started process (PID=13549) to work on /home/airflow/.local/lib/python3.12/site-packages/airflow/example_dags/tutorial_objectstorage.py
[2024-10-18T11:19:54.271+0000] {processor.py:914} INFO - Processing file /home/airflow/.local/lib/python3.12/site-packages/airflow/example_dags/tutorial_objectstorage.py for tasks to queue
[2024-10-18T11:19:54.274+0000] {logging_mixin.py:190} INFO - [2024-10-18T11:19:54.273+0000] {dagbag.py:588} INFO - Filling up the DagBag from /home/airflow/.local/lib/python3.12/site-packages/airflow/example_dags/tutorial_objectstorage.py
[2024-10-18T11:19:54.283+0000] {processor.py:925} INFO - DAG(s) 'tutorial_objectstorage' retrieved from /home/airflow/.local/lib/python3.12/site-packages/airflow/example_dags/tutorial_objectstorage.py
[2024-10-18T11:19:54.305+0000] {logging_mixin.py:190} INFO - [2024-10-18T11:19:54.305+0000] {dag.py:3239} INFO - Sync 1 DAGs
[2024-10-18T11:19:54.323+0000] {logging_mixin.py:190} INFO - [2024-10-18T11:19:54.323+0000] {dag.py:4180} INFO - Setting next_dagrun for tutorial_objectstorage to None, run_after=None
[2024-10-18T11:19:54.349+0000] {processor.py:208} INFO - Processing /home/airflow/.local/lib/python3.12/site-packages/airflow/example_dags/tutorial_objectstorage.py took 0.086 seconds
[2024-10-18T11:20:24.607+0000] {processor.py:186} INFO - Started process (PID=13835) to work on /home/airflow/.local/lib/python3.12/site-packages/airflow/example_dags/tutorial_objectstorage.py
[2024-10-18T11:20:24.609+0000] {processor.py:914} INFO - Processing file /home/airflow/.local/lib/python3.12/site-packages/airflow/example_dags/tutorial_objectstorage.py for tasks to queue
[2024-10-18T11:20:24.616+0000] {logging_mixin.py:190} INFO - [2024-10-18T11:20:24.615+0000] {dagbag.py:588} INFO - Filling up the DagBag from /home/airflow/.local/lib/python3.12/site-packages/airflow/example_dags/tutorial_objectstorage.py
[2024-10-18T11:20:24.646+0000] {processor.py:925} INFO - DAG(s) 'tutorial_objectstorage' retrieved from /home/airflow/.local/lib/python3.12/site-packages/airflow/example_dags/tutorial_objectstorage.py
[2024-10-18T11:20:24.700+0000] {logging_mixin.py:190} INFO - [2024-10-18T11:20:24.699+0000] {dag.py:3239} INFO - Sync 1 DAGs
[2024-10-18T11:20:24.729+0000] {logging_mixin.py:190} INFO - [2024-10-18T11:20:24.729+0000] {dag.py:4180} INFO - Setting next_dagrun for tutorial_objectstorage to None, run_after=None
[2024-10-18T11:20:24.782+0000] {processor.py:208} INFO - Processing /home/airflow/.local/lib/python3.12/site-packages/airflow/example_dags/tutorial_objectstorage.py took 0.189 seconds
[2024-10-18T11:20:54.989+0000] {processor.py:186} INFO - Started process (PID=14126) to work on /home/airflow/.local/lib/python3.12/site-packages/airflow/example_dags/tutorial_objectstorage.py
[2024-10-18T11:20:54.990+0000] {processor.py:914} INFO - Processing file /home/airflow/.local/lib/python3.12/site-packages/airflow/example_dags/tutorial_objectstorage.py for tasks to queue
[2024-10-18T11:20:54.993+0000] {logging_mixin.py:190} INFO - [2024-10-18T11:20:54.992+0000] {dagbag.py:588} INFO - Filling up the DagBag from /home/airflow/.local/lib/python3.12/site-packages/airflow/example_dags/tutorial_objectstorage.py
[2024-10-18T11:20:55.005+0000] {processor.py:925} INFO - DAG(s) 'tutorial_objectstorage' retrieved from /home/airflow/.local/lib/python3.12/site-packages/airflow/example_dags/tutorial_objectstorage.py
[2024-10-18T11:20:55.027+0000] {logging_mixin.py:190} INFO - [2024-10-18T11:20:55.027+0000] {dag.py:3239} INFO - Sync 1 DAGs
[2024-10-18T11:20:55.045+0000] {logging_mixin.py:190} INFO - [2024-10-18T11:20:55.044+0000] {dag.py:4180} INFO - Setting next_dagrun for tutorial_objectstorage to None, run_after=None
[2024-10-18T11:20:55.244+0000] {processor.py:208} INFO - Processing /home/airflow/.local/lib/python3.12/site-packages/airflow/example_dags/tutorial_objectstorage.py took 0.264 seconds
[2024-10-18T11:21:25.752+0000] {processor.py:186} INFO - Started process (PID=14412) to work on /home/airflow/.local/lib/python3.12/site-packages/airflow/example_dags/tutorial_objectstorage.py
[2024-10-18T11:21:25.754+0000] {processor.py:914} INFO - Processing file /home/airflow/.local/lib/python3.12/site-packages/airflow/example_dags/tutorial_objectstorage.py for tasks to queue
[2024-10-18T11:21:25.757+0000] {logging_mixin.py:190} INFO - [2024-10-18T11:21:25.756+0000] {dagbag.py:588} INFO - Filling up the DagBag from /home/airflow/.local/lib/python3.12/site-packages/airflow/example_dags/tutorial_objectstorage.py
[2024-10-18T11:21:25.767+0000] {processor.py:925} INFO - DAG(s) 'tutorial_objectstorage' retrieved from /home/airflow/.local/lib/python3.12/site-packages/airflow/example_dags/tutorial_objectstorage.py
[2024-10-18T11:21:25.792+0000] {logging_mixin.py:190} INFO - [2024-10-18T11:21:25.792+0000] {dag.py:3239} INFO - Sync 1 DAGs
[2024-10-18T11:21:25.811+0000] {logging_mixin.py:190} INFO - [2024-10-18T11:21:25.811+0000] {dag.py:4180} INFO - Setting next_dagrun for tutorial_objectstorage to None, run_after=None
[2024-10-18T11:21:26.043+0000] {processor.py:208} INFO - Processing /home/airflow/.local/lib/python3.12/site-packages/airflow/example_dags/tutorial_objectstorage.py took 0.299 seconds
[2024-10-18T11:21:56.196+0000] {processor.py:186} INFO - Started process (PID=14698) to work on /home/airflow/.local/lib/python3.12/site-packages/airflow/example_dags/tutorial_objectstorage.py
[2024-10-18T11:21:56.197+0000] {processor.py:914} INFO - Processing file /home/airflow/.local/lib/python3.12/site-packages/airflow/example_dags/tutorial_objectstorage.py for tasks to queue
[2024-10-18T11:21:56.200+0000] {logging_mixin.py:190} INFO - [2024-10-18T11:21:56.200+0000] {dagbag.py:588} INFO - Filling up the DagBag from /home/airflow/.local/lib/python3.12/site-packages/airflow/example_dags/tutorial_objectstorage.py
[2024-10-18T11:21:56.211+0000] {processor.py:925} INFO - DAG(s) 'tutorial_objectstorage' retrieved from /home/airflow/.local/lib/python3.12/site-packages/airflow/example_dags/tutorial_objectstorage.py
[2024-10-18T11:21:56.237+0000] {logging_mixin.py:190} INFO - [2024-10-18T11:21:56.236+0000] {dag.py:3239} INFO - Sync 1 DAGs
[2024-10-18T11:21:56.257+0000] {logging_mixin.py:190} INFO - [2024-10-18T11:21:56.257+0000] {dag.py:4180} INFO - Setting next_dagrun for tutorial_objectstorage to None, run_after=None
[2024-10-18T11:21:56.296+0000] {processor.py:208} INFO - Processing /home/airflow/.local/lib/python3.12/site-packages/airflow/example_dags/tutorial_objectstorage.py took 0.108 seconds
[2024-10-18T11:22:27.064+0000] {processor.py:186} INFO - Started process (PID=14984) to work on /home/airflow/.local/lib/python3.12/site-packages/airflow/example_dags/tutorial_objectstorage.py
[2024-10-18T11:22:27.065+0000] {processor.py:914} INFO - Processing file /home/airflow/.local/lib/python3.12/site-packages/airflow/example_dags/tutorial_objectstorage.py for tasks to queue
[2024-10-18T11:22:27.067+0000] {logging_mixin.py:190} INFO - [2024-10-18T11:22:27.067+0000] {dagbag.py:588} INFO - Filling up the DagBag from /home/airflow/.local/lib/python3.12/site-packages/airflow/example_dags/tutorial_objectstorage.py
[2024-10-18T11:22:27.076+0000] {processor.py:925} INFO - DAG(s) 'tutorial_objectstorage' retrieved from /home/airflow/.local/lib/python3.12/site-packages/airflow/example_dags/tutorial_objectstorage.py
[2024-10-18T11:22:27.097+0000] {logging_mixin.py:190} INFO - [2024-10-18T11:22:27.097+0000] {dag.py:3239} INFO - Sync 1 DAGs
[2024-10-18T11:22:27.114+0000] {logging_mixin.py:190} INFO - [2024-10-18T11:22:27.114+0000] {dag.py:4180} INFO - Setting next_dagrun for tutorial_objectstorage to None, run_after=None
[2024-10-18T11:22:27.142+0000] {processor.py:208} INFO - Processing /home/airflow/.local/lib/python3.12/site-packages/airflow/example_dags/tutorial_objectstorage.py took 0.085 seconds
