[2024-10-18T10:56:22.078+0000] {processor.py:186} INFO - Started process (PID=208) to work on /home/airflow/.local/lib/python3.12/site-packages/airflow/example_dags/tutorial.py
[2024-10-18T10:56:22.080+0000] {processor.py:914} INFO - Processing file /home/airflow/.local/lib/python3.12/site-packages/airflow/example_dags/tutorial.py for tasks to queue
[2024-10-18T10:56:22.084+0000] {logging_mixin.py:190} INFO - [2024-10-18T10:56:22.083+0000] {dagbag.py:588} INFO - Filling up the DagBag from /home/airflow/.local/lib/python3.12/site-packages/airflow/example_dags/tutorial.py
[2024-10-18T10:56:22.096+0000] {processor.py:925} INFO - DAG(s) 'tutorial' retrieved from /home/airflow/.local/lib/python3.12/site-packages/airflow/example_dags/tutorial.py
[2024-10-18T10:56:22.240+0000] {logging_mixin.py:190} INFO - [2024-10-18T10:56:22.239+0000] {override.py:1900} INFO - Created Permission View: can delete on DAG:tutorial
[2024-10-18T10:56:22.259+0000] {logging_mixin.py:190} INFO - [2024-10-18T10:56:22.259+0000] {override.py:1900} INFO - Created Permission View: can edit on DAG:tutorial
[2024-10-18T10:56:22.268+0000] {logging_mixin.py:190} INFO - [2024-10-18T10:56:22.268+0000] {override.py:1900} INFO - Created Permission View: can read on DAG:tutorial
[2024-10-18T10:56:22.279+0000] {logging_mixin.py:190} INFO - [2024-10-18T10:56:22.279+0000] {override.py:1900} INFO - Created Permission View: can delete on DAG Run:tutorial
[2024-10-18T10:56:22.288+0000] {logging_mixin.py:190} INFO - [2024-10-18T10:56:22.288+0000] {override.py:1900} INFO - Created Permission View: menu access on DAG Run:tutorial
[2024-10-18T10:56:22.297+0000] {logging_mixin.py:190} INFO - [2024-10-18T10:56:22.296+0000] {override.py:1900} INFO - Created Permission View: can read on DAG Run:tutorial
[2024-10-18T10:56:22.305+0000] {logging_mixin.py:190} INFO - [2024-10-18T10:56:22.305+0000] {override.py:1900} INFO - Created Permission View: can create on DAG Run:tutorial
[2024-10-18T10:56:22.306+0000] {logging_mixin.py:190} INFO - [2024-10-18T10:56:22.306+0000] {dag.py:3239} INFO - Sync 1 DAGs
[2024-10-18T10:56:22.324+0000] {logging_mixin.py:190} INFO - [2024-10-18T10:56:22.323+0000] {dag.py:3262} INFO - Creating ORM DAG for tutorial
[2024-10-18T10:56:22.338+0000] {logging_mixin.py:190} INFO - [2024-10-18T10:56:22.338+0000] {dag.py:4180} INFO - Setting next_dagrun for tutorial to 2024-10-17 00:00:00+00:00, run_after=2024-10-18 00:00:00+00:00
[2024-10-18T10:56:22.369+0000] {processor.py:208} INFO - Processing /home/airflow/.local/lib/python3.12/site-packages/airflow/example_dags/tutorial.py took 0.299 seconds
[2024-10-18T10:56:53.130+0000] {processor.py:186} INFO - Started process (PID=502) to work on /home/airflow/.local/lib/python3.12/site-packages/airflow/example_dags/tutorial.py
[2024-10-18T10:56:53.132+0000] {processor.py:914} INFO - Processing file /home/airflow/.local/lib/python3.12/site-packages/airflow/example_dags/tutorial.py for tasks to queue
[2024-10-18T10:56:53.136+0000] {logging_mixin.py:190} INFO - [2024-10-18T10:56:53.135+0000] {dagbag.py:588} INFO - Filling up the DagBag from /home/airflow/.local/lib/python3.12/site-packages/airflow/example_dags/tutorial.py
[2024-10-18T10:56:53.154+0000] {processor.py:925} INFO - DAG(s) 'tutorial' retrieved from /home/airflow/.local/lib/python3.12/site-packages/airflow/example_dags/tutorial.py
[2024-10-18T10:56:53.193+0000] {logging_mixin.py:190} INFO - [2024-10-18T10:56:53.188+0000] {dag.py:3239} INFO - Sync 1 DAGs
[2024-10-18T10:56:53.249+0000] {logging_mixin.py:190} INFO - [2024-10-18T10:56:53.249+0000] {dag.py:4180} INFO - Setting next_dagrun for tutorial to 2024-10-17 00:00:00+00:00, run_after=2024-10-18 00:00:00+00:00
[2024-10-18T10:56:53.313+0000] {processor.py:208} INFO - Processing /home/airflow/.local/lib/python3.12/site-packages/airflow/example_dags/tutorial.py took 0.194 seconds
[2024-10-18T10:57:24.111+0000] {processor.py:186} INFO - Started process (PID=788) to work on /home/airflow/.local/lib/python3.12/site-packages/airflow/example_dags/tutorial.py
[2024-10-18T10:57:24.119+0000] {processor.py:914} INFO - Processing file /home/airflow/.local/lib/python3.12/site-packages/airflow/example_dags/tutorial.py for tasks to queue
[2024-10-18T10:57:24.126+0000] {logging_mixin.py:190} INFO - [2024-10-18T10:57:24.125+0000] {dagbag.py:588} INFO - Filling up the DagBag from /home/airflow/.local/lib/python3.12/site-packages/airflow/example_dags/tutorial.py
[2024-10-18T10:57:24.145+0000] {processor.py:925} INFO - DAG(s) 'tutorial' retrieved from /home/airflow/.local/lib/python3.12/site-packages/airflow/example_dags/tutorial.py
[2024-10-18T10:57:24.199+0000] {logging_mixin.py:190} INFO - [2024-10-18T10:57:24.197+0000] {dag.py:3239} INFO - Sync 1 DAGs
[2024-10-18T10:57:24.263+0000] {logging_mixin.py:190} INFO - [2024-10-18T10:57:24.262+0000] {dag.py:4180} INFO - Setting next_dagrun for tutorial to 2024-10-17 00:00:00+00:00, run_after=2024-10-18 00:00:00+00:00
[2024-10-18T10:57:24.308+0000] {processor.py:208} INFO - Processing /home/airflow/.local/lib/python3.12/site-packages/airflow/example_dags/tutorial.py took 0.212 seconds
[2024-10-18T10:57:54.944+0000] {processor.py:186} INFO - Started process (PID=1073) to work on /home/airflow/.local/lib/python3.12/site-packages/airflow/example_dags/tutorial.py
[2024-10-18T10:57:54.948+0000] {processor.py:914} INFO - Processing file /home/airflow/.local/lib/python3.12/site-packages/airflow/example_dags/tutorial.py for tasks to queue
[2024-10-18T10:57:54.952+0000] {logging_mixin.py:190} INFO - [2024-10-18T10:57:54.951+0000] {dagbag.py:588} INFO - Filling up the DagBag from /home/airflow/.local/lib/python3.12/site-packages/airflow/example_dags/tutorial.py
[2024-10-18T10:57:54.968+0000] {processor.py:925} INFO - DAG(s) 'tutorial' retrieved from /home/airflow/.local/lib/python3.12/site-packages/airflow/example_dags/tutorial.py
[2024-10-18T10:57:55.011+0000] {logging_mixin.py:190} INFO - [2024-10-18T10:57:55.011+0000] {dag.py:3239} INFO - Sync 1 DAGs
[2024-10-18T10:57:55.065+0000] {logging_mixin.py:190} INFO - [2024-10-18T10:57:55.065+0000] {dag.py:4180} INFO - Setting next_dagrun for tutorial to 2024-10-17 00:00:00+00:00, run_after=2024-10-18 00:00:00+00:00
[2024-10-18T10:57:55.110+0000] {processor.py:208} INFO - Processing /home/airflow/.local/lib/python3.12/site-packages/airflow/example_dags/tutorial.py took 0.181 seconds
[2024-10-18T10:58:25.488+0000] {processor.py:186} INFO - Started process (PID=1367) to work on /home/airflow/.local/lib/python3.12/site-packages/airflow/example_dags/tutorial.py
[2024-10-18T10:58:25.489+0000] {processor.py:914} INFO - Processing file /home/airflow/.local/lib/python3.12/site-packages/airflow/example_dags/tutorial.py for tasks to queue
[2024-10-18T10:58:25.492+0000] {logging_mixin.py:190} INFO - [2024-10-18T10:58:25.491+0000] {dagbag.py:588} INFO - Filling up the DagBag from /home/airflow/.local/lib/python3.12/site-packages/airflow/example_dags/tutorial.py
[2024-10-18T10:58:25.498+0000] {processor.py:925} INFO - DAG(s) 'tutorial' retrieved from /home/airflow/.local/lib/python3.12/site-packages/airflow/example_dags/tutorial.py
[2024-10-18T10:58:25.516+0000] {logging_mixin.py:190} INFO - [2024-10-18T10:58:25.516+0000] {dag.py:3239} INFO - Sync 1 DAGs
[2024-10-18T10:58:25.538+0000] {logging_mixin.py:190} INFO - [2024-10-18T10:58:25.538+0000] {dag.py:4180} INFO - Setting next_dagrun for tutorial to 2024-10-17 00:00:00+00:00, run_after=2024-10-18 00:00:00+00:00
[2024-10-18T10:58:25.557+0000] {processor.py:208} INFO - Processing /home/airflow/.local/lib/python3.12/site-packages/airflow/example_dags/tutorial.py took 0.075 seconds
[2024-10-18T10:58:55.914+0000] {processor.py:186} INFO - Started process (PID=1652) to work on /home/airflow/.local/lib/python3.12/site-packages/airflow/example_dags/tutorial.py
[2024-10-18T10:58:55.915+0000] {processor.py:914} INFO - Processing file /home/airflow/.local/lib/python3.12/site-packages/airflow/example_dags/tutorial.py for tasks to queue
[2024-10-18T10:58:55.918+0000] {logging_mixin.py:190} INFO - [2024-10-18T10:58:55.918+0000] {dagbag.py:588} INFO - Filling up the DagBag from /home/airflow/.local/lib/python3.12/site-packages/airflow/example_dags/tutorial.py
[2024-10-18T10:58:55.929+0000] {processor.py:925} INFO - DAG(s) 'tutorial' retrieved from /home/airflow/.local/lib/python3.12/site-packages/airflow/example_dags/tutorial.py
[2024-10-18T10:58:55.952+0000] {logging_mixin.py:190} INFO - [2024-10-18T10:58:55.951+0000] {dag.py:3239} INFO - Sync 1 DAGs
[2024-10-18T10:58:55.987+0000] {logging_mixin.py:190} INFO - [2024-10-18T10:58:55.986+0000] {dag.py:4180} INFO - Setting next_dagrun for tutorial to 2024-10-17 00:00:00+00:00, run_after=2024-10-18 00:00:00+00:00
[2024-10-18T10:58:56.010+0000] {processor.py:208} INFO - Processing /home/airflow/.local/lib/python3.12/site-packages/airflow/example_dags/tutorial.py took 0.104 seconds
[2024-10-18T10:59:26.513+0000] {processor.py:186} INFO - Started process (PID=1938) to work on /home/airflow/.local/lib/python3.12/site-packages/airflow/example_dags/tutorial.py
[2024-10-18T10:59:26.514+0000] {processor.py:914} INFO - Processing file /home/airflow/.local/lib/python3.12/site-packages/airflow/example_dags/tutorial.py for tasks to queue
[2024-10-18T10:59:26.517+0000] {logging_mixin.py:190} INFO - [2024-10-18T10:59:26.516+0000] {dagbag.py:588} INFO - Filling up the DagBag from /home/airflow/.local/lib/python3.12/site-packages/airflow/example_dags/tutorial.py
[2024-10-18T10:59:26.523+0000] {processor.py:925} INFO - DAG(s) 'tutorial' retrieved from /home/airflow/.local/lib/python3.12/site-packages/airflow/example_dags/tutorial.py
[2024-10-18T10:59:26.543+0000] {logging_mixin.py:190} INFO - [2024-10-18T10:59:26.542+0000] {dag.py:3239} INFO - Sync 1 DAGs
[2024-10-18T10:59:26.565+0000] {logging_mixin.py:190} INFO - [2024-10-18T10:59:26.565+0000] {dag.py:4180} INFO - Setting next_dagrun for tutorial to 2024-10-17 00:00:00+00:00, run_after=2024-10-18 00:00:00+00:00
[2024-10-18T10:59:26.590+0000] {processor.py:208} INFO - Processing /home/airflow/.local/lib/python3.12/site-packages/airflow/example_dags/tutorial.py took 0.083 seconds
[2024-10-18T10:59:56.799+0000] {processor.py:186} INFO - Started process (PID=2224) to work on /home/airflow/.local/lib/python3.12/site-packages/airflow/example_dags/tutorial.py
[2024-10-18T10:59:56.800+0000] {processor.py:914} INFO - Processing file /home/airflow/.local/lib/python3.12/site-packages/airflow/example_dags/tutorial.py for tasks to queue
[2024-10-18T10:59:56.803+0000] {logging_mixin.py:190} INFO - [2024-10-18T10:59:56.803+0000] {dagbag.py:588} INFO - Filling up the DagBag from /home/airflow/.local/lib/python3.12/site-packages/airflow/example_dags/tutorial.py
[2024-10-18T10:59:56.811+0000] {processor.py:925} INFO - DAG(s) 'tutorial' retrieved from /home/airflow/.local/lib/python3.12/site-packages/airflow/example_dags/tutorial.py
[2024-10-18T10:59:56.830+0000] {logging_mixin.py:190} INFO - [2024-10-18T10:59:56.830+0000] {dag.py:3239} INFO - Sync 1 DAGs
[2024-10-18T10:59:56.856+0000] {logging_mixin.py:190} INFO - [2024-10-18T10:59:56.856+0000] {dag.py:4180} INFO - Setting next_dagrun for tutorial to 2024-10-17 00:00:00+00:00, run_after=2024-10-18 00:00:00+00:00
[2024-10-18T10:59:56.879+0000] {processor.py:208} INFO - Processing /home/airflow/.local/lib/python3.12/site-packages/airflow/example_dags/tutorial.py took 0.086 seconds
[2024-10-18T11:00:27.193+0000] {processor.py:186} INFO - Started process (PID=2510) to work on /home/airflow/.local/lib/python3.12/site-packages/airflow/example_dags/tutorial.py
[2024-10-18T11:00:27.194+0000] {processor.py:914} INFO - Processing file /home/airflow/.local/lib/python3.12/site-packages/airflow/example_dags/tutorial.py for tasks to queue
[2024-10-18T11:00:27.196+0000] {logging_mixin.py:190} INFO - [2024-10-18T11:00:27.195+0000] {dagbag.py:588} INFO - Filling up the DagBag from /home/airflow/.local/lib/python3.12/site-packages/airflow/example_dags/tutorial.py
[2024-10-18T11:00:27.202+0000] {processor.py:925} INFO - DAG(s) 'tutorial' retrieved from /home/airflow/.local/lib/python3.12/site-packages/airflow/example_dags/tutorial.py
[2024-10-18T11:00:27.218+0000] {logging_mixin.py:190} INFO - [2024-10-18T11:00:27.218+0000] {dag.py:3239} INFO - Sync 1 DAGs
[2024-10-18T11:00:27.242+0000] {logging_mixin.py:190} INFO - [2024-10-18T11:00:27.242+0000] {dag.py:4180} INFO - Setting next_dagrun for tutorial to 2024-10-17 00:00:00+00:00, run_after=2024-10-18 00:00:00+00:00
[2024-10-18T11:00:27.260+0000] {processor.py:208} INFO - Processing /home/airflow/.local/lib/python3.12/site-packages/airflow/example_dags/tutorial.py took 0.074 seconds
[2024-10-18T11:00:57.732+0000] {processor.py:186} INFO - Started process (PID=2796) to work on /home/airflow/.local/lib/python3.12/site-packages/airflow/example_dags/tutorial.py
[2024-10-18T11:00:57.733+0000] {processor.py:914} INFO - Processing file /home/airflow/.local/lib/python3.12/site-packages/airflow/example_dags/tutorial.py for tasks to queue
[2024-10-18T11:00:57.735+0000] {logging_mixin.py:190} INFO - [2024-10-18T11:00:57.735+0000] {dagbag.py:588} INFO - Filling up the DagBag from /home/airflow/.local/lib/python3.12/site-packages/airflow/example_dags/tutorial.py
[2024-10-18T11:00:57.742+0000] {processor.py:925} INFO - DAG(s) 'tutorial' retrieved from /home/airflow/.local/lib/python3.12/site-packages/airflow/example_dags/tutorial.py
[2024-10-18T11:00:57.760+0000] {logging_mixin.py:190} INFO - [2024-10-18T11:00:57.759+0000] {dag.py:3239} INFO - Sync 1 DAGs
[2024-10-18T11:00:57.781+0000] {logging_mixin.py:190} INFO - [2024-10-18T11:00:57.781+0000] {dag.py:4180} INFO - Setting next_dagrun for tutorial to 2024-10-17 00:00:00+00:00, run_after=2024-10-18 00:00:00+00:00
[2024-10-18T11:00:57.800+0000] {processor.py:208} INFO - Processing /home/airflow/.local/lib/python3.12/site-packages/airflow/example_dags/tutorial.py took 0.072 seconds
[2024-10-18T11:01:28.172+0000] {processor.py:186} INFO - Started process (PID=3082) to work on /home/airflow/.local/lib/python3.12/site-packages/airflow/example_dags/tutorial.py
[2024-10-18T11:01:28.173+0000] {processor.py:914} INFO - Processing file /home/airflow/.local/lib/python3.12/site-packages/airflow/example_dags/tutorial.py for tasks to queue
[2024-10-18T11:01:28.175+0000] {logging_mixin.py:190} INFO - [2024-10-18T11:01:28.175+0000] {dagbag.py:588} INFO - Filling up the DagBag from /home/airflow/.local/lib/python3.12/site-packages/airflow/example_dags/tutorial.py
[2024-10-18T11:01:28.181+0000] {processor.py:925} INFO - DAG(s) 'tutorial' retrieved from /home/airflow/.local/lib/python3.12/site-packages/airflow/example_dags/tutorial.py
[2024-10-18T11:01:28.199+0000] {logging_mixin.py:190} INFO - [2024-10-18T11:01:28.199+0000] {dag.py:3239} INFO - Sync 1 DAGs
[2024-10-18T11:01:28.220+0000] {logging_mixin.py:190} INFO - [2024-10-18T11:01:28.220+0000] {dag.py:4180} INFO - Setting next_dagrun for tutorial to 2024-10-17 00:00:00+00:00, run_after=2024-10-18 00:00:00+00:00
[2024-10-18T11:01:28.238+0000] {processor.py:208} INFO - Processing /home/airflow/.local/lib/python3.12/site-packages/airflow/example_dags/tutorial.py took 0.071 seconds
[2024-10-18T11:01:58.790+0000] {processor.py:186} INFO - Started process (PID=3368) to work on /home/airflow/.local/lib/python3.12/site-packages/airflow/example_dags/tutorial.py
[2024-10-18T11:01:58.792+0000] {processor.py:914} INFO - Processing file /home/airflow/.local/lib/python3.12/site-packages/airflow/example_dags/tutorial.py for tasks to queue
[2024-10-18T11:01:58.794+0000] {logging_mixin.py:190} INFO - [2024-10-18T11:01:58.794+0000] {dagbag.py:588} INFO - Filling up the DagBag from /home/airflow/.local/lib/python3.12/site-packages/airflow/example_dags/tutorial.py
[2024-10-18T11:01:58.802+0000] {processor.py:925} INFO - DAG(s) 'tutorial' retrieved from /home/airflow/.local/lib/python3.12/site-packages/airflow/example_dags/tutorial.py
[2024-10-18T11:01:58.825+0000] {logging_mixin.py:190} INFO - [2024-10-18T11:01:58.825+0000] {dag.py:3239} INFO - Sync 1 DAGs
[2024-10-18T11:01:58.851+0000] {logging_mixin.py:190} INFO - [2024-10-18T11:01:58.851+0000] {dag.py:4180} INFO - Setting next_dagrun for tutorial to 2024-10-17 00:00:00+00:00, run_after=2024-10-18 00:00:00+00:00
[2024-10-18T11:01:58.869+0000] {processor.py:208} INFO - Processing /home/airflow/.local/lib/python3.12/site-packages/airflow/example_dags/tutorial.py took 0.085 seconds
[2024-10-18T11:02:29.163+0000] {processor.py:186} INFO - Started process (PID=3654) to work on /home/airflow/.local/lib/python3.12/site-packages/airflow/example_dags/tutorial.py
[2024-10-18T11:02:29.164+0000] {processor.py:914} INFO - Processing file /home/airflow/.local/lib/python3.12/site-packages/airflow/example_dags/tutorial.py for tasks to queue
[2024-10-18T11:02:29.166+0000] {logging_mixin.py:190} INFO - [2024-10-18T11:02:29.166+0000] {dagbag.py:588} INFO - Filling up the DagBag from /home/airflow/.local/lib/python3.12/site-packages/airflow/example_dags/tutorial.py
[2024-10-18T11:02:29.173+0000] {processor.py:925} INFO - DAG(s) 'tutorial' retrieved from /home/airflow/.local/lib/python3.12/site-packages/airflow/example_dags/tutorial.py
[2024-10-18T11:02:29.191+0000] {logging_mixin.py:190} INFO - [2024-10-18T11:02:29.190+0000] {dag.py:3239} INFO - Sync 1 DAGs
[2024-10-18T11:02:29.213+0000] {logging_mixin.py:190} INFO - [2024-10-18T11:02:29.213+0000] {dag.py:4180} INFO - Setting next_dagrun for tutorial to 2024-10-17 00:00:00+00:00, run_after=2024-10-18 00:00:00+00:00
[2024-10-18T11:02:29.232+0000] {processor.py:208} INFO - Processing /home/airflow/.local/lib/python3.12/site-packages/airflow/example_dags/tutorial.py took 0.074 seconds
[2024-10-18T11:02:59.686+0000] {processor.py:186} INFO - Started process (PID=3940) to work on /home/airflow/.local/lib/python3.12/site-packages/airflow/example_dags/tutorial.py
[2024-10-18T11:02:59.688+0000] {processor.py:914} INFO - Processing file /home/airflow/.local/lib/python3.12/site-packages/airflow/example_dags/tutorial.py for tasks to queue
[2024-10-18T11:02:59.689+0000] {logging_mixin.py:190} INFO - [2024-10-18T11:02:59.689+0000] {dagbag.py:588} INFO - Filling up the DagBag from /home/airflow/.local/lib/python3.12/site-packages/airflow/example_dags/tutorial.py
[2024-10-18T11:02:59.696+0000] {processor.py:925} INFO - DAG(s) 'tutorial' retrieved from /home/airflow/.local/lib/python3.12/site-packages/airflow/example_dags/tutorial.py
[2024-10-18T11:02:59.714+0000] {logging_mixin.py:190} INFO - [2024-10-18T11:02:59.714+0000] {dag.py:3239} INFO - Sync 1 DAGs
[2024-10-18T11:02:59.735+0000] {logging_mixin.py:190} INFO - [2024-10-18T11:02:59.735+0000] {dag.py:4180} INFO - Setting next_dagrun for tutorial to 2024-10-17 00:00:00+00:00, run_after=2024-10-18 00:00:00+00:00
[2024-10-18T11:02:59.753+0000] {processor.py:208} INFO - Processing /home/airflow/.local/lib/python3.12/site-packages/airflow/example_dags/tutorial.py took 0.071 seconds
[2024-10-18T11:03:30.018+0000] {processor.py:186} INFO - Started process (PID=4226) to work on /home/airflow/.local/lib/python3.12/site-packages/airflow/example_dags/tutorial.py
[2024-10-18T11:03:30.019+0000] {processor.py:914} INFO - Processing file /home/airflow/.local/lib/python3.12/site-packages/airflow/example_dags/tutorial.py for tasks to queue
[2024-10-18T11:03:30.021+0000] {logging_mixin.py:190} INFO - [2024-10-18T11:03:30.021+0000] {dagbag.py:588} INFO - Filling up the DagBag from /home/airflow/.local/lib/python3.12/site-packages/airflow/example_dags/tutorial.py
[2024-10-18T11:03:30.028+0000] {processor.py:925} INFO - DAG(s) 'tutorial' retrieved from /home/airflow/.local/lib/python3.12/site-packages/airflow/example_dags/tutorial.py
[2024-10-18T11:03:30.046+0000] {logging_mixin.py:190} INFO - [2024-10-18T11:03:30.045+0000] {dag.py:3239} INFO - Sync 1 DAGs
[2024-10-18T11:03:30.069+0000] {logging_mixin.py:190} INFO - [2024-10-18T11:03:30.069+0000] {dag.py:4180} INFO - Setting next_dagrun for tutorial to 2024-10-17 00:00:00+00:00, run_after=2024-10-18 00:00:00+00:00
[2024-10-18T11:03:30.087+0000] {processor.py:208} INFO - Processing /home/airflow/.local/lib/python3.12/site-packages/airflow/example_dags/tutorial.py took 0.074 seconds
[2024-10-18T11:04:00.376+0000] {processor.py:186} INFO - Started process (PID=4512) to work on /home/airflow/.local/lib/python3.12/site-packages/airflow/example_dags/tutorial.py
[2024-10-18T11:04:00.377+0000] {processor.py:914} INFO - Processing file /home/airflow/.local/lib/python3.12/site-packages/airflow/example_dags/tutorial.py for tasks to queue
[2024-10-18T11:04:00.379+0000] {logging_mixin.py:190} INFO - [2024-10-18T11:04:00.379+0000] {dagbag.py:588} INFO - Filling up the DagBag from /home/airflow/.local/lib/python3.12/site-packages/airflow/example_dags/tutorial.py
[2024-10-18T11:04:00.386+0000] {processor.py:925} INFO - DAG(s) 'tutorial' retrieved from /home/airflow/.local/lib/python3.12/site-packages/airflow/example_dags/tutorial.py
[2024-10-18T11:04:00.405+0000] {logging_mixin.py:190} INFO - [2024-10-18T11:04:00.404+0000] {dag.py:3239} INFO - Sync 1 DAGs
[2024-10-18T11:04:00.426+0000] {logging_mixin.py:190} INFO - [2024-10-18T11:04:00.425+0000] {dag.py:4180} INFO - Setting next_dagrun for tutorial to 2024-10-17 00:00:00+00:00, run_after=2024-10-18 00:00:00+00:00
[2024-10-18T11:04:00.444+0000] {processor.py:208} INFO - Processing /home/airflow/.local/lib/python3.12/site-packages/airflow/example_dags/tutorial.py took 0.072 seconds
[2024-10-18T11:04:30.647+0000] {processor.py:186} INFO - Started process (PID=4798) to work on /home/airflow/.local/lib/python3.12/site-packages/airflow/example_dags/tutorial.py
[2024-10-18T11:04:30.648+0000] {processor.py:914} INFO - Processing file /home/airflow/.local/lib/python3.12/site-packages/airflow/example_dags/tutorial.py for tasks to queue
[2024-10-18T11:04:30.650+0000] {logging_mixin.py:190} INFO - [2024-10-18T11:04:30.650+0000] {dagbag.py:588} INFO - Filling up the DagBag from /home/airflow/.local/lib/python3.12/site-packages/airflow/example_dags/tutorial.py
[2024-10-18T11:04:30.657+0000] {processor.py:925} INFO - DAG(s) 'tutorial' retrieved from /home/airflow/.local/lib/python3.12/site-packages/airflow/example_dags/tutorial.py
[2024-10-18T11:04:30.674+0000] {logging_mixin.py:190} INFO - [2024-10-18T11:04:30.674+0000] {dag.py:3239} INFO - Sync 1 DAGs
[2024-10-18T11:04:30.696+0000] {logging_mixin.py:190} INFO - [2024-10-18T11:04:30.696+0000] {dag.py:4180} INFO - Setting next_dagrun for tutorial to 2024-10-17 00:00:00+00:00, run_after=2024-10-18 00:00:00+00:00
[2024-10-18T11:04:30.713+0000] {processor.py:208} INFO - Processing /home/airflow/.local/lib/python3.12/site-packages/airflow/example_dags/tutorial.py took 0.071 seconds
[2024-10-18T11:05:00.847+0000] {processor.py:186} INFO - Started process (PID=5084) to work on /home/airflow/.local/lib/python3.12/site-packages/airflow/example_dags/tutorial.py
[2024-10-18T11:05:00.848+0000] {processor.py:914} INFO - Processing file /home/airflow/.local/lib/python3.12/site-packages/airflow/example_dags/tutorial.py for tasks to queue
[2024-10-18T11:05:00.851+0000] {logging_mixin.py:190} INFO - [2024-10-18T11:05:00.850+0000] {dagbag.py:588} INFO - Filling up the DagBag from /home/airflow/.local/lib/python3.12/site-packages/airflow/example_dags/tutorial.py
[2024-10-18T11:05:00.857+0000] {processor.py:925} INFO - DAG(s) 'tutorial' retrieved from /home/airflow/.local/lib/python3.12/site-packages/airflow/example_dags/tutorial.py
[2024-10-18T11:05:00.875+0000] {logging_mixin.py:190} INFO - [2024-10-18T11:05:00.875+0000] {dag.py:3239} INFO - Sync 1 DAGs
[2024-10-18T11:05:00.896+0000] {logging_mixin.py:190} INFO - [2024-10-18T11:05:00.896+0000] {dag.py:4180} INFO - Setting next_dagrun for tutorial to 2024-10-17 00:00:00+00:00, run_after=2024-10-18 00:00:00+00:00
[2024-10-18T11:05:00.915+0000] {processor.py:208} INFO - Processing /home/airflow/.local/lib/python3.12/site-packages/airflow/example_dags/tutorial.py took 0.072 seconds
[2024-10-18T11:05:31.228+0000] {processor.py:186} INFO - Started process (PID=5370) to work on /home/airflow/.local/lib/python3.12/site-packages/airflow/example_dags/tutorial.py
[2024-10-18T11:05:31.229+0000] {processor.py:914} INFO - Processing file /home/airflow/.local/lib/python3.12/site-packages/airflow/example_dags/tutorial.py for tasks to queue
[2024-10-18T11:05:31.231+0000] {logging_mixin.py:190} INFO - [2024-10-18T11:05:31.231+0000] {dagbag.py:588} INFO - Filling up the DagBag from /home/airflow/.local/lib/python3.12/site-packages/airflow/example_dags/tutorial.py
[2024-10-18T11:05:31.238+0000] {processor.py:925} INFO - DAG(s) 'tutorial' retrieved from /home/airflow/.local/lib/python3.12/site-packages/airflow/example_dags/tutorial.py
[2024-10-18T11:05:31.255+0000] {logging_mixin.py:190} INFO - [2024-10-18T11:05:31.254+0000] {dag.py:3239} INFO - Sync 1 DAGs
[2024-10-18T11:05:31.276+0000] {logging_mixin.py:190} INFO - [2024-10-18T11:05:31.275+0000] {dag.py:4180} INFO - Setting next_dagrun for tutorial to 2024-10-17 00:00:00+00:00, run_after=2024-10-18 00:00:00+00:00
[2024-10-18T11:05:31.295+0000] {processor.py:208} INFO - Processing /home/airflow/.local/lib/python3.12/site-packages/airflow/example_dags/tutorial.py took 0.074 seconds
[2024-10-18T11:06:01.558+0000] {processor.py:186} INFO - Started process (PID=5656) to work on /home/airflow/.local/lib/python3.12/site-packages/airflow/example_dags/tutorial.py
[2024-10-18T11:06:01.559+0000] {processor.py:914} INFO - Processing file /home/airflow/.local/lib/python3.12/site-packages/airflow/example_dags/tutorial.py for tasks to queue
[2024-10-18T11:06:01.561+0000] {logging_mixin.py:190} INFO - [2024-10-18T11:06:01.561+0000] {dagbag.py:588} INFO - Filling up the DagBag from /home/airflow/.local/lib/python3.12/site-packages/airflow/example_dags/tutorial.py
[2024-10-18T11:06:01.569+0000] {processor.py:925} INFO - DAG(s) 'tutorial' retrieved from /home/airflow/.local/lib/python3.12/site-packages/airflow/example_dags/tutorial.py
[2024-10-18T11:06:01.586+0000] {logging_mixin.py:190} INFO - [2024-10-18T11:06:01.586+0000] {dag.py:3239} INFO - Sync 1 DAGs
[2024-10-18T11:06:01.607+0000] {logging_mixin.py:190} INFO - [2024-10-18T11:06:01.607+0000] {dag.py:4180} INFO - Setting next_dagrun for tutorial to 2024-10-17 00:00:00+00:00, run_after=2024-10-18 00:00:00+00:00
[2024-10-18T11:06:01.628+0000] {processor.py:208} INFO - Processing /home/airflow/.local/lib/python3.12/site-packages/airflow/example_dags/tutorial.py took 0.076 seconds
[2024-10-18T11:06:31.980+0000] {processor.py:186} INFO - Started process (PID=5942) to work on /home/airflow/.local/lib/python3.12/site-packages/airflow/example_dags/tutorial.py
[2024-10-18T11:06:31.981+0000] {processor.py:914} INFO - Processing file /home/airflow/.local/lib/python3.12/site-packages/airflow/example_dags/tutorial.py for tasks to queue
[2024-10-18T11:06:31.983+0000] {logging_mixin.py:190} INFO - [2024-10-18T11:06:31.982+0000] {dagbag.py:588} INFO - Filling up the DagBag from /home/airflow/.local/lib/python3.12/site-packages/airflow/example_dags/tutorial.py
[2024-10-18T11:06:31.989+0000] {processor.py:925} INFO - DAG(s) 'tutorial' retrieved from /home/airflow/.local/lib/python3.12/site-packages/airflow/example_dags/tutorial.py
[2024-10-18T11:06:32.008+0000] {logging_mixin.py:190} INFO - [2024-10-18T11:06:32.008+0000] {dag.py:3239} INFO - Sync 1 DAGs
[2024-10-18T11:06:32.029+0000] {logging_mixin.py:190} INFO - [2024-10-18T11:06:32.029+0000] {dag.py:4180} INFO - Setting next_dagrun for tutorial to 2024-10-17 00:00:00+00:00, run_after=2024-10-18 00:00:00+00:00
[2024-10-18T11:06:32.048+0000] {processor.py:208} INFO - Processing /home/airflow/.local/lib/python3.12/site-packages/airflow/example_dags/tutorial.py took 0.074 seconds
[2024-10-18T11:07:02.339+0000] {processor.py:186} INFO - Started process (PID=6228) to work on /home/airflow/.local/lib/python3.12/site-packages/airflow/example_dags/tutorial.py
[2024-10-18T11:07:02.340+0000] {processor.py:914} INFO - Processing file /home/airflow/.local/lib/python3.12/site-packages/airflow/example_dags/tutorial.py for tasks to queue
[2024-10-18T11:07:02.343+0000] {logging_mixin.py:190} INFO - [2024-10-18T11:07:02.342+0000] {dagbag.py:588} INFO - Filling up the DagBag from /home/airflow/.local/lib/python3.12/site-packages/airflow/example_dags/tutorial.py
[2024-10-18T11:07:02.350+0000] {processor.py:925} INFO - DAG(s) 'tutorial' retrieved from /home/airflow/.local/lib/python3.12/site-packages/airflow/example_dags/tutorial.py
[2024-10-18T11:07:02.368+0000] {logging_mixin.py:190} INFO - [2024-10-18T11:07:02.368+0000] {dag.py:3239} INFO - Sync 1 DAGs
[2024-10-18T11:07:02.392+0000] {logging_mixin.py:190} INFO - [2024-10-18T11:07:02.391+0000] {dag.py:4180} INFO - Setting next_dagrun for tutorial to 2024-10-17 00:00:00+00:00, run_after=2024-10-18 00:00:00+00:00
[2024-10-18T11:07:02.410+0000] {processor.py:208} INFO - Processing /home/airflow/.local/lib/python3.12/site-packages/airflow/example_dags/tutorial.py took 0.078 seconds
[2024-10-18T11:07:32.542+0000] {processor.py:186} INFO - Started process (PID=6514) to work on /home/airflow/.local/lib/python3.12/site-packages/airflow/example_dags/tutorial.py
[2024-10-18T11:07:32.543+0000] {processor.py:914} INFO - Processing file /home/airflow/.local/lib/python3.12/site-packages/airflow/example_dags/tutorial.py for tasks to queue
[2024-10-18T11:07:32.545+0000] {logging_mixin.py:190} INFO - [2024-10-18T11:07:32.545+0000] {dagbag.py:588} INFO - Filling up the DagBag from /home/airflow/.local/lib/python3.12/site-packages/airflow/example_dags/tutorial.py
[2024-10-18T11:07:32.552+0000] {processor.py:925} INFO - DAG(s) 'tutorial' retrieved from /home/airflow/.local/lib/python3.12/site-packages/airflow/example_dags/tutorial.py
[2024-10-18T11:07:32.569+0000] {logging_mixin.py:190} INFO - [2024-10-18T11:07:32.569+0000] {dag.py:3239} INFO - Sync 1 DAGs
[2024-10-18T11:07:32.591+0000] {logging_mixin.py:190} INFO - [2024-10-18T11:07:32.591+0000] {dag.py:4180} INFO - Setting next_dagrun for tutorial to 2024-10-17 00:00:00+00:00, run_after=2024-10-18 00:00:00+00:00
[2024-10-18T11:07:32.609+0000] {processor.py:208} INFO - Processing /home/airflow/.local/lib/python3.12/site-packages/airflow/example_dags/tutorial.py took 0.071 seconds
[2024-10-18T11:08:03.002+0000] {processor.py:186} INFO - Started process (PID=6800) to work on /home/airflow/.local/lib/python3.12/site-packages/airflow/example_dags/tutorial.py
[2024-10-18T11:08:03.003+0000] {processor.py:914} INFO - Processing file /home/airflow/.local/lib/python3.12/site-packages/airflow/example_dags/tutorial.py for tasks to queue
[2024-10-18T11:08:03.006+0000] {logging_mixin.py:190} INFO - [2024-10-18T11:08:03.006+0000] {dagbag.py:588} INFO - Filling up the DagBag from /home/airflow/.local/lib/python3.12/site-packages/airflow/example_dags/tutorial.py
[2024-10-18T11:08:03.013+0000] {processor.py:925} INFO - DAG(s) 'tutorial' retrieved from /home/airflow/.local/lib/python3.12/site-packages/airflow/example_dags/tutorial.py
[2024-10-18T11:08:03.033+0000] {logging_mixin.py:190} INFO - [2024-10-18T11:08:03.033+0000] {dag.py:3239} INFO - Sync 1 DAGs
[2024-10-18T11:08:03.054+0000] {logging_mixin.py:190} INFO - [2024-10-18T11:08:03.054+0000] {dag.py:4180} INFO - Setting next_dagrun for tutorial to 2024-10-17 00:00:00+00:00, run_after=2024-10-18 00:00:00+00:00
[2024-10-18T11:08:03.072+0000] {processor.py:208} INFO - Processing /home/airflow/.local/lib/python3.12/site-packages/airflow/example_dags/tutorial.py took 0.077 seconds
[2024-10-18T11:08:33.164+0000] {processor.py:186} INFO - Started process (PID=7086) to work on /home/airflow/.local/lib/python3.12/site-packages/airflow/example_dags/tutorial.py
[2024-10-18T11:08:33.165+0000] {processor.py:914} INFO - Processing file /home/airflow/.local/lib/python3.12/site-packages/airflow/example_dags/tutorial.py for tasks to queue
[2024-10-18T11:08:33.167+0000] {logging_mixin.py:190} INFO - [2024-10-18T11:08:33.167+0000] {dagbag.py:588} INFO - Filling up the DagBag from /home/airflow/.local/lib/python3.12/site-packages/airflow/example_dags/tutorial.py
[2024-10-18T11:08:33.174+0000] {processor.py:925} INFO - DAG(s) 'tutorial' retrieved from /home/airflow/.local/lib/python3.12/site-packages/airflow/example_dags/tutorial.py
[2024-10-18T11:08:33.191+0000] {logging_mixin.py:190} INFO - [2024-10-18T11:08:33.191+0000] {dag.py:3239} INFO - Sync 1 DAGs
[2024-10-18T11:08:33.212+0000] {logging_mixin.py:190} INFO - [2024-10-18T11:08:33.211+0000] {dag.py:4180} INFO - Setting next_dagrun for tutorial to 2024-10-17 00:00:00+00:00, run_after=2024-10-18 00:00:00+00:00
[2024-10-18T11:08:33.230+0000] {processor.py:208} INFO - Processing /home/airflow/.local/lib/python3.12/site-packages/airflow/example_dags/tutorial.py took 0.071 seconds
[2024-10-18T11:09:03.491+0000] {processor.py:186} INFO - Started process (PID=7372) to work on /home/airflow/.local/lib/python3.12/site-packages/airflow/example_dags/tutorial.py
[2024-10-18T11:09:03.492+0000] {processor.py:914} INFO - Processing file /home/airflow/.local/lib/python3.12/site-packages/airflow/example_dags/tutorial.py for tasks to queue
[2024-10-18T11:09:03.495+0000] {logging_mixin.py:190} INFO - [2024-10-18T11:09:03.494+0000] {dagbag.py:588} INFO - Filling up the DagBag from /home/airflow/.local/lib/python3.12/site-packages/airflow/example_dags/tutorial.py
[2024-10-18T11:09:03.501+0000] {processor.py:925} INFO - DAG(s) 'tutorial' retrieved from /home/airflow/.local/lib/python3.12/site-packages/airflow/example_dags/tutorial.py
[2024-10-18T11:09:03.519+0000] {logging_mixin.py:190} INFO - [2024-10-18T11:09:03.519+0000] {dag.py:3239} INFO - Sync 1 DAGs
[2024-10-18T11:09:03.542+0000] {logging_mixin.py:190} INFO - [2024-10-18T11:09:03.542+0000] {dag.py:4180} INFO - Setting next_dagrun for tutorial to 2024-10-17 00:00:00+00:00, run_after=2024-10-18 00:00:00+00:00
[2024-10-18T11:09:03.561+0000] {processor.py:208} INFO - Processing /home/airflow/.local/lib/python3.12/site-packages/airflow/example_dags/tutorial.py took 0.076 seconds
[2024-10-18T11:09:33.795+0000] {processor.py:186} INFO - Started process (PID=7658) to work on /home/airflow/.local/lib/python3.12/site-packages/airflow/example_dags/tutorial.py
[2024-10-18T11:09:33.796+0000] {processor.py:914} INFO - Processing file /home/airflow/.local/lib/python3.12/site-packages/airflow/example_dags/tutorial.py for tasks to queue
[2024-10-18T11:09:33.798+0000] {logging_mixin.py:190} INFO - [2024-10-18T11:09:33.798+0000] {dagbag.py:588} INFO - Filling up the DagBag from /home/airflow/.local/lib/python3.12/site-packages/airflow/example_dags/tutorial.py
[2024-10-18T11:09:33.804+0000] {processor.py:925} INFO - DAG(s) 'tutorial' retrieved from /home/airflow/.local/lib/python3.12/site-packages/airflow/example_dags/tutorial.py
[2024-10-18T11:09:33.822+0000] {logging_mixin.py:190} INFO - [2024-10-18T11:09:33.822+0000] {dag.py:3239} INFO - Sync 1 DAGs
[2024-10-18T11:09:33.843+0000] {logging_mixin.py:190} INFO - [2024-10-18T11:09:33.843+0000] {dag.py:4180} INFO - Setting next_dagrun for tutorial to 2024-10-17 00:00:00+00:00, run_after=2024-10-18 00:00:00+00:00
[2024-10-18T11:09:33.861+0000] {processor.py:208} INFO - Processing /home/airflow/.local/lib/python3.12/site-packages/airflow/example_dags/tutorial.py took 0.071 seconds
[2024-10-18T11:10:04.169+0000] {processor.py:186} INFO - Started process (PID=7944) to work on /home/airflow/.local/lib/python3.12/site-packages/airflow/example_dags/tutorial.py
[2024-10-18T11:10:04.169+0000] {processor.py:914} INFO - Processing file /home/airflow/.local/lib/python3.12/site-packages/airflow/example_dags/tutorial.py for tasks to queue
[2024-10-18T11:10:04.171+0000] {logging_mixin.py:190} INFO - [2024-10-18T11:10:04.171+0000] {dagbag.py:588} INFO - Filling up the DagBag from /home/airflow/.local/lib/python3.12/site-packages/airflow/example_dags/tutorial.py
[2024-10-18T11:10:04.177+0000] {processor.py:925} INFO - DAG(s) 'tutorial' retrieved from /home/airflow/.local/lib/python3.12/site-packages/airflow/example_dags/tutorial.py
[2024-10-18T11:10:04.195+0000] {logging_mixin.py:190} INFO - [2024-10-18T11:10:04.194+0000] {dag.py:3239} INFO - Sync 1 DAGs
[2024-10-18T11:10:04.215+0000] {logging_mixin.py:190} INFO - [2024-10-18T11:10:04.215+0000] {dag.py:4180} INFO - Setting next_dagrun for tutorial to 2024-10-17 00:00:00+00:00, run_after=2024-10-18 00:00:00+00:00
[2024-10-18T11:10:04.234+0000] {processor.py:208} INFO - Processing /home/airflow/.local/lib/python3.12/site-packages/airflow/example_dags/tutorial.py took 0.071 seconds
[2024-10-18T11:10:34.484+0000] {processor.py:186} INFO - Started process (PID=8230) to work on /home/airflow/.local/lib/python3.12/site-packages/airflow/example_dags/tutorial.py
[2024-10-18T11:10:34.486+0000] {processor.py:914} INFO - Processing file /home/airflow/.local/lib/python3.12/site-packages/airflow/example_dags/tutorial.py for tasks to queue
[2024-10-18T11:10:34.488+0000] {logging_mixin.py:190} INFO - [2024-10-18T11:10:34.487+0000] {dagbag.py:588} INFO - Filling up the DagBag from /home/airflow/.local/lib/python3.12/site-packages/airflow/example_dags/tutorial.py
[2024-10-18T11:10:34.494+0000] {processor.py:925} INFO - DAG(s) 'tutorial' retrieved from /home/airflow/.local/lib/python3.12/site-packages/airflow/example_dags/tutorial.py
[2024-10-18T11:10:34.514+0000] {logging_mixin.py:190} INFO - [2024-10-18T11:10:34.514+0000] {dag.py:3239} INFO - Sync 1 DAGs
[2024-10-18T11:10:34.535+0000] {logging_mixin.py:190} INFO - [2024-10-18T11:10:34.535+0000] {dag.py:4180} INFO - Setting next_dagrun for tutorial to 2024-10-17 00:00:00+00:00, run_after=2024-10-18 00:00:00+00:00
[2024-10-18T11:10:34.555+0000] {processor.py:208} INFO - Processing /home/airflow/.local/lib/python3.12/site-packages/airflow/example_dags/tutorial.py took 0.075 seconds
[2024-10-18T11:11:05.175+0000] {processor.py:186} INFO - Started process (PID=8516) to work on /home/airflow/.local/lib/python3.12/site-packages/airflow/example_dags/tutorial.py
[2024-10-18T11:11:05.177+0000] {processor.py:914} INFO - Processing file /home/airflow/.local/lib/python3.12/site-packages/airflow/example_dags/tutorial.py for tasks to queue
[2024-10-18T11:11:05.180+0000] {logging_mixin.py:190} INFO - [2024-10-18T11:11:05.179+0000] {dagbag.py:588} INFO - Filling up the DagBag from /home/airflow/.local/lib/python3.12/site-packages/airflow/example_dags/tutorial.py
[2024-10-18T11:11:05.187+0000] {processor.py:925} INFO - DAG(s) 'tutorial' retrieved from /home/airflow/.local/lib/python3.12/site-packages/airflow/example_dags/tutorial.py
[2024-10-18T11:11:05.205+0000] {logging_mixin.py:190} INFO - [2024-10-18T11:11:05.205+0000] {dag.py:3239} INFO - Sync 1 DAGs
[2024-10-18T11:11:05.227+0000] {logging_mixin.py:190} INFO - [2024-10-18T11:11:05.227+0000] {dag.py:4180} INFO - Setting next_dagrun for tutorial to 2024-10-17 00:00:00+00:00, run_after=2024-10-18 00:00:00+00:00
[2024-10-18T11:11:05.246+0000] {processor.py:208} INFO - Processing /home/airflow/.local/lib/python3.12/site-packages/airflow/example_dags/tutorial.py took 0.075 seconds
[2024-10-18T11:11:35.755+0000] {processor.py:186} INFO - Started process (PID=8802) to work on /home/airflow/.local/lib/python3.12/site-packages/airflow/example_dags/tutorial.py
[2024-10-18T11:11:35.757+0000] {processor.py:914} INFO - Processing file /home/airflow/.local/lib/python3.12/site-packages/airflow/example_dags/tutorial.py for tasks to queue
[2024-10-18T11:11:35.760+0000] {logging_mixin.py:190} INFO - [2024-10-18T11:11:35.759+0000] {dagbag.py:588} INFO - Filling up the DagBag from /home/airflow/.local/lib/python3.12/site-packages/airflow/example_dags/tutorial.py
[2024-10-18T11:11:35.766+0000] {processor.py:925} INFO - DAG(s) 'tutorial' retrieved from /home/airflow/.local/lib/python3.12/site-packages/airflow/example_dags/tutorial.py
[2024-10-18T11:11:35.785+0000] {logging_mixin.py:190} INFO - [2024-10-18T11:11:35.784+0000] {dag.py:3239} INFO - Sync 1 DAGs
[2024-10-18T11:11:35.806+0000] {logging_mixin.py:190} INFO - [2024-10-18T11:11:35.805+0000] {dag.py:4180} INFO - Setting next_dagrun for tutorial to 2024-10-17 00:00:00+00:00, run_after=2024-10-18 00:00:00+00:00
[2024-10-18T11:11:35.825+0000] {processor.py:208} INFO - Processing /home/airflow/.local/lib/python3.12/site-packages/airflow/example_dags/tutorial.py took 0.076 seconds
[2024-10-18T11:12:05.901+0000] {processor.py:186} INFO - Started process (PID=9088) to work on /home/airflow/.local/lib/python3.12/site-packages/airflow/example_dags/tutorial.py
[2024-10-18T11:12:05.902+0000] {processor.py:914} INFO - Processing file /home/airflow/.local/lib/python3.12/site-packages/airflow/example_dags/tutorial.py for tasks to queue
[2024-10-18T11:12:05.907+0000] {logging_mixin.py:190} INFO - [2024-10-18T11:12:05.906+0000] {dagbag.py:588} INFO - Filling up the DagBag from /home/airflow/.local/lib/python3.12/site-packages/airflow/example_dags/tutorial.py
[2024-10-18T11:12:05.915+0000] {processor.py:925} INFO - DAG(s) 'tutorial' retrieved from /home/airflow/.local/lib/python3.12/site-packages/airflow/example_dags/tutorial.py
[2024-10-18T11:12:05.939+0000] {logging_mixin.py:190} INFO - [2024-10-18T11:12:05.939+0000] {dag.py:3239} INFO - Sync 1 DAGs
[2024-10-18T11:12:05.963+0000] {logging_mixin.py:190} INFO - [2024-10-18T11:12:05.963+0000] {dag.py:4180} INFO - Setting next_dagrun for tutorial to 2024-10-17 00:00:00+00:00, run_after=2024-10-18 00:00:00+00:00
[2024-10-18T11:12:05.987+0000] {processor.py:208} INFO - Processing /home/airflow/.local/lib/python3.12/site-packages/airflow/example_dags/tutorial.py took 0.091 seconds
[2024-10-18T11:12:36.627+0000] {processor.py:186} INFO - Started process (PID=9380) to work on /home/airflow/.local/lib/python3.12/site-packages/airflow/example_dags/tutorial.py
[2024-10-18T11:12:36.628+0000] {processor.py:914} INFO - Processing file /home/airflow/.local/lib/python3.12/site-packages/airflow/example_dags/tutorial.py for tasks to queue
[2024-10-18T11:12:36.630+0000] {logging_mixin.py:190} INFO - [2024-10-18T11:12:36.630+0000] {dagbag.py:588} INFO - Filling up the DagBag from /home/airflow/.local/lib/python3.12/site-packages/airflow/example_dags/tutorial.py
[2024-10-18T11:12:36.640+0000] {processor.py:925} INFO - DAG(s) 'tutorial' retrieved from /home/airflow/.local/lib/python3.12/site-packages/airflow/example_dags/tutorial.py
[2024-10-18T11:12:36.661+0000] {logging_mixin.py:190} INFO - [2024-10-18T11:12:36.661+0000] {dag.py:3239} INFO - Sync 1 DAGs
[2024-10-18T11:12:36.689+0000] {logging_mixin.py:190} INFO - [2024-10-18T11:12:36.689+0000] {dag.py:4180} INFO - Setting next_dagrun for tutorial to 2024-10-17 00:00:00+00:00, run_after=2024-10-18 00:00:00+00:00
[2024-10-18T11:12:36.710+0000] {processor.py:208} INFO - Processing /home/airflow/.local/lib/python3.12/site-packages/airflow/example_dags/tutorial.py took 0.089 seconds
[2024-10-18T11:13:06.992+0000] {processor.py:186} INFO - Started process (PID=9666) to work on /home/airflow/.local/lib/python3.12/site-packages/airflow/example_dags/tutorial.py
[2024-10-18T11:13:06.992+0000] {processor.py:914} INFO - Processing file /home/airflow/.local/lib/python3.12/site-packages/airflow/example_dags/tutorial.py for tasks to queue
[2024-10-18T11:13:06.994+0000] {logging_mixin.py:190} INFO - [2024-10-18T11:13:06.994+0000] {dagbag.py:588} INFO - Filling up the DagBag from /home/airflow/.local/lib/python3.12/site-packages/airflow/example_dags/tutorial.py
[2024-10-18T11:13:07.001+0000] {processor.py:925} INFO - DAG(s) 'tutorial' retrieved from /home/airflow/.local/lib/python3.12/site-packages/airflow/example_dags/tutorial.py
[2024-10-18T11:13:07.019+0000] {logging_mixin.py:190} INFO - [2024-10-18T11:13:07.018+0000] {dag.py:3239} INFO - Sync 1 DAGs
[2024-10-18T11:13:07.039+0000] {logging_mixin.py:190} INFO - [2024-10-18T11:13:07.039+0000] {dag.py:4180} INFO - Setting next_dagrun for tutorial to 2024-10-17 00:00:00+00:00, run_after=2024-10-18 00:00:00+00:00
[2024-10-18T11:13:07.059+0000] {processor.py:208} INFO - Processing /home/airflow/.local/lib/python3.12/site-packages/airflow/example_dags/tutorial.py took 0.073 seconds
[2024-10-18T11:13:37.339+0000] {processor.py:186} INFO - Started process (PID=9952) to work on /home/airflow/.local/lib/python3.12/site-packages/airflow/example_dags/tutorial.py
[2024-10-18T11:13:37.340+0000] {processor.py:914} INFO - Processing file /home/airflow/.local/lib/python3.12/site-packages/airflow/example_dags/tutorial.py for tasks to queue
[2024-10-18T11:13:37.342+0000] {logging_mixin.py:190} INFO - [2024-10-18T11:13:37.341+0000] {dagbag.py:588} INFO - Filling up the DagBag from /home/airflow/.local/lib/python3.12/site-packages/airflow/example_dags/tutorial.py
[2024-10-18T11:13:37.348+0000] {processor.py:925} INFO - DAG(s) 'tutorial' retrieved from /home/airflow/.local/lib/python3.12/site-packages/airflow/example_dags/tutorial.py
[2024-10-18T11:13:37.366+0000] {logging_mixin.py:190} INFO - [2024-10-18T11:13:37.366+0000] {dag.py:3239} INFO - Sync 1 DAGs
[2024-10-18T11:13:37.394+0000] {logging_mixin.py:190} INFO - [2024-10-18T11:13:37.394+0000] {dag.py:4180} INFO - Setting next_dagrun for tutorial to 2024-10-17 00:00:00+00:00, run_after=2024-10-18 00:00:00+00:00
[2024-10-18T11:13:37.415+0000] {processor.py:208} INFO - Processing /home/airflow/.local/lib/python3.12/site-packages/airflow/example_dags/tutorial.py took 0.080 seconds
[2024-10-18T11:14:07.741+0000] {processor.py:186} INFO - Started process (PID=10243) to work on /home/airflow/.local/lib/python3.12/site-packages/airflow/example_dags/tutorial.py
[2024-10-18T11:14:07.742+0000] {processor.py:914} INFO - Processing file /home/airflow/.local/lib/python3.12/site-packages/airflow/example_dags/tutorial.py for tasks to queue
[2024-10-18T11:14:07.745+0000] {logging_mixin.py:190} INFO - [2024-10-18T11:14:07.744+0000] {dagbag.py:588} INFO - Filling up the DagBag from /home/airflow/.local/lib/python3.12/site-packages/airflow/example_dags/tutorial.py
[2024-10-18T11:14:07.754+0000] {processor.py:925} INFO - DAG(s) 'tutorial' retrieved from /home/airflow/.local/lib/python3.12/site-packages/airflow/example_dags/tutorial.py
[2024-10-18T11:14:07.776+0000] {logging_mixin.py:190} INFO - [2024-10-18T11:14:07.775+0000] {dag.py:3239} INFO - Sync 1 DAGs
[2024-10-18T11:14:07.802+0000] {logging_mixin.py:190} INFO - [2024-10-18T11:14:07.802+0000] {dag.py:4180} INFO - Setting next_dagrun for tutorial to 2024-10-17 00:00:00+00:00, run_after=2024-10-18 00:00:00+00:00
[2024-10-18T11:14:07.827+0000] {processor.py:208} INFO - Processing /home/airflow/.local/lib/python3.12/site-packages/airflow/example_dags/tutorial.py took 0.095 seconds
[2024-10-18T11:14:38.005+0000] {processor.py:186} INFO - Started process (PID=10548) to work on /home/airflow/.local/lib/python3.12/site-packages/airflow/example_dags/tutorial.py
[2024-10-18T11:14:38.007+0000] {processor.py:914} INFO - Processing file /home/airflow/.local/lib/python3.12/site-packages/airflow/example_dags/tutorial.py for tasks to queue
[2024-10-18T11:14:38.012+0000] {logging_mixin.py:190} INFO - [2024-10-18T11:14:38.011+0000] {dagbag.py:588} INFO - Filling up the DagBag from /home/airflow/.local/lib/python3.12/site-packages/airflow/example_dags/tutorial.py
[2024-10-18T11:14:38.024+0000] {processor.py:925} INFO - DAG(s) 'tutorial' retrieved from /home/airflow/.local/lib/python3.12/site-packages/airflow/example_dags/tutorial.py
[2024-10-18T11:14:38.052+0000] {logging_mixin.py:190} INFO - [2024-10-18T11:14:38.051+0000] {dag.py:3239} INFO - Sync 1 DAGs
[2024-10-18T11:14:38.088+0000] {logging_mixin.py:190} INFO - [2024-10-18T11:14:38.088+0000] {dag.py:4180} INFO - Setting next_dagrun for tutorial to 2024-10-17 00:00:00+00:00, run_after=2024-10-18 00:00:00+00:00
[2024-10-18T11:14:38.121+0000] {processor.py:208} INFO - Processing /home/airflow/.local/lib/python3.12/site-packages/airflow/example_dags/tutorial.py took 0.127 seconds
[2024-10-18T11:15:08.662+0000] {processor.py:186} INFO - Started process (PID=10834) to work on /home/airflow/.local/lib/python3.12/site-packages/airflow/example_dags/tutorial.py
[2024-10-18T11:15:08.664+0000] {processor.py:914} INFO - Processing file /home/airflow/.local/lib/python3.12/site-packages/airflow/example_dags/tutorial.py for tasks to queue
[2024-10-18T11:15:08.666+0000] {logging_mixin.py:190} INFO - [2024-10-18T11:15:08.666+0000] {dagbag.py:588} INFO - Filling up the DagBag from /home/airflow/.local/lib/python3.12/site-packages/airflow/example_dags/tutorial.py
[2024-10-18T11:15:08.676+0000] {processor.py:925} INFO - DAG(s) 'tutorial' retrieved from /home/airflow/.local/lib/python3.12/site-packages/airflow/example_dags/tutorial.py
[2024-10-18T11:15:08.698+0000] {logging_mixin.py:190} INFO - [2024-10-18T11:15:08.697+0000] {dag.py:3239} INFO - Sync 1 DAGs
[2024-10-18T11:15:08.737+0000] {logging_mixin.py:190} INFO - [2024-10-18T11:15:08.737+0000] {dag.py:4180} INFO - Setting next_dagrun for tutorial to 2024-10-17 00:00:00+00:00, run_after=2024-10-18 00:00:00+00:00
[2024-10-18T11:15:08.769+0000] {processor.py:208} INFO - Processing /home/airflow/.local/lib/python3.12/site-packages/airflow/example_dags/tutorial.py took 0.114 seconds
[2024-10-18T11:15:39.171+0000] {processor.py:186} INFO - Started process (PID=11120) to work on /home/airflow/.local/lib/python3.12/site-packages/airflow/example_dags/tutorial.py
[2024-10-18T11:15:39.173+0000] {processor.py:914} INFO - Processing file /home/airflow/.local/lib/python3.12/site-packages/airflow/example_dags/tutorial.py for tasks to queue
[2024-10-18T11:15:39.180+0000] {logging_mixin.py:190} INFO - [2024-10-18T11:15:39.179+0000] {dagbag.py:588} INFO - Filling up the DagBag from /home/airflow/.local/lib/python3.12/site-packages/airflow/example_dags/tutorial.py
[2024-10-18T11:15:39.210+0000] {processor.py:925} INFO - DAG(s) 'tutorial' retrieved from /home/airflow/.local/lib/python3.12/site-packages/airflow/example_dags/tutorial.py
[2024-10-18T11:15:39.293+0000] {logging_mixin.py:190} INFO - [2024-10-18T11:15:39.292+0000] {dag.py:3239} INFO - Sync 1 DAGs
[2024-10-18T11:15:39.381+0000] {logging_mixin.py:190} INFO - [2024-10-18T11:15:39.380+0000] {dag.py:4180} INFO - Setting next_dagrun for tutorial to 2024-10-17 00:00:00+00:00, run_after=2024-10-18 00:00:00+00:00
[2024-10-18T11:15:39.477+0000] {processor.py:208} INFO - Processing /home/airflow/.local/lib/python3.12/site-packages/airflow/example_dags/tutorial.py took 0.332 seconds
[2024-10-18T11:16:09.696+0000] {processor.py:186} INFO - Started process (PID=11405) to work on /home/airflow/.local/lib/python3.12/site-packages/airflow/example_dags/tutorial.py
[2024-10-18T11:16:09.697+0000] {processor.py:914} INFO - Processing file /home/airflow/.local/lib/python3.12/site-packages/airflow/example_dags/tutorial.py for tasks to queue
[2024-10-18T11:16:09.699+0000] {logging_mixin.py:190} INFO - [2024-10-18T11:16:09.699+0000] {dagbag.py:588} INFO - Filling up the DagBag from /home/airflow/.local/lib/python3.12/site-packages/airflow/example_dags/tutorial.py
[2024-10-18T11:16:09.707+0000] {processor.py:925} INFO - DAG(s) 'tutorial' retrieved from /home/airflow/.local/lib/python3.12/site-packages/airflow/example_dags/tutorial.py
[2024-10-18T11:16:09.725+0000] {logging_mixin.py:190} INFO - [2024-10-18T11:16:09.725+0000] {dag.py:3239} INFO - Sync 1 DAGs
[2024-10-18T11:16:09.750+0000] {logging_mixin.py:190} INFO - [2024-10-18T11:16:09.749+0000] {dag.py:4180} INFO - Setting next_dagrun for tutorial to 2024-10-17 00:00:00+00:00, run_after=2024-10-18 00:00:00+00:00
[2024-10-18T11:16:09.771+0000] {processor.py:208} INFO - Processing /home/airflow/.local/lib/python3.12/site-packages/airflow/example_dags/tutorial.py took 0.080 seconds
[2024-10-18T11:16:40.492+0000] {processor.py:186} INFO - Started process (PID=11715) to work on /home/airflow/.local/lib/python3.12/site-packages/airflow/example_dags/tutorial.py
[2024-10-18T11:16:40.498+0000] {processor.py:914} INFO - Processing file /home/airflow/.local/lib/python3.12/site-packages/airflow/example_dags/tutorial.py for tasks to queue
[2024-10-18T11:16:40.504+0000] {logging_mixin.py:190} INFO - [2024-10-18T11:16:40.503+0000] {dagbag.py:588} INFO - Filling up the DagBag from /home/airflow/.local/lib/python3.12/site-packages/airflow/example_dags/tutorial.py
[2024-10-18T11:16:40.524+0000] {processor.py:925} INFO - DAG(s) 'tutorial' retrieved from /home/airflow/.local/lib/python3.12/site-packages/airflow/example_dags/tutorial.py
[2024-10-18T11:16:40.572+0000] {logging_mixin.py:190} INFO - [2024-10-18T11:16:40.571+0000] {dag.py:3239} INFO - Sync 1 DAGs
[2024-10-18T11:16:40.623+0000] {logging_mixin.py:190} INFO - [2024-10-18T11:16:40.623+0000] {dag.py:4180} INFO - Setting next_dagrun for tutorial to 2024-10-17 00:00:00+00:00, run_after=2024-10-18 00:00:00+00:00
[2024-10-18T11:16:40.674+0000] {processor.py:208} INFO - Processing /home/airflow/.local/lib/python3.12/site-packages/airflow/example_dags/tutorial.py took 0.196 seconds
[2024-10-18T11:17:11.023+0000] {processor.py:186} INFO - Started process (PID=12016) to work on /home/airflow/.local/lib/python3.12/site-packages/airflow/example_dags/tutorial.py
[2024-10-18T11:17:11.025+0000] {processor.py:914} INFO - Processing file /home/airflow/.local/lib/python3.12/site-packages/airflow/example_dags/tutorial.py for tasks to queue
[2024-10-18T11:17:11.028+0000] {logging_mixin.py:190} INFO - [2024-10-18T11:17:11.028+0000] {dagbag.py:588} INFO - Filling up the DagBag from /home/airflow/.local/lib/python3.12/site-packages/airflow/example_dags/tutorial.py
[2024-10-18T11:17:11.047+0000] {processor.py:925} INFO - DAG(s) 'tutorial' retrieved from /home/airflow/.local/lib/python3.12/site-packages/airflow/example_dags/tutorial.py
[2024-10-18T11:17:11.098+0000] {logging_mixin.py:190} INFO - [2024-10-18T11:17:11.098+0000] {dag.py:3239} INFO - Sync 1 DAGs
[2024-10-18T11:17:11.164+0000] {logging_mixin.py:190} INFO - [2024-10-18T11:17:11.164+0000] {dag.py:4180} INFO - Setting next_dagrun for tutorial to 2024-10-17 00:00:00+00:00, run_after=2024-10-18 00:00:00+00:00
[2024-10-18T11:17:11.212+0000] {processor.py:208} INFO - Processing /home/airflow/.local/lib/python3.12/site-packages/airflow/example_dags/tutorial.py took 0.206 seconds
[2024-10-18T11:17:41.571+0000] {processor.py:186} INFO - Started process (PID=12302) to work on /home/airflow/.local/lib/python3.12/site-packages/airflow/example_dags/tutorial.py
[2024-10-18T11:17:41.578+0000] {processor.py:914} INFO - Processing file /home/airflow/.local/lib/python3.12/site-packages/airflow/example_dags/tutorial.py for tasks to queue
[2024-10-18T11:17:41.581+0000] {logging_mixin.py:190} INFO - [2024-10-18T11:17:41.581+0000] {dagbag.py:588} INFO - Filling up the DagBag from /home/airflow/.local/lib/python3.12/site-packages/airflow/example_dags/tutorial.py
[2024-10-18T11:17:41.592+0000] {processor.py:925} INFO - DAG(s) 'tutorial' retrieved from /home/airflow/.local/lib/python3.12/site-packages/airflow/example_dags/tutorial.py
[2024-10-18T11:17:41.631+0000] {logging_mixin.py:190} INFO - [2024-10-18T11:17:41.631+0000] {dag.py:3239} INFO - Sync 1 DAGs
[2024-10-18T11:17:41.690+0000] {logging_mixin.py:190} INFO - [2024-10-18T11:17:41.689+0000] {dag.py:4180} INFO - Setting next_dagrun for tutorial to 2024-10-17 00:00:00+00:00, run_after=2024-10-18 00:00:00+00:00
[2024-10-18T11:17:41.754+0000] {processor.py:208} INFO - Processing /home/airflow/.local/lib/python3.12/site-packages/airflow/example_dags/tutorial.py took 0.189 seconds
[2024-10-18T11:18:12.682+0000] {processor.py:186} INFO - Started process (PID=12588) to work on /home/airflow/.local/lib/python3.12/site-packages/airflow/example_dags/tutorial.py
[2024-10-18T11:18:12.692+0000] {processor.py:914} INFO - Processing file /home/airflow/.local/lib/python3.12/site-packages/airflow/example_dags/tutorial.py for tasks to queue
[2024-10-18T11:18:12.700+0000] {logging_mixin.py:190} INFO - [2024-10-18T11:18:12.699+0000] {dagbag.py:588} INFO - Filling up the DagBag from /home/airflow/.local/lib/python3.12/site-packages/airflow/example_dags/tutorial.py
[2024-10-18T11:18:12.740+0000] {processor.py:925} INFO - DAG(s) 'tutorial' retrieved from /home/airflow/.local/lib/python3.12/site-packages/airflow/example_dags/tutorial.py
[2024-10-18T11:18:12.815+0000] {logging_mixin.py:190} INFO - [2024-10-18T11:18:12.814+0000] {dag.py:3239} INFO - Sync 1 DAGs
[2024-10-18T11:18:12.941+0000] {logging_mixin.py:190} INFO - [2024-10-18T11:18:12.940+0000] {dag.py:4180} INFO - Setting next_dagrun for tutorial to 2024-10-17 00:00:00+00:00, run_after=2024-10-18 00:00:00+00:00
[2024-10-18T11:18:13.012+0000] {processor.py:208} INFO - Processing /home/airflow/.local/lib/python3.12/site-packages/airflow/example_dags/tutorial.py took 0.351 seconds
[2024-10-18T11:18:43.241+0000] {processor.py:186} INFO - Started process (PID=12874) to work on /home/airflow/.local/lib/python3.12/site-packages/airflow/example_dags/tutorial.py
[2024-10-18T11:18:43.244+0000] {processor.py:914} INFO - Processing file /home/airflow/.local/lib/python3.12/site-packages/airflow/example_dags/tutorial.py for tasks to queue
[2024-10-18T11:18:43.248+0000] {logging_mixin.py:190} INFO - [2024-10-18T11:18:43.248+0000] {dagbag.py:588} INFO - Filling up the DagBag from /home/airflow/.local/lib/python3.12/site-packages/airflow/example_dags/tutorial.py
[2024-10-18T11:18:43.255+0000] {processor.py:925} INFO - DAG(s) 'tutorial' retrieved from /home/airflow/.local/lib/python3.12/site-packages/airflow/example_dags/tutorial.py
[2024-10-18T11:18:43.290+0000] {logging_mixin.py:190} INFO - [2024-10-18T11:18:43.290+0000] {dag.py:3239} INFO - Sync 1 DAGs
[2024-10-18T11:18:43.351+0000] {logging_mixin.py:190} INFO - [2024-10-18T11:18:43.350+0000] {dag.py:4180} INFO - Setting next_dagrun for tutorial to 2024-10-17 00:00:00+00:00, run_after=2024-10-18 00:00:00+00:00
[2024-10-18T11:18:43.398+0000] {processor.py:208} INFO - Processing /home/airflow/.local/lib/python3.12/site-packages/airflow/example_dags/tutorial.py took 0.166 seconds
[2024-10-18T11:19:13.636+0000] {processor.py:186} INFO - Started process (PID=13161) to work on /home/airflow/.local/lib/python3.12/site-packages/airflow/example_dags/tutorial.py
[2024-10-18T11:19:13.638+0000] {processor.py:914} INFO - Processing file /home/airflow/.local/lib/python3.12/site-packages/airflow/example_dags/tutorial.py for tasks to queue
[2024-10-18T11:19:13.641+0000] {logging_mixin.py:190} INFO - [2024-10-18T11:19:13.641+0000] {dagbag.py:588} INFO - Filling up the DagBag from /home/airflow/.local/lib/python3.12/site-packages/airflow/example_dags/tutorial.py
[2024-10-18T11:19:13.652+0000] {processor.py:925} INFO - DAG(s) 'tutorial' retrieved from /home/airflow/.local/lib/python3.12/site-packages/airflow/example_dags/tutorial.py
[2024-10-18T11:19:13.677+0000] {logging_mixin.py:190} INFO - [2024-10-18T11:19:13.677+0000] {dag.py:3239} INFO - Sync 1 DAGs
[2024-10-18T11:19:13.705+0000] {logging_mixin.py:190} INFO - [2024-10-18T11:19:13.704+0000] {dag.py:4180} INFO - Setting next_dagrun for tutorial to 2024-10-17 00:00:00+00:00, run_after=2024-10-18 00:00:00+00:00
[2024-10-18T11:19:13.729+0000] {processor.py:208} INFO - Processing /home/airflow/.local/lib/python3.12/site-packages/airflow/example_dags/tutorial.py took 0.100 seconds
[2024-10-18T11:19:44.069+0000] {processor.py:186} INFO - Started process (PID=13447) to work on /home/airflow/.local/lib/python3.12/site-packages/airflow/example_dags/tutorial.py
[2024-10-18T11:19:44.071+0000] {processor.py:914} INFO - Processing file /home/airflow/.local/lib/python3.12/site-packages/airflow/example_dags/tutorial.py for tasks to queue
[2024-10-18T11:19:44.073+0000] {logging_mixin.py:190} INFO - [2024-10-18T11:19:44.073+0000] {dagbag.py:588} INFO - Filling up the DagBag from /home/airflow/.local/lib/python3.12/site-packages/airflow/example_dags/tutorial.py
[2024-10-18T11:19:44.081+0000] {processor.py:925} INFO - DAG(s) 'tutorial' retrieved from /home/airflow/.local/lib/python3.12/site-packages/airflow/example_dags/tutorial.py
[2024-10-18T11:19:44.097+0000] {logging_mixin.py:190} INFO - [2024-10-18T11:19:44.097+0000] {dag.py:3239} INFO - Sync 1 DAGs
[2024-10-18T11:19:44.120+0000] {logging_mixin.py:190} INFO - [2024-10-18T11:19:44.120+0000] {dag.py:4180} INFO - Setting next_dagrun for tutorial to 2024-10-17 00:00:00+00:00, run_after=2024-10-18 00:00:00+00:00
[2024-10-18T11:19:44.139+0000] {processor.py:208} INFO - Processing /home/airflow/.local/lib/python3.12/site-packages/airflow/example_dags/tutorial.py took 0.077 seconds
[2024-10-18T11:20:14.431+0000] {processor.py:186} INFO - Started process (PID=13733) to work on /home/airflow/.local/lib/python3.12/site-packages/airflow/example_dags/tutorial.py
[2024-10-18T11:20:14.432+0000] {processor.py:914} INFO - Processing file /home/airflow/.local/lib/python3.12/site-packages/airflow/example_dags/tutorial.py for tasks to queue
[2024-10-18T11:20:14.435+0000] {logging_mixin.py:190} INFO - [2024-10-18T11:20:14.434+0000] {dagbag.py:588} INFO - Filling up the DagBag from /home/airflow/.local/lib/python3.12/site-packages/airflow/example_dags/tutorial.py
[2024-10-18T11:20:14.442+0000] {processor.py:925} INFO - DAG(s) 'tutorial' retrieved from /home/airflow/.local/lib/python3.12/site-packages/airflow/example_dags/tutorial.py
[2024-10-18T11:20:14.462+0000] {logging_mixin.py:190} INFO - [2024-10-18T11:20:14.462+0000] {dag.py:3239} INFO - Sync 1 DAGs
[2024-10-18T11:20:14.490+0000] {logging_mixin.py:190} INFO - [2024-10-18T11:20:14.489+0000] {dag.py:4180} INFO - Setting next_dagrun for tutorial to 2024-10-17 00:00:00+00:00, run_after=2024-10-18 00:00:00+00:00
[2024-10-18T11:20:14.669+0000] {processor.py:208} INFO - Processing /home/airflow/.local/lib/python3.12/site-packages/airflow/example_dags/tutorial.py took 0.245 seconds
[2024-10-18T11:20:44.883+0000] {processor.py:186} INFO - Started process (PID=14020) to work on /home/airflow/.local/lib/python3.12/site-packages/airflow/example_dags/tutorial.py
[2024-10-18T11:20:44.884+0000] {processor.py:914} INFO - Processing file /home/airflow/.local/lib/python3.12/site-packages/airflow/example_dags/tutorial.py for tasks to queue
[2024-10-18T11:20:44.888+0000] {logging_mixin.py:190} INFO - [2024-10-18T11:20:44.887+0000] {dagbag.py:588} INFO - Filling up the DagBag from /home/airflow/.local/lib/python3.12/site-packages/airflow/example_dags/tutorial.py
[2024-10-18T11:20:44.895+0000] {processor.py:925} INFO - DAG(s) 'tutorial' retrieved from /home/airflow/.local/lib/python3.12/site-packages/airflow/example_dags/tutorial.py
[2024-10-18T11:20:44.914+0000] {logging_mixin.py:190} INFO - [2024-10-18T11:20:44.913+0000] {dag.py:3239} INFO - Sync 1 DAGs
[2024-10-18T11:20:44.941+0000] {logging_mixin.py:190} INFO - [2024-10-18T11:20:44.941+0000] {dag.py:4180} INFO - Setting next_dagrun for tutorial to 2024-10-17 00:00:00+00:00, run_after=2024-10-18 00:00:00+00:00
[2024-10-18T11:20:44.967+0000] {processor.py:208} INFO - Processing /home/airflow/.local/lib/python3.12/site-packages/airflow/example_dags/tutorial.py took 0.090 seconds
[2024-10-18T11:21:15.488+0000] {processor.py:186} INFO - Started process (PID=14306) to work on /home/airflow/.local/lib/python3.12/site-packages/airflow/example_dags/tutorial.py
[2024-10-18T11:21:15.489+0000] {processor.py:914} INFO - Processing file /home/airflow/.local/lib/python3.12/site-packages/airflow/example_dags/tutorial.py for tasks to queue
[2024-10-18T11:21:15.492+0000] {logging_mixin.py:190} INFO - [2024-10-18T11:21:15.492+0000] {dagbag.py:588} INFO - Filling up the DagBag from /home/airflow/.local/lib/python3.12/site-packages/airflow/example_dags/tutorial.py
[2024-10-18T11:21:15.500+0000] {processor.py:925} INFO - DAG(s) 'tutorial' retrieved from /home/airflow/.local/lib/python3.12/site-packages/airflow/example_dags/tutorial.py
[2024-10-18T11:21:15.521+0000] {logging_mixin.py:190} INFO - [2024-10-18T11:21:15.521+0000] {dag.py:3239} INFO - Sync 1 DAGs
[2024-10-18T11:21:15.547+0000] {logging_mixin.py:190} INFO - [2024-10-18T11:21:15.547+0000] {dag.py:4180} INFO - Setting next_dagrun for tutorial to 2024-10-17 00:00:00+00:00, run_after=2024-10-18 00:00:00+00:00
[2024-10-18T11:21:15.571+0000] {processor.py:208} INFO - Processing /home/airflow/.local/lib/python3.12/site-packages/airflow/example_dags/tutorial.py took 0.089 seconds
[2024-10-18T11:21:46.145+0000] {processor.py:186} INFO - Started process (PID=14592) to work on /home/airflow/.local/lib/python3.12/site-packages/airflow/example_dags/tutorial.py
[2024-10-18T11:21:46.148+0000] {processor.py:914} INFO - Processing file /home/airflow/.local/lib/python3.12/site-packages/airflow/example_dags/tutorial.py for tasks to queue
[2024-10-18T11:21:46.513+0000] {logging_mixin.py:190} INFO - [2024-10-18T11:21:46.512+0000] {dagbag.py:588} INFO - Filling up the DagBag from /home/airflow/.local/lib/python3.12/site-packages/airflow/example_dags/tutorial.py
[2024-10-18T11:21:46.529+0000] {processor.py:925} INFO - DAG(s) 'tutorial' retrieved from /home/airflow/.local/lib/python3.12/site-packages/airflow/example_dags/tutorial.py
[2024-10-18T11:21:46.577+0000] {logging_mixin.py:190} INFO - [2024-10-18T11:21:46.576+0000] {dag.py:3239} INFO - Sync 1 DAGs
[2024-10-18T11:21:46.630+0000] {logging_mixin.py:190} INFO - [2024-10-18T11:21:46.630+0000] {dag.py:4180} INFO - Setting next_dagrun for tutorial to 2024-10-17 00:00:00+00:00, run_after=2024-10-18 00:00:00+00:00
[2024-10-18T11:21:46.664+0000] {processor.py:208} INFO - Processing /home/airflow/.local/lib/python3.12/site-packages/airflow/example_dags/tutorial.py took 0.534 seconds
[2024-10-18T11:22:17.330+0000] {processor.py:186} INFO - Started process (PID=14878) to work on /home/airflow/.local/lib/python3.12/site-packages/airflow/example_dags/tutorial.py
[2024-10-18T11:22:17.332+0000] {processor.py:914} INFO - Processing file /home/airflow/.local/lib/python3.12/site-packages/airflow/example_dags/tutorial.py for tasks to queue
[2024-10-18T11:22:17.342+0000] {logging_mixin.py:190} INFO - [2024-10-18T11:22:17.339+0000] {dagbag.py:588} INFO - Filling up the DagBag from /home/airflow/.local/lib/python3.12/site-packages/airflow/example_dags/tutorial.py
[2024-10-18T11:22:17.365+0000] {processor.py:925} INFO - DAG(s) 'tutorial' retrieved from /home/airflow/.local/lib/python3.12/site-packages/airflow/example_dags/tutorial.py
[2024-10-18T11:22:17.411+0000] {logging_mixin.py:190} INFO - [2024-10-18T11:22:17.410+0000] {dag.py:3239} INFO - Sync 1 DAGs
[2024-10-18T11:22:17.490+0000] {logging_mixin.py:190} INFO - [2024-10-18T11:22:17.489+0000] {dag.py:4180} INFO - Setting next_dagrun for tutorial to 2024-10-17 00:00:00+00:00, run_after=2024-10-18 00:00:00+00:00
[2024-10-18T11:22:17.565+0000] {processor.py:208} INFO - Processing /home/airflow/.local/lib/python3.12/site-packages/airflow/example_dags/tutorial.py took 0.253 seconds
[2024-10-18T11:22:47.659+0000] {processor.py:186} INFO - Started process (PID=15164) to work on /home/airflow/.local/lib/python3.12/site-packages/airflow/example_dags/tutorial.py
[2024-10-18T11:22:47.660+0000] {processor.py:914} INFO - Processing file /home/airflow/.local/lib/python3.12/site-packages/airflow/example_dags/tutorial.py for tasks to queue
[2024-10-18T11:22:47.664+0000] {logging_mixin.py:190} INFO - [2024-10-18T11:22:47.664+0000] {dagbag.py:588} INFO - Filling up the DagBag from /home/airflow/.local/lib/python3.12/site-packages/airflow/example_dags/tutorial.py
[2024-10-18T11:22:47.673+0000] {processor.py:925} INFO - DAG(s) 'tutorial' retrieved from /home/airflow/.local/lib/python3.12/site-packages/airflow/example_dags/tutorial.py
[2024-10-18T11:22:47.696+0000] {logging_mixin.py:190} INFO - [2024-10-18T11:22:47.696+0000] {dag.py:3239} INFO - Sync 1 DAGs
[2024-10-18T11:22:47.729+0000] {logging_mixin.py:190} INFO - [2024-10-18T11:22:47.729+0000] {dag.py:4180} INFO - Setting next_dagrun for tutorial to 2024-10-17 00:00:00+00:00, run_after=2024-10-18 00:00:00+00:00
[2024-10-18T11:22:47.754+0000] {processor.py:208} INFO - Processing /home/airflow/.local/lib/python3.12/site-packages/airflow/example_dags/tutorial.py took 0.102 seconds
[2024-10-18T11:23:18.313+0000] {processor.py:186} INFO - Started process (PID=15450) to work on /home/airflow/.local/lib/python3.12/site-packages/airflow/example_dags/tutorial.py
[2024-10-18T11:23:18.315+0000] {processor.py:914} INFO - Processing file /home/airflow/.local/lib/python3.12/site-packages/airflow/example_dags/tutorial.py for tasks to queue
[2024-10-18T11:23:18.319+0000] {logging_mixin.py:190} INFO - [2024-10-18T11:23:18.318+0000] {dagbag.py:588} INFO - Filling up the DagBag from /home/airflow/.local/lib/python3.12/site-packages/airflow/example_dags/tutorial.py
[2024-10-18T11:23:18.328+0000] {processor.py:925} INFO - DAG(s) 'tutorial' retrieved from /home/airflow/.local/lib/python3.12/site-packages/airflow/example_dags/tutorial.py
[2024-10-18T11:23:18.352+0000] {logging_mixin.py:190} INFO - [2024-10-18T11:23:18.352+0000] {dag.py:3239} INFO - Sync 1 DAGs
[2024-10-18T11:23:18.388+0000] {logging_mixin.py:190} INFO - [2024-10-18T11:23:18.387+0000] {dag.py:4180} INFO - Setting next_dagrun for tutorial to 2024-10-17 00:00:00+00:00, run_after=2024-10-18 00:00:00+00:00
[2024-10-18T11:23:18.414+0000] {processor.py:208} INFO - Processing /home/airflow/.local/lib/python3.12/site-packages/airflow/example_dags/tutorial.py took 0.107 seconds
[2024-10-18T11:23:48.597+0000] {processor.py:186} INFO - Started process (PID=15736) to work on /home/airflow/.local/lib/python3.12/site-packages/airflow/example_dags/tutorial.py
[2024-10-18T11:23:48.598+0000] {processor.py:914} INFO - Processing file /home/airflow/.local/lib/python3.12/site-packages/airflow/example_dags/tutorial.py for tasks to queue
[2024-10-18T11:23:48.601+0000] {logging_mixin.py:190} INFO - [2024-10-18T11:23:48.601+0000] {dagbag.py:588} INFO - Filling up the DagBag from /home/airflow/.local/lib/python3.12/site-packages/airflow/example_dags/tutorial.py
[2024-10-18T11:23:48.608+0000] {processor.py:925} INFO - DAG(s) 'tutorial' retrieved from /home/airflow/.local/lib/python3.12/site-packages/airflow/example_dags/tutorial.py
[2024-10-18T11:23:48.629+0000] {logging_mixin.py:190} INFO - [2024-10-18T11:23:48.628+0000] {dag.py:3239} INFO - Sync 1 DAGs
[2024-10-18T11:23:48.652+0000] {logging_mixin.py:190} INFO - [2024-10-18T11:23:48.652+0000] {dag.py:4180} INFO - Setting next_dagrun for tutorial to 2024-10-17 00:00:00+00:00, run_after=2024-10-18 00:00:00+00:00
[2024-10-18T11:23:48.676+0000] {processor.py:208} INFO - Processing /home/airflow/.local/lib/python3.12/site-packages/airflow/example_dags/tutorial.py took 0.086 seconds
[2024-10-18T11:24:19.018+0000] {processor.py:186} INFO - Started process (PID=16022) to work on /home/airflow/.local/lib/python3.12/site-packages/airflow/example_dags/tutorial.py
[2024-10-18T11:24:19.020+0000] {processor.py:914} INFO - Processing file /home/airflow/.local/lib/python3.12/site-packages/airflow/example_dags/tutorial.py for tasks to queue
[2024-10-18T11:24:19.024+0000] {logging_mixin.py:190} INFO - [2024-10-18T11:24:19.024+0000] {dagbag.py:588} INFO - Filling up the DagBag from /home/airflow/.local/lib/python3.12/site-packages/airflow/example_dags/tutorial.py
[2024-10-18T11:24:19.035+0000] {processor.py:925} INFO - DAG(s) 'tutorial' retrieved from /home/airflow/.local/lib/python3.12/site-packages/airflow/example_dags/tutorial.py
[2024-10-18T11:24:19.065+0000] {logging_mixin.py:190} INFO - [2024-10-18T11:24:19.065+0000] {dag.py:3239} INFO - Sync 1 DAGs
[2024-10-18T11:24:19.102+0000] {logging_mixin.py:190} INFO - [2024-10-18T11:24:19.102+0000] {dag.py:4180} INFO - Setting next_dagrun for tutorial to 2024-10-17 00:00:00+00:00, run_after=2024-10-18 00:00:00+00:00
[2024-10-18T11:24:19.130+0000] {processor.py:208} INFO - Processing /home/airflow/.local/lib/python3.12/site-packages/airflow/example_dags/tutorial.py took 0.121 seconds
