[2024-10-18T10:56:33.488+0000] {processor.py:186} INFO - Started process (PID=369) to work on /home/airflow/.local/lib/python3.12/site-packages/airflow/example_dags/tutorial_dag.py
[2024-10-18T10:56:33.490+0000] {processor.py:914} INFO - Processing file /home/airflow/.local/lib/python3.12/site-packages/airflow/example_dags/tutorial_dag.py for tasks to queue
[2024-10-18T10:56:33.493+0000] {logging_mixin.py:190} INFO - [2024-10-18T10:56:33.493+0000] {dagbag.py:588} INFO - Filling up the DagBag from /home/airflow/.local/lib/python3.12/site-packages/airflow/example_dags/tutorial_dag.py
[2024-10-18T10:56:33.506+0000] {processor.py:925} INFO - DAG(s) 'tutorial_dag' retrieved from /home/airflow/.local/lib/python3.12/site-packages/airflow/example_dags/tutorial_dag.py
[2024-10-18T10:56:33.682+0000] {logging_mixin.py:190} INFO - [2024-10-18T10:56:33.681+0000] {override.py:1900} INFO - Created Permission View: can delete on DAG:tutorial_dag
[2024-10-18T10:56:33.698+0000] {logging_mixin.py:190} INFO - [2024-10-18T10:56:33.698+0000] {override.py:1900} INFO - Created Permission View: can edit on DAG:tutorial_dag
[2024-10-18T10:56:33.710+0000] {logging_mixin.py:190} INFO - [2024-10-18T10:56:33.709+0000] {override.py:1900} INFO - Created Permission View: can read on DAG:tutorial_dag
[2024-10-18T10:56:33.723+0000] {logging_mixin.py:190} INFO - [2024-10-18T10:56:33.722+0000] {override.py:1900} INFO - Created Permission View: can delete on DAG Run:tutorial_dag
[2024-10-18T10:56:33.733+0000] {logging_mixin.py:190} INFO - [2024-10-18T10:56:33.733+0000] {override.py:1900} INFO - Created Permission View: menu access on DAG Run:tutorial_dag
[2024-10-18T10:56:33.744+0000] {logging_mixin.py:190} INFO - [2024-10-18T10:56:33.743+0000] {override.py:1900} INFO - Created Permission View: can read on DAG Run:tutorial_dag
[2024-10-18T10:56:33.755+0000] {logging_mixin.py:190} INFO - [2024-10-18T10:56:33.755+0000] {override.py:1900} INFO - Created Permission View: can create on DAG Run:tutorial_dag
[2024-10-18T10:56:33.756+0000] {logging_mixin.py:190} INFO - [2024-10-18T10:56:33.756+0000] {dag.py:3239} INFO - Sync 1 DAGs
[2024-10-18T10:56:33.781+0000] {logging_mixin.py:190} INFO - [2024-10-18T10:56:33.780+0000] {dag.py:3262} INFO - Creating ORM DAG for tutorial_dag
[2024-10-18T10:56:33.782+0000] {logging_mixin.py:190} INFO - [2024-10-18T10:56:33.782+0000] {dag.py:4180} INFO - Setting next_dagrun for tutorial_dag to None, run_after=None
[2024-10-18T10:56:33.809+0000] {processor.py:208} INFO - Processing /home/airflow/.local/lib/python3.12/site-packages/airflow/example_dags/tutorial_dag.py took 0.331 seconds
[2024-10-18T10:57:04.029+0000] {processor.py:186} INFO - Started process (PID=652) to work on /home/airflow/.local/lib/python3.12/site-packages/airflow/example_dags/tutorial_dag.py
[2024-10-18T10:57:04.032+0000] {processor.py:914} INFO - Processing file /home/airflow/.local/lib/python3.12/site-packages/airflow/example_dags/tutorial_dag.py for tasks to queue
[2024-10-18T10:57:04.040+0000] {logging_mixin.py:190} INFO - [2024-10-18T10:57:04.040+0000] {dagbag.py:588} INFO - Filling up the DagBag from /home/airflow/.local/lib/python3.12/site-packages/airflow/example_dags/tutorial_dag.py
[2024-10-18T10:57:04.055+0000] {processor.py:925} INFO - DAG(s) 'tutorial_dag' retrieved from /home/airflow/.local/lib/python3.12/site-packages/airflow/example_dags/tutorial_dag.py
[2024-10-18T10:57:04.090+0000] {logging_mixin.py:190} INFO - [2024-10-18T10:57:04.090+0000] {dag.py:3239} INFO - Sync 1 DAGs
[2024-10-18T10:57:04.110+0000] {logging_mixin.py:190} INFO - [2024-10-18T10:57:04.110+0000] {dag.py:4180} INFO - Setting next_dagrun for tutorial_dag to None, run_after=None
[2024-10-18T10:57:04.146+0000] {processor.py:208} INFO - Processing /home/airflow/.local/lib/python3.12/site-packages/airflow/example_dags/tutorial_dag.py took 0.124 seconds
[2024-10-18T10:57:34.997+0000] {processor.py:186} INFO - Started process (PID=938) to work on /home/airflow/.local/lib/python3.12/site-packages/airflow/example_dags/tutorial_dag.py
[2024-10-18T10:57:35.000+0000] {processor.py:914} INFO - Processing file /home/airflow/.local/lib/python3.12/site-packages/airflow/example_dags/tutorial_dag.py for tasks to queue
[2024-10-18T10:57:35.014+0000] {logging_mixin.py:190} INFO - [2024-10-18T10:57:35.013+0000] {dagbag.py:588} INFO - Filling up the DagBag from /home/airflow/.local/lib/python3.12/site-packages/airflow/example_dags/tutorial_dag.py
[2024-10-18T10:57:35.031+0000] {processor.py:925} INFO - DAG(s) 'tutorial_dag' retrieved from /home/airflow/.local/lib/python3.12/site-packages/airflow/example_dags/tutorial_dag.py
[2024-10-18T10:57:35.080+0000] {logging_mixin.py:190} INFO - [2024-10-18T10:57:35.079+0000] {dag.py:3239} INFO - Sync 1 DAGs
[2024-10-18T10:57:35.117+0000] {logging_mixin.py:190} INFO - [2024-10-18T10:57:35.116+0000] {dag.py:4180} INFO - Setting next_dagrun for tutorial_dag to None, run_after=None
[2024-10-18T10:57:35.167+0000] {processor.py:208} INFO - Processing /home/airflow/.local/lib/python3.12/site-packages/airflow/example_dags/tutorial_dag.py took 0.182 seconds
[2024-10-18T10:58:05.881+0000] {processor.py:186} INFO - Started process (PID=1228) to work on /home/airflow/.local/lib/python3.12/site-packages/airflow/example_dags/tutorial_dag.py
[2024-10-18T10:58:05.883+0000] {processor.py:914} INFO - Processing file /home/airflow/.local/lib/python3.12/site-packages/airflow/example_dags/tutorial_dag.py for tasks to queue
[2024-10-18T10:58:05.887+0000] {logging_mixin.py:190} INFO - [2024-10-18T10:58:05.886+0000] {dagbag.py:588} INFO - Filling up the DagBag from /home/airflow/.local/lib/python3.12/site-packages/airflow/example_dags/tutorial_dag.py
[2024-10-18T10:58:05.898+0000] {processor.py:925} INFO - DAG(s) 'tutorial_dag' retrieved from /home/airflow/.local/lib/python3.12/site-packages/airflow/example_dags/tutorial_dag.py
[2024-10-18T10:58:05.923+0000] {logging_mixin.py:190} INFO - [2024-10-18T10:58:05.923+0000] {dag.py:3239} INFO - Sync 1 DAGs
[2024-10-18T10:58:05.942+0000] {logging_mixin.py:190} INFO - [2024-10-18T10:58:05.942+0000] {dag.py:4180} INFO - Setting next_dagrun for tutorial_dag to None, run_after=None
[2024-10-18T10:58:05.970+0000] {processor.py:208} INFO - Processing /home/airflow/.local/lib/python3.12/site-packages/airflow/example_dags/tutorial_dag.py took 0.098 seconds
[2024-10-18T10:58:36.397+0000] {processor.py:186} INFO - Started process (PID=1514) to work on /home/airflow/.local/lib/python3.12/site-packages/airflow/example_dags/tutorial_dag.py
[2024-10-18T10:58:36.399+0000] {processor.py:914} INFO - Processing file /home/airflow/.local/lib/python3.12/site-packages/airflow/example_dags/tutorial_dag.py for tasks to queue
[2024-10-18T10:58:36.401+0000] {logging_mixin.py:190} INFO - [2024-10-18T10:58:36.401+0000] {dagbag.py:588} INFO - Filling up the DagBag from /home/airflow/.local/lib/python3.12/site-packages/airflow/example_dags/tutorial_dag.py
[2024-10-18T10:58:36.408+0000] {processor.py:925} INFO - DAG(s) 'tutorial_dag' retrieved from /home/airflow/.local/lib/python3.12/site-packages/airflow/example_dags/tutorial_dag.py
[2024-10-18T10:58:36.427+0000] {logging_mixin.py:190} INFO - [2024-10-18T10:58:36.427+0000] {dag.py:3239} INFO - Sync 1 DAGs
[2024-10-18T10:58:36.442+0000] {logging_mixin.py:190} INFO - [2024-10-18T10:58:36.442+0000] {dag.py:4180} INFO - Setting next_dagrun for tutorial_dag to None, run_after=None
[2024-10-18T10:58:36.465+0000] {processor.py:208} INFO - Processing /home/airflow/.local/lib/python3.12/site-packages/airflow/example_dags/tutorial_dag.py took 0.072 seconds
[2024-10-18T10:59:06.700+0000] {processor.py:186} INFO - Started process (PID=1799) to work on /home/airflow/.local/lib/python3.12/site-packages/airflow/example_dags/tutorial_dag.py
[2024-10-18T10:59:06.701+0000] {processor.py:914} INFO - Processing file /home/airflow/.local/lib/python3.12/site-packages/airflow/example_dags/tutorial_dag.py for tasks to queue
[2024-10-18T10:59:06.703+0000] {logging_mixin.py:190} INFO - [2024-10-18T10:59:06.703+0000] {dagbag.py:588} INFO - Filling up the DagBag from /home/airflow/.local/lib/python3.12/site-packages/airflow/example_dags/tutorial_dag.py
[2024-10-18T10:59:06.710+0000] {processor.py:925} INFO - DAG(s) 'tutorial_dag' retrieved from /home/airflow/.local/lib/python3.12/site-packages/airflow/example_dags/tutorial_dag.py
[2024-10-18T10:59:06.728+0000] {logging_mixin.py:190} INFO - [2024-10-18T10:59:06.728+0000] {dag.py:3239} INFO - Sync 1 DAGs
[2024-10-18T10:59:06.743+0000] {logging_mixin.py:190} INFO - [2024-10-18T10:59:06.743+0000] {dag.py:4180} INFO - Setting next_dagrun for tutorial_dag to None, run_after=None
[2024-10-18T10:59:06.761+0000] {processor.py:208} INFO - Processing /home/airflow/.local/lib/python3.12/site-packages/airflow/example_dags/tutorial_dag.py took 0.065 seconds
[2024-10-18T10:59:37.305+0000] {processor.py:186} INFO - Started process (PID=2085) to work on /home/airflow/.local/lib/python3.12/site-packages/airflow/example_dags/tutorial_dag.py
[2024-10-18T10:59:37.306+0000] {processor.py:914} INFO - Processing file /home/airflow/.local/lib/python3.12/site-packages/airflow/example_dags/tutorial_dag.py for tasks to queue
[2024-10-18T10:59:37.308+0000] {logging_mixin.py:190} INFO - [2024-10-18T10:59:37.308+0000] {dagbag.py:588} INFO - Filling up the DagBag from /home/airflow/.local/lib/python3.12/site-packages/airflow/example_dags/tutorial_dag.py
[2024-10-18T10:59:37.318+0000] {processor.py:925} INFO - DAG(s) 'tutorial_dag' retrieved from /home/airflow/.local/lib/python3.12/site-packages/airflow/example_dags/tutorial_dag.py
[2024-10-18T10:59:37.338+0000] {logging_mixin.py:190} INFO - [2024-10-18T10:59:37.337+0000] {dag.py:3239} INFO - Sync 1 DAGs
[2024-10-18T10:59:37.354+0000] {logging_mixin.py:190} INFO - [2024-10-18T10:59:37.353+0000] {dag.py:4180} INFO - Setting next_dagrun for tutorial_dag to None, run_after=None
[2024-10-18T10:59:37.376+0000] {processor.py:208} INFO - Processing /home/airflow/.local/lib/python3.12/site-packages/airflow/example_dags/tutorial_dag.py took 0.078 seconds
[2024-10-18T11:00:07.628+0000] {processor.py:186} INFO - Started process (PID=2371) to work on /home/airflow/.local/lib/python3.12/site-packages/airflow/example_dags/tutorial_dag.py
[2024-10-18T11:00:07.629+0000] {processor.py:914} INFO - Processing file /home/airflow/.local/lib/python3.12/site-packages/airflow/example_dags/tutorial_dag.py for tasks to queue
[2024-10-18T11:00:07.631+0000] {logging_mixin.py:190} INFO - [2024-10-18T11:00:07.631+0000] {dagbag.py:588} INFO - Filling up the DagBag from /home/airflow/.local/lib/python3.12/site-packages/airflow/example_dags/tutorial_dag.py
[2024-10-18T11:00:07.638+0000] {processor.py:925} INFO - DAG(s) 'tutorial_dag' retrieved from /home/airflow/.local/lib/python3.12/site-packages/airflow/example_dags/tutorial_dag.py
[2024-10-18T11:00:07.657+0000] {logging_mixin.py:190} INFO - [2024-10-18T11:00:07.657+0000] {dag.py:3239} INFO - Sync 1 DAGs
[2024-10-18T11:00:07.673+0000] {logging_mixin.py:190} INFO - [2024-10-18T11:00:07.672+0000] {dag.py:4180} INFO - Setting next_dagrun for tutorial_dag to None, run_after=None
[2024-10-18T11:00:07.694+0000] {processor.py:208} INFO - Processing /home/airflow/.local/lib/python3.12/site-packages/airflow/example_dags/tutorial_dag.py took 0.071 seconds
[2024-10-18T11:00:38.145+0000] {processor.py:186} INFO - Started process (PID=2657) to work on /home/airflow/.local/lib/python3.12/site-packages/airflow/example_dags/tutorial_dag.py
[2024-10-18T11:00:38.147+0000] {processor.py:914} INFO - Processing file /home/airflow/.local/lib/python3.12/site-packages/airflow/example_dags/tutorial_dag.py for tasks to queue
[2024-10-18T11:00:38.149+0000] {logging_mixin.py:190} INFO - [2024-10-18T11:00:38.148+0000] {dagbag.py:588} INFO - Filling up the DagBag from /home/airflow/.local/lib/python3.12/site-packages/airflow/example_dags/tutorial_dag.py
[2024-10-18T11:00:38.155+0000] {processor.py:925} INFO - DAG(s) 'tutorial_dag' retrieved from /home/airflow/.local/lib/python3.12/site-packages/airflow/example_dags/tutorial_dag.py
[2024-10-18T11:00:38.174+0000] {logging_mixin.py:190} INFO - [2024-10-18T11:00:38.173+0000] {dag.py:3239} INFO - Sync 1 DAGs
[2024-10-18T11:00:38.188+0000] {logging_mixin.py:190} INFO - [2024-10-18T11:00:38.188+0000] {dag.py:4180} INFO - Setting next_dagrun for tutorial_dag to None, run_after=None
[2024-10-18T11:00:38.210+0000] {processor.py:208} INFO - Processing /home/airflow/.local/lib/python3.12/site-packages/airflow/example_dags/tutorial_dag.py took 0.070 seconds
[2024-10-18T11:01:08.795+0000] {processor.py:186} INFO - Started process (PID=2948) to work on /home/airflow/.local/lib/python3.12/site-packages/airflow/example_dags/tutorial_dag.py
[2024-10-18T11:01:08.796+0000] {processor.py:914} INFO - Processing file /home/airflow/.local/lib/python3.12/site-packages/airflow/example_dags/tutorial_dag.py for tasks to queue
[2024-10-18T11:01:08.798+0000] {logging_mixin.py:190} INFO - [2024-10-18T11:01:08.798+0000] {dagbag.py:588} INFO - Filling up the DagBag from /home/airflow/.local/lib/python3.12/site-packages/airflow/example_dags/tutorial_dag.py
[2024-10-18T11:01:08.804+0000] {processor.py:925} INFO - DAG(s) 'tutorial_dag' retrieved from /home/airflow/.local/lib/python3.12/site-packages/airflow/example_dags/tutorial_dag.py
[2024-10-18T11:01:08.822+0000] {logging_mixin.py:190} INFO - [2024-10-18T11:01:08.822+0000] {dag.py:3239} INFO - Sync 1 DAGs
[2024-10-18T11:01:08.835+0000] {logging_mixin.py:190} INFO - [2024-10-18T11:01:08.835+0000] {dag.py:4180} INFO - Setting next_dagrun for tutorial_dag to None, run_after=None
[2024-10-18T11:01:08.855+0000] {processor.py:208} INFO - Processing /home/airflow/.local/lib/python3.12/site-packages/airflow/example_dags/tutorial_dag.py took 0.064 seconds
[2024-10-18T11:01:39.051+0000] {processor.py:186} INFO - Started process (PID=3232) to work on /home/airflow/.local/lib/python3.12/site-packages/airflow/example_dags/tutorial_dag.py
[2024-10-18T11:01:39.053+0000] {processor.py:914} INFO - Processing file /home/airflow/.local/lib/python3.12/site-packages/airflow/example_dags/tutorial_dag.py for tasks to queue
[2024-10-18T11:01:39.055+0000] {logging_mixin.py:190} INFO - [2024-10-18T11:01:39.055+0000] {dagbag.py:588} INFO - Filling up the DagBag from /home/airflow/.local/lib/python3.12/site-packages/airflow/example_dags/tutorial_dag.py
[2024-10-18T11:01:39.063+0000] {processor.py:925} INFO - DAG(s) 'tutorial_dag' retrieved from /home/airflow/.local/lib/python3.12/site-packages/airflow/example_dags/tutorial_dag.py
[2024-10-18T11:01:39.082+0000] {logging_mixin.py:190} INFO - [2024-10-18T11:01:39.082+0000] {dag.py:3239} INFO - Sync 1 DAGs
[2024-10-18T11:01:39.097+0000] {logging_mixin.py:190} INFO - [2024-10-18T11:01:39.097+0000] {dag.py:4180} INFO - Setting next_dagrun for tutorial_dag to None, run_after=None
[2024-10-18T11:01:39.119+0000] {processor.py:208} INFO - Processing /home/airflow/.local/lib/python3.12/site-packages/airflow/example_dags/tutorial_dag.py took 0.076 seconds
[2024-10-18T11:02:09.653+0000] {processor.py:186} INFO - Started process (PID=3515) to work on /home/airflow/.local/lib/python3.12/site-packages/airflow/example_dags/tutorial_dag.py
[2024-10-18T11:02:09.654+0000] {processor.py:914} INFO - Processing file /home/airflow/.local/lib/python3.12/site-packages/airflow/example_dags/tutorial_dag.py for tasks to queue
[2024-10-18T11:02:09.656+0000] {logging_mixin.py:190} INFO - [2024-10-18T11:02:09.656+0000] {dagbag.py:588} INFO - Filling up the DagBag from /home/airflow/.local/lib/python3.12/site-packages/airflow/example_dags/tutorial_dag.py
[2024-10-18T11:02:09.662+0000] {processor.py:925} INFO - DAG(s) 'tutorial_dag' retrieved from /home/airflow/.local/lib/python3.12/site-packages/airflow/example_dags/tutorial_dag.py
[2024-10-18T11:02:09.680+0000] {logging_mixin.py:190} INFO - [2024-10-18T11:02:09.680+0000] {dag.py:3239} INFO - Sync 1 DAGs
[2024-10-18T11:02:09.694+0000] {logging_mixin.py:190} INFO - [2024-10-18T11:02:09.694+0000] {dag.py:4180} INFO - Setting next_dagrun for tutorial_dag to None, run_after=None
[2024-10-18T11:02:09.712+0000] {processor.py:208} INFO - Processing /home/airflow/.local/lib/python3.12/site-packages/airflow/example_dags/tutorial_dag.py took 0.064 seconds
[2024-10-18T11:02:39.910+0000] {processor.py:186} INFO - Started process (PID=3801) to work on /home/airflow/.local/lib/python3.12/site-packages/airflow/example_dags/tutorial_dag.py
[2024-10-18T11:02:39.911+0000] {processor.py:914} INFO - Processing file /home/airflow/.local/lib/python3.12/site-packages/airflow/example_dags/tutorial_dag.py for tasks to queue
[2024-10-18T11:02:39.914+0000] {logging_mixin.py:190} INFO - [2024-10-18T11:02:39.913+0000] {dagbag.py:588} INFO - Filling up the DagBag from /home/airflow/.local/lib/python3.12/site-packages/airflow/example_dags/tutorial_dag.py
[2024-10-18T11:02:39.920+0000] {processor.py:925} INFO - DAG(s) 'tutorial_dag' retrieved from /home/airflow/.local/lib/python3.12/site-packages/airflow/example_dags/tutorial_dag.py
[2024-10-18T11:02:39.939+0000] {logging_mixin.py:190} INFO - [2024-10-18T11:02:39.939+0000] {dag.py:3239} INFO - Sync 1 DAGs
[2024-10-18T11:02:39.953+0000] {logging_mixin.py:190} INFO - [2024-10-18T11:02:39.953+0000] {dag.py:4180} INFO - Setting next_dagrun for tutorial_dag to None, run_after=None
[2024-10-18T11:02:39.975+0000] {processor.py:208} INFO - Processing /home/airflow/.local/lib/python3.12/site-packages/airflow/example_dags/tutorial_dag.py took 0.073 seconds
[2024-10-18T11:03:10.479+0000] {processor.py:186} INFO - Started process (PID=4087) to work on /home/airflow/.local/lib/python3.12/site-packages/airflow/example_dags/tutorial_dag.py
[2024-10-18T11:03:10.480+0000] {processor.py:914} INFO - Processing file /home/airflow/.local/lib/python3.12/site-packages/airflow/example_dags/tutorial_dag.py for tasks to queue
[2024-10-18T11:03:10.482+0000] {logging_mixin.py:190} INFO - [2024-10-18T11:03:10.482+0000] {dagbag.py:588} INFO - Filling up the DagBag from /home/airflow/.local/lib/python3.12/site-packages/airflow/example_dags/tutorial_dag.py
[2024-10-18T11:03:10.489+0000] {processor.py:925} INFO - DAG(s) 'tutorial_dag' retrieved from /home/airflow/.local/lib/python3.12/site-packages/airflow/example_dags/tutorial_dag.py
[2024-10-18T11:03:10.508+0000] {logging_mixin.py:190} INFO - [2024-10-18T11:03:10.507+0000] {dag.py:3239} INFO - Sync 1 DAGs
[2024-10-18T11:03:10.522+0000] {logging_mixin.py:190} INFO - [2024-10-18T11:03:10.522+0000] {dag.py:4180} INFO - Setting next_dagrun for tutorial_dag to None, run_after=None
[2024-10-18T11:03:10.541+0000] {processor.py:208} INFO - Processing /home/airflow/.local/lib/python3.12/site-packages/airflow/example_dags/tutorial_dag.py took 0.068 seconds
[2024-10-18T11:03:40.800+0000] {processor.py:186} INFO - Started process (PID=4373) to work on /home/airflow/.local/lib/python3.12/site-packages/airflow/example_dags/tutorial_dag.py
[2024-10-18T11:03:40.801+0000] {processor.py:914} INFO - Processing file /home/airflow/.local/lib/python3.12/site-packages/airflow/example_dags/tutorial_dag.py for tasks to queue
[2024-10-18T11:03:40.804+0000] {logging_mixin.py:190} INFO - [2024-10-18T11:03:40.803+0000] {dagbag.py:588} INFO - Filling up the DagBag from /home/airflow/.local/lib/python3.12/site-packages/airflow/example_dags/tutorial_dag.py
[2024-10-18T11:03:40.810+0000] {processor.py:925} INFO - DAG(s) 'tutorial_dag' retrieved from /home/airflow/.local/lib/python3.12/site-packages/airflow/example_dags/tutorial_dag.py
[2024-10-18T11:03:40.829+0000] {logging_mixin.py:190} INFO - [2024-10-18T11:03:40.828+0000] {dag.py:3239} INFO - Sync 1 DAGs
[2024-10-18T11:03:40.843+0000] {logging_mixin.py:190} INFO - [2024-10-18T11:03:40.843+0000] {dag.py:4180} INFO - Setting next_dagrun for tutorial_dag to None, run_after=None
[2024-10-18T11:03:40.862+0000] {processor.py:208} INFO - Processing /home/airflow/.local/lib/python3.12/site-packages/airflow/example_dags/tutorial_dag.py took 0.066 seconds
[2024-10-18T11:04:11.100+0000] {processor.py:186} INFO - Started process (PID=4659) to work on /home/airflow/.local/lib/python3.12/site-packages/airflow/example_dags/tutorial_dag.py
[2024-10-18T11:04:11.101+0000] {processor.py:914} INFO - Processing file /home/airflow/.local/lib/python3.12/site-packages/airflow/example_dags/tutorial_dag.py for tasks to queue
[2024-10-18T11:04:11.103+0000] {logging_mixin.py:190} INFO - [2024-10-18T11:04:11.102+0000] {dagbag.py:588} INFO - Filling up the DagBag from /home/airflow/.local/lib/python3.12/site-packages/airflow/example_dags/tutorial_dag.py
[2024-10-18T11:04:11.109+0000] {processor.py:925} INFO - DAG(s) 'tutorial_dag' retrieved from /home/airflow/.local/lib/python3.12/site-packages/airflow/example_dags/tutorial_dag.py
[2024-10-18T11:04:11.127+0000] {logging_mixin.py:190} INFO - [2024-10-18T11:04:11.127+0000] {dag.py:3239} INFO - Sync 1 DAGs
[2024-10-18T11:04:11.141+0000] {logging_mixin.py:190} INFO - [2024-10-18T11:04:11.141+0000] {dag.py:4180} INFO - Setting next_dagrun for tutorial_dag to None, run_after=None
[2024-10-18T11:04:11.160+0000] {processor.py:208} INFO - Processing /home/airflow/.local/lib/python3.12/site-packages/airflow/example_dags/tutorial_dag.py took 0.065 seconds
[2024-10-18T11:04:41.366+0000] {processor.py:186} INFO - Started process (PID=4945) to work on /home/airflow/.local/lib/python3.12/site-packages/airflow/example_dags/tutorial_dag.py
[2024-10-18T11:04:41.367+0000] {processor.py:914} INFO - Processing file /home/airflow/.local/lib/python3.12/site-packages/airflow/example_dags/tutorial_dag.py for tasks to queue
[2024-10-18T11:04:41.369+0000] {logging_mixin.py:190} INFO - [2024-10-18T11:04:41.369+0000] {dagbag.py:588} INFO - Filling up the DagBag from /home/airflow/.local/lib/python3.12/site-packages/airflow/example_dags/tutorial_dag.py
[2024-10-18T11:04:41.376+0000] {processor.py:925} INFO - DAG(s) 'tutorial_dag' retrieved from /home/airflow/.local/lib/python3.12/site-packages/airflow/example_dags/tutorial_dag.py
[2024-10-18T11:04:41.394+0000] {logging_mixin.py:190} INFO - [2024-10-18T11:04:41.394+0000] {dag.py:3239} INFO - Sync 1 DAGs
[2024-10-18T11:04:41.407+0000] {logging_mixin.py:190} INFO - [2024-10-18T11:04:41.407+0000] {dag.py:4180} INFO - Setting next_dagrun for tutorial_dag to None, run_after=None
[2024-10-18T11:04:41.427+0000] {processor.py:208} INFO - Processing /home/airflow/.local/lib/python3.12/site-packages/airflow/example_dags/tutorial_dag.py took 0.065 seconds
[2024-10-18T11:05:11.761+0000] {processor.py:186} INFO - Started process (PID=5231) to work on /home/airflow/.local/lib/python3.12/site-packages/airflow/example_dags/tutorial_dag.py
[2024-10-18T11:05:11.762+0000] {processor.py:914} INFO - Processing file /home/airflow/.local/lib/python3.12/site-packages/airflow/example_dags/tutorial_dag.py for tasks to queue
[2024-10-18T11:05:11.764+0000] {logging_mixin.py:190} INFO - [2024-10-18T11:05:11.764+0000] {dagbag.py:588} INFO - Filling up the DagBag from /home/airflow/.local/lib/python3.12/site-packages/airflow/example_dags/tutorial_dag.py
[2024-10-18T11:05:11.770+0000] {processor.py:925} INFO - DAG(s) 'tutorial_dag' retrieved from /home/airflow/.local/lib/python3.12/site-packages/airflow/example_dags/tutorial_dag.py
[2024-10-18T11:05:11.788+0000] {logging_mixin.py:190} INFO - [2024-10-18T11:05:11.788+0000] {dag.py:3239} INFO - Sync 1 DAGs
[2024-10-18T11:05:11.801+0000] {logging_mixin.py:190} INFO - [2024-10-18T11:05:11.801+0000] {dag.py:4180} INFO - Setting next_dagrun for tutorial_dag to None, run_after=None
[2024-10-18T11:05:11.821+0000] {processor.py:208} INFO - Processing /home/airflow/.local/lib/python3.12/site-packages/airflow/example_dags/tutorial_dag.py took 0.065 seconds
[2024-10-18T11:05:42.016+0000] {processor.py:186} INFO - Started process (PID=5517) to work on /home/airflow/.local/lib/python3.12/site-packages/airflow/example_dags/tutorial_dag.py
[2024-10-18T11:05:42.017+0000] {processor.py:914} INFO - Processing file /home/airflow/.local/lib/python3.12/site-packages/airflow/example_dags/tutorial_dag.py for tasks to queue
[2024-10-18T11:05:42.020+0000] {logging_mixin.py:190} INFO - [2024-10-18T11:05:42.019+0000] {dagbag.py:588} INFO - Filling up the DagBag from /home/airflow/.local/lib/python3.12/site-packages/airflow/example_dags/tutorial_dag.py
[2024-10-18T11:05:42.027+0000] {processor.py:925} INFO - DAG(s) 'tutorial_dag' retrieved from /home/airflow/.local/lib/python3.12/site-packages/airflow/example_dags/tutorial_dag.py
[2024-10-18T11:05:42.046+0000] {logging_mixin.py:190} INFO - [2024-10-18T11:05:42.046+0000] {dag.py:3239} INFO - Sync 1 DAGs
[2024-10-18T11:05:42.059+0000] {logging_mixin.py:190} INFO - [2024-10-18T11:05:42.059+0000] {dag.py:4180} INFO - Setting next_dagrun for tutorial_dag to None, run_after=None
[2024-10-18T11:05:42.076+0000] {processor.py:208} INFO - Processing /home/airflow/.local/lib/python3.12/site-packages/airflow/example_dags/tutorial_dag.py took 0.064 seconds
[2024-10-18T11:06:12.334+0000] {processor.py:186} INFO - Started process (PID=5803) to work on /home/airflow/.local/lib/python3.12/site-packages/airflow/example_dags/tutorial_dag.py
[2024-10-18T11:06:12.335+0000] {processor.py:914} INFO - Processing file /home/airflow/.local/lib/python3.12/site-packages/airflow/example_dags/tutorial_dag.py for tasks to queue
[2024-10-18T11:06:12.336+0000] {logging_mixin.py:190} INFO - [2024-10-18T11:06:12.336+0000] {dagbag.py:588} INFO - Filling up the DagBag from /home/airflow/.local/lib/python3.12/site-packages/airflow/example_dags/tutorial_dag.py
[2024-10-18T11:06:12.343+0000] {processor.py:925} INFO - DAG(s) 'tutorial_dag' retrieved from /home/airflow/.local/lib/python3.12/site-packages/airflow/example_dags/tutorial_dag.py
[2024-10-18T11:06:12.360+0000] {logging_mixin.py:190} INFO - [2024-10-18T11:06:12.360+0000] {dag.py:3239} INFO - Sync 1 DAGs
[2024-10-18T11:06:12.373+0000] {logging_mixin.py:190} INFO - [2024-10-18T11:06:12.373+0000] {dag.py:4180} INFO - Setting next_dagrun for tutorial_dag to None, run_after=None
[2024-10-18T11:06:12.393+0000] {processor.py:208} INFO - Processing /home/airflow/.local/lib/python3.12/site-packages/airflow/example_dags/tutorial_dag.py took 0.065 seconds
[2024-10-18T11:06:42.768+0000] {processor.py:186} INFO - Started process (PID=6089) to work on /home/airflow/.local/lib/python3.12/site-packages/airflow/example_dags/tutorial_dag.py
[2024-10-18T11:06:42.769+0000] {processor.py:914} INFO - Processing file /home/airflow/.local/lib/python3.12/site-packages/airflow/example_dags/tutorial_dag.py for tasks to queue
[2024-10-18T11:06:42.771+0000] {logging_mixin.py:190} INFO - [2024-10-18T11:06:42.771+0000] {dagbag.py:588} INFO - Filling up the DagBag from /home/airflow/.local/lib/python3.12/site-packages/airflow/example_dags/tutorial_dag.py
[2024-10-18T11:06:42.777+0000] {processor.py:925} INFO - DAG(s) 'tutorial_dag' retrieved from /home/airflow/.local/lib/python3.12/site-packages/airflow/example_dags/tutorial_dag.py
[2024-10-18T11:06:42.795+0000] {logging_mixin.py:190} INFO - [2024-10-18T11:06:42.794+0000] {dag.py:3239} INFO - Sync 1 DAGs
[2024-10-18T11:06:42.809+0000] {logging_mixin.py:190} INFO - [2024-10-18T11:06:42.809+0000] {dag.py:4180} INFO - Setting next_dagrun for tutorial_dag to None, run_after=None
[2024-10-18T11:06:42.829+0000] {processor.py:208} INFO - Processing /home/airflow/.local/lib/python3.12/site-packages/airflow/example_dags/tutorial_dag.py took 0.066 seconds
[2024-10-18T11:07:12.964+0000] {processor.py:186} INFO - Started process (PID=6373) to work on /home/airflow/.local/lib/python3.12/site-packages/airflow/example_dags/tutorial_dag.py
[2024-10-18T11:07:12.966+0000] {processor.py:914} INFO - Processing file /home/airflow/.local/lib/python3.12/site-packages/airflow/example_dags/tutorial_dag.py for tasks to queue
[2024-10-18T11:07:12.968+0000] {logging_mixin.py:190} INFO - [2024-10-18T11:07:12.968+0000] {dagbag.py:588} INFO - Filling up the DagBag from /home/airflow/.local/lib/python3.12/site-packages/airflow/example_dags/tutorial_dag.py
[2024-10-18T11:07:12.977+0000] {processor.py:925} INFO - DAG(s) 'tutorial_dag' retrieved from /home/airflow/.local/lib/python3.12/site-packages/airflow/example_dags/tutorial_dag.py
[2024-10-18T11:07:12.997+0000] {logging_mixin.py:190} INFO - [2024-10-18T11:07:12.997+0000] {dag.py:3239} INFO - Sync 1 DAGs
[2024-10-18T11:07:13.014+0000] {logging_mixin.py:190} INFO - [2024-10-18T11:07:13.014+0000] {dag.py:4180} INFO - Setting next_dagrun for tutorial_dag to None, run_after=None
[2024-10-18T11:07:13.037+0000] {processor.py:208} INFO - Processing /home/airflow/.local/lib/python3.12/site-packages/airflow/example_dags/tutorial_dag.py took 0.080 seconds
[2024-10-18T11:07:43.366+0000] {processor.py:186} INFO - Started process (PID=6659) to work on /home/airflow/.local/lib/python3.12/site-packages/airflow/example_dags/tutorial_dag.py
[2024-10-18T11:07:43.367+0000] {processor.py:914} INFO - Processing file /home/airflow/.local/lib/python3.12/site-packages/airflow/example_dags/tutorial_dag.py for tasks to queue
[2024-10-18T11:07:43.369+0000] {logging_mixin.py:190} INFO - [2024-10-18T11:07:43.368+0000] {dagbag.py:588} INFO - Filling up the DagBag from /home/airflow/.local/lib/python3.12/site-packages/airflow/example_dags/tutorial_dag.py
[2024-10-18T11:07:43.375+0000] {processor.py:925} INFO - DAG(s) 'tutorial_dag' retrieved from /home/airflow/.local/lib/python3.12/site-packages/airflow/example_dags/tutorial_dag.py
[2024-10-18T11:07:43.395+0000] {logging_mixin.py:190} INFO - [2024-10-18T11:07:43.395+0000] {dag.py:3239} INFO - Sync 1 DAGs
[2024-10-18T11:07:43.408+0000] {logging_mixin.py:190} INFO - [2024-10-18T11:07:43.408+0000] {dag.py:4180} INFO - Setting next_dagrun for tutorial_dag to None, run_after=None
[2024-10-18T11:07:43.427+0000] {processor.py:208} INFO - Processing /home/airflow/.local/lib/python3.12/site-packages/airflow/example_dags/tutorial_dag.py took 0.066 seconds
[2024-10-18T11:08:13.623+0000] {processor.py:186} INFO - Started process (PID=6945) to work on /home/airflow/.local/lib/python3.12/site-packages/airflow/example_dags/tutorial_dag.py
[2024-10-18T11:08:13.624+0000] {processor.py:914} INFO - Processing file /home/airflow/.local/lib/python3.12/site-packages/airflow/example_dags/tutorial_dag.py for tasks to queue
[2024-10-18T11:08:13.626+0000] {logging_mixin.py:190} INFO - [2024-10-18T11:08:13.626+0000] {dagbag.py:588} INFO - Filling up the DagBag from /home/airflow/.local/lib/python3.12/site-packages/airflow/example_dags/tutorial_dag.py
[2024-10-18T11:08:13.632+0000] {processor.py:925} INFO - DAG(s) 'tutorial_dag' retrieved from /home/airflow/.local/lib/python3.12/site-packages/airflow/example_dags/tutorial_dag.py
[2024-10-18T11:08:13.650+0000] {logging_mixin.py:190} INFO - [2024-10-18T11:08:13.650+0000] {dag.py:3239} INFO - Sync 1 DAGs
[2024-10-18T11:08:13.663+0000] {logging_mixin.py:190} INFO - [2024-10-18T11:08:13.663+0000] {dag.py:4180} INFO - Setting next_dagrun for tutorial_dag to None, run_after=None
[2024-10-18T11:08:13.685+0000] {processor.py:208} INFO - Processing /home/airflow/.local/lib/python3.12/site-packages/airflow/example_dags/tutorial_dag.py took 0.067 seconds
[2024-10-18T11:08:43.969+0000] {processor.py:186} INFO - Started process (PID=7233) to work on /home/airflow/.local/lib/python3.12/site-packages/airflow/example_dags/tutorial_dag.py
[2024-10-18T11:08:43.970+0000] {processor.py:914} INFO - Processing file /home/airflow/.local/lib/python3.12/site-packages/airflow/example_dags/tutorial_dag.py for tasks to queue
[2024-10-18T11:08:43.972+0000] {logging_mixin.py:190} INFO - [2024-10-18T11:08:43.972+0000] {dagbag.py:588} INFO - Filling up the DagBag from /home/airflow/.local/lib/python3.12/site-packages/airflow/example_dags/tutorial_dag.py
[2024-10-18T11:08:43.979+0000] {processor.py:925} INFO - DAG(s) 'tutorial_dag' retrieved from /home/airflow/.local/lib/python3.12/site-packages/airflow/example_dags/tutorial_dag.py
[2024-10-18T11:08:43.996+0000] {logging_mixin.py:190} INFO - [2024-10-18T11:08:43.996+0000] {dag.py:3239} INFO - Sync 1 DAGs
[2024-10-18T11:08:44.010+0000] {logging_mixin.py:190} INFO - [2024-10-18T11:08:44.010+0000] {dag.py:4180} INFO - Setting next_dagrun for tutorial_dag to None, run_after=None
[2024-10-18T11:08:44.031+0000] {processor.py:208} INFO - Processing /home/airflow/.local/lib/python3.12/site-packages/airflow/example_dags/tutorial_dag.py took 0.066 seconds
[2024-10-18T11:09:14.362+0000] {processor.py:186} INFO - Started process (PID=7519) to work on /home/airflow/.local/lib/python3.12/site-packages/airflow/example_dags/tutorial_dag.py
[2024-10-18T11:09:14.363+0000] {processor.py:914} INFO - Processing file /home/airflow/.local/lib/python3.12/site-packages/airflow/example_dags/tutorial_dag.py for tasks to queue
[2024-10-18T11:09:14.365+0000] {logging_mixin.py:190} INFO - [2024-10-18T11:09:14.364+0000] {dagbag.py:588} INFO - Filling up the DagBag from /home/airflow/.local/lib/python3.12/site-packages/airflow/example_dags/tutorial_dag.py
[2024-10-18T11:09:14.371+0000] {processor.py:925} INFO - DAG(s) 'tutorial_dag' retrieved from /home/airflow/.local/lib/python3.12/site-packages/airflow/example_dags/tutorial_dag.py
[2024-10-18T11:09:14.389+0000] {logging_mixin.py:190} INFO - [2024-10-18T11:09:14.389+0000] {dag.py:3239} INFO - Sync 1 DAGs
[2024-10-18T11:09:14.402+0000] {logging_mixin.py:190} INFO - [2024-10-18T11:09:14.402+0000] {dag.py:4180} INFO - Setting next_dagrun for tutorial_dag to None, run_after=None
[2024-10-18T11:09:14.422+0000] {processor.py:208} INFO - Processing /home/airflow/.local/lib/python3.12/site-packages/airflow/example_dags/tutorial_dag.py took 0.066 seconds
[2024-10-18T11:09:44.599+0000] {processor.py:186} INFO - Started process (PID=7805) to work on /home/airflow/.local/lib/python3.12/site-packages/airflow/example_dags/tutorial_dag.py
[2024-10-18T11:09:44.600+0000] {processor.py:914} INFO - Processing file /home/airflow/.local/lib/python3.12/site-packages/airflow/example_dags/tutorial_dag.py for tasks to queue
[2024-10-18T11:09:44.602+0000] {logging_mixin.py:190} INFO - [2024-10-18T11:09:44.602+0000] {dagbag.py:588} INFO - Filling up the DagBag from /home/airflow/.local/lib/python3.12/site-packages/airflow/example_dags/tutorial_dag.py
[2024-10-18T11:09:44.609+0000] {processor.py:925} INFO - DAG(s) 'tutorial_dag' retrieved from /home/airflow/.local/lib/python3.12/site-packages/airflow/example_dags/tutorial_dag.py
[2024-10-18T11:09:44.628+0000] {logging_mixin.py:190} INFO - [2024-10-18T11:09:44.628+0000] {dag.py:3239} INFO - Sync 1 DAGs
[2024-10-18T11:09:44.641+0000] {logging_mixin.py:190} INFO - [2024-10-18T11:09:44.641+0000] {dag.py:4180} INFO - Setting next_dagrun for tutorial_dag to None, run_after=None
[2024-10-18T11:09:44.660+0000] {processor.py:208} INFO - Processing /home/airflow/.local/lib/python3.12/site-packages/airflow/example_dags/tutorial_dag.py took 0.066 seconds
[2024-10-18T11:10:14.877+0000] {processor.py:186} INFO - Started process (PID=8091) to work on /home/airflow/.local/lib/python3.12/site-packages/airflow/example_dags/tutorial_dag.py
[2024-10-18T11:10:14.878+0000] {processor.py:914} INFO - Processing file /home/airflow/.local/lib/python3.12/site-packages/airflow/example_dags/tutorial_dag.py for tasks to queue
[2024-10-18T11:10:14.880+0000] {logging_mixin.py:190} INFO - [2024-10-18T11:10:14.880+0000] {dagbag.py:588} INFO - Filling up the DagBag from /home/airflow/.local/lib/python3.12/site-packages/airflow/example_dags/tutorial_dag.py
[2024-10-18T11:10:14.887+0000] {processor.py:925} INFO - DAG(s) 'tutorial_dag' retrieved from /home/airflow/.local/lib/python3.12/site-packages/airflow/example_dags/tutorial_dag.py
[2024-10-18T11:10:14.905+0000] {logging_mixin.py:190} INFO - [2024-10-18T11:10:14.905+0000] {dag.py:3239} INFO - Sync 1 DAGs
[2024-10-18T11:10:14.920+0000] {logging_mixin.py:190} INFO - [2024-10-18T11:10:14.920+0000] {dag.py:4180} INFO - Setting next_dagrun for tutorial_dag to None, run_after=None
[2024-10-18T11:10:14.940+0000] {processor.py:208} INFO - Processing /home/airflow/.local/lib/python3.12/site-packages/airflow/example_dags/tutorial_dag.py took 0.068 seconds
[2024-10-18T11:10:46.758+0000] {processor.py:186} INFO - Started process (PID=8382) to work on /home/airflow/.local/lib/python3.12/site-packages/airflow/example_dags/tutorial_dag.py
[2024-10-18T11:10:46.760+0000] {processor.py:914} INFO - Processing file /home/airflow/.local/lib/python3.12/site-packages/airflow/example_dags/tutorial_dag.py for tasks to queue
[2024-10-18T11:10:46.763+0000] {logging_mixin.py:190} INFO - [2024-10-18T11:10:46.763+0000] {dagbag.py:588} INFO - Filling up the DagBag from /home/airflow/.local/lib/python3.12/site-packages/airflow/example_dags/tutorial_dag.py
[2024-10-18T11:10:46.779+0000] {processor.py:925} INFO - DAG(s) 'tutorial_dag' retrieved from /home/airflow/.local/lib/python3.12/site-packages/airflow/example_dags/tutorial_dag.py
[2024-10-18T11:10:46.814+0000] {logging_mixin.py:190} INFO - [2024-10-18T11:10:46.814+0000] {dag.py:3239} INFO - Sync 1 DAGs
[2024-10-18T11:10:46.844+0000] {logging_mixin.py:190} INFO - [2024-10-18T11:10:46.844+0000] {dag.py:4180} INFO - Setting next_dagrun for tutorial_dag to None, run_after=None
[2024-10-18T11:10:46.880+0000] {processor.py:208} INFO - Processing /home/airflow/.local/lib/python3.12/site-packages/airflow/example_dags/tutorial_dag.py took 0.133 seconds
[2024-10-18T11:11:17.188+0000] {processor.py:186} INFO - Started process (PID=8666) to work on /home/airflow/.local/lib/python3.12/site-packages/airflow/example_dags/tutorial_dag.py
[2024-10-18T11:11:17.189+0000] {processor.py:914} INFO - Processing file /home/airflow/.local/lib/python3.12/site-packages/airflow/example_dags/tutorial_dag.py for tasks to queue
[2024-10-18T11:11:17.191+0000] {logging_mixin.py:190} INFO - [2024-10-18T11:11:17.191+0000] {dagbag.py:588} INFO - Filling up the DagBag from /home/airflow/.local/lib/python3.12/site-packages/airflow/example_dags/tutorial_dag.py
[2024-10-18T11:11:17.197+0000] {processor.py:925} INFO - DAG(s) 'tutorial_dag' retrieved from /home/airflow/.local/lib/python3.12/site-packages/airflow/example_dags/tutorial_dag.py
[2024-10-18T11:11:17.218+0000] {logging_mixin.py:190} INFO - [2024-10-18T11:11:17.217+0000] {dag.py:3239} INFO - Sync 1 DAGs
[2024-10-18T11:11:17.232+0000] {logging_mixin.py:190} INFO - [2024-10-18T11:11:17.232+0000] {dag.py:4180} INFO - Setting next_dagrun for tutorial_dag to None, run_after=None
[2024-10-18T11:11:17.252+0000] {processor.py:208} INFO - Processing /home/airflow/.local/lib/python3.12/site-packages/airflow/example_dags/tutorial_dag.py took 0.070 seconds
[2024-10-18T11:11:47.420+0000] {processor.py:186} INFO - Started process (PID=8949) to work on /home/airflow/.local/lib/python3.12/site-packages/airflow/example_dags/tutorial_dag.py
[2024-10-18T11:11:47.421+0000] {processor.py:914} INFO - Processing file /home/airflow/.local/lib/python3.12/site-packages/airflow/example_dags/tutorial_dag.py for tasks to queue
[2024-10-18T11:11:47.424+0000] {logging_mixin.py:190} INFO - [2024-10-18T11:11:47.423+0000] {dagbag.py:588} INFO - Filling up the DagBag from /home/airflow/.local/lib/python3.12/site-packages/airflow/example_dags/tutorial_dag.py
[2024-10-18T11:11:47.432+0000] {processor.py:925} INFO - DAG(s) 'tutorial_dag' retrieved from /home/airflow/.local/lib/python3.12/site-packages/airflow/example_dags/tutorial_dag.py
[2024-10-18T11:11:47.456+0000] {logging_mixin.py:190} INFO - [2024-10-18T11:11:47.456+0000] {dag.py:3239} INFO - Sync 1 DAGs
[2024-10-18T11:11:47.475+0000] {logging_mixin.py:190} INFO - [2024-10-18T11:11:47.475+0000] {dag.py:4180} INFO - Setting next_dagrun for tutorial_dag to None, run_after=None
[2024-10-18T11:11:47.520+0000] {processor.py:208} INFO - Processing /home/airflow/.local/lib/python3.12/site-packages/airflow/example_dags/tutorial_dag.py took 0.106 seconds
[2024-10-18T11:12:18.341+0000] {processor.py:186} INFO - Started process (PID=9243) to work on /home/airflow/.local/lib/python3.12/site-packages/airflow/example_dags/tutorial_dag.py
[2024-10-18T11:12:18.342+0000] {processor.py:914} INFO - Processing file /home/airflow/.local/lib/python3.12/site-packages/airflow/example_dags/tutorial_dag.py for tasks to queue
[2024-10-18T11:12:18.345+0000] {logging_mixin.py:190} INFO - [2024-10-18T11:12:18.345+0000] {dagbag.py:588} INFO - Filling up the DagBag from /home/airflow/.local/lib/python3.12/site-packages/airflow/example_dags/tutorial_dag.py
[2024-10-18T11:12:18.353+0000] {processor.py:925} INFO - DAG(s) 'tutorial_dag' retrieved from /home/airflow/.local/lib/python3.12/site-packages/airflow/example_dags/tutorial_dag.py
[2024-10-18T11:12:18.377+0000] {logging_mixin.py:190} INFO - [2024-10-18T11:12:18.376+0000] {dag.py:3239} INFO - Sync 1 DAGs
[2024-10-18T11:12:18.396+0000] {logging_mixin.py:190} INFO - [2024-10-18T11:12:18.396+0000] {dag.py:4180} INFO - Setting next_dagrun for tutorial_dag to None, run_after=None
[2024-10-18T11:12:18.416+0000] {processor.py:208} INFO - Processing /home/airflow/.local/lib/python3.12/site-packages/airflow/example_dags/tutorial_dag.py took 0.082 seconds
[2024-10-18T11:12:48.593+0000] {processor.py:186} INFO - Started process (PID=9530) to work on /home/airflow/.local/lib/python3.12/site-packages/airflow/example_dags/tutorial_dag.py
[2024-10-18T11:12:48.595+0000] {processor.py:914} INFO - Processing file /home/airflow/.local/lib/python3.12/site-packages/airflow/example_dags/tutorial_dag.py for tasks to queue
[2024-10-18T11:12:48.598+0000] {logging_mixin.py:190} INFO - [2024-10-18T11:12:48.597+0000] {dagbag.py:588} INFO - Filling up the DagBag from /home/airflow/.local/lib/python3.12/site-packages/airflow/example_dags/tutorial_dag.py
[2024-10-18T11:12:48.607+0000] {processor.py:925} INFO - DAG(s) 'tutorial_dag' retrieved from /home/airflow/.local/lib/python3.12/site-packages/airflow/example_dags/tutorial_dag.py
[2024-10-18T11:12:48.628+0000] {logging_mixin.py:190} INFO - [2024-10-18T11:12:48.628+0000] {dag.py:3239} INFO - Sync 1 DAGs
[2024-10-18T11:12:48.652+0000] {logging_mixin.py:190} INFO - [2024-10-18T11:12:48.652+0000] {dag.py:4180} INFO - Setting next_dagrun for tutorial_dag to None, run_after=None
[2024-10-18T11:12:48.681+0000] {processor.py:208} INFO - Processing /home/airflow/.local/lib/python3.12/site-packages/airflow/example_dags/tutorial_dag.py took 0.095 seconds
[2024-10-18T11:13:18.956+0000] {processor.py:186} INFO - Started process (PID=9811) to work on /home/airflow/.local/lib/python3.12/site-packages/airflow/example_dags/tutorial_dag.py
[2024-10-18T11:13:18.957+0000] {processor.py:914} INFO - Processing file /home/airflow/.local/lib/python3.12/site-packages/airflow/example_dags/tutorial_dag.py for tasks to queue
[2024-10-18T11:13:18.959+0000] {logging_mixin.py:190} INFO - [2024-10-18T11:13:18.959+0000] {dagbag.py:588} INFO - Filling up the DagBag from /home/airflow/.local/lib/python3.12/site-packages/airflow/example_dags/tutorial_dag.py
[2024-10-18T11:13:18.965+0000] {processor.py:925} INFO - DAG(s) 'tutorial_dag' retrieved from /home/airflow/.local/lib/python3.12/site-packages/airflow/example_dags/tutorial_dag.py
[2024-10-18T11:13:18.983+0000] {logging_mixin.py:190} INFO - [2024-10-18T11:13:18.983+0000] {dag.py:3239} INFO - Sync 1 DAGs
[2024-10-18T11:13:18.997+0000] {logging_mixin.py:190} INFO - [2024-10-18T11:13:18.996+0000] {dag.py:4180} INFO - Setting next_dagrun for tutorial_dag to None, run_after=None
[2024-10-18T11:13:19.015+0000] {processor.py:208} INFO - Processing /home/airflow/.local/lib/python3.12/site-packages/airflow/example_dags/tutorial_dag.py took 0.063 seconds
[2024-10-18T11:13:50.144+0000] {processor.py:186} INFO - Started process (PID=10102) to work on /home/airflow/.local/lib/python3.12/site-packages/airflow/example_dags/tutorial_dag.py
[2024-10-18T11:13:50.146+0000] {processor.py:914} INFO - Processing file /home/airflow/.local/lib/python3.12/site-packages/airflow/example_dags/tutorial_dag.py for tasks to queue
[2024-10-18T11:13:50.149+0000] {logging_mixin.py:190} INFO - [2024-10-18T11:13:50.149+0000] {dagbag.py:588} INFO - Filling up the DagBag from /home/airflow/.local/lib/python3.12/site-packages/airflow/example_dags/tutorial_dag.py
[2024-10-18T11:13:50.162+0000] {processor.py:925} INFO - DAG(s) 'tutorial_dag' retrieved from /home/airflow/.local/lib/python3.12/site-packages/airflow/example_dags/tutorial_dag.py
[2024-10-18T11:13:50.199+0000] {logging_mixin.py:190} INFO - [2024-10-18T11:13:50.198+0000] {dag.py:3239} INFO - Sync 1 DAGs
[2024-10-18T11:13:50.233+0000] {logging_mixin.py:190} INFO - [2024-10-18T11:13:50.233+0000] {dag.py:4180} INFO - Setting next_dagrun for tutorial_dag to None, run_after=None
[2024-10-18T11:13:50.275+0000] {processor.py:208} INFO - Processing /home/airflow/.local/lib/python3.12/site-packages/airflow/example_dags/tutorial_dag.py took 0.144 seconds
[2024-10-18T11:14:20.713+0000] {processor.py:186} INFO - Started process (PID=10399) to work on /home/airflow/.local/lib/python3.12/site-packages/airflow/example_dags/tutorial_dag.py
[2024-10-18T11:14:20.715+0000] {processor.py:914} INFO - Processing file /home/airflow/.local/lib/python3.12/site-packages/airflow/example_dags/tutorial_dag.py for tasks to queue
[2024-10-18T11:14:20.717+0000] {logging_mixin.py:190} INFO - [2024-10-18T11:14:20.716+0000] {dagbag.py:588} INFO - Filling up the DagBag from /home/airflow/.local/lib/python3.12/site-packages/airflow/example_dags/tutorial_dag.py
[2024-10-18T11:14:20.723+0000] {processor.py:925} INFO - DAG(s) 'tutorial_dag' retrieved from /home/airflow/.local/lib/python3.12/site-packages/airflow/example_dags/tutorial_dag.py
[2024-10-18T11:14:20.742+0000] {logging_mixin.py:190} INFO - [2024-10-18T11:14:20.742+0000] {dag.py:3239} INFO - Sync 1 DAGs
[2024-10-18T11:14:20.756+0000] {logging_mixin.py:190} INFO - [2024-10-18T11:14:20.756+0000] {dag.py:4180} INFO - Setting next_dagrun for tutorial_dag to None, run_after=None
[2024-10-18T11:14:20.776+0000] {processor.py:208} INFO - Processing /home/airflow/.local/lib/python3.12/site-packages/airflow/example_dags/tutorial_dag.py took 0.068 seconds
[2024-10-18T11:14:51.451+0000] {processor.py:186} INFO - Started process (PID=10695) to work on /home/airflow/.local/lib/python3.12/site-packages/airflow/example_dags/tutorial_dag.py
[2024-10-18T11:14:51.452+0000] {processor.py:914} INFO - Processing file /home/airflow/.local/lib/python3.12/site-packages/airflow/example_dags/tutorial_dag.py for tasks to queue
[2024-10-18T11:14:51.455+0000] {logging_mixin.py:190} INFO - [2024-10-18T11:14:51.454+0000] {dagbag.py:588} INFO - Filling up the DagBag from /home/airflow/.local/lib/python3.12/site-packages/airflow/example_dags/tutorial_dag.py
[2024-10-18T11:14:51.466+0000] {processor.py:925} INFO - DAG(s) 'tutorial_dag' retrieved from /home/airflow/.local/lib/python3.12/site-packages/airflow/example_dags/tutorial_dag.py
[2024-10-18T11:14:51.496+0000] {logging_mixin.py:190} INFO - [2024-10-18T11:14:51.495+0000] {dag.py:3239} INFO - Sync 1 DAGs
[2024-10-18T11:14:51.525+0000] {logging_mixin.py:190} INFO - [2024-10-18T11:14:51.525+0000] {dag.py:4180} INFO - Setting next_dagrun for tutorial_dag to None, run_after=None
[2024-10-18T11:14:51.564+0000] {processor.py:208} INFO - Processing /home/airflow/.local/lib/python3.12/site-packages/airflow/example_dags/tutorial_dag.py took 0.121 seconds
[2024-10-18T11:15:21.804+0000] {processor.py:186} INFO - Started process (PID=10979) to work on /home/airflow/.local/lib/python3.12/site-packages/airflow/example_dags/tutorial_dag.py
[2024-10-18T11:15:21.805+0000] {processor.py:914} INFO - Processing file /home/airflow/.local/lib/python3.12/site-packages/airflow/example_dags/tutorial_dag.py for tasks to queue
[2024-10-18T11:15:21.807+0000] {logging_mixin.py:190} INFO - [2024-10-18T11:15:21.807+0000] {dagbag.py:588} INFO - Filling up the DagBag from /home/airflow/.local/lib/python3.12/site-packages/airflow/example_dags/tutorial_dag.py
[2024-10-18T11:15:21.815+0000] {processor.py:925} INFO - DAG(s) 'tutorial_dag' retrieved from /home/airflow/.local/lib/python3.12/site-packages/airflow/example_dags/tutorial_dag.py
[2024-10-18T11:15:21.837+0000] {logging_mixin.py:190} INFO - [2024-10-18T11:15:21.837+0000] {dag.py:3239} INFO - Sync 1 DAGs
[2024-10-18T11:15:21.854+0000] {logging_mixin.py:190} INFO - [2024-10-18T11:15:21.854+0000] {dag.py:4180} INFO - Setting next_dagrun for tutorial_dag to None, run_after=None
[2024-10-18T11:15:21.879+0000] {processor.py:208} INFO - Processing /home/airflow/.local/lib/python3.12/site-packages/airflow/example_dags/tutorial_dag.py took 0.081 seconds
[2024-10-18T11:15:52.595+0000] {processor.py:186} INFO - Started process (PID=11267) to work on /home/airflow/.local/lib/python3.12/site-packages/airflow/example_dags/tutorial_dag.py
[2024-10-18T11:15:52.596+0000] {processor.py:914} INFO - Processing file /home/airflow/.local/lib/python3.12/site-packages/airflow/example_dags/tutorial_dag.py for tasks to queue
[2024-10-18T11:15:52.599+0000] {logging_mixin.py:190} INFO - [2024-10-18T11:15:52.598+0000] {dagbag.py:588} INFO - Filling up the DagBag from /home/airflow/.local/lib/python3.12/site-packages/airflow/example_dags/tutorial_dag.py
[2024-10-18T11:15:52.608+0000] {processor.py:925} INFO - DAG(s) 'tutorial_dag' retrieved from /home/airflow/.local/lib/python3.12/site-packages/airflow/example_dags/tutorial_dag.py
[2024-10-18T11:15:52.632+0000] {logging_mixin.py:190} INFO - [2024-10-18T11:15:52.632+0000] {dag.py:3239} INFO - Sync 1 DAGs
[2024-10-18T11:15:52.655+0000] {logging_mixin.py:190} INFO - [2024-10-18T11:15:52.654+0000] {dag.py:4180} INFO - Setting next_dagrun for tutorial_dag to None, run_after=None
[2024-10-18T11:15:52.680+0000] {processor.py:208} INFO - Processing /home/airflow/.local/lib/python3.12/site-packages/airflow/example_dags/tutorial_dag.py took 0.093 seconds
[2024-10-18T11:16:22.943+0000] {processor.py:186} INFO - Started process (PID=11552) to work on /home/airflow/.local/lib/python3.12/site-packages/airflow/example_dags/tutorial_dag.py
[2024-10-18T11:16:22.945+0000] {processor.py:914} INFO - Processing file /home/airflow/.local/lib/python3.12/site-packages/airflow/example_dags/tutorial_dag.py for tasks to queue
[2024-10-18T11:16:22.947+0000] {logging_mixin.py:190} INFO - [2024-10-18T11:16:22.947+0000] {dagbag.py:588} INFO - Filling up the DagBag from /home/airflow/.local/lib/python3.12/site-packages/airflow/example_dags/tutorial_dag.py
[2024-10-18T11:16:22.956+0000] {processor.py:925} INFO - DAG(s) 'tutorial_dag' retrieved from /home/airflow/.local/lib/python3.12/site-packages/airflow/example_dags/tutorial_dag.py
[2024-10-18T11:16:22.980+0000] {logging_mixin.py:190} INFO - [2024-10-18T11:16:22.980+0000] {dag.py:3239} INFO - Sync 1 DAGs
[2024-10-18T11:16:22.999+0000] {logging_mixin.py:190} INFO - [2024-10-18T11:16:22.999+0000] {dag.py:4180} INFO - Setting next_dagrun for tutorial_dag to None, run_after=None
[2024-10-18T11:16:23.026+0000] {processor.py:208} INFO - Processing /home/airflow/.local/lib/python3.12/site-packages/airflow/example_dags/tutorial_dag.py took 0.091 seconds
[2024-10-18T11:16:53.633+0000] {processor.py:186} INFO - Started process (PID=11877) to work on /home/airflow/.local/lib/python3.12/site-packages/airflow/example_dags/tutorial_dag.py
[2024-10-18T11:16:53.635+0000] {processor.py:914} INFO - Processing file /home/airflow/.local/lib/python3.12/site-packages/airflow/example_dags/tutorial_dag.py for tasks to queue
[2024-10-18T11:16:53.643+0000] {logging_mixin.py:190} INFO - [2024-10-18T11:16:53.641+0000] {dagbag.py:588} INFO - Filling up the DagBag from /home/airflow/.local/lib/python3.12/site-packages/airflow/example_dags/tutorial_dag.py
[2024-10-18T11:16:53.663+0000] {processor.py:925} INFO - DAG(s) 'tutorial_dag' retrieved from /home/airflow/.local/lib/python3.12/site-packages/airflow/example_dags/tutorial_dag.py
[2024-10-18T11:16:53.702+0000] {logging_mixin.py:190} INFO - [2024-10-18T11:16:53.701+0000] {dag.py:3239} INFO - Sync 1 DAGs
[2024-10-18T11:16:53.735+0000] {logging_mixin.py:190} INFO - [2024-10-18T11:16:53.735+0000] {dag.py:4180} INFO - Setting next_dagrun for tutorial_dag to None, run_after=None
[2024-10-18T11:16:53.775+0000] {processor.py:208} INFO - Processing /home/airflow/.local/lib/python3.12/site-packages/airflow/example_dags/tutorial_dag.py took 0.159 seconds
[2024-10-18T11:17:24.799+0000] {processor.py:186} INFO - Started process (PID=12169) to work on /home/airflow/.local/lib/python3.12/site-packages/airflow/example_dags/tutorial_dag.py
[2024-10-18T11:17:24.800+0000] {processor.py:914} INFO - Processing file /home/airflow/.local/lib/python3.12/site-packages/airflow/example_dags/tutorial_dag.py for tasks to queue
[2024-10-18T11:17:24.803+0000] {logging_mixin.py:190} INFO - [2024-10-18T11:17:24.802+0000] {dagbag.py:588} INFO - Filling up the DagBag from /home/airflow/.local/lib/python3.12/site-packages/airflow/example_dags/tutorial_dag.py
[2024-10-18T11:17:24.821+0000] {processor.py:925} INFO - DAG(s) 'tutorial_dag' retrieved from /home/airflow/.local/lib/python3.12/site-packages/airflow/example_dags/tutorial_dag.py
[2024-10-18T11:17:24.866+0000] {logging_mixin.py:190} INFO - [2024-10-18T11:17:24.865+0000] {dag.py:3239} INFO - Sync 1 DAGs
[2024-10-18T11:17:24.898+0000] {logging_mixin.py:190} INFO - [2024-10-18T11:17:24.897+0000] {dag.py:4180} INFO - Setting next_dagrun for tutorial_dag to None, run_after=None
[2024-10-18T11:17:24.943+0000] {processor.py:208} INFO - Processing /home/airflow/.local/lib/python3.12/site-packages/airflow/example_dags/tutorial_dag.py took 0.157 seconds
[2024-10-18T11:17:55.827+0000] {processor.py:186} INFO - Started process (PID=12455) to work on /home/airflow/.local/lib/python3.12/site-packages/airflow/example_dags/tutorial_dag.py
[2024-10-18T11:17:55.830+0000] {processor.py:914} INFO - Processing file /home/airflow/.local/lib/python3.12/site-packages/airflow/example_dags/tutorial_dag.py for tasks to queue
[2024-10-18T11:17:55.835+0000] {logging_mixin.py:190} INFO - [2024-10-18T11:17:55.834+0000] {dagbag.py:588} INFO - Filling up the DagBag from /home/airflow/.local/lib/python3.12/site-packages/airflow/example_dags/tutorial_dag.py
[2024-10-18T11:17:55.858+0000] {processor.py:925} INFO - DAG(s) 'tutorial_dag' retrieved from /home/airflow/.local/lib/python3.12/site-packages/airflow/example_dags/tutorial_dag.py
[2024-10-18T11:17:55.908+0000] {logging_mixin.py:190} INFO - [2024-10-18T11:17:55.907+0000] {dag.py:3239} INFO - Sync 1 DAGs
[2024-10-18T11:17:55.945+0000] {logging_mixin.py:190} INFO - [2024-10-18T11:17:55.945+0000] {dag.py:4180} INFO - Setting next_dagrun for tutorial_dag to None, run_after=None
[2024-10-18T11:17:56.005+0000] {processor.py:208} INFO - Processing /home/airflow/.local/lib/python3.12/site-packages/airflow/example_dags/tutorial_dag.py took 0.198 seconds
[2024-10-18T11:18:26.106+0000] {processor.py:186} INFO - Started process (PID=12741) to work on /home/airflow/.local/lib/python3.12/site-packages/airflow/example_dags/tutorial_dag.py
[2024-10-18T11:18:26.110+0000] {processor.py:914} INFO - Processing file /home/airflow/.local/lib/python3.12/site-packages/airflow/example_dags/tutorial_dag.py for tasks to queue
[2024-10-18T11:18:26.114+0000] {logging_mixin.py:190} INFO - [2024-10-18T11:18:26.113+0000] {dagbag.py:588} INFO - Filling up the DagBag from /home/airflow/.local/lib/python3.12/site-packages/airflow/example_dags/tutorial_dag.py
[2024-10-18T11:18:26.130+0000] {processor.py:925} INFO - DAG(s) 'tutorial_dag' retrieved from /home/airflow/.local/lib/python3.12/site-packages/airflow/example_dags/tutorial_dag.py
[2024-10-18T11:18:26.171+0000] {logging_mixin.py:190} INFO - [2024-10-18T11:18:26.170+0000] {dag.py:3239} INFO - Sync 1 DAGs
[2024-10-18T11:18:26.212+0000] {logging_mixin.py:190} INFO - [2024-10-18T11:18:26.211+0000] {dag.py:4180} INFO - Setting next_dagrun for tutorial_dag to None, run_after=None
[2024-10-18T11:18:26.263+0000] {processor.py:208} INFO - Processing /home/airflow/.local/lib/python3.12/site-packages/airflow/example_dags/tutorial_dag.py took 0.166 seconds
[2024-10-18T11:18:56.879+0000] {processor.py:186} INFO - Started process (PID=13026) to work on /home/airflow/.local/lib/python3.12/site-packages/airflow/example_dags/tutorial_dag.py
[2024-10-18T11:18:56.880+0000] {processor.py:914} INFO - Processing file /home/airflow/.local/lib/python3.12/site-packages/airflow/example_dags/tutorial_dag.py for tasks to queue
[2024-10-18T11:18:56.882+0000] {logging_mixin.py:190} INFO - [2024-10-18T11:18:56.882+0000] {dagbag.py:588} INFO - Filling up the DagBag from /home/airflow/.local/lib/python3.12/site-packages/airflow/example_dags/tutorial_dag.py
[2024-10-18T11:18:56.888+0000] {processor.py:925} INFO - DAG(s) 'tutorial_dag' retrieved from /home/airflow/.local/lib/python3.12/site-packages/airflow/example_dags/tutorial_dag.py
[2024-10-18T11:18:56.906+0000] {logging_mixin.py:190} INFO - [2024-10-18T11:18:56.906+0000] {dag.py:3239} INFO - Sync 1 DAGs
[2024-10-18T11:18:56.919+0000] {logging_mixin.py:190} INFO - [2024-10-18T11:18:56.919+0000] {dag.py:4180} INFO - Setting next_dagrun for tutorial_dag to None, run_after=None
[2024-10-18T11:18:56.941+0000] {processor.py:208} INFO - Processing /home/airflow/.local/lib/python3.12/site-packages/airflow/example_dags/tutorial_dag.py took 0.066 seconds
[2024-10-18T11:19:27.850+0000] {processor.py:186} INFO - Started process (PID=13312) to work on /home/airflow/.local/lib/python3.12/site-packages/airflow/example_dags/tutorial_dag.py
[2024-10-18T11:19:27.852+0000] {processor.py:914} INFO - Processing file /home/airflow/.local/lib/python3.12/site-packages/airflow/example_dags/tutorial_dag.py for tasks to queue
[2024-10-18T11:19:27.857+0000] {logging_mixin.py:190} INFO - [2024-10-18T11:19:27.857+0000] {dagbag.py:588} INFO - Filling up the DagBag from /home/airflow/.local/lib/python3.12/site-packages/airflow/example_dags/tutorial_dag.py
[2024-10-18T11:19:27.868+0000] {processor.py:925} INFO - DAG(s) 'tutorial_dag' retrieved from /home/airflow/.local/lib/python3.12/site-packages/airflow/example_dags/tutorial_dag.py
[2024-10-18T11:19:27.902+0000] {logging_mixin.py:190} INFO - [2024-10-18T11:19:27.901+0000] {dag.py:3239} INFO - Sync 1 DAGs
[2024-10-18T11:19:27.929+0000] {logging_mixin.py:190} INFO - [2024-10-18T11:19:27.929+0000] {dag.py:4180} INFO - Setting next_dagrun for tutorial_dag to None, run_after=None
[2024-10-18T11:19:27.957+0000] {processor.py:208} INFO - Processing /home/airflow/.local/lib/python3.12/site-packages/airflow/example_dags/tutorial_dag.py took 0.114 seconds
[2024-10-18T11:19:58.764+0000] {processor.py:186} INFO - Started process (PID=13598) to work on /home/airflow/.local/lib/python3.12/site-packages/airflow/example_dags/tutorial_dag.py
[2024-10-18T11:19:58.765+0000] {processor.py:914} INFO - Processing file /home/airflow/.local/lib/python3.12/site-packages/airflow/example_dags/tutorial_dag.py for tasks to queue
[2024-10-18T11:19:58.768+0000] {logging_mixin.py:190} INFO - [2024-10-18T11:19:58.768+0000] {dagbag.py:588} INFO - Filling up the DagBag from /home/airflow/.local/lib/python3.12/site-packages/airflow/example_dags/tutorial_dag.py
[2024-10-18T11:19:58.777+0000] {processor.py:925} INFO - DAG(s) 'tutorial_dag' retrieved from /home/airflow/.local/lib/python3.12/site-packages/airflow/example_dags/tutorial_dag.py
[2024-10-18T11:19:58.810+0000] {logging_mixin.py:190} INFO - [2024-10-18T11:19:58.809+0000] {dag.py:3239} INFO - Sync 1 DAGs
[2024-10-18T11:19:58.833+0000] {logging_mixin.py:190} INFO - [2024-10-18T11:19:58.833+0000] {dag.py:4180} INFO - Setting next_dagrun for tutorial_dag to None, run_after=None
[2024-10-18T11:19:58.863+0000] {processor.py:208} INFO - Processing /home/airflow/.local/lib/python3.12/site-packages/airflow/example_dags/tutorial_dag.py took 0.107 seconds
[2024-10-18T11:20:29.367+0000] {processor.py:186} INFO - Started process (PID=13885) to work on /home/airflow/.local/lib/python3.12/site-packages/airflow/example_dags/tutorial_dag.py
[2024-10-18T11:20:29.368+0000] {processor.py:914} INFO - Processing file /home/airflow/.local/lib/python3.12/site-packages/airflow/example_dags/tutorial_dag.py for tasks to queue
[2024-10-18T11:20:29.372+0000] {logging_mixin.py:190} INFO - [2024-10-18T11:20:29.372+0000] {dagbag.py:588} INFO - Filling up the DagBag from /home/airflow/.local/lib/python3.12/site-packages/airflow/example_dags/tutorial_dag.py
[2024-10-18T11:20:29.387+0000] {processor.py:925} INFO - DAG(s) 'tutorial_dag' retrieved from /home/airflow/.local/lib/python3.12/site-packages/airflow/example_dags/tutorial_dag.py
[2024-10-18T11:20:29.415+0000] {logging_mixin.py:190} INFO - [2024-10-18T11:20:29.414+0000] {dag.py:3239} INFO - Sync 1 DAGs
[2024-10-18T11:20:29.436+0000] {logging_mixin.py:190} INFO - [2024-10-18T11:20:29.436+0000] {dag.py:4180} INFO - Setting next_dagrun for tutorial_dag to None, run_after=None
[2024-10-18T11:20:29.469+0000] {processor.py:208} INFO - Processing /home/airflow/.local/lib/python3.12/site-packages/airflow/example_dags/tutorial_dag.py took 0.113 seconds
[2024-10-18T11:21:00.083+0000] {processor.py:186} INFO - Started process (PID=14171) to work on /home/airflow/.local/lib/python3.12/site-packages/airflow/example_dags/tutorial_dag.py
[2024-10-18T11:21:00.084+0000] {processor.py:914} INFO - Processing file /home/airflow/.local/lib/python3.12/site-packages/airflow/example_dags/tutorial_dag.py for tasks to queue
[2024-10-18T11:21:00.086+0000] {logging_mixin.py:190} INFO - [2024-10-18T11:21:00.086+0000] {dagbag.py:588} INFO - Filling up the DagBag from /home/airflow/.local/lib/python3.12/site-packages/airflow/example_dags/tutorial_dag.py
[2024-10-18T11:21:00.094+0000] {processor.py:925} INFO - DAG(s) 'tutorial_dag' retrieved from /home/airflow/.local/lib/python3.12/site-packages/airflow/example_dags/tutorial_dag.py
[2024-10-18T11:21:00.136+0000] {logging_mixin.py:190} INFO - [2024-10-18T11:21:00.135+0000] {dag.py:3239} INFO - Sync 1 DAGs
[2024-10-18T11:21:00.356+0000] {logging_mixin.py:190} INFO - [2024-10-18T11:21:00.355+0000] {dag.py:4180} INFO - Setting next_dagrun for tutorial_dag to None, run_after=None
[2024-10-18T11:21:00.388+0000] {processor.py:208} INFO - Processing /home/airflow/.local/lib/python3.12/site-packages/airflow/example_dags/tutorial_dag.py took 0.314 seconds
[2024-10-18T11:21:30.608+0000] {processor.py:186} INFO - Started process (PID=14457) to work on /home/airflow/.local/lib/python3.12/site-packages/airflow/example_dags/tutorial_dag.py
[2024-10-18T11:21:30.609+0000] {processor.py:914} INFO - Processing file /home/airflow/.local/lib/python3.12/site-packages/airflow/example_dags/tutorial_dag.py for tasks to queue
[2024-10-18T11:21:30.611+0000] {logging_mixin.py:190} INFO - [2024-10-18T11:21:30.611+0000] {dagbag.py:588} INFO - Filling up the DagBag from /home/airflow/.local/lib/python3.12/site-packages/airflow/example_dags/tutorial_dag.py
[2024-10-18T11:21:30.618+0000] {processor.py:925} INFO - DAG(s) 'tutorial_dag' retrieved from /home/airflow/.local/lib/python3.12/site-packages/airflow/example_dags/tutorial_dag.py
[2024-10-18T11:21:30.642+0000] {logging_mixin.py:190} INFO - [2024-10-18T11:21:30.642+0000] {dag.py:3239} INFO - Sync 1 DAGs
[2024-10-18T11:21:30.658+0000] {logging_mixin.py:190} INFO - [2024-10-18T11:21:30.658+0000] {dag.py:4180} INFO - Setting next_dagrun for tutorial_dag to None, run_after=None
[2024-10-18T11:21:30.863+0000] {processor.py:208} INFO - Processing /home/airflow/.local/lib/python3.12/site-packages/airflow/example_dags/tutorial_dag.py took 0.262 seconds
[2024-10-18T11:22:00.913+0000] {processor.py:186} INFO - Started process (PID=14743) to work on /home/airflow/.local/lib/python3.12/site-packages/airflow/example_dags/tutorial_dag.py
[2024-10-18T11:22:00.914+0000] {processor.py:914} INFO - Processing file /home/airflow/.local/lib/python3.12/site-packages/airflow/example_dags/tutorial_dag.py for tasks to queue
[2024-10-18T11:22:00.917+0000] {logging_mixin.py:190} INFO - [2024-10-18T11:22:00.917+0000] {dagbag.py:588} INFO - Filling up the DagBag from /home/airflow/.local/lib/python3.12/site-packages/airflow/example_dags/tutorial_dag.py
[2024-10-18T11:22:00.924+0000] {processor.py:925} INFO - DAG(s) 'tutorial_dag' retrieved from /home/airflow/.local/lib/python3.12/site-packages/airflow/example_dags/tutorial_dag.py
[2024-10-18T11:22:00.948+0000] {logging_mixin.py:190} INFO - [2024-10-18T11:22:00.947+0000] {dag.py:3239} INFO - Sync 1 DAGs
[2024-10-18T11:22:00.968+0000] {logging_mixin.py:190} INFO - [2024-10-18T11:22:00.968+0000] {dag.py:4180} INFO - Setting next_dagrun for tutorial_dag to None, run_after=None
[2024-10-18T11:22:00.990+0000] {processor.py:208} INFO - Processing /home/airflow/.local/lib/python3.12/site-packages/airflow/example_dags/tutorial_dag.py took 0.083 seconds
[2024-10-18T11:22:31.713+0000] {processor.py:186} INFO - Started process (PID=15029) to work on /home/airflow/.local/lib/python3.12/site-packages/airflow/example_dags/tutorial_dag.py
[2024-10-18T11:22:31.714+0000] {processor.py:914} INFO - Processing file /home/airflow/.local/lib/python3.12/site-packages/airflow/example_dags/tutorial_dag.py for tasks to queue
[2024-10-18T11:22:31.719+0000] {logging_mixin.py:190} INFO - [2024-10-18T11:22:31.718+0000] {dagbag.py:588} INFO - Filling up the DagBag from /home/airflow/.local/lib/python3.12/site-packages/airflow/example_dags/tutorial_dag.py
[2024-10-18T11:22:31.727+0000] {processor.py:925} INFO - DAG(s) 'tutorial_dag' retrieved from /home/airflow/.local/lib/python3.12/site-packages/airflow/example_dags/tutorial_dag.py
[2024-10-18T11:22:31.752+0000] {logging_mixin.py:190} INFO - [2024-10-18T11:22:31.752+0000] {dag.py:3239} INFO - Sync 1 DAGs
[2024-10-18T11:22:31.772+0000] {logging_mixin.py:190} INFO - [2024-10-18T11:22:31.772+0000] {dag.py:4180} INFO - Setting next_dagrun for tutorial_dag to None, run_after=None
[2024-10-18T11:22:31.803+0000] {processor.py:208} INFO - Processing /home/airflow/.local/lib/python3.12/site-packages/airflow/example_dags/tutorial_dag.py took 0.097 seconds
