[2024-10-18T13:22:42.333+0000] {local_task_job_runner.py:123} INFO - ::group::Pre task execution logs
[2024-10-18T13:22:42.375+0000] {taskinstance.py:2612} INFO - Dependencies all met for dep_context=non-requeueable deps ti=<TaskInstance: our_first_dag_v3.this_is_1st_task scheduled__2022-03-18T00:00:00+00:00 [queued]>
[2024-10-18T13:22:42.391+0000] {taskinstance.py:2612} INFO - Dependencies all met for dep_context=requeueable deps ti=<TaskInstance: our_first_dag_v3.this_is_1st_task scheduled__2022-03-18T00:00:00+00:00 [queued]>
[2024-10-18T13:22:42.396+0000] {taskinstance.py:2865} INFO - Starting attempt 1 of 2
[2024-10-18T13:22:42.472+0000] {taskinstance.py:2888} INFO - Executing <Task(BashOperator): this_is_1st_task> on 2022-03-18 00:00:00+00:00
[2024-10-18T13:22:42.487+0000] {logging_mixin.py:190} WARNING - /home/***/.local/lib/python3.12/site-packages/***/task/task_runner/standard_task_runner.py:70 DeprecationWarning: This process (pid=3011) is multi-threaded, use of fork() may lead to deadlocks in the child.
[2024-10-18T13:22:42.495+0000] {standard_task_runner.py:72} INFO - Started process 3032 to run task
[2024-10-18T13:22:42.486+0000] {standard_task_runner.py:104} INFO - Running: ['***', 'tasks', 'run', 'our_first_dag_v3', 'this_is_1st_task', 'scheduled__2022-03-18T00:00:00+00:00', '--job-id', '2013', '--raw', '--subdir', 'DAGS_FOLDER/our_first_dag.py', '--cfg-path', '/tmp/tmpjwmu6nmc']
[2024-10-18T13:22:42.499+0000] {standard_task_runner.py:105} INFO - Job 2013: Subtask this_is_1st_task
[2024-10-18T13:22:42.588+0000] {task_command.py:467} INFO - Running <TaskInstance: our_first_dag_v3.this_is_1st_task scheduled__2022-03-18T00:00:00+00:00 [running]> on host ad4831ffc3d7
[2024-10-18T13:22:42.724+0000] {taskinstance.py:3131} INFO - Exporting env vars: AIRFLOW_CTX_DAG_OWNER='sourabh' AIRFLOW_CTX_DAG_ID='our_first_dag_v3' AIRFLOW_CTX_TASK_ID='this_is_1st_task' AIRFLOW_CTX_EXECUTION_DATE='2022-03-18T00:00:00+00:00' AIRFLOW_CTX_TRY_NUMBER='1' AIRFLOW_CTX_DAG_RUN_ID='scheduled__2022-03-18T00:00:00+00:00'
[2024-10-18T13:22:42.724+0000] {taskinstance.py:731} INFO - ::endgroup::
[2024-10-18T13:22:42.748+0000] {subprocess.py:63} INFO - Tmp dir root location: /tmp
[2024-10-18T13:22:42.749+0000] {subprocess.py:75} INFO - Running command: ['/usr/bin/bash', '-c', 'echo Hello world, this is my first task']
[2024-10-18T13:22:42.764+0000] {subprocess.py:86} INFO - Output:
[2024-10-18T13:22:42.766+0000] {subprocess.py:93} INFO - Hello world, this is my first task
[2024-10-18T13:22:42.767+0000] {subprocess.py:97} INFO - Command exited with return code 0
[2024-10-18T13:22:42.809+0000] {taskinstance.py:340} INFO - ::group::Post task execution logs
[2024-10-18T13:22:42.809+0000] {taskinstance.py:352} INFO - Marking task as SUCCESS. dag_id=our_first_dag_v3, task_id=this_is_1st_task, run_id=scheduled__2022-03-18T00:00:00+00:00, execution_date=20220318T000000, start_date=20241018T132242, end_date=20241018T132242
[2024-10-18T13:22:42.870+0000] {local_task_job_runner.py:266} INFO - Task exited with return code 0
[2024-10-18T13:22:42.908+0000] {taskinstance.py:3900} INFO - 2 downstream tasks scheduled from follow-on schedule check
[2024-10-18T13:22:42.913+0000] {local_task_job_runner.py:245} INFO - ::endgroup::
