[2024-10-18T13:32:17.077+0000] {local_task_job_runner.py:123} INFO - ::group::Pre task execution logs
[2024-10-18T13:32:17.188+0000] {taskinstance.py:2612} INFO - Dependencies all met for dep_context=non-requeueable deps ti=<TaskInstance: our_first_dag_v4.this_is_1st_task scheduled__2023-09-18T00:00:00+00:00 [queued]>
[2024-10-18T13:32:17.217+0000] {taskinstance.py:2612} INFO - Dependencies all met for dep_context=requeueable deps ti=<TaskInstance: our_first_dag_v4.this_is_1st_task scheduled__2023-09-18T00:00:00+00:00 [queued]>
[2024-10-18T13:32:17.219+0000] {taskinstance.py:2865} INFO - Starting attempt 1 of 2
[2024-10-18T13:32:17.359+0000] {taskinstance.py:2888} INFO - Executing <Task(BashOperator): this_is_1st_task> on 2023-09-18 00:00:00+00:00
[2024-10-18T13:32:17.405+0000] {logging_mixin.py:190} WARNING - /home/***/.local/lib/python3.12/site-packages/***/task/task_runner/standard_task_runner.py:70 DeprecationWarning: This process (pid=14652) is multi-threaded, use of fork() may lead to deadlocks in the child.
[2024-10-18T13:32:17.412+0000] {standard_task_runner.py:72} INFO - Started process 14674 to run task
[2024-10-18T13:32:17.415+0000] {standard_task_runner.py:104} INFO - Running: ['***', 'tasks', 'run', 'our_first_dag_v4', 'this_is_1st_task', 'scheduled__2023-09-18T00:00:00+00:00', '--job-id', '4839', '--raw', '--subdir', 'DAGS_FOLDER/our_first_dag.py', '--cfg-path', '/tmp/tmpr99nxef9']
[2024-10-18T13:32:17.440+0000] {standard_task_runner.py:105} INFO - Job 4839: Subtask this_is_1st_task
[2024-10-18T13:32:17.640+0000] {task_command.py:467} INFO - Running <TaskInstance: our_first_dag_v4.this_is_1st_task scheduled__2023-09-18T00:00:00+00:00 [running]> on host ad4831ffc3d7
[2024-10-18T13:32:17.836+0000] {taskinstance.py:3131} INFO - Exporting env vars: AIRFLOW_CTX_DAG_OWNER='sourabh' AIRFLOW_CTX_DAG_ID='our_first_dag_v4' AIRFLOW_CTX_TASK_ID='this_is_1st_task' AIRFLOW_CTX_EXECUTION_DATE='2023-09-18T00:00:00+00:00' AIRFLOW_CTX_TRY_NUMBER='1' AIRFLOW_CTX_DAG_RUN_ID='scheduled__2023-09-18T00:00:00+00:00'
[2024-10-18T13:32:17.841+0000] {taskinstance.py:731} INFO - ::endgroup::
[2024-10-18T13:32:17.919+0000] {subprocess.py:63} INFO - Tmp dir root location: /tmp
[2024-10-18T13:32:17.926+0000] {subprocess.py:75} INFO - Running command: ['/usr/bin/bash', '-c', 'echo Hello world, this is my first task']
[2024-10-18T13:32:17.948+0000] {subprocess.py:86} INFO - Output:
[2024-10-18T13:32:17.955+0000] {subprocess.py:93} INFO - Hello world, this is my first task
[2024-10-18T13:32:17.957+0000] {subprocess.py:97} INFO - Command exited with return code 0
[2024-10-18T13:32:18.092+0000] {taskinstance.py:340} INFO - ::group::Post task execution logs
[2024-10-18T13:32:18.096+0000] {taskinstance.py:352} INFO - Marking task as SUCCESS. dag_id=our_first_dag_v4, task_id=this_is_1st_task, run_id=scheduled__2023-09-18T00:00:00+00:00, execution_date=20230918T000000, start_date=20241018T133217, end_date=20241018T133218
[2024-10-18T13:32:18.200+0000] {local_task_job_runner.py:266} INFO - Task exited with return code 0
[2024-10-18T13:32:18.317+0000] {taskinstance.py:3900} INFO - 2 downstream tasks scheduled from follow-on schedule check
[2024-10-18T13:32:18.322+0000] {local_task_job_runner.py:245} INFO - ::endgroup::
