[2024-10-18T13:03:11.800+0000] {local_task_job_runner.py:123} INFO - ::group::Pre task execution logs
[2024-10-18T13:03:11.811+0000] {taskinstance.py:2612} INFO - Dependencies all met for dep_context=non-requeueable deps ti=<TaskInstance: our_first_dag.this_is_1st_task scheduled__2022-02-16T00:00:00+00:00 [queued]>
[2024-10-18T13:03:11.817+0000] {taskinstance.py:2612} INFO - Dependencies all met for dep_context=requeueable deps ti=<TaskInstance: our_first_dag.this_is_1st_task scheduled__2022-02-16T00:00:00+00:00 [queued]>
[2024-10-18T13:03:11.817+0000] {taskinstance.py:2865} INFO - Starting attempt 1 of 2
[2024-10-18T13:03:11.825+0000] {taskinstance.py:2888} INFO - Executing <Task(BashOperator): this_is_1st_task> on 2022-02-16 00:00:00+00:00
[2024-10-18T13:03:11.831+0000] {logging_mixin.py:190} WARNING - /home/***/.local/lib/python3.12/site-packages/***/task/task_runner/standard_task_runner.py:70 DeprecationWarning: This process (pid=1052) is multi-threaded, use of fork() may lead to deadlocks in the child.
[2024-10-18T13:03:11.832+0000] {standard_task_runner.py:72} INFO - Started process 1057 to run task
[2024-10-18T13:03:11.831+0000] {standard_task_runner.py:104} INFO - Running: ['***', 'tasks', 'run', 'our_first_dag', 'this_is_1st_task', 'scheduled__2022-02-16T00:00:00+00:00', '--job-id', '205', '--raw', '--subdir', 'DAGS_FOLDER/our_first_dag.py', '--cfg-path', '/tmp/tmpr1kv4w7h']
[2024-10-18T13:03:11.833+0000] {standard_task_runner.py:105} INFO - Job 205: Subtask this_is_1st_task
[2024-10-18T13:03:11.866+0000] {task_command.py:467} INFO - Running <TaskInstance: our_first_dag.this_is_1st_task scheduled__2022-02-16T00:00:00+00:00 [running]> on host 54181b66ed4e
[2024-10-18T13:03:11.931+0000] {taskinstance.py:3131} INFO - Exporting env vars: AIRFLOW_CTX_DAG_OWNER='sourabh' AIRFLOW_CTX_DAG_ID='our_first_dag' AIRFLOW_CTX_TASK_ID='this_is_1st_task' AIRFLOW_CTX_EXECUTION_DATE='2022-02-16T00:00:00+00:00' AIRFLOW_CTX_TRY_NUMBER='1' AIRFLOW_CTX_DAG_RUN_ID='scheduled__2022-02-16T00:00:00+00:00'
[2024-10-18T13:03:11.933+0000] {taskinstance.py:731} INFO - ::endgroup::
[2024-10-18T13:03:11.943+0000] {subprocess.py:63} INFO - Tmp dir root location: /tmp
[2024-10-18T13:03:11.944+0000] {subprocess.py:75} INFO - Running command: ['/usr/bin/bash', '-c', 'echo Hello world, this is my first task']
[2024-10-18T13:03:11.950+0000] {subprocess.py:86} INFO - Output:
[2024-10-18T13:03:11.952+0000] {subprocess.py:93} INFO - Hello world, this is my first task
[2024-10-18T13:03:11.954+0000] {subprocess.py:97} INFO - Command exited with return code 0
[2024-10-18T13:03:11.999+0000] {taskinstance.py:340} INFO - ::group::Post task execution logs
[2024-10-18T13:03:11.999+0000] {taskinstance.py:352} INFO - Marking task as SUCCESS. dag_id=our_first_dag, task_id=this_is_1st_task, run_id=scheduled__2022-02-16T00:00:00+00:00, execution_date=20220216T000000, start_date=20241018T130311, end_date=20241018T130311
[2024-10-18T13:03:12.058+0000] {local_task_job_runner.py:266} INFO - Task exited with return code 0
[2024-10-18T13:03:12.070+0000] {local_task_job_runner.py:245} INFO - ::endgroup::
