[2024-10-18T13:12:56.751+0000] {local_task_job_runner.py:123} INFO - ::group::Pre task execution logs
[2024-10-18T13:12:56.818+0000] {taskinstance.py:2612} INFO - Dependencies all met for dep_context=non-requeueable deps ti=<TaskInstance: our_first_dag.this_is_1st_task scheduled__2024-07-21T00:00:00+00:00 [queued]>
[2024-10-18T13:12:56.840+0000] {taskinstance.py:2612} INFO - Dependencies all met for dep_context=requeueable deps ti=<TaskInstance: our_first_dag.this_is_1st_task scheduled__2024-07-21T00:00:00+00:00 [queued]>
[2024-10-18T13:12:56.845+0000] {taskinstance.py:2865} INFO - Starting attempt 2 of 2
[2024-10-18T13:12:56.895+0000] {taskinstance.py:2888} INFO - Executing <Task(BashOperator): this_is_1st_task> on 2024-07-21 00:00:00+00:00
[2024-10-18T13:12:56.972+0000] {logging_mixin.py:190} WARNING - /home/***/.local/lib/python3.12/site-packages/***/task/task_runner/standard_task_runner.py:70 DeprecationWarning: This process (pid=221) is multi-threaded, use of fork() may lead to deadlocks in the child.
[2024-10-18T13:12:56.976+0000] {standard_task_runner.py:72} INFO - Started process 251 to run task
[2024-10-18T13:12:56.970+0000] {standard_task_runner.py:104} INFO - Running: ['***', 'tasks', 'run', 'our_first_dag', 'this_is_1st_task', 'scheduled__2024-07-21T00:00:00+00:00', '--job-id', '1145', '--raw', '--subdir', 'DAGS_FOLDER/our_first_dag.py', '--cfg-path', '/tmp/tmplv0981e4']
[2024-10-18T13:12:56.987+0000] {standard_task_runner.py:105} INFO - Job 1145: Subtask this_is_1st_task
[2024-10-18T13:12:57.627+0000] {task_command.py:467} INFO - Running <TaskInstance: our_first_dag.this_is_1st_task scheduled__2024-07-21T00:00:00+00:00 [running]> on host cde595967714
[2024-10-18T13:12:58.256+0000] {taskinstance.py:3131} INFO - Exporting env vars: AIRFLOW_CTX_DAG_OWNER='sourabh' AIRFLOW_CTX_DAG_ID='our_first_dag' AIRFLOW_CTX_TASK_ID='this_is_1st_task' AIRFLOW_CTX_EXECUTION_DATE='2024-07-21T00:00:00+00:00' AIRFLOW_CTX_TRY_NUMBER='2' AIRFLOW_CTX_DAG_RUN_ID='scheduled__2024-07-21T00:00:00+00:00'
[2024-10-18T13:12:58.260+0000] {taskinstance.py:731} INFO - ::endgroup::
[2024-10-18T13:12:58.420+0000] {subprocess.py:63} INFO - Tmp dir root location: /tmp
[2024-10-18T13:12:58.428+0000] {subprocess.py:75} INFO - Running command: ['/usr/bin/bash', '-c', 'echo Hello world, this is my first task']
[2024-10-18T13:12:58.500+0000] {subprocess.py:86} INFO - Output:
[2024-10-18T13:12:58.541+0000] {subprocess.py:93} INFO - Hello world, this is my first task
[2024-10-18T13:12:58.548+0000] {subprocess.py:97} INFO - Command exited with return code 0
[2024-10-18T13:12:58.805+0000] {taskinstance.py:340} INFO - ::group::Post task execution logs
[2024-10-18T13:12:58.811+0000] {taskinstance.py:352} INFO - Marking task as SUCCESS. dag_id=our_first_dag, task_id=this_is_1st_task, run_id=scheduled__2024-07-21T00:00:00+00:00, execution_date=20240721T000000, start_date=20241018T131256, end_date=20241018T131258
[2024-10-18T13:12:58.866+0000] {local_task_job_runner.py:266} INFO - Task exited with return code 0
[2024-10-18T13:12:58.952+0000] {local_task_job_runner.py:245} INFO - ::endgroup::
