[2024-10-18T13:35:59.497+0000] {local_task_job_runner.py:123} INFO - ::group::Pre task execution logs
[2024-10-18T13:35:59.608+0000] {taskinstance.py:2612} INFO - Dependencies all met for dep_context=non-requeueable deps ti=<TaskInstance: our_first_dag_v4.this_is_2nd_task scheduled__2024-05-10T00:00:00+00:00 [queued]>
[2024-10-18T13:35:59.647+0000] {taskinstance.py:2612} INFO - Dependencies all met for dep_context=requeueable deps ti=<TaskInstance: our_first_dag_v4.this_is_2nd_task scheduled__2024-05-10T00:00:00+00:00 [queued]>
[2024-10-18T13:35:59.651+0000] {taskinstance.py:2865} INFO - Starting attempt 1 of 2
[2024-10-18T13:35:59.783+0000] {taskinstance.py:2888} INFO - Executing <Task(BashOperator): this_is_2nd_task> on 2024-05-10 00:00:00+00:00
[2024-10-18T13:35:59.807+0000] {standard_task_runner.py:104} INFO - Running: ['***', 'tasks', 'run', 'our_first_dag_v4', 'this_is_2nd_task', 'scheduled__2024-05-10T00:00:00+00:00', '--job-id', '5552', '--raw', '--subdir', 'DAGS_FOLDER/our_first_dag.py', '--cfg-path', '/tmp/tmpf9dkua0t']
[2024-10-18T13:35:59.827+0000] {standard_task_runner.py:105} INFO - Job 5552: Subtask this_is_2nd_task
[2024-10-18T13:35:59.833+0000] {logging_mixin.py:190} WARNING - /home/***/.local/lib/python3.12/site-packages/***/task/task_runner/standard_task_runner.py:70 DeprecationWarning: This process (pid=17587) is multi-threaded, use of fork() may lead to deadlocks in the child.
[2024-10-18T13:35:59.835+0000] {standard_task_runner.py:72} INFO - Started process 17612 to run task
[2024-10-18T13:36:00.266+0000] {task_command.py:467} INFO - Running <TaskInstance: our_first_dag_v4.this_is_2nd_task scheduled__2024-05-10T00:00:00+00:00 [running]> on host ad4831ffc3d7
[2024-10-18T13:36:00.703+0000] {taskinstance.py:3131} INFO - Exporting env vars: AIRFLOW_CTX_DAG_OWNER='sourabh' AIRFLOW_CTX_DAG_ID='our_first_dag_v4' AIRFLOW_CTX_TASK_ID='this_is_2nd_task' AIRFLOW_CTX_EXECUTION_DATE='2024-05-10T00:00:00+00:00' AIRFLOW_CTX_TRY_NUMBER='1' AIRFLOW_CTX_DAG_RUN_ID='scheduled__2024-05-10T00:00:00+00:00'
[2024-10-18T13:36:00.706+0000] {taskinstance.py:731} INFO - ::endgroup::
[2024-10-18T13:36:00.765+0000] {subprocess.py:63} INFO - Tmp dir root location: /tmp
[2024-10-18T13:36:00.766+0000] {subprocess.py:75} INFO - Running command: ['/usr/bin/bash', '-c', 'echo Hello world, this is my second task and will run after task one ']
[2024-10-18T13:36:00.801+0000] {subprocess.py:86} INFO - Output:
[2024-10-18T13:36:00.806+0000] {subprocess.py:93} INFO - Hello world, this is my second task and will run after task one
[2024-10-18T13:36:00.810+0000] {subprocess.py:97} INFO - Command exited with return code 0
[2024-10-18T13:36:00.961+0000] {taskinstance.py:340} INFO - ::group::Post task execution logs
[2024-10-18T13:36:00.966+0000] {taskinstance.py:352} INFO - Marking task as SUCCESS. dag_id=our_first_dag_v4, task_id=this_is_2nd_task, run_id=scheduled__2024-05-10T00:00:00+00:00, execution_date=20240510T000000, start_date=20241018T133559, end_date=20241018T133600
[2024-10-18T13:36:01.045+0000] {local_task_job_runner.py:266} INFO - Task exited with return code 0
[2024-10-18T13:36:01.262+0000] {taskinstance.py:3900} INFO - 0 downstream tasks scheduled from follow-on schedule check
[2024-10-18T13:36:01.294+0000] {local_task_job_runner.py:245} INFO - ::endgroup::
