[2024-10-18T11:16:31.401+0000] {local_task_job_runner.py:123} INFO - ::group::Pre task execution logs
[2024-10-18T11:16:31.431+0000] {taskinstance.py:2612} INFO - Dependencies all met for dep_context=non-requeueable deps ti=<TaskInstance: example_bash_operator.runme_0 scheduled__2024-10-17T00:00:00+00:00 [queued]>
[2024-10-18T11:16:31.446+0000] {taskinstance.py:2612} INFO - Dependencies all met for dep_context=requeueable deps ti=<TaskInstance: example_bash_operator.runme_0 scheduled__2024-10-17T00:00:00+00:00 [queued]>
[2024-10-18T11:16:31.450+0000] {taskinstance.py:2865} INFO - Starting attempt 1 of 1
[2024-10-18T11:16:31.473+0000] {taskinstance.py:2888} INFO - Executing <Task(BashOperator): runme_0> on 2024-10-17 00:00:00+00:00
[2024-10-18T11:16:31.485+0000] {standard_task_runner.py:104} INFO - Running: ['***', 'tasks', 'run', 'example_bash_operator', 'runme_0', 'scheduled__2024-10-17T00:00:00+00:00', '--job-id', '5', '--raw', '--subdir', '/home/***/.local/lib/python3.12/site-packages/***/example_dags/example_bash_operator.py', '--cfg-path', '/tmp/tmpu682rj_g']
[2024-10-18T11:16:31.495+0000] {logging_mixin.py:190} WARNING - /home/***/.local/lib/python3.12/site-packages/***/task/task_runner/standard_task_runner.py:70 DeprecationWarning: This process (pid=11673) is multi-threaded, use of fork() may lead to deadlocks in the child.
[2024-10-18T11:16:31.497+0000] {standard_task_runner.py:105} INFO - Job 5: Subtask runme_0
[2024-10-18T11:16:31.498+0000] {standard_task_runner.py:72} INFO - Started process 11678 to run task
[2024-10-18T11:16:31.611+0000] {task_command.py:467} INFO - Running <TaskInstance: example_bash_operator.runme_0 scheduled__2024-10-17T00:00:00+00:00 [running]> on host c2844c525d2a
[2024-10-18T11:16:31.779+0000] {taskinstance.py:3131} INFO - Exporting env vars: AIRFLOW_CTX_DAG_OWNER='***' AIRFLOW_CTX_DAG_ID='example_bash_operator' AIRFLOW_CTX_TASK_ID='runme_0' AIRFLOW_CTX_EXECUTION_DATE='2024-10-17T00:00:00+00:00' AIRFLOW_CTX_TRY_NUMBER='1' AIRFLOW_CTX_DAG_RUN_ID='scheduled__2024-10-17T00:00:00+00:00'
[2024-10-18T11:16:31.783+0000] {logging_mixin.py:190} INFO - Task instance is in running state
[2024-10-18T11:16:31.784+0000] {logging_mixin.py:190} INFO -  Previous state of the Task instance: queued
[2024-10-18T11:16:31.785+0000] {logging_mixin.py:190} INFO - Current task name:runme_0 state:running start_date:2024-10-18 11:16:31.432479+00:00
[2024-10-18T11:16:31.788+0000] {logging_mixin.py:190} INFO - Dag name:example_bash_operator and current dag run status:running
[2024-10-18T11:16:31.789+0000] {taskinstance.py:731} INFO - ::endgroup::
[2024-10-18T11:16:31.792+0000] {subprocess.py:63} INFO - Tmp dir root location: /tmp
[2024-10-18T11:16:31.797+0000] {subprocess.py:75} INFO - Running command: ['/usr/bin/bash', '-c', 'echo "example_bash_operator__runme_0__20241017" && sleep 1']
[2024-10-18T11:16:31.829+0000] {subprocess.py:86} INFO - Output:
[2024-10-18T11:16:31.831+0000] {subprocess.py:93} INFO - example_bash_operator__runme_0__20241017
[2024-10-18T11:16:32.836+0000] {subprocess.py:97} INFO - Command exited with return code 0
[2024-10-18T11:16:33.120+0000] {taskinstance.py:340} INFO - ::group::Post task execution logs
[2024-10-18T11:16:33.124+0000] {taskinstance.py:352} INFO - Marking task as SUCCESS. dag_id=example_bash_operator, task_id=runme_0, run_id=scheduled__2024-10-17T00:00:00+00:00, execution_date=20241017T000000, start_date=20241018T111631, end_date=20241018T111633
[2024-10-18T11:16:33.173+0000] {logging_mixin.py:190} INFO - Task instance in success state
[2024-10-18T11:16:33.181+0000] {logging_mixin.py:190} INFO -  Previous state of the Task instance: running
[2024-10-18T11:16:33.182+0000] {logging_mixin.py:190} INFO - Dag name:example_bash_operator queued_at:2024-10-18 11:16:30.450458+00:00
[2024-10-18T11:16:33.185+0000] {logging_mixin.py:190} INFO - Task hostname:c2844c525d2a operator:BashOperator
[2024-10-18T11:16:33.273+0000] {local_task_job_runner.py:266} INFO - Task exited with return code 0
[2024-10-18T11:16:33.352+0000] {local_task_job_runner.py:245} INFO - ::endgroup::
