[2024-10-18T13:37:02.713+0000] {local_task_job_runner.py:123} INFO - ::group::Pre task execution logs
[2024-10-18T13:37:02.877+0000] {taskinstance.py:2612} INFO - Dependencies all met for dep_context=non-requeueable deps ti=<TaskInstance: our_first_dag_v4.this_is_2nd_task scheduled__2024-07-20T00:00:00+00:00 [queued]>
[2024-10-18T13:37:02.927+0000] {taskinstance.py:2612} INFO - Dependencies all met for dep_context=requeueable deps ti=<TaskInstance: our_first_dag_v4.this_is_2nd_task scheduled__2024-07-20T00:00:00+00:00 [queued]>
[2024-10-18T13:37:02.928+0000] {taskinstance.py:2865} INFO - Starting attempt 1 of 2
[2024-10-18T13:37:03.020+0000] {taskinstance.py:2888} INFO - Executing <Task(BashOperator): this_is_2nd_task> on 2024-07-20 00:00:00+00:00
[2024-10-18T13:37:03.049+0000] {logging_mixin.py:190} WARNING - /home/***/.local/lib/python3.12/site-packages/***/task/task_runner/standard_task_runner.py:70 DeprecationWarning: This process (pid=18475) is multi-threaded, use of fork() may lead to deadlocks in the child.
[2024-10-18T13:37:03.055+0000] {standard_task_runner.py:72} INFO - Started process 18494 to run task
[2024-10-18T13:37:03.059+0000] {standard_task_runner.py:104} INFO - Running: ['***', 'tasks', 'run', 'our_first_dag_v4', 'this_is_2nd_task', 'scheduled__2024-07-20T00:00:00+00:00', '--job-id', '5769', '--raw', '--subdir', 'DAGS_FOLDER/our_first_dag.py', '--cfg-path', '/tmp/tmpcg6pe77o']
[2024-10-18T13:37:03.073+0000] {standard_task_runner.py:105} INFO - Job 5769: Subtask this_is_2nd_task
[2024-10-18T13:37:03.292+0000] {task_command.py:467} INFO - Running <TaskInstance: our_first_dag_v4.this_is_2nd_task scheduled__2024-07-20T00:00:00+00:00 [running]> on host ad4831ffc3d7
[2024-10-18T13:37:03.607+0000] {taskinstance.py:3131} INFO - Exporting env vars: AIRFLOW_CTX_DAG_OWNER='sourabh' AIRFLOW_CTX_DAG_ID='our_first_dag_v4' AIRFLOW_CTX_TASK_ID='this_is_2nd_task' AIRFLOW_CTX_EXECUTION_DATE='2024-07-20T00:00:00+00:00' AIRFLOW_CTX_TRY_NUMBER='1' AIRFLOW_CTX_DAG_RUN_ID='scheduled__2024-07-20T00:00:00+00:00'
[2024-10-18T13:37:03.613+0000] {taskinstance.py:731} INFO - ::endgroup::
[2024-10-18T13:37:03.658+0000] {subprocess.py:63} INFO - Tmp dir root location: /tmp
[2024-10-18T13:37:03.665+0000] {subprocess.py:75} INFO - Running command: ['/usr/bin/bash', '-c', 'echo Hello world, this is my second task and will run after task one ']
[2024-10-18T13:37:03.693+0000] {subprocess.py:86} INFO - Output:
[2024-10-18T13:37:03.694+0000] {subprocess.py:93} INFO - Hello world, this is my second task and will run after task one
[2024-10-18T13:37:03.699+0000] {subprocess.py:97} INFO - Command exited with return code 0
[2024-10-18T13:37:03.752+0000] {taskinstance.py:340} INFO - ::group::Post task execution logs
[2024-10-18T13:37:03.753+0000] {taskinstance.py:352} INFO - Marking task as SUCCESS. dag_id=our_first_dag_v4, task_id=this_is_2nd_task, run_id=scheduled__2024-07-20T00:00:00+00:00, execution_date=20240720T000000, start_date=20241018T133702, end_date=20241018T133703
[2024-10-18T13:37:03.812+0000] {local_task_job_runner.py:266} INFO - Task exited with return code 0
[2024-10-18T13:37:03.921+0000] {local_task_job_runner.py:245} INFO - ::endgroup::
