[2024-10-18T13:31:10.294+0000] {local_task_job_runner.py:123} INFO - ::group::Pre task execution logs
[2024-10-18T13:31:10.389+0000] {taskinstance.py:2612} INFO - Dependencies all met for dep_context=non-requeueable deps ti=<TaskInstance: our_first_dag_v4.this_is_3rd_task scheduled__2023-05-22T00:00:00+00:00 [queued]>
[2024-10-18T13:31:10.445+0000] {taskinstance.py:2612} INFO - Dependencies all met for dep_context=requeueable deps ti=<TaskInstance: our_first_dag_v4.this_is_3rd_task scheduled__2023-05-22T00:00:00+00:00 [queued]>
[2024-10-18T13:31:10.447+0000] {taskinstance.py:2865} INFO - Starting attempt 1 of 2
[2024-10-18T13:31:10.573+0000] {taskinstance.py:2888} INFO - Executing <Task(BashOperator): this_is_3rd_task> on 2023-05-22 00:00:00+00:00
[2024-10-18T13:31:10.623+0000] {logging_mixin.py:190} WARNING - /home/***/.local/lib/python3.12/site-packages/***/task/task_runner/standard_task_runner.py:70 DeprecationWarning: This process (pid=13277) is multi-threaded, use of fork() may lead to deadlocks in the child.
[2024-10-18T13:31:10.679+0000] {standard_task_runner.py:72} INFO - Started process 13299 to run task
[2024-10-18T13:31:10.620+0000] {standard_task_runner.py:104} INFO - Running: ['***', 'tasks', 'run', 'our_first_dag_v4', 'this_is_3rd_task', 'scheduled__2023-05-22T00:00:00+00:00', '--job-id', '4499', '--raw', '--subdir', 'DAGS_FOLDER/our_first_dag.py', '--cfg-path', '/tmp/tmp0yfer5d4']
[2024-10-18T13:31:10.697+0000] {standard_task_runner.py:105} INFO - Job 4499: Subtask this_is_3rd_task
[2024-10-18T13:31:10.929+0000] {task_command.py:467} INFO - Running <TaskInstance: our_first_dag_v4.this_is_3rd_task scheduled__2023-05-22T00:00:00+00:00 [running]> on host ad4831ffc3d7
[2024-10-18T13:31:11.423+0000] {taskinstance.py:3131} INFO - Exporting env vars: AIRFLOW_CTX_DAG_OWNER='sourabh' AIRFLOW_CTX_DAG_ID='our_first_dag_v4' AIRFLOW_CTX_TASK_ID='this_is_3rd_task' AIRFLOW_CTX_EXECUTION_DATE='2023-05-22T00:00:00+00:00' AIRFLOW_CTX_TRY_NUMBER='1' AIRFLOW_CTX_DAG_RUN_ID='scheduled__2023-05-22T00:00:00+00:00'
[2024-10-18T13:31:11.429+0000] {taskinstance.py:731} INFO - ::endgroup::
[2024-10-18T13:31:11.488+0000] {subprocess.py:63} INFO - Tmp dir root location: /tmp
[2024-10-18T13:31:11.489+0000] {subprocess.py:75} INFO - Running command: ['/usr/bin/bash', '-c', 'echo Hello world, this is my third task and will run after task1 and at same time task2']
[2024-10-18T13:31:11.527+0000] {subprocess.py:86} INFO - Output:
[2024-10-18T13:31:11.534+0000] {subprocess.py:93} INFO - Hello world, this is my third task and will run after task1 and at same time task2
[2024-10-18T13:31:11.535+0000] {subprocess.py:97} INFO - Command exited with return code 0
[2024-10-18T13:31:11.643+0000] {taskinstance.py:340} INFO - ::group::Post task execution logs
[2024-10-18T13:31:11.653+0000] {taskinstance.py:352} INFO - Marking task as SUCCESS. dag_id=our_first_dag_v4, task_id=this_is_3rd_task, run_id=scheduled__2023-05-22T00:00:00+00:00, execution_date=20230522T000000, start_date=20241018T133110, end_date=20241018T133111
[2024-10-18T13:31:11.737+0000] {local_task_job_runner.py:266} INFO - Task exited with return code 0
[2024-10-18T13:31:11.810+0000] {taskinstance.py:3900} INFO - 0 downstream tasks scheduled from follow-on schedule check
[2024-10-18T13:31:11.818+0000] {local_task_job_runner.py:245} INFO - ::endgroup::
