[2024-10-18T11:16:31.424+0000] {local_task_job_runner.py:123} INFO - ::group::Pre task execution logs
[2024-10-18T11:16:31.456+0000] {taskinstance.py:2612} INFO - Dependencies all met for dep_context=non-requeueable deps ti=<TaskInstance: example_bash_operator.runme_1 scheduled__2024-10-17T00:00:00+00:00 [queued]>
[2024-10-18T11:16:31.472+0000] {taskinstance.py:2612} INFO - Dependencies all met for dep_context=requeueable deps ti=<TaskInstance: example_bash_operator.runme_1 scheduled__2024-10-17T00:00:00+00:00 [queued]>
[2024-10-18T11:16:31.474+0000] {taskinstance.py:2865} INFO - Starting attempt 1 of 1
[2024-10-18T11:16:31.499+0000] {taskinstance.py:2888} INFO - Executing <Task(BashOperator): runme_1> on 2024-10-17 00:00:00+00:00
[2024-10-18T11:16:31.519+0000] {standard_task_runner.py:104} INFO - Running: ['***', 'tasks', 'run', 'example_bash_operator', 'runme_1', 'scheduled__2024-10-17T00:00:00+00:00', '--job-id', '9', '--raw', '--subdir', '/home/***/.local/lib/python3.12/site-packages/***/example_dags/example_bash_operator.py', '--cfg-path', '/tmp/tmpv3exr8zn']
[2024-10-18T11:16:31.525+0000] {standard_task_runner.py:105} INFO - Job 9: Subtask runme_1
[2024-10-18T11:16:31.528+0000] {logging_mixin.py:190} WARNING - /home/***/.local/lib/python3.12/site-packages/***/task/task_runner/standard_task_runner.py:70 DeprecationWarning: This process (pid=11675) is multi-threaded, use of fork() may lead to deadlocks in the child.
[2024-10-18T11:16:31.529+0000] {standard_task_runner.py:72} INFO - Started process 11685 to run task
[2024-10-18T11:16:31.634+0000] {task_command.py:467} INFO - Running <TaskInstance: example_bash_operator.runme_1 scheduled__2024-10-17T00:00:00+00:00 [running]> on host c2844c525d2a
[2024-10-18T11:16:31.810+0000] {taskinstance.py:3131} INFO - Exporting env vars: AIRFLOW_CTX_DAG_OWNER='***' AIRFLOW_CTX_DAG_ID='example_bash_operator' AIRFLOW_CTX_TASK_ID='runme_1' AIRFLOW_CTX_EXECUTION_DATE='2024-10-17T00:00:00+00:00' AIRFLOW_CTX_TRY_NUMBER='1' AIRFLOW_CTX_DAG_RUN_ID='scheduled__2024-10-17T00:00:00+00:00'
[2024-10-18T11:16:31.812+0000] {logging_mixin.py:190} INFO - Task instance is in running state
[2024-10-18T11:16:31.813+0000] {logging_mixin.py:190} INFO -  Previous state of the Task instance: queued
[2024-10-18T11:16:31.814+0000] {logging_mixin.py:190} INFO - Current task name:runme_1 state:running start_date:2024-10-18 11:16:31.457608+00:00
[2024-10-18T11:16:31.815+0000] {logging_mixin.py:190} INFO - Dag name:example_bash_operator and current dag run status:running
[2024-10-18T11:16:31.816+0000] {taskinstance.py:731} INFO - ::endgroup::
[2024-10-18T11:16:31.818+0000] {subprocess.py:63} INFO - Tmp dir root location: /tmp
[2024-10-18T11:16:31.821+0000] {subprocess.py:75} INFO - Running command: ['/usr/bin/bash', '-c', 'echo "example_bash_operator__runme_1__20241017" && sleep 1']
[2024-10-18T11:16:31.844+0000] {subprocess.py:86} INFO - Output:
[2024-10-18T11:16:31.847+0000] {subprocess.py:93} INFO - example_bash_operator__runme_1__20241017
[2024-10-18T11:16:32.850+0000] {subprocess.py:97} INFO - Command exited with return code 0
[2024-10-18T11:16:33.068+0000] {taskinstance.py:340} INFO - ::group::Post task execution logs
[2024-10-18T11:16:33.077+0000] {taskinstance.py:352} INFO - Marking task as SUCCESS. dag_id=example_bash_operator, task_id=runme_1, run_id=scheduled__2024-10-17T00:00:00+00:00, execution_date=20241017T000000, start_date=20241018T111631, end_date=20241018T111633
[2024-10-18T11:16:33.120+0000] {logging_mixin.py:190} INFO - Task instance in success state
[2024-10-18T11:16:33.123+0000] {logging_mixin.py:190} INFO -  Previous state of the Task instance: running
[2024-10-18T11:16:33.126+0000] {logging_mixin.py:190} INFO - Dag name:example_bash_operator queued_at:2024-10-18 11:16:30.450458+00:00
[2024-10-18T11:16:33.128+0000] {logging_mixin.py:190} INFO - Task hostname:c2844c525d2a operator:BashOperator
[2024-10-18T11:16:33.212+0000] {local_task_job_runner.py:266} INFO - Task exited with return code 0
[2024-10-18T11:16:33.367+0000] {taskinstance.py:3900} INFO - 1 downstream tasks scheduled from follow-on schedule check
[2024-10-18T11:16:33.376+0000] {local_task_job_runner.py:245} INFO - ::endgroup::
