[2024-10-18T11:14:13.781+0000] {local_task_job_runner.py:123} INFO - ::group::Pre task execution logs
[2024-10-18T11:14:13.807+0000] {taskinstance.py:2612} INFO - Dependencies all met for dep_context=non-requeueable deps ti=<TaskInstance: consume_1_and_2_with_dataset_expressions.consume_1_and_2_with_dataset_expressions manual__2024-10-18T11:14:11.905065+00:00 [queued]>
[2024-10-18T11:14:13.821+0000] {taskinstance.py:2612} INFO - Dependencies all met for dep_context=requeueable deps ti=<TaskInstance: consume_1_and_2_with_dataset_expressions.consume_1_and_2_with_dataset_expressions manual__2024-10-18T11:14:11.905065+00:00 [queued]>
[2024-10-18T11:14:13.825+0000] {taskinstance.py:2865} INFO - Starting attempt 1 of 1
[2024-10-18T11:14:13.844+0000] {taskinstance.py:2888} INFO - Executing <Task(BashOperator): consume_1_and_2_with_dataset_expressions> on 2024-10-18 11:14:11.905065+00:00
[2024-10-18T11:14:13.855+0000] {standard_task_runner.py:104} INFO - Running: ['***', 'tasks', 'run', 'consume_1_and_2_with_dataset_expressions', 'consume_1_and_2_with_dataset_expressions', 'manual__2024-10-18T11:14:11.905065+00:00', '--job-id', '4', '--raw', '--subdir', '/home/***/.local/lib/python3.12/site-packages/***/example_dags/example_datasets.py', '--cfg-path', '/tmp/tmp4462hz65']
[2024-10-18T11:14:13.858+0000] {standard_task_runner.py:105} INFO - Job 4: Subtask consume_1_and_2_with_dataset_expressions
[2024-10-18T11:14:13.860+0000] {logging_mixin.py:190} WARNING - /home/***/.local/lib/python3.12/site-packages/***/task/task_runner/standard_task_runner.py:70 DeprecationWarning: This process (pid=10330) is multi-threaded, use of fork() may lead to deadlocks in the child.
[2024-10-18T11:14:13.861+0000] {standard_task_runner.py:72} INFO - Started process 10342 to run task
[2024-10-18T11:14:13.917+0000] {task_command.py:467} INFO - Running <TaskInstance: consume_1_and_2_with_dataset_expressions.consume_1_and_2_with_dataset_expressions manual__2024-10-18T11:14:11.905065+00:00 [running]> on host c2844c525d2a
[2024-10-18T11:14:14.014+0000] {taskinstance.py:3131} INFO - Exporting env vars: AIRFLOW_CTX_DAG_OWNER='***' AIRFLOW_CTX_DAG_ID='consume_1_and_2_with_dataset_expressions' AIRFLOW_CTX_TASK_ID='consume_1_and_2_with_dataset_expressions' AIRFLOW_CTX_EXECUTION_DATE='2024-10-18T11:14:11.905065+00:00' AIRFLOW_CTX_TRY_NUMBER='1' AIRFLOW_CTX_DAG_RUN_ID='manual__2024-10-18T11:14:11.905065+00:00'
[2024-10-18T11:14:14.017+0000] {logging_mixin.py:190} INFO - Task instance is in running state
[2024-10-18T11:14:14.018+0000] {logging_mixin.py:190} INFO -  Previous state of the Task instance: queued
[2024-10-18T11:14:14.019+0000] {logging_mixin.py:190} INFO - Current task name:consume_1_and_2_with_dataset_expressions state:running start_date:2024-10-18 11:14:13.808716+00:00
[2024-10-18T11:14:14.019+0000] {logging_mixin.py:190} INFO - Dag name:consume_1_and_2_with_dataset_expressions and current dag run status:running
[2024-10-18T11:14:14.020+0000] {taskinstance.py:731} INFO - ::endgroup::
[2024-10-18T11:14:14.021+0000] {subprocess.py:63} INFO - Tmp dir root location: /tmp
[2024-10-18T11:14:14.023+0000] {subprocess.py:75} INFO - Running command: ['/usr/bin/bash', '-c', 'sleep 5']
[2024-10-18T11:14:14.037+0000] {subprocess.py:86} INFO - Output:
[2024-10-18T11:14:19.042+0000] {subprocess.py:97} INFO - Command exited with return code 0
[2024-10-18T11:14:19.088+0000] {taskinstance.py:340} INFO - ::group::Post task execution logs
[2024-10-18T11:14:19.089+0000] {taskinstance.py:352} INFO - Marking task as SUCCESS. dag_id=consume_1_and_2_with_dataset_expressions, task_id=consume_1_and_2_with_dataset_expressions, run_id=manual__2024-10-18T11:14:11.905065+00:00, execution_date=20241018T111411, start_date=20241018T111413, end_date=20241018T111419
[2024-10-18T11:14:19.112+0000] {logging_mixin.py:190} INFO - Task instance in success state
[2024-10-18T11:14:19.113+0000] {logging_mixin.py:190} INFO -  Previous state of the Task instance: running
[2024-10-18T11:14:19.114+0000] {logging_mixin.py:190} INFO - Dag name:consume_1_and_2_with_dataset_expressions queued_at:2024-10-18 11:14:11.928979+00:00
[2024-10-18T11:14:19.114+0000] {logging_mixin.py:190} INFO - Task hostname:c2844c525d2a operator:BashOperator
[2024-10-18T11:14:19.123+0000] {local_task_job_runner.py:266} INFO - Task exited with return code 0
[2024-10-18T11:14:19.138+0000] {taskinstance.py:3900} INFO - 0 downstream tasks scheduled from follow-on schedule check
[2024-10-18T11:14:19.141+0000] {local_task_job_runner.py:245} INFO - ::endgroup::
