[2024-10-18T13:12:56.570+0000] {local_task_job_runner.py:123} INFO - ::group::Pre task execution logs
[2024-10-18T13:12:56.630+0000] {taskinstance.py:2612} INFO - Dependencies all met for dep_context=non-requeueable deps ti=<TaskInstance: our_first_dag.this_is_1st_task scheduled__2024-07-22T00:00:00+00:00 [queued]>
[2024-10-18T13:12:56.652+0000] {taskinstance.py:2612} INFO - Dependencies all met for dep_context=requeueable deps ti=<TaskInstance: our_first_dag.this_is_1st_task scheduled__2024-07-22T00:00:00+00:00 [queued]>
[2024-10-18T13:12:56.656+0000] {taskinstance.py:2865} INFO - Starting attempt 2 of 2
[2024-10-18T13:12:56.714+0000] {taskinstance.py:2888} INFO - Executing <Task(BashOperator): this_is_1st_task> on 2024-07-22 00:00:00+00:00
[2024-10-18T13:12:56.747+0000] {standard_task_runner.py:104} INFO - Running: ['***', 'tasks', 'run', 'our_first_dag', 'this_is_1st_task', 'scheduled__2024-07-22T00:00:00+00:00', '--job-id', '1138', '--raw', '--subdir', 'DAGS_FOLDER/our_first_dag.py', '--cfg-path', '/tmp/tmp465yw2fm']
[2024-10-18T13:12:56.765+0000] {standard_task_runner.py:105} INFO - Job 1138: Subtask this_is_1st_task
[2024-10-18T13:12:56.798+0000] {logging_mixin.py:190} WARNING - /home/***/.local/lib/python3.12/site-packages/***/task/task_runner/standard_task_runner.py:70 DeprecationWarning: This process (pid=222) is multi-threaded, use of fork() may lead to deadlocks in the child.
[2024-10-18T13:12:56.800+0000] {standard_task_runner.py:72} INFO - Started process 228 to run task
[2024-10-18T13:12:57.333+0000] {task_command.py:467} INFO - Running <TaskInstance: our_first_dag.this_is_1st_task scheduled__2024-07-22T00:00:00+00:00 [running]> on host cde595967714
[2024-10-18T13:12:58.263+0000] {taskinstance.py:3131} INFO - Exporting env vars: AIRFLOW_CTX_DAG_OWNER='sourabh' AIRFLOW_CTX_DAG_ID='our_first_dag' AIRFLOW_CTX_TASK_ID='this_is_1st_task' AIRFLOW_CTX_EXECUTION_DATE='2024-07-22T00:00:00+00:00' AIRFLOW_CTX_TRY_NUMBER='2' AIRFLOW_CTX_DAG_RUN_ID='scheduled__2024-07-22T00:00:00+00:00'
[2024-10-18T13:12:58.271+0000] {taskinstance.py:731} INFO - ::endgroup::
[2024-10-18T13:12:58.428+0000] {subprocess.py:63} INFO - Tmp dir root location: /tmp
[2024-10-18T13:12:58.442+0000] {subprocess.py:75} INFO - Running command: ['/usr/bin/bash', '-c', 'echo Hello world, this is my first task']
[2024-10-18T13:12:58.511+0000] {subprocess.py:86} INFO - Output:
[2024-10-18T13:12:58.541+0000] {subprocess.py:93} INFO - Hello world, this is my first task
[2024-10-18T13:12:58.549+0000] {subprocess.py:97} INFO - Command exited with return code 0
[2024-10-18T13:12:58.664+0000] {taskinstance.py:340} INFO - ::group::Post task execution logs
[2024-10-18T13:12:58.668+0000] {taskinstance.py:352} INFO - Marking task as SUCCESS. dag_id=our_first_dag, task_id=this_is_1st_task, run_id=scheduled__2024-07-22T00:00:00+00:00, execution_date=20240722T000000, start_date=20241018T131256, end_date=20241018T131258
[2024-10-18T13:12:58.762+0000] {local_task_job_runner.py:266} INFO - Task exited with return code 0
[2024-10-18T13:12:58.802+0000] {local_task_job_runner.py:245} INFO - ::endgroup::
