[2024-10-18T13:28:54.449+0000] {local_task_job_runner.py:123} INFO - ::group::Pre task execution logs
[2024-10-18T13:28:54.501+0000] {taskinstance.py:2612} INFO - Dependencies all met for dep_context=non-requeueable deps ti=<TaskInstance: our_first_dag_v4.this_is_2nd_task scheduled__2022-08-22T00:00:00+00:00 [queued]>
[2024-10-18T13:28:54.519+0000] {taskinstance.py:2612} INFO - Dependencies all met for dep_context=requeueable deps ti=<TaskInstance: our_first_dag_v4.this_is_2nd_task scheduled__2022-08-22T00:00:00+00:00 [queued]>
[2024-10-18T13:28:54.520+0000] {taskinstance.py:2865} INFO - Starting attempt 1 of 2
[2024-10-18T13:28:54.572+0000] {taskinstance.py:2888} INFO - Executing <Task(BashOperator): this_is_2nd_task> on 2022-08-22 00:00:00+00:00
[2024-10-18T13:28:54.592+0000] {standard_task_runner.py:104} INFO - Running: ['***', 'tasks', 'run', 'our_first_dag_v4', 'this_is_2nd_task', 'scheduled__2022-08-22T00:00:00+00:00', '--job-id', '3676', '--raw', '--subdir', 'DAGS_FOLDER/our_first_dag.py', '--cfg-path', '/tmp/tmpqdvyyaub']
[2024-10-18T13:28:54.595+0000] {standard_task_runner.py:105} INFO - Job 3676: Subtask this_is_2nd_task
[2024-10-18T13:28:54.605+0000] {logging_mixin.py:190} WARNING - /home/***/.local/lib/python3.12/site-packages/***/task/task_runner/standard_task_runner.py:70 DeprecationWarning: This process (pid=9923) is multi-threaded, use of fork() may lead to deadlocks in the child.
[2024-10-18T13:28:54.607+0000] {standard_task_runner.py:72} INFO - Started process 9950 to run task
[2024-10-18T13:28:54.691+0000] {task_command.py:467} INFO - Running <TaskInstance: our_first_dag_v4.this_is_2nd_task scheduled__2022-08-22T00:00:00+00:00 [running]> on host ad4831ffc3d7
[2024-10-18T13:28:54.830+0000] {taskinstance.py:3131} INFO - Exporting env vars: AIRFLOW_CTX_DAG_OWNER='sourabh' AIRFLOW_CTX_DAG_ID='our_first_dag_v4' AIRFLOW_CTX_TASK_ID='this_is_2nd_task' AIRFLOW_CTX_EXECUTION_DATE='2022-08-22T00:00:00+00:00' AIRFLOW_CTX_TRY_NUMBER='1' AIRFLOW_CTX_DAG_RUN_ID='scheduled__2022-08-22T00:00:00+00:00'
[2024-10-18T13:28:54.834+0000] {taskinstance.py:731} INFO - ::endgroup::
[2024-10-18T13:28:54.849+0000] {subprocess.py:63} INFO - Tmp dir root location: /tmp
[2024-10-18T13:28:54.851+0000] {subprocess.py:75} INFO - Running command: ['/usr/bin/bash', '-c', 'echo Hello world, this is my second task and will run after task one ']
[2024-10-18T13:28:54.876+0000] {subprocess.py:86} INFO - Output:
[2024-10-18T13:28:54.879+0000] {subprocess.py:93} INFO - Hello world, this is my second task and will run after task one
[2024-10-18T13:28:54.883+0000] {subprocess.py:97} INFO - Command exited with return code 0
[2024-10-18T13:28:54.922+0000] {taskinstance.py:340} INFO - ::group::Post task execution logs
[2024-10-18T13:28:54.924+0000] {taskinstance.py:352} INFO - Marking task as SUCCESS. dag_id=our_first_dag_v4, task_id=this_is_2nd_task, run_id=scheduled__2022-08-22T00:00:00+00:00, execution_date=20220822T000000, start_date=20241018T132854, end_date=20241018T132854
[2024-10-18T13:28:54.962+0000] {local_task_job_runner.py:266} INFO - Task exited with return code 0
[2024-10-18T13:28:55.001+0000] {taskinstance.py:3900} INFO - 0 downstream tasks scheduled from follow-on schedule check
[2024-10-18T13:28:55.009+0000] {local_task_job_runner.py:245} INFO - ::endgroup::
