[2024-10-18T13:12:56.649+0000] {local_task_job_runner.py:123} INFO - ::group::Pre task execution logs
[2024-10-18T13:12:56.699+0000] {taskinstance.py:2612} INFO - Dependencies all met for dep_context=non-requeueable deps ti=<TaskInstance: our_first_dag.this_is_1st_task scheduled__2024-07-20T00:00:00+00:00 [queued]>
[2024-10-18T13:12:56.736+0000] {taskinstance.py:2612} INFO - Dependencies all met for dep_context=requeueable deps ti=<TaskInstance: our_first_dag.this_is_1st_task scheduled__2024-07-20T00:00:00+00:00 [queued]>
[2024-10-18T13:12:56.744+0000] {taskinstance.py:2865} INFO - Starting attempt 2 of 2
[2024-10-18T13:12:56.825+0000] {taskinstance.py:2888} INFO - Executing <Task(BashOperator): this_is_1st_task> on 2024-07-20 00:00:00+00:00
[2024-10-18T13:12:56.875+0000] {standard_task_runner.py:104} INFO - Running: ['***', 'tasks', 'run', 'our_first_dag', 'this_is_1st_task', 'scheduled__2024-07-20T00:00:00+00:00', '--job-id', '1140', '--raw', '--subdir', 'DAGS_FOLDER/our_first_dag.py', '--cfg-path', '/tmp/tmp1dsr7lj3']
[2024-10-18T13:12:56.896+0000] {logging_mixin.py:190} WARNING - /home/***/.local/lib/python3.12/site-packages/***/task/task_runner/standard_task_runner.py:70 DeprecationWarning: This process (pid=217) is multi-threaded, use of fork() may lead to deadlocks in the child.
[2024-10-18T13:12:56.906+0000] {standard_task_runner.py:105} INFO - Job 1140: Subtask this_is_1st_task
[2024-10-18T13:12:56.910+0000] {standard_task_runner.py:72} INFO - Started process 242 to run task
[2024-10-18T13:12:57.587+0000] {task_command.py:467} INFO - Running <TaskInstance: our_first_dag.this_is_1st_task scheduled__2024-07-20T00:00:00+00:00 [running]> on host cde595967714
[2024-10-18T13:12:58.256+0000] {taskinstance.py:3131} INFO - Exporting env vars: AIRFLOW_CTX_DAG_OWNER='sourabh' AIRFLOW_CTX_DAG_ID='our_first_dag' AIRFLOW_CTX_TASK_ID='this_is_1st_task' AIRFLOW_CTX_EXECUTION_DATE='2024-07-20T00:00:00+00:00' AIRFLOW_CTX_TRY_NUMBER='2' AIRFLOW_CTX_DAG_RUN_ID='scheduled__2024-07-20T00:00:00+00:00'
[2024-10-18T13:12:58.260+0000] {taskinstance.py:731} INFO - ::endgroup::
[2024-10-18T13:12:58.417+0000] {subprocess.py:63} INFO - Tmp dir root location: /tmp
[2024-10-18T13:12:58.425+0000] {subprocess.py:75} INFO - Running command: ['/usr/bin/bash', '-c', 'echo Hello world, this is my first task']
[2024-10-18T13:12:58.503+0000] {subprocess.py:86} INFO - Output:
[2024-10-18T13:12:58.543+0000] {subprocess.py:93} INFO - Hello world, this is my first task
[2024-10-18T13:12:58.548+0000] {subprocess.py:97} INFO - Command exited with return code 0
[2024-10-18T13:12:58.714+0000] {taskinstance.py:340} INFO - ::group::Post task execution logs
[2024-10-18T13:12:58.721+0000] {taskinstance.py:352} INFO - Marking task as SUCCESS. dag_id=our_first_dag, task_id=this_is_1st_task, run_id=scheduled__2024-07-20T00:00:00+00:00, execution_date=20240720T000000, start_date=20241018T131256, end_date=20241018T131258
[2024-10-18T13:12:58.871+0000] {local_task_job_runner.py:266} INFO - Task exited with return code 0
[2024-10-18T13:12:59.022+0000] {taskinstance.py:3900} INFO - 1 downstream tasks scheduled from follow-on schedule check
[2024-10-18T13:12:59.023+0000] {local_task_job_runner.py:245} INFO - ::endgroup::
