[2024-10-18T13:29:27.765+0000] {local_task_job_runner.py:123} INFO - ::group::Pre task execution logs
[2024-10-18T13:29:27.803+0000] {taskinstance.py:2612} INFO - Dependencies all met for dep_context=non-requeueable deps ti=<TaskInstance: our_first_dag_v4.this_is_3rd_task scheduled__2022-11-08T00:00:00+00:00 [queued]>
[2024-10-18T13:29:27.836+0000] {taskinstance.py:2612} INFO - Dependencies all met for dep_context=requeueable deps ti=<TaskInstance: our_first_dag_v4.this_is_3rd_task scheduled__2022-11-08T00:00:00+00:00 [queued]>
[2024-10-18T13:29:27.844+0000] {taskinstance.py:2865} INFO - Starting attempt 1 of 2
[2024-10-18T13:29:27.929+0000] {taskinstance.py:2888} INFO - Executing <Task(BashOperator): this_is_3rd_task> on 2022-11-08 00:00:00+00:00
[2024-10-18T13:29:27.943+0000] {standard_task_runner.py:104} INFO - Running: ['***', 'tasks', 'run', 'our_first_dag_v4', 'this_is_3rd_task', 'scheduled__2022-11-08T00:00:00+00:00', '--job-id', '3916', '--raw', '--subdir', 'DAGS_FOLDER/our_first_dag.py', '--cfg-path', '/tmp/tmpmvi2_eym']
[2024-10-18T13:29:27.950+0000] {standard_task_runner.py:105} INFO - Job 3916: Subtask this_is_3rd_task
[2024-10-18T13:29:27.952+0000] {logging_mixin.py:190} WARNING - /home/***/.local/lib/python3.12/site-packages/***/task/task_runner/standard_task_runner.py:70 DeprecationWarning: This process (pid=10881) is multi-threaded, use of fork() may lead to deadlocks in the child.
[2024-10-18T13:29:27.956+0000] {standard_task_runner.py:72} INFO - Started process 10917 to run task
[2024-10-18T13:29:28.095+0000] {task_command.py:467} INFO - Running <TaskInstance: our_first_dag_v4.this_is_3rd_task scheduled__2022-11-08T00:00:00+00:00 [running]> on host ad4831ffc3d7
[2024-10-18T13:29:28.229+0000] {taskinstance.py:3131} INFO - Exporting env vars: AIRFLOW_CTX_DAG_OWNER='sourabh' AIRFLOW_CTX_DAG_ID='our_first_dag_v4' AIRFLOW_CTX_TASK_ID='this_is_3rd_task' AIRFLOW_CTX_EXECUTION_DATE='2022-11-08T00:00:00+00:00' AIRFLOW_CTX_TRY_NUMBER='1' AIRFLOW_CTX_DAG_RUN_ID='scheduled__2022-11-08T00:00:00+00:00'
[2024-10-18T13:29:28.234+0000] {taskinstance.py:731} INFO - ::endgroup::
[2024-10-18T13:29:28.273+0000] {subprocess.py:63} INFO - Tmp dir root location: /tmp
[2024-10-18T13:29:28.275+0000] {subprocess.py:75} INFO - Running command: ['/usr/bin/bash', '-c', 'echo Hello world, this is my third task and will run after task1 and at same time task2']
[2024-10-18T13:29:28.297+0000] {subprocess.py:86} INFO - Output:
[2024-10-18T13:29:28.300+0000] {subprocess.py:93} INFO - Hello world, this is my third task and will run after task1 and at same time task2
[2024-10-18T13:29:28.304+0000] {subprocess.py:97} INFO - Command exited with return code 0
[2024-10-18T13:29:28.377+0000] {taskinstance.py:340} INFO - ::group::Post task execution logs
[2024-10-18T13:29:28.378+0000] {taskinstance.py:352} INFO - Marking task as SUCCESS. dag_id=our_first_dag_v4, task_id=this_is_3rd_task, run_id=scheduled__2022-11-08T00:00:00+00:00, execution_date=20221108T000000, start_date=20241018T132927, end_date=20241018T132928
[2024-10-18T13:29:28.484+0000] {local_task_job_runner.py:266} INFO - Task exited with return code 0
[2024-10-18T13:29:28.539+0000] {local_task_job_runner.py:245} INFO - ::endgroup::
