[2024-10-18T13:21:30.346+0000] {local_task_job_runner.py:123} INFO - ::group::Pre task execution logs
[2024-10-18T13:21:30.380+0000] {taskinstance.py:2612} INFO - Dependencies all met for dep_context=non-requeueable deps ti=<TaskInstance: our_first_dag_v3.this_is_3rd_task scheduled__2021-10-08T00:00:00+00:00 [queued]>
[2024-10-18T13:21:30.391+0000] {taskinstance.py:2612} INFO - Dependencies all met for dep_context=requeueable deps ti=<TaskInstance: our_first_dag_v3.this_is_3rd_task scheduled__2021-10-08T00:00:00+00:00 [queued]>
[2024-10-18T13:21:30.392+0000] {taskinstance.py:2865} INFO - Starting attempt 1 of 2
[2024-10-18T13:21:30.407+0000] {taskinstance.py:2888} INFO - Executing <Task(BashOperator): this_is_3rd_task> on 2021-10-08 00:00:00+00:00
[2024-10-18T13:21:30.414+0000] {logging_mixin.py:190} WARNING - /home/***/.local/lib/python3.12/site-packages/***/task/task_runner/standard_task_runner.py:70 DeprecationWarning: This process (pid=1033) is multi-threaded, use of fork() may lead to deadlocks in the child.
[2024-10-18T13:21:30.415+0000] {standard_task_runner.py:72} INFO - Started process 1045 to run task
[2024-10-18T13:21:30.419+0000] {standard_task_runner.py:104} INFO - Running: ['***', 'tasks', 'run', 'our_first_dag_v3', 'this_is_3rd_task', 'scheduled__2021-10-08T00:00:00+00:00', '--job-id', '1526', '--raw', '--subdir', 'DAGS_FOLDER/our_first_dag.py', '--cfg-path', '/tmp/tmpp7owbtwz']
[2024-10-18T13:21:30.421+0000] {standard_task_runner.py:105} INFO - Job 1526: Subtask this_is_3rd_task
[2024-10-18T13:21:30.472+0000] {task_command.py:467} INFO - Running <TaskInstance: our_first_dag_v3.this_is_3rd_task scheduled__2021-10-08T00:00:00+00:00 [running]> on host ad4831ffc3d7
[2024-10-18T13:21:30.577+0000] {taskinstance.py:3131} INFO - Exporting env vars: AIRFLOW_CTX_DAG_OWNER='sourabh' AIRFLOW_CTX_DAG_ID='our_first_dag_v3' AIRFLOW_CTX_TASK_ID='this_is_3rd_task' AIRFLOW_CTX_EXECUTION_DATE='2021-10-08T00:00:00+00:00' AIRFLOW_CTX_TRY_NUMBER='1' AIRFLOW_CTX_DAG_RUN_ID='scheduled__2021-10-08T00:00:00+00:00'
[2024-10-18T13:21:30.578+0000] {taskinstance.py:731} INFO - ::endgroup::
[2024-10-18T13:21:30.619+0000] {subprocess.py:63} INFO - Tmp dir root location: /tmp
[2024-10-18T13:21:30.623+0000] {subprocess.py:75} INFO - Running command: ['/usr/bin/bash', '-c', 'echo Hello world, this is my third task and will run after task1 and at same time task2']
[2024-10-18T13:21:30.653+0000] {subprocess.py:86} INFO - Output:
[2024-10-18T13:21:30.654+0000] {subprocess.py:93} INFO - Hello world, this is my third task and will run after task1 and at same time task2
[2024-10-18T13:21:30.655+0000] {subprocess.py:97} INFO - Command exited with return code 0
[2024-10-18T13:21:30.735+0000] {taskinstance.py:340} INFO - ::group::Post task execution logs
[2024-10-18T13:21:30.736+0000] {taskinstance.py:352} INFO - Marking task as SUCCESS. dag_id=our_first_dag_v3, task_id=this_is_3rd_task, run_id=scheduled__2021-10-08T00:00:00+00:00, execution_date=20211008T000000, start_date=20241018T132130, end_date=20241018T132130
[2024-10-18T13:21:30.806+0000] {local_task_job_runner.py:266} INFO - Task exited with return code 0
[2024-10-18T13:21:30.828+0000] {local_task_job_runner.py:245} INFO - ::endgroup::
