[2024-10-18T13:26:55.986+0000] {local_task_job_runner.py:123} INFO - ::group::Pre task execution logs
[2024-10-18T13:26:55.999+0000] {taskinstance.py:2612} INFO - Dependencies all met for dep_context=non-requeueable deps ti=<TaskInstance: our_first_dag_v4.this_is_1st_task scheduled__2021-11-27T00:00:00+00:00 [queued]>
[2024-10-18T13:26:56.011+0000] {taskinstance.py:2612} INFO - Dependencies all met for dep_context=requeueable deps ti=<TaskInstance: our_first_dag_v4.this_is_1st_task scheduled__2021-11-27T00:00:00+00:00 [queued]>
[2024-10-18T13:26:56.012+0000] {taskinstance.py:2865} INFO - Starting attempt 1 of 2
[2024-10-18T13:26:56.046+0000] {taskinstance.py:2888} INFO - Executing <Task(BashOperator): this_is_1st_task> on 2021-11-27 00:00:00+00:00
[2024-10-18T13:26:56.054+0000] {logging_mixin.py:190} WARNING - /home/***/.local/lib/python3.12/site-packages/***/task/task_runner/standard_task_runner.py:70 DeprecationWarning: This process (pid=6606) is multi-threaded, use of fork() may lead to deadlocks in the child.
[2024-10-18T13:26:56.055+0000] {standard_task_runner.py:72} INFO - Started process 6620 to run task
[2024-10-18T13:26:56.055+0000] {standard_task_runner.py:104} INFO - Running: ['***', 'tasks', 'run', 'our_first_dag_v4', 'this_is_1st_task', 'scheduled__2021-11-27T00:00:00+00:00', '--job-id', '2857', '--raw', '--subdir', 'DAGS_FOLDER/our_first_dag.py', '--cfg-path', '/tmp/tmp31aoptjc']
[2024-10-18T13:26:56.057+0000] {standard_task_runner.py:105} INFO - Job 2857: Subtask this_is_1st_task
[2024-10-18T13:26:56.148+0000] {task_command.py:467} INFO - Running <TaskInstance: our_first_dag_v4.this_is_1st_task scheduled__2021-11-27T00:00:00+00:00 [running]> on host ad4831ffc3d7
[2024-10-18T13:26:56.327+0000] {taskinstance.py:3131} INFO - Exporting env vars: AIRFLOW_CTX_DAG_OWNER='sourabh' AIRFLOW_CTX_DAG_ID='our_first_dag_v4' AIRFLOW_CTX_TASK_ID='this_is_1st_task' AIRFLOW_CTX_EXECUTION_DATE='2021-11-27T00:00:00+00:00' AIRFLOW_CTX_TRY_NUMBER='1' AIRFLOW_CTX_DAG_RUN_ID='scheduled__2021-11-27T00:00:00+00:00'
[2024-10-18T13:26:56.334+0000] {taskinstance.py:731} INFO - ::endgroup::
[2024-10-18T13:26:56.376+0000] {subprocess.py:63} INFO - Tmp dir root location: /tmp
[2024-10-18T13:26:56.379+0000] {subprocess.py:75} INFO - Running command: ['/usr/bin/bash', '-c', 'echo Hello world, this is my first task']
[2024-10-18T13:26:56.394+0000] {subprocess.py:86} INFO - Output:
[2024-10-18T13:26:56.396+0000] {subprocess.py:93} INFO - Hello world, this is my first task
[2024-10-18T13:26:56.398+0000] {subprocess.py:97} INFO - Command exited with return code 0
[2024-10-18T13:26:56.459+0000] {taskinstance.py:340} INFO - ::group::Post task execution logs
[2024-10-18T13:26:56.460+0000] {taskinstance.py:352} INFO - Marking task as SUCCESS. dag_id=our_first_dag_v4, task_id=this_is_1st_task, run_id=scheduled__2021-11-27T00:00:00+00:00, execution_date=20211127T000000, start_date=20241018T132656, end_date=20241018T132656
[2024-10-18T13:26:56.496+0000] {local_task_job_runner.py:266} INFO - Task exited with return code 0
[2024-10-18T13:26:56.538+0000] {taskinstance.py:3900} INFO - 2 downstream tasks scheduled from follow-on schedule check
[2024-10-18T13:26:56.547+0000] {local_task_job_runner.py:245} INFO - ::endgroup::
